                                                                                  QUERY PLAN                                                                                  
------------------------------------------------------------------------------------------------------------------------------------------------------------------------------
 Aggregate  (cost=5978619.84..5978619.85 rows=1 width=268) (actual time=51879.225..51879.231 rows=1 loops=1)
   Buffers: shared hit=1325663 read=3825707
   ->  Nested Loop  (cost=2393.34..5978619.81 rows=1 width=81) (actual time=6673.239..51879.130 rows=12 loops=1)
         Buffers: shared hit=1325663 read=3825707
         ->  Nested Loop  (cost=2392.92..5978605.12 rows=2 width=68) (actual time=6550.537..51877.513 rows=76 loops=1)
               Buffers: shared hit=1325458 read=3825608
               ->  Nested Loop  (cost=2392.49..5978384.10 rows=30 width=41) (actual time=6107.550..51842.629 rows=1458 loops=1)
                     Buffers: shared hit=1321970 read=3823264
                     ->  Nested Loop  (cost=2392.07..5975441.64 rows=400 width=41) (actual time=6097.282..51640.896 rows=11449 loops=1)
                           Buffers: shared hit=1276691 read=3822771
                           ->  Hash Join  (cost=2391.64..5883417.43 rows=12512 width=37) (actual time=6097.227..45659.342 rows=346303 loops=1)
                                 Hash Cond: (catalog_sales.cs_sold_date_sk = date_dim.d_date_sk)
                                 Buffers: shared hit=499 read=3715355
                                 ->  Seq Scan on catalog_sales  (cost=0.00..5874397.76 rows=2524821 width=41) (actual time=0.106..45261.139 rows=2625628 loops=1)
                                       Filter: ((cs_wholesale_cost >= '43'::numeric) AND (cs_wholesale_cost <= '48'::numeric))
                                       Rows Removed by Filter: 141366671
                                       Buffers: shared hit=457 read=3713923
                                 ->  Hash  (cost=2387.11..2387.11 rows=362 width=4) (actual time=24.195..24.196 rows=365 loops=1)
                                       Buckets: 1024  Batches: 1  Memory Usage: 21kB
                                       Buffers: shared hit=42 read=1432
                                       ->  Seq Scan on date_dim  (cost=0.00..2387.11 rows=362 width=4) (actual time=14.242..24.119 rows=365 loops=1)
                                             Filter: (d_year = 1999)
                                             Rows Removed by Filter: 72684
                                             Buffers: shared hit=42 read=1432
                           ->  Index Scan using customer_pkey on customer  (cost=0.43..7.35 rows=1 width=12) (actual time=0.017..0.017 rows=0 loops=346303)
                                 Index Cond: (c_customer_sk = catalog_sales.cs_bill_customer_sk)
                                 Filter: (c_birth_month = 6)
                                 Rows Removed by Filter: 1
                                 Buffers: shared hit=1276192 read=107416
                     ->  Index Scan using customer_demographics_pkey on customer_demographics  (cost=0.43..7.36 rows=1 width=8) (actual time=0.017..0.017 rows=0 loops=11449)
                           Index Cond: (cd_demo_sk = catalog_sales.cs_bill_cdemo_sk)
                           Filter: ((cd_gender = 'M'::bpchar) AND (cd_education_status = '4 yr Degree'::bpchar))
                           Rows Removed by Filter: 1
                           Buffers: shared hit=45279 read=493
               ->  Index Scan using customer_address_pkey on customer_address  (cost=0.42..7.37 rows=1 width=35) (actual time=0.023..0.023 rows=0 loops=1458)
                     Index Cond: (ca_address_sk = customer.c_current_addr_sk)
                     Filter: (ca_state = ANY ('{FL,MN,NC}'::bpchar[]))
                     Rows Removed by Filter: 1
                     Buffers: shared hit=3488 read=2344
         ->  Index Scan using item_pkey on item  (cost=0.42..7.34 rows=1 width=21) (actual time=0.020..0.020 rows=0 loops=76)
               Index Cond: (i_item_sk = catalog_sales.cs_item_sk)
               Filter: (i_category = 'Children'::bpchar)
               Rows Removed by Filter: 1
               Buffers: shared hit=205 read=99
 Planning:
   Buffers: shared hit=454
 Planning Time: 4.218 ms
 Execution Time: 51879.671 ms
(48 rows)

