                                                                              QUERY PLAN                                                                               
-----------------------------------------------------------------------------------------------------------------------------------------------------------------------
 Aggregate  (cost=6003470.06..6003470.07 rows=1 width=268) (actual time=45659.550..45659.555 rows=1 loops=1)
   Buffers: shared hit=549735 read=3710668
   ->  Nested Loop  (cost=17326.55..6003470.03 rows=1 width=81) (actual time=19355.070..45659.378 rows=25 loops=1)
         Buffers: shared hit=549735 read=3710668
         ->  Nested Loop  (cost=17326.12..6003425.70 rows=6 width=54) (actual time=19145.317..45652.861 rows=342 loops=1)
               Buffers: shared hit=549001 read=3710034
               ->  Nested Loop  (cost=17325.69..6002807.81 rows=84 width=54) (actual time=19120.445..45629.661 rows=1809 loops=1)
                     Buffers: shared hit=541929 read=3709878
                     ->  Nested Loop  (cost=17325.27..5957711.66 rows=6132 width=50) (actual time=19114.664..44344.434 rows=129341 loops=1)
                           Buffers: shared hit=51019 read=3684128
                           ->  Hash Join  (cost=17324.96..5911492.70 rows=1237379 width=54) (actual time=144.869..44044.685 rows=946499 loops=1)
                                 Hash Cond: (catalog_sales.cs_item_sk = item.i_item_sk)
                                 Buffers: shared hit=44608 read=3684128
                                 ->  Seq Scan on catalog_sales  (cost=0.00..5874397.76 rows=7531262 width=41) (actual time=0.065..42321.596 rows=7518631 loops=1)
                                       Filter: ((cs_wholesale_cost >= '82'::numeric) AND (cs_wholesale_cost <= '87'::numeric))
                                       Rows Removed by Filter: 136473668
                                       Buffers: shared hit=44599 read=3669781
                                 ->  Hash  (cost=16906.00..16906.00 rows=33517 width=21) (actual time=144.241..144.242 rows=33627 loops=1)
                                       Buckets: 65536  Batches: 1  Memory Usage: 2351kB
                                       Buffers: shared hit=9 read=14347
                                       ->  Seq Scan on item  (cost=0.00..16906.00 rows=33517 width=21) (actual time=0.058..135.891 rows=33627 loops=1)
                                             Filter: (i_category = 'Shoes'::bpchar)
                                             Rows Removed by Filter: 170373
                                             Buffers: shared hit=9 read=14347
                           ->  Memoize  (cost=0.30..7.22 rows=1 width=4) (actual time=0.000..0.000 rows=0 loops=946499)
                                 Cache Key: catalog_sales.cs_sold_date_sk
                                 Cache Mode: logical
                                 Hits: 944361  Misses: 2138  Evictions: 0  Overflows: 0  Memory Usage: 155kB
                                 Buffers: shared hit=6411
                                 ->  Index Scan using date_dim_pkey on date_dim  (cost=0.29..7.21 rows=1 width=4) (actual time=0.012..0.012 rows=0 loops=2138)
                                       Index Cond: (d_date_sk = catalog_sales.cs_sold_date_sk)
                                       Filter: (d_year = 2001)
                                       Rows Removed by Filter: 1
                                       Buffers: shared hit=6411
                     ->  Index Scan using customer_pkey on customer  (cost=0.43..7.35 rows=1 width=12) (actual time=0.010..0.010 rows=0 loops=129341)
                           Index Cond: (c_customer_sk = catalog_sales.cs_bill_customer_sk)
                           Filter: (c_birth_month = 5)
                           Rows Removed by Filter: 1
                           Buffers: shared hit=490910 read=25750
               ->  Index Scan using customer_demographics_pkey on customer_demographics  (cost=0.43..7.36 rows=1 width=8) (actual time=0.012..0.012 rows=0 loops=1809)
                     Index Cond: (cd_demo_sk = catalog_sales.cs_bill_cdemo_sk)
                     Filter: ((cd_gender = 'M'::bpchar) AND (cd_education_status = '2 yr Degree'::bpchar))
                     Rows Removed by Filter: 1
                     Buffers: shared hit=7072 read=156
         ->  Index Scan using customer_address_pkey on customer_address  (cost=0.42..7.39 rows=1 width=35) (actual time=0.018..0.018 rows=0 loops=342)
               Index Cond: (ca_address_sk = customer.c_current_addr_sk)
               Filter: (ca_state = ANY ('{CO,IN,NC}'::bpchar[]))
               Rows Removed by Filter: 1
               Buffers: shared hit=734 read=634
 Planning:
   Buffers: shared hit=407 read=47
 Planning Time: 5.178 ms
 Execution Time: 45660.237 ms
(53 rows)

