                                                                               QUERY PLAN                                                                               
------------------------------------------------------------------------------------------------------------------------------------------------------------------------
 Aggregate  (cost=6042315.73..6042315.74 rows=1 width=268) (actual time=53808.397..53808.402 rows=1 loops=1)
   Buffers: shared hit=1125821 read=3733034
   ->  Nested Loop  (cost=17220.72..6042315.56 rows=6 width=81) (actual time=6594.116..53808.020 rows=61 loops=1)
         Buffers: shared hit=1125821 read=3733034
         ->  Nested Loop  (cost=17220.30..6042035.94 rows=38 width=54) (actual time=6586.854..53783.862 rows=1173 loops=1)
               Buffers: shared hit=1123273 read=3730890
               ->  Nested Loop  (cost=17219.87..6038027.02 rows=545 width=54) (actual time=6586.015..53515.146 rows=17614 loops=1)
                     Buffers: shared hit=1057398 read=3726357
                     ->  Nested Loop  (cost=17219.44..5980326.78 rows=7846 width=50) (actual time=6585.511..49715.520 rows=262506 loops=1)
                           Buffers: shared hit=46030 read=3689117
                           ->  Hash Join  (cost=17219.14..5925461.48 rows=1583236 width=54) (actual time=125.599..49048.254 rows=2282257 loops=1)
                                 Hash Cond: (catalog_sales.cs_item_sk = item.i_item_sk)
                                 Buffers: shared hit=39619 read=3689117
                                 ->  Seq Scan on catalog_sales  (cost=0.00..5874397.76 rows=12892906 width=41) (actual time=0.056..46308.871 rows=12722112 loops=1)
                                       Filter: ((cs_wholesale_cost >= '36'::numeric) AND (cs_wholesale_cost <= '41'::numeric))
                                       Rows Removed by Filter: 131270187
                                       Buffers: shared hit=25264 read=3689116
                                 ->  Hash  (cost=16906.00..16906.00 rows=25051 width=21) (actual time=125.242..125.243 rows=24688 loops=1)
                                       Buckets: 32768  Batches: 1  Memory Usage: 1607kB
                                       Buffers: shared hit=14355 read=1
                                       ->  Seq Scan on item  (cost=0.00..16906.00 rows=25051 width=21) (actual time=0.026..120.127 rows=24688 loops=1)
                                             Filter: (i_category = 'Books'::bpchar)
                                             Rows Removed by Filter: 179312
                                             Buffers: shared hit=14355 read=1
                           ->  Memoize  (cost=0.30..7.22 rows=1 width=4) (actual time=0.000..0.000 rows=0 loops=2282257)
                                 Cache Key: catalog_sales.cs_sold_date_sk
                                 Cache Mode: logical
                                 Hits: 2280119  Misses: 2138  Evictions: 0  Overflows: 0  Memory Usage: 155kB
                                 Buffers: shared hit=6411
                                 ->  Index Scan using date_dim_pkey on date_dim  (cost=0.29..7.21 rows=1 width=4) (actual time=0.015..0.015 rows=0 loops=2138)
                                       Index Cond: (d_date_sk = catalog_sales.cs_sold_date_sk)
                                       Filter: (d_year = 1999)
                                       Rows Removed by Filter: 1
                                       Buffers: shared hit=6411
                     ->  Index Scan using customer_pkey on customer  (cost=0.43..7.35 rows=1 width=12) (actual time=0.014..0.014 rows=0 loops=262506)
                           Index Cond: (c_customer_sk = catalog_sales.cs_bill_customer_sk)
                           Filter: (c_birth_month = 12)
                           Rows Removed by Filter: 1
                           Buffers: shared hit=1011368 read=37240
               ->  Index Scan using customer_demographics_pkey on customer_demographics  (cost=0.43..7.36 rows=1 width=8) (actual time=0.015..0.015 rows=0 loops=17614)
                     Index Cond: (cd_demo_sk = catalog_sales.cs_bill_cdemo_sk)
                     Filter: ((cd_gender = 'F'::bpchar) AND (cd_education_status = '2 yr Degree'::bpchar))
                     Rows Removed by Filter: 1
                     Buffers: shared hit=65875 read=4533
         ->  Index Scan using customer_address_pkey on customer_address  (cost=0.42..7.36 rows=1 width=35) (actual time=0.020..0.020 rows=0 loops=1173)
               Index Cond: (ca_address_sk = customer.c_current_addr_sk)
               Filter: (ca_state = ANY ('{IA,KY,TX}'::bpchar[]))
               Rows Removed by Filter: 1
               Buffers: shared hit=2548 read=2144
 Planning:
   Buffers: shared hit=454
 Planning Time: 4.553 ms
 Execution Time: 53809.073 ms
(53 rows)

