                                                                                  QUERY PLAN                                                                                  
------------------------------------------------------------------------------------------------------------------------------------------------------------------------------
 Aggregate  (cost=5935263.65..5935263.66 rows=1 width=268) (actual time=44084.022..44084.027 rows=1 loops=1)
   Buffers: shared hit=259055 read=3728152
   ->  Nested Loop  (cost=17119.15..5935263.62 rows=1 width=81) (actual time=273.577..44083.675 rows=50 loops=1)
         Buffers: shared hit=259055 read=3728152
         ->  Nested Loop  (cost=17118.72..5935175.35 rows=12 width=54) (actual time=139.761..44068.473 rows=920 loops=1)
               Buffers: shared hit=257104 read=3726423
               ->  Nested Loop  (cost=17118.29..5934417.83 rows=103 width=50) (actual time=136.248..43966.227 rows=7900 loops=1)
                     Buffers: shared hit=226559 read=3725388
                     ->  Nested Loop  (cost=17117.87..5923604.47 rows=1470 width=50) (actual time=135.728..43368.368 rows=54262 loops=1)
                           Buffers: shared hit=33314 read=3701833
                           ->  Hash Join  (cost=17117.56..5900902.60 rows=296688 width=54) (actual time=135.677..43158.923 rows=616505 loops=1)
                                 Hash Cond: (catalog_sales.cs_item_sk = item.i_item_sk)
                                 Buffers: shared hit=26903 read=3701833
                                 ->  Seq Scan on catalog_sales  (cost=0.00..5874397.76 rows=3576029 width=41) (actual time=0.100..42190.380 rows=3595775 loops=1)
                                       Filter: ((cs_wholesale_cost >= '77'::numeric) AND (cs_wholesale_cost <= '82'::numeric))
                                       Rows Removed by Filter: 140396524
                                       Buffers: shared hit=26897 read=3687483
                                 ->  Hash  (cost=16906.00..16906.00 rows=16925 width=21) (actual time=135.271..135.272 rows=17141 loops=1)
                                       Buckets: 32768  Batches: 1  Memory Usage: 1194kB
                                       Buffers: shared hit=6 read=14350
                                       ->  Seq Scan on item  (cost=0.00..16906.00 rows=16925 width=21) (actual time=0.032..130.803 rows=17141 loops=1)
                                             Filter: (i_category = 'Home'::bpchar)
                                             Rows Removed by Filter: 186859
                                             Buffers: shared hit=6 read=14350
                           ->  Memoize  (cost=0.30..7.22 rows=1 width=4) (actual time=0.000..0.000 rows=0 loops=616505)
                                 Cache Key: catalog_sales.cs_sold_date_sk
                                 Cache Mode: logical
                                 Hits: 614367  Misses: 2138  Evictions: 0  Overflows: 0  Memory Usage: 155kB
                                 Buffers: shared hit=6411
                                 ->  Index Scan using date_dim_pkey on date_dim  (cost=0.29..7.21 rows=1 width=4) (actual time=0.012..0.012 rows=0 loops=2138)
                                       Index Cond: (d_date_sk = catalog_sales.cs_sold_date_sk)
                                       Filter: (d_year = 1998)
                                       Rows Removed by Filter: 1
                                       Buffers: shared hit=6411
                     ->  Index Scan using customer_demographics_pkey on customer_demographics  (cost=0.43..7.36 rows=1 width=8) (actual time=0.011..0.011 rows=0 loops=54262)
                           Index Cond: (cd_demo_sk = catalog_sales.cs_bill_cdemo_sk)
                           Filter: ((cd_gender = 'M'::bpchar) AND (cd_education_status = 'Unknown'::bpchar))
                           Rows Removed by Filter: 1
                           Buffers: shared hit=193245 read=23555
               ->  Index Scan using customer_pkey on customer  (cost=0.43..7.35 rows=1 width=12) (actual time=0.013..0.013 rows=0 loops=7900)
                     Index Cond: (c_customer_sk = catalog_sales.cs_bill_customer_sk)
                     Filter: (c_birth_month = 8)
                     Rows Removed by Filter: 1
                     Buffers: shared hit=30545 read=1035
         ->  Index Scan using customer_address_pkey on customer_address  (cost=0.42..7.36 rows=1 width=35) (actual time=0.016..0.016 rows=0 loops=920)
               Index Cond: (ca_address_sk = customer.c_current_addr_sk)
               Filter: (ca_state = ANY ('{KS,NE,VA}'::bpchar[]))
               Rows Removed by Filter: 1
               Buffers: shared hit=1951 read=1729
 Planning:
   Buffers: shared hit=407 read=47
 Planning Time: 4.777 ms
 Execution Time: 44084.639 ms
(53 rows)

