                                                                                     QUERY PLAN                                                                                      
-------------------------------------------------------------------------------------------------------------------------------------------------------------------------------------
 Aggregate  (cost=5982452.33..5982452.34 rows=1 width=268) (actual time=52921.159..52921.163 rows=1 loops=1)
   Buffers: shared hit=1771320 read=3689470
   ->  Nested Loop  (cost=2393.34..5982452.30 rows=1 width=81) (actual time=13183.642..52921.097 rows=8 loops=1)
         Buffers: shared hit=1771320 read=3689470
         ->  Nested Loop  (cost=2392.92..5982408.23 rows=6 width=68) (actual time=12030.644..52919.227 rows=81 loops=1)
               Buffers: shared hit=1771024 read=3689442
               ->  Nested Loop  (cost=2392.49..5981871.15 rows=73 width=41) (actual time=11881.248..52882.694 rows=1510 loops=1)
                     Buffers: shared hit=1767526 read=3686900
                     ->  Nested Loop  (cost=2392.07..5975457.70 rows=872 width=37) (actual time=11874.549..52515.134 rows=18618 loops=1)
                           Buffers: shared hit=1701778 read=3678224
                           ->  Hash Join  (cost=2391.64..5883417.43 rows=12512 width=37) (actual time=11873.813..45590.473 rows=416567 loops=1)
                                 Hash Cond: (catalog_sales.cs_sold_date_sk = date_dim.d_date_sk)
                                 Buffers: shared hit=51655 read=3664199
                                 ->  Seq Scan on catalog_sales  (cost=0.00..5874397.76 rows=2524821 width=41) (actual time=0.141..45174.764 rows=2625628 loops=1)
                                       Filter: ((cs_wholesale_cost >= '44'::numeric) AND (cs_wholesale_cost <= '49'::numeric))
                                       Rows Removed by Filter: 141366671
                                       Buffers: shared hit=51613 read=3662767
                                 ->  Hash  (cost=2387.11..2387.11 rows=362 width=4) (actual time=22.025..22.026 rows=366 loops=1)
                                       Buckets: 1024  Batches: 1  Memory Usage: 21kB
                                       Buffers: shared hit=42 read=1432
                                       ->  Seq Scan on date_dim  (cost=0.00..2387.11 rows=362 width=4) (actual time=12.331..21.959 rows=366 loops=1)
                                             Filter: (d_year = 2000)
                                             Rows Removed by Filter: 72683
                                             Buffers: shared hit=42 read=1432
                           ->  Index Scan using customer_demographics_pkey on customer_demographics  (cost=0.43..7.36 rows=1 width=8) (actual time=0.016..0.016 rows=0 loops=416567)
                                 Index Cond: (cd_demo_sk = catalog_sales.cs_bill_cdemo_sk)
                                 Filter: ((cd_gender = 'F'::bpchar) AND (cd_education_status = 'Unknown'::bpchar))
                                 Rows Removed by Filter: 1
                                 Buffers: shared hit=1650123 read=14025
                     ->  Index Scan using customer_pkey on customer  (cost=0.43..7.35 rows=1 width=12) (actual time=0.019..0.019 rows=0 loops=18618)
                           Index Cond: (c_customer_sk = catalog_sales.cs_bill_customer_sk)
                           Filter: (c_birth_month = 11)
                           Rows Removed by Filter: 1
                           Buffers: shared hit=65748 read=8676
               ->  Index Scan using customer_address_pkey on customer_address  (cost=0.42..7.36 rows=1 width=35) (actual time=0.024..0.024 rows=0 loops=1510)
                     Index Cond: (ca_address_sk = customer.c_current_addr_sk)
                     Filter: (ca_state = ANY ('{CO,OR,VA}'::bpchar[]))
                     Rows Removed by Filter: 1
                     Buffers: shared hit=3498 read=2542
         ->  Index Scan using item_pkey on item  (cost=0.42..7.34 rows=1 width=21) (actual time=0.022..0.022 rows=0 loops=81)
               Index Cond: (i_item_sk = catalog_sales.cs_item_sk)
               Filter: (i_category = 'Children'::bpchar)
               Rows Removed by Filter: 1
               Buffers: shared hit=296 read=28
 Planning:
   Buffers: shared hit=408 read=46
 Planning Time: 5.287 ms
 Execution Time: 52921.677 ms
(48 rows)

