                                                                                  QUERY PLAN                                                                                  
------------------------------------------------------------------------------------------------------------------------------------------------------------------------------
 Aggregate  (cost=5924130.13..5924130.14 rows=1 width=268) (actual time=46053.243..46053.249 rows=1 loops=1)
   Buffers: shared hit=133875 read=3662128
   ->  Nested Loop  (cost=17019.78..5924130.10 rows=1 width=81) (actual time=28053.970..46053.187 rows=8 loops=1)
         Buffers: shared hit=133875 read=3662128
         ->  Nested Loop  (cost=17019.36..5924071.27 rows=8 width=54) (actual time=27125.758..46050.608 rows=127 loops=1)
               Buffers: shared hit=133610 read=3661885
               ->  Nested Loop  (cost=17018.93..5923710.89 rows=49 width=50) (actual time=27121.826..46040.529 rows=754 loops=1)
                     Buffers: shared hit=130847 read=3661632
                     ->  Nested Loop  (cost=17018.50..5918591.07 rows=696 width=50) (actual time=27105.458..45858.019 rows=14349 loops=1)
                           Buffers: shared hit=81200 read=3653947
                           ->  Hash Join  (cost=17018.20..5899795.21 rows=140449 width=54) (actual time=107.926..45785.604 rows=69958 loops=1)
                                 Hash Cond: (catalog_sales.cs_item_sk = item.i_item_sk)
                                 Buffers: shared hit=74792 read=3653944
                                 ->  Seq Scan on catalog_sales  (cost=0.00..5874397.76 rows=3192026 width=41) (actual time=0.030..45054.316 rows=3238451 loops=1)
                                       Filter: ((cs_wholesale_cost >= '29'::numeric) AND (cs_wholesale_cost <= '34'::numeric))
                                       Rows Removed by Filter: 140753848
                                       Buffers: shared hit=60923 read=3653457
                                 ->  Hash  (cost=16906.00..16906.00 rows=8976 width=21) (actual time=107.773..107.774 rows=8826 loops=1)
                                       Buckets: 16384  Batches: 1  Memory Usage: 611kB
                                       Buffers: shared hit=13869 read=487
                                       ->  Seq Scan on item  (cost=0.00..16906.00 rows=8976 width=21) (actual time=0.010..105.765 rows=8826 loops=1)
                                             Filter: (i_category = 'Jewelry'::bpchar)
                                             Rows Removed by Filter: 195174
                                             Buffers: shared hit=13869 read=487
                           ->  Memoize  (cost=0.30..7.22 rows=1 width=4) (actual time=0.001..0.001 rows=0 loops=69958)
                                 Cache Key: catalog_sales.cs_sold_date_sk
                                 Cache Mode: logical
                                 Hits: 67820  Misses: 2138  Evictions: 0  Overflows: 0  Memory Usage: 155kB
                                 Buffers: shared hit=6408 read=3
                                 ->  Index Scan using date_dim_pkey on date_dim  (cost=0.29..7.21 rows=1 width=4) (actual time=0.015..0.015 rows=0 loops=2138)
                                       Index Cond: (d_date_sk = catalog_sales.cs_sold_date_sk)
                                       Filter: (d_year = 2002)
                                       Rows Removed by Filter: 1
                                       Buffers: shared hit=6408 read=3
                     ->  Index Scan using customer_demographics_pkey on customer_demographics  (cost=0.43..7.36 rows=1 width=8) (actual time=0.012..0.012 rows=0 loops=14349)
                           Index Cond: (cd_demo_sk = catalog_sales.cs_bill_cdemo_sk)
                           Filter: ((cd_gender = 'M'::bpchar) AND (cd_education_status = 'Advanced Degree'::bpchar))
                           Rows Removed by Filter: 1
                           Buffers: shared hit=49647 read=7685
               ->  Index Scan using customer_pkey on customer  (cost=0.43..7.35 rows=1 width=12) (actual time=0.013..0.013 rows=0 loops=754)
                     Index Cond: (c_customer_sk = catalog_sales.cs_bill_customer_sk)
                     Filter: (c_birth_month = 4)
                     Rows Removed by Filter: 1
                     Buffers: shared hit=2763 read=253
         ->  Index Scan using customer_address_pkey on customer_address  (cost=0.42..7.35 rows=1 width=35) (actual time=0.019..0.019 rows=0 loops=127)
               Index Cond: (ca_address_sk = customer.c_current_addr_sk)
               Filter: (ca_state = ANY ('{KS,LA,OR}'::bpchar[]))
               Rows Removed by Filter: 1
               Buffers: shared hit=265 read=243
 Planning:
   Buffers: shared hit=453 read=1
 Planning Time: 3.150 ms
 Execution Time: 46053.589 ms
(53 rows)

