                                                                            QUERY PLAN                                                                            
------------------------------------------------------------------------------------------------------------------------------------------------------------------
 Aggregate  (cost=5935717.17..5935717.18 rows=1 width=268) (actual time=42091.903..42091.908 rows=1 loops=1)
   Buffers: shared hit=147859 read=3668076
   ->  Nested Loop  (cost=17019.78..5935717.14 rows=1 width=81) (actual time=13616.221..42091.884 rows=2 loops=1)
         Buffers: shared hit=147859 read=3668076
         ->  Nested Loop  (cost=17019.36..5935687.72 rows=4 width=81) (actual time=11562.984..42091.125 rows=47 loops=1)
               Buffers: shared hit=147695 read=3668052
               ->  Nested Loop  (cost=17018.93..5935194.59 rows=67 width=54) (actual time=11405.755..42063.417 rows=1086 loops=1)
                     Buffers: shared hit=145489 read=3665914
                     ->  Nested Loop  (cost=17018.50..5926619.40 rows=1166 width=50) (actual time=11405.240..41832.229 rows=19090 loops=1)
                           Buffers: shared hit=70322 read=3664825
                           ->  Hash Join  (cost=17018.20..5905452.76 rows=235279 width=54) (actual time=120.545..41755.023 rows=119705 loops=1)
                                 Hash Cond: (catalog_sales.cs_item_sk = item.i_item_sk)
                                 Buffers: shared hit=63911 read=3664825
                                 ->  Seq Scan on catalog_sales  (cost=0.00..5874397.76 rows=5347244 width=41) (actual time=0.039..40662.297 rows=5484290 loops=1)
                                       Filter: ((cs_wholesale_cost >= '100'::numeric) AND (cs_wholesale_cost <= '105'::numeric))
                                       Rows Removed by Filter: 138508009
                                       Buffers: shared hit=49560 read=3664820
                                 ->  Hash  (cost=16906.00..16906.00 rows=8976 width=21) (actual time=120.221..120.222 rows=8826 loops=1)
                                       Buckets: 16384  Batches: 1  Memory Usage: 611kB
                                       Buffers: shared hit=14351 read=5
                                       ->  Seq Scan on item  (cost=0.00..16906.00 rows=8976 width=21) (actual time=0.013..118.078 rows=8826 loops=1)
                                             Filter: (i_category = 'Jewelry'::bpchar)
                                             Rows Removed by Filter: 195174
                                             Buffers: shared hit=14351 read=5
                           ->  Memoize  (cost=0.30..7.22 rows=1 width=4) (actual time=0.000..0.000 rows=0 loops=119705)
                                 Cache Key: catalog_sales.cs_sold_date_sk
                                 Cache Mode: logical
                                 Hits: 117567  Misses: 2138  Evictions: 0  Overflows: 0  Memory Usage: 155kB
                                 Buffers: shared hit=6411
                                 ->  Index Scan using date_dim_pkey on date_dim  (cost=0.29..7.21 rows=1 width=4) (actual time=0.012..0.012 rows=0 loops=2138)
                                       Index Cond: (d_date_sk = catalog_sales.cs_sold_date_sk)
                                       Filter: (d_year = 2000)
                                       Rows Removed by Filter: 1
                                       Buffers: shared hit=6411
                     ->  Index Scan using customer_pkey on customer  (cost=0.43..7.35 rows=1 width=12) (actual time=0.012..0.012 rows=0 loops=19090)
                           Index Cond: (c_customer_sk = catalog_sales.cs_bill_customer_sk)
                           Filter: (c_birth_month = 3)
                           Rows Removed by Filter: 1
                           Buffers: shared hit=75167 read=1089
               ->  Index Scan using customer_address_pkey on customer_address  (cost=0.42..7.36 rows=1 width=35) (actual time=0.025..0.025 rows=0 loops=1086)
                     Index Cond: (ca_address_sk = customer.c_current_addr_sk)
                     Filter: (ca_state = ANY ('{CO,IN,WA}'::bpchar[]))
                     Rows Removed by Filter: 1
                     Buffers: shared hit=2206 read=2138
         ->  Index Scan using customer_demographics_pkey on customer_demographics  (cost=0.43..7.36 rows=1 width=8) (actual time=0.015..0.015 rows=0 loops=47)
               Index Cond: (cd_demo_sk = catalog_sales.cs_bill_cdemo_sk)
               Filter: ((cd_gender = 'M'::bpchar) AND (cd_education_status = 'Secondary'::bpchar))
               Rows Removed by Filter: 1
               Buffers: shared hit=164 read=24
 Planning:
   Buffers: shared hit=454
 Planning Time: 4.178 ms
 Execution Time: 42092.469 ms
(53 rows)

