                                                                              QUERY PLAN                                                                               
-----------------------------------------------------------------------------------------------------------------------------------------------------------------------
 Aggregate  (cost=5992606.01..5992606.02 rows=1 width=268) (actual time=49432.435..49432.440 rows=1 loops=1)
   Buffers: shared hit=472243 read=3686496
   ->  Nested Loop  (cost=17045.03..5992605.96 rows=2 width=81) (actual time=269.934..49432.218 rows=33 loops=1)
         Buffers: shared hit=472243 read=3686496
         ->  Nested Loop  (cost=17044.61..5992466.15 rows=19 width=54) (actual time=125.707..49412.483 rows=702 loops=1)
               Buffers: shared hit=470806 read=3685125
               ->  Nested Loop  (cost=17044.18..5990538.93 rows=262 width=54) (actual time=120.528..49330.120 rows=6604 loops=1)
                     Buffers: shared hit=449762 read=3679757
                     ->  Nested Loop  (cost=17043.75..5962806.69 rows=3771 width=50) (actual time=119.621..48344.200 rows=98739 loops=1)
                           Buffers: shared hit=61563 read=3673584
                           ->  Hash Join  (cost=17043.45..5928498.88 rows=760929 width=54) (actual time=119.595..48068.122 rows=846315 loops=1)
                                 Hash Cond: (catalog_sales.cs_item_sk = item.i_item_sk)
                                 Buffers: shared hit=55152 read=3673584
                                 ->  Seq Scan on catalog_sales  (cost=0.00..5874397.76 rows=14116916 width=41) (actual time=0.038..45775.268 rows=14129630 loops=1)
                                       Filter: ((cs_wholesale_cost >= '12'::numeric) AND (cs_wholesale_cost <= '17'::numeric))
                                       Rows Removed by Filter: 129862669
                                       Buffers: shared hit=40797 read=3673583
                                 ->  Hash  (cost=16906.00..16906.00 rows=10996 width=21) (actual time=119.441..119.442 rows=11037 loops=1)
                                       Buckets: 16384  Batches: 1  Memory Usage: 732kB
                                       Buffers: shared hit=14355 read=1
                                       ->  Seq Scan on item  (cost=0.00..16906.00 rows=10996 width=21) (actual time=0.035..117.070 rows=11037 loops=1)
                                             Filter: (i_category = 'Women'::bpchar)
                                             Rows Removed by Filter: 192963
                                             Buffers: shared hit=14355 read=1
                           ->  Memoize  (cost=0.30..7.22 rows=1 width=4) (actual time=0.000..0.000 rows=0 loops=846315)
                                 Cache Key: catalog_sales.cs_sold_date_sk
                                 Cache Mode: logical
                                 Hits: 844177  Misses: 2138  Evictions: 0  Overflows: 0  Memory Usage: 155kB
                                 Buffers: shared hit=6411
                                 ->  Index Scan using date_dim_pkey on date_dim  (cost=0.29..7.21 rows=1 width=4) (actual time=0.012..0.012 rows=0 loops=2138)
                                       Index Cond: (d_date_sk = catalog_sales.cs_sold_date_sk)
                                       Filter: (d_year = 1998)
                                       Rows Removed by Filter: 1
                                       Buffers: shared hit=6411
                     ->  Index Scan using customer_pkey on customer  (cost=0.43..7.35 rows=1 width=12) (actual time=0.010..0.010 rows=0 loops=98739)
                           Index Cond: (c_customer_sk = catalog_sales.cs_bill_customer_sk)
                           Filter: (c_birth_month = 12)
                           Rows Removed by Filter: 1
                           Buffers: shared hit=388199 read=6173
               ->  Index Scan using customer_demographics_pkey on customer_demographics  (cost=0.43..7.36 rows=1 width=8) (actual time=0.012..0.012 rows=0 loops=6604)
                     Index Cond: (cd_demo_sk = catalog_sales.cs_bill_cdemo_sk)
                     Filter: ((cd_gender = 'M'::bpchar) AND (cd_education_status = 'College'::bpchar))
                     Rows Removed by Filter: 1
                     Buffers: shared hit=21044 read=5368
         ->  Index Scan using customer_address_pkey on customer_address  (cost=0.42..7.36 rows=1 width=35) (actual time=0.027..0.027 rows=0 loops=702)
               Index Cond: (ca_address_sk = customer.c_current_addr_sk)
               Filter: (ca_state = ANY ('{GA,MI,VA}'::bpchar[]))
               Rows Removed by Filter: 1
               Buffers: shared hit=1437 read=1371
 Planning:
   Buffers: shared hit=454
 Planning Time: 4.330 ms
 Execution Time: 49432.915 ms
(53 rows)

