                                                                               QUERY PLAN                                                                               
------------------------------------------------------------------------------------------------------------------------------------------------------------------------
 Aggregate  (cost=6050992.06..6050992.07 rows=1 width=268) (actual time=51833.429..51833.434 rows=1 loops=1)
   Buffers: shared hit=1106359 read=3703988
   ->  Nested Loop  (cost=17326.55..6050992.01 rows=2 width=81) (actual time=6462.408..51832.657 rows=126 loops=1)
         Buffers: shared hit=1106359 read=3703988
         ->  Nested Loop  (cost=17326.12..6050807.91 rows=25 width=54) (actual time=6385.919..51787.042 rows=2063 loops=1)
               Buffers: shared hit=1101895 read=3700200
               ->  Nested Loop  (cost=17325.69..6048174.53 rows=358 width=54) (actual time=6385.891..51620.433 rows=10131 loops=1)
                     Buffers: shared hit=1069484 read=3692095
                     ->  Nested Loop  (cost=17325.27..5981722.63 rows=9036 width=50) (actual time=6385.794..47933.537 rows=256901 loops=1)
                           Buffers: shared hit=56977 read=3678170
                           ->  Hash Join  (cost=17324.96..5920854.76 rows=1823340 width=54) (actual time=137.923..47490.945 rows=1438717 loops=1)
                                 Hash Cond: (catalog_sales.cs_item_sk = item.i_item_sk)
                                 Buffers: shared hit=50566 read=3678170
                                 ->  Seq Scan on catalog_sales  (cost=0.00..5874397.76 rows=11097691 width=41) (actual time=0.054..45098.971 rows=11458169 loops=1)
                                       Filter: ((cs_wholesale_cost >= '57'::numeric) AND (cs_wholesale_cost <= '62'::numeric))
                                       Rows Removed by Filter: 132534130
                                       Buffers: shared hit=36232 read=3678148
                                 ->  Hash  (cost=16906.00..16906.00 rows=33517 width=21) (actual time=137.313..137.313 rows=33627 loops=1)
                                       Buckets: 65536  Batches: 1  Memory Usage: 2351kB
                                       Buffers: shared hit=14334 read=22
                                       ->  Seq Scan on item  (cost=0.00..16906.00 rows=33517 width=21) (actual time=0.031..129.064 rows=33627 loops=1)
                                             Filter: (i_category = 'Shoes'::bpchar)
                                             Rows Removed by Filter: 170373
                                             Buffers: shared hit=14334 read=22
                           ->  Memoize  (cost=0.30..7.22 rows=1 width=4) (actual time=0.000..0.000 rows=0 loops=1438717)
                                 Cache Key: catalog_sales.cs_sold_date_sk
                                 Cache Mode: logical
                                 Hits: 1436579  Misses: 2138  Evictions: 0  Overflows: 0  Memory Usage: 155kB
                                 Buffers: shared hit=6411
                                 ->  Index Scan using date_dim_pkey on date_dim  (cost=0.29..7.21 rows=1 width=4) (actual time=0.013..0.013 rows=0 loops=2138)
                                       Index Cond: (d_date_sk = catalog_sales.cs_sold_date_sk)
                                       Filter: (d_year = 1999)
                                       Rows Removed by Filter: 1
                                       Buffers: shared hit=6411
                     ->  Index Scan using customer_pkey on customer  (cost=0.43..7.35 rows=1 width=12) (actual time=0.014..0.014 rows=0 loops=256901)
                           Index Cond: (c_customer_sk = catalog_sales.cs_bill_customer_sk)
                           Filter: (c_birth_month = 9)
                           Rows Removed by Filter: 1
                           Buffers: shared hit=1012507 read=13925
               ->  Index Scan using customer_demographics_pkey on customer_demographics  (cost=0.43..7.36 rows=1 width=8) (actual time=0.016..0.016 rows=0 loops=10131)
                     Index Cond: (cd_demo_sk = catalog_sales.cs_bill_cdemo_sk)
                     Filter: ((cd_gender = 'M'::bpchar) AND (cd_education_status = '2 yr Degree'::bpchar))
                     Rows Removed by Filter: 1
                     Buffers: shared hit=32411 read=8105
         ->  Index Scan using customer_address_pkey on customer_address  (cost=0.42..7.36 rows=1 width=35) (actual time=0.022..0.022 rows=0 loops=2063)
               Index Cond: (ca_address_sk = customer.c_current_addr_sk)
               Filter: (ca_state = ANY ('{KY,OR,TN}'::bpchar[]))
               Rows Removed by Filter: 1
               Buffers: shared hit=4464 read=3788
 Planning:
   Buffers: shared hit=453 read=1
 Planning Time: 6.065 ms
 Execution Time: 51834.120 ms
(53 rows)

