                                                                              QUERY PLAN                                                                               
-----------------------------------------------------------------------------------------------------------------------------------------------------------------------
 Aggregate  (cost=5964052.10..5964052.11 rows=1 width=268) (actual time=45703.133..45703.138 rows=1 loops=1)
   Buffers: shared hit=213836 read=3682719
   ->  Nested Loop  (cost=17073.85..5964052.08 rows=1 width=81) (actual time=167.773..45703.086 rows=6 loops=1)
         Buffers: shared hit=213836 read=3682719
         ->  Nested Loop  (cost=17073.42..5963993.16 rows=8 width=54) (actual time=167.740..45699.583 rows=172 loops=1)
               Buffers: shared hit=213460 read=3682407
               ->  Nested Loop  (cost=17072.99..5963191.38 rows=109 width=54) (actual time=159.105..45675.330 rows=1636 loops=1)
                     Buffers: shared hit=208280 read=3681055
                     ->  Nested Loop  (cost=17072.57..5942967.34 rows=2750 width=50) (actual time=156.830..45238.907 rows=38594 loops=1)
                           Buffers: shared hit=55887 read=3679260
                           ->  Hash Join  (cost=17072.26..5913810.47 rows=554891 width=54) (actual time=156.785..45113.162 rows=289308 loops=1)
                                 Hash Cond: (catalog_sales.cs_item_sk = item.i_item_sk)
                                 Buffers: shared hit=49476 read=3679260
                                 ->  Seq Scan on catalog_sales  (cost=0.00..5874397.76 rows=8510470 width=41) (actual time=0.097..43446.287 rows=8494738 loops=1)
                                       Filter: ((cs_wholesale_cost >= '68'::numeric) AND (cs_wholesale_cost <= '73'::numeric))
                                       Rows Removed by Filter: 135497561
                                       Buffers: shared hit=49274 read=3665106
                                 ->  Hash  (cost=16906.00..16906.00 rows=13301 width=21) (actual time=155.758..155.759 rows=13933 loops=1)
                                       Buckets: 16384  Batches: 1  Memory Usage: 890kB
                                       Buffers: shared hit=202 read=14154
                                       ->  Seq Scan on item  (cost=0.00..16906.00 rows=13301 width=21) (actual time=0.041..151.490 rows=13933 loops=1)
                                             Filter: (i_category = 'Men'::bpchar)
                                             Rows Removed by Filter: 190067
                                             Buffers: shared hit=202 read=14154
                           ->  Memoize  (cost=0.30..7.22 rows=1 width=4) (actual time=0.000..0.000 rows=0 loops=289308)
                                 Cache Key: catalog_sales.cs_sold_date_sk
                                 Cache Mode: logical
                                 Hits: 287170  Misses: 2138  Evictions: 0  Overflows: 0  Memory Usage: 155kB
                                 Buffers: shared hit=6411
                                 ->  Index Scan using date_dim_pkey on date_dim  (cost=0.29..7.21 rows=1 width=4) (actual time=0.014..0.014 rows=0 loops=2138)
                                       Index Cond: (d_date_sk = catalog_sales.cs_sold_date_sk)
                                       Filter: (d_year = 1998)
                                       Rows Removed by Filter: 1
                                       Buffers: shared hit=6411
                     ->  Index Scan using customer_pkey on customer  (cost=0.43..7.35 rows=1 width=12) (actual time=0.011..0.011 rows=0 loops=38594)
                           Index Cond: (c_customer_sk = catalog_sales.cs_bill_customer_sk)
                           Filter: (c_birth_month = 9)
                           Rows Removed by Filter: 1
                           Buffers: shared hit=152393 read=1795
               ->  Index Scan using customer_demographics_pkey on customer_demographics  (cost=0.43..7.36 rows=1 width=8) (actual time=0.014..0.014 rows=0 loops=1636)
                     Index Cond: (cd_demo_sk = catalog_sales.cs_bill_cdemo_sk)
                     Filter: ((cd_gender = 'M'::bpchar) AND (cd_education_status = 'College'::bpchar))
                     Rows Removed by Filter: 1
                     Buffers: shared hit=5180 read=1352
         ->  Index Scan using customer_address_pkey on customer_address  (cost=0.42..7.36 rows=1 width=35) (actual time=0.019..0.019 rows=0 loops=172)
               Index Cond: (ca_address_sk = customer.c_current_addr_sk)
               Filter: (ca_state = ANY ('{IL,OK,TX}'::bpchar[]))
               Rows Removed by Filter: 1
               Buffers: shared hit=376 read=312
 Planning:
   Buffers: shared hit=407 read=47
 Planning Time: 5.809 ms
 Execution Time: 45703.789 ms
(53 rows)

