                                                                                  QUERY PLAN                                                                                   
-------------------------------------------------------------------------------------------------------------------------------------------------------------------------------
 Aggregate  (cost=6015968.24..6015968.25 rows=1 width=268) (actual time=51962.520..51962.525 rows=1 loops=1)
   Buffers: shared hit=1089527 read=3771079
   ->  Nested Loop  (cost=19633.73..6015967.74 rows=18 width=81) (actual time=6406.548..51960.624 rows=386 loops=1)
         Buffers: shared hit=1089527 read=3771079
         ->  Nested Loop  (cost=19633.31..6015085.24 rows=120 width=54) (actual time=6405.639..51822.088 rows=7835 loops=1)
               Buffers: shared hit=1070421 read=3758845
               ->  Nested Loop  (cost=19632.88..6009812.37 rows=717 width=50) (actual time=6405.116..51206.312 rows=46051 loops=1)
                     Buffers: shared hit=889800 read=3755366
                     ->  Hash Join  (cost=19632.45..5935173.17 rows=10147 width=50) (actual time=6404.855..48266.525 rows=229021 loops=1)
                           Hash Cond: (catalog_sales.cs_item_sk = item.i_item_sk)
                           Buffers: shared hit=34042 read=3696168
                           ->  Hash Join  (cost=2391.64..5917729.49 rows=77284 width=37) (actual time=6304.998..47780.460 rows=2071676 loops=1)
                                 Hash Cond: (catalog_sales.cs_sold_date_sk = date_dim.d_date_sk)
                                 Buffers: shared hit=19704 read=3696150
                                 ->  Seq Scan on catalog_sales  (cost=0.00..5874397.76 rows=15595328 width=41) (actual time=0.729..46170.841 rows=15696054 loops=1)
                                       Filter: ((cs_wholesale_cost >= '27'::numeric) AND (cs_wholesale_cost <= '32'::numeric))
                                       Rows Removed by Filter: 128296245
                                       Buffers: shared hit=19662 read=3694718
                                 ->  Hash  (cost=2387.11..2387.11 rows=362 width=4) (actual time=20.935..20.935 rows=365 loops=1)
                                       Buckets: 1024  Batches: 1  Memory Usage: 21kB
                                       Buffers: shared hit=42 read=1432
                                       ->  Seq Scan on date_dim  (cost=0.00..2387.11 rows=362 width=4) (actual time=13.076..20.884 rows=365 loops=1)
                                             Filter: (d_year = 1999)
                                             Rows Removed by Filter: 72684
                                             Buffers: shared hit=42 read=1432
                           ->  Hash  (cost=16906.00..16906.00 rows=26785 width=21) (actual time=99.688..99.689 rows=26695 loops=1)
                                 Buckets: 32768  Batches: 1  Memory Usage: 1716kB
                                 Buffers: shared hit=14338 read=18
                                 ->  Seq Scan on item  (cost=0.00..16906.00 rows=26785 width=21) (actual time=0.010..95.257 rows=26695 loops=1)
                                       Filter: (i_category = 'Children'::bpchar)
                                       Rows Removed by Filter: 177305
                                       Buffers: shared hit=14338 read=18
                     ->  Index Scan using customer_demographics_pkey on customer_demographics  (cost=0.43..7.36 rows=1 width=8) (actual time=0.013..0.013 rows=0 loops=229021)
                           Index Cond: (cd_demo_sk = catalog_sales.cs_bill_cdemo_sk)
                           Filter: ((cd_gender = 'M'::bpchar) AND (cd_education_status = '2 yr Degree'::bpchar))
                           Rows Removed by Filter: 1
                           Buffers: shared hit=855758 read=59198
               ->  Index Scan using customer_pkey on customer  (cost=0.43..7.35 rows=1 width=12) (actual time=0.013..0.013 rows=0 loops=46051)
                     Index Cond: (c_customer_sk = catalog_sales.cs_bill_customer_sk)
                     Filter: (c_birth_month = 4)
                     Rows Removed by Filter: 1
                     Buffers: shared hit=180621 read=3479
         ->  Index Scan using customer_address_pkey on customer_address  (cost=0.42..7.35 rows=1 width=35) (actual time=0.017..0.017 rows=0 loops=7835)
               Index Cond: (ca_address_sk = customer.c_current_addr_sk)
               Filter: (ca_state = ANY ('{KY,NE,TX}'::bpchar[]))
               Rows Removed by Filter: 1
               Buffers: shared hit=19106 read=12234
 Planning:
   Buffers: shared hit=454
 Planning Time: 4.551 ms
 Execution Time: 51962.989 ms
(51 rows)

