                                                                              QUERY PLAN                                                                               
-----------------------------------------------------------------------------------------------------------------------------------------------------------------------
 Aggregate  (cost=6012972.91..6012972.92 rows=1 width=268) (actual time=50059.041..50059.047 rows=1 loops=1)
   Buffers: shared hit=919558 read=3765252
   ->  Nested Loop  (cost=19633.73..6012972.80 rows=4 width=81) (actual time=6850.776..50058.787 rows=36 loops=1)
         Buffers: shared hit=919558 read=3765252
         ->  Nested Loop  (cost=19633.31..6012759.25 rows=29 width=54) (actual time=6376.530..50042.566 rows=925 loops=1)
               Buffers: shared hit=917285 read=3763825
               ->  Nested Loop  (cost=19632.88..6009794.86 rows=403 width=54) (actual time=6376.501..49928.986 rows=8986 loops=1)
                     Buffers: shared hit=882440 read=3762734
                     ->  Hash Join  (cost=19632.45..5935173.17 rows=10147 width=50) (actual time=6375.834..47294.717 rows=229021 loops=1)
                           Hash Cond: (catalog_sales.cs_item_sk = item.i_item_sk)
                           Buffers: shared hit=24598 read=3705612
                           ->  Hash Join  (cost=2391.64..5917729.49 rows=77284 width=37) (actual time=6271.722..46813.003 rows=2071676 loops=1)
                                 Hash Cond: (catalog_sales.cs_sold_date_sk = date_dim.d_date_sk)
                                 Buffers: shared hit=10242 read=3705612
                                 ->  Seq Scan on catalog_sales  (cost=0.00..5874397.76 rows=15595328 width=41) (actual time=0.041..45224.182 rows=15696054 loops=1)
                                       Filter: ((cs_wholesale_cost >= '23'::numeric) AND (cs_wholesale_cost <= '28'::numeric))
                                       Rows Removed by Filter: 128296245
                                       Buffers: shared hit=10200 read=3704180
                                 ->  Hash  (cost=2387.11..2387.11 rows=362 width=4) (actual time=26.150..26.151 rows=365 loops=1)
                                       Buckets: 1024  Batches: 1  Memory Usage: 21kB
                                       Buffers: shared hit=42 read=1432
                                       ->  Seq Scan on date_dim  (cost=0.00..2387.11 rows=362 width=4) (actual time=14.113..26.088 rows=365 loops=1)
                                             Filter: (d_year = 1999)
                                             Rows Removed by Filter: 72684
                                             Buffers: shared hit=42 read=1432
                           ->  Hash  (cost=16906.00..16906.00 rows=26785 width=21) (actual time=103.939..103.939 rows=26695 loops=1)
                                 Buckets: 32768  Batches: 1  Memory Usage: 1716kB
                                 Buffers: shared hit=14356
                                 ->  Seq Scan on item  (cost=0.00..16906.00 rows=26785 width=21) (actual time=0.013..99.509 rows=26695 loops=1)
                                       Filter: (i_category = 'Children'::bpchar)
                                       Rows Removed by Filter: 177305
                                       Buffers: shared hit=14356
                     ->  Index Scan using customer_pkey on customer  (cost=0.43..7.35 rows=1 width=12) (actual time=0.011..0.011 rows=0 loops=229021)
                           Index Cond: (c_customer_sk = catalog_sales.cs_bill_customer_sk)
                           Filter: (c_birth_month = 9)
                           Rows Removed by Filter: 1
                           Buffers: shared hit=857842 read=57122
               ->  Index Scan using customer_demographics_pkey on customer_demographics  (cost=0.43..7.36 rows=1 width=8) (actual time=0.012..0.012 rows=0 loops=8986)
                     Index Cond: (cd_demo_sk = catalog_sales.cs_bill_cdemo_sk)
                     Filter: ((cd_gender = 'M'::bpchar) AND (cd_education_status = 'College'::bpchar))
                     Rows Removed by Filter: 1
                     Buffers: shared hit=34845 read=1091
         ->  Index Scan using customer_address_pkey on customer_address  (cost=0.42..7.36 rows=1 width=35) (actual time=0.017..0.017 rows=0 loops=925)
               Index Cond: (ca_address_sk = customer.c_current_addr_sk)
               Filter: (ca_state = ANY ('{IN,LA,TX}'::bpchar[]))
               Rows Removed by Filter: 1
               Buffers: shared hit=2273 read=1427
 Planning:
   Buffers: shared hit=454
 Planning Time: 3.625 ms
 Execution Time: 50059.447 ms
(51 rows)

