                                                                                  QUERY PLAN                                                                                   
-------------------------------------------------------------------------------------------------------------------------------------------------------------------------------
 Aggregate  (cost=6046623.06..6046623.07 rows=1 width=268) (actual time=48366.732..48366.737 rows=1 loops=1)
   Buffers: shared hit=939020 read=3746099
   ->  Nested Loop  (cost=17326.55..6046622.84 rows=8 width=81) (actual time=12446.747..48366.473 rows=36 loops=1)
         Buffers: shared hit=939020 read=3746099
         ->  Nested Loop  (cost=17326.12..6046254.97 rows=50 width=54) (actual time=12102.025..48349.558 rows=844 loops=1)
               Buffers: shared hit=937215 read=3744528
               ->  Nested Loop  (cost=17325.69..6041835.13 rows=601 width=50) (actual time=12091.464..48193.391 rows=10001 loops=1)
                     Buffers: shared hit=898543 read=3743212
                     ->  Nested Loop  (cost=17325.27..5978361.73 rows=8629 width=50) (actual time=12091.201..45488.247 rows=226930 loops=1)
                           Buffers: shared hit=20635 read=3714512
                           ->  Hash Join  (cost=17324.96..5919544.33 rows=1741321 width=54) (actual time=152.851..45068.975 rows=1296677 loops=1)
                                 Hash Cond: (catalog_sales.cs_item_sk = item.i_item_sk)
                                 Buffers: shared hit=14224 read=3714512
                                 ->  Seq Scan on catalog_sales  (cost=0.00..5874397.76 rows=10598487 width=41) (actual time=0.070..42837.807 rows=10312840 loops=1)
                                       Filter: ((cs_wholesale_cost >= '88'::numeric) AND (cs_wholesale_cost <= '93'::numeric))
                                       Rows Removed by Filter: 133679459
                                       Buffers: shared hit=14220 read=3700160
                                 ->  Hash  (cost=16906.00..16906.00 rows=33517 width=21) (actual time=152.219..152.219 rows=33627 loops=1)
                                       Buckets: 65536  Batches: 1  Memory Usage: 2351kB
                                       Buffers: shared hit=4 read=14352
                                       ->  Seq Scan on item  (cost=0.00..16906.00 rows=33517 width=21) (actual time=0.056..143.659 rows=33627 loops=1)
                                             Filter: (i_category = 'Shoes'::bpchar)
                                             Rows Removed by Filter: 170373
                                             Buffers: shared hit=4 read=14352
                           ->  Memoize  (cost=0.30..7.22 rows=1 width=4) (actual time=0.000..0.000 rows=0 loops=1296677)
                                 Cache Key: catalog_sales.cs_sold_date_sk
                                 Cache Mode: logical
                                 Hits: 1294539  Misses: 2138  Evictions: 0  Overflows: 0  Memory Usage: 155kB
                                 Buffers: shared hit=6411
                                 ->  Index Scan using date_dim_pkey on date_dim  (cost=0.29..7.21 rows=1 width=4) (actual time=0.016..0.016 rows=0 loops=2138)
                                       Index Cond: (d_date_sk = catalog_sales.cs_sold_date_sk)
                                       Filter: (d_year = 2000)
                                       Rows Removed by Filter: 1
                                       Buffers: shared hit=6411
                     ->  Index Scan using customer_demographics_pkey on customer_demographics  (cost=0.43..7.36 rows=1 width=8) (actual time=0.012..0.012 rows=0 loops=226930)
                           Index Cond: (cd_demo_sk = catalog_sales.cs_bill_cdemo_sk)
                           Filter: ((cd_gender = 'F'::bpchar) AND (cd_education_status = 'Unknown'::bpchar))
                           Rows Removed by Filter: 1
                           Buffers: shared hit=877908 read=28700
               ->  Index Scan using customer_pkey on customer  (cost=0.43..7.35 rows=1 width=12) (actual time=0.015..0.015 rows=0 loops=10001)
                     Index Cond: (c_customer_sk = catalog_sales.cs_bill_customer_sk)
                     Filter: (c_birth_month = 11)
                     Rows Removed by Filter: 1
                     Buffers: shared hit=38672 read=1316
         ->  Index Scan using customer_address_pkey on customer_address  (cost=0.42..7.36 rows=1 width=35) (actual time=0.019..0.019 rows=0 loops=844)
               Index Cond: (ca_address_sk = customer.c_current_addr_sk)
               Filter: (ca_state = ANY ('{GA,KY,TX}'::bpchar[]))
               Rows Removed by Filter: 1
               Buffers: shared hit=1805 read=1571
 Planning:
   Buffers: shared hit=406 read=48
 Planning Time: 5.140 ms
 Execution Time: 48367.396 ms
(53 rows)

