                                                                              QUERY PLAN                                                                              
----------------------------------------------------------------------------------------------------------------------------------------------------------------------
 Aggregate  (cost=5926864.24..5926864.25 rows=1 width=268) (actual time=42259.761..42259.766 rows=1 loops=1)
   Buffers: shared hit=129437 read=3648594
   ->  Nested Loop  (cost=16954.16..5926864.21 rows=1 width=81) (actual time=27134.162..42259.706 rows=7 loops=1)
         Buffers: shared hit=129437 read=3648594
         ->  Nested Loop  (cost=16953.73..5926849.48 rows=2 width=54) (actual time=25172.900..42257.871 rows=86 loops=1)
               Buffers: shared hit=129253 read=3648434
               ->  Nested Loop  (cost=16953.31..5926672.94 rows=24 width=54) (actual time=25105.399..42250.688 rows=480 loops=1)
                     Buffers: shared hit=127353 read=3648414
                     ->  Nested Loop  (cost=16952.88..5923113.43 rows=484 width=50) (actual time=25034.133..42105.493 rows=10168 loops=1)
                           Buffers: shared hit=94925 read=3640222
                           ->  Hash Join  (cost=16952.58..5905387.14 rows=97666 width=54) (actual time=109.599..42045.378 rows=49548 loops=1)
                                 Hash Cond: (catalog_sales.cs_item_sk = item.i_item_sk)
                                 Buffers: shared hit=88514 read=3640222
                                 ->  Seq Scan on catalog_sales  (cost=0.00..5874397.76 rows=5347244 width=41) (actual time=0.379..41034.618 rows=5484290 loops=1)
                                       Filter: ((cs_wholesale_cost >= '95'::numeric) AND (cs_wholesale_cost <= '100'::numeric))
                                       Rows Removed by Filter: 138508009
                                       Buffers: shared hit=74158 read=3640222
                                 ->  Hash  (cost=16906.00..16906.00 rows=3726 width=21) (actual time=108.676..108.677 rows=3713 loops=1)
                                       Buckets: 4096  Batches: 1  Memory Usage: 236kB
                                       Buffers: shared hit=14356
                                       ->  Seq Scan on item  (cost=0.00..16906.00 rows=3726 width=21) (actual time=0.061..107.729 rows=3713 loops=1)
                                             Filter: (i_category = 'Music'::bpchar)
                                             Rows Removed by Filter: 200287
                                             Buffers: shared hit=14356
                           ->  Memoize  (cost=0.30..7.22 rows=1 width=4) (actual time=0.001..0.001 rows=0 loops=49548)
                                 Cache Key: catalog_sales.cs_sold_date_sk
                                 Cache Mode: logical
                                 Hits: 47410  Misses: 2138  Evictions: 0  Overflows: 0  Memory Usage: 155kB
                                 Buffers: shared hit=6411
                                 ->  Index Scan using date_dim_pkey on date_dim  (cost=0.29..7.21 rows=1 width=4) (actual time=0.012..0.012 rows=0 loops=2138)
                                       Index Cond: (d_date_sk = catalog_sales.cs_sold_date_sk)
                                       Filter: (d_year = 2002)
                                       Rows Removed by Filter: 1
                                       Buffers: shared hit=6411
                     ->  Index Scan using customer_pkey on customer  (cost=0.43..7.35 rows=1 width=12) (actual time=0.014..0.014 rows=0 loops=10168)
                           Index Cond: (c_customer_sk = catalog_sales.cs_bill_customer_sk)
                           Filter: (c_birth_month = 7)
                           Rows Removed by Filter: 1
                           Buffers: shared hit=32428 read=8192
               ->  Index Scan using customer_demographics_pkey on customer_demographics  (cost=0.43..7.36 rows=1 width=8) (actual time=0.014..0.014 rows=0 loops=480)
                     Index Cond: (cd_demo_sk = catalog_sales.cs_bill_cdemo_sk)
                     Filter: ((cd_gender = 'M'::bpchar) AND (cd_education_status = '2 yr Degree'::bpchar))
                     Rows Removed by Filter: 1
                     Buffers: shared hit=1900 read=20
         ->  Index Scan using customer_address_pkey on customer_address  (cost=0.42..7.36 rows=1 width=35) (actual time=0.020..0.020 rows=0 loops=86)
               Index Cond: (ca_address_sk = customer.c_current_addr_sk)
               Filter: (ca_state = ANY ('{KY,NJ,TX}'::bpchar[]))
               Rows Removed by Filter: 1
               Buffers: shared hit=184 read=160
 Planning:
   Buffers: shared hit=454
 Planning Time: 6.318 ms
 Execution Time: 42260.541 ms
(53 rows)

