                                                                                  QUERY PLAN                                                                                  
------------------------------------------------------------------------------------------------------------------------------------------------------------------------------
 Aggregate  (cost=5930988.72..5930988.73 rows=1 width=268) (actual time=45606.458..45606.464 rows=1 loops=1)
   Buffers: shared hit=178429 read=3635018
   ->  Nested Loop  (cost=17045.03..5930988.69 rows=1 width=81) (actual time=12331.391..45606.386 rows=10 loops=1)
         Buffers: shared hit=178429 read=3635018
         ->  Nested Loop  (cost=17044.61..5930907.79 rows=11 width=54) (actual time=12230.404..45600.602 rows=290 loops=1)
               Buffers: shared hit=177808 read=3634479
               ->  Nested Loop  (cost=17044.18..5930326.78 rows=79 width=50) (actual time=12228.386..45567.543 rows=2199 loops=1)
                     Buffers: shared hit=170973 read=3632522
                     ->  Nested Loop  (cost=17043.75..5922514.71 rows=1062 width=50) (actual time=12227.191..45349.363 rows=17117 loops=1)
                           Buffers: shared hit=103316 read=3631831
                           ->  Hash Join  (cost=17043.45..5901874.31 rows=214230 width=54) (actual time=106.794..45240.971 rows=239607 loops=1)
                                 Hash Cond: (catalog_sales.cs_item_sk = item.i_item_sk)
                                 Buffers: shared hit=96905 read=3631831
                                 ->  Seq Scan on catalog_sales  (cost=0.00..5874397.76 rows=3974433 width=41) (actual time=0.485..44334.394 rows=3999274 loops=1)
                                       Filter: ((cs_wholesale_cost >= '41'::numeric) AND (cs_wholesale_cost <= '46'::numeric))
                                       Rows Removed by Filter: 139993025
                                       Buffers: shared hit=82549 read=3631831
                                 ->  Hash  (cost=16906.00..16906.00 rows=10996 width=21) (actual time=105.919..105.920 rows=11037 loops=1)
                                       Buckets: 16384  Batches: 1  Memory Usage: 732kB
                                       Buffers: shared hit=14356
                                       ->  Seq Scan on item  (cost=0.00..16906.00 rows=10996 width=21) (actual time=0.055..103.525 rows=11037 loops=1)
                                             Filter: (i_category = 'Women'::bpchar)
                                             Rows Removed by Filter: 192963
                                             Buffers: shared hit=14356
                           ->  Memoize  (cost=0.30..7.22 rows=1 width=4) (actual time=0.000..0.000 rows=0 loops=239607)
                                 Cache Key: catalog_sales.cs_sold_date_sk
                                 Cache Mode: logical
                                 Hits: 237469  Misses: 2138  Evictions: 0  Overflows: 0  Memory Usage: 155kB
                                 Buffers: shared hit=6411
                                 ->  Index Scan using date_dim_pkey on date_dim  (cost=0.29..7.21 rows=1 width=4) (actual time=0.013..0.013 rows=0 loops=2138)
                                       Index Cond: (d_date_sk = catalog_sales.cs_sold_date_sk)
                                       Filter: (d_year = 2000)
                                       Rows Removed by Filter: 1
                                       Buffers: shared hit=6411
                     ->  Index Scan using customer_demographics_pkey on customer_demographics  (cost=0.43..7.36 rows=1 width=8) (actual time=0.012..0.012 rows=0 loops=17117)
                           Index Cond: (cd_demo_sk = catalog_sales.cs_bill_cdemo_sk)
                           Filter: ((cd_gender = 'M'::bpchar) AND (cd_education_status = '4 yr Degree'::bpchar))
                           Rows Removed by Filter: 1
                           Buffers: shared hit=67657 read=691
               ->  Index Scan using customer_pkey on customer  (cost=0.43..7.35 rows=1 width=12) (actual time=0.015..0.015 rows=0 loops=2199)
                     Index Cond: (c_customer_sk = catalog_sales.cs_bill_customer_sk)
                     Filter: (c_birth_month = 10)
                     Rows Removed by Filter: 1
                     Buffers: shared hit=6835 read=1957
         ->  Index Scan using customer_address_pkey on customer_address  (cost=0.42..7.35 rows=1 width=35) (actual time=0.019..0.019 rows=0 loops=290)
               Index Cond: (ca_address_sk = customer.c_current_addr_sk)
               Filter: (ca_state = ANY ('{ID,NM,WV}'::bpchar[]))
               Rows Removed by Filter: 1
               Buffers: shared hit=621 read=539
 Planning:
   Buffers: shared hit=454
 Planning Time: 4.499 ms
 Execution Time: 45607.118 ms
(53 rows)

