                                                                                  QUERY PLAN                                                                                  
------------------------------------------------------------------------------------------------------------------------------------------------------------------------------
 Aggregate  (cost=5974380.27..5974380.28 rows=1 width=268) (actual time=47586.266..47586.270 rows=1 loops=1)
   Buffers: shared hit=280554 read=3780705
   ->  Nested Loop  (cost=17045.03..5974380.19 rows=3 width=81) (actual time=415.437..47586.196 rows=9 loops=1)
         Buffers: shared hit=280554 read=3780705
         ->  Nested Loop  (cost=17044.61..5974166.90 rows=29 width=54) (actual time=197.138..47582.127 rows=204 loops=1)
               Buffers: shared hit=279906 read=3780537
               ->  Nested Loop  (cost=17044.18..5972615.18 rows=211 width=50) (actual time=144.789..47555.233 rows=1575 loops=1)
                     Buffers: shared hit=273780 read=3780371
                     ->  Nested Loop  (cost=17043.75..5950812.53 rows=2964 width=50) (actual time=136.603..46623.223 rows=79852 loops=1)
                           Buffers: shared hit=5844 read=3729303
                           ->  Hash Join  (cost=17043.45..5920573.25 rows=598187 width=54) (actual time=136.542..46384.842 rows=685013 loops=1)
                                 Hash Cond: (catalog_sales.cs_item_sk = item.i_item_sk)
                                 Buffers: shared read=3728736
                                 ->  Seq Scan on catalog_sales  (cost=0.00..5874397.76 rows=11097691 width=41) (actual time=0.043..44392.535 rows=11458169 loops=1)
                                       Filter: ((cs_wholesale_cost >= '57'::numeric) AND (cs_wholesale_cost <= '62'::numeric))
                                       Rows Removed by Filter: 132534130
                                       Buffers: shared read=3714380
                                 ->  Hash  (cost=16906.00..16906.00 rows=10996 width=21) (actual time=136.251..136.252 rows=11037 loops=1)
                                       Buckets: 16384  Batches: 1  Memory Usage: 732kB
                                       Buffers: shared read=14356
                                       ->  Seq Scan on item  (cost=0.00..16906.00 rows=10996 width=21) (actual time=0.055..133.211 rows=11037 loops=1)
                                             Filter: (i_category = 'Women'::bpchar)
                                             Rows Removed by Filter: 192963
                                             Buffers: shared read=14356
                           ->  Memoize  (cost=0.30..7.22 rows=1 width=4) (actual time=0.000..0.000 rows=0 loops=685013)
                                 Cache Key: catalog_sales.cs_sold_date_sk
                                 Cache Mode: logical
                                 Hits: 682875  Misses: 2138  Evictions: 0  Overflows: 0  Memory Usage: 155kB
                                 Buffers: shared hit=5844 read=567
                                 ->  Index Scan using date_dim_pkey on date_dim  (cost=0.29..7.21 rows=1 width=4) (actual time=0.015..0.015 rows=0 loops=2138)
                                       Index Cond: (d_date_sk = catalog_sales.cs_sold_date_sk)
                                       Filter: (d_year = 1998)
                                       Rows Removed by Filter: 1
                                       Buffers: shared hit=5844 read=567
                     ->  Index Scan using customer_demographics_pkey on customer_demographics  (cost=0.43..7.36 rows=1 width=8) (actual time=0.011..0.011 rows=0 loops=79852)
                           Index Cond: (cd_demo_sk = catalog_sales.cs_bill_cdemo_sk)
                           Filter: ((cd_gender = 'F'::bpchar) AND (cd_education_status = 'Primary'::bpchar))
                           Rows Removed by Filter: 1
                           Buffers: shared hit=267936 read=51068
               ->  Index Scan using customer_pkey on customer  (cost=0.43..7.35 rows=1 width=12) (actual time=0.017..0.017 rows=0 loops=1575)
                     Index Cond: (c_customer_sk = catalog_sales.cs_bill_customer_sk)
                     Filter: (c_birth_month = 10)
                     Rows Removed by Filter: 1
                     Buffers: shared hit=6126 read=166
         ->  Index Scan using customer_address_pkey on customer_address  (cost=0.42..7.35 rows=1 width=35) (actual time=0.019..0.019 rows=0 loops=204)
               Index Cond: (ca_address_sk = customer.c_current_addr_sk)
               Filter: (ca_state = ANY ('{AL,GA,NE}'::bpchar[]))
               Rows Removed by Filter: 1
               Buffers: shared hit=648 read=168
 Planning:
   Buffers: shared hit=404 read=50
 Planning Time: 3.463 ms
 Execution Time: 47586.750 ms
(53 rows)

