                                                                                  QUERY PLAN                                                                                  
------------------------------------------------------------------------------------------------------------------------------------------------------------------------------
 Aggregate  (cost=5964404.39..5964404.40 rows=1 width=268) (actual time=48313.863..48313.868 rows=1 loops=1)
   Buffers: shared hit=213854 read=3683097
   ->  Nested Loop  (cost=17045.03..5964404.36 rows=1 width=81) (actual time=16776.817..48313.857 rows=1 loops=1)
         Buffers: shared hit=213854 read=3683097
         ->  Nested Loop  (cost=17044.61..5964294.00 rows=15 width=54) (actual time=12921.973..48312.722 rows=61 loops=1)
               Buffers: shared hit=213682 read=3683025
               ->  Nested Loop  (cost=17044.18..5962984.96 rows=178 width=50) (actual time=12844.203..48302.894 rows=722 loops=1)
                     Buffers: shared hit=211065 read=3682758
                     ->  Nested Loop  (cost=17043.75..5944367.34 rows=2531 width=50) (actual time=12833.480..47834.327 rows=39738 loops=1)
                           Buffers: shared hit=76183 read=3658964
                           ->  Hash Join  (cost=17043.45..5916314.33 rows=510736 width=54) (actual time=129.783..47642.902 rows=556043 loops=1)
                                 Hash Cond: (catalog_sales.cs_item_sk = item.i_item_sk)
                                 Buffers: shared hit=69829 read=3658907
                                 ->  Seq Scan on catalog_sales  (cost=0.00..5874397.76 rows=9475278 width=41) (actual time=0.061..45934.156 rows=9280537 loops=1)
                                       Filter: ((cs_wholesale_cost >= '5'::numeric) AND (cs_wholesale_cost <= '10'::numeric))
                                       Rows Removed by Filter: 134711762
                                       Buffers: shared hit=62101 read=3652279
                                 ->  Hash  (cost=16906.00..16906.00 rows=10996 width=21) (actual time=129.418..129.419 rows=11037 loops=1)
                                       Buckets: 16384  Batches: 1  Memory Usage: 732kB
                                       Buffers: shared hit=7728 read=6628
                                       ->  Seq Scan on item  (cost=0.00..16906.00 rows=10996 width=21) (actual time=0.081..126.493 rows=11037 loops=1)
                                             Filter: (i_category = 'Women'::bpchar)
                                             Rows Removed by Filter: 192963
                                             Buffers: shared hit=7728 read=6628
                           ->  Memoize  (cost=0.30..7.22 rows=1 width=4) (actual time=0.000..0.000 rows=0 loops=556043)
                                 Cache Key: catalog_sales.cs_sold_date_sk
                                 Cache Mode: logical
                                 Hits: 553905  Misses: 2138  Evictions: 0  Overflows: 0  Memory Usage: 155kB
                                 Buffers: shared hit=6354 read=57
                                 ->  Index Scan using date_dim_pkey on date_dim  (cost=0.29..7.21 rows=1 width=4) (actual time=0.012..0.012 rows=0 loops=2138)
                                       Index Cond: (d_date_sk = catalog_sales.cs_sold_date_sk)
                                       Filter: (d_year = 2000)
                                       Rows Removed by Filter: 1
                                       Buffers: shared hit=6354 read=57
                     ->  Index Scan using customer_demographics_pkey on customer_demographics  (cost=0.43..7.36 rows=1 width=8) (actual time=0.012..0.012 rows=0 loops=39738)
                           Index Cond: (cd_demo_sk = catalog_sales.cs_bill_cdemo_sk)
                           Filter: ((cd_gender = 'F'::bpchar) AND (cd_education_status = 'Secondary'::bpchar))
                           Rows Removed by Filter: 1
                           Buffers: shared hit=134882 read=23794
               ->  Index Scan using customer_pkey on customer  (cost=0.43..7.35 rows=1 width=12) (actual time=0.013..0.013 rows=0 loops=722)
                     Index Cond: (c_customer_sk = catalog_sales.cs_bill_customer_sk)
                     Filter: (c_birth_month = 11)
                     Rows Removed by Filter: 1
                     Buffers: shared hit=2617 read=267
         ->  Index Scan using customer_address_pkey on customer_address  (cost=0.42..7.36 rows=1 width=35) (actual time=0.017..0.017 rows=0 loops=61)
               Index Cond: (ca_address_sk = customer.c_current_addr_sk)
               Filter: (ca_state = ANY ('{GA,IN,MT}'::bpchar[]))
               Rows Removed by Filter: 1
               Buffers: shared hit=172 read=72
 Planning:
   Buffers: shared hit=405 read=49
 Planning Time: 5.022 ms
 Execution Time: 48314.507 ms
(53 rows)

