                                                                              QUERY PLAN                                                                               
-----------------------------------------------------------------------------------------------------------------------------------------------------------------------
 Aggregate  (cost=5949306.39..5949306.40 rows=1 width=268) (actual time=43779.883..43779.887 rows=1 loops=1)
   Buffers: shared hit=365764 read=3719487
   ->  Nested Loop  (cost=17119.15..5949306.37 rows=1 width=81) (actual time=7585.417..43779.849 rows=4 loops=1)
         Buffers: shared hit=365764 read=3719487
         ->  Nested Loop  (cost=17118.72..5949225.42 rows=11 width=54) (actual time=5784.487..43776.063 rows=209 loops=1)
               Buffers: shared hit=365177 read=3719238
               ->  Nested Loop  (cost=17118.29..5948099.97 rows=153 width=54) (actual time=5759.146..43707.876 rows=5526 loops=1)
                     Buffers: shared hit=346309 read=3716006
                     ->  Nested Loop  (cost=17117.87..5931927.72 rows=2199 width=50) (actual time=5758.824..42820.885 rows=81880 loops=1)
                           Buffers: shared hit=51439 read=3683708
                           ->  Hash Join  (cost=17117.56..5905552.13 rows=443638 width=54) (actual time=140.266..42525.771 rows=940903 loops=1)
                                 Hash Cond: (catalog_sales.cs_item_sk = item.i_item_sk)
                                 Buffers: shared hit=45080 read=3683656
                                 ->  Seq Scan on catalog_sales  (cost=0.00..5874397.76 rows=5347244 width=41) (actual time=0.043..41203.703 rows=5484290 loops=1)
                                       Filter: ((cs_wholesale_cost >= '95'::numeric) AND (cs_wholesale_cost <= '100'::numeric))
                                       Rows Removed by Filter: 138508009
                                       Buffers: shared hit=38410 read=3675970
                                 ->  Hash  (cost=16906.00..16906.00 rows=16925 width=21) (actual time=139.940..139.941 rows=17141 loops=1)
                                       Buckets: 32768  Batches: 1  Memory Usage: 1194kB
                                       Buffers: shared hit=6670 read=7686
                                       ->  Seq Scan on item  (cost=0.00..16906.00 rows=16925 width=21) (actual time=0.026..135.002 rows=17141 loops=1)
                                             Filter: (i_category = 'Home'::bpchar)
                                             Rows Removed by Filter: 186859
                                             Buffers: shared hit=6670 read=7686
                           ->  Memoize  (cost=0.30..7.22 rows=1 width=4) (actual time=0.000..0.000 rows=0 loops=940903)
                                 Cache Key: catalog_sales.cs_sold_date_sk
                                 Cache Mode: logical
                                 Hits: 938765  Misses: 2138  Evictions: 0  Overflows: 0  Memory Usage: 155kB
                                 Buffers: shared hit=6359 read=52
                                 ->  Index Scan using date_dim_pkey on date_dim  (cost=0.29..7.21 rows=1 width=4) (actual time=0.012..0.012 rows=0 loops=2138)
                                       Index Cond: (d_date_sk = catalog_sales.cs_sold_date_sk)
                                       Filter: (d_year = 1999)
                                       Rows Removed by Filter: 1
                                       Buffers: shared hit=6359 read=52
                     ->  Index Scan using customer_pkey on customer  (cost=0.43..7.35 rows=1 width=12) (actual time=0.011..0.011 rows=0 loops=81880)
                           Index Cond: (c_customer_sk = catalog_sales.cs_bill_customer_sk)
                           Filter: (c_birth_month = 12)
                           Rows Removed by Filter: 1
                           Buffers: shared hit=294870 read=32298
               ->  Index Scan using customer_demographics_pkey on customer_demographics  (cost=0.43..7.36 rows=1 width=8) (actual time=0.012..0.012 rows=0 loops=5526)
                     Index Cond: (cd_demo_sk = catalog_sales.cs_bill_cdemo_sk)
                     Filter: ((cd_gender = 'F'::bpchar) AND (cd_education_status = '4 yr Degree'::bpchar))
                     Rows Removed by Filter: 1
                     Buffers: shared hit=18868 read=3232
         ->  Index Scan using customer_address_pkey on customer_address  (cost=0.42..7.36 rows=1 width=35) (actual time=0.017..0.017 rows=0 loops=209)
               Index Cond: (ca_address_sk = customer.c_current_addr_sk)
               Filter: (ca_state = ANY ('{AL,GA,NE}'::bpchar[]))
               Rows Removed by Filter: 1
               Buffers: shared hit=587 read=249
 Planning:
   Buffers: shared hit=454
 Planning Time: 4.437 ms
 Execution Time: 43780.528 ms
(53 rows)

