                                                                                  QUERY PLAN                                                                                  
------------------------------------------------------------------------------------------------------------------------------------------------------------------------------
 Aggregate  (cost=5977051.87..5977051.88 rows=1 width=268) (actual time=47448.394..47448.399 rows=1 loops=1)
   Buffers: shared hit=239741 read=3685850
   ->  Nested Loop  (cost=17019.78..5977051.84 rows=1 width=81) (actual time=12825.817..47448.256 rows=20 loops=1)
         Buffers: shared hit=239741 read=3685850
         ->  Nested Loop  (cost=17019.36..5976853.26 rows=27 width=54) (actual time=12630.589..47441.046 rows=400 loops=1)
               Buffers: shared hit=238790 read=3685201
               ->  Nested Loop  (cost=17018.93..5975404.50 rows=197 width=50) (actual time=12630.521..47403.641 rows=2874 loops=1)
                     Buffers: shared hit=228873 read=3683634
                     ->  Nested Loop  (cost=17018.50..5954727.33 rows=2811 width=50) (actual time=12630.371..46941.574 rows=44400 loops=1)
                           Buffers: shared hit=58710 read=3676437
                           ->  Hash Join  (cost=17018.20..5925260.54 rows=567288 width=54) (actual time=125.584..46818.228 rows=276964 loops=1)
                                 Hash Cond: (catalog_sales.cs_item_sk = item.i_item_sk)
                                 Buffers: shared hit=52299 read=3676437
                                 ->  Seq Scan on catalog_sales  (cost=0.00..5874397.76 rows=12892906 width=41) (actual time=0.370..44907.096 rows=12722112 loops=1)
                                       Filter: ((cs_wholesale_cost >= '33'::numeric) AND (cs_wholesale_cost <= '38'::numeric))
                                       Rows Removed by Filter: 131270187
                                       Buffers: shared hit=52292 read=3662088
                                 ->  Hash  (cost=16906.00..16906.00 rows=8976 width=21) (actual time=124.797..124.798 rows=8826 loops=1)
                                       Buckets: 16384  Batches: 1  Memory Usage: 611kB
                                       Buffers: shared hit=7 read=14349
                                       ->  Seq Scan on item  (cost=0.00..16906.00 rows=8976 width=21) (actual time=0.172..122.419 rows=8826 loops=1)
                                             Filter: (i_category = 'Jewelry'::bpchar)
                                             Rows Removed by Filter: 195174
                                             Buffers: shared hit=7 read=14349
                           ->  Memoize  (cost=0.30..7.22 rows=1 width=4) (actual time=0.000..0.000 rows=0 loops=276964)
                                 Cache Key: catalog_sales.cs_sold_date_sk
                                 Cache Mode: logical
                                 Hits: 274826  Misses: 2138  Evictions: 0  Overflows: 0  Memory Usage: 155kB
                                 Buffers: shared hit=6411
                                 ->  Index Scan using date_dim_pkey on date_dim  (cost=0.29..7.21 rows=1 width=4) (actual time=0.013..0.013 rows=0 loops=2138)
                                       Index Cond: (d_date_sk = catalog_sales.cs_sold_date_sk)
                                       Filter: (d_year = 2000)
                                       Rows Removed by Filter: 1
                                       Buffers: shared hit=6411
                     ->  Index Scan using customer_demographics_pkey on customer_demographics  (cost=0.43..7.36 rows=1 width=8) (actual time=0.010..0.010 rows=0 loops=44400)
                           Index Cond: (cd_demo_sk = catalog_sales.cs_bill_cdemo_sk)
                           Filter: ((cd_gender = 'F'::bpchar) AND (cd_education_status = '2 yr Degree'::bpchar))
                           Rows Removed by Filter: 1
                           Buffers: shared hit=170163 read=7197
               ->  Index Scan using customer_pkey on customer  (cost=0.43..7.35 rows=1 width=12) (actual time=0.013..0.013 rows=0 loops=2874)
                     Index Cond: (c_customer_sk = catalog_sales.cs_bill_customer_sk)
                     Filter: (c_birth_month = 10)
                     Rows Removed by Filter: 1
                     Buffers: shared hit=9917 read=1567
         ->  Index Scan using customer_address_pkey on customer_address  (cost=0.42..7.35 rows=1 width=35) (actual time=0.017..0.017 rows=0 loops=400)
               Index Cond: (ca_address_sk = customer.c_current_addr_sk)
               Filter: (ca_state = ANY ('{MN,ND,WA}'::bpchar[]))
               Rows Removed by Filter: 1
               Buffers: shared hit=951 read=649
 Planning:
   Buffers: shared hit=454
 Planning Time: 3.379 ms
 Execution Time: 47448.882 ms
(53 rows)

