                                                                                  QUERY PLAN                                                                                  
------------------------------------------------------------------------------------------------------------------------------------------------------------------------------
 Aggregate  (cost=5943204.22..5943204.23 rows=1 width=268) (actual time=42412.451..42412.455 rows=1 loops=1)
   Buffers: shared hit=224155 read=3655940
   ->  Nested Loop  (cost=17073.85..5943204.16 rows=2 width=81) (actual time=18732.353..42412.359 rows=12 loops=1)
         Buffers: shared hit=224155 read=3655940
         ->  Nested Loop  (cost=17073.42..5943115.88 rows=12 width=54) (actual time=18018.310..42404.296 rows=433 loops=1)
               Buffers: shared hit=223229 read=3655134
               ->  Nested Loop  (cost=17072.99..5942218.65 rows=122 width=50) (actual time=18005.703..42350.634 rows=4444 loops=1)
                     Buffers: shared hit=207878 read=3652725
                     ->  Nested Loop  (cost=17072.57..5929507.61 rows=1728 width=50) (actual time=18005.622..41992.556 rows=31409 loops=1)
                           Buffers: shared hit=94381 read=3640766
                           ->  Hash Join  (cost=17072.26..5905506.83 rows=348646 width=54) (actual time=112.650..41897.933 rows=187296 loops=1)
                                 Hash Cond: (catalog_sales.cs_item_sk = item.i_item_sk)
                                 Buffers: shared hit=87970 read=3640766
                                 ->  Seq Scan on catalog_sales  (cost=0.00..5874397.76 rows=5347244 width=41) (actual time=0.060..40709.743 rows=5484290 loops=1)
                                       Filter: ((cs_wholesale_cost >= '95'::numeric) AND (cs_wholesale_cost <= '100'::numeric))
                                       Rows Removed by Filter: 138508009
                                       Buffers: shared hit=73864 read=3640516
                                 ->  Hash  (cost=16906.00..16906.00 rows=13301 width=21) (actual time=112.038..112.039 rows=13933 loops=1)
                                       Buckets: 16384  Batches: 1  Memory Usage: 890kB
                                       Buffers: shared hit=14106 read=250
                                       ->  Seq Scan on item  (cost=0.00..16906.00 rows=13301 width=21) (actual time=0.022..109.062 rows=13933 loops=1)
                                             Filter: (i_category = 'Men'::bpchar)
                                             Rows Removed by Filter: 190067
                                             Buffers: shared hit=14106 read=250
                           ->  Memoize  (cost=0.30..7.22 rows=1 width=4) (actual time=0.000..0.000 rows=0 loops=187296)
                                 Cache Key: catalog_sales.cs_sold_date_sk
                                 Cache Mode: logical
                                 Hits: 185158  Misses: 2138  Evictions: 0  Overflows: 0  Memory Usage: 155kB
                                 Buffers: shared hit=6411
                                 ->  Index Scan using date_dim_pkey on date_dim  (cost=0.29..7.21 rows=1 width=4) (actual time=0.012..0.012 rows=0 loops=2138)
                                       Index Cond: (d_date_sk = catalog_sales.cs_sold_date_sk)
                                       Filter: (d_year = 2001)
                                       Rows Removed by Filter: 1
                                       Buffers: shared hit=6411
                     ->  Index Scan using customer_demographics_pkey on customer_demographics  (cost=0.43..7.36 rows=1 width=8) (actual time=0.011..0.011 rows=0 loops=31409)
                           Index Cond: (cd_demo_sk = catalog_sales.cs_bill_cdemo_sk)
                           Filter: ((cd_gender = 'M'::bpchar) AND (cd_education_status = 'Unknown'::bpchar))
                           Rows Removed by Filter: 1
                           Buffers: shared hit=113497 read=11959
               ->  Index Scan using customer_pkey on customer  (cost=0.43..7.35 rows=1 width=12) (actual time=0.012..0.012 rows=0 loops=4444)
                     Index Cond: (c_customer_sk = catalog_sales.cs_bill_customer_sk)
                     Filter: (c_birth_month = 2)
                     Rows Removed by Filter: 1
                     Buffers: shared hit=15351 read=2409
         ->  Index Scan using customer_address_pkey on customer_address  (cost=0.42..7.36 rows=1 width=35) (actual time=0.018..0.018 rows=0 loops=433)
               Index Cond: (ca_address_sk = customer.c_current_addr_sk)
               Filter: (ca_state = ANY ('{IN,TX,VA}'::bpchar[]))
               Rows Removed by Filter: 1
               Buffers: shared hit=926 read=806
 Planning:
   Buffers: shared hit=408 read=46
 Planning Time: 5.056 ms
 Execution Time: 42413.104 ms
(53 rows)

