                                                                              QUERY PLAN                                                                               
-----------------------------------------------------------------------------------------------------------------------------------------------------------------------
 Aggregate  (cost=5941363.63..5941363.64 rows=1 width=268) (actual time=46904.670..46904.674 rows=1 loops=1)
   Buffers: shared hit=738481 read=3740390
   ->  Nested Loop  (cost=17119.15..5941363.61 rows=1 width=81) (actual time=27825.776..46904.580 rows=12 loops=1)
         Buffers: shared hit=738481 read=3740390
         ->  Nested Loop  (cost=17118.72..5941334.14 rows=4 width=54) (actual time=27083.098..46896.202 rows=450 loops=1)
               Buffers: shared hit=737544 read=3739527
               ->  Nested Loop  (cost=17118.29..5940907.49 rows=58 width=54) (actual time=27078.660..46827.519 rows=5954 loops=1)
                     Buffers: shared hit=716255 read=3737012
                     ->  Nested Loop  (cost=17117.87..5927551.79 rows=1816 width=50) (actual time=27076.953..44979.103 rows=179787 loops=1)
                           Buffers: shared hit=78346 read=3656801
                           ->  Hash Join  (cost=17117.56..5903107.66 rows=366379 width=54) (actual time=132.989..44724.196 rows=762693 loops=1)
                                 Hash Cond: (catalog_sales.cs_item_sk = item.i_item_sk)
                                 Buffers: shared hit=71935 read=3656801
                                 ->  Seq Scan on catalog_sales  (cost=0.00..5874397.76 rows=4416036 width=41) (actual time=0.053..43602.202 rows=4444683 loops=1)
                                       Filter: ((cs_wholesale_cost >= '50'::numeric) AND (cs_wholesale_cost <= '55'::numeric))
                                       Rows Removed by Filter: 139547616
                                       Buffers: shared hit=71930 read=3642450
                                 ->  Hash  (cost=16906.00..16906.00 rows=16925 width=21) (actual time=132.517..132.518 rows=17141 loops=1)
                                       Buckets: 32768  Batches: 1  Memory Usage: 1194kB
                                       Buffers: shared hit=5 read=14351
                                       ->  Seq Scan on item  (cost=0.00..16906.00 rows=16925 width=21) (actual time=0.025..128.043 rows=17141 loops=1)
                                             Filter: (i_category = 'Home'::bpchar)
                                             Rows Removed by Filter: 186859
                                             Buffers: shared hit=5 read=14351
                           ->  Memoize  (cost=0.30..7.22 rows=1 width=4) (actual time=0.000..0.000 rows=0 loops=762693)
                                 Cache Key: catalog_sales.cs_sold_date_sk
                                 Cache Mode: logical
                                 Hits: 760555  Misses: 2138  Evictions: 0  Overflows: 0  Memory Usage: 155kB
                                 Buffers: shared hit=6411
                                 ->  Index Scan using date_dim_pkey on date_dim  (cost=0.29..7.21 rows=1 width=4) (actual time=0.012..0.012 rows=0 loops=2138)
                                       Index Cond: (d_date_sk = catalog_sales.cs_sold_date_sk)
                                       Filter: (d_year = 2002)
                                       Rows Removed by Filter: 1
                                       Buffers: shared hit=6411
                     ->  Index Scan using customer_pkey on customer  (cost=0.43..7.35 rows=1 width=12) (actual time=0.010..0.010 rows=0 loops=179787)
                           Index Cond: (c_customer_sk = catalog_sales.cs_bill_customer_sk)
                           Filter: (c_birth_month = 6)
                           Rows Removed by Filter: 1
                           Buffers: shared hit=637909 read=80211
               ->  Index Scan using customer_demographics_pkey on customer_demographics  (cost=0.43..7.36 rows=1 width=8) (actual time=0.011..0.011 rows=0 loops=5954)
                     Index Cond: (cd_demo_sk = catalog_sales.cs_bill_cdemo_sk)
                     Filter: ((cd_gender = 'M'::bpchar) AND (cd_education_status = 'Primary'::bpchar))
                     Rows Removed by Filter: 1
                     Buffers: shared hit=21289 read=2515
         ->  Index Scan using customer_address_pkey on customer_address  (cost=0.42..7.37 rows=1 width=35) (actual time=0.017..0.017 rows=0 loops=450)
               Index Cond: (ca_address_sk = customer.c_current_addr_sk)
               Filter: (ca_state = ANY ('{MO,ND,OH}'::bpchar[]))
               Rows Removed by Filter: 1
               Buffers: shared hit=937 read=863
 Planning:
   Buffers: shared hit=406 read=48
 Planning Time: 4.631 ms
 Execution Time: 46905.169 ms
(53 rows)

