                                                                                  QUERY PLAN                                                                                  
------------------------------------------------------------------------------------------------------------------------------------------------------------------------------
 Aggregate  (cost=5979384.83..5979384.84 rows=1 width=268) (actual time=55610.879..55610.885 rows=1 loops=1)
   Buffers: shared hit=2170133 read=3785717
   ->  Nested Loop  (cost=2393.34..5979384.80 rows=1 width=81) (actual time=27136.901..55610.722 rows=21 loops=1)
         Buffers: shared hit=2170133 read=3785717
         ->  Nested Loop  (cost=2392.92..5979362.76 rows=3 width=68) (actual time=26715.654..55607.214 rows=111 loops=1)
               Buffers: shared hit=2169876 read=3785530
               ->  Nested Loop  (cost=2392.49..5979090.29 rows=37 width=41) (actual time=26548.271..55543.258 rows=2707 loops=1)
                     Buffers: shared hit=2163546 read=3781032
                     ->  Nested Loop  (cost=2392.07..5975441.64 rows=496 width=41) (actual time=26548.245..55155.484 rows=21283 loops=1)
                           Buffers: shared hit=2081516 read=3778002
                           ->  Hash Join  (cost=2391.64..5883417.43 rows=12512 width=37) (actual time=26545.141..46044.810 rows=536637 loops=1)
                                 Hash Cond: (catalog_sales.cs_sold_date_sk = date_dim.d_date_sk)
                                 Buffers: shared hit=53928 read=3661926
                                 ->  Seq Scan on catalog_sales  (cost=0.00..5874397.76 rows=2524821 width=41) (actual time=0.121..45603.861 rows=2625628 loops=1)
                                       Filter: ((cs_wholesale_cost >= '44'::numeric) AND (cs_wholesale_cost <= '49'::numeric))
                                       Rows Removed by Filter: 141366671
                                       Buffers: shared hit=53886 read=3660494
                                 ->  Hash  (cost=2387.11..2387.11 rows=362 width=4) (actual time=23.736..23.737 rows=365 loops=1)
                                       Buckets: 1024  Batches: 1  Memory Usage: 21kB
                                       Buffers: shared hit=42 read=1432
                                       ->  Seq Scan on date_dim  (cost=0.00..2387.11 rows=362 width=4) (actual time=14.189..23.674 rows=365 loops=1)
                                             Filter: (d_year = 2002)
                                             Rows Removed by Filter: 72684
                                             Buffers: shared hit=42 read=1432
                           ->  Index Scan using customer_pkey on customer  (cost=0.43..7.35 rows=1 width=12) (actual time=0.017..0.017 rows=0 loops=536637)
                                 Index Cond: (c_customer_sk = catalog_sales.cs_bill_customer_sk)
                                 Filter: (c_birth_month = 9)
                                 Rows Removed by Filter: 1
                                 Buffers: shared hit=2027588 read=116076
                     ->  Index Scan using customer_demographics_pkey on customer_demographics  (cost=0.43..7.36 rows=1 width=8) (actual time=0.018..0.018 rows=0 loops=21283)
                           Index Cond: (cd_demo_sk = catalog_sales.cs_bill_cdemo_sk)
                           Filter: ((cd_gender = 'M'::bpchar) AND (cd_education_status = '4 yr Degree'::bpchar))
                           Rows Removed by Filter: 1
                           Buffers: shared hit=82030 read=3030
               ->  Index Scan using customer_address_pkey on customer_address  (cost=0.42..7.36 rows=1 width=35) (actual time=0.023..0.023 rows=0 loops=2707)
                     Index Cond: (ca_address_sk = customer.c_current_addr_sk)
                     Filter: (ca_state = ANY ('{GA,MI,VT}'::bpchar[]))
                     Rows Removed by Filter: 1
                     Buffers: shared hit=6330 read=4498
         ->  Index Scan using item_pkey on item  (cost=0.42..7.34 rows=1 width=21) (actual time=0.030..0.030 rows=0 loops=111)
               Index Cond: (i_item_sk = catalog_sales.cs_item_sk)
               Filter: (i_category = 'Electronics'::bpchar)
               Rows Removed by Filter: 1
               Buffers: shared hit=257 read=187
 Planning:
   Buffers: shared hit=452 read=2
 Planning Time: 4.844 ms
 Execution Time: 55611.396 ms
(48 rows)

