                                                                              QUERY PLAN                                                                               
-----------------------------------------------------------------------------------------------------------------------------------------------------------------------
 Aggregate  (cost=5953411.89..5953411.90 rows=1 width=268) (actual time=43585.772..43585.778 rows=1 loops=1)
   Buffers: shared hit=365611 read=3701560
   ->  Nested Loop  (cost=17326.55..5953411.86 rows=1 width=81) (actual time=8055.346..43585.743 rows=4 loops=1)
         Buffers: shared hit=365611 read=3701560
         ->  Nested Loop  (cost=17326.12..5953352.95 rows=8 width=54) (actual time=5958.985..43583.722 rows=104 loops=1)
               Buffers: shared hit=365366 read=3701389
               ->  Nested Loop  (cost=17325.69..5952499.65 rows=116 width=54) (actual time=5958.943..43546.955 rows=3087 loops=1)
                     Buffers: shared hit=353534 read=3700881
                     ->  Nested Loop  (cost=17325.27..5931083.08 rows=2912 width=50) (actual time=5955.032..42733.192 rows=79926 loops=1)
                           Buffers: shared hit=42464 read=3692683
                           ->  Hash Join  (cost=17324.96..5901110.00 rows=587538 width=54) (actual time=150.260..42565.348 rows=451322 loops=1)
                                 Hash Cond: (catalog_sales.cs_item_sk = item.i_item_sk)
                                 Buffers: shared hit=36053 read=3692683
                                 ->  Seq Scan on catalog_sales  (cost=0.00..5874397.76 rows=3576029 width=41) (actual time=0.090..41590.972 rows=3595775 loops=1)
                                       Filter: ((cs_wholesale_cost >= '76'::numeric) AND (cs_wholesale_cost <= '81'::numeric))
                                       Rows Removed by Filter: 140396524
                                       Buffers: shared hit=36040 read=3678340
                                 ->  Hash  (cost=16906.00..16906.00 rows=33517 width=21) (actual time=149.639..149.640 rows=33627 loops=1)
                                       Buckets: 65536  Batches: 1  Memory Usage: 2351kB
                                       Buffers: shared hit=13 read=14343
                                       ->  Seq Scan on item  (cost=0.00..16906.00 rows=33517 width=21) (actual time=0.047..140.743 rows=33627 loops=1)
                                             Filter: (i_category = 'Shoes'::bpchar)
                                             Rows Removed by Filter: 170373
                                             Buffers: shared hit=13 read=14343
                           ->  Memoize  (cost=0.30..7.22 rows=1 width=4) (actual time=0.000..0.000 rows=0 loops=451322)
                                 Cache Key: catalog_sales.cs_sold_date_sk
                                 Cache Mode: logical
                                 Hits: 449184  Misses: 2138  Evictions: 0  Overflows: 0  Memory Usage: 155kB
                                 Buffers: shared hit=6411
                                 ->  Index Scan using date_dim_pkey on date_dim  (cost=0.29..7.21 rows=1 width=4) (actual time=0.012..0.012 rows=0 loops=2138)
                                       Index Cond: (d_date_sk = catalog_sales.cs_sold_date_sk)
                                       Filter: (d_year = 1999)
                                       Rows Removed by Filter: 1
                                       Buffers: shared hit=6411
                     ->  Index Scan using customer_pkey on customer  (cost=0.43..7.35 rows=1 width=12) (actual time=0.010..0.010 rows=0 loops=79926)
                           Index Cond: (c_customer_sk = catalog_sales.cs_bill_customer_sk)
                           Filter: (c_birth_month = 9)
                           Rows Removed by Filter: 1
                           Buffers: shared hit=311070 read=8198
               ->  Index Scan using customer_demographics_pkey on customer_demographics  (cost=0.43..7.36 rows=1 width=8) (actual time=0.011..0.011 rows=0 loops=3087)
                     Index Cond: (cd_demo_sk = catalog_sales.cs_bill_cdemo_sk)
                     Filter: ((cd_gender = 'F'::bpchar) AND (cd_education_status = 'Advanced Degree'::bpchar))
                     Rows Removed by Filter: 1
                     Buffers: shared hit=11832 read=508
         ->  Index Scan using customer_address_pkey on customer_address  (cost=0.42..7.36 rows=1 width=35) (actual time=0.018..0.018 rows=0 loops=104)
               Index Cond: (ca_address_sk = customer.c_current_addr_sk)
               Filter: (ca_state = ANY ('{IA,OK,VA}'::bpchar[]))
               Rows Removed by Filter: 1
               Buffers: shared hit=245 read=171
 Planning:
   Buffers: shared hit=406 read=48
 Planning Time: 4.563 ms
 Execution Time: 43586.347 ms
(53 rows)

