                                                                                  QUERY PLAN                                                                                   
-------------------------------------------------------------------------------------------------------------------------------------------------------------------------------
 Aggregate  (cost=5973248.00..5973248.01 rows=1 width=268) (actual time=49959.868..49959.873 rows=1 loops=1)
   Buffers: shared hit=553921 read=3712570
   ->  Nested Loop  (cost=17119.15..5973247.95 rows=2 width=81) (actual time=203.043..49959.565 rows=49 loops=1)
         Buffers: shared hit=553921 read=3712570
         ->  Nested Loop  (cost=17118.72..5972953.78 rows=40 width=54) (actual time=131.008..49942.604 rows=997 loops=1)
               Buffers: shared hit=551829 read=3710674
               ->  Nested Loop  (cost=17118.29..5971196.13 rows=239 width=50) (actual time=129.834..49871.974 rows=5615 loops=1)
                     Buffers: shared hit=530134 read=3709941
                     ->  Nested Loop  (cost=17117.87..5945980.26 rows=3428 width=50) (actual time=126.355..48659.557 rows=126397 loops=1)
                           Buffers: shared hit=45887 read=3689260
                           ->  Hash Join  (cost=17117.56..5913402.16 rows=691740 width=54) (actual time=126.315..48225.608 rows=1430120 loops=1)
                                 Hash Cond: (catalog_sales.cs_item_sk = item.i_item_sk)
                                 Buffers: shared hit=39476 read=3689260
                                 ->  Seq Scan on catalog_sales  (cost=0.00..5874397.76 rows=8337669 width=41) (actual time=0.050..46401.786 rows=8349119 loops=1)
                                       Filter: ((cs_wholesale_cost >= '8'::numeric) AND (cs_wholesale_cost <= '13'::numeric))
                                       Rows Removed by Filter: 135643180
                                       Buffers: shared hit=25120 read=3689260
                                 ->  Hash  (cost=16906.00..16906.00 rows=16925 width=21) (actual time=125.963..125.964 rows=17141 loops=1)
                                       Buckets: 32768  Batches: 1  Memory Usage: 1194kB
                                       Buffers: shared hit=14356
                                       ->  Seq Scan on item  (cost=0.00..16906.00 rows=16925 width=21) (actual time=0.019..121.521 rows=17141 loops=1)
                                             Filter: (i_category = 'Home'::bpchar)
                                             Rows Removed by Filter: 186859
                                             Buffers: shared hit=14356
                           ->  Memoize  (cost=0.30..7.22 rows=1 width=4) (actual time=0.000..0.000 rows=0 loops=1430120)
                                 Cache Key: catalog_sales.cs_sold_date_sk
                                 Cache Mode: logical
                                 Hits: 1427982  Misses: 2138  Evictions: 0  Overflows: 0  Memory Usage: 155kB
                                 Buffers: shared hit=6411
                                 ->  Index Scan using date_dim_pkey on date_dim  (cost=0.29..7.21 rows=1 width=4) (actual time=0.012..0.012 rows=0 loops=2138)
                                       Index Cond: (d_date_sk = catalog_sales.cs_sold_date_sk)
                                       Filter: (d_year = 1998)
                                       Rows Removed by Filter: 1
                                       Buffers: shared hit=6411
                     ->  Index Scan using customer_demographics_pkey on customer_demographics  (cost=0.43..7.36 rows=1 width=8) (actual time=0.009..0.009 rows=0 loops=126397)
                           Index Cond: (cd_demo_sk = catalog_sales.cs_bill_cdemo_sk)
                           Filter: ((cd_gender = 'F'::bpchar) AND (cd_education_status = 'Unknown'::bpchar))
                           Rows Removed by Filter: 1
                           Buffers: shared hit=484247 read=20681
               ->  Index Scan using customer_pkey on customer  (cost=0.43..7.35 rows=1 width=12) (actual time=0.012..0.012 rows=0 loops=5615)
                     Index Cond: (c_customer_sk = catalog_sales.cs_bill_customer_sk)
                     Filter: (c_birth_month = 4)
                     Rows Removed by Filter: 1
                     Buffers: shared hit=21695 read=733
         ->  Index Scan using customer_address_pkey on customer_address  (cost=0.42..7.35 rows=1 width=35) (actual time=0.016..0.016 rows=0 loops=997)
               Index Cond: (ca_address_sk = customer.c_current_addr_sk)
               Filter: (ca_state = ANY ('{OH,OR,PA}'::bpchar[]))
               Rows Removed by Filter: 1
               Buffers: shared hit=2092 read=1896
 Planning:
   Buffers: shared hit=454
 Planning Time: 4.706 ms
 Execution Time: 49960.533 ms
(53 rows)

