                                                                              QUERY PLAN                                                                               
-----------------------------------------------------------------------------------------------------------------------------------------------------------------------
 Aggregate  (cost=5943157.56..5943157.57 rows=1 width=268) (actual time=43258.510..43258.514 rows=1 loops=1)
   Buffers: shared hit=222380 read=3677779
   ->  Nested Loop  (cost=17073.85..5943157.53 rows=1 width=81) (actual time=27369.935..43258.414 rows=14 loops=1)
         Buffers: shared hit=222380 read=3677779
         ->  Nested Loop  (cost=17073.42..5943098.66 rows=8 width=54) (actual time=25670.005..43251.187 rows=365 loops=1)
               Buffers: shared hit=221629 read=3677070
               ->  Nested Loop  (cost=17072.99..5942215.95 rows=120 width=54) (actual time=25620.456..43220.650 rows=2556 loops=1)
                     Buffers: shared hit=211795 read=3676688
                     ->  Nested Loop  (cost=17072.57..5929507.61 rows=1728 width=50) (actual time=25618.281..42779.888 rows=38388 loops=1)
                           Buffers: shared hit=65480 read=3669667
                           ->  Hash Join  (cost=17072.26..5905506.83 rows=348646 width=54) (actual time=127.496..42681.409 rows=187296 loops=1)
                                 Hash Cond: (catalog_sales.cs_item_sk = item.i_item_sk)
                                 Buffers: shared hit=59069 read=3669667
                                 ->  Seq Scan on catalog_sales  (cost=0.00..5874397.76 rows=5347244 width=41) (actual time=0.043..41459.639 rows=5484290 loops=1)
                                       Filter: ((cs_wholesale_cost >= '100'::numeric) AND (cs_wholesale_cost <= '105'::numeric))
                                       Rows Removed by Filter: 138508009
                                       Buffers: shared hit=44715 read=3669665
                                 ->  Hash  (cost=16906.00..16906.00 rows=13301 width=21) (actual time=126.783..126.784 rows=13933 loops=1)
                                       Buckets: 16384  Batches: 1  Memory Usage: 890kB
                                       Buffers: shared hit=14354 read=2
                                       ->  Seq Scan on item  (cost=0.00..16906.00 rows=13301 width=21) (actual time=0.017..123.170 rows=13933 loops=1)
                                             Filter: (i_category = 'Men'::bpchar)
                                             Rows Removed by Filter: 190067
                                             Buffers: shared hit=14354 read=2
                           ->  Memoize  (cost=0.30..7.22 rows=1 width=4) (actual time=0.000..0.000 rows=0 loops=187296)
                                 Cache Key: catalog_sales.cs_sold_date_sk
                                 Cache Mode: logical
                                 Hits: 185158  Misses: 2138  Evictions: 0  Overflows: 0  Memory Usage: 155kB
                                 Buffers: shared hit=6411
                                 ->  Index Scan using date_dim_pkey on date_dim  (cost=0.29..7.21 rows=1 width=4) (actual time=0.012..0.012 rows=0 loops=2138)
                                       Index Cond: (d_date_sk = catalog_sales.cs_sold_date_sk)
                                       Filter: (d_year = 2002)
                                       Rows Removed by Filter: 1
                                       Buffers: shared hit=6411
                     ->  Index Scan using customer_pkey on customer  (cost=0.43..7.35 rows=1 width=12) (actual time=0.011..0.011 rows=0 loops=38388)
                           Index Cond: (c_customer_sk = catalog_sales.cs_bill_customer_sk)
                           Filter: (c_birth_month = 12)
                           Rows Removed by Filter: 1
                           Buffers: shared hit=146315 read=7021
               ->  Index Scan using customer_demographics_pkey on customer_demographics  (cost=0.43..7.36 rows=1 width=8) (actual time=0.011..0.011 rows=0 loops=2556)
                     Index Cond: (cd_demo_sk = catalog_sales.cs_bill_cdemo_sk)
                     Filter: ((cd_gender = 'M'::bpchar) AND (cd_education_status = 'Unknown'::bpchar))
                     Rows Removed by Filter: 1
                     Buffers: shared hit=9834 read=382
         ->  Index Scan using customer_address_pkey on customer_address  (cost=0.42..7.36 rows=1 width=35) (actual time=0.019..0.019 rows=0 loops=365)
               Index Cond: (ca_address_sk = customer.c_current_addr_sk)
               Filter: (ca_state = ANY ('{KS,LA,TX}'::bpchar[]))
               Rows Removed by Filter: 1
               Buffers: shared hit=751 read=709
 Planning:
   Buffers: shared hit=454
 Planning Time: 4.349 ms
 Execution Time: 43259.139 ms
(53 rows)

