                                                                              QUERY PLAN                                                                               
-----------------------------------------------------------------------------------------------------------------------------------------------------------------------
 Aggregate  (cost=5952544.69..5952544.70 rows=1 width=268) (actual time=44976.756..44976.760 rows=1 loops=1)
   Buffers: shared hit=349799 read=3776516
   ->  Nested Loop  (cost=17045.03..5952544.67 rows=1 width=81) (actual time=18826.903..44976.446 rows=47 loops=1)
         Buffers: shared hit=349799 read=3776516
         ->  Nested Loop  (cost=17044.61..5952471.08 rows=10 width=54) (actual time=18821.253..44962.391 rows=808 loops=1)
               Buffers: shared hit=348086 read=3774997
               ->  Nested Loop  (cost=17044.18..5951441.26 rows=140 width=54) (actual time=18821.219..44887.643 rows=6253 loops=1)
                     Buffers: shared hit=323303 read=3774768
                     ->  Nested Loop  (cost=17043.75..5936644.54 rows=2012 width=50) (actual time=18819.744..43807.743 rows=90847 loops=1)
                           Buffers: shared hit=35495 read=3699652
                           ->  Hash Join  (cost=17043.45..5911211.18 rows=405950 width=54) (actual time=118.423..43641.467 rows=449731 loops=1)
                                 Hash Cond: (catalog_sales.cs_item_sk = item.i_item_sk)
                                 Buffers: shared hit=29084 read=3699652
                                 ->  Seq Scan on catalog_sales  (cost=0.00..5874397.76 rows=7531262 width=41) (actual time=0.043..42171.751 rows=7518631 loops=1)
                                       Filter: ((cs_wholesale_cost >= '84'::numeric) AND (cs_wholesale_cost <= '89'::numeric))
                                       Rows Removed by Filter: 136473668
                                       Buffers: shared hit=14728 read=3699652
                                 ->  Hash  (cost=16906.00..16906.00 rows=10996 width=21) (actual time=117.997..117.998 rows=11037 loops=1)
                                       Buckets: 16384  Batches: 1  Memory Usage: 732kB
                                       Buffers: shared hit=14356
                                       ->  Seq Scan on item  (cost=0.00..16906.00 rows=10996 width=21) (actual time=0.052..115.446 rows=11037 loops=1)
                                             Filter: (i_category = 'Women'::bpchar)
                                             Rows Removed by Filter: 192963
                                             Buffers: shared hit=14356
                           ->  Memoize  (cost=0.30..7.22 rows=1 width=4) (actual time=0.000..0.000 rows=0 loops=449731)
                                 Cache Key: catalog_sales.cs_sold_date_sk
                                 Cache Mode: logical
                                 Hits: 447593  Misses: 2138  Evictions: 0  Overflows: 0  Memory Usage: 155kB
                                 Buffers: shared hit=6411
                                 ->  Index Scan using date_dim_pkey on date_dim  (cost=0.29..7.21 rows=1 width=4) (actual time=0.012..0.012 rows=0 loops=2138)
                                       Index Cond: (d_date_sk = catalog_sales.cs_sold_date_sk)
                                       Filter: (d_year = 2001)
                                       Rows Removed by Filter: 1
                                       Buffers: shared hit=6411
                     ->  Index Scan using customer_pkey on customer  (cost=0.43..7.35 rows=1 width=12) (actual time=0.012..0.012 rows=0 loops=90847)
                           Index Cond: (c_customer_sk = catalog_sales.cs_bill_customer_sk)
                           Filter: (c_birth_month = 12)
                           Rows Removed by Filter: 1
                           Buffers: shared hit=287808 read=75116
               ->  Index Scan using customer_demographics_pkey on customer_demographics  (cost=0.43..7.36 rows=1 width=8) (actual time=0.012..0.012 rows=0 loops=6253)
                     Index Cond: (cd_demo_sk = catalog_sales.cs_bill_cdemo_sk)
                     Filter: ((cd_gender = 'M'::bpchar) AND (cd_education_status = '4 yr Degree'::bpchar))
                     Rows Removed by Filter: 1
                     Buffers: shared hit=24783 read=229
         ->  Index Scan using customer_address_pkey on customer_address  (cost=0.42..7.36 rows=1 width=35) (actual time=0.017..0.017 rows=0 loops=808)
               Index Cond: (ca_address_sk = customer.c_current_addr_sk)
               Filter: (ca_state = ANY ('{MT,NV,TX}'::bpchar[]))
               Rows Removed by Filter: 1
               Buffers: shared hit=1713 read=1519
 Planning:
   Buffers: shared hit=454
 Planning Time: 4.136 ms
 Execution Time: 44977.373 ms
(53 rows)

