                                                                                  QUERY PLAN                                                                                  
------------------------------------------------------------------------------------------------------------------------------------------------------------------------------
 Aggregate  (cost=5926229.95..5926229.96 rows=1 width=268) (actual time=43279.565..43279.569 rows=1 loops=1)
   Buffers: shared hit=136727 read=3654208
   ->  Nested Loop  (cost=17019.78..5926229.92 rows=1 width=81) (actual time=11764.657..43279.493 rows=10 loops=1)
         Buffers: shared hit=136727 read=3654208
         ->  Nested Loop  (cost=17019.36..5926171.08 rows=8 width=54) (actual time=11664.978..43275.496 rows=198 loops=1)
               Buffers: shared hit=136313 read=3653830
               ->  Nested Loop  (cost=17018.93..5925759.23 rows=56 width=50) (actual time=11664.947..43252.685 rows=1343 loops=1)
                     Buffers: shared hit=131986 read=3652789
                     ->  Nested Loop  (cost=17018.50..5920021.52 rows=780 width=50) (actual time=11657.818..43087.697 rows=12427 loops=1)
                           Buffers: shared hit=82877 read=3652270
                           ->  Hash Join  (cost=17018.20..5900803.24 rows=157345 width=54) (actual time=128.717..43019.246 rows=78346 loops=1)
                                 Hash Cond: (catalog_sales.cs_item_sk = item.i_item_sk)
                                 Buffers: shared hit=76466 read=3652270
                                 ->  Seq Scan on catalog_sales  (cost=0.00..5874397.76 rows=3576029 width=41) (actual time=0.207..42212.249 rows=3595775 loops=1)
                                       Filter: ((cs_wholesale_cost >= '77'::numeric) AND (cs_wholesale_cost <= '82'::numeric))
                                       Rows Removed by Filter: 140396524
                                       Buffers: shared hit=76230 read=3638150
                                 ->  Hash  (cost=16906.00..16906.00 rows=8976 width=21) (actual time=127.971..127.972 rows=8826 loops=1)
                                       Buckets: 16384  Batches: 1  Memory Usage: 611kB
                                       Buffers: shared hit=236 read=14120
                                       ->  Seq Scan on item  (cost=0.00..16906.00 rows=8976 width=21) (actual time=0.009..125.661 rows=8826 loops=1)
                                             Filter: (i_category = 'Jewelry'::bpchar)
                                             Rows Removed by Filter: 195174
                                             Buffers: shared hit=236 read=14120
                           ->  Memoize  (cost=0.30..7.22 rows=1 width=4) (actual time=0.001..0.001 rows=0 loops=78346)
                                 Cache Key: catalog_sales.cs_sold_date_sk
                                 Cache Mode: logical
                                 Hits: 76208  Misses: 2138  Evictions: 0  Overflows: 0  Memory Usage: 155kB
                                 Buffers: shared hit=6411
                                 ->  Index Scan using date_dim_pkey on date_dim  (cost=0.29..7.21 rows=1 width=4) (actual time=0.012..0.012 rows=0 loops=2138)
                                       Index Cond: (d_date_sk = catalog_sales.cs_sold_date_sk)
                                       Filter: (d_year = 2000)
                                       Rows Removed by Filter: 1
                                       Buffers: shared hit=6411
                     ->  Index Scan using customer_demographics_pkey on customer_demographics  (cost=0.43..7.36 rows=1 width=8) (actual time=0.013..0.013 rows=0 loops=12427)
                           Index Cond: (cd_demo_sk = catalog_sales.cs_bill_cdemo_sk)
                           Filter: ((cd_gender = 'M'::bpchar) AND (cd_education_status = 'College'::bpchar))
                           Rows Removed by Filter: 1
                           Buffers: shared hit=49109 read=519
               ->  Index Scan using customer_pkey on customer  (cost=0.43..7.35 rows=1 width=12) (actual time=0.016..0.016 rows=0 loops=1343)
                     Index Cond: (c_customer_sk = catalog_sales.cs_bill_customer_sk)
                     Filter: (c_birth_month = 10)
                     Rows Removed by Filter: 1
                     Buffers: shared hit=4327 read=1041
         ->  Index Scan using customer_address_pkey on customer_address  (cost=0.42..7.35 rows=1 width=35) (actual time=0.019..0.019 rows=0 loops=198)
               Index Cond: (ca_address_sk = customer.c_current_addr_sk)
               Filter: (ca_state = ANY ('{KS,KY,NE}'::bpchar[]))
               Rows Removed by Filter: 1
               Buffers: shared hit=414 read=378
 Planning:
   Buffers: shared hit=454
 Planning Time: 3.259 ms
 Execution Time: 43280.013 ms
(53 rows)

