                                                                                  QUERY PLAN                                                                                   
-------------------------------------------------------------------------------------------------------------------------------------------------------------------------------
 Aggregate  (cost=6022744.15..6022744.16 rows=1 width=268) (actual time=53425.791..53425.797 rows=1 loops=1)
   Buffers: shared hit=1372884 read=3672858
   ->  Nested Loop  (cost=19717.88..6022743.95 rows=7 width=81) (actual time=159.754..53425.521 rows=42 loops=1)
         Buffers: shared hit=1372884 read=3672858
         ->  Nested Loop  (cost=19717.46..6021912.86 rows=113 width=54) (actual time=144.964..53401.616 rows=939 loops=1)
               Buffers: shared hit=1370851 read=3671135
               ->  Nested Loop  (cost=19717.03..6015904.57 rows=817 width=50) (actual time=144.941..53269.403 rows=6721 loops=1)
                     Buffers: shared hit=1349419 read=3665699
                     ->  Hash Join  (cost=19716.60..5931357.04 rows=11494 width=50) (actual time=144.840..48547.032 rows=321616 loops=1)
                           Hash Cond: (catalog_sales.cs_item_sk = item.i_item_sk)
                           Buffers: shared hit=76044 read=3654166
                           ->  Hash Join  (cost=2391.64..5913848.44 rows=69957 width=37) (actual time=26.639..48073.836 rows=1896832 loops=1)
                                 Hash Cond: (catalog_sales.cs_sold_date_sk = date_dim.d_date_sk)
                                 Buffers: shared hit=61878 read=3653976
                                 ->  Seq Scan on catalog_sales  (cost=0.00..5874397.76 rows=14116916 width=41) (actual time=0.673..46590.771 rows=14129630 loops=1)
                                       Filter: ((cs_wholesale_cost >= '16'::numeric) AND (cs_wholesale_cost <= '21'::numeric))
                                       Rows Removed by Filter: 129862669
                                       Buffers: shared hit=61836 read=3652544
                                 ->  Hash  (cost=2387.11..2387.11 rows=362 width=4) (actual time=25.921..25.921 rows=365 loops=1)
                                       Buckets: 1024  Batches: 1  Memory Usage: 21kB
                                       Buffers: shared hit=42 read=1432
                                       ->  Seq Scan on date_dim  (cost=0.00..2387.11 rows=362 width=4) (actual time=16.404..25.864 rows=365 loops=1)
                                             Filter: (d_year = 1998)
                                             Rows Removed by Filter: 72684
                                             Buffers: shared hit=42 read=1432
                           ->  Hash  (cost=16906.00..16906.00 rows=33517 width=21) (actual time=117.920..117.921 rows=33627 loops=1)
                                 Buckets: 65536  Batches: 1  Memory Usage: 2351kB
                                 Buffers: shared hit=14166 read=190
                                 ->  Seq Scan on item  (cost=0.00..16906.00 rows=33517 width=21) (actual time=0.027..111.435 rows=33627 loops=1)
                                       Filter: (i_category = 'Shoes'::bpchar)
                                       Rows Removed by Filter: 170373
                                       Buffers: shared hit=14166 read=190
                     ->  Index Scan using customer_demographics_pkey on customer_demographics  (cost=0.43..7.36 rows=1 width=8) (actual time=0.014..0.014 rows=0 loops=321616)
                           Index Cond: (cd_demo_sk = catalog_sales.cs_bill_cdemo_sk)
                           Filter: ((cd_gender = 'M'::bpchar) AND (cd_education_status = 'Secondary'::bpchar))
                           Rows Removed by Filter: 1
                           Buffers: shared hit=1273375 read=11533
               ->  Index Scan using customer_pkey on customer  (cost=0.43..7.35 rows=1 width=12) (actual time=0.019..0.019 rows=0 loops=6721)
                     Index Cond: (c_customer_sk = catalog_sales.cs_bill_customer_sk)
                     Filter: (c_birth_month = 10)
                     Rows Removed by Filter: 1
                     Buffers: shared hit=21432 read=5436
         ->  Index Scan using customer_address_pkey on customer_address  (cost=0.42..7.35 rows=1 width=35) (actual time=0.025..0.025 rows=0 loops=939)
               Index Cond: (ca_address_sk = customer.c_current_addr_sk)
               Filter: (ca_state = ANY ('{MS,TN,VT}'::bpchar[]))
               Rows Removed by Filter: 1
               Buffers: shared hit=2033 read=1723
 Planning:
   Buffers: shared hit=454
 Planning Time: 6.148 ms
 Execution Time: 53426.400 ms
(51 rows)

