                                                                            QUERY PLAN                                                                            
------------------------------------------------------------------------------------------------------------------------------------------------------------------
 Aggregate  (cost=6029945.03..6029945.04 rows=1 width=268) (actual time=50250.855..50250.860 rows=1 loops=1)
   Buffers: shared hit=589008 read=3809623
   ->  Nested Loop  (cost=17326.55..6029945.00 rows=1 width=81) (actual time=21678.048..50250.824 rows=4 loops=1)
         Buffers: shared hit=589008 read=3809623
         ->  Nested Loop  (cost=17326.12..6029790.53 rows=21 width=81) (actual time=21040.798..50246.041 rows=313 loops=1)
               Buffers: shared hit=587769 read=3809610
               ->  Nested Loop  (cost=17325.69..6027537.13 rows=306 width=54) (actual time=20882.273..50156.122 rows=6309 loops=1)
                     Buffers: shared hit=572260 read=3799883
                     ->  Nested Loop  (cost=17325.27..5970799.74 rows=7715 width=50) (actual time=20879.855..48415.464 rows=159445 loops=1)
                           Buffers: shared hit=41833 read=3693314
                           ->  Hash Join  (cost=17324.96..5916595.84 rows=1556779 width=54) (actual time=138.427..48046.426 rows=1164985 loops=1)
                                 Hash Cond: (catalog_sales.cs_item_sk = item.i_item_sk)
                                 Buffers: shared hit=35422 read=3693314
                                 ->  Seq Scan on catalog_sales  (cost=0.00..5874397.76 rows=9475278 width=41) (actual time=0.377..46022.622 rows=9280537 loops=1)
                                       Filter: ((cs_wholesale_cost >= '4'::numeric) AND (cs_wholesale_cost <= '9'::numeric))
                                       Rows Removed by Filter: 134711762
                                       Buffers: shared hit=21066 read=3693314
                                 ->  Hash  (cost=16906.00..16906.00 rows=33517 width=21) (actual time=137.478..137.479 rows=33627 loops=1)
                                       Buckets: 65536  Batches: 1  Memory Usage: 2351kB
                                       Buffers: shared hit=14356
                                       ->  Seq Scan on item  (cost=0.00..16906.00 rows=33517 width=21) (actual time=0.044..129.258 rows=33627 loops=1)
                                             Filter: (i_category = 'Shoes'::bpchar)
                                             Rows Removed by Filter: 170373
                                             Buffers: shared hit=14356
                           ->  Memoize  (cost=0.30..7.22 rows=1 width=4) (actual time=0.000..0.000 rows=0 loops=1164985)
                                 Cache Key: catalog_sales.cs_sold_date_sk
                                 Cache Mode: logical
                                 Hits: 1162847  Misses: 2138  Evictions: 0  Overflows: 0  Memory Usage: 155kB
                                 Buffers: shared hit=6411
                                 ->  Index Scan using date_dim_pkey on date_dim  (cost=0.29..7.21 rows=1 width=4) (actual time=0.013..0.013 rows=0 loops=2138)
                                       Index Cond: (d_date_sk = catalog_sales.cs_sold_date_sk)
                                       Filter: (d_year = 2001)
                                       Rows Removed by Filter: 1
                                       Buffers: shared hit=6411
                     ->  Index Scan using customer_pkey on customer  (cost=0.43..7.35 rows=1 width=12) (actual time=0.011..0.011 rows=0 loops=159445)
                           Index Cond: (c_customer_sk = catalog_sales.cs_bill_customer_sk)
                           Filter: (c_birth_month = 9)
                           Rows Removed by Filter: 1
                           Buffers: shared hit=530427 read=106569
               ->  Index Scan using customer_address_pkey on customer_address  (cost=0.42..7.36 rows=1 width=35) (actual time=0.014..0.014 rows=0 loops=6309)
                     Index Cond: (ca_address_sk = customer.c_current_addr_sk)
                     Filter: (ca_state = ANY ('{IN,MS,MT}'::bpchar[]))
                     Rows Removed by Filter: 1
                     Buffers: shared hit=15509 read=9727
         ->  Index Scan using customer_demographics_pkey on customer_demographics  (cost=0.43..7.36 rows=1 width=8) (actual time=0.014..0.014 rows=0 loops=313)
               Index Cond: (cd_demo_sk = catalog_sales.cs_bill_cdemo_sk)
               Filter: ((cd_gender = 'F'::bpchar) AND (cd_education_status = 'Primary'::bpchar))
               Rows Removed by Filter: 1
               Buffers: shared hit=1239 read=13
 Planning:
   Buffers: shared hit=454
 Planning Time: 4.836 ms
 Execution Time: 50251.528 ms
(53 rows)

