                                                                              QUERY PLAN                                                                              
----------------------------------------------------------------------------------------------------------------------------------------------------------------------
 Aggregate  (cost=5921729.05..5921729.06 rows=1 width=268) (actual time=45422.731..45422.735 rows=1 loops=1)
   Buffers: shared hit=90322 read=3669842
   ->  Nested Loop  (cost=16954.16..5921729.02 rows=1 width=81) (actual time=14777.891..45422.723 rows=1 loops=1)
         Buffers: shared hit=90322 read=3669842
         ->  Nested Loop  (cost=16953.73..5921714.31 rows=2 width=54) (actual time=12681.386..45422.508 rows=9 loops=1)
               Buffers: shared hit=90303 read=3669825
               ->  Nested Loop  (cost=16953.31..5921530.41 rows=25 width=54) (actual time=12089.391..45414.311 rows=431 loops=1)
                     Buffers: shared hit=88598 read=3669806
                     ->  Nested Loop  (cost=16952.88..5918882.78 rows=360 width=50) (actual time=12089.344..45315.420 rows=5822 loops=1)
                           Buffers: shared hit=68651 read=3666493
                           ->  Hash Join  (cost=16952.58..5901783.43 rows=72592 width=54) (actual time=135.488..45260.105 rows=36194 loops=1)
                                 Hash Cond: (catalog_sales.cs_item_sk = item.i_item_sk)
                                 Buffers: shared hit=62243 read=3666493
                                 ->  Seq Scan on catalog_sales  (cost=0.00..5874397.76 rows=3974433 width=41) (actual time=0.109..44417.801 rows=3999274 loops=1)
                                       Filter: ((cs_wholesale_cost >= '41'::numeric) AND (cs_wholesale_cost <= '46'::numeric))
                                       Rows Removed by Filter: 139993025
                                       Buffers: shared hit=62243 read=3652137
                                 ->  Hash  (cost=16906.00..16906.00 rows=3726 width=21) (actual time=133.280..133.281 rows=3713 loops=1)
                                       Buckets: 4096  Batches: 1  Memory Usage: 236kB
                                       Buffers: shared read=14356
                                       ->  Seq Scan on item  (cost=0.00..16906.00 rows=3726 width=21) (actual time=0.075..132.134 rows=3713 loops=1)
                                             Filter: (i_category = 'Music'::bpchar)
                                             Rows Removed by Filter: 200287
                                             Buffers: shared read=14356
                           ->  Memoize  (cost=0.30..7.22 rows=1 width=4) (actual time=0.001..0.001 rows=0 loops=36194)
                                 Cache Key: catalog_sales.cs_sold_date_sk
                                 Cache Mode: logical
                                 Hits: 34057  Misses: 2137  Evictions: 0  Overflows: 0  Memory Usage: 155kB
                                 Buffers: shared hit=6408
                                 ->  Index Scan using date_dim_pkey on date_dim  (cost=0.29..7.21 rows=1 width=4) (actual time=0.012..0.012 rows=0 loops=2137)
                                       Index Cond: (d_date_sk = catalog_sales.cs_sold_date_sk)
                                       Filter: (d_year = 2000)
                                       Rows Removed by Filter: 1
                                       Buffers: shared hit=6408
                     ->  Index Scan using customer_pkey on customer  (cost=0.43..7.35 rows=1 width=12) (actual time=0.017..0.017 rows=0 loops=5822)
                           Index Cond: (c_customer_sk = catalog_sales.cs_bill_customer_sk)
                           Filter: (c_birth_month = 12)
                           Rows Removed by Filter: 1
                           Buffers: shared hit=19947 read=3313
               ->  Index Scan using customer_demographics_pkey on customer_demographics  (cost=0.43..7.36 rows=1 width=8) (actual time=0.018..0.018 rows=0 loops=431)
                     Index Cond: (cd_demo_sk = catalog_sales.cs_bill_cdemo_sk)
                     Filter: ((cd_gender = 'M'::bpchar) AND (cd_education_status = 'Advanced Degree'::bpchar))
                     Rows Removed by Filter: 1
                     Buffers: shared hit=1705 read=19
         ->  Index Scan using customer_address_pkey on customer_address  (cost=0.42..7.36 rows=1 width=35) (actual time=0.022..0.022 rows=0 loops=9)
               Index Cond: (ca_address_sk = customer.c_current_addr_sk)
               Filter: (ca_state = ANY ('{IL,IN,TX}'::bpchar[]))
               Rows Removed by Filter: 1
               Buffers: shared hit=19 read=17
 Planning:
   Buffers: shared hit=405 read=49
 Planning Time: 5.453 ms
 Execution Time: 45423.323 ms
(53 rows)

