                                                                                  QUERY PLAN                                                                                  
------------------------------------------------------------------------------------------------------------------------------------------------------------------------------
 Aggregate  (cost=5953114.08..5953114.09 rows=1 width=268) (actual time=52658.691..52658.697 rows=1 loops=1)
   Buffers: shared hit=224311 read=3669804
   ->  Nested Loop  (cost=17019.78..5953114.06 rows=1 width=81) (actual time=31164.458..52658.518 rows=22 loops=1)
         Buffers: shared hit=224311 read=3669804
         ->  Nested Loop  (cost=17019.36..5953003.72 rows=15 width=54) (actual time=30952.592..52616.844 rows=218 loops=1)
               Buffers: shared hit=223820 read=3669423
               ->  Nested Loop  (cost=17018.93..5952055.03 rows=129 width=50) (actual time=30914.805..52587.165 rows=1765 loops=1)
                     Buffers: shared hit=217827 read=3668356
                     ->  Nested Loop  (cost=17018.50..5938402.58 rows=1856 width=50) (actual time=30905.181..51857.604 rows=37801 loops=1)
                           Buffers: shared hit=75546 read=3659601
                           ->  Hash Join  (cost=17018.20..5913756.41 rows=374461 width=54) (actual time=139.699..51727.897 rows=184363 loops=1)
                                 Hash Cond: (catalog_sales.cs_item_sk = item.i_item_sk)
                                 Buffers: shared hit=69136 read=3659600
                                 ->  Seq Scan on catalog_sales  (cost=0.00..5874397.76 rows=8510470 width=41) (actual time=0.030..50055.441 rows=8494738 loops=1)
                                       Filter: ((cs_wholesale_cost >= '66'::numeric) AND (cs_wholesale_cost <= '71'::numeric))
                                       Rows Removed by Filter: 135497561
                                       Buffers: shared hit=69136 read=3645244
                                 ->  Hash  (cost=16906.00..16906.00 rows=8976 width=21) (actual time=139.475..139.476 rows=8826 loops=1)
                                       Buckets: 16384  Batches: 1  Memory Usage: 611kB
                                       Buffers: shared read=14356
                                       ->  Seq Scan on item  (cost=0.00..16906.00 rows=8976 width=21) (actual time=0.090..136.711 rows=8826 loops=1)
                                             Filter: (i_category = 'Jewelry'::bpchar)
                                             Rows Removed by Filter: 195174
                                             Buffers: shared read=14356
                           ->  Memoize  (cost=0.30..7.22 rows=1 width=4) (actual time=0.000..0.000 rows=0 loops=184363)
                                 Cache Key: catalog_sales.cs_sold_date_sk
                                 Cache Mode: logical
                                 Hits: 182225  Misses: 2138  Evictions: 0  Overflows: 0  Memory Usage: 155kB
                                 Buffers: shared hit=6410 read=1
                                 ->  Index Scan using date_dim_pkey on date_dim  (cost=0.29..7.21 rows=1 width=4) (actual time=0.017..0.017 rows=0 loops=2138)
                                       Index Cond: (d_date_sk = catalog_sales.cs_sold_date_sk)
                                       Filter: (d_year = 2002)
                                       Rows Removed by Filter: 1
                                       Buffers: shared hit=6410 read=1
                     ->  Index Scan using customer_demographics_pkey on customer_demographics  (cost=0.43..7.36 rows=1 width=8) (actual time=0.019..0.019 rows=0 loops=37801)
                           Index Cond: (cd_demo_sk = catalog_sales.cs_bill_cdemo_sk)
                           Filter: ((cd_gender = 'F'::bpchar) AND (cd_education_status = 'Unknown'::bpchar))
                           Rows Removed by Filter: 1
                           Buffers: shared hit=142281 read=8755
               ->  Index Scan using customer_pkey on customer  (cost=0.43..7.35 rows=1 width=12) (actual time=0.016..0.016 rows=0 loops=1765)
                     Index Cond: (c_customer_sk = catalog_sales.cs_bill_customer_sk)
                     Filter: (c_birth_month = 8)
                     Rows Removed by Filter: 1
                     Buffers: shared hit=5993 read=1067
         ->  Index Scan using customer_address_pkey on customer_address  (cost=0.42..7.36 rows=1 width=35) (actual time=0.190..0.190 rows=0 loops=218)
               Index Cond: (ca_address_sk = customer.c_current_addr_sk)
               Filter: (ca_state = ANY ('{GA,NC,PA}'::bpchar[]))
               Rows Removed by Filter: 1
               Buffers: shared hit=491 read=381
 Planning:
   Buffers: shared hit=454
 Planning Time: 2.028 ms
 Execution Time: 52659.015 ms
(53 rows)

