                                                                              QUERY PLAN                                                                               
-----------------------------------------------------------------------------------------------------------------------------------------------------------------------
 Aggregate  (cost=5991618.24..5991618.25 rows=1 width=268) (actual time=65786.020..65786.025 rows=1 loops=1)
   Buffers: shared hit=1920269 read=3831745
   ->  Nested Loop  (cost=2393.34..5991618.22 rows=1 width=81) (actual time=23239.620..65785.906 rows=13 loops=1)
         Buffers: shared hit=1920269 read=3831745
         ->  Nested Loop  (cost=2392.92..5991603.53 rows=2 width=68) (actual time=23239.589..65780.488 rows=55 loops=1)
               Buffers: shared hit=1920114 read=3831680
               ->  Nested Loop  (cost=2392.49..5991353.42 rows=34 width=68) (actual time=23071.855..65754.968 rows=1155 loops=1)
                     Buffers: shared hit=1915545 read=3831633
                     ->  Nested Loop  (cost=2392.07..5987259.01 rows=556 width=41) (actual time=23011.203..64135.775 rows=19464 loops=1)
                           Buffers: shared hit=1857316 read=3812006
                           ->  Hash Join  (cost=2391.64..5884211.29 rows=14011 width=37) (actual time=23010.175..55489.009 rows=488984 loops=1)
                                 Hash Cond: (catalog_sales.cs_sold_date_sk = date_dim.d_date_sk)
                                 Buffers: shared hit=48307 read=3667547
                                 ->  Seq Scan on catalog_sales  (cost=0.00..5874397.76 rows=2827223 width=41) (actual time=0.121..54980.474 rows=2916247 loops=1)
                                       Filter: ((cs_wholesale_cost >= '1'::numeric) AND (cs_wholesale_cost <= '6'::numeric))
                                       Rows Removed by Filter: 141076052
                                       Buffers: shared hit=47731 read=3666649
                                 ->  Hash  (cost=2387.11..2387.11 rows=362 width=4) (actual time=14.337..14.338 rows=365 loops=1)
                                       Buckets: 1024  Batches: 1  Memory Usage: 21kB
                                       Buffers: shared hit=576 read=898
                                       ->  Seq Scan on date_dim  (cost=0.00..2387.11 rows=362 width=4) (actual time=6.945..14.291 rows=365 loops=1)
                                             Filter: (d_year = 2001)
                                             Rows Removed by Filter: 72684
                                             Buffers: shared hit=576 read=898
                           ->  Index Scan using customer_pkey on customer  (cost=0.43..7.35 rows=1 width=12) (actual time=0.017..0.017 rows=0 loops=488984)
                                 Index Cond: (c_customer_sk = catalog_sales.cs_bill_customer_sk)
                                 Filter: (c_birth_month = 9)
                                 Rows Removed by Filter: 1
                                 Buffers: shared hit=1809009 read=144459
                     ->  Index Scan using customer_address_pkey on customer_address  (cost=0.42..7.36 rows=1 width=35) (actual time=0.083..0.083 rows=0 loops=19464)
                           Index Cond: (ca_address_sk = customer.c_current_addr_sk)
                           Filter: (ca_state = ANY ('{MD,MS,TN}'::bpchar[]))
                           Rows Removed by Filter: 1
                           Buffers: shared hit=58229 read=19627
               ->  Index Scan using customer_demographics_pkey on customer_demographics  (cost=0.43..7.36 rows=1 width=8) (actual time=0.021..0.021 rows=0 loops=1155)
                     Index Cond: (cd_demo_sk = catalog_sales.cs_bill_cdemo_sk)
                     Filter: ((cd_gender = 'F'::bpchar) AND (cd_education_status = 'College'::bpchar))
                     Rows Removed by Filter: 1
                     Buffers: shared hit=4569 read=47
         ->  Index Scan using item_pkey on item  (cost=0.42..7.34 rows=1 width=21) (actual time=0.097..0.097 rows=0 loops=55)
               Index Cond: (i_item_sk = catalog_sales.cs_item_sk)
               Filter: (i_category = 'Electronics'::bpchar)
               Rows Removed by Filter: 1
               Buffers: shared hit=155 read=65
 Planning:
   Buffers: shared hit=454
 Planning Time: 2.267 ms
 Execution Time: 65786.266 ms
(48 rows)

