                                                                                  QUERY PLAN                                                                                  
------------------------------------------------------------------------------------------------------------------------------------------------------------------------------
 Aggregate  (cost=5978477.30..5978477.31 rows=1 width=268) (actual time=51310.853..51310.858 rows=1 loops=1)
   Buffers: shared hit=415770 read=3648573
   ->  Nested Loop  (cost=17180.68..5978477.25 rows=2 width=81) (actual time=7123.247..51310.663 rows=24 loops=1)
         Buffers: shared hit=415770 read=3648573
         ->  Nested Loop  (cost=17180.26..5978271.27 rows=28 width=54) (actual time=6791.586..51300.728 rows=384 loops=1)
               Buffers: shared hit=414975 read=3647832
               ->  Nested Loop  (cost=17179.83..5976197.38 rows=282 width=50) (actual time=6787.733..51237.735 rows=3965 loops=1)
                     Buffers: shared hit=402149 read=3644814
                     ->  Nested Loop  (cost=17179.40..5946795.98 rows=3997 width=50) (actual time=6782.757..50323.089 rows=78048 loops=1)
                           Buffers: shared hit=95337 read=3639810
                           ->  Hash Join  (cost=17179.10..5911346.83 rows=806583 width=54) (actual time=127.777..50051.057 rows=644418 loops=1)
                                 Hash Cond: (catalog_sales.cs_item_sk = item.i_item_sk)
                                 Buffers: shared hit=88926 read=3639810
                                 ->  Seq Scan on catalog_sales  (cost=0.00..5874397.76 rows=7531262 width=41) (actual time=0.061..48295.018 rows=7518631 loops=1)
                                       Filter: ((cs_wholesale_cost >= '82'::numeric) AND (cs_wholesale_cost <= '87'::numeric))
                                       Rows Removed by Filter: 136473668
                                       Buffers: shared hit=74570 read=3639810
                                 ->  Hash  (cost=16906.00..16906.00 rows=21848 width=21) (actual time=127.477..127.478 rows=21811 loops=1)
                                       Buckets: 32768  Batches: 1  Memory Usage: 1449kB
                                       Buffers: shared hit=14356
                                       ->  Seq Scan on item  (cost=0.00..16906.00 rows=21848 width=21) (actual time=0.024..122.147 rows=21811 loops=1)
                                             Filter: (i_category = 'Sports'::bpchar)
                                             Rows Removed by Filter: 182189
                                             Buffers: shared hit=14356
                           ->  Memoize  (cost=0.30..7.22 rows=1 width=4) (actual time=0.000..0.000 rows=0 loops=644418)
                                 Cache Key: catalog_sales.cs_sold_date_sk
                                 Cache Mode: logical
                                 Hits: 642280  Misses: 2138  Evictions: 0  Overflows: 0  Memory Usage: 155kB
                                 Buffers: shared hit=6411
                                 ->  Index Scan using date_dim_pkey on date_dim  (cost=0.29..7.21 rows=1 width=4) (actual time=0.016..0.016 rows=0 loops=2138)
                                       Index Cond: (d_date_sk = catalog_sales.cs_sold_date_sk)
                                       Filter: (d_year = 1999)
                                       Rows Removed by Filter: 1
                                       Buffers: shared hit=6411
                     ->  Index Scan using customer_demographics_pkey on customer_demographics  (cost=0.43..7.36 rows=1 width=8) (actual time=0.011..0.011 rows=0 loops=78048)
                           Index Cond: (cd_demo_sk = catalog_sales.cs_bill_cdemo_sk)
                           Filter: ((cd_gender = 'F'::bpchar) AND (cd_education_status = 'College'::bpchar))
                           Rows Removed by Filter: 1
                           Buffers: shared hit=306812 read=5004
               ->  Index Scan using customer_pkey on customer  (cost=0.43..7.35 rows=1 width=12) (actual time=0.015..0.015 rows=0 loops=3965)
                     Index Cond: (c_customer_sk = catalog_sales.cs_bill_customer_sk)
                     Filter: (c_birth_month = 1)
                     Rows Removed by Filter: 1
                     Buffers: shared hit=12826 read=3018
         ->  Index Scan using customer_address_pkey on customer_address  (cost=0.42..7.36 rows=1 width=35) (actual time=0.024..0.024 rows=0 loops=384)
               Index Cond: (ca_address_sk = customer.c_current_addr_sk)
               Filter: (ca_state = ANY ('{KS,NH,SD}'::bpchar[]))
               Rows Removed by Filter: 1
               Buffers: shared hit=795 read=741
 Planning:
   Buffers: shared hit=454
 Planning Time: 2.609 ms
 Execution Time: 51311.161 ms
(53 rows)

