                                                                            QUERY PLAN                                                                            
------------------------------------------------------------------------------------------------------------------------------------------------------------------
 Aggregate  (cost=5957543.33..5957543.34 rows=1 width=268) (actual time=53492.518..53492.525 rows=1 loops=1)
   Buffers: shared hit=407963 read=3712036
   ->  Nested Loop  (cost=17119.15..5957543.30 rows=1 width=81) (actual time=9034.881..53492.484 rows=4 loops=1)
         Buffers: shared hit=407963 read=3712036
         ->  Nested Loop  (cost=17118.72..5957484.46 rows=8 width=81) (actual time=6957.584..53486.717 rows=340 loops=1)
               Buffers: shared hit=406739 read=3711900
               ->  Nested Loop  (cost=17118.29..5956365.73 rows=152 width=54) (actual time=6852.630..53396.566 rows=5116 loops=1)
                     Buffers: shared hit=392238 read=3705937
                     ->  Nested Loop  (cost=17117.87..5936957.76 rows=2639 width=50) (actual time=6850.348..52255.594 rows=90860 loops=1)
                           Buffers: shared hit=52773 read=3682374
                           ->  Hash Join  (cost=17117.56..5908362.01 rows=532445 width=54) (actual time=111.001..51860.978 rows=1044601 loops=1)
                                 Hash Cond: (catalog_sales.cs_item_sk = item.i_item_sk)
                                 Buffers: shared hit=46437 read=3682299
                                 ->  Seq Scan on catalog_sales  (cost=0.00..5874397.76 rows=6417653 width=41) (actual time=0.042..50323.492 rows=6094526 loops=1)
                                       Filter: ((cs_wholesale_cost >= '62'::numeric) AND (cs_wholesale_cost <= '67'::numeric))
                                       Rows Removed by Filter: 137897773
                                       Buffers: shared hit=32081 read=3682299
                                 ->  Hash  (cost=16906.00..16906.00 rows=16925 width=21) (actual time=110.766..110.767 rows=17141 loops=1)
                                       Buckets: 32768  Batches: 1  Memory Usage: 1194kB
                                       Buffers: shared hit=14356
                                       ->  Seq Scan on item  (cost=0.00..16906.00 rows=16925 width=21) (actual time=0.015..106.299 rows=17141 loops=1)
                                             Filter: (i_category = 'Home'::bpchar)
                                             Rows Removed by Filter: 186859
                                             Buffers: shared hit=14356
                           ->  Memoize  (cost=0.30..7.22 rows=1 width=4) (actual time=0.000..0.000 rows=0 loops=1044601)
                                 Cache Key: catalog_sales.cs_sold_date_sk
                                 Cache Mode: logical
                                 Hits: 1042463  Misses: 2138  Evictions: 0  Overflows: 0  Memory Usage: 155kB
                                 Buffers: shared hit=6336 read=75
                                 ->  Index Scan using date_dim_pkey on date_dim  (cost=0.29..7.21 rows=1 width=4) (actual time=0.017..0.017 rows=0 loops=2138)
                                       Index Cond: (d_date_sk = catalog_sales.cs_sold_date_sk)
                                       Filter: (d_year = 1999)
                                       Rows Removed by Filter: 1
                                       Buffers: shared hit=6336 read=75
                     ->  Index Scan using customer_pkey on customer  (cost=0.43..7.35 rows=1 width=12) (actual time=0.012..0.012 rows=0 loops=90860)
                           Index Cond: (c_customer_sk = catalog_sales.cs_bill_customer_sk)
                           Filter: (c_birth_month = 3)
                           Rows Removed by Filter: 1
                           Buffers: shared hit=339465 read=23563
               ->  Index Scan using customer_address_pkey on customer_address  (cost=0.42..7.36 rows=1 width=35) (actual time=0.017..0.017 rows=0 loops=5116)
                     Index Cond: (ca_address_sk = customer.c_current_addr_sk)
                     Filter: (ca_state = ANY ('{SC,TN,WY}'::bpchar[]))
                     Rows Removed by Filter: 1
                     Buffers: shared hit=14501 read=5963
         ->  Index Scan using customer_demographics_pkey on customer_demographics  (cost=0.43..7.36 rows=1 width=8) (actual time=0.016..0.016 rows=0 loops=340)
               Index Cond: (cd_demo_sk = catalog_sales.cs_bill_cdemo_sk)
               Filter: ((cd_gender = 'F'::bpchar) AND (cd_education_status = 'Secondary'::bpchar))
               Rows Removed by Filter: 1
               Buffers: shared hit=1224 read=136
 Planning:
   Buffers: shared hit=452 read=2
 Planning Time: 2.374 ms
 Execution Time: 53492.925 ms
(53 rows)

