                                                                              QUERY PLAN                                                                               
-----------------------------------------------------------------------------------------------------------------------------------------------------------------------
 Aggregate  (cost=5929271.95..5929271.96 rows=1 width=268) (actual time=55391.888..55391.895 rows=1 loops=1)
   Buffers: shared hit=429419 read=3731560
   ->  Nested Loop  (cost=17119.15..5929271.92 rows=1 width=81) (actual time=23344.769..55391.657 rows=30 loops=1)
         Buffers: shared hit=429419 read=3731560
         ->  Nested Loop  (cost=17118.72..5929227.77 rows=6 width=54) (actual time=22956.123..55381.062 rows=483 loops=1)
               Buffers: shared hit=428424 read=3730623
               ->  Nested Loop  (cost=17118.29..5928631.92 rows=81 width=54) (actual time=22930.715..55277.381 rows=6844 loops=1)
                     Buffers: shared hit=406375 read=3725312
                     ->  Nested Loop  (cost=17117.87..5920085.68 rows=1162 width=50) (actual time=22930.086..53942.312 rows=99260 loops=1)
                           Buffers: shared hit=79096 read=3656051
                           ->  Hash Join  (cost=17117.56..5898936.94 rows=234562 width=54) (actual time=140.419..53713.059 rows=499814 loops=1)
                                 Hash Cond: (catalog_sales.cs_item_sk = item.i_item_sk)
                                 Buffers: shared hit=72685 read=3656051
                                 ->  Seq Scan on catalog_sales  (cost=0.00..5874397.76 rows=2827223 width=41) (actual time=0.417..52825.664 rows=2916247 loops=1)
                                       Filter: ((cs_wholesale_cost >= '1'::numeric) AND (cs_wholesale_cost <= '6'::numeric))
                                       Rows Removed by Filter: 141076052
                                       Buffers: shared hit=71673 read=3642707
                                 ->  Hash  (cost=16906.00..16906.00 rows=16925 width=21) (actual time=139.522..139.523 rows=17141 loops=1)
                                       Buckets: 32768  Batches: 1  Memory Usage: 1194kB
                                       Buffers: shared hit=1012 read=13344
                                       ->  Seq Scan on item  (cost=0.00..16906.00 rows=16925 width=21) (actual time=0.016..134.730 rows=17141 loops=1)
                                             Filter: (i_category = 'Home'::bpchar)
                                             Rows Removed by Filter: 186859
                                             Buffers: shared hit=1012 read=13344
                           ->  Memoize  (cost=0.30..7.22 rows=1 width=4) (actual time=0.000..0.000 rows=0 loops=499814)
                                 Cache Key: catalog_sales.cs_sold_date_sk
                                 Cache Mode: logical
                                 Hits: 497676  Misses: 2138  Evictions: 0  Overflows: 0  Memory Usage: 155kB
                                 Buffers: shared hit=6411
                                 ->  Index Scan using date_dim_pkey on date_dim  (cost=0.29..7.21 rows=1 width=4) (actual time=0.017..0.017 rows=0 loops=2138)
                                       Index Cond: (d_date_sk = catalog_sales.cs_sold_date_sk)
                                       Filter: (d_year = 2001)
                                       Rows Removed by Filter: 1
                                       Buffers: shared hit=6411
                     ->  Index Scan using customer_pkey on customer  (cost=0.43..7.35 rows=1 width=12) (actual time=0.013..0.013 rows=0 loops=99260)
                           Index Cond: (c_customer_sk = catalog_sales.cs_bill_customer_sk)
                           Filter: (c_birth_month = 12)
                           Rows Removed by Filter: 1
                           Buffers: shared hit=327279 read=69261
               ->  Index Scan using customer_demographics_pkey on customer_demographics  (cost=0.43..7.36 rows=1 width=8) (actual time=0.015..0.015 rows=0 loops=6844)
                     Index Cond: (cd_demo_sk = catalog_sales.cs_bill_cdemo_sk)
                     Filter: ((cd_gender = 'M'::bpchar) AND (cd_education_status = 'Primary'::bpchar))
                     Rows Removed by Filter: 1
                     Buffers: shared hit=22049 read=5311
         ->  Index Scan using customer_address_pkey on customer_address  (cost=0.42..7.36 rows=1 width=35) (actual time=0.021..0.021 rows=0 loops=483)
               Index Cond: (ca_address_sk = customer.c_current_addr_sk)
               Filter: (ca_state = ANY ('{AR,GA,OK}'::bpchar[]))
               Rows Removed by Filter: 1
               Buffers: shared hit=995 read=937
 Planning:
   Buffers: shared hit=454
 Planning Time: 3.453 ms
 Execution Time: 55392.416 ms
(53 rows)

