                                                                                  QUERY PLAN                                                                                  
------------------------------------------------------------------------------------------------------------------------------------------------------------------------------
 Aggregate  (cost=5949146.05..5949146.06 rows=1 width=268) (actual time=53233.975..53233.980 rows=1 loops=1)
   Buffers: shared hit=377202 read=3664489
   ->  Nested Loop  (cost=17326.55..5949146.00 rows=2 width=81) (actual time=7073.275..53233.834 rows=21 loops=1)
         Buffers: shared hit=377202 read=3664489
         ->  Nested Loop  (cost=17326.12..5948962.12 rows=25 width=54) (actual time=6991.528..53222.705 rows=518 loops=1)
               Buffers: shared hit=375889 read=3663730
               ->  Nested Loop  (cost=17325.69..5947616.22 rows=183 width=50) (actual time=6978.647..53162.411 rows=3730 loops=1)
                     Buffers: shared hit=363234 read=3661485
                     ->  Nested Loop  (cost=17325.27..5928497.80 rows=2599 width=50) (actual time=6973.922..52304.533 rows=72483 loops=1)
                           Buffers: shared hit=85682 read=3649465
                           ->  Hash Join  (cost=17324.96..5900101.97 rows=524447 width=54) (actual time=119.297..52110.417 rows=406563 loops=1)
                                 Hash Cond: (catalog_sales.cs_item_sk = item.i_item_sk)
                                 Buffers: shared hit=79271 read=3649465
                                 ->  Seq Scan on catalog_sales  (cost=0.00..5874397.76 rows=3192026 width=41) (actual time=0.051..51190.463 rows=3238451 loops=1)
                                       Filter: ((cs_wholesale_cost >= '32'::numeric) AND (cs_wholesale_cost <= '37'::numeric))
                                       Rows Removed by Filter: 140753848
                                       Buffers: shared hit=64915 read=3649465
                                 ->  Hash  (cost=16906.00..16906.00 rows=33517 width=21) (actual time=118.782..118.783 rows=33627 loops=1)
                                       Buckets: 65536  Batches: 1  Memory Usage: 2351kB
                                       Buffers: shared hit=14356
                                       ->  Seq Scan on item  (cost=0.00..16906.00 rows=33517 width=21) (actual time=0.033..109.838 rows=33627 loops=1)
                                             Filter: (i_category = 'Shoes'::bpchar)
                                             Rows Removed by Filter: 170373
                                             Buffers: shared hit=14356
                           ->  Memoize  (cost=0.30..7.22 rows=1 width=4) (actual time=0.000..0.000 rows=0 loops=406563)
                                 Cache Key: catalog_sales.cs_sold_date_sk
                                 Cache Mode: logical
                                 Hits: 404425  Misses: 2138  Evictions: 0  Overflows: 0  Memory Usage: 155kB
                                 Buffers: shared hit=6411
                                 ->  Index Scan using date_dim_pkey on date_dim  (cost=0.29..7.21 rows=1 width=4) (actual time=0.016..0.016 rows=0 loops=2138)
                                       Index Cond: (d_date_sk = catalog_sales.cs_sold_date_sk)
                                       Filter: (d_year = 1999)
                                       Rows Removed by Filter: 1
                                       Buffers: shared hit=6411
                     ->  Index Scan using customer_demographics_pkey on customer_demographics  (cost=0.43..7.36 rows=1 width=8) (actual time=0.012..0.012 rows=0 loops=72483)
                           Index Cond: (cd_demo_sk = catalog_sales.cs_bill_cdemo_sk)
                           Filter: ((cd_gender = 'F'::bpchar) AND (cd_education_status = 'College'::bpchar))
                           Rows Removed by Filter: 1
                           Buffers: shared hit=277552 read=12020
               ->  Index Scan using customer_pkey on customer  (cost=0.43..7.35 rows=1 width=12) (actual time=0.016..0.016 rows=0 loops=3730)
                     Index Cond: (c_customer_sk = catalog_sales.cs_bill_customer_sk)
                     Filter: (c_birth_month = 10)
                     Rows Removed by Filter: 1
                     Buffers: shared hit=12655 read=2245
         ->  Index Scan using customer_address_pkey on customer_address  (cost=0.42..7.35 rows=1 width=35) (actual time=0.020..0.020 rows=0 loops=518)
               Index Cond: (ca_address_sk = customer.c_current_addr_sk)
               Filter: (ca_state = ANY ('{CO,ID,NC}'::bpchar[]))
               Rows Removed by Filter: 1
               Buffers: shared hit=1313 read=759
 Planning:
   Buffers: shared hit=454
 Planning Time: 3.641 ms
 Execution Time: 53234.509 ms
(53 rows)

