                                                                                  QUERY PLAN                                                                                  
------------------------------------------------------------------------------------------------------------------------------------------------------------------------------
 Aggregate  (cost=5948851.21..5948851.22 rows=1 width=268) (actual time=53151.393..53151.399 rows=1 loops=1)
   Buffers: shared hit=480008 read=3642623
   ->  Nested Loop  (cost=17180.68..5948851.18 rows=1 width=81) (actual time=15285.858..53151.330 rows=8 loops=1)
         Buffers: shared hit=480008 read=3642623
         ->  Nested Loop  (cost=17180.26..5948748.18 rows=14 width=54) (actual time=13944.094..53148.249 rows=139 loops=1)
               Buffers: shared hit=479680 read=3642395
               ->  Nested Loop  (cost=17179.83..5947519.98 rows=167 width=50) (actual time=13935.014..53117.102 rows=1900 loops=1)
                     Buffers: shared hit=473828 read=3640647
                     ->  Nested Loop  (cost=17179.40..5930277.59 rows=2344 width=50) (actual time=13916.124..52011.064 rows=94942 loops=1)
                           Buffers: shared hit=99246 read=3635901
                           ->  Hash Join  (cost=17179.10..5903169.20 rows=472949 width=54) (actual time=105.974..51819.783 rows=381890 loops=1)
                                 Hash Cond: (catalog_sales.cs_item_sk = item.i_item_sk)
                                 Buffers: shared hit=92835 read=3635901
                                 ->  Seq Scan on catalog_sales  (cost=0.00..5874397.76 rows=4416036 width=41) (actual time=0.043..50679.391 rows=4444683 loops=1)
                                       Filter: ((cs_wholesale_cost >= '50'::numeric) AND (cs_wholesale_cost <= '55'::numeric))
                                       Rows Removed by Filter: 139547616
                                       Buffers: shared hit=78479 read=3635901
                                 ->  Hash  (cost=16906.00..16906.00 rows=21848 width=21) (actual time=105.688..105.689 rows=21811 loops=1)
                                       Buckets: 32768  Batches: 1  Memory Usage: 1449kB
                                       Buffers: shared hit=14356
                                       ->  Seq Scan on item  (cost=0.00..16906.00 rows=21848 width=21) (actual time=0.028..100.413 rows=21811 loops=1)
                                             Filter: (i_category = 'Sports'::bpchar)
                                             Rows Removed by Filter: 182189
                                             Buffers: shared hit=14356
                           ->  Memoize  (cost=0.30..7.22 rows=1 width=4) (actual time=0.000..0.000 rows=0 loops=381890)
                                 Cache Key: catalog_sales.cs_sold_date_sk
                                 Cache Mode: logical
                                 Hits: 379752  Misses: 2138  Evictions: 0  Overflows: 0  Memory Usage: 155kB
                                 Buffers: shared hit=6411
                                 ->  Index Scan using date_dim_pkey on date_dim  (cost=0.29..7.21 rows=1 width=4) (actual time=0.016..0.016 rows=0 loops=2138)
                                       Index Cond: (d_date_sk = catalog_sales.cs_sold_date_sk)
                                       Filter: (d_year = 2000)
                                       Rows Removed by Filter: 1
                                       Buffers: shared hit=6411
                     ->  Index Scan using customer_demographics_pkey on customer_demographics  (cost=0.43..7.36 rows=1 width=8) (actual time=0.011..0.011 rows=0 loops=94942)
                           Index Cond: (cd_demo_sk = catalog_sales.cs_bill_cdemo_sk)
                           Filter: ((cd_gender = 'F'::bpchar) AND (cd_education_status = 'Primary'::bpchar))
                           Rows Removed by Filter: 1
                           Buffers: shared hit=374582 read=4746
               ->  Index Scan using customer_pkey on customer  (cost=0.43..7.35 rows=1 width=12) (actual time=0.016..0.016 rows=0 loops=1900)
                     Index Cond: (c_customer_sk = catalog_sales.cs_bill_customer_sk)
                     Filter: (c_birth_month = 11)
                     Rows Removed by Filter: 1
                     Buffers: shared hit=5852 read=1748
         ->  Index Scan using customer_address_pkey on customer_address  (cost=0.42..7.36 rows=1 width=35) (actual time=0.021..0.021 rows=0 loops=139)
               Index Cond: (ca_address_sk = customer.c_current_addr_sk)
               Filter: (ca_state = ANY ('{MN,PA,TN}'::bpchar[]))
               Rows Removed by Filter: 1
               Buffers: shared hit=328 read=228
 Planning:
   Buffers: shared hit=454
 Planning Time: 2.298 ms
 Execution Time: 53151.785 ms
(53 rows)

