                                                                        QUERY PLAN                                                                        
----------------------------------------------------------------------------------------------------------------------------------------------------------
 Aggregate  (cost=5983849.54..5983849.55 rows=1 width=268) (actual time=43783.383..43783.386 rows=1 loops=1)
   Buffers: shared hit=89899 read=3624481
   ->  Nested Loop  (cost=0.43..5983849.51 rows=1 width=81) (actual time=43783.379..43783.381 rows=0 loops=1)
         Join Filter: (catalog_sales.cs_item_sk = item.i_item_sk)
         Buffers: shared hit=89899 read=3624481
         ->  Nested Loop  (cost=0.43..5966806.06 rows=1 width=68) (actual time=43783.378..43783.380 rows=0 loops=1)
               Join Filter: (date_dim.d_date_sk = catalog_sales.cs_sold_date_sk)
               Buffers: shared hit=89899 read=3624481
               ->  Nested Loop  (cost=0.43..5964414.42 rows=1 width=72) (actual time=43783.378..43783.379 rows=0 loops=1)
                     Join Filter: (customer_address.ca_address_sk = customer.c_current_addr_sk)
                     Buffers: shared hit=89899 read=3624481
                     ->  Nested Loop  (cost=0.43..5927334.33 rows=1 width=45) (actual time=43783.377..43783.379 rows=0 loops=1)
                           Buffers: shared hit=89899 read=3624481
                           ->  Nested Loop  (cost=0.00..5927325.88 rows=1 width=41) (actual time=43783.377..43783.378 rows=0 loops=1)
                                 Join Filter: (customer_demographics.cd_demo_sk = catalog_sales.cs_bill_cdemo_sk)
                                 Buffers: shared hit=89899 read=3624481
                                 ->  Seq Scan on catalog_sales  (cost=0.00..5874397.76 rows=1 width=41) (actual time=43783.376..43783.376 rows=0 loops=1)
                                       Filter: ((cs_wholesale_cost >= '48'::numeric) AND (cs_wholesale_cost <= '53'::numeric))
                                       Rows Removed by Filter: 143992299
                                       Buffers: shared hit=89899 read=3624481
                                 ->  Seq Scan on customer_demographics  (cost=0.00..51225.00 rows=136250 width=8) (never executed)
                                       Filter: ((cd_gender = 'M'::bpchar) AND (cd_education_status = 'Advanced Degree'::bpchar))
                           ->  Index Scan using customer_pkey on customer  (cost=0.43..8.45 rows=1 width=12) (never executed)
                                 Index Cond: (c_customer_sk = catalog_sales.cs_bill_customer_sk)
                                 Filter: (c_birth_month = 11)
                     ->  Seq Scan on customer_address  (cost=0.00..36288.00 rows=63367 width=35) (never executed)
                           Filter: (ca_state = ANY ('{MS,NE,NM}'::bpchar[]))
               ->  Seq Scan on date_dim  (cost=0.00..2387.11 rows=362 width=4) (never executed)
                     Filter: (d_year = 2000)
         ->  Seq Scan on item  (cost=0.00..16906.00 rows=10996 width=21) (never executed)
               Filter: (i_category = 'Women'::bpchar)
 Planning:
   Buffers: shared hit=454
 Planning Time: 4.420 ms
 Execution Time: 43783.731 ms
(35 rows)

