                                                                             QUERY PLAN                                                                              
---------------------------------------------------------------------------------------------------------------------------------------------------------------------
 Aggregate  (cost=6016178.20..6016178.21 rows=1 width=268) (actual time=56100.735..56100.740 rows=1 loops=1)
   Buffers: shared hit=1856983 read=3822615
   ->  Nested Loop  (cost=2393.34..6016178.14 rows=2 width=81) (actual time=1463.040..56100.599 rows=18 loops=1)
         Buffers: shared hit=1856983 read=3822615
         ->  Nested Loop  (cost=2392.91..6015994.24 rows=25 width=81) (actual time=33.917..56077.298 rows=751 loops=1)
               Buffers: shared hit=1854941 read=3821653
               ->  Nested Loop  (cost=2392.49..6015112.88 rows=120 width=68) (actual time=33.885..56005.256 rows=2995 loops=1)
                     Buffers: shared hit=1845165 read=3819449
                     ->  Nested Loop  (cost=2392.07..6001505.16 rows=1850 width=41) (actual time=25.046..54939.299 rows=51704 loops=1)
                           Buffers: shared hit=1674653 read=3783145
                           ->  Hash Join  (cost=2391.64..5885168.94 rows=15818 width=37) (actual time=24.994..46730.936 rows=436014 loops=1)
                                 Hash Cond: (catalog_sales.cs_sold_date_sk = date_dim.d_date_sk)
                                 Buffers: shared hit=3697 read=3712157
                                 ->  Seq Scan on catalog_sales  (cost=0.00..5874397.76 rows=3192026 width=41) (actual time=0.051..46246.405 rows=3238451 loops=1)
                                       Filter: ((cs_wholesale_cost >= '28'::numeric) AND (cs_wholesale_cost <= '33'::numeric))
                                       Rows Removed by Filter: 140753848
                                       Buffers: shared hit=3655 read=3710725
                                 ->  Hash  (cost=2387.11..2387.11 rows=362 width=4) (actual time=24.903..24.904 rows=365 loops=1)
                                       Buckets: 1024  Batches: 1  Memory Usage: 21kB
                                       Buffers: shared hit=42 read=1432
                                       ->  Seq Scan on date_dim  (cost=0.00..2387.11 rows=362 width=4) (actual time=14.532..24.841 rows=365 loops=1)
                                             Filter: (d_year = 1998)
                                             Rows Removed by Filter: 72684
                                             Buffers: shared hit=42 read=1432
                           ->  Index Scan using customer_pkey on customer  (cost=0.43..7.35 rows=1 width=12) (actual time=0.019..0.019 rows=0 loops=436014)
                                 Index Cond: (c_customer_sk = catalog_sales.cs_bill_customer_sk)
                                 Filter: (c_birth_month = 8)
                                 Rows Removed by Filter: 1
                                 Buffers: shared hit=1670956 read=70988
                     ->  Index Scan using customer_address_pkey on customer_address  (cost=0.42..7.36 rows=1 width=35) (actual time=0.020..0.020 rows=0 loops=51704)
                           Index Cond: (ca_address_sk = customer.c_current_addr_sk)
                           Filter: (ca_state = ANY ('{AR,CO,WI}'::bpchar[]))
                           Rows Removed by Filter: 1
                           Buffers: shared hit=170512 read=36304
               ->  Index Scan using item_pkey on item  (cost=0.42..7.34 rows=1 width=21) (actual time=0.023..0.023 rows=0 loops=2995)
                     Index Cond: (i_item_sk = catalog_sales.cs_item_sk)
                     Filter: (i_category = 'Electronics'::bpchar)
                     Rows Removed by Filter: 1
                     Buffers: shared hit=9776 read=2204
         ->  Index Scan using customer_demographics_pkey on customer_demographics  (cost=0.43..7.36 rows=1 width=8) (actual time=0.030..0.030 rows=0 loops=751)
               Index Cond: (cd_demo_sk = catalog_sales.cs_bill_cdemo_sk)
               Filter: ((cd_gender = 'F'::bpchar) AND (cd_education_status = 'Primary'::bpchar))
               Rows Removed by Filter: 1
               Buffers: shared hit=2042 read=962
 Planning:
   Buffers: shared hit=454
 Planning Time: 4.568 ms
 Execution Time: 56101.276 ms
(48 rows)

