                                                                              QUERY PLAN                                                                               
-----------------------------------------------------------------------------------------------------------------------------------------------------------------------
 Aggregate  (cost=5968607.69..5968607.70 rows=1 width=268) (actual time=43382.649..43382.654 rows=1 loops=1)
   Buffers: shared hit=433656 read=3716311
   ->  Nested Loop  (cost=17326.55..5968607.66 rows=1 width=81) (actual time=27565.669..43382.631 rows=2 loops=1)
         Buffers: shared hit=433656 read=3716311
         ->  Nested Loop  (cost=17326.12..5968578.10 rows=4 width=54) (actual time=25694.337..43380.902 rows=91 loops=1)
               Buffers: shared hit=433457 read=3716146
               ->  Nested Loop  (cost=17325.69..5968188.24 rows=53 width=54) (actual time=25575.401..43364.846 rows=1416 loops=1)
                     Buffers: shared hit=427897 read=3716046
                     ->  Nested Loop  (cost=17325.27..5939388.35 rows=3916 width=50) (actual time=25568.298..42203.035 rows=102318 loops=1)
                           Buffers: shared hit=104604 read=3630543
                           ->  Hash Join  (cost=17324.96..5904348.29 rows=790219 width=54) (actual time=112.211..41989.792 rows=620434 loops=1)
                                 Hash Cond: (catalog_sales.cs_item_sk = item.i_item_sk)
                                 Buffers: shared hit=98193 read=3630543
                                 ->  Seq Scan on catalog_sales  (cost=0.00..5874397.76 rows=4809639 width=41) (actual time=0.093..40781.987 rows=4933013 loops=1)
                                       Filter: ((cs_wholesale_cost >= '93'::numeric) AND (cs_wholesale_cost <= '98'::numeric))
                                       Rows Removed by Filter: 139059286
                                       Buffers: shared hit=83837 read=3630543
                                 ->  Hash  (cost=16906.00..16906.00 rows=33517 width=21) (actual time=111.729..111.730 rows=33627 loops=1)
                                       Buckets: 65536  Batches: 1  Memory Usage: 2351kB
                                       Buffers: shared hit=14356
                                       ->  Seq Scan on item  (cost=0.00..16906.00 rows=33517 width=21) (actual time=0.030..104.963 rows=33627 loops=1)
                                             Filter: (i_category = 'Shoes'::bpchar)
                                             Rows Removed by Filter: 170373
                                             Buffers: shared hit=14356
                           ->  Memoize  (cost=0.30..7.22 rows=1 width=4) (actual time=0.000..0.000 rows=0 loops=620434)
                                 Cache Key: catalog_sales.cs_sold_date_sk
                                 Cache Mode: logical
                                 Hits: 618296  Misses: 2138  Evictions: 0  Overflows: 0  Memory Usage: 155kB
                                 Buffers: shared hit=6411
                                 ->  Index Scan using date_dim_pkey on date_dim  (cost=0.29..7.21 rows=1 width=4) (actual time=0.012..0.012 rows=0 loops=2138)
                                       Index Cond: (d_date_sk = catalog_sales.cs_sold_date_sk)
                                       Filter: (d_year = 2002)
                                       Rows Removed by Filter: 1
                                       Buffers: shared hit=6411
                     ->  Index Scan using customer_pkey on customer  (cost=0.43..7.35 rows=1 width=12) (actual time=0.011..0.011 rows=0 loops=102318)
                           Index Cond: (c_customer_sk = catalog_sales.cs_bill_customer_sk)
                           Filter: (c_birth_month = 5)
                           Rows Removed by Filter: 1
                           Buffers: shared hit=323293 read=85503
               ->  Index Scan using customer_demographics_pkey on customer_demographics  (cost=0.43..7.36 rows=1 width=8) (actual time=0.011..0.011 rows=0 loops=1416)
                     Index Cond: (cd_demo_sk = catalog_sales.cs_bill_cdemo_sk)
                     Filter: ((cd_gender = 'F'::bpchar) AND (cd_education_status = '2 yr Degree'::bpchar))
                     Rows Removed by Filter: 1
                     Buffers: shared hit=5560 read=100
         ->  Index Scan using customer_address_pkey on customer_address  (cost=0.42..7.39 rows=1 width=35) (actual time=0.018..0.018 rows=0 loops=91)
               Index Cond: (ca_address_sk = customer.c_current_addr_sk)
               Filter: (ca_state = ANY ('{MI,NC,TX}'::bpchar[]))
               Rows Removed by Filter: 1
               Buffers: shared hit=199 read=165
 Planning:
   Buffers: shared hit=454
 Planning Time: 2.217 ms
 Execution Time: 43383.103 ms
(53 rows)

