                                                                                  QUERY PLAN                                                                                  
------------------------------------------------------------------------------------------------------------------------------------------------------------------------------
 Aggregate  (cost=5978619.25..5978619.26 rows=1 width=268) (actual time=52148.119..52148.124 rows=1 loops=1)
   Buffers: shared hit=1369681 read=3802689
   ->  Nested Loop  (cost=2393.34..5978619.22 rows=1 width=81) (actual time=52148.113..52148.118 rows=0 loops=1)
         Buffers: shared hit=1369681 read=3802689
         ->  Nested Loop  (cost=2392.91..5978589.76 rows=4 width=54) (actual time=349.357..52147.278 rows=21 loops=1)
               Buffers: shared hit=1369628 read=3802658
               ->  Nested Loop  (cost=2392.49..5978384.10 rows=28 width=41) (actual time=299.925..52143.123 rows=206 loops=1)
                     Buffers: shared hit=1369126 read=3802336
                     ->  Nested Loop  (cost=2392.07..5975441.64 rows=400 width=41) (actual time=25.656..51916.623 rows=11745 loops=1)
                           Buffers: shared hit=1322721 read=3801801
                           ->  Hash Join  (cost=2391.64..5883417.43 rows=12512 width=37) (actual time=23.608..45836.947 rows=352647 loops=1)
                                 Hash Cond: (catalog_sales.cs_sold_date_sk = date_dim.d_date_sk)
                                 Buffers: shared hit=42 read=3715812
                                 ->  Seq Scan on catalog_sales  (cost=0.00..5874397.76 rows=2524821 width=41) (actual time=0.156..45426.293 rows=2625628 loops=1)
                                       Filter: ((cs_wholesale_cost >= '44'::numeric) AND (cs_wholesale_cost <= '49'::numeric))
                                       Rows Removed by Filter: 141366671
                                       Buffers: shared read=3714380
                                 ->  Hash  (cost=2387.11..2387.11 rows=362 width=4) (actual time=23.415..23.416 rows=365 loops=1)
                                       Buckets: 1024  Batches: 1  Memory Usage: 21kB
                                       Buffers: shared hit=42 read=1432
                                       ->  Seq Scan on date_dim  (cost=0.00..2387.11 rows=362 width=4) (actual time=13.328..23.358 rows=365 loops=1)
                                             Filter: (d_year = 1998)
                                             Rows Removed by Filter: 72684
                                             Buffers: shared hit=42 read=1432
                           ->  Index Scan using customer_pkey on customer  (cost=0.43..7.35 rows=1 width=12) (actual time=0.017..0.017 rows=0 loops=352647)
                                 Index Cond: (c_customer_sk = catalog_sales.cs_bill_customer_sk)
                                 Filter: (c_birth_month = 6)
                                 Rows Removed by Filter: 1
                                 Buffers: shared hit=1322679 read=85989
                     ->  Index Scan using customer_demographics_pkey on customer_demographics  (cost=0.43..7.36 rows=1 width=8) (actual time=0.019..0.019 rows=0 loops=11745)
                           Index Cond: (cd_demo_sk = catalog_sales.cs_bill_cdemo_sk)
                           Filter: ((cd_gender = 'F'::bpchar) AND (cd_education_status = 'Secondary'::bpchar))
                           Rows Removed by Filter: 1
                           Buffers: shared hit=46405 read=535
               ->  Index Scan using item_pkey on item  (cost=0.42..7.34 rows=1 width=21) (actual time=0.019..0.019 rows=0 loops=206)
                     Index Cond: (i_item_sk = catalog_sales.cs_item_sk)
                     Filter: (i_category = 'Children'::bpchar)
                     Rows Removed by Filter: 1
                     Buffers: shared hit=502 read=322
         ->  Index Scan using customer_address_pkey on customer_address  (cost=0.42..7.37 rows=1 width=35) (actual time=0.039..0.039 rows=0 loops=21)
               Index Cond: (ca_address_sk = customer.c_current_addr_sk)
               Filter: (ca_state = ANY ('{OH,TN,TX}'::bpchar[]))
               Rows Removed by Filter: 1
               Buffers: shared hit=53 read=31
 Planning:
   Buffers: shared hit=405 read=49
 Planning Time: 5.225 ms
 Execution Time: 52148.624 ms
(48 rows)

