                                                                              QUERY PLAN                                                                              
----------------------------------------------------------------------------------------------------------------------------------------------------------------------
 Aggregate  (cost=5942686.96..5942686.97 rows=1 width=268) (actual time=44759.196..44759.200 rows=1 loops=1)
   Buffers: shared hit=154950 read=3657901
   ->  Nested Loop  (cost=17019.78..5942686.94 rows=1 width=81) (actual time=8906.573..44759.188 rows=1 loops=1)
         Buffers: shared hit=154950 read=3657901
         ->  Nested Loop  (cost=17019.36..5942679.55 rows=1 width=54) (actual time=6701.842..44758.963 rows=11 loops=1)
               Buffers: shared hit=154926 read=3657881
               ->  Nested Loop  (cost=17018.93..5942532.43 rows=20 width=54) (actual time=5966.235..44755.044 rows=248 loops=1)
                     Buffers: shared hit=153950 read=3657865
                     ->  Nested Loop  (cost=17018.50..5931751.07 rows=1466 width=50) (actual time=5955.232..44504.663 rows=19193 loops=1)
                           Buffers: shared hit=92786 read=3642361
                           ->  Hash Join  (cost=17018.20..5909069.07 rows=295894 width=54) (actual time=104.012..44417.908 rows=147261 loops=1)
                                 Hash Cond: (catalog_sales.cs_item_sk = item.i_item_sk)
                                 Buffers: shared hit=86375 read=3642361
                                 ->  Seq Scan on catalog_sales  (cost=0.00..5874397.76 rows=6724855 width=41) (actual time=0.121..43185.211 rows=6763882 loops=1)
                                       Filter: ((cs_wholesale_cost >= '72'::numeric) AND (cs_wholesale_cost <= '77'::numeric))
                                       Rows Removed by Filter: 137228417
                                       Buffers: shared hit=72060 read=3642320
                                 ->  Hash  (cost=16906.00..16906.00 rows=8976 width=21) (actual time=103.626..103.627 rows=8826 loops=1)
                                       Buckets: 16384  Batches: 1  Memory Usage: 611kB
                                       Buffers: shared hit=14315 read=41
                                       ->  Seq Scan on item  (cost=0.00..16906.00 rows=8976 width=21) (actual time=0.014..101.552 rows=8826 loops=1)
                                             Filter: (i_category = 'Jewelry'::bpchar)
                                             Rows Removed by Filter: 195174
                                             Buffers: shared hit=14315 read=41
                           ->  Memoize  (cost=0.30..7.22 rows=1 width=4) (actual time=0.000..0.000 rows=0 loops=147261)
                                 Cache Key: catalog_sales.cs_sold_date_sk
                                 Cache Mode: logical
                                 Hits: 145123  Misses: 2138  Evictions: 0  Overflows: 0  Memory Usage: 155kB
                                 Buffers: shared hit=6411
                                 ->  Index Scan using date_dim_pkey on date_dim  (cost=0.29..7.21 rows=1 width=4) (actual time=0.013..0.013 rows=0 loops=2138)
                                       Index Cond: (d_date_sk = catalog_sales.cs_sold_date_sk)
                                       Filter: (d_year = 1999)
                                       Rows Removed by Filter: 1
                                       Buffers: shared hit=6411
                     ->  Index Scan using customer_pkey on customer  (cost=0.43..7.35 rows=1 width=12) (actual time=0.013..0.013 rows=0 loops=19193)
                           Index Cond: (c_customer_sk = catalog_sales.cs_bill_customer_sk)
                           Filter: (c_birth_month = 5)
                           Rows Removed by Filter: 1
                           Buffers: shared hit=61164 read=15504
               ->  Index Scan using customer_demographics_pkey on customer_demographics  (cost=0.43..7.36 rows=1 width=8) (actual time=0.015..0.015 rows=0 loops=248)
                     Index Cond: (cd_demo_sk = catalog_sales.cs_bill_cdemo_sk)
                     Filter: ((cd_gender = 'F'::bpchar) AND (cd_education_status = 'Unknown'::bpchar))
                     Rows Removed by Filter: 1
                     Buffers: shared hit=976 read=16
         ->  Index Scan using customer_address_pkey on customer_address  (cost=0.42..7.39 rows=1 width=35) (actual time=0.019..0.019 rows=0 loops=11)
               Index Cond: (ca_address_sk = customer.c_current_addr_sk)
               Filter: (ca_state = ANY ('{AK,ID,IL}'::bpchar[]))
               Rows Removed by Filter: 1
               Buffers: shared hit=24 read=20
 Planning:
   Buffers: shared hit=454
 Planning Time: 2.560 ms
 Execution Time: 44759.543 ms
(53 rows)

