                                                                               QUERY PLAN                                                                               
------------------------------------------------------------------------------------------------------------------------------------------------------------------------
 Aggregate  (cost=6020306.01..6020306.02 rows=1 width=268) (actual time=53098.753..53098.757 rows=1 loops=1)
   Buffers: shared hit=1273969 read=3779981
   ->  Nested Loop  (cost=19717.88..6020305.90 rows=4 width=81) (actual time=6704.285..53098.433 rows=49 loops=1)
         Buffers: shared hit=1273969 read=3779981
         ->  Nested Loop  (cost=19717.46..6020018.80 rows=39 width=54) (actual time=6454.081..53076.676 rows=978 loops=1)
               Buffers: shared hit=1271802 read=3778236
               ->  Nested Loop  (cost=19717.03..6015884.84 rows=562 width=54) (actual time=6424.432..52846.429 rows=14921 loops=1)
                     Buffers: shared hit=1216013 read=3774377
                     ->  Hash Join  (cost=19716.60..5931357.04 rows=11494 width=50) (actual time=6423.710..48344.623 rows=315432 loops=1)
                           Hash Cond: (catalog_sales.cs_item_sk = item.i_item_sk)
                           Buffers: shared hit=42 read=3730168
                           ->  Hash Join  (cost=2391.64..5913848.44 rows=69957 width=37) (actual time=6299.306..47868.101 rows=1868136 loops=1)
                                 Hash Cond: (catalog_sales.cs_sold_date_sk = date_dim.d_date_sk)
                                 Buffers: shared hit=42 read=3715812
                                 ->  Seq Scan on catalog_sales  (cost=0.00..5874397.76 rows=14116916 width=41) (actual time=0.058..46382.174 rows=14129630 loops=1)
                                       Filter: ((cs_wholesale_cost >= '16'::numeric) AND (cs_wholesale_cost <= '21'::numeric))
                                       Rows Removed by Filter: 129862669
                                       Buffers: shared read=3714380
                                 ->  Hash  (cost=2387.11..2387.11 rows=362 width=4) (actual time=21.763..21.763 rows=365 loops=1)
                                       Buckets: 1024  Batches: 1  Memory Usage: 21kB
                                       Buffers: shared hit=42 read=1432
                                       ->  Seq Scan on date_dim  (cost=0.00..2387.11 rows=362 width=4) (actual time=12.314..21.694 rows=365 loops=1)
                                             Filter: (d_year = 1999)
                                             Rows Removed by Filter: 72684
                                             Buffers: shared hit=42 read=1432
                           ->  Hash  (cost=16906.00..16906.00 rows=33517 width=21) (actual time=124.168..124.168 rows=33627 loops=1)
                                 Buckets: 65536  Batches: 1  Memory Usage: 2351kB
                                 Buffers: shared read=14356
                                 ->  Seq Scan on item  (cost=0.00..16906.00 rows=33517 width=21) (actual time=0.024..116.738 rows=33627 loops=1)
                                       Filter: (i_category = 'Shoes'::bpchar)
                                       Rows Removed by Filter: 170373
                                       Buffers: shared read=14356
                     ->  Index Scan using customer_pkey on customer  (cost=0.43..7.35 rows=1 width=12) (actual time=0.014..0.014 rows=0 loops=315432)
                           Index Cond: (c_customer_sk = catalog_sales.cs_bill_customer_sk)
                           Filter: (c_birth_month = 7)
                           Rows Removed by Filter: 1
                           Buffers: shared hit=1215971 read=44209
               ->  Index Scan using customer_demographics_pkey on customer_demographics  (cost=0.43..7.36 rows=1 width=8) (actual time=0.015..0.015 rows=0 loops=14921)
                     Index Cond: (cd_demo_sk = catalog_sales.cs_bill_cdemo_sk)
                     Filter: ((cd_gender = 'F'::bpchar) AND (cd_education_status = '2 yr Degree'::bpchar))
                     Rows Removed by Filter: 1
                     Buffers: shared hit=55789 read=3859
         ->  Index Scan using customer_address_pkey on customer_address  (cost=0.42..7.36 rows=1 width=35) (actual time=0.021..0.021 rows=0 loops=978)
               Index Cond: (ca_address_sk = customer.c_current_addr_sk)
               Filter: (ca_state = ANY ('{GA,NE,SD}'::bpchar[]))
               Rows Removed by Filter: 1
               Buffers: shared hit=2167 read=1745
 Planning:
   Buffers: shared hit=404 read=50
 Planning Time: 4.569 ms
 Execution Time: 53099.229 ms
(51 rows)

