                                                                              QUERY PLAN                                                                               
-----------------------------------------------------------------------------------------------------------------------------------------------------------------------
 Aggregate  (cost=5964310.62..5964310.63 rows=1 width=268) (actual time=46674.489..46674.493 rows=1 loops=1)
   Buffers: shared hit=415908 read=3723275
   ->  Nested Loop  (cost=17326.55..5964310.59 rows=1 width=81) (actual time=14526.728..46674.456 rows=4 loops=1)
         Buffers: shared hit=415908 read=3723275
         ->  Nested Loop  (cost=17326.12..5964236.95 rows=10 width=54) (actual time=12458.280..46673.029 rows=70 loops=1)
               Buffers: shared hit=415764 read=3723139
               ->  Nested Loop  (cost=17325.69..5963185.05 rows=143 width=54) (actual time=12395.779..46624.289 rows=3868 loops=1)
                     Buffers: shared hit=401882 read=3721561
                     ->  Nested Loop  (cost=17325.27..5936738.41 rows=3596 width=50) (actual time=12395.625..45564.311 rows=97200 loops=1)
                           Buffers: shared hit=50713 read=3684434
                           ->  Hash Join  (cost=17324.96..5903315.06 rows=725550 width=54) (actual time=129.028..45357.419 rows=557721 loops=1)
                                 Hash Cond: (catalog_sales.cs_item_sk = item.i_item_sk)
                                 Buffers: shared hit=44302 read=3684434
                                 ->  Seq Scan on catalog_sales  (cost=0.00..5874397.76 rows=4416036 width=41) (actual time=0.347..44226.071 rows=4444683 loops=1)
                                       Filter: ((cs_wholesale_cost >= '51'::numeric) AND (cs_wholesale_cost <= '56'::numeric))
                                       Rows Removed by Filter: 139547616
                                       Buffers: shared hit=29946 read=3684434
                                 ->  Hash  (cost=16906.00..16906.00 rows=33517 width=21) (actual time=127.615..127.616 rows=33627 loops=1)
                                       Buckets: 65536  Batches: 1  Memory Usage: 2351kB
                                       Buffers: shared hit=14356
                                       ->  Seq Scan on item  (cost=0.00..16906.00 rows=33517 width=21) (actual time=0.047..120.449 rows=33627 loops=1)
                                             Filter: (i_category = 'Shoes'::bpchar)
                                             Rows Removed by Filter: 170373
                                             Buffers: shared hit=14356
                           ->  Memoize  (cost=0.30..7.22 rows=1 width=4) (actual time=0.000..0.000 rows=0 loops=557721)
                                 Cache Key: catalog_sales.cs_sold_date_sk
                                 Cache Mode: logical
                                 Hits: 555583  Misses: 2138  Evictions: 0  Overflows: 0  Memory Usage: 155kB
                                 Buffers: shared hit=6411
                                 ->  Index Scan using date_dim_pkey on date_dim  (cost=0.29..7.21 rows=1 width=4) (actual time=0.016..0.016 rows=0 loops=2138)
                                       Index Cond: (d_date_sk = catalog_sales.cs_sold_date_sk)
                                       Filter: (d_year = 2000)
                                       Rows Removed by Filter: 1
                                       Buffers: shared hit=6411
                     ->  Index Scan using customer_pkey on customer  (cost=0.43..7.35 rows=1 width=12) (actual time=0.011..0.011 rows=0 loops=97200)
                           Index Cond: (c_customer_sk = catalog_sales.cs_bill_customer_sk)
                           Filter: (c_birth_month = 9)
                           Rows Removed by Filter: 1
                           Buffers: shared hit=351169 read=37127
               ->  Index Scan using customer_demographics_pkey on customer_demographics  (cost=0.43..7.36 rows=1 width=8) (actual time=0.012..0.012 rows=0 loops=3868)
                     Index Cond: (cd_demo_sk = catalog_sales.cs_bill_cdemo_sk)
                     Filter: ((cd_gender = 'F'::bpchar) AND (cd_education_status = 'Secondary'::bpchar))
                     Rows Removed by Filter: 1
                     Buffers: shared hit=13882 read=1578
         ->  Index Scan using customer_address_pkey on customer_address  (cost=0.42..7.36 rows=1 width=35) (actual time=0.019..0.019 rows=0 loops=70)
               Index Cond: (ca_address_sk = customer.c_current_addr_sk)
               Filter: (ca_state = ANY ('{CO,IN,TX}'::bpchar[]))
               Rows Removed by Filter: 1
               Buffers: shared hit=144 read=136
 Planning:
   Buffers: shared hit=454
 Planning Time: 5.711 ms
 Execution Time: 46675.205 ms
(53 rows)

