                                                                                  QUERY PLAN                                                                                  
------------------------------------------------------------------------------------------------------------------------------------------------------------------------------
 Aggregate  (cost=5940491.07..5940491.08 rows=1 width=268) (actual time=46726.954..46726.960 rows=1 loops=1)
   Buffers: shared hit=419093 read=3677802
   ->  Nested Loop  (cost=17220.72..5940491.04 rows=1 width=81) (actual time=20004.457..46726.739 rows=33 loops=1)
         Buffers: shared hit=419093 read=3677802
         ->  Nested Loop  (cost=17220.30..5940373.35 rows=16 width=54) (actual time=19971.632..46717.105 rows=540 loops=1)
               Buffers: shared hit=417957 read=3676778
               ->  Nested Loop  (cost=17219.87..5939365.76 rows=137 width=50) (actual time=19971.603..46662.730 rows=4531 loops=1)
                     Buffers: shared hit=401862 read=3674761
                     ->  Nested Loop  (cost=17219.44..5925080.28 rows=1942 width=50) (actual time=19971.080..45845.972 rows=85486 loops=1)
                           Buffers: shared hit=71962 read=3663185
                           ->  Hash Join  (cost=17219.14..5899996.14 rows=391978 width=54) (actual time=132.002..45635.483 rows=581719 loops=1)
                                 Hash Cond: (catalog_sales.cs_item_sk = item.i_item_sk)
                                 Buffers: shared hit=65551 read=3663185
                                 ->  Seq Scan on catalog_sales  (cost=0.00..5874397.76 rows=3192026 width=41) (actual time=0.048..44695.376 rows=3238451 loops=1)
                                       Filter: ((cs_wholesale_cost >= '30'::numeric) AND (cs_wholesale_cost <= '35'::numeric))
                                       Rows Removed by Filter: 140753848
                                       Buffers: shared hit=62127 read=3652253
                                 ->  Hash  (cost=16906.00..16906.00 rows=25051 width=21) (actual time=131.750..131.751 rows=24688 loops=1)
                                       Buckets: 32768  Batches: 1  Memory Usage: 1607kB
                                       Buffers: shared hit=3424 read=10932
                                       ->  Seq Scan on item  (cost=0.00..16906.00 rows=25051 width=21) (actual time=0.021..125.405 rows=24688 loops=1)
                                             Filter: (i_category = 'Books'::bpchar)
                                             Rows Removed by Filter: 179312
                                             Buffers: shared hit=3424 read=10932
                           ->  Memoize  (cost=0.30..7.22 rows=1 width=4) (actual time=0.000..0.000 rows=0 loops=581719)
                                 Cache Key: catalog_sales.cs_sold_date_sk
                                 Cache Mode: logical
                                 Hits: 579581  Misses: 2138  Evictions: 0  Overflows: 0  Memory Usage: 155kB
                                 Buffers: shared hit=6411
                                 ->  Index Scan using date_dim_pkey on date_dim  (cost=0.29..7.21 rows=1 width=4) (actual time=0.015..0.015 rows=0 loops=2138)
                                       Index Cond: (d_date_sk = catalog_sales.cs_sold_date_sk)
                                       Filter: (d_year = 2001)
                                       Rows Removed by Filter: 1
                                       Buffers: shared hit=6411
                     ->  Index Scan using customer_demographics_pkey on customer_demographics  (cost=0.43..7.36 rows=1 width=8) (actual time=0.009..0.009 rows=0 loops=85486)
                           Index Cond: (cd_demo_sk = catalog_sales.cs_bill_cdemo_sk)
                           Filter: ((cd_gender = 'M'::bpchar) AND (cd_education_status = 'Advanced Degree'::bpchar))
                           Rows Removed by Filter: 1
                           Buffers: shared hit=329900 read=11576
               ->  Index Scan using customer_pkey on customer  (cost=0.43..7.35 rows=1 width=12) (actual time=0.012..0.012 rows=0 loops=4531)
                     Index Cond: (c_customer_sk = catalog_sales.cs_bill_customer_sk)
                     Filter: (c_birth_month = 8)
                     Rows Removed by Filter: 1
                     Buffers: shared hit=16095 read=2017
         ->  Index Scan using customer_address_pkey on customer_address  (cost=0.42..7.36 rows=1 width=35) (actual time=0.017..0.017 rows=0 loops=540)
               Index Cond: (ca_address_sk = customer.c_current_addr_sk)
               Filter: (ca_state = ANY ('{FL,OK,WI}'::bpchar[]))
               Rows Removed by Filter: 1
               Buffers: shared hit=1136 read=1024
 Planning:
   Buffers: shared hit=404 read=50
 Planning Time: 4.141 ms
 Execution Time: 46727.434 ms
(53 rows)

