                                                                             QUERY PLAN                                                                             
--------------------------------------------------------------------------------------------------------------------------------------------------------------------
 Aggregate  (cost=6002109.75..6002109.76 rows=1 width=268) (actual time=49787.235..49787.240 rows=1 loops=1)
   Buffers: shared hit=325075 read=3728668
   ->  Nested Loop  (cost=17073.85..6002109.73 rows=1 width=81) (actual time=13606.707..49787.124 rows=15 loops=1)
         Buffers: shared hit=325075 read=3728668
         ->  Nested Loop  (cost=17073.42..6002006.75 rows=14 width=81) (actual time=12976.302..49783.883 rows=208 loops=1)
               Buffers: shared hit=324296 read=3728615
               ->  Nested Loop  (cost=17072.99..6000365.11 rows=223 width=54) (actual time=12970.483..49731.254 rows=3501 loops=1)
                     Buffers: shared hit=315669 read=3723238
                     ->  Nested Loop  (cost=17072.57..5966823.15 rows=4561 width=50) (actual time=12966.510..48824.009 rows=76027 loops=1)
                           Buffers: shared hit=51846 read=3683301
                           ->  Hash Join  (cost=17072.26..5928527.69 rows=920437 width=54) (actual time=113.826..48644.759 rows=481128 loops=1)
                                 Hash Cond: (catalog_sales.cs_item_sk = item.i_item_sk)
                                 Buffers: shared hit=45435 read=3683301
                                 ->  Seq Scan on catalog_sales  (cost=0.00..5874397.76 rows=14116916 width=41) (actual time=0.027..46267.770 rows=14129630 loops=1)
                                       Filter: ((cs_wholesale_cost >= '15'::numeric) AND (cs_wholesale_cost <= '20'::numeric))
                                       Rows Removed by Filter: 129862669
                                       Buffers: shared hit=31079 read=3683301
                                 ->  Hash  (cost=16906.00..16906.00 rows=13301 width=21) (actual time=113.636..113.637 rows=13933 loops=1)
                                       Buckets: 16384  Batches: 1  Memory Usage: 890kB
                                       Buffers: shared hit=14356
                                       ->  Seq Scan on item  (cost=0.00..16906.00 rows=13301 width=21) (actual time=0.013..111.042 rows=13933 loops=1)
                                             Filter: (i_category = 'Men'::bpchar)
                                             Rows Removed by Filter: 190067
                                             Buffers: shared hit=14356
                           ->  Memoize  (cost=0.30..7.22 rows=1 width=4) (actual time=0.000..0.000 rows=0 loops=481128)
                                 Cache Key: catalog_sales.cs_sold_date_sk
                                 Cache Mode: logical
                                 Hits: 478990  Misses: 2138  Evictions: 0  Overflows: 0  Memory Usage: 155kB
                                 Buffers: shared hit=6411
                                 ->  Index Scan using date_dim_pkey on date_dim  (cost=0.29..7.21 rows=1 width=4) (actual time=0.012..0.012 rows=0 loops=2138)
                                       Index Cond: (d_date_sk = catalog_sales.cs_sold_date_sk)
                                       Filter: (d_year = 2000)
                                       Rows Removed by Filter: 1
                                       Buffers: shared hit=6411
                     ->  Index Scan using customer_pkey on customer  (cost=0.43..7.35 rows=1 width=12) (actual time=0.012..0.012 rows=0 loops=76027)
                           Index Cond: (c_customer_sk = catalog_sales.cs_bill_customer_sk)
                           Filter: (c_birth_month = 7)
                           Rows Removed by Filter: 1
                           Buffers: shared hit=263823 read=39937
               ->  Index Scan using customer_address_pkey on customer_address  (cost=0.42..7.36 rows=1 width=35) (actual time=0.015..0.015 rows=0 loops=3501)
                     Index Cond: (ca_address_sk = customer.c_current_addr_sk)
                     Filter: (ca_state = ANY ('{CA,IN,NY}'::bpchar[]))
                     Rows Removed by Filter: 1
                     Buffers: shared hit=8627 read=5377
         ->  Index Scan using customer_demographics_pkey on customer_demographics  (cost=0.43..7.36 rows=1 width=8) (actual time=0.014..0.014 rows=0 loops=208)
               Index Cond: (cd_demo_sk = catalog_sales.cs_bill_cdemo_sk)
               Filter: ((cd_gender = 'M'::bpchar) AND (cd_education_status = 'Primary'::bpchar))
               Rows Removed by Filter: 1
               Buffers: shared hit=779 read=53
 Planning:
   Buffers: shared hit=454
 Planning Time: 2.491 ms
 Execution Time: 49787.585 ms
(53 rows)

