                                                                                  QUERY PLAN                                                                                  
------------------------------------------------------------------------------------------------------------------------------------------------------------------------------
 Aggregate  (cost=5987957.93..5987957.94 rows=1 width=268) (actual time=46630.331..46630.336 rows=1 loops=1)
   Buffers: shared hit=486535 read=3689220
   ->  Nested Loop  (cost=17180.68..5987957.74 rows=7 width=81) (actual time=147.072..46629.482 rows=163 loops=1)
         Buffers: shared hit=486535 read=3689220
         ->  Nested Loop  (cost=17180.26..5987560.61 rows=54 width=54) (actual time=103.471..46582.131 rows=3030 loops=1)
               Buffers: shared hit=479850 read=3683785
               ->  Nested Loop  (cost=17179.83..5985214.62 rows=319 width=50) (actual time=102.886..46354.124 rows=18031 loops=1)
                     Buffers: shared hit=423869 read=3667670
                     ->  Nested Loop  (cost=17179.40..5951988.25 rows=4517 width=50) (actual time=102.689..45484.632 rows=89197 loops=1)
                           Buffers: shared hit=79333 read=3655814
                           ->  Hash Join  (cost=17179.10..5913917.31 rows=911455 width=54) (actual time=102.646..45241.879 rows=727824 loops=1)
                                 Hash Cond: (catalog_sales.cs_item_sk = item.i_item_sk)
                                 Buffers: shared hit=72922 read=3655814
                                 ->  Seq Scan on catalog_sales  (cost=0.00..5874397.76 rows=8510470 width=41) (actual time=0.040..43470.542 rows=8494738 loops=1)
                                       Filter: ((cs_wholesale_cost >= '65'::numeric) AND (cs_wholesale_cost <= '70'::numeric))
                                       Rows Removed by Filter: 135497561
                                       Buffers: shared hit=58566 read=3655814
                                 ->  Hash  (cost=16906.00..16906.00 rows=21848 width=21) (actual time=102.461..102.462 rows=21811 loops=1)
                                       Buckets: 32768  Batches: 1  Memory Usage: 1449kB
                                       Buffers: shared hit=14356
                                       ->  Seq Scan on item  (cost=0.00..16906.00 rows=21848 width=21) (actual time=0.026..98.423 rows=21811 loops=1)
                                             Filter: (i_category = 'Sports'::bpchar)
                                             Rows Removed by Filter: 182189
                                             Buffers: shared hit=14356
                           ->  Memoize  (cost=0.30..7.22 rows=1 width=4) (actual time=0.000..0.000 rows=0 loops=727824)
                                 Cache Key: catalog_sales.cs_sold_date_sk
                                 Cache Mode: logical
                                 Hits: 725686  Misses: 2138  Evictions: 0  Overflows: 0  Memory Usage: 155kB
                                 Buffers: shared hit=6411
                                 ->  Index Scan using date_dim_pkey on date_dim  (cost=0.29..7.21 rows=1 width=4) (actual time=0.012..0.012 rows=0 loops=2138)
                                       Index Cond: (d_date_sk = catalog_sales.cs_sold_date_sk)
                                       Filter: (d_year = 1998)
                                       Rows Removed by Filter: 1
                                       Buffers: shared hit=6411
                     ->  Index Scan using customer_demographics_pkey on customer_demographics  (cost=0.43..7.36 rows=1 width=8) (actual time=0.010..0.010 rows=0 loops=89197)
                           Index Cond: (cd_demo_sk = catalog_sales.cs_bill_cdemo_sk)
                           Filter: ((cd_gender = 'M'::bpchar) AND (cd_education_status = '2 yr Degree'::bpchar))
                           Rows Removed by Filter: 1
                           Buffers: shared hit=344536 read=11856
               ->  Index Scan using customer_pkey on customer  (cost=0.43..7.35 rows=1 width=12) (actual time=0.012..0.012 rows=0 loops=18031)
                     Index Cond: (c_customer_sk = catalog_sales.cs_bill_customer_sk)
                     Filter: (c_birth_month = 4)
                     Rows Removed by Filter: 1
                     Buffers: shared hit=55981 read=16115
         ->  Index Scan using customer_address_pkey on customer_address  (cost=0.42..7.35 rows=1 width=35) (actual time=0.015..0.015 rows=0 loops=3030)
               Index Cond: (ca_address_sk = customer.c_current_addr_sk)
               Filter: (ca_state = ANY ('{TX,VA,WA}'::bpchar[]))
               Rows Removed by Filter: 1
               Buffers: shared hit=6685 read=5435
 Planning:
   Buffers: shared hit=454
 Planning Time: 2.537 ms
 Execution Time: 46630.712 ms
(53 rows)

