                                                                              QUERY PLAN                                                                               
-----------------------------------------------------------------------------------------------------------------------------------------------------------------------
 Aggregate  (cost=5908719.98..5908719.99 rows=1 width=268) (actual time=45581.321..45581.328 rows=1 loops=1)
   Buffers: shared hit=214471 read=3679231
   ->  Nested Loop  (cost=19829.07..5908719.95 rows=1 width=81) (actual time=15391.106..45581.276 rows=5 loops=1)
         Buffers: shared hit=214471 read=3679231
         ->  Nested Loop  (cost=19828.64..5908675.80 rows=6 width=54) (actual time=12460.986..45578.231 rows=158 loops=1)
               Buffers: shared hit=214117 read=3678953
               ->  Nested Loop  (cost=19828.22..5907998.99 rows=92 width=54) (actual time=12362.376..45542.413 rows=2594 loops=1)
                     Buffers: shared hit=204971 read=3677731
                     ->  Hash Join  (cost=19827.79..5898289.32 rows=1320 width=50) (actual time=12361.364..45110.447 rows=38172 loops=1)
                           Hash Cond: (catalog_sales.cs_sold_date_sk = date_dim.d_date_sk)
                           Buffers: shared hit=60420 read=3669790
                           ->  Hash Join  (cost=17436.15..5895198.21 rows=266449 width=54) (actual time=118.709..45053.347 rows=263335 loops=1)
                                 Hash Cond: (catalog_sales.cs_item_sk = item.i_item_sk)
                                 Buffers: shared hit=60378 read=3668358
                                 ->  Seq Scan on catalog_sales  (cost=0.00..5874397.76 rows=1281611 width=41) (actual time=0.061..44575.691 rows=1213654 loops=1)
                                       Filter: ((cs_wholesale_cost >= '20'::numeric) AND (cs_wholesale_cost <= '25'::numeric))
                                       Rows Removed by Filter: 142778645
                                       Buffers: shared hit=48577 read=3665803
                                 ->  Hash  (cost=16906.00..16906.00 rows=42412 width=21) (actual time=118.376..118.377 rows=42041 loops=1)
                                       Buckets: 65536  Batches: 1  Memory Usage: 2812kB
                                       Buffers: shared hit=11801 read=2555
                                       ->  Seq Scan on item  (cost=0.00..16906.00 rows=42412 width=21) (actual time=0.014..110.340 rows=42041 loops=1)
                                             Filter: (i_category = 'Electronics'::bpchar)
                                             Rows Removed by Filter: 161959
                                             Buffers: shared hit=11801 read=2555
                           ->  Hash  (cost=2387.11..2387.11 rows=362 width=4) (actual time=23.025..23.025 rows=366 loops=1)
                                 Buckets: 1024  Batches: 1  Memory Usage: 21kB
                                 Buffers: shared hit=42 read=1432
                                 ->  Seq Scan on date_dim  (cost=0.00..2387.11 rows=362 width=4) (actual time=13.778..22.966 rows=366 loops=1)
                                       Filter: (d_year = 2000)
                                       Rows Removed by Filter: 72683
                                       Buffers: shared hit=42 read=1432
                     ->  Index Scan using customer_pkey on customer  (cost=0.43..7.36 rows=1 width=12) (actual time=0.011..0.011 rows=0 loops=38172)
                           Index Cond: (c_customer_sk = catalog_sales.cs_bill_customer_sk)
                           Filter: (c_birth_month = 12)
                           Rows Removed by Filter: 1
                           Buffers: shared hit=144551 read=7941
               ->  Index Scan using customer_demographics_pkey on customer_demographics  (cost=0.43..7.36 rows=1 width=8) (actual time=0.013..0.013 rows=0 loops=2594)
                     Index Cond: (cd_demo_sk = catalog_sales.cs_bill_cdemo_sk)
                     Filter: ((cd_gender = 'F'::bpchar) AND (cd_education_status = '2 yr Degree'::bpchar))
                     Rows Removed by Filter: 1
                     Buffers: shared hit=9146 read=1222
         ->  Index Scan using customer_address_pkey on customer_address  (cost=0.42..7.36 rows=1 width=35) (actual time=0.018..0.018 rows=0 loops=158)
               Index Cond: (ca_address_sk = customer.c_current_addr_sk)
               Filter: (ca_state = ANY ('{MT,NY,TX}'::bpchar[]))
               Rows Removed by Filter: 1
               Buffers: shared hit=354 read=278
 Planning:
   Buffers: shared hit=454
 Planning Time: 4.624 ms
 Execution Time: 45581.903 ms
(51 rows)

