                                                                                  QUERY PLAN                                                                                   
-------------------------------------------------------------------------------------------------------------------------------------------------------------------------------
 Aggregate  (cost=5995814.08..5995814.09 rows=1 width=268) (actual time=46286.466..46286.471 rows=1 loops=1)
   Buffers: shared hit=673039 read=3677784
   ->  Nested Loop  (cost=17326.55..5995813.97 rows=4 width=81) (actual time=6501.181..46286.312 rows=22 loops=1)
         Buffers: shared hit=673039 read=3677784
         ->  Nested Loop  (cost=17326.12..5995416.80 rows=54 width=54) (actual time=6168.556..46277.561 rows=442 loops=1)
               Buffers: shared hit=672079 read=3676976
               ->  Nested Loop  (cost=17325.69..5992555.99 rows=389 width=50) (actual time=6148.475..46231.194 rows=3130 loops=1)
                     Buffers: shared hit=662011 read=3674536
                     ->  Nested Loop  (cost=17325.27..5952282.53 rows=5475 width=50) (actual time=6147.489..44668.871 rows=150561 loops=1)
                           Buffers: shared hit=81512 read=3653635
                           ->  Hash Join  (cost=17324.96..5909375.83 rows=1104887 width=54) (actual time=110.358..44388.495 rows=847899 loops=1)
                                 Hash Cond: (catalog_sales.cs_item_sk = item.i_item_sk)
                                 Buffers: shared hit=75101 read=3653635
                                 ->  Seq Scan on catalog_sales  (cost=0.00..5874397.76 rows=6724855 width=41) (actual time=0.104..42851.836 rows=6763882 loops=1)
                                       Filter: ((cs_wholesale_cost >= '69'::numeric) AND (cs_wholesale_cost <= '74'::numeric))
                                       Rows Removed by Filter: 137228417
                                       Buffers: shared hit=60745 read=3653635
                                 ->  Hash  (cost=16906.00..16906.00 rows=33517 width=21) (actual time=109.907..109.908 rows=33627 loops=1)
                                       Buckets: 65536  Batches: 1  Memory Usage: 2351kB
                                       Buffers: shared hit=14356
                                       ->  Seq Scan on item  (cost=0.00..16906.00 rows=33517 width=21) (actual time=0.026..103.686 rows=33627 loops=1)
                                             Filter: (i_category = 'Shoes'::bpchar)
                                             Rows Removed by Filter: 170373
                                             Buffers: shared hit=14356
                           ->  Memoize  (cost=0.30..7.22 rows=1 width=4) (actual time=0.000..0.000 rows=0 loops=847899)
                                 Cache Key: catalog_sales.cs_sold_date_sk
                                 Cache Mode: logical
                                 Hits: 845761  Misses: 2138  Evictions: 0  Overflows: 0  Memory Usage: 155kB
                                 Buffers: shared hit=6411
                                 ->  Index Scan using date_dim_pkey on date_dim  (cost=0.29..7.21 rows=1 width=4) (actual time=0.012..0.012 rows=0 loops=2138)
                                       Index Cond: (d_date_sk = catalog_sales.cs_sold_date_sk)
                                       Filter: (d_year = 1999)
                                       Rows Removed by Filter: 1
                                       Buffers: shared hit=6411
                     ->  Index Scan using customer_demographics_pkey on customer_demographics  (cost=0.43..7.36 rows=1 width=8) (actual time=0.010..0.010 rows=0 loops=150561)
                           Index Cond: (cd_demo_sk = catalog_sales.cs_bill_cdemo_sk)
                           Filter: ((cd_gender = 'M'::bpchar) AND (cd_education_status = 'Secondary'::bpchar))
                           Rows Removed by Filter: 1
                           Buffers: shared hit=580499 read=20901
               ->  Index Scan using customer_pkey on customer  (cost=0.43..7.35 rows=1 width=12) (actual time=0.014..0.014 rows=0 loops=3130)
                     Index Cond: (c_customer_sk = catalog_sales.cs_bill_customer_sk)
                     Filter: (c_birth_month = 10)
                     Rows Removed by Filter: 1
                     Buffers: shared hit=10068 read=2440
         ->  Index Scan using customer_address_pkey on customer_address  (cost=0.42..7.35 rows=1 width=35) (actual time=0.019..0.019 rows=0 loops=442)
               Index Cond: (ca_address_sk = customer.c_current_addr_sk)
               Filter: (ca_state = ANY ('{IA,NE,WV}'::bpchar[]))
               Rows Removed by Filter: 1
               Buffers: shared hit=960 read=808
 Planning:
   Buffers: shared hit=454
 Planning Time: 4.221 ms
 Execution Time: 46286.935 ms
(53 rows)

