                                                                              QUERY PLAN                                                                               
-----------------------------------------------------------------------------------------------------------------------------------------------------------------------
 Aggregate  (cost=5994765.68..5994765.69 rows=1 width=268) (actual time=48877.363..48877.368 rows=1 loops=1)
   Buffers: shared hit=756089 read=3702542
   ->  Nested Loop  (cost=17220.72..5994765.66 rows=1 width=81) (actual time=6461.788..48877.259 rows=15 loops=1)
         Buffers: shared hit=756089 read=3702542
         ->  Nested Loop  (cost=17220.30..5994677.25 rows=12 width=54) (actual time=6265.999..48870.985 rows=288 loops=1)
               Buffers: shared hit=755280 read=3702199
               ->  Nested Loop  (cost=17219.87..5993456.18 rows=166 width=54) (actual time=6265.958..48769.951 rows=5859 loops=1)
                     Buffers: shared hit=739456 read=3694611
                     ->  Nested Loop  (cost=17219.44..5955368.80 rows=5179 width=50) (actual time=6264.749..46680.513 rows=174958 loops=1)
                           Buffers: shared hit=55232 read=3679915
                           ->  Hash Join  (cost=17219.14..5913957.35 rows=1045077 width=54) (actual time=118.102..46217.826 rows=1523770 loops=1)
                                 Hash Cond: (catalog_sales.cs_item_sk = item.i_item_sk)
                                 Buffers: shared hit=48821 read=3679915
                                 ->  Seq Scan on catalog_sales  (cost=0.00..5874397.76 rows=8510470 width=41) (actual time=0.075..44244.447 rows=8494738 loops=1)
                                       Filter: ((cs_wholesale_cost >= '65'::numeric) AND (cs_wholesale_cost <= '70'::numeric))
                                       Rows Removed by Filter: 135497561
                                       Buffers: shared hit=36859 read=3677521
                                 ->  Hash  (cost=16906.00..16906.00 rows=25051 width=21) (actual time=117.737..117.738 rows=24688 loops=1)
                                       Buckets: 32768  Batches: 1  Memory Usage: 1607kB
                                       Buffers: shared hit=11962 read=2394
                                       ->  Seq Scan on item  (cost=0.00..16906.00 rows=25051 width=21) (actual time=0.030..112.340 rows=24688 loops=1)
                                             Filter: (i_category = 'Books'::bpchar)
                                             Rows Removed by Filter: 179312
                                             Buffers: shared hit=11962 read=2394
                           ->  Memoize  (cost=0.30..7.22 rows=1 width=4) (actual time=0.000..0.000 rows=0 loops=1523770)
                                 Cache Key: catalog_sales.cs_sold_date_sk
                                 Cache Mode: logical
                                 Hits: 1521632  Misses: 2138  Evictions: 0  Overflows: 0  Memory Usage: 155kB
                                 Buffers: shared hit=6411
                                 ->  Index Scan using date_dim_pkey on date_dim  (cost=0.29..7.21 rows=1 width=4) (actual time=0.012..0.012 rows=0 loops=2138)
                                       Index Cond: (d_date_sk = catalog_sales.cs_sold_date_sk)
                                       Filter: (d_year = 1999)
                                       Rows Removed by Filter: 1
                                       Buffers: shared hit=6411
                     ->  Index Scan using customer_pkey on customer  (cost=0.43..7.35 rows=1 width=12) (actual time=0.012..0.012 rows=0 loops=174958)
                           Index Cond: (c_customer_sk = catalog_sales.cs_bill_customer_sk)
                           Filter: (c_birth_month = 6)
                           Rows Removed by Filter: 1
                           Buffers: shared hit=684224 read=14696
               ->  Index Scan using customer_demographics_pkey on customer_demographics  (cost=0.43..7.36 rows=1 width=8) (actual time=0.017..0.017 rows=0 loops=5859)
                     Index Cond: (cd_demo_sk = catalog_sales.cs_bill_cdemo_sk)
                     Filter: ((cd_gender = 'F'::bpchar) AND (cd_education_status = 'College'::bpchar))
                     Rows Removed by Filter: 1
                     Buffers: shared hit=15824 read=7588
         ->  Index Scan using customer_address_pkey on customer_address  (cost=0.42..7.37 rows=1 width=35) (actual time=0.021..0.021 rows=0 loops=288)
               Index Cond: (ca_address_sk = customer.c_current_addr_sk)
               Filter: (ca_state = ANY ('{MT,OR,TX}'::bpchar[]))
               Rows Removed by Filter: 1
               Buffers: shared hit=809 read=343
 Planning:
   Buffers: shared hit=407 read=47
 Planning Time: 5.032 ms
 Execution Time: 48878.012 ms
(53 rows)

