                                                                              QUERY PLAN                                                                               
-----------------------------------------------------------------------------------------------------------------------------------------------------------------------
 Aggregate  (cost=5990656.10..5990656.11 rows=1 width=268) (actual time=46696.333..46696.338 rows=1 loops=1)
   Buffers: shared hit=565912 read=3730355
   ->  Nested Loop  (cost=17326.55..5990656.07 rows=1 width=81) (actual time=13836.072..46696.258 rows=10 loops=1)
         Buffers: shared hit=565912 read=3730355
         ->  Nested Loop  (cost=17326.12..5990523.56 rows=18 width=54) (actual time=12270.557..46693.811 rows=123 loops=1)
               Buffers: shared hit=565653 read=3730122
               ->  Nested Loop  (cost=17325.69..5988640.45 rows=256 width=54) (actual time=11987.677..46615.158 rows=6449 loops=1)
                     Buffers: shared hit=543850 read=3726145
                     ->  Nested Loop  (cost=17325.27..5950214.30 rows=5225 width=50) (actual time=11987.281..45157.568 rows=133891 loops=1)
                           Buffers: shared hit=92341 read=3642806
                           ->  Hash Join  (cost=17324.96..5908569.41 rows=1054414 width=54) (actual time=110.316..44899.266 rows=766399 loops=1)
                                 Hash Cond: (catalog_sales.cs_item_sk = item.i_item_sk)
                                 Buffers: shared hit=85930 read=3642806
                                 ->  Seq Scan on catalog_sales  (cost=0.00..5874397.76 rows=6417653 width=41) (actual time=0.023..43469.043 rows=6094526 loops=1)
                                       Filter: ((cs_wholesale_cost >= '62'::numeric) AND (cs_wholesale_cost <= '67'::numeric))
                                       Rows Removed by Filter: 137897773
                                       Buffers: shared hit=78165 read=3636215
                                 ->  Hash  (cost=16906.00..16906.00 rows=33517 width=21) (actual time=110.051..110.051 rows=33627 loops=1)
                                       Buckets: 65536  Batches: 1  Memory Usage: 2351kB
                                       Buffers: shared hit=7765 read=6591
                                       ->  Seq Scan on item  (cost=0.00..16906.00 rows=33517 width=21) (actual time=0.014..103.744 rows=33627 loops=1)
                                             Filter: (i_category = 'Shoes'::bpchar)
                                             Rows Removed by Filter: 170373
                                             Buffers: shared hit=7765 read=6591
                           ->  Memoize  (cost=0.30..7.22 rows=1 width=4) (actual time=0.000..0.000 rows=0 loops=766399)
                                 Cache Key: catalog_sales.cs_sold_date_sk
                                 Cache Mode: logical
                                 Hits: 764261  Misses: 2138  Evictions: 0  Overflows: 0  Memory Usage: 155kB
                                 Buffers: shared hit=6411
                                 ->  Index Scan using date_dim_pkey on date_dim  (cost=0.29..7.21 rows=1 width=4) (actual time=0.012..0.012 rows=0 loops=2138)
                                       Index Cond: (d_date_sk = catalog_sales.cs_sold_date_sk)
                                       Filter: (d_year = 2000)
                                       Rows Removed by Filter: 1
                                       Buffers: shared hit=6411
                     ->  Index Scan using customer_pkey on customer  (cost=0.43..7.35 rows=1 width=12) (actual time=0.011..0.011 rows=0 loops=133891)
                           Index Cond: (c_customer_sk = catalog_sales.cs_bill_customer_sk)
                           Filter: (c_birth_month = 7)
                           Rows Removed by Filter: 1
                           Buffers: shared hit=451509 read=83339
               ->  Index Scan using customer_demographics_pkey on customer_demographics  (cost=0.43..7.36 rows=1 width=8) (actual time=0.012..0.012 rows=0 loops=6449)
                     Index Cond: (cd_demo_sk = catalog_sales.cs_bill_cdemo_sk)
                     Filter: ((cd_gender = 'F'::bpchar) AND (cd_education_status = 'Primary'::bpchar))
                     Rows Removed by Filter: 1
                     Buffers: shared hit=21803 read=3977
         ->  Index Scan using customer_address_pkey on customer_address  (cost=0.42..7.36 rows=1 width=35) (actual time=0.019..0.019 rows=0 loops=123)
               Index Cond: (ca_address_sk = customer.c_current_addr_sk)
               Filter: (ca_state = ANY ('{ID,IL,KS}'::bpchar[]))
               Rows Removed by Filter: 1
               Buffers: shared hit=259 read=233
 Planning:
   Buffers: shared hit=454
 Planning Time: 1.712 ms
 Execution Time: 46696.660 ms
(53 rows)

