                                                                              QUERY PLAN                                                                              
----------------------------------------------------------------------------------------------------------------------------------------------------------------------
 Aggregate  (cost=5942527.11..5942527.12 rows=1 width=268) (actual time=48272.656..48272.661 rows=1 loops=1)
   Buffers: shared hit=111552 read=3670483
   ->  Nested Loop  (cost=16954.16..5942527.08 rows=1 width=81) (actual time=9464.514..48272.614 rows=5 loops=1)
         Buffers: shared hit=111552 read=3670483
         ->  Nested Loop  (cost=16953.73..5942505.00 rows=3 width=54) (actual time=6526.876..48271.927 rows=37 loops=1)
               Buffers: shared hit=111425 read=3670462
               ->  Nested Loop  (cost=16953.31..5942144.56 rows=49 width=54) (actual time=6389.107..48261.594 rows=646 loops=1)
                     Buffers: shared hit=109533 read=3669774
                     ->  Nested Loop  (cost=16952.88..5935834.69 rows=858 width=50) (actual time=6369.792..48115.494 rows=11049 loops=1)
                           Buffers: shared hit=66043 read=3669104
                           ->  Hash Join  (cost=16952.58..5916223.45 rows=173063 width=54) (actual time=106.655..48043.899 rows=84178 loops=1)
                                 Hash Cond: (catalog_sales.cs_item_sk = item.i_item_sk)
                                 Buffers: shared hit=59632 read=3669104
                                 ->  Seq Scan on catalog_sales  (cost=0.00..5874397.76 rows=9475278 width=41) (actual time=0.139..46581.094 rows=9280537 loops=1)
                                       Filter: ((cs_wholesale_cost >= '2'::numeric) AND (cs_wholesale_cost <= '7'::numeric))
                                       Rows Removed by Filter: 134711762
                                       Buffers: shared hit=45276 read=3669104
                                 ->  Hash  (cost=16906.00..16906.00 rows=3726 width=21) (actual time=106.029..106.030 rows=3713 loops=1)
                                       Buckets: 4096  Batches: 1  Memory Usage: 236kB
                                       Buffers: shared hit=14356
                                       ->  Seq Scan on item  (cost=0.00..16906.00 rows=3726 width=21) (actual time=0.045..105.228 rows=3713 loops=1)
                                             Filter: (i_category = 'Music'::bpchar)
                                             Rows Removed by Filter: 200287
                                             Buffers: shared hit=14356
                           ->  Memoize  (cost=0.30..7.22 rows=1 width=4) (actual time=0.001..0.001 rows=0 loops=84178)
                                 Cache Key: catalog_sales.cs_sold_date_sk
                                 Cache Mode: logical
                                 Hits: 82040  Misses: 2138  Evictions: 0  Overflows: 0  Memory Usage: 155kB
                                 Buffers: shared hit=6411
                                 ->  Index Scan using date_dim_pkey on date_dim  (cost=0.29..7.21 rows=1 width=4) (actual time=0.013..0.013 rows=0 loops=2138)
                                       Index Cond: (d_date_sk = catalog_sales.cs_sold_date_sk)
                                       Filter: (d_year = 1999)
                                       Rows Removed by Filter: 1
                                       Buffers: shared hit=6411
                     ->  Index Scan using customer_pkey on customer  (cost=0.43..7.35 rows=1 width=12) (actual time=0.013..0.013 rows=0 loops=11049)
                           Index Cond: (c_customer_sk = catalog_sales.cs_bill_customer_sk)
                           Filter: (c_birth_month = 3)
                           Rows Removed by Filter: 1
                           Buffers: shared hit=43490 read=670
               ->  Index Scan using customer_demographics_pkey on customer_demographics  (cost=0.43..7.36 rows=1 width=8) (actual time=0.015..0.015 rows=0 loops=646)
                     Index Cond: (cd_demo_sk = catalog_sales.cs_bill_cdemo_sk)
                     Filter: ((cd_gender = 'F'::bpchar) AND (cd_education_status = '2 yr Degree'::bpchar))
                     Rows Removed by Filter: 1
                     Buffers: shared hit=1892 read=688
         ->  Index Scan using customer_address_pkey on customer_address  (cost=0.42..7.36 rows=1 width=35) (actual time=0.017..0.017 rows=0 loops=37)
               Index Cond: (ca_address_sk = customer.c_current_addr_sk)
               Filter: (ca_state = ANY ('{AR,NY,SD}'::bpchar[]))
               Rows Removed by Filter: 1
               Buffers: shared hit=127 read=21
 Planning:
   Buffers: shared hit=454
 Planning Time: 3.032 ms
 Execution Time: 48273.100 ms
(53 rows)

