                                                                                  QUERY PLAN                                                                                  
------------------------------------------------------------------------------------------------------------------------------------------------------------------------------
 Aggregate  (cost=5951072.36..5951072.37 rows=1 width=268) (actual time=46489.323..46489.328 rows=1 loops=1)
   Buffers: shared hit=395782 read=3676801
   ->  Nested Loop  (cost=17242.40..5951072.30 rows=2 width=81) (actual time=27400.081..46488.799 rows=86 loops=1)
         Buffers: shared hit=395782 read=3676801
         ->  Nested Loop  (cost=17241.97..5950836.97 rows=32 width=54) (actual time=27398.115..46462.953 rows=1552 loops=1)
               Buffers: shared hit=392593 read=3673782
               ->  Nested Loop  (cost=17241.54..5949424.90 rows=192 width=50) (actual time=27394.390..46349.520 rows=9519 loops=1)
                     Buffers: shared hit=358997 read=3669330
                     ->  Nested Loop  (cost=17241.12..5930402.29 rows=2586 width=50) (actual time=27392.651..45593.131 rows=73383 loops=1)
                           Buffers: shared hit=80873 read=3654274
                           ->  Hash Join  (cost=17240.81..5902071.67 rows=521839 width=54) (actual time=124.700..45443.477 rows=380090 loops=1)
                                 Hash Cond: (catalog_sales.cs_item_sk = item.i_item_sk)
                                 Buffers: shared hit=74462 read=3654274
                                 ->  Seq Scan on catalog_sales  (cost=0.00..5874397.76 rows=3974433 width=41) (actual time=0.085..44398.001 rows=3999274 loops=1)
                                       Filter: ((cs_wholesale_cost >= '40'::numeric) AND (cs_wholesale_cost <= '45'::numeric))
                                       Rows Removed by Filter: 139993025
                                       Buffers: shared hit=60106 read=3654274
                                 ->  Hash  (cost=16906.00..16906.00 rows=26785 width=21) (actual time=124.327..124.327 rows=26695 loops=1)
                                       Buckets: 32768  Batches: 1  Memory Usage: 1716kB
                                       Buffers: shared hit=14356
                                       ->  Seq Scan on item  (cost=0.00..16906.00 rows=26785 width=21) (actual time=0.020..118.055 rows=26695 loops=1)
                                             Filter: (i_category = 'Children'::bpchar)
                                             Rows Removed by Filter: 177305
                                             Buffers: shared hit=14356
                           ->  Memoize  (cost=0.30..7.22 rows=1 width=4) (actual time=0.000..0.000 rows=0 loops=380090)
                                 Cache Key: catalog_sales.cs_sold_date_sk
                                 Cache Mode: logical
                                 Hits: 377952  Misses: 2138  Evictions: 0  Overflows: 0  Memory Usage: 155kB
                                 Buffers: shared hit=6411
                                 ->  Index Scan using date_dim_pkey on date_dim  (cost=0.29..7.21 rows=1 width=4) (actual time=0.012..0.012 rows=0 loops=2138)
                                       Index Cond: (d_date_sk = catalog_sales.cs_sold_date_sk)
                                       Filter: (d_year = 2002)
                                       Rows Removed by Filter: 1
                                       Buffers: shared hit=6411
                     ->  Index Scan using customer_demographics_pkey on customer_demographics  (cost=0.43..7.36 rows=1 width=8) (actual time=0.010..0.010 rows=0 loops=73383)
                           Index Cond: (cd_demo_sk = catalog_sales.cs_bill_cdemo_sk)
                           Filter: ((cd_gender = 'M'::bpchar) AND (cd_education_status = '4 yr Degree'::bpchar))
                           Rows Removed by Filter: 1
                           Buffers: shared hit=278124 read=15056
               ->  Index Scan using customer_pkey on customer  (cost=0.43..7.35 rows=1 width=12) (actual time=0.012..0.012 rows=0 loops=9519)
                     Index Cond: (c_customer_sk = catalog_sales.cs_bill_customer_sk)
                     Filter: (c_birth_month = 4)
                     Rows Removed by Filter: 1
                     Buffers: shared hit=33596 read=4452
         ->  Index Scan using customer_address_pkey on customer_address  (cost=0.42..7.35 rows=1 width=35) (actual time=0.016..0.016 rows=0 loops=1552)
               Index Cond: (ca_address_sk = customer.c_current_addr_sk)
               Filter: (ca_state = ANY ('{MS,MT,WA}'::bpchar[]))
               Rows Removed by Filter: 1
               Buffers: shared hit=3189 read=3019
 Planning:
   Buffers: shared hit=454
 Planning Time: 4.408 ms
 Execution Time: 46489.976 ms
(53 rows)

