                                                                              QUERY PLAN                                                                              
----------------------------------------------------------------------------------------------------------------------------------------------------------------------
 Aggregate  (cost=5923790.90..5923790.91 rows=1 width=268) (actual time=45775.782..45775.787 rows=1 loops=1)
   Buffers: shared hit=121576 read=3650459
   ->  Nested Loop  (cost=17019.78..5923790.87 rows=1 width=81) (actual time=45775.777..45775.782 rows=0 loops=1)
         Buffers: shared hit=121576 read=3650459
         ->  Nested Loop  (cost=17019.36..5923783.48 rows=1 width=54) (actual time=7795.154..45775.633 rows=7 loops=1)
               Buffers: shared hit=121560 read=3650447
               ->  Nested Loop  (cost=17018.93..5923709.92 rows=10 width=54) (actual time=6353.946..45772.983 rows=139 loops=1)
                     Buffers: shared hit=121024 read=3650427
                     ->  Nested Loop  (cost=17018.50..5918591.07 rows=696 width=50) (actual time=6213.892..45635.360 rows=9087 loops=1)
                           Buffers: shared hit=89511 read=3645636
                           ->  Hash Join  (cost=17018.20..5899795.21 rows=140449 width=54) (actual time=110.672..45571.355 rows=69958 loops=1)
                                 Hash Cond: (catalog_sales.cs_item_sk = item.i_item_sk)
                                 Buffers: shared hit=83100 read=3645636
                                 ->  Seq Scan on catalog_sales  (cost=0.00..5874397.76 rows=3192026 width=41) (actual time=0.195..44856.680 rows=3238451 loops=1)
                                       Filter: ((cs_wholesale_cost >= '32'::numeric) AND (cs_wholesale_cost <= '37'::numeric))
                                       Rows Removed by Filter: 140753848
                                       Buffers: shared hit=68744 read=3645636
                                 ->  Hash  (cost=16906.00..16906.00 rows=8976 width=21) (actual time=110.242..110.243 rows=8826 loops=1)
                                       Buckets: 16384  Batches: 1  Memory Usage: 611kB
                                       Buffers: shared hit=14356
                                       ->  Seq Scan on item  (cost=0.00..16906.00 rows=8976 width=21) (actual time=0.022..108.182 rows=8826 loops=1)
                                             Filter: (i_category = 'Jewelry'::bpchar)
                                             Rows Removed by Filter: 195174
                                             Buffers: shared hit=14356
                           ->  Memoize  (cost=0.30..7.22 rows=1 width=4) (actual time=0.001..0.001 rows=0 loops=69958)
                                 Cache Key: catalog_sales.cs_sold_date_sk
                                 Cache Mode: logical
                                 Hits: 67820  Misses: 2138  Evictions: 0  Overflows: 0  Memory Usage: 155kB
                                 Buffers: shared hit=6411
                                 ->  Index Scan using date_dim_pkey on date_dim  (cost=0.29..7.21 rows=1 width=4) (actual time=0.012..0.012 rows=0 loops=2138)
                                       Index Cond: (d_date_sk = catalog_sales.cs_sold_date_sk)
                                       Filter: (d_year = 1999)
                                       Rows Removed by Filter: 1
                                       Buffers: shared hit=6411
                     ->  Index Scan using customer_pkey on customer  (cost=0.43..7.35 rows=1 width=12) (actual time=0.015..0.015 rows=0 loops=9087)
                           Index Cond: (c_customer_sk = catalog_sales.cs_bill_customer_sk)
                           Filter: (c_birth_month = 5)
                           Rows Removed by Filter: 1
                           Buffers: shared hit=31513 read=4791
               ->  Index Scan using customer_demographics_pkey on customer_demographics  (cost=0.43..7.36 rows=1 width=8) (actual time=0.018..0.018 rows=0 loops=139)
                     Index Cond: (cd_demo_sk = catalog_sales.cs_bill_cdemo_sk)
                     Filter: ((cd_gender = 'F'::bpchar) AND (cd_education_status = 'College'::bpchar))
                     Rows Removed by Filter: 1
                     Buffers: shared hit=536 read=20
         ->  Index Scan using customer_address_pkey on customer_address  (cost=0.42..7.39 rows=1 width=35) (actual time=0.020..0.020 rows=0 loops=7)
               Index Cond: (ca_address_sk = customer.c_current_addr_sk)
               Filter: (ca_state = ANY ('{LA,MO,WA}'::bpchar[]))
               Rows Removed by Filter: 1
               Buffers: shared hit=16 read=12
 Planning:
   Buffers: shared hit=454
 Planning Time: 4.173 ms
 Execution Time: 45776.367 ms
(53 rows)

