                                                                                 QUERY PLAN                                                                                  
-----------------------------------------------------------------------------------------------------------------------------------------------------------------------------
 Aggregate  (cost=5921729.54..5921729.55 rows=1 width=268) (actual time=45419.855..45419.860 rows=1 loops=1)
   Buffers: shared hit=83296 read=3683608
   ->  Nested Loop  (cost=16954.16..5921729.52 rows=1 width=81) (actual time=30053.040..45419.824 rows=3 loops=1)
         Buffers: shared hit=83296 read=3683608
         ->  Nested Loop  (cost=16953.73..5921714.80 rows=2 width=54) (actual time=27060.417..45418.768 rows=42 loops=1)
               Buffers: shared hit=83202 read=3683534
               ->  Nested Loop  (cost=16953.31..5921530.94 rows=25 width=50) (actual time=27060.384..45411.757 rows=473 loops=1)
                     Buffers: shared hit=81367 read=3683477
                     ->  Nested Loop  (cost=16952.88..5918882.78 rows=360 width=50) (actual time=27054.886..45313.630 rows=7436 loops=1)
                           Buffers: shared hit=52922 read=3682222
                           ->  Hash Join  (cost=16952.58..5901783.43 rows=72592 width=54) (actual time=154.668..45258.368 rows=36194 loops=1)
                                 Hash Cond: (catalog_sales.cs_item_sk = item.i_item_sk)
                                 Buffers: shared hit=46514 read=3682222
                                 ->  Seq Scan on catalog_sales  (cost=0.00..5874397.76 rows=3974433 width=41) (actual time=0.078..44392.136 rows=3999274 loops=1)
                                       Filter: ((cs_wholesale_cost >= '38'::numeric) AND (cs_wholesale_cost <= '43'::numeric))
                                       Rows Removed by Filter: 139993025
                                       Buffers: shared hit=46497 read=3667883
                                 ->  Hash  (cost=16906.00..16906.00 rows=3726 width=21) (actual time=151.306..151.307 rows=3713 loops=1)
                                       Buckets: 4096  Batches: 1  Memory Usage: 236kB
                                       Buffers: shared hit=17 read=14339
                                       ->  Seq Scan on item  (cost=0.00..16906.00 rows=3726 width=21) (actual time=0.057..150.122 rows=3713 loops=1)
                                             Filter: (i_category = 'Music'::bpchar)
                                             Rows Removed by Filter: 200287
                                             Buffers: shared hit=17 read=14339
                           ->  Memoize  (cost=0.30..7.22 rows=1 width=4) (actual time=0.001..0.001 rows=0 loops=36194)
                                 Cache Key: catalog_sales.cs_sold_date_sk
                                 Cache Mode: logical
                                 Hits: 34057  Misses: 2137  Evictions: 0  Overflows: 0  Memory Usage: 155kB
                                 Buffers: shared hit=6408
                                 ->  Index Scan using date_dim_pkey on date_dim  (cost=0.29..7.21 rows=1 width=4) (actual time=0.012..0.012 rows=0 loops=2137)
                                       Index Cond: (d_date_sk = catalog_sales.cs_sold_date_sk)
                                       Filter: (d_year = 2002)
                                       Rows Removed by Filter: 1
                                       Buffers: shared hit=6408
                     ->  Index Scan using customer_demographics_pkey on customer_demographics  (cost=0.43..7.36 rows=1 width=8) (actual time=0.013..0.013 rows=0 loops=7436)
                           Index Cond: (cd_demo_sk = catalog_sales.cs_bill_cdemo_sk)
                           Filter: ((cd_gender = 'F'::bpchar) AND (cd_education_status = '2 yr Degree'::bpchar))
                           Rows Removed by Filter: 1
                           Buffers: shared hit=28445 read=1255
               ->  Index Scan using customer_pkey on customer  (cost=0.43..7.35 rows=1 width=12) (actual time=0.014..0.014 rows=0 loops=473)
                     Index Cond: (c_customer_sk = catalog_sales.cs_bill_customer_sk)
                     Filter: (c_birth_month = 11)
                     Rows Removed by Filter: 1
                     Buffers: shared hit=1835 read=57
         ->  Index Scan using customer_address_pkey on customer_address  (cost=0.42..7.36 rows=1 width=35) (actual time=0.024..0.024 rows=0 loops=42)
               Index Cond: (ca_address_sk = customer.c_current_addr_sk)
               Filter: (ca_state = ANY ('{IL,TX,UT}'::bpchar[]))
               Rows Removed by Filter: 1
               Buffers: shared hit=94 read=74
 Planning:
   Buffers: shared hit=407 read=47
 Planning Time: 4.621 ms
 Execution Time: 45420.324 ms
(53 rows)

