                                                                               QUERY PLAN                                                                               
------------------------------------------------------------------------------------------------------------------------------------------------------------------------
 Aggregate  (cost=6009259.69..6009259.70 rows=1 width=268) (actual time=54600.525..54600.533 rows=1 loops=1)
   Buffers: shared hit=1542898 read=3848024
   ->  Nested Loop  (cost=19612.06..6009259.58 rows=4 width=81) (actual time=12649.688..54600.336 rows=26 loops=1)
         Buffers: shared hit=1542898 read=3848024
         ->  Nested Loop  (cost=19611.63..6008972.54 rows=39 width=54) (actual time=12461.725..54588.879 rows=414 loops=1)
               Buffers: shared hit=1542005 read=3847261
               ->  Nested Loop  (cost=19611.20..6004941.57 rows=548 width=54) (actual time=12426.870..54249.688 rows=22503 loops=1)
                     Buffers: shared hit=1454333 read=3845017
                     ->  Hash Join  (cost=19610.78..5935151.50 rows=9490 width=50) (actual time=12426.690..48412.581 rows=392743 loops=1)
                           Hash Cond: (catalog_sales.cs_item_sk = item.i_item_sk)
                           Buffers: shared hit=32413 read=3697797
                           ->  Hash Join  (cost=2391.64..5917729.49 rows=77284 width=37) (actual time=12324.852..47848.416 rows=2496082 loops=1)
                                 Hash Cond: (catalog_sales.cs_sold_date_sk = date_dim.d_date_sk)
                                 Buffers: shared hit=25227 read=3690627
                                 ->  Seq Scan on catalog_sales  (cost=0.00..5874397.76 rows=15595328 width=41) (actual time=0.078..46150.034 rows=15696054 loops=1)
                                       Filter: ((cs_wholesale_cost >= '26'::numeric) AND (cs_wholesale_cost <= '31'::numeric))
                                       Rows Removed by Filter: 128296245
                                       Buffers: shared hit=25185 read=3689195
                                 ->  Hash  (cost=2387.11..2387.11 rows=362 width=4) (actual time=35.450..35.452 rows=366 loops=1)
                                       Buckets: 1024  Batches: 1  Memory Usage: 21kB
                                       Buffers: shared hit=42 read=1432
                                       ->  Seq Scan on date_dim  (cost=0.00..2387.11 rows=362 width=4) (actual time=22.038..35.334 rows=366 loops=1)
                                             Filter: (d_year = 2000)
                                             Rows Removed by Filter: 72683
                                             Buffers: shared hit=42 read=1432
                           ->  Hash  (cost=16906.00..16906.00 rows=25051 width=21) (actual time=101.680..101.681 rows=24688 loops=1)
                                 Buckets: 32768  Batches: 1  Memory Usage: 1607kB
                                 Buffers: shared hit=7186 read=7170
                                 ->  Seq Scan on item  (cost=0.00..16906.00 rows=25051 width=21) (actual time=0.016..96.651 rows=24688 loops=1)
                                       Filter: (i_category = 'Books'::bpchar)
                                       Rows Removed by Filter: 179312
                                       Buffers: shared hit=7186 read=7170
                     ->  Index Scan using customer_pkey on customer  (cost=0.43..7.35 rows=1 width=12) (actual time=0.015..0.015 rows=0 loops=392743)
                           Index Cond: (c_customer_sk = catalog_sales.cs_bill_customer_sk)
                           Filter: (c_birth_month = 3)
                           Rows Removed by Filter: 1
                           Buffers: shared hit=1421920 read=147220
               ->  Index Scan using customer_demographics_pkey on customer_demographics  (cost=0.43..7.36 rows=1 width=8) (actual time=0.015..0.015 rows=0 loops=22503)
                     Index Cond: (cd_demo_sk = catalog_sales.cs_bill_cdemo_sk)
                     Filter: ((cd_gender = 'F'::bpchar) AND (cd_education_status = 'Secondary'::bpchar))
                     Rows Removed by Filter: 1
                     Buffers: shared hit=87672 read=2244
         ->  Index Scan using customer_address_pkey on customer_address  (cost=0.42..7.36 rows=1 width=35) (actual time=0.027..0.027 rows=0 loops=414)
               Index Cond: (ca_address_sk = customer.c_current_addr_sk)
               Filter: (ca_state = ANY ('{CA,SC,TX}'::bpchar[]))
               Rows Removed by Filter: 1
               Buffers: shared hit=893 read=763
 Planning:
   Buffers: shared hit=454
 Planning Time: 6.349 ms
 Execution Time: 54601.189 ms
(51 rows)

