                                                                                  QUERY PLAN                                                                                   
-------------------------------------------------------------------------------------------------------------------------------------------------------------------------------
 Aggregate  (cost=5974523.48..5974523.49 rows=1 width=268) (actual time=46865.424..46865.428 rows=1 loops=1)
   Buffers: shared hit=577039 read=3703740
   ->  Nested Loop  (cost=17119.15..5974523.43 rows=2 width=81) (actual time=159.219..46865.149 rows=43 loops=1)
         Buffers: shared hit=577039 read=3703740
         ->  Nested Loop  (cost=17118.72..5974346.87 rows=24 width=54) (actual time=138.022..46853.203 rows=686 loops=1)
               Buffers: shared hit=575605 read=3702430
               ->  Nested Loop  (cost=17118.29..5972530.39 rows=247 width=50) (actual time=135.014..46757.214 rows=6715 loops=1)
                     Buffers: shared hit=555636 read=3695571
                     ->  Nested Loop  (cost=17117.87..5946792.27 rows=3499 width=50) (actual time=134.866..45503.814 rows=129175 loops=1)
                           Buffers: shared hit=71014 read=3664133
                           ->  Hash Join  (cost=17117.56..5913855.77 rows=706077 width=54) (actual time=134.820..45073.750 rows=1458185 loops=1)
                                 Hash Cond: (catalog_sales.cs_item_sk = item.i_item_sk)
                                 Buffers: shared hit=64603 read=3664133
                                 ->  Seq Scan on catalog_sales  (cost=0.00..5874397.76 rows=8510470 width=41) (actual time=0.057..43231.170 rows=8494738 loops=1)
                                       Filter: ((cs_wholesale_cost >= '65'::numeric) AND (cs_wholesale_cost <= '70'::numeric))
                                       Rows Removed by Filter: 135497561
                                       Buffers: shared hit=56740 read=3657640
                                 ->  Hash  (cost=16906.00..16906.00 rows=16925 width=21) (actual time=134.498..134.498 rows=17141 loops=1)
                                       Buckets: 32768  Batches: 1  Memory Usage: 1194kB
                                       Buffers: shared hit=7863 read=6493
                                       ->  Seq Scan on item  (cost=0.00..16906.00 rows=16925 width=21) (actual time=0.014..130.065 rows=17141 loops=1)
                                             Filter: (i_category = 'Home'::bpchar)
                                             Rows Removed by Filter: 186859
                                             Buffers: shared hit=7863 read=6493
                           ->  Memoize  (cost=0.30..7.22 rows=1 width=4) (actual time=0.000..0.000 rows=0 loops=1458185)
                                 Cache Key: catalog_sales.cs_sold_date_sk
                                 Cache Mode: logical
                                 Hits: 1456047  Misses: 2138  Evictions: 0  Overflows: 0  Memory Usage: 155kB
                                 Buffers: shared hit=6411
                                 ->  Index Scan using date_dim_pkey on date_dim  (cost=0.29..7.21 rows=1 width=4) (actual time=0.012..0.012 rows=0 loops=2138)
                                       Index Cond: (d_date_sk = catalog_sales.cs_sold_date_sk)
                                       Filter: (d_year = 1998)
                                       Rows Removed by Filter: 1
                                       Buffers: shared hit=6411
                     ->  Index Scan using customer_demographics_pkey on customer_demographics  (cost=0.43..7.36 rows=1 width=8) (actual time=0.010..0.010 rows=0 loops=129175)
                           Index Cond: (cd_demo_sk = catalog_sales.cs_bill_cdemo_sk)
                           Filter: ((cd_gender = 'F'::bpchar) AND (cd_education_status = 'College'::bpchar))
                           Rows Removed by Filter: 1
                           Buffers: shared hit=484622 read=31438
               ->  Index Scan using customer_pkey on customer  (cost=0.43..7.35 rows=1 width=12) (actual time=0.014..0.014 rows=0 loops=6715)
                     Index Cond: (c_customer_sk = catalog_sales.cs_bill_customer_sk)
                     Filter: (c_birth_month = 1)
                     Rows Removed by Filter: 1
                     Buffers: shared hit=19969 read=6859
         ->  Index Scan using customer_address_pkey on customer_address  (cost=0.42..7.36 rows=1 width=35) (actual time=0.017..0.017 rows=0 loops=686)
               Index Cond: (ca_address_sk = customer.c_current_addr_sk)
               Filter: (ca_state = ANY ('{IN,KS,NM}'::bpchar[]))
               Rows Removed by Filter: 1
               Buffers: shared hit=1434 read=1310
 Planning:
   Buffers: shared hit=454
 Planning Time: 4.112 ms
 Execution Time: 46865.948 ms
(53 rows)

