                                                                            QUERY PLAN                                                                             
-------------------------------------------------------------------------------------------------------------------------------------------------------------------
 Aggregate  (cost=9683535.88..9683535.89 rows=1 width=40) (actual time=107950.429..107950.437 rows=1 loops=1)
   Buffers: shared hit=635044 read=5170558
   ->  Nested Loop  (cost=2571.53..9683535.85 rows=4 width=14) (actual time=22674.804..107950.365 rows=25 loops=1)
         Join Filter: ("substring"((customer_address.ca_zip)::text, 1, 5) <> "substring"((store.s_zip)::text, 1, 5))
         Rows Removed by Join Filter: 1
         Buffers: shared hit=635044 read=5170558
         ->  Nested Loop  (cost=2571.38..9683512.88 rows=4 width=29) (actual time=22674.790..107948.076 rows=26 loops=1)
               Buffers: shared hit=635003 read=5170547
               ->  Nested Loop  (cost=2570.96..9682342.58 rows=153 width=22) (actual time=22674.762..107920.729 rows=898 loops=1)
                     Buffers: shared hit=632165 read=5169793
                     ->  Nested Loop  (cost=2570.53..9673934.84 rows=1099 width=22) (actual time=22672.680..107713.048 rows=6399 loops=1)
                           Buffers: shared hit=609124 read=5167542
                           ->  Hash Join  (cost=2570.11..9572786.08 rows=13247 width=18) (actual time=22671.435..104221.317 rows=152410 loops=1)
                                 Hash Cond: (store_sales.ss_sold_date_sk = date_dim.d_date_sk)
                                 Buffers: shared hit=42 read=5166984
                                 ->  Seq Scan on store_sales  (cost=0.00..9485539.52 rows=32255907 width=22) (actual time=0.461..101982.842 rows=32336064 loops=1)
                                       Filter: ((ss_wholesale_cost >= '21'::numeric) AND (ss_wholesale_cost <= '41'::numeric))
                                       Rows Removed by Filter: 255660960
                                       Buffers: shared read=5165552
                                 ->  Hash  (cost=2569.73..2569.73 rows=30 width=4) (actual time=29.912..29.913 rows=30 loops=1)
                                       Buckets: 1024  Batches: 1  Memory Usage: 10kB
                                       Buffers: shared hit=42 read=1432
                                       ->  Seq Scan on date_dim  (cost=0.00..2569.73 rows=30 width=4) (actual time=17.031..29.895 rows=30 loops=1)
                                             Filter: ((d_year = 1999) AND (d_moy = 4))
                                             Rows Removed by Filter: 73019
                                             Buffers: shared hit=42 read=1432
                           ->  Index Scan using item_pkey on item  (cost=0.42..7.64 rows=1 width=12) (actual time=0.023..0.023 rows=0 loops=152410)
                                 Index Cond: (i_item_sk = store_sales.ss_item_sk)
                                 Filter: (i_category = 'Home'::bpchar)
                                 Rows Removed by Filter: 1
                                 Buffers: shared hit=609082 read=558
                     ->  Index Scan using customer_pkey on customer  (cost=0.43..7.65 rows=1 width=8) (actual time=0.032..0.032 rows=0 loops=6399)
                           Index Cond: (c_customer_sk = store_sales.ss_customer_sk)
                           Filter: (c_birth_month = 10)
                           Rows Removed by Filter: 1
                           Buffers: shared hit=23041 read=2251
               ->  Index Scan using customer_address_pkey on customer_address  (cost=0.42..7.65 rows=1 width=15) (actual time=0.030..0.030 rows=0 loops=898)
                     Index Cond: (ca_address_sk = customer.c_current_addr_sk)
                     Filter: (ca_state = 'NE'::bpchar)
                     Rows Removed by Filter: 1
                     Buffers: shared hit=2838 read=754
         ->  Index Scan using store_pkey on store  (cost=0.15..5.72 rows=1 width=15) (actual time=0.081..0.081 rows=1 loops=26)
               Index Cond: (s_store_sk = store_sales.ss_store_sk)
               Buffers: shared hit=41 read=11
 Planning:
   Buffers: shared hit=409 read=51
 Planning Time: 9.286 ms
 Execution Time: 107950.851 ms
(48 rows)

