                                                                            QUERY PLAN                                                                            
------------------------------------------------------------------------------------------------------------------------------------------------------------------
 Aggregate  (cost=9645908.28..9645908.29 rows=1 width=40) (actual time=76293.338..76293.344 rows=1 loops=1)
   Buffers: shared hit=127207 read=5171601
   ->  Hash Join  (cost=19838.82..9645908.22 rows=9 width=14) (actual time=9270.359..76293.281 rows=55 loops=1)
         Hash Cond: (store_sales.ss_store_sk = store.s_store_sk)
         Join Filter: ("substring"((customer_address.ca_zip)::text, 1, 5) <> "substring"((store.s_zip)::text, 1, 5))
         Rows Removed by Join Filter: 2
         Buffers: shared hit=127207 read=5171601
         ->  Nested Loop  (cost=19811.78..9645881.15 rows=9 width=29) (actual time=9269.364..76292.162 rows=57 loops=1)
               Buffers: shared hit=127200 read=5171590
               ->  Nested Loop  (cost=19811.35..9643685.78 rows=287 width=22) (actual time=9243.048..76243.488 rows=3081 loops=1)
                     Buffers: shared hit=116755 read=5169711
                     ->  Hash Join  (cost=19810.92..9624904.19 rows=2455 width=22) (actual time=9242.796..75836.027 rows=26594 loops=1)
                           Hash Cond: (store_sales.ss_item_sk = item.i_item_sk)
                           Buffers: shared hit=20294 read=5161088
                           ->  Hash Join  (cost=2570.11..9607614.30 rows=18696 width=18) (actual time=9135.448..75701.360 rows=249983 loops=1)
                                 Hash Cond: (store_sales.ss_sold_date_sk = date_dim.d_date_sk)
                                 Buffers: shared hit=5938 read=5161088
                                 ->  Seq Scan on store_sales  (cost=0.00..9485539.52 rows=45523068 width=22) (actual time=0.039..72863.603 rows=45442997 loops=1)
                                       Filter: ((ss_wholesale_cost >= '37'::numeric) AND (ss_wholesale_cost <= '57'::numeric))
                                       Rows Removed by Filter: 242554027
                                       Buffers: shared hit=4464 read=5161088
                                 ->  Hash  (cost=2569.73..2569.73 rows=30 width=4) (actual time=25.199..25.200 rows=30 loops=1)
                                       Buckets: 1024  Batches: 1  Memory Usage: 10kB
                                       Buffers: shared hit=1474
                                       ->  Seq Scan on date_dim  (cost=0.00..2569.73 rows=30 width=4) (actual time=15.018..25.188 rows=30 loops=1)
                                             Filter: ((d_year = 1998) AND (d_moy = 9))
                                             Rows Removed by Filter: 73019
                                             Buffers: shared hit=1474
                           ->  Hash  (cost=16906.00..16906.00 rows=26785 width=12) (actual time=93.115..93.115 rows=26695 loops=1)
                                 Buckets: 32768  Batches: 1  Memory Usage: 1403kB
                                 Buffers: shared hit=14356
                                 ->  Seq Scan on item  (cost=0.00..16906.00 rows=26785 width=12) (actual time=0.016..89.361 rows=26695 loops=1)
                                       Filter: (i_category = 'Children'::bpchar)
                                       Rows Removed by Filter: 177305
                                       Buffers: shared hit=14356
                     ->  Index Scan using customer_pkey on customer  (cost=0.43..7.65 rows=1 width=8) (actual time=0.015..0.015 rows=0 loops=26594)
                           Index Cond: (c_customer_sk = store_sales.ss_customer_sk)
                           Filter: (c_birth_month = 8)
                           Rows Removed by Filter: 1
                           Buffers: shared hit=96461 read=8623
               ->  Index Scan using customer_address_pkey on customer_address  (cost=0.42..7.65 rows=1 width=15) (actual time=0.016..0.016 rows=0 loops=3081)
                     Index Cond: (ca_address_sk = customer.c_current_addr_sk)
                     Filter: (ca_state = 'IL'::bpchar)
                     Rows Removed by Filter: 1
                     Buffers: shared hit=10445 read=1879
         ->  Hash  (cost=22.02..22.02 rows=402 width=15) (actual time=0.968..0.969 rows=402 loops=1)
               Buckets: 1024  Batches: 1  Memory Usage: 27kB
               Buffers: shared hit=7 read=11
               ->  Seq Scan on store  (cost=0.00..22.02 rows=402 width=15) (actual time=0.029..0.787 rows=402 loops=1)
                     Buffers: shared hit=7 read=11
 Planning:
   Buffers: shared hit=460
 Planning Time: 4.303 ms
 Execution Time: 76293.795 ms
(54 rows)

