                                                                            QUERY PLAN                                                                            
------------------------------------------------------------------------------------------------------------------------------------------------------------------
 Aggregate  (cost=9660952.44..9660952.45 rows=1 width=40) (actual time=74748.762..74748.768 rows=1 loops=1)
   Buffers: shared hit=842726 read=5181374
   ->  Hash Join  (cost=20034.16..9660952.41 rows=5 width=14) (actual time=20670.190..74748.291 rows=557 loops=1)
         Hash Cond: (store_sales.ss_store_sk = store.s_store_sk)
         Join Filter: ("substring"((customer_address.ca_zip)::text, 1, 5) <> "substring"((store.s_zip)::text, 1, 5))
         Rows Removed by Join Filter: 12
         Buffers: shared hit=842726 read=5181374
         ->  Nested Loop  (cost=20007.11..9660925.35 rows=5 width=29) (actual time=20669.411..74746.311 rows=572 loops=1)
               Buffers: shared hit=842708 read=5181374
               ->  Nested Loop  (cost=20006.69..9655907.80 rows=656 width=22) (actual time=20640.844..74089.446 rows=30503 loops=1)
                     Buffers: shared hit=723168 read=5178902
                     ->  Hash Join  (cost=20006.26..9625956.72 rows=3915 width=22) (actual time=20640.797..70169.284 rows=182393 loops=1)
                           Hash Cond: (store_sales.ss_item_sk = item.i_item_sk)
                           Buffers: shared hit=28522 read=5152860
                           ->  Hash Join  (cost=2570.11..9608471.14 rows=18830 width=18) (actual time=20516.073..69924.686 rows=509970 loops=1)
                                 Hash Cond: (store_sales.ss_sold_date_sk = date_dim.d_date_sk)
                                 Buffers: shared hit=14166 read=5152860
                                 ->  Seq Scan on store_sales  (cost=0.00..9485539.52 rows=45849467 width=22) (actual time=0.035..66968.641 rows=46160898 loops=1)
                                       Filter: ((ss_wholesale_cost >= '80'::numeric) AND (ss_wholesale_cost <= '100'::numeric))
                                       Rows Removed by Filter: 241836126
                                       Buffers: shared hit=12692 read=5152860
                                 ->  Hash  (cost=2569.73..2569.73 rows=30 width=4) (actual time=20.842..20.843 rows=30 loops=1)
                                       Buckets: 1024  Batches: 1  Memory Usage: 10kB
                                       Buffers: shared hit=1474
                                       ->  Seq Scan on date_dim  (cost=0.00..2569.73 rows=30 width=4) (actual time=12.118..20.833 rows=30 loops=1)
                                             Filter: ((d_year = 1999) AND (d_moy = 9))
                                             Rows Removed by Filter: 73019
                                             Buffers: shared hit=1474
                           ->  Hash  (cost=16906.00..16906.00 rows=42412 width=12) (actual time=99.926..99.926 rows=42041 loops=1)
                                 Buckets: 65536  Batches: 1  Memory Usage: 2319kB
                                 Buffers: shared hit=14356
                                 ->  Seq Scan on item  (cost=0.00..16906.00 rows=42412 width=12) (actual time=0.018..93.899 rows=42041 loops=1)
                                       Filter: (i_category = 'Electronics'::bpchar)
                                       Rows Removed by Filter: 161959
                                       Buffers: shared hit=14356
                     ->  Index Scan using customer_pkey on customer  (cost=0.43..7.65 rows=1 width=8) (actual time=0.021..0.021 rows=0 loops=182393)
                           Index Cond: (c_customer_sk = store_sales.ss_customer_sk)
                           Filter: (c_birth_month = 4)
                           Rows Removed by Filter: 1
                           Buffers: shared hit=694646 read=26042
               ->  Index Scan using customer_address_pkey on customer_address  (cost=0.42..7.65 rows=1 width=15) (actual time=0.021..0.021 rows=0 loops=30503)
                     Index Cond: (ca_address_sk = customer.c_current_addr_sk)
                     Filter: (ca_state = 'MD'::bpchar)
                     Rows Removed by Filter: 1
                     Buffers: shared hit=119540 read=2472
         ->  Hash  (cost=22.02..22.02 rows=402 width=15) (actual time=0.750..0.750 rows=402 loops=1)
               Buckets: 1024  Batches: 1  Memory Usage: 27kB
               Buffers: shared hit=18
               ->  Seq Scan on store  (cost=0.00..22.02 rows=402 width=15) (actual time=0.029..0.566 rows=402 loops=1)
                     Buffers: shared hit=18
 Planning:
   Buffers: shared hit=460
 Planning Time: 4.027 ms
 Execution Time: 74749.200 ms
(54 rows)

