                                                                            QUERY PLAN                                                                            
------------------------------------------------------------------------------------------------------------------------------------------------------------------
 Aggregate  (cost=9697723.26..9697723.27 rows=1 width=40) (actual time=76763.443..76763.450 rows=1 loops=1)
   Buffers: shared hit=320002 read=5143548
   ->  Nested Loop  (cost=19643.37..9697723.26 rows=1 width=14) (actual time=52593.948..76763.349 rows=87 loops=1)
         Join Filter: ("substring"((customer_address.ca_zip)::text, 1, 5) <> "substring"((store.s_zip)::text, 1, 5))
         Rows Removed by Join Filter: 3
         Buffers: shared hit=320002 read=5143548
         ->  Nested Loop  (cost=19643.23..9697717.51 rows=1 width=29) (actual time=52593.931..76762.595 rows=91 loops=1)
               Buffers: shared hit=319824 read=5143546
               ->  Nested Loop  (cost=19642.80..9697036.44 rows=89 width=22) (actual time=52570.067..76697.832 rows=3287 loops=1)
                     Buffers: shared hit=306752 read=5143470
                     ->  Hash Join  (cost=19642.37..9683151.09 rows=1815 width=22) (actual time=52569.444..75497.672 rows=68037 loops=1)
                           Hash Cond: (store_sales.ss_item_sk = item.i_item_sk)
                           Buffers: shared hit=45625 read=5135757
                           ->  Hash Join  (cost=2570.11..9666005.77 rows=27830 width=18) (actual time=52469.314..75309.100 rows=604168 loops=1)
                                 Hash Cond: (store_sales.ss_sold_date_sk = date_dim.d_date_sk)
                                 Buffers: shared hit=31269 read=5135757
                                 ->  Seq Scan on store_sales  (cost=0.00..9485539.52 rows=67766203 width=22) (actual time=0.178..71225.772 rows=67554234 loops=1)
                                       Filter: ((ss_wholesale_cost >= '59'::numeric) AND (ss_wholesale_cost <= '79'::numeric))
                                       Rows Removed by Filter: 220442790
                                       Buffers: shared hit=29795 read=5135757
                                 ->  Hash  (cost=2569.73..2569.73 rows=30 width=4) (actual time=17.899..17.900 rows=30 loops=1)
                                       Buckets: 1024  Batches: 1  Memory Usage: 10kB
                                       Buffers: shared hit=1474
                                       ->  Seq Scan on date_dim  (cost=0.00..2569.73 rows=30 width=4) (actual time=11.209..17.887 rows=30 loops=1)
                                             Filter: ((d_year = 2001) AND (d_moy = 9))
                                             Rows Removed by Filter: 73019
                                             Buffers: shared hit=1474
                           ->  Hash  (cost=16906.00..16906.00 rows=13301 width=12) (actual time=100.009..100.010 rows=13933 loops=1)
                                 Buckets: 16384  Batches: 1  Memory Usage: 727kB
                                 Buffers: shared hit=14356
                                 ->  Seq Scan on item  (cost=0.00..16906.00 rows=13301 width=12) (actual time=0.011..97.611 rows=13933 loops=1)
                                       Filter: (i_category = 'Men'::bpchar)
                                       Rows Removed by Filter: 190067
                                       Buffers: shared hit=14356
                     ->  Index Scan using customer_pkey on customer  (cost=0.43..7.65 rows=1 width=8) (actual time=0.017..0.017 rows=0 loops=68037)
                           Index Cond: (c_customer_sk = store_sales.ss_customer_sk)
                           Filter: (c_birth_month = 7)
                           Rows Removed by Filter: 1
                           Buffers: shared hit=261127 read=7713
               ->  Index Scan using customer_address_pkey on customer_address  (cost=0.42..7.65 rows=1 width=15) (actual time=0.019..0.019 rows=0 loops=3287)
                     Index Cond: (ca_address_sk = customer.c_current_addr_sk)
                     Filter: (ca_state = 'SC'::bpchar)
                     Rows Removed by Filter: 1
                     Buffers: shared hit=13072 read=76
         ->  Index Scan using store_pkey on store  (cost=0.15..5.72 rows=1 width=15) (actual time=0.005..0.005 rows=1 loops=91)
               Index Cond: (s_store_sk = store_sales.ss_store_sk)
               Buffers: shared hit=178 read=2
 Planning:
   Buffers: shared hit=460
 Planning Time: 4.800 ms
 Execution Time: 76763.995 ms
(51 rows)

