                                                                            QUERY PLAN                                                                            
------------------------------------------------------------------------------------------------------------------------------------------------------------------
 Aggregate  (cost=9641765.72..9641765.73 rows=1 width=40) (actual time=69987.218..69987.223 rows=1 loops=1)
   Buffers: shared hit=271072 read=5146130
   ->  Nested Loop  (cost=19750.21..9641765.69 rows=4 width=14) (actual time=10454.036..69987.152 rows=35 loops=1)
         Join Filter: ("substring"((customer_address.ca_zip)::text, 1, 5) <> "substring"((store.s_zip)::text, 1, 5))
         Rows Removed by Join Filter: 1
         Buffers: shared hit=271072 read=5146130
         ->  Nested Loop  (cost=19750.06..9641742.71 rows=4 width=29) (actual time=10454.013..69986.741 rows=36 loops=1)
               Buffers: shared hit=271004 read=5146126
               ->  Nested Loop  (cost=19749.64..9641130.41 rows=80 width=22) (actual time=10385.287..69953.054 rows=2307 loops=1)
                     Buffers: shared hit=261840 read=5146062
                     ->  Hash Join  (cost=19749.21..9625699.67 rows=2017 width=22) (actual time=10383.052..69196.545 rows=57322 loops=1)
                           Hash Cond: (store_sales.ss_item_sk = item.i_item_sk)
                           Buffers: shared hit=41782 read=5139600
                           ->  Hash Join  (cost=2570.11..9608471.14 rows=18830 width=18) (actual time=10290.092..69001.073 rows=668321 loops=1)
                                 Hash Cond: (store_sales.ss_sold_date_sk = date_dim.d_date_sk)
                                 Buffers: shared hit=27426 read=5139600
                                 ->  Seq Scan on store_sales  (cost=0.00..9485539.52 rows=45849467 width=22) (actual time=0.157..66087.879 rows=46160898 loops=1)
                                       Filter: ((ss_wholesale_cost >= '80'::numeric) AND (ss_wholesale_cost <= '100'::numeric))
                                       Rows Removed by Filter: 241836126
                                       Buffers: shared hit=25952 read=5139600
                                 ->  Hash  (cost=2569.73..2569.73 rows=30 width=4) (actual time=18.872..18.873 rows=31 loops=1)
                                       Buckets: 1024  Batches: 1  Memory Usage: 10kB
                                       Buffers: shared hit=1474
                                       ->  Seq Scan on date_dim  (cost=0.00..2569.73 rows=30 width=4) (actual time=9.136..18.859 rows=31 loops=1)
                                             Filter: ((d_year = 1998) AND (d_moy = 12))
                                             Rows Removed by Filter: 73018
                                             Buffers: shared hit=1474
                           ->  Hash  (cost=16906.00..16906.00 rows=21848 width=12) (actual time=92.818..92.819 rows=21811 loops=1)
                                 Buckets: 32768  Batches: 1  Memory Usage: 1193kB
                                 Buffers: shared hit=14356
                                 ->  Seq Scan on item  (cost=0.00..16906.00 rows=21848 width=12) (actual time=0.034..89.690 rows=21811 loops=1)
                                       Filter: (i_category = 'Sports'::bpchar)
                                       Rows Removed by Filter: 182189
                                       Buffers: shared hit=14356
                     ->  Index Scan using customer_pkey on customer  (cost=0.43..7.65 rows=1 width=8) (actual time=0.013..0.013 rows=0 loops=57322)
                           Index Cond: (c_customer_sk = store_sales.ss_customer_sk)
                           Filter: (c_birth_month = 9)
                           Rows Removed by Filter: 1
                           Buffers: shared hit=220058 read=6462
               ->  Index Scan using customer_address_pkey on customer_address  (cost=0.42..7.65 rows=1 width=15) (actual time=0.014..0.014 rows=0 loops=2307)
                     Index Cond: (ca_address_sk = customer.c_current_addr_sk)
                     Filter: (ca_state = 'GA'::bpchar)
                     Rows Removed by Filter: 1
                     Buffers: shared hit=9164 read=64
         ->  Index Scan using store_pkey on store  (cost=0.15..5.72 rows=1 width=15) (actual time=0.007..0.007 rows=1 loops=36)
               Index Cond: (s_store_sk = store_sales.ss_store_sk)
               Buffers: shared hit=68 read=4
 Planning:
   Buffers: shared hit=460
 Planning Time: 4.649 ms
 Execution Time: 69987.745 ms
(51 rows)

