                                                                            QUERY PLAN                                                                            
------------------------------------------------------------------------------------------------------------------------------------------------------------------
 Aggregate  (cost=9626518.24..9626518.25 rows=1 width=40) (actual time=76127.089..76127.095 rows=1 loops=1)
   Buffers: shared hit=376737 read=5151611
   ->  Hash Join  (cost=19817.15..9626518.20 rows=5 width=14) (actual time=132.022..76126.858 rows=236 loops=1)
         Hash Cond: (store_sales.ss_store_sk = store.s_store_sk)
         Join Filter: ("substring"((customer_address.ca_zip)::text, 1, 5) <> "substring"((store.s_zip)::text, 1, 5))
         Rows Removed by Join Filter: 9
         Buffers: shared hit=376737 read=5151611
         ->  Nested Loop  (cost=19790.10..9626491.14 rows=5 width=29) (actual time=131.004..76125.316 rows=246 loops=1)
               Buffers: shared hit=376720 read=5151610
               ->  Nested Loop  (cost=19789.68..9624372.36 rows=277 width=22) (actual time=120.952..75972.907 rows=10657 loops=1)
                     Buffers: shared hit=334485 read=5151217
                     ->  Hash Join  (cost=19789.25..9609125.22 rows=1993 width=22) (actual time=120.909..74928.300 rows=76966 loops=1)
                           Hash Cond: (store_sales.ss_item_sk = item.i_item_sk)
                           Buffers: shared hit=41254 read=5140128
                           ->  Hash Join  (cost=2570.11..9591863.48 rows=16231 width=18) (actual time=20.077..74690.073 rows=877355 loops=1)
                                 Hash Cond: (store_sales.ss_sold_date_sk = date_dim.d_date_sk)
                                 Buffers: shared hit=26898 read=5140128
                                 ->  Seq Scan on store_sales  (cost=0.00..9485539.52 rows=39523085 width=22) (actual time=0.171..72086.068 rows=40114371 loops=1)
                                       Filter: ((ss_wholesale_cost >= '27'::numeric) AND (ss_wholesale_cost <= '47'::numeric))
                                       Rows Removed by Filter: 247882653
                                       Buffers: shared hit=25424 read=5140128
                                 ->  Hash  (cost=2569.73..2569.73 rows=30 width=4) (actual time=19.875..19.876 rows=31 loops=1)
                                       Buckets: 1024  Batches: 1  Memory Usage: 10kB
                                       Buffers: shared hit=1474
                                       ->  Seq Scan on date_dim  (cost=0.00..2569.73 rows=30 width=4) (actual time=9.398..19.863 rows=31 loops=1)
                                             Filter: ((d_year = 1998) AND (d_moy = 1))
                                             Rows Removed by Filter: 73018
                                             Buffers: shared hit=1474
                           ->  Hash  (cost=16906.00..16906.00 rows=25051 width=12) (actual time=100.581..100.582 rows=24688 loops=1)
                                 Buckets: 32768  Batches: 1  Memory Usage: 1317kB
                                 Buffers: shared hit=14356
                                 ->  Seq Scan on item  (cost=0.00..16906.00 rows=25051 width=12) (actual time=0.016..96.843 rows=24688 loops=1)
                                       Filter: (i_category = 'Books'::bpchar)
                                       Rows Removed by Filter: 179312
                                       Buffers: shared hit=14356
                     ->  Index Scan using customer_pkey on customer  (cost=0.43..7.65 rows=1 width=8) (actual time=0.013..0.013 rows=0 loops=76966)
                           Index Cond: (c_customer_sk = store_sales.ss_customer_sk)
                           Filter: (c_birth_month = 10)
                           Rows Removed by Filter: 1
                           Buffers: shared hit=293231 read=11089
               ->  Index Scan using customer_address_pkey on customer_address  (cost=0.42..7.65 rows=1 width=15) (actual time=0.014..0.014 rows=0 loops=10657)
                     Index Cond: (ca_address_sk = customer.c_current_addr_sk)
                     Filter: (ca_state = 'LA'::bpchar)
                     Rows Removed by Filter: 1
                     Buffers: shared hit=42235 read=393
         ->  Hash  (cost=22.02..22.02 rows=402 width=15) (actual time=0.987..0.988 rows=402 loops=1)
               Buckets: 1024  Batches: 1  Memory Usage: 27kB
               Buffers: shared hit=17 read=1
               ->  Seq Scan on store  (cost=0.00..22.02 rows=402 width=15) (actual time=0.030..0.829 rows=402 loops=1)
                     Buffers: shared hit=17 read=1
 Planning:
   Buffers: shared hit=460
 Planning Time: 4.617 ms
 Execution Time: 76127.611 ms
(54 rows)

