                                                                            QUERY PLAN                                                                            
------------------------------------------------------------------------------------------------------------------------------------------------------------------
 Aggregate  (cost=9780229.18..9780229.19 rows=1 width=40) (actual time=79463.805..79463.812 rows=1 loops=1)
   Buffers: shared hit=245144 read=5125760
   ->  Hash Join  (cost=19817.15..9780229.10 rows=10 width=14) (actual time=9815.325..79463.715 rows=94 loops=1)
         Hash Cond: (store_sales.ss_store_sk = store.s_store_sk)
         Join Filter: ("substring"((customer_address.ca_zip)::text, 1, 5) <> "substring"((store.s_zip)::text, 1, 5))
         Rows Removed by Join Filter: 6
         Buffers: shared hit=245144 read=5125760
         ->  Nested Loop  (cost=19790.10..9780202.03 rows=10 width=29) (actual time=9794.695..79462.905 rows=102 loops=1)
               Buffers: shared hit=245129 read=5125757
               ->  Nested Loop  (cost=19789.68..9776147.86 rows=530 width=22) (actual time=9756.022..79366.418 rows=4971 loops=1)
                     Buffers: shared hit=226810 read=5124192
                     ->  Hash Join  (cost=19789.25..9741461.29 rows=4534 width=22) (actual time=9755.504..78648.951 rows=42889 loops=1)
                           Hash Cond: (store_sales.ss_item_sk = item.i_item_sk)
                           Buffers: shared hit=58048 read=5123334
                           ->  Hash Join  (cost=2570.11..9724145.22 rows=36926 width=18) (actual time=9660.157..78484.139 rows=489653 loops=1)
                                 Hash Cond: (store_sales.ss_sold_date_sk = date_dim.d_date_sk)
                                 Buffers: shared hit=43694 read=5123332
                                 ->  Seq Scan on store_sales  (cost=0.00..9485539.52 rows=89913339 width=22) (actual time=0.022..73169.929 rows=89530603 loops=1)
                                       Filter: ((ss_wholesale_cost >= '58'::numeric) AND (ss_wholesale_cost <= '78'::numeric))
                                       Rows Removed by Filter: 198466421
                                       Buffers: shared hit=42220 read=5123332
                                 ->  Hash  (cost=2569.73..2569.73 rows=30 width=4) (actual time=12.453..12.454 rows=30 loops=1)
                                       Buckets: 1024  Batches: 1  Memory Usage: 10kB
                                       Buffers: shared hit=1474
                                       ->  Seq Scan on date_dim  (cost=0.00..2569.73 rows=30 width=4) (actual time=6.611..12.444 rows=30 loops=1)
                                             Filter: ((d_year = 1998) AND (d_moy = 9))
                                             Rows Removed by Filter: 73019
                                             Buffers: shared hit=1474
                           ->  Hash  (cost=16906.00..16906.00 rows=25051 width=12) (actual time=95.180..95.180 rows=24688 loops=1)
                                 Buckets: 32768  Batches: 1  Memory Usage: 1317kB
                                 Buffers: shared hit=14354 read=2
                                 ->  Seq Scan on item  (cost=0.00..16906.00 rows=25051 width=12) (actual time=0.011..91.688 rows=24688 loops=1)
                                       Filter: (i_category = 'Books'::bpchar)
                                       Rows Removed by Filter: 179312
                                       Buffers: shared hit=14354 read=2
                     ->  Index Scan using customer_pkey on customer  (cost=0.43..7.65 rows=1 width=8) (actual time=0.017..0.017 rows=0 loops=42889)
                           Index Cond: (c_customer_sk = store_sales.ss_customer_sk)
                           Filter: (c_birth_month = 8)
                           Rows Removed by Filter: 1
                           Buffers: shared hit=168762 read=858
               ->  Index Scan using customer_address_pkey on customer_address  (cost=0.42..7.65 rows=1 width=15) (actual time=0.019..0.019 rows=0 loops=4971)
                     Index Cond: (ca_address_sk = customer.c_current_addr_sk)
                     Filter: (ca_state = 'CA'::bpchar)
                     Rows Removed by Filter: 1
                     Buffers: shared hit=18319 read=1565
         ->  Hash  (cost=22.02..22.02 rows=402 width=15) (actual time=0.587..0.588 rows=402 loops=1)
               Buckets: 1024  Batches: 1  Memory Usage: 27kB
               Buffers: shared hit=15 read=3
               ->  Seq Scan on store  (cost=0.00..22.02 rows=402 width=15) (actual time=0.017..0.502 rows=402 loops=1)
                     Buffers: shared hit=15 read=3
 Planning:
   Buffers: shared hit=460
 Planning Time: 2.742 ms
 Execution Time: 79464.164 ms
(54 rows)

