                                                                             QUERY PLAN                                                                              
---------------------------------------------------------------------------------------------------------------------------------------------------------------------
 Aggregate  (cost=9771608.07..9771608.08 rows=1 width=40) (actual time=86009.521..86009.526 rows=1 loops=1)
   Buffers: shared hit=1738075 read=5145289
   ->  Nested Loop  (cost=2571.54..9771608.06 rows=1 width=14) (actual time=55040.671..86009.500 rows=7 loops=1)
         Join Filter: ("substring"((customer_address.ca_zip)::text, 1, 5) <> "substring"((store.s_zip)::text, 1, 5))
         Buffers: shared hit=1738075 read=5145289
         ->  Nested Loop  (cost=2571.39..9771602.32 rows=1 width=29) (actual time=55040.631..86009.358 rows=7 loops=1)
               Buffers: shared hit=1738061 read=5145289
               ->  Nested Loop  (cost=2570.97..9771472.51 rows=17 width=25) (actual time=53166.027..86000.587 rows=276 loops=1)
                     Buffers: shared hit=1737096 read=5145150
                     ->  Nested Loop  (cost=2570.55..9765387.73 rows=795 width=18) (actual time=53127.881..85588.501 rows=16366 loops=1)
                           Buffers: shared hit=1676700 read=5140082
                           ->  Hash Join  (cost=2570.12..9612074.95 rows=20040 width=18) (actual time=53126.748..75771.576 rows=417588 loops=1)
                                 Hash Cond: (store_sales.ss_sold_date_sk = date_dim.d_date_sk)
                                 Buffers: shared hit=39283 read=5127743
                                 ->  Seq Scan on store_sales  (cost=0.00..9485539.52 rows=47222264 width=22) (actual time=0.253..72716.066 rows=46662186 loops=1)
                                       Filter: ((ss_wholesale_cost >= '48'::numeric) AND (ss_wholesale_cost <= '68'::numeric))
                                       Rows Removed by Filter: 241334838
                                       Buffers: shared hit=37809 read=5127743
                                 ->  Hash  (cost=2569.73..2569.73 rows=31 width=4) (actual time=24.451..24.452 rows=31 loops=1)
                                       Buckets: 1024  Batches: 1  Memory Usage: 10kB
                                       Buffers: shared hit=1474
                                       ->  Seq Scan on date_dim  (cost=0.00..2569.73 rows=31 width=4) (actual time=11.689..24.437 rows=31 loops=1)
                                             Filter: ((d_year = 2001) AND (d_moy = 10))
                                             Rows Removed by Filter: 73018
                                             Buffers: shared hit=1474
                           ->  Index Scan using customer_pkey on customer  (cost=0.43..7.65 rows=1 width=8) (actual time=0.023..0.023 rows=0 loops=417588)
                                 Index Cond: (c_customer_sk = store_sales.ss_customer_sk)
                                 Filter: (c_birth_month = 9)
                                 Rows Removed by Filter: 1
                                 Buffers: shared hit=1637417 read=12339
                     ->  Index Scan using customer_address_pkey on customer_address  (cost=0.42..7.65 rows=1 width=15) (actual time=0.025..0.025 rows=0 loops=16366)
                           Index Cond: (ca_address_sk = customer.c_current_addr_sk)
                           Filter: (ca_state = 'WI'::bpchar)
                           Rows Removed by Filter: 1
                           Buffers: shared hit=60396 read=5068
               ->  Index Scan using item_pkey on item  (cost=0.42..7.64 rows=1 width=12) (actual time=0.031..0.031 rows=0 loops=276)
                     Index Cond: (i_item_sk = store_sales.ss_item_sk)
                     Filter: (i_category = 'Jewelry'::bpchar)
                     Rows Removed by Filter: 1
                     Buffers: shared hit=965 read=139
         ->  Index Scan using store_pkey on store  (cost=0.15..5.72 rows=1 width=15) (actual time=0.013..0.013 rows=1 loops=7)
               Index Cond: (s_store_sk = store_sales.ss_store_sk)
               Buffers: shared hit=14
 Planning:
   Buffers: shared hit=460
 Planning Time: 4.471 ms
 Execution Time: 86009.929 ms
(47 rows)

