                                                                            QUERY PLAN                                                                            
------------------------------------------------------------------------------------------------------------------------------------------------------------------
 Aggregate  (cost=9672811.28..9672811.29 rows=1 width=40) (actual time=76360.396..76360.402 rows=1 loops=1)
   Buffers: shared hit=405058 read=5137082
   ->  Hash Join  (cost=19817.16..9672811.04 rows=32 width=14) (actual time=7149.606..76360.176 rows=192 loops=1)
         Hash Cond: (store_sales.ss_store_sk = store.s_store_sk)
         Join Filter: ("substring"((customer_address.ca_zip)::text, 1, 5) <> "substring"((store.s_zip)::text, 1, 5))
         Rows Removed by Join Filter: 3
         Buffers: shared hit=405058 read=5137082
         ->  Nested Loop  (cost=19790.11..9672783.91 rows=32 width=29) (actual time=7149.245..76359.371 rows=195 loops=1)
               Buffers: shared hit=405041 read=5137081
               ->  Nested Loop  (cost=19789.69..9669777.84 rows=393 width=22) (actual time=7148.828..76159.660 rows=11202 loops=1)
                     Buffers: shared hit=366692 read=5130622
                     ->  Hash Join  (cost=19789.26..9648104.44 rows=2833 width=22) (actual time=7148.637..75022.855 rows=79942 loops=1)
                           Hash Cond: (store_sales.ss_item_sk = item.i_item_sk)
                           Buffers: shared hit=52167 read=5129215
                           ->  Hash Join  (cost=2570.12..9630824.74 rows=23071 width=18) (actual time=7045.078..74781.143 rows=907349 loops=1)
                                 Hash Cond: (store_sales.ss_sold_date_sk = date_dim.d_date_sk)
                                 Buffers: shared hit=38222 read=5128804
                                 ->  Seq Scan on store_sales  (cost=0.00..9485539.52 rows=54364643 width=22) (actual time=0.032..71425.317 rows=53574682 loops=1)
                                       Filter: ((ss_wholesale_cost >= '46'::numeric) AND (ss_wholesale_cost <= '66'::numeric))
                                       Rows Removed by Filter: 234422342
                                       Buffers: shared hit=36748 read=5128804
                                 ->  Hash  (cost=2569.73..2569.73 rows=31 width=4) (actual time=10.603..10.604 rows=31 loops=1)
                                       Buckets: 1024  Batches: 1  Memory Usage: 10kB
                                       Buffers: shared hit=1474
                                       ->  Seq Scan on date_dim  (cost=0.00..2569.73 rows=31 width=4) (actual time=4.532..10.597 rows=31 loops=1)
                                             Filter: ((d_year = 1998) AND (d_moy = 7))
                                             Rows Removed by Filter: 73018
                                             Buffers: shared hit=1474
                           ->  Hash  (cost=16906.00..16906.00 rows=25051 width=12) (actual time=103.405..103.405 rows=24688 loops=1)
                                 Buckets: 32768  Batches: 1  Memory Usage: 1317kB
                                 Buffers: shared hit=13945 read=411
                                 ->  Seq Scan on item  (cost=0.00..16906.00 rows=25051 width=12) (actual time=0.017..99.370 rows=24688 loops=1)
                                       Filter: (i_category = 'Books'::bpchar)
                                       Rows Removed by Filter: 179312
                                       Buffers: shared hit=13945 read=411
                     ->  Index Scan using customer_pkey on customer  (cost=0.43..7.65 rows=1 width=8) (actual time=0.014..0.014 rows=0 loops=79942)
                           Index Cond: (c_customer_sk = store_sales.ss_customer_sk)
                           Filter: (c_birth_month = 10)
                           Rows Removed by Filter: 1
                           Buffers: shared hit=314525 read=1407
               ->  Index Scan using customer_address_pkey on customer_address  (cost=0.42..7.65 rows=1 width=15) (actual time=0.018..0.018 rows=0 loops=11202)
                     Index Cond: (ca_address_sk = customer.c_current_addr_sk)
                     Filter: (ca_state = 'TX'::bpchar)
                     Rows Removed by Filter: 1
                     Buffers: shared hit=38349 read=6459
         ->  Hash  (cost=22.02..22.02 rows=402 width=15) (actual time=0.346..0.347 rows=402 loops=1)
               Buckets: 1024  Batches: 1  Memory Usage: 27kB
               Buffers: shared hit=17 read=1
               ->  Seq Scan on store  (cost=0.00..22.02 rows=402 width=15) (actual time=0.014..0.292 rows=402 loops=1)
                     Buffers: shared hit=17 read=1
 Planning:
   Buffers: shared hit=460
 Planning Time: 2.172 ms
 Execution Time: 76360.660 ms
(54 rows)

