                                                                             QUERY PLAN                                                                              
---------------------------------------------------------------------------------------------------------------------------------------------------------------------
 Aggregate  (cost=9615905.01..9615905.02 rows=1 width=40) (actual time=86099.059..86099.064 rows=1 loops=1)
   Buffers: shared hit=2168926 read=5144292
   ->  Nested Loop  (cost=2571.53..9615904.99 rows=3 width=14) (actual time=61058.358..86098.890 rows=71 loops=1)
         Join Filter: ("substring"((customer_address.ca_zip)::text, 1, 5) <> "substring"((store.s_zip)::text, 1, 5))
         Rows Removed by Join Filter: 1
         Buffers: shared hit=2168926 read=5144292
         ->  Nested Loop  (cost=2571.38..9615887.76 rows=3 width=29) (actual time=61058.329..86097.449 rows=72 loops=1)
               Buffers: shared hit=2168784 read=5144290
               ->  Nested Loop  (cost=2570.96..9615727.41 rows=21 width=25) (actual time=60891.753..86075.380 rows=861 loops=1)
                     Buffers: shared hit=2165827 read=5143803
                     ->  Nested Loop  (cost=2570.54..9608085.68 rows=999 width=18) (actual time=60880.084..84764.170 rows=56326 loops=1)
                           Buffers: shared hit=1950718 read=5133608
                           ->  Hash Join  (cost=2570.11..9542720.90 rows=8544 width=18) (actual time=60879.850..74166.657 rows=485232 loops=1)
                                 Hash Cond: (store_sales.ss_sold_date_sk = date_dim.d_date_sk)
                                 Buffers: shared hit=34186 read=5132840
                                 ->  Seq Scan on store_sales  (cost=0.00..9485539.52 rows=20803140 width=22) (actual time=0.503..72602.852 rows=21246255 loops=1)
                                       Filter: ((ss_wholesale_cost >= '12'::numeric) AND (ss_wholesale_cost <= '32'::numeric))
                                       Rows Removed by Filter: 266750769
                                       Buffers: shared hit=34144 read=5131408
                                 ->  Hash  (cost=2569.73..2569.73 rows=30 width=4) (actual time=24.789..24.790 rows=30 loops=1)
                                       Buckets: 1024  Batches: 1  Memory Usage: 10kB
                                       Buffers: shared hit=42 read=1432
                                       ->  Seq Scan on date_dim  (cost=0.00..2569.73 rows=30 width=4) (actual time=15.343..24.777 rows=30 loops=1)
                                             Filter: ((d_year = 2002) AND (d_moy = 9))
                                             Rows Removed by Filter: 73019
                                             Buffers: shared hit=42 read=1432
                           ->  Index Scan using customer_pkey on customer  (cost=0.43..7.65 rows=1 width=8) (actual time=0.021..0.021 rows=0 loops=485232)
                                 Index Cond: (c_customer_sk = store_sales.ss_customer_sk)
                                 Filter: (c_birth_month = 8)
                                 Rows Removed by Filter: 1
                                 Buffers: shared hit=1916532 read=768
                     ->  Index Scan using customer_address_pkey on customer_address  (cost=0.42..7.65 rows=1 width=15) (actual time=0.023..0.023 rows=0 loops=56326)
                           Index Cond: (ca_address_sk = customer.c_current_addr_sk)
                           Filter: (ca_state = 'WI'::bpchar)
                           Rows Removed by Filter: 1
                           Buffers: shared hit=215109 read=10195
               ->  Index Scan using item_pkey on item  (cost=0.42..7.64 rows=1 width=12) (actual time=0.025..0.025 rows=0 loops=861)
                     Index Cond: (i_item_sk = store_sales.ss_item_sk)
                     Filter: (i_category = 'Books'::bpchar)
                     Rows Removed by Filter: 1
                     Buffers: shared hit=2957 read=487
         ->  Index Scan using store_pkey on store  (cost=0.15..5.72 rows=1 width=15) (actual time=0.014..0.014 rows=1 loops=72)
               Index Cond: (s_store_sk = store_sales.ss_store_sk)
               Buffers: shared hit=142 read=2
 Planning:
   Buffers: shared hit=460
 Planning Time: 4.656 ms
 Execution Time: 86099.453 ms
(48 rows)

