                                                                             QUERY PLAN                                                                              
---------------------------------------------------------------------------------------------------------------------------------------------------------------------
 Aggregate  (cost=9645638.83..9645638.84 rows=1 width=40) (actual time=93022.101..93022.106 rows=1 loops=1)
   Buffers: shared hit=3012018 read=5127536
   ->  Nested Loop  (cost=2571.53..9645638.82 rows=1 width=14) (actual time=46306.407..93022.014 rows=32 loops=1)
         Join Filter: ("substring"((customer_address.ca_zip)::text, 1, 5) <> "substring"((store.s_zip)::text, 1, 5))
         Buffers: shared hit=3012018 read=5127536
         ->  Nested Loop  (cost=2571.38..9645633.08 rows=1 width=29) (actual time=46306.364..93021.494 rows=32 loops=1)
               Buffers: shared hit=3011954 read=5127536
               ->  Nested Loop  (cost=2570.96..9645602.53 rows=4 width=25) (actual time=46162.772..93001.195 rows=712 loops=1)
                     Buffers: shared hit=3009787 read=5126855
                     ->  Nested Loop  (cost=2570.54..9640804.89 rows=627 width=18) (actual time=46060.329..92050.628 rows=39770 loops=1)
                           Buffers: shared hit=2854721 read=5122841
                           ->  Hash Join  (cost=2570.11..9557614.88 rows=10874 width=18) (actual time=46060.230..75731.668 rows=711048 loops=1)
                                 Hash Cond: (store_sales.ss_sold_date_sk = date_dim.d_date_sk)
                                 Buffers: shared hit=44307 read=5122719
                                 ->  Seq Scan on store_sales  (cost=0.00..9485539.52 rows=26476724 width=22) (actual time=0.129..73729.904 rows=26847589 loops=1)
                                       Filter: ((ss_wholesale_cost >= '14'::numeric) AND (ss_wholesale_cost <= '34'::numeric))
                                       Rows Removed by Filter: 261149435
                                       Buffers: shared hit=42960 read=5122592
                                 ->  Hash  (cost=2569.73..2569.73 rows=30 width=4) (actual time=20.027..20.028 rows=30 loops=1)
                                       Buckets: 1024  Batches: 1  Memory Usage: 10kB
                                       Buffers: shared hit=1347 read=127
                                       ->  Seq Scan on date_dim  (cost=0.00..2569.73 rows=30 width=4) (actual time=11.772..20.016 rows=30 loops=1)
                                             Filter: ((d_year = 2001) AND (d_moy = 6))
                                             Rows Removed by Filter: 73019
                                             Buffers: shared hit=1347 read=127
                           ->  Index Scan using customer_pkey on customer  (cost=0.43..7.65 rows=1 width=8) (actual time=0.023..0.023 rows=0 loops=711048)
                                 Index Cond: (c_customer_sk = store_sales.ss_customer_sk)
                                 Filter: (c_birth_month = 3)
                                 Rows Removed by Filter: 1
                                 Buffers: shared hit=2810414 read=122
                     ->  Index Scan using customer_address_pkey on customer_address  (cost=0.42..7.65 rows=1 width=15) (actual time=0.023..0.023 rows=0 loops=39770)
                           Index Cond: (ca_address_sk = customer.c_current_addr_sk)
                           Filter: (ca_state = 'MD'::bpchar)
                           Rows Removed by Filter: 1
                           Buffers: shared hit=155066 read=4014
               ->  Index Scan using item_pkey on item  (cost=0.42..7.64 rows=1 width=12) (actual time=0.028..0.028 rows=0 loops=712)
                     Index Cond: (i_item_sk = store_sales.ss_item_sk)
                     Filter: (i_category = 'Home'::bpchar)
                     Rows Removed by Filter: 1
                     Buffers: shared hit=2167 read=681
         ->  Index Scan using store_pkey on store  (cost=0.15..5.72 rows=1 width=15) (actual time=0.009..0.009 rows=1 loops=32)
               Index Cond: (s_store_sk = store_sales.ss_store_sk)
               Buffers: shared hit=64
 Planning:
   Buffers: shared hit=460
 Planning Time: 4.285 ms
 Execution Time: 93022.480 ms
(47 rows)

