                                                                            QUERY PLAN                                                                            
------------------------------------------------------------------------------------------------------------------------------------------------------------------
 Aggregate  (cost=9656346.77..9656346.78 rows=1 width=40) (actual time=76779.288..76779.294 rows=1 loops=1)
   Buffers: shared hit=1239869 read=5149971
   ->  Hash Join  (cost=20034.15..9656346.73 rows=6 width=14) (actual time=34670.408..76778.875 rows=298 loops=1)
         Hash Cond: (store_sales.ss_store_sk = store.s_store_sk)
         Join Filter: ("substring"((customer_address.ca_zip)::text, 1, 5) <> "substring"((store.s_zip)::text, 1, 5))
         Rows Removed by Join Filter: 10
         Buffers: shared hit=1239869 read=5149971
         ->  Nested Loop  (cost=20007.10..9656319.67 rows=6 width=29) (actual time=34668.550..76776.159 rows=310 loops=1)
               Buffers: shared hit=1239853 read=5149969
               ->  Nested Loop  (cost=20006.68..9654903.95 rows=185 width=22) (actual time=34665.542..76510.451 rows=13529 loops=1)
                     Buffers: shared hit=1187602 read=5148104
                     ->  Hash Join  (cost=20006.25..9625955.06 rows=3784 width=22) (actual time=34665.346..70890.444 rows=292185 loops=1)
                           Hash Cond: (store_sales.ss_item_sk = item.i_item_sk)
                           Buffers: shared hit=33279 read=5148103
                           ->  Hash Join  (cost=2570.10..9608471.13 rows=18202 width=18) (actual time=34546.807..70494.856 rows=1235747 loops=1)
                                 Hash Cond: (store_sales.ss_sold_date_sk = date_dim.d_date_sk)
                                 Buffers: shared hit=33236 read=5133790
                                 ->  Seq Scan on store_sales  (cost=0.00..9485539.52 rows=45849467 width=22) (actual time=0.119..67431.595 rows=46160898 loops=1)
                                       Filter: ((ss_wholesale_cost >= '80'::numeric) AND (ss_wholesale_cost <= '100'::numeric))
                                       Rows Removed by Filter: 241836126
                                       Buffers: shared hit=31889 read=5133663
                                 ->  Hash  (cost=2569.73..2569.73 rows=29 width=4) (actual time=14.014..14.014 rows=30 loops=1)
                                       Buckets: 1024  Batches: 1  Memory Usage: 10kB
                                       Buffers: shared hit=1347 read=127
                                       ->  Seq Scan on date_dim  (cost=0.00..2569.73 rows=29 width=4) (actual time=7.837..14.006 rows=30 loops=1)
                                             Filter: ((d_year = 2000) AND (d_moy = 11))
                                             Rows Removed by Filter: 73019
                                             Buffers: shared hit=1347 read=127
                           ->  Hash  (cost=16906.00..16906.00 rows=42412 width=12) (actual time=118.303..118.303 rows=42041 loops=1)
                                 Buckets: 65536  Batches: 1  Memory Usage: 2319kB
                                 Buffers: shared hit=43 read=14313
                                 ->  Seq Scan on item  (cost=0.00..16906.00 rows=42412 width=12) (actual time=0.016..110.590 rows=42041 loops=1)
                                       Filter: (i_category = 'Electronics'::bpchar)
                                       Rows Removed by Filter: 161959
                                       Buffers: shared hit=43 read=14313
                     ->  Index Scan using customer_pkey on customer  (cost=0.43..7.65 rows=1 width=8) (actual time=0.019..0.019 rows=0 loops=292185)
                           Index Cond: (c_customer_sk = store_sales.ss_customer_sk)
                           Filter: (c_birth_month = 7)
                           Rows Removed by Filter: 1
                           Buffers: shared hit=1154323 read=1
               ->  Index Scan using customer_address_pkey on customer_address  (cost=0.42..7.65 rows=1 width=15) (actual time=0.019..0.019 rows=0 loops=13529)
                     Index Cond: (ca_address_sk = customer.c_current_addr_sk)
                     Filter: (ca_state = 'MO'::bpchar)
                     Rows Removed by Filter: 1
                     Buffers: shared hit=52251 read=1865
         ->  Hash  (cost=22.02..22.02 rows=402 width=15) (actual time=1.842..1.842 rows=402 loops=1)
               Buckets: 1024  Batches: 1  Memory Usage: 27kB
               Buffers: shared hit=16 read=2
               ->  Seq Scan on store  (cost=0.00..22.02 rows=402 width=15) (actual time=0.014..1.782 rows=402 loops=1)
                     Buffers: shared hit=16 read=2
 Planning:
   Buffers: shared hit=460
 Planning Time: 1.783 ms
 Execution Time: 76779.567 ms
(54 rows)

