                                                                            QUERY PLAN                                                                            
------------------------------------------------------------------------------------------------------------------------------------------------------------------
 Aggregate  (cost=9692200.70..9692200.71 rows=1 width=40) (actual time=78406.400..78406.406 rows=1 loops=1)
   Buffers: shared hit=1267584 read=5132720
   ->  Nested Loop  (cost=20007.24..9692200.70 rows=1 width=14) (actual time=2021.580..78406.284 rows=73 loops=1)
         Join Filter: ("substring"((customer_address.ca_zip)::text, 1, 5) <> "substring"((store.s_zip)::text, 1, 5))
         Rows Removed by Join Filter: 2
         Buffers: shared hit=1267584 read=5132720
         ->  Nested Loop  (cost=20007.09..9692194.95 rows=1 width=29) (actual time=2021.546..78405.403 rows=77 loops=1)
               Buffers: shared hit=1267435 read=5132719
               ->  Nested Loop  (cost=20006.66..9691711.95 rows=63 width=22) (actual time=1736.741..78307.174 rows=4017 loops=1)
                     Buffers: shared hit=1251822 read=5132264
                     ->  Hash Join  (cost=20006.24..9656635.17 rows=4585 width=22) (actual time=1735.858..71870.312 rows=304342 loops=1)
                           Hash Cond: (store_sales.ss_item_sk = item.i_item_sk)
                           Buffers: shared hit=49119 read=5132263
                           ->  Hash Join  (cost=2570.08..9639141.14 rows=22053 width=18) (actual time=1627.895..71520.394 rows=851526 loops=1)
                                 Hash Cond: (store_sales.ss_sold_date_sk = date_dim.d_date_sk)
                                 Buffers: shared hit=35003 read=5132023
                                 ->  Seq Scan on store_sales  (cost=0.00..9485539.52 rows=57532634 width=22) (actual time=0.085..67864.543 rows=57752041 loops=1)
                                       Filter: ((ss_wholesale_cost >= '79'::numeric) AND (ss_wholesale_cost <= '99'::numeric))
                                       Rows Removed by Filter: 230244983
                                       Buffers: shared hit=33529 read=5132023
                                 ->  Hash  (cost=2569.73..2569.73 rows=28 width=4) (actual time=20.537..20.538 rows=28 loops=1)
                                       Buckets: 1024  Batches: 1  Memory Usage: 9kB
                                       Buffers: shared hit=1474
                                       ->  Seq Scan on date_dim  (cost=0.00..2569.73 rows=28 width=4) (actual time=12.213..20.524 rows=28 loops=1)
                                             Filter: ((d_year = 1998) AND (d_moy = 2))
                                             Rows Removed by Filter: 73021
                                             Buffers: shared hit=1474
                           ->  Hash  (cost=16906.00..16906.00 rows=42412 width=12) (actual time=107.719..107.720 rows=42041 loops=1)
                                 Buckets: 65536  Batches: 1  Memory Usage: 2319kB
                                 Buffers: shared hit=14116 read=240
                                 ->  Seq Scan on item  (cost=0.00..16906.00 rows=42412 width=12) (actual time=0.016..101.573 rows=42041 loops=1)
                                       Filter: (i_category = 'Electronics'::bpchar)
                                       Rows Removed by Filter: 161959
                                       Buffers: shared hit=14116 read=240
                     ->  Index Scan using customer_pkey on customer  (cost=0.43..7.65 rows=1 width=8) (actual time=0.021..0.021 rows=0 loops=304342)
                           Index Cond: (c_customer_sk = store_sales.ss_customer_sk)
                           Filter: (c_birth_month = 5)
                           Rows Removed by Filter: 1
                           Buffers: shared hit=1202703 read=1
               ->  Index Scan using customer_address_pkey on customer_address  (cost=0.42..7.67 rows=1 width=15) (actual time=0.024..0.024 rows=0 loops=4017)
                     Index Cond: (ca_address_sk = customer.c_current_addr_sk)
                     Filter: (ca_state = 'NM'::bpchar)
                     Rows Removed by Filter: 1
                     Buffers: shared hit=15613 read=455
         ->  Index Scan using store_pkey on store  (cost=0.15..5.72 rows=1 width=15) (actual time=0.007..0.007 rows=1 loops=77)
               Index Cond: (s_store_sk = store_sales.ss_store_sk)
               Buffers: shared hit=149 read=1
 Planning:
   Buffers: shared hit=460
 Planning Time: 4.656 ms
 Execution Time: 78406.945 ms
(51 rows)

