                                                                             QUERY PLAN                                                                             
--------------------------------------------------------------------------------------------------------------------------------------------------------------------
 Aggregate  (cost=9525650.49..9525650.50 rows=1 width=40) (actual time=65594.179..65594.184 rows=1 loops=1)
   Buffers: shared hit=252542 read=5124438
   ->  Nested Loop  (cost=2571.53..9525650.49 rows=1 width=14) (actual time=35747.879..65594.169 rows=3 loops=1)
         Join Filter: ("substring"((customer_address.ca_zip)::text, 1, 5) <> "substring"((store.s_zip)::text, 1, 5))
         Buffers: shared hit=252542 read=5124438
         ->  Nested Loop  (cost=2571.38..9525644.74 rows=1 width=29) (actual time=35747.858..65594.124 rows=3 loops=1)
               Buffers: shared hit=252536 read=5124438
               ->  Nested Loop  (cost=2570.96..9525621.84 rows=3 width=25) (actual time=35747.833..65592.624 rows=60 loops=1)
                     Buffers: shared hit=252337 read=5124397
                     ->  Nested Loop  (cost=2570.54..9524481.73 rows=149 width=18) (actual time=35747.110..65535.516 rows=2883 loops=1)
                           Buffers: shared hit=241237 read=5123965
                           ->  Hash Join  (cost=2570.11..9504666.89 rows=2590 width=18) (actual time=35746.788..64583.870 rows=50161 loops=1)
                                 Hash Cond: (store_sales.ss_sold_date_sk = date_dim.d_date_sk)
                                 Buffers: shared hit=43061 read=5123965
                                 ->  Seq Scan on store_sales  (cost=0.00..9485539.52 rows=6307182 width=22) (actual time=0.039..64064.370 rows=6221765 loops=1)
                                       Filter: ((ss_wholesale_cost >= '100'::numeric) AND (ss_wholesale_cost <= '120'::numeric))
                                       Rows Removed by Filter: 281775259
                                       Buffers: shared hit=41587 read=5123965
                                 ->  Hash  (cost=2569.73..2569.73 rows=30 width=4) (actual time=18.263..18.264 rows=31 loops=1)
                                       Buckets: 1024  Batches: 1  Memory Usage: 10kB
                                       Buffers: shared hit=1474
                                       ->  Seq Scan on date_dim  (cost=0.00..2569.73 rows=30 width=4) (actual time=7.595..18.252 rows=31 loops=1)
                                             Filter: ((d_year = 2001) AND (d_moy = 1))
                                             Rows Removed by Filter: 73018
                                             Buffers: shared hit=1474
                           ->  Index Scan using customer_pkey on customer  (cost=0.43..7.65 rows=1 width=8) (actual time=0.019..0.019 rows=0 loops=50161)
                                 Index Cond: (c_customer_sk = store_sales.ss_customer_sk)
                                 Filter: (c_birth_month = 3)
                                 Rows Removed by Filter: 1
                                 Buffers: shared hit=198176
                     ->  Index Scan using customer_address_pkey on customer_address  (cost=0.42..7.65 rows=1 width=15) (actual time=0.020..0.020 rows=0 loops=2883)
                           Index Cond: (ca_address_sk = customer.c_current_addr_sk)
                           Filter: (ca_state = 'SD'::bpchar)
                           Rows Removed by Filter: 1
                           Buffers: shared hit=11100 read=432
               ->  Index Scan using item_pkey on item  (cost=0.42..7.64 rows=1 width=12) (actual time=0.024..0.024 rows=0 loops=60)
                     Index Cond: (i_item_sk = store_sales.ss_item_sk)
                     Filter: (i_category = 'Books'::bpchar)
                     Rows Removed by Filter: 1
                     Buffers: shared hit=199 read=41
         ->  Index Scan using store_pkey on store  (cost=0.15..5.72 rows=1 width=15) (actual time=0.009..0.009 rows=1 loops=3)
               Index Cond: (s_store_sk = store_sales.ss_store_sk)
               Buffers: shared hit=6
 Planning:
   Buffers: shared hit=460
 Planning Time: 1.839 ms
 Execution Time: 65594.419 ms
(47 rows)

