                                                                            QUERY PLAN                                                                            
------------------------------------------------------------------------------------------------------------------------------------------------------------------
 Aggregate  (cost=9687593.61..9687593.62 rows=1 width=40) (actual time=81872.822..81872.827 rows=1 loops=1)
   Buffers: shared hit=1016120 read=5145024
   ->  Hash Join  (cost=20034.17..9687593.50 rows=15 width=14) (actual time=65681.731..81872.421 rows=452 loops=1)
         Hash Cond: (store_sales.ss_store_sk = store.s_store_sk)
         Join Filter: ("substring"((customer_address.ca_zip)::text, 1, 5) <> "substring"((store.s_zip)::text, 1, 5))
         Rows Removed by Join Filter: 15
         Buffers: shared hit=1016120 read=5145024
         ->  Nested Loop  (cost=20007.12..9687566.42 rows=15 width=29) (actual time=65680.800..81870.491 rows=469 loops=1)
               Buffers: shared hit=1016106 read=5145020
               ->  Nested Loop  (cost=20006.70..9682541.00 rows=657 width=22) (actual time=65622.563..81228.106 rows=30392 loops=1)
                     Buffers: shared hit=902897 read=5136661
                     ->  Hash Join  (cost=20006.27..9646354.91 rows=4730 width=22) (actual time=65622.532..77121.943 rows=217141 loops=1)
                           Hash Cond: (store_sales.ss_item_sk = item.i_item_sk)
                           Buffers: shared hit=44739 read=5136643
                           ->  Hash Join  (cost=2570.12..9628859.04 rows=22753 width=18) (actual time=65519.262..76785.865 rows=1104691 loops=1)
                                 Hash Cond: (store_sales.ss_sold_date_sk = date_dim.d_date_sk)
                                 Buffers: shared hit=30896 read=5136130
                                 ->  Seq Scan on store_sales  (cost=0.00..9485539.52 rows=53615846 width=22) (actual time=0.033..73343.632 rows=54283934 loops=1)
                                       Filter: ((ss_wholesale_cost >= '0'::numeric) AND (ss_wholesale_cost <= '20'::numeric))
                                       Rows Removed by Filter: 233713090
                                       Buffers: shared hit=29422 read=5136130
                                 ->  Hash  (cost=2569.73..2569.73 rows=31 width=4) (actual time=15.812..15.813 rows=31 loops=1)
                                       Buckets: 1024  Batches: 1  Memory Usage: 10kB
                                       Buffers: shared hit=1474
                                       ->  Seq Scan on date_dim  (cost=0.00..2569.73 rows=31 width=4) (actual time=8.121..15.798 rows=31 loops=1)
                                             Filter: ((d_year = 2002) AND (d_moy = 10))
                                             Rows Removed by Filter: 73018
                                             Buffers: shared hit=1474
                           ->  Hash  (cost=16906.00..16906.00 rows=42412 width=12) (actual time=103.018..103.018 rows=42041 loops=1)
                                 Buckets: 65536  Batches: 1  Memory Usage: 2319kB
                                 Buffers: shared hit=13843 read=513
                                 ->  Seq Scan on item  (cost=0.00..16906.00 rows=42412 width=12) (actual time=0.012..97.077 rows=42041 loops=1)
                                       Filter: (i_category = 'Electronics'::bpchar)
                                       Rows Removed by Filter: 161959
                                       Buffers: shared hit=13843 read=513
                     ->  Index Scan using customer_pkey on customer  (cost=0.43..7.65 rows=1 width=8) (actual time=0.019..0.019 rows=0 loops=217141)
                           Index Cond: (c_customer_sk = store_sales.ss_customer_sk)
                           Filter: (c_birth_month = 10)
                           Rows Removed by Filter: 1
                           Buffers: shared hit=858158 read=18
               ->  Index Scan using customer_address_pkey on customer_address  (cost=0.42..7.65 rows=1 width=15) (actual time=0.021..0.021 rows=0 loops=30392)
                     Index Cond: (ca_address_sk = customer.c_current_addr_sk)
                     Filter: (ca_state = 'OK'::bpchar)
                     Rows Removed by Filter: 1
                     Buffers: shared hit=113209 read=8359
         ->  Hash  (cost=22.02..22.02 rows=402 width=15) (actual time=0.908..0.909 rows=402 loops=1)
               Buckets: 1024  Batches: 1  Memory Usage: 27kB
               Buffers: shared hit=14 read=4
               ->  Seq Scan on store  (cost=0.00..22.02 rows=402 width=15) (actual time=0.019..0.833 rows=402 loops=1)
                     Buffers: shared hit=14 read=4
 Planning:
   Buffers: shared hit=460
 Planning Time: 3.432 ms
 Execution Time: 81873.166 ms
(54 rows)

