                                                                            QUERY PLAN                                                                            
------------------------------------------------------------------------------------------------------------------------------------------------------------------
 Aggregate  (cost=9792289.43..9792289.44 rows=1 width=40) (actual time=86263.604..86263.609 rows=1 loops=1)
   Buffers: shared hit=1540034 read=5143118
   ->  Hash Join  (cost=20034.16..9792289.34 rows=12 width=14) (actual time=24768.262..86263.031 rows=661 loops=1)
         Hash Cond: (store_sales.ss_store_sk = store.s_store_sk)
         Join Filter: ("substring"((customer_address.ca_zip)::text, 1, 5) <> "substring"((store.s_zip)::text, 1, 5))
         Rows Removed by Join Filter: 18
         Buffers: shared hit=1540034 read=5143118
         ->  Nested Loop  (cost=20007.11..9792262.26 rows=12 width=29) (actual time=24767.694..86260.885 rows=681 loops=1)
               Buffers: shared hit=1540016 read=5143118
               ->  Nested Loop  (cost=20006.69..9786777.34 rows=717 width=22) (actual time=24692.793..85455.718 rows=33756 loops=1)
                     Buffers: shared hit=1411496 read=5136614
                     ->  Hash Join  (cost=20006.26..9730761.65 rows=7322 width=22) (actual time=24692.660..77899.526 rows=345767 loops=1)
                           Hash Cond: (store_sales.ss_item_sk = item.i_item_sk)
                           Buffers: shared hit=44986 read=5136396
                           ->  Hash Join  (cost=2570.11..9713233.05 rows=35219 width=18) (actual time=24575.598..77488.599 rows=969137 loops=1)
                                 Hash Cond: (store_sales.ss_sold_date_sk = date_dim.d_date_sk)
                                 Buffers: shared hit=30854 read=5136172
                                 ->  Seq Scan on store_sales  (cost=0.00..9485539.52 rows=85756551 width=22) (actual time=0.537..72277.074 rows=85367142 loops=1)
                                       Filter: ((ss_wholesale_cost >= '62'::numeric) AND (ss_wholesale_cost <= '82'::numeric))
                                       Rows Removed by Filter: 202629882
                                       Buffers: shared hit=29431 read=5136121
                                 ->  Hash  (cost=2569.73..2569.73 rows=30 width=4) (actual time=20.381..20.381 rows=31 loops=1)
                                       Buckets: 1024  Batches: 1  Memory Usage: 10kB
                                       Buffers: shared hit=1423 read=51
                                       ->  Seq Scan on date_dim  (cost=0.00..2569.73 rows=30 width=4) (actual time=11.476..20.368 rows=31 loops=1)
                                             Filter: ((d_year = 1999) AND (d_moy = 12))
                                             Rows Removed by Filter: 73018
                                             Buffers: shared hit=1423 read=51
                           ->  Hash  (cost=16906.00..16906.00 rows=42412 width=12) (actual time=116.823..116.824 rows=42041 loops=1)
                                 Buckets: 65536  Batches: 1  Memory Usage: 2319kB
                                 Buffers: shared hit=14132 read=224
                                 ->  Seq Scan on item  (cost=0.00..16906.00 rows=42412 width=12) (actual time=0.017..110.666 rows=42041 loops=1)
                                       Filter: (i_category = 'Electronics'::bpchar)
                                       Rows Removed by Filter: 161959
                                       Buffers: shared hit=14132 read=224
                     ->  Index Scan using customer_pkey on customer  (cost=0.43..7.65 rows=1 width=8) (actual time=0.021..0.021 rows=0 loops=345767)
                           Index Cond: (c_customer_sk = store_sales.ss_customer_sk)
                           Filter: (c_birth_month = 2)
                           Rows Removed by Filter: 1
                           Buffers: shared hit=1366510 read=218
               ->  Index Scan using customer_address_pkey on customer_address  (cost=0.42..7.65 rows=1 width=15) (actual time=0.023..0.023 rows=0 loops=33756)
                     Index Cond: (ca_address_sk = customer.c_current_addr_sk)
                     Filter: (ca_state = 'NY'::bpchar)
                     Rows Removed by Filter: 1
                     Buffers: shared hit=128520 read=6504
         ->  Hash  (cost=22.02..22.02 rows=402 width=15) (actual time=0.541..0.542 rows=402 loops=1)
               Buckets: 1024  Batches: 1  Memory Usage: 27kB
               Buffers: shared hit=18
               ->  Seq Scan on store  (cost=0.00..22.02 rows=402 width=15) (actual time=0.023..0.430 rows=402 loops=1)
                     Buffers: shared hit=18
 Planning:
   Buffers: shared hit=460
 Planning Time: 4.436 ms
 Execution Time: 86264.033 ms
(54 rows)

