                                                                            QUERY PLAN                                                                            
------------------------------------------------------------------------------------------------------------------------------------------------------------------
 Aggregate  (cost=9659285.44..9659285.45 rows=1 width=40) (actual time=75317.295..75317.301 rows=1 loops=1)
   Buffers: shared hit=915840 read=5132000
   ->  Hash Join  (cost=19922.98..9659285.40 rows=5 width=14) (actual time=40567.927..75317.080 rows=130 loops=1)
         Hash Cond: (store_sales.ss_store_sk = store.s_store_sk)
         Join Filter: ("substring"((customer_address.ca_zip)::text, 1, 5) <> "substring"((store.s_zip)::text, 1, 5))
         Rows Removed by Join Filter: 5
         Buffers: shared hit=915840 read=5132000
         ->  Nested Loop  (cost=19895.94..9659258.34 rows=5 width=29) (actual time=40566.860..75315.603 rows=135 loops=1)
               Buffers: shared hit=915822 read=5132000
               ->  Nested Loop  (cost=19895.51..9658431.56 rows=108 width=22) (actual time=40549.545..75161.373 rows=6946 loops=1)
                     Buffers: shared hit=889840 read=5130198
                     ->  Hash Join  (cost=19895.08..9632604.02 rows=3376 width=22) (actual time=40544.047..71135.541 rows=212231 loops=1)
                           Hash Cond: (store_sales.ss_item_sk = item.i_item_sk)
                           Buffers: shared hit=51345 read=5130037
                           ->  Hash Join  (cost=2570.12..9615225.12 rows=20549 width=18) (actual time=40420.283..70820.467 rows=885898 loops=1)
                                 Hash Cond: (store_sales.ss_sold_date_sk = date_dim.d_date_sk)
                                 Buffers: shared hit=37219 read=5129807
                                 ->  Seq Scan on store_sales  (cost=0.00..9485539.52 rows=48422260 width=22) (actual time=0.842..67722.300 rows=48278787 loops=1)
                                       Filter: ((ss_wholesale_cost >= '74'::numeric) AND (ss_wholesale_cost <= '94'::numeric))
                                       Rows Removed by Filter: 239718237
                                       Buffers: shared hit=35796 read=5129756
                                 ->  Hash  (cost=2569.73..2569.73 rows=31 width=4) (actual time=28.636..28.636 rows=31 loops=1)
                                       Buckets: 1024  Batches: 1  Memory Usage: 10kB
                                       Buffers: shared hit=1423 read=51
                                       ->  Seq Scan on date_dim  (cost=0.00..2569.73 rows=31 width=4) (actual time=17.556..28.622 rows=31 loops=1)
                                             Filter: ((d_year = 2001) AND (d_moy = 3))
                                             Rows Removed by Filter: 73018
                                             Buffers: shared hit=1423 read=51
                           ->  Hash  (cost=16906.00..16906.00 rows=33517 width=12) (actual time=123.501..123.502 rows=33627 loops=1)
                                 Buckets: 65536  Batches: 1  Memory Usage: 1957kB
                                 Buffers: shared hit=14126 read=230
                                 ->  Seq Scan on item  (cost=0.00..16906.00 rows=33517 width=12) (actual time=0.037..116.740 rows=33627 loops=1)
                                       Filter: (i_category = 'Shoes'::bpchar)
                                       Rows Removed by Filter: 170373
                                       Buffers: shared hit=14126 read=230
                     ->  Index Scan using customer_pkey on customer  (cost=0.43..7.65 rows=1 width=8) (actual time=0.019..0.019 rows=0 loops=212231)
                           Index Cond: (c_customer_sk = store_sales.ss_customer_sk)
                           Filter: (c_birth_month = 6)
                           Rows Removed by Filter: 1
                           Buffers: shared hit=838495 read=161
               ->  Index Scan using customer_address_pkey on customer_address  (cost=0.42..7.66 rows=1 width=15) (actual time=0.022..0.022 rows=0 loops=6946)
                     Index Cond: (ca_address_sk = customer.c_current_addr_sk)
                     Filter: (ca_state = 'GA'::bpchar)
                     Rows Removed by Filter: 1
                     Buffers: shared hit=25982 read=1802
         ->  Hash  (cost=22.02..22.02 rows=402 width=15) (actual time=1.034..1.034 rows=402 loops=1)
               Buckets: 1024  Batches: 1  Memory Usage: 27kB
               Buffers: shared hit=18
               ->  Seq Scan on store  (cost=0.00..22.02 rows=402 width=15) (actual time=0.037..0.803 rows=402 loops=1)
                     Buffers: shared hit=18
 Planning:
   Buffers: shared hit=460
 Planning Time: 5.307 ms
 Execution Time: 75317.876 ms
(54 rows)

