                                                                             QUERY PLAN                                                                              
---------------------------------------------------------------------------------------------------------------------------------------------------------------------
 Aggregate  (cost=9728725.87..9728725.88 rows=1 width=40) (actual time=83524.251..83524.256 rows=1 loops=1)
   Buffers: shared hit=1160964 read=5137446
   ->  Nested Loop  (cost=2571.52..9728725.86 rows=1 width=14) (actual time=23784.813..83524.176 rows=33 loops=1)
         Join Filter: ("substring"((customer_address.ca_zip)::text, 1, 5) <> "substring"((store.s_zip)::text, 1, 5))
         Rows Removed by Join Filter: 1
         Buffers: shared hit=1160964 read=5137446
         ->  Nested Loop  (cost=2571.37..9728720.12 rows=1 width=29) (actual time=23784.787..83523.640 rows=35 loops=1)
               Buffers: shared hit=1160899 read=5137443
               ->  Nested Loop  (cost=2570.95..9728536.87 rows=24 width=25) (actual time=23783.698..83506.862 rows=561 loops=1)
                     Buffers: shared hit=1158937 read=5137161
                     ->  Nested Loop  (cost=2570.52..9714347.27 rows=1855 width=18) (actual time=23765.152..82770.487 rows=29697 loops=1)
                           Buffers: shared hit=1045180 read=5132130
                           ->  Hash Join  (cost=2570.10..9592997.52 rows=15862 width=18) (actual time=23764.736..76742.346 rows=255655 loops=1)
                                 Hash Cond: (store_sales.ss_sold_date_sk = date_dim.d_date_sk)
                                 Buffers: shared hit=35017 read=5132009
                                 ->  Seq Scan on store_sales  (cost=0.00..9485539.52 rows=39955084 width=22) (actual time=0.057..74081.392 rows=40694154 loops=1)
                                       Filter: ((ss_wholesale_cost >= '7'::numeric) AND (ss_wholesale_cost <= '27'::numeric))
                                       Rows Removed by Filter: 247302870
                                       Buffers: shared hit=33543 read=5132009
                                 ->  Hash  (cost=2569.73..2569.73 rows=29 width=4) (actual time=19.906..19.907 rows=30 loops=1)
                                       Buckets: 1024  Batches: 1  Memory Usage: 10kB
                                       Buffers: shared hit=1474
                                       ->  Seq Scan on date_dim  (cost=0.00..2569.73 rows=29 width=4) (actual time=12.036..19.891 rows=30 loops=1)
                                             Filter: ((d_year = 1999) AND (d_moy = 11))
                                             Rows Removed by Filter: 73019
                                             Buffers: shared hit=1474
                           ->  Index Scan using customer_pkey on customer  (cost=0.43..7.65 rows=1 width=8) (actual time=0.023..0.023 rows=0 loops=255655)
                                 Index Cond: (c_customer_sk = store_sales.ss_customer_sk)
                                 Filter: (c_birth_month = 8)
                                 Rows Removed by Filter: 1
                                 Buffers: shared hit=1010163 read=121
                     ->  Index Scan using customer_address_pkey on customer_address  (cost=0.42..7.65 rows=1 width=15) (actual time=0.024..0.024 rows=0 loops=29697)
                           Index Cond: (ca_address_sk = customer.c_current_addr_sk)
                           Filter: (ca_state = 'OR'::bpchar)
                           Rows Removed by Filter: 1
                           Buffers: shared hit=113757 read=5031
               ->  Index Scan using item_pkey on item  (cost=0.42..7.64 rows=1 width=12) (actual time=0.029..0.029 rows=0 loops=561)
                     Index Cond: (i_item_sk = store_sales.ss_item_sk)
                     Filter: (i_category = 'Women'::bpchar)
                     Rows Removed by Filter: 1
                     Buffers: shared hit=1962 read=282
         ->  Index Scan using store_pkey on store  (cost=0.15..5.72 rows=1 width=15) (actual time=0.009..0.009 rows=1 loops=35)
               Index Cond: (s_store_sk = store_sales.ss_store_sk)
               Buffers: shared hit=65 read=3
 Planning:
   Buffers: shared hit=460
 Planning Time: 4.003 ms
 Execution Time: 83524.692 ms
(48 rows)

