                                                                             QUERY PLAN                                                                              
---------------------------------------------------------------------------------------------------------------------------------------------------------------------
 Aggregate  (cost=9735387.42..9735387.43 rows=1 width=40) (actual time=81723.068..81723.074 rows=1 loops=1)
   Buffers: shared hit=1091629 read=5135605
   ->  Nested Loop  (cost=2571.54..9735387.41 rows=1 width=14) (actual time=11092.233..81723.055 rows=4 loops=1)
         Join Filter: ("substring"((customer_address.ca_zip)::text, 1, 5) <> "substring"((store.s_zip)::text, 1, 5))
         Buffers: shared hit=1091629 read=5135605
         ->  Nested Loop  (cost=2571.39..9735381.67 rows=1 width=29) (actual time=11092.189..81722.955 rows=4 loops=1)
               Buffers: shared hit=1091622 read=5135604
               ->  Nested Loop  (cost=2570.97..9735183.14 rows=26 width=25) (actual time=9413.176..81710.326 rows=468 loops=1)
                     Buffers: shared hit=1089948 read=5135406
                     ->  Nested Loop  (cost=2570.55..9720182.71 rows=1961 width=18) (actual time=9318.948..81022.240 rows=27998 loops=1)
                           Buffers: shared hit=981566 read=5131796
                           ->  Hash Join  (cost=2570.12..9591863.49 rows=16773 width=18) (actual time=9318.901..75416.931 rows=239551 loops=1)
                                 Hash Cond: (store_sales.ss_sold_date_sk = date_dim.d_date_sk)
                                 Buffers: shared hit=35303 read=5131723
                                 ->  Seq Scan on store_sales  (cost=0.00..9485539.52 rows=39523085 width=22) (actual time=0.068..72795.666 rows=40114371 loops=1)
                                       Filter: ((ss_wholesale_cost >= '25'::numeric) AND (ss_wholesale_cost <= '45'::numeric))
                                       Rows Removed by Filter: 247882653
                                       Buffers: shared hit=33829 read=5131723
                                 ->  Hash  (cost=2569.73..2569.73 rows=31 width=4) (actual time=20.672..20.674 rows=31 loops=1)
                                       Buckets: 1024  Batches: 1  Memory Usage: 10kB
                                       Buffers: shared hit=1474
                                       ->  Seq Scan on date_dim  (cost=0.00..2569.73 rows=31 width=4) (actual time=12.439..20.656 rows=31 loops=1)
                                             Filter: ((d_year = 1998) AND (d_moy = 10))
                                             Rows Removed by Filter: 73018
                                             Buffers: shared hit=1474
                           ->  Index Scan using customer_pkey on customer  (cost=0.43..7.65 rows=1 width=8) (actual time=0.023..0.023 rows=0 loops=239551)
                                 Index Cond: (c_customer_sk = store_sales.ss_customer_sk)
                                 Filter: (c_birth_month = 8)
                                 Rows Removed by Filter: 1
                                 Buffers: shared hit=946263 read=73
                     ->  Index Scan using customer_address_pkey on customer_address  (cost=0.42..7.65 rows=1 width=15) (actual time=0.024..0.024 rows=0 loops=27998)
                           Index Cond: (ca_address_sk = customer.c_current_addr_sk)
                           Filter: (ca_state = 'ID'::bpchar)
                           Rows Removed by Filter: 1
                           Buffers: shared hit=108382 read=3610
               ->  Index Scan using item_pkey on item  (cost=0.42..7.64 rows=1 width=12) (actual time=0.026..0.026 rows=0 loops=468)
                     Index Cond: (i_item_sk = store_sales.ss_item_sk)
                     Filter: (i_category = 'Music'::bpchar)
                     Rows Removed by Filter: 1
                     Buffers: shared hit=1674 read=198
         ->  Index Scan using store_pkey on store  (cost=0.15..5.72 rows=1 width=15) (actual time=0.017..0.017 rows=1 loops=4)
               Index Cond: (s_store_sk = store_sales.ss_store_sk)
               Buffers: shared hit=7 read=1
 Planning:
   Buffers: shared hit=460
 Planning Time: 4.679 ms
 Execution Time: 81723.553 ms
(47 rows)

