                                                                            QUERY PLAN                                                                            
------------------------------------------------------------------------------------------------------------------------------------------------------------------
 Aggregate  (cost=9709319.18..9709319.19 rows=1 width=40) (actual time=78834.306..78834.314 rows=1 loops=1)
   Buffers: shared hit=547720 read=5135180
   ->  Hash Join  (cost=19670.27..9709319.12 rows=8 width=14) (actual time=155.410..78834.069 rows=164 loops=1)
         Hash Cond: (store_sales.ss_store_sk = store.s_store_sk)
         Join Filter: ("substring"((customer_address.ca_zip)::text, 1, 5) <> "substring"((store.s_zip)::text, 1, 5))
         Rows Removed by Join Filter: 3
         Buffers: shared hit=547720 read=5135180
         ->  Nested Loop  (cost=19643.23..9709292.06 rows=8 width=29) (actual time=154.045..78832.237 rows=168 loops=1)
               Buffers: shared hit=547707 read=5135175
               ->  Nested Loop  (cost=19642.80..9708068.01 rows=160 width=22) (actual time=133.548..78687.019 rows=9339 loops=1)
                     Buffers: shared hit=512983 read=5132543
                     ->  Hash Join  (cost=19642.37..9693387.03 rows=1919 width=22) (actual time=133.409..76976.145 rows=117424 loops=1)
                           Hash Cond: (store_sales.ss_item_sk = item.i_item_sk)
                           Buffers: shared hit=48939 read=5132443
                           ->  Hash Join  (cost=2570.11..9676237.51 rows=29431 width=18) (actual time=19.167..76646.953 rows=1555267 loops=1)
                                 Hash Cond: (store_sales.ss_sold_date_sk = date_dim.d_date_sk)
                                 Buffers: shared hit=35182 read=5131844
                                 ->  Seq Scan on store_sales  (cost=0.00..9485539.52 rows=71663793 width=22) (actual time=0.023..72264.532 rows=71083444 loops=1)
                                       Filter: ((ss_wholesale_cost >= '49'::numeric) AND (ss_wholesale_cost <= '69'::numeric))
                                       Rows Removed by Filter: 216913580
                                       Buffers: shared hit=33708 read=5131844
                                 ->  Hash  (cost=2569.73..2569.73 rows=30 width=4) (actual time=19.125..19.126 rows=31 loops=1)
                                       Buckets: 1024  Batches: 1  Memory Usage: 10kB
                                       Buffers: shared hit=1474
                                       ->  Seq Scan on date_dim  (cost=0.00..2569.73 rows=30 width=4) (actual time=8.891..19.116 rows=31 loops=1)
                                             Filter: ((d_year = 1998) AND (d_moy = 1))
                                             Rows Removed by Filter: 73018
                                             Buffers: shared hit=1474
                           ->  Hash  (cost=16906.00..16906.00 rows=13301 width=12) (actual time=114.173..114.174 rows=13933 loops=1)
                                 Buckets: 16384  Batches: 1  Memory Usage: 727kB
                                 Buffers: shared hit=13757 read=599
                                 ->  Seq Scan on item  (cost=0.00..16906.00 rows=13301 width=12) (actual time=0.011..112.062 rows=13933 loops=1)
                                       Filter: (i_category = 'Men'::bpchar)
                                       Rows Removed by Filter: 190067
                                       Buffers: shared hit=13757 read=599
                     ->  Index Scan using customer_pkey on customer  (cost=0.43..7.65 rows=1 width=8) (actual time=0.014..0.014 rows=0 loops=117424)
                           Index Cond: (c_customer_sk = store_sales.ss_customer_sk)
                           Filter: (c_birth_month = 11)
                           Rows Removed by Filter: 1
                           Buffers: shared hit=464044 read=100
               ->  Index Scan using customer_address_pkey on customer_address  (cost=0.42..7.65 rows=1 width=15) (actual time=0.015..0.015 rows=0 loops=9339)
                     Index Cond: (ca_address_sk = customer.c_current_addr_sk)
                     Filter: (ca_state = 'VA'::bpchar)
                     Rows Removed by Filter: 1
                     Buffers: shared hit=34724 read=2632
         ->  Hash  (cost=22.02..22.02 rows=402 width=15) (actual time=1.344..1.345 rows=402 loops=1)
               Buckets: 1024  Batches: 1  Memory Usage: 27kB
               Buffers: shared hit=13 read=5
               ->  Seq Scan on store  (cost=0.00..22.02 rows=402 width=15) (actual time=0.020..1.252 rows=402 loops=1)
                     Buffers: shared hit=13 read=5
 Planning:
   Buffers: shared hit=460
 Planning Time: 4.942 ms
 Execution Time: 78834.748 ms
(54 rows)

