                                                                            QUERY PLAN                                                                            
------------------------------------------------------------------------------------------------------------------------------------------------------------------
 Aggregate  (cost=9698925.81..9698925.82 rows=1 width=40) (actual time=72522.610..72522.615 rows=1 loops=1)
   Buffers: shared hit=71460 read=5128150
   ->  Nested Loop  (cost=16953.88..9698925.81 rows=1 width=14) (actual time=9517.477..72522.603 rows=3 loops=1)
         Join Filter: ("substring"((customer_address.ca_zip)::text, 1, 5) <> "substring"((store.s_zip)::text, 1, 5))
         Buffers: shared hit=71460 read=5128150
         ->  Nested Loop  (cost=16953.73..9698920.06 rows=1 width=29) (actual time=9517.454..72522.559 rows=3 loops=1)
               Buffers: shared hit=71454 read=5128150
               ->  Nested Loop  (cost=16953.31..9698583.47 rows=44 width=22) (actual time=9093.161..72518.304 rows=315 loops=1)
                     Buffers: shared hit=70263 read=5128081
                     ->  Nested Loop  (cost=16952.88..9695171.42 rows=446 width=22) (actual time=9091.096..72479.619 rows=3099 loops=1)
                           Buffers: shared hit=58034 read=5128078
                           ->  Hash Join  (cost=16952.58..9653518.40 rows=1050817 width=26) (actual time=119.925..72285.155 rows=516569 loops=1)
                                 Hash Cond: (store_sales.ss_item_sk = item.i_item_sk)
                                 Buffers: shared hit=52016 read=5127892
                                 ->  Seq Scan on store_sales  (cost=0.00..9485539.52 rows=57532634 width=22) (actual time=0.034..67197.963 rows=57752041 loops=1)
                                       Filter: ((ss_wholesale_cost >= '76'::numeric) AND (ss_wholesale_cost <= '96'::numeric))
                                       Rows Removed by Filter: 230244983
                                       Buffers: shared hit=37873 read=5127679
                                 ->  Hash  (cost=16906.00..16906.00 rows=3726 width=12) (actual time=119.658..119.659 rows=3713 loops=1)
                                       Buckets: 4096  Batches: 1  Memory Usage: 192kB
                                       Buffers: shared hit=14143 read=213
                                       ->  Seq Scan on item  (cost=0.00..16906.00 rows=3726 width=12) (actual time=0.049..118.868 rows=3713 loops=1)
                                             Filter: (i_category = 'Music'::bpchar)
                                             Rows Removed by Filter: 200287
                                             Buffers: shared hit=14143 read=213
                           ->  Memoize  (cost=0.30..7.51 rows=1 width=4) (actual time=0.000..0.000 rows=0 loops=516569)
                                 Cache Key: store_sales.ss_sold_date_sk
                                 Cache Mode: logical
                                 Hits: 514500  Misses: 2069  Evictions: 0  Overflows: 0  Memory Usage: 139kB
                                 Buffers: shared hit=6018 read=186
                                 ->  Index Scan using date_dim_pkey on date_dim  (cost=0.29..7.50 rows=1 width=4) (actual time=0.014..0.014 rows=0 loops=2069)
                                       Index Cond: (d_date_sk = store_sales.ss_sold_date_sk)
                                       Filter: ((d_year = 1998) AND (d_moy = 10))
                                       Rows Removed by Filter: 1
                                       Buffers: shared hit=6018 read=186
                     ->  Index Scan using customer_pkey on customer  (cost=0.43..7.65 rows=1 width=8) (actual time=0.012..0.012 rows=0 loops=3099)
                           Index Cond: (c_customer_sk = store_sales.ss_customer_sk)
                           Filter: (c_birth_month = 1)
                           Rows Removed by Filter: 1
                           Buffers: shared hit=12229 read=3
               ->  Index Scan using customer_address_pkey on customer_address  (cost=0.42..7.65 rows=1 width=15) (actual time=0.013..0.013 rows=0 loops=315)
                     Index Cond: (ca_address_sk = customer.c_current_addr_sk)
                     Filter: (ca_state = 'MN'::bpchar)
                     Rows Removed by Filter: 1
                     Buffers: shared hit=1191 read=69
         ->  Index Scan using store_pkey on store  (cost=0.15..5.72 rows=1 width=15) (actual time=0.009..0.009 rows=1 loops=3)
               Index Cond: (s_store_sk = store_sales.ss_store_sk)
               Buffers: shared hit=6
 Planning:
   Buffers: shared hit=421 read=39
 Planning Time: 3.548 ms
 Execution Time: 72522.933 ms
(52 rows)

