                                                                            QUERY PLAN                                                                            
------------------------------------------------------------------------------------------------------------------------------------------------------------------
 Aggregate  (cost=9644554.27..9644554.28 rows=1 width=40) (actual time=69880.788..69880.794 rows=1 loops=1)
   Buffers: shared hit=349117 read=5137487
   ->  Hash Join  (cost=19817.13..9644554.23 rows=6 width=14) (actual time=9230.901..69880.605 rows=139 loops=1)
         Hash Cond: (store_sales.ss_store_sk = store.s_store_sk)
         Join Filter: ("substring"((customer_address.ca_zip)::text, 1, 5) <> "substring"((store.s_zip)::text, 1, 5))
         Rows Removed by Join Filter: 3
         Buffers: shared hit=349117 read=5137487
         ->  Nested Loop  (cost=19790.09..9644527.17 rows=6 width=29) (actual time=9228.777..69878.102 rows=142 loops=1)
               Buffers: shared hit=349105 read=5137481
               ->  Nested Loop  (cost=19789.66..9642836.56 rows=221 width=22) (actual time=9228.639..69766.583 rows=6706 loops=1)
                     Buffers: shared hit=324235 read=5135527
                     ->  Hash Join  (cost=19789.24..9625738.05 rows=2235 width=22) (actual time=9228.533..68689.734 rows=70470 loops=1)
                           Hash Cond: (store_sales.ss_item_sk = item.i_item_sk)
                           Buffers: shared hit=46015 read=5135367
                           ->  Hash Join  (cost=2570.10..9608471.13 rows=18202 width=18) (actual time=9112.285..68450.652 rows=804419 loops=1)
                                 Hash Cond: (store_sales.ss_sold_date_sk = date_dim.d_date_sk)
                                 Buffers: shared hit=35646 read=5131380
                                 ->  Seq Scan on store_sales  (cost=0.00..9485539.52 rows=45849467 width=22) (actual time=0.032..65511.528 rows=46160898 loops=1)
                                       Filter: ((ss_wholesale_cost >= '80'::numeric) AND (ss_wholesale_cost <= '100'::numeric))
                                       Rows Removed by Filter: 241836126
                                       Buffers: shared hit=35605 read=5129947
                                 ->  Hash  (cost=2569.73..2569.73 rows=29 width=4) (actual time=22.795..22.796 rows=30 loops=1)
                                       Buckets: 1024  Batches: 1  Memory Usage: 10kB
                                       Buffers: shared hit=41 read=1433
                                       ->  Seq Scan on date_dim  (cost=0.00..2569.73 rows=29 width=4) (actual time=14.305..22.784 rows=30 loops=1)
                                             Filter: ((d_year = 1998) AND (d_moy = 11))
                                             Rows Removed by Filter: 73019
                                             Buffers: shared hit=41 read=1433
                           ->  Hash  (cost=16906.00..16906.00 rows=25051 width=12) (actual time=116.097..116.098 rows=24688 loops=1)
                                 Buckets: 32768  Batches: 1  Memory Usage: 1317kB
                                 Buffers: shared hit=10369 read=3987
                                 ->  Seq Scan on item  (cost=0.00..16906.00 rows=25051 width=12) (actual time=0.014..111.755 rows=24688 loops=1)
                                       Filter: (i_category = 'Books'::bpchar)
                                       Rows Removed by Filter: 179312
                                       Buffers: shared hit=10369 read=3987
                     ->  Index Scan using customer_pkey on customer  (cost=0.43..7.65 rows=1 width=8) (actual time=0.015..0.015 rows=0 loops=70470)
                           Index Cond: (c_customer_sk = store_sales.ss_customer_sk)
                           Filter: (c_birth_month = 1)
                           Rows Removed by Filter: 1
                           Buffers: shared hit=278220 read=160
               ->  Index Scan using customer_address_pkey on customer_address  (cost=0.42..7.65 rows=1 width=15) (actual time=0.016..0.016 rows=0 loops=6706)
                     Index Cond: (ca_address_sk = customer.c_current_addr_sk)
                     Filter: (ca_state = 'MN'::bpchar)
                     Rows Removed by Filter: 1
                     Buffers: shared hit=24870 read=1954
         ->  Hash  (cost=22.02..22.02 rows=402 width=15) (actual time=2.096..2.097 rows=402 loops=1)
               Buckets: 1024  Batches: 1  Memory Usage: 27kB
               Buffers: shared hit=12 read=6
               ->  Seq Scan on store  (cost=0.00..22.02 rows=402 width=15) (actual time=0.023..1.971 rows=402 loops=1)
                     Buffers: shared hit=12 read=6
 Planning:
   Buffers: shared hit=460
 Planning Time: 4.516 ms
 Execution Time: 69881.215 ms
(54 rows)

