                                                                            QUERY PLAN                                                                            
------------------------------------------------------------------------------------------------------------------------------------------------------------------
 Aggregate  (cost=9643299.23..9643299.24 rows=1 width=40) (actual time=72304.201..72304.207 rows=1 loops=1)
   Buffers: shared hit=537573 read=5136803
   ->  Hash Join  (cost=19777.11..9643299.20 rows=5 width=14) (actual time=31487.255..72303.933 rows=327 loops=1)
         Hash Cond: (store_sales.ss_store_sk = store.s_store_sk)
         Join Filter: ("substring"((customer_address.ca_zip)::text, 1, 5) <> "substring"((store.s_zip)::text, 1, 5))
         Rows Removed by Join Filter: 5
         Buffers: shared hit=537573 read=5136803
         ->  Nested Loop  (cost=19750.06..9643272.14 rows=5 width=29) (actual time=31486.738..72302.719 rows=334 loops=1)
               Buffers: shared hit=537555 read=5136803
               ->  Nested Loop  (cost=19749.64..9641130.41 rows=280 width=22) (actual time=31472.879..72024.058 rows=15146 loops=1)
                     Buffers: shared hit=482006 read=5131768
                     ->  Hash Join  (cost=19749.21..9625699.67 rows=2017 width=22) (actual time=31472.736..70124.578 rows=109408 loops=1)
                           Hash Cond: (store_sales.ss_item_sk = item.i_item_sk)
                           Buffers: shared hit=49975 read=5131407
                           ->  Hash Join  (cost=2570.11..9608471.14 rows=18830 width=18) (actual time=31371.258..69881.899 rows=853873 loops=1)
                                 Hash Cond: (store_sales.ss_sold_date_sk = date_dim.d_date_sk)
                                 Buffers: shared hit=36150 read=5130876
                                 ->  Seq Scan on store_sales  (cost=0.00..9485539.52 rows=45849467 width=22) (actual time=0.029..66943.566 rows=46160898 loops=1)
                                       Filter: ((ss_wholesale_cost >= '80'::numeric) AND (ss_wholesale_cost <= '100'::numeric))
                                       Rows Removed by Filter: 241836126
                                       Buffers: shared hit=34676 read=5130876
                                 ->  Hash  (cost=2569.73..2569.73 rows=30 width=4) (actual time=23.813..23.814 rows=30 loops=1)
                                       Buckets: 1024  Batches: 1  Memory Usage: 10kB
                                       Buffers: shared hit=1474
                                       ->  Seq Scan on date_dim  (cost=0.00..2569.73 rows=30 width=4) (actual time=13.114..23.805 rows=30 loops=1)
                                             Filter: ((d_year = 2000) AND (d_moy = 9))
                                             Rows Removed by Filter: 73019
                                             Buffers: shared hit=1474
                           ->  Hash  (cost=16906.00..16906.00 rows=21848 width=12) (actual time=101.309..101.309 rows=21811 loops=1)
                                 Buckets: 32768  Batches: 1  Memory Usage: 1193kB
                                 Buffers: shared hit=13825 read=531
                                 ->  Seq Scan on item  (cost=0.00..16906.00 rows=21848 width=12) (actual time=0.025..98.044 rows=21811 loops=1)
                                       Filter: (i_category = 'Sports'::bpchar)
                                       Rows Removed by Filter: 182189
                                       Buffers: shared hit=13825 read=531
                     ->  Index Scan using customer_pkey on customer  (cost=0.43..7.65 rows=1 width=8) (actual time=0.017..0.017 rows=0 loops=109408)
                           Index Cond: (c_customer_sk = store_sales.ss_customer_sk)
                           Filter: (c_birth_month = 10)
                           Rows Removed by Filter: 1
                           Buffers: shared hit=432031 read=361
               ->  Index Scan using customer_address_pkey on customer_address  (cost=0.42..7.65 rows=1 width=15) (actual time=0.018..0.018 rows=0 loops=15146)
                     Index Cond: (ca_address_sk = customer.c_current_addr_sk)
                     Filter: (ca_state = 'LA'::bpchar)
                     Rows Removed by Filter: 1
                     Buffers: shared hit=55549 read=5035
         ->  Hash  (cost=22.02..22.02 rows=402 width=15) (actual time=0.498..0.499 rows=402 loops=1)
               Buckets: 1024  Batches: 1  Memory Usage: 27kB
               Buffers: shared hit=18
               ->  Seq Scan on store  (cost=0.00..22.02 rows=402 width=15) (actual time=0.019..0.401 rows=402 loops=1)
                     Buffers: shared hit=18
 Planning:
   Buffers: shared hit=460
 Planning Time: 2.346 ms
 Execution Time: 72304.509 ms
(54 rows)

