                                                                            QUERY PLAN                                                                            
------------------------------------------------------------------------------------------------------------------------------------------------------------------
 Aggregate  (cost=9651730.50..9651730.51 rows=1 width=40) (actual time=72595.620..72595.626 rows=1 loops=1)
   Buffers: shared hit=708011 read=5148163
   ->  Nested Loop  (cost=19896.08..9651730.48 rows=3 width=14) (actual time=18732.993..72595.392 rows=167 loops=1)
         Join Filter: ("substring"((customer_address.ca_zip)::text, 1, 5) <> "substring"((store.s_zip)::text, 1, 5))
         Rows Removed by Join Filter: 3
         Buffers: shared hit=708011 read=5148163
         ->  Nested Loop  (cost=19895.94..9651713.25 rows=3 width=29) (actual time=18732.976..72593.387 rows=171 loops=1)
               Buffers: shared hit=707672 read=5148162
               ->  Nested Loop  (cost=19895.51..9650305.33 rows=184 width=22) (actual time=18709.133..72417.199 rows=9092 loops=1)
                     Buffers: shared hit=672598 read=5146868
                     ->  Hash Join  (cost=19895.08..9625847.19 rows=3197 width=22) (actual time=18708.878..69558.941 rows=161486 loops=1)
                           Hash Cond: (store_sales.ss_item_sk = item.i_item_sk)
                           Buffers: shared hit=34550 read=5146832
                           ->  Hash Join  (cost=2570.12..9608471.16 rows=19457 width=18) (actual time=18586.164..69248.269 rows=1121624 loops=1)
                                 Hash Cond: (store_sales.ss_sold_date_sk = date_dim.d_date_sk)
                                 Buffers: shared hit=33649 read=5133377
                                 ->  Seq Scan on store_sales  (cost=0.00..9485539.52 rows=45849467 width=22) (actual time=0.168..66284.702 rows=46160898 loops=1)
                                       Filter: ((ss_wholesale_cost >= '80'::numeric) AND (ss_wholesale_cost <= '100'::numeric))
                                       Rows Removed by Filter: 241836126
                                       Buffers: shared hit=32175 read=5133377
                                 ->  Hash  (cost=2569.73..2569.73 rows=31 width=4) (actual time=20.119..20.121 rows=31 loops=1)
                                       Buckets: 1024  Batches: 1  Memory Usage: 10kB
                                       Buffers: shared hit=1474
                                       ->  Seq Scan on date_dim  (cost=0.00..2569.73 rows=31 width=4) (actual time=11.846..20.110 rows=31 loops=1)
                                             Filter: ((d_year = 1999) AND (d_moy = 8))
                                             Rows Removed by Filter: 73018
                                             Buffers: shared hit=1474
                           ->  Hash  (cost=16906.00..16906.00 rows=33517 width=12) (actual time=122.460..122.461 rows=33627 loops=1)
                                 Buckets: 65536  Batches: 1  Memory Usage: 1957kB
                                 Buffers: shared hit=901 read=13455
                                 ->  Seq Scan on item  (cost=0.00..16906.00 rows=33517 width=12) (actual time=0.023..116.047 rows=33627 loops=1)
                                       Filter: (i_category = 'Shoes'::bpchar)
                                       Rows Removed by Filter: 170373
                                       Buffers: shared hit=901 read=13455
                     ->  Index Scan using customer_pkey on customer  (cost=0.43..7.65 rows=1 width=8) (actual time=0.017..0.017 rows=0 loops=161486)
                           Index Cond: (c_customer_sk = store_sales.ss_customer_sk)
                           Filter: (c_birth_month = 3)
                           Rows Removed by Filter: 1
                           Buffers: shared hit=638048 read=36
               ->  Index Scan using customer_address_pkey on customer_address  (cost=0.42..7.65 rows=1 width=15) (actual time=0.019..0.019 rows=0 loops=9092)
                     Index Cond: (ca_address_sk = customer.c_current_addr_sk)
                     Filter: (ca_state = 'ND'::bpchar)
                     Rows Removed by Filter: 1
                     Buffers: shared hit=35074 read=1294
         ->  Index Scan using store_pkey on store  (cost=0.15..5.72 rows=1 width=15) (actual time=0.008..0.008 rows=1 loops=171)
               Index Cond: (s_store_sk = store_sales.ss_store_sk)
               Buffers: shared hit=339 read=1
 Planning:
   Buffers: shared hit=460
 Planning Time: 4.317 ms
 Execution Time: 72596.075 ms
(51 rows)

