                                                                             QUERY PLAN                                                                              
---------------------------------------------------------------------------------------------------------------------------------------------------------------------
 Aggregate  (cost=9820681.48..9820681.49 rows=1 width=40) (actual time=85940.142..85940.147 rows=1 loops=1)
   Buffers: shared hit=1446455 read=5136879
   ->  Nested Loop  (cost=2571.54..9820681.45 rows=4 width=14) (actual time=10570.130..85940.051 rows=38 loops=1)
         Join Filter: ("substring"((customer_address.ca_zip)::text, 1, 5) <> "substring"((store.s_zip)::text, 1, 5))
         Buffers: shared hit=1446455 read=5136879
         ->  Nested Loop  (cost=2571.39..9820658.47 rows=4 width=29) (actual time=10570.097..85938.960 rows=38 loops=1)
               Buffers: shared hit=1446379 read=5136879
               ->  Nested Loop  (cost=2570.97..9820162.16 rows=65 width=25) (actual time=9711.461..85918.400 rows=629 loops=1)
                     Buffers: shared hit=1444086 read=5136656
                     ->  Nested Loop  (cost=2570.55..9802927.11 rows=2253 width=18) (actual time=9635.471..85159.623 rows=31631 loops=1)
                           Buffers: shared hit=1319345 read=5134873
                           ->  Hash Join  (cost=2570.12..9628859.04 rows=22753 width=18) (actual time=9635.094..77431.633 rows=325806 loops=1)
                                 Hash Cond: (store_sales.ss_sold_date_sk = date_dim.d_date_sk)
                                 Buffers: shared hit=32162 read=5134864
                                 ->  Seq Scan on store_sales  (cost=0.00..9485539.52 rows=53615846 width=22) (actual time=1.840..73984.985 rows=54283934 loops=1)
                                       Filter: ((ss_wholesale_cost >= '1'::numeric) AND (ss_wholesale_cost <= '21'::numeric))
                                       Rows Removed by Filter: 233713090
                                       Buffers: shared hit=30688 read=5134864
                                 ->  Hash  (cost=2569.73..2569.73 rows=31 width=4) (actual time=24.295..24.296 rows=31 loops=1)
                                       Buckets: 1024  Batches: 1  Memory Usage: 10kB
                                       Buffers: shared hit=1474
                                       ->  Seq Scan on date_dim  (cost=0.00..2569.73 rows=31 width=4) (actual time=14.239..24.276 rows=31 loops=1)
                                             Filter: ((d_year = 1998) AND (d_moy = 10))
                                             Rows Removed by Filter: 73018
                                             Buffers: shared hit=1474
                           ->  Index Scan using customer_pkey on customer  (cost=0.43..7.65 rows=1 width=8) (actual time=0.023..0.023 rows=0 loops=325806)
                                 Index Cond: (c_customer_sk = store_sales.ss_customer_sk)
                                 Filter: (c_birth_month = 1)
                                 Rows Removed by Filter: 1
                                 Buffers: shared hit=1287183 read=9
                     ->  Index Scan using customer_address_pkey on customer_address  (cost=0.42..7.65 rows=1 width=15) (actual time=0.024..0.024 rows=0 loops=31631)
                           Index Cond: (ca_address_sk = customer.c_current_addr_sk)
                           Filter: (ca_state = 'TN'::bpchar)
                           Rows Removed by Filter: 1
                           Buffers: shared hit=124741 read=1783
               ->  Index Scan using item_pkey on item  (cost=0.42..7.64 rows=1 width=12) (actual time=0.032..0.032 rows=0 loops=629)
                     Index Cond: (i_item_sk = store_sales.ss_item_sk)
                     Filter: (i_category = 'Women'::bpchar)
                     Rows Removed by Filter: 1
                     Buffers: shared hit=2293 read=223
         ->  Index Scan using store_pkey on store  (cost=0.15..5.72 rows=1 width=15) (actual time=0.022..0.022 rows=1 loops=38)
               Index Cond: (s_store_sk = store_sales.ss_store_sk)
               Buffers: shared hit=76
 Planning:
   Buffers: shared hit=460
 Planning Time: 4.816 ms
 Execution Time: 85940.533 ms
(47 rows)

