                                                                             QUERY PLAN                                                                              
---------------------------------------------------------------------------------------------------------------------------------------------------------------------
 Aggregate  (cost=9646676.86..9646676.87 rows=1 width=40) (actual time=89339.372..89339.378 rows=1 loops=1)
   Buffers: shared hit=2511001 read=5136989
   ->  Nested Loop  (cost=2571.53..9646676.84 rows=2 width=14) (actual time=199.619..89339.011 rows=226 loops=1)
         Join Filter: ("substring"((customer_address.ca_zip)::text, 1, 5) <> "substring"((store.s_zip)::text, 1, 5))
         Rows Removed by Join Filter: 4
         Buffers: shared hit=2511001 read=5136989
         ->  Nested Loop  (cost=2571.38..9646665.36 rows=2 width=29) (actual time=199.587..89334.960 rows=231 loops=1)
               Buffers: shared hit=2510541 read=5136989
               ->  Nested Loop  (cost=2570.96..9646589.00 rows=10 width=25) (actual time=172.254..89317.303 rows=600 loops=1)
                     Buffers: shared hit=2508240 read=5136890
                     ->  Nested Loop  (cost=2570.54..9640804.89 rows=756 width=18) (actual time=23.070..88357.157 rows=39685 loops=1)
                           Buffers: shared hit=2356076 read=5130314
                           ->  Hash Join  (cost=2570.11..9557614.88 rows=10874 width=18) (actual time=22.512..75288.465 rows=586854 loops=1)
                                 Hash Cond: (store_sales.ss_sold_date_sk = date_dim.d_date_sk)
                                 Buffers: shared hit=36717 read=5130309
                                 ->  Seq Scan on store_sales  (cost=0.00..9485539.52 rows=26476724 width=22) (actual time=0.262..73337.682 rows=26847589 loops=1)
                                       Filter: ((ss_wholesale_cost >= '16'::numeric) AND (ss_wholesale_cost <= '36'::numeric))
                                       Rows Removed by Filter: 261149435
                                       Buffers: shared hit=35243 read=5130309
                                 ->  Hash  (cost=2569.73..2569.73 rows=30 width=4) (actual time=22.223..22.224 rows=31 loops=1)
                                       Buckets: 1024  Batches: 1  Memory Usage: 10kB
                                       Buffers: shared hit=1474
                                       ->  Seq Scan on date_dim  (cost=0.00..2569.73 rows=30 width=4) (actual time=12.844..22.208 rows=31 loops=1)
                                             Filter: ((d_year = 1998) AND (d_moy = 1))
                                             Rows Removed by Filter: 73018
                                             Buffers: shared hit=1474
                           ->  Index Scan using customer_pkey on customer  (cost=0.43..7.65 rows=1 width=8) (actual time=0.022..0.022 rows=0 loops=586854)
                                 Index Cond: (c_customer_sk = store_sales.ss_customer_sk)
                                 Filter: (c_birth_month = 12)
                                 Rows Removed by Filter: 1
                                 Buffers: shared hit=2319359 read=5
                     ->  Index Scan using customer_address_pkey on customer_address  (cost=0.42..7.65 rows=1 width=15) (actual time=0.024..0.024 rows=0 loops=39685)
                           Index Cond: (ca_address_sk = customer.c_current_addr_sk)
                           Filter: (ca_state = 'ID'::bpchar)
                           Rows Removed by Filter: 1
                           Buffers: shared hit=152164 read=6576
               ->  Index Scan using item_pkey on item  (cost=0.42..7.64 rows=1 width=12) (actual time=0.028..0.028 rows=0 loops=600)
                     Index Cond: (i_item_sk = store_sales.ss_item_sk)
                     Filter: (i_category = 'Electronics'::bpchar)
                     Rows Removed by Filter: 1
                     Buffers: shared hit=2301 read=99
         ->  Index Scan using store_pkey on store  (cost=0.15..5.72 rows=1 width=15) (actual time=0.012..0.012 rows=1 loops=231)
               Index Cond: (s_store_sk = store_sales.ss_store_sk)
               Buffers: shared hit=460
 Planning:
   Buffers: shared hit=460
 Planning Time: 4.769 ms
 Execution Time: 89339.857 ms
(48 rows)

