                                                                             QUERY PLAN                                                                              
---------------------------------------------------------------------------------------------------------------------------------------------------------------------
 Aggregate  (cost=9696657.59..9696657.60 rows=1 width=40) (actual time=82287.835..82287.841 rows=1 loops=1)
   Buffers: shared hit=1348742 read=5124596
   ->  Nested Loop  (cost=2571.53..9696657.58 rows=2 width=14) (actual time=51484.050..82287.793 rows=16 loops=1)
         Join Filter: ("substring"((customer_address.ca_zip)::text, 1, 5) <> "substring"((store.s_zip)::text, 1, 5))
         Buffers: shared hit=1348742 read=5124596
         ->  Nested Loop  (cost=2571.38..9696646.09 rows=2 width=29) (actual time=51484.027..82287.535 rows=16 loops=1)
               Buffers: shared hit=1348710 read=5124596
               ->  Nested Loop  (cost=2570.96..9696478.11 rows=22 width=25) (actual time=51483.999..82277.830 rows=368 loops=1)
                     Buffers: shared hit=1347328 read=5124506
                     ->  Nested Loop  (cost=2570.54..9690127.16 rows=830 width=18) (actual time=51471.549..81844.715 rows=17578 loops=1)
                           Buffers: shared hit=1279601 read=5121921
                           ->  Hash Join  (cost=2570.11..9580069.26 rows=14386 width=18) (actual time=51470.311..74785.511 rows=312369 loops=1)
                                 Hash Cond: (store_sales.ss_sold_date_sk = date_dim.d_date_sk)
                                 Buffers: shared hit=45105 read=5121921
                                 ->  Seq Scan on store_sales  (cost=0.00..9485539.52 rows=35030299 width=22) (actual time=0.165..72452.971 rows=34914290 loops=1)
                                       Filter: ((ss_wholesale_cost >= '38'::numeric) AND (ss_wholesale_cost <= '58'::numeric))
                                       Rows Removed by Filter: 253082734
                                       Buffers: shared hit=43631 read=5121921
                                 ->  Hash  (cost=2569.73..2569.73 rows=30 width=4) (actual time=24.831..24.833 rows=30 loops=1)
                                       Buckets: 1024  Batches: 1  Memory Usage: 10kB
                                       Buffers: shared hit=1474
                                       ->  Seq Scan on date_dim  (cost=0.00..2569.73 rows=30 width=4) (actual time=16.136..24.820 rows=30 loops=1)
                                             Filter: ((d_year = 2001) AND (d_moy = 9))
                                             Rows Removed by Filter: 73019
                                             Buffers: shared hit=1474
                           ->  Index Scan using customer_pkey on customer  (cost=0.43..7.65 rows=1 width=8) (actual time=0.022..0.022 rows=0 loops=312369)
                                 Index Cond: (c_customer_sk = store_sales.ss_customer_sk)
                                 Filter: (c_birth_month = 3)
                                 Rows Removed by Filter: 1
                                 Buffers: shared hit=1234496
                     ->  Index Scan using customer_address_pkey on customer_address  (cost=0.42..7.65 rows=1 width=15) (actual time=0.024..0.024 rows=0 loops=17578)
                           Index Cond: (ca_address_sk = customer.c_current_addr_sk)
                           Filter: (ca_state = 'IN'::bpchar)
                           Rows Removed by Filter: 1
                           Buffers: shared hit=67727 read=2585
               ->  Index Scan using item_pkey on item  (cost=0.42..7.64 rows=1 width=12) (actual time=0.026..0.026 rows=0 loops=368)
                     Index Cond: (i_item_sk = store_sales.ss_item_sk)
                     Filter: (i_category = 'Home'::bpchar)
                     Rows Removed by Filter: 1
                     Buffers: shared hit=1382 read=90
         ->  Index Scan using store_pkey on store  (cost=0.15..5.72 rows=1 width=15) (actual time=0.009..0.009 rows=1 loops=16)
               Index Cond: (s_store_sk = store_sales.ss_store_sk)
               Buffers: shared hit=32
 Planning:
   Buffers: shared hit=460
 Planning Time: 3.786 ms
 Execution Time: 82288.203 ms
(47 rows)

