                                                                            QUERY PLAN                                                                            
------------------------------------------------------------------------------------------------------------------------------------------------------------------
 Aggregate  (cost=9660952.58..9660952.59 rows=1 width=40) (actual time=70968.639..70968.645 rows=1 loops=1)
   Buffers: shared hit=353832 read=5146444
   ->  Hash Join  (cost=20034.16..9660952.44 rows=19 width=14) (actual time=50910.260..70968.459 rows=219 loops=1)
         Hash Cond: (store_sales.ss_store_sk = store.s_store_sk)
         Join Filter: ("substring"((customer_address.ca_zip)::text, 1, 5) <> "substring"((store.s_zip)::text, 1, 5))
         Rows Removed by Join Filter: 6
         Buffers: shared hit=353832 read=5146444
         ->  Nested Loop  (cost=20007.11..9660925.35 rows=19 width=29) (actual time=50909.300..70967.051 rows=225 loops=1)
               Buffers: shared hit=353815 read=5146443
               ->  Nested Loop  (cost=20006.69..9655907.80 rows=656 width=22) (actual time=50885.569..70723.910 rows=11649 loops=1)
                     Buffers: shared hit=310770 read=5142892
                     ->  Hash Join  (cost=20006.26..9625956.72 rows=3915 width=22) (actual time=50885.370..69426.519 rows=68907 loops=1)
                           Hash Cond: (store_sales.ss_item_sk = item.i_item_sk)
                           Buffers: shared hit=38490 read=5142892
                           ->  Hash Join  (cost=2570.11..9608471.14 rows=18830 width=18) (actual time=50766.364..69232.878 rows=351759 loops=1)
                                 Hash Cond: (store_sales.ss_sold_date_sk = date_dim.d_date_sk)
                                 Buffers: shared hit=36125 read=5130901
                                 ->  Seq Scan on store_sales  (cost=0.00..9485539.52 rows=45849467 width=22) (actual time=0.092..66321.603 rows=46160898 loops=1)
                                       Filter: ((ss_wholesale_cost >= '80'::numeric) AND (ss_wholesale_cost <= '100'::numeric))
                                       Rows Removed by Filter: 241836126
                                       Buffers: shared hit=34651 read=5130901
                                 ->  Hash  (cost=2569.73..2569.73 rows=30 width=4) (actual time=20.470..20.470 rows=31 loops=1)
                                       Buckets: 1024  Batches: 1  Memory Usage: 10kB
                                       Buffers: shared hit=1474
                                       ->  Seq Scan on date_dim  (cost=0.00..2569.73 rows=30 width=4) (actual time=12.260..20.459 rows=31 loops=1)
                                             Filter: ((d_year = 2002) AND (d_moy = 1))
                                             Rows Removed by Filter: 73018
                                             Buffers: shared hit=1474
                           ->  Hash  (cost=16906.00..16906.00 rows=42412 width=12) (actual time=118.773..118.774 rows=42041 loops=1)
                                 Buckets: 65536  Batches: 1  Memory Usage: 2319kB
                                 Buffers: shared hit=2365 read=11991
                                 ->  Seq Scan on item  (cost=0.00..16906.00 rows=42412 width=12) (actual time=0.018..111.322 rows=42041 loops=1)
                                       Filter: (i_category = 'Electronics'::bpchar)
                                       Rows Removed by Filter: 161959
                                       Buffers: shared hit=2365 read=11991
                     ->  Index Scan using customer_pkey on customer  (cost=0.43..7.65 rows=1 width=8) (actual time=0.019..0.019 rows=0 loops=68907)
                           Index Cond: (c_customer_sk = store_sales.ss_customer_sk)
                           Filter: (c_birth_month = 4)
                           Rows Removed by Filter: 1
                           Buffers: shared hit=272280
               ->  Index Scan using customer_address_pkey on customer_address  (cost=0.42..7.65 rows=1 width=15) (actual time=0.021..0.021 rows=0 loops=11649)
                     Index Cond: (ca_address_sk = customer.c_current_addr_sk)
                     Filter: (ca_state = 'TN'::bpchar)
                     Rows Removed by Filter: 1
                     Buffers: shared hit=43045 read=3551
         ->  Hash  (cost=22.02..22.02 rows=402 width=15) (actual time=0.926..0.927 rows=402 loops=1)
               Buckets: 1024  Batches: 1  Memory Usage: 27kB
               Buffers: shared hit=17 read=1
               ->  Seq Scan on store  (cost=0.00..22.02 rows=402 width=15) (actual time=0.028..0.766 rows=402 loops=1)
                     Buffers: shared hit=17 read=1
 Planning:
   Buffers: shared hit=460
 Planning Time: 4.742 ms
 Execution Time: 70969.166 ms
(54 rows)

