                                                                            QUERY PLAN                                                                            
------------------------------------------------------------------------------------------------------------------------------------------------------------------
 Aggregate  (cost=9792117.72..9792117.73 rows=1 width=40) (actual time=79397.081..79397.088 rows=1 loops=1)
   Buffers: shared hit=122979 read=5129123
   ->  Nested Loop  (cost=16953.88..9792117.72 rows=1 width=14) (actual time=68259.024..79397.037 rows=20 loops=1)
         Join Filter: ("substring"((customer_address.ca_zip)::text, 1, 5) <> "substring"((store.s_zip)::text, 1, 5))
         Rows Removed by Join Filter: 1
         Buffers: shared hit=122979 read=5129123
         ->  Nested Loop  (cost=16953.73..9792111.97 rows=1 width=29) (actual time=68259.007..79396.812 rows=21 loops=1)
               Buffers: shared hit=122937 read=5129123
               ->  Nested Loop  (cost=16953.31..9791905.32 rows=27 width=22) (actual time=68241.049..79389.078 rows=677 loops=1)
                     Buffers: shared hit=120459 read=5128893
                     ->  Nested Loop  (cost=16952.88..9786733.70 rows=676 width=22) (actual time=68237.806..79232.014 rows=16001 loops=1)
                           Buffers: shared hit=57219 read=5128893
                           ->  Hash Join  (cost=16952.58..9731513.79 rows=1593496 width=26) (actual time=113.232..78963.906 rows=776222 loops=1)
                                 Hash Cond: (store_sales.ss_item_sk = item.i_item_sk)
                                 Buffers: shared hit=51201 read=5128707
                                 ->  Seq Scan on store_sales  (cost=0.00..9485539.52 rows=87244546 width=22) (actual time=0.028..71621.106 rows=86810744 loops=1)
                                       Filter: ((ss_wholesale_cost >= '66'::numeric) AND (ss_wholesale_cost <= '86'::numeric))
                                       Rows Removed by Filter: 201186280
                                       Buffers: shared hit=37081 read=5128471
                                 ->  Hash  (cost=16906.00..16906.00 rows=3726 width=12) (actual time=113.002..113.003 rows=3713 loops=1)
                                       Buckets: 4096  Batches: 1  Memory Usage: 192kB
                                       Buffers: shared hit=14120 read=236
                                       ->  Seq Scan on item  (cost=0.00..16906.00 rows=3726 width=12) (actual time=0.115..112.257 rows=3713 loops=1)
                                             Filter: (i_category = 'Music'::bpchar)
                                             Rows Removed by Filter: 200287
                                             Buffers: shared hit=14120 read=236
                           ->  Memoize  (cost=0.30..7.51 rows=1 width=4) (actual time=0.000..0.000 rows=0 loops=776222)
                                 Cache Key: store_sales.ss_sold_date_sk
                                 Cache Mode: logical
                                 Hits: 774153  Misses: 2069  Evictions: 0  Overflows: 0  Memory Usage: 139kB
                                 Buffers: shared hit=6018 read=186
                                 ->  Index Scan using date_dim_pkey on date_dim  (cost=0.29..7.50 rows=1 width=4) (actual time=0.015..0.015 rows=0 loops=2069)
                                       Index Cond: (d_date_sk = store_sales.ss_sold_date_sk)
                                       Filter: ((d_year = 2002) AND (d_moy = 10))
                                       Rows Removed by Filter: 1
                                       Buffers: shared hit=6018 read=186
                     ->  Index Scan using customer_pkey on customer  (cost=0.43..7.65 rows=1 width=8) (actual time=0.010..0.010 rows=0 loops=16001)
                           Index Cond: (c_customer_sk = store_sales.ss_customer_sk)
                           Filter: (c_birth_month = 9)
                           Rows Removed by Filter: 1
                           Buffers: shared hit=63240
               ->  Index Scan using customer_address_pkey on customer_address  (cost=0.42..7.65 rows=1 width=15) (actual time=0.011..0.011 rows=0 loops=677)
                     Index Cond: (ca_address_sk = customer.c_current_addr_sk)
                     Filter: (ca_state = 'KY'::bpchar)
                     Rows Removed by Filter: 1
                     Buffers: shared hit=2478 read=230
         ->  Index Scan using store_pkey on store  (cost=0.15..5.72 rows=1 width=15) (actual time=0.006..0.006 rows=1 loops=21)
               Index Cond: (s_store_sk = store_sales.ss_store_sk)
               Buffers: shared hit=42
 Planning:
   Buffers: shared hit=460
 Planning Time: 1.944 ms
 Execution Time: 79397.433 ms
(53 rows)

