                                                                            QUERY PLAN                                                                            
------------------------------------------------------------------------------------------------------------------------------------------------------------------
 Aggregate  (cost=9655412.01..9655412.02 rows=1 width=40) (actual time=78988.254..78988.260 rows=1 loops=1)
   Buffers: shared hit=560503 read=5128621
   ->  Nested Loop  (cost=19896.07..9655412.00 rows=2 width=14) (actual time=25146.057..78988.135 rows=79 loops=1)
         Join Filter: ("substring"((customer_address.ca_zip)::text, 1, 5) <> "substring"((store.s_zip)::text, 1, 5))
         Buffers: shared hit=560503 read=5128621
         ->  Nested Loop  (cost=19895.93..9655400.51 rows=2 width=29) (actual time=25146.039..78987.358 rows=80 loops=1)
               Buffers: shared hit=560346 read=5128620
               ->  Nested Loop  (cost=19895.50..9654428.48 rows=127 width=22) (actual time=25142.886..78888.067 rows=4858 loops=1)
                     Buffers: shared hit=542966 read=5126568
                     ->  Hash Join  (cost=19895.07..9629955.04 rows=3199 width=22) (actual time=25142.852..76657.183 rows=123544 loops=1)
                           Hash Cond: (store_sales.ss_item_sk = item.i_item_sk)
                           Buffers: shared hit=54815 read=5126567
                           ->  Hash Join  (cost=2570.11..9612578.97 rows=19472 width=18) (actual time=25040.339..76426.664 rows=676166 loops=1)
                                 Hash Cond: (store_sales.ss_sold_date_sk = date_dim.d_date_sk)
                                 Buffers: shared hit=40459 read=5126567
                                 ->  Seq Scan on store_sales  (cost=0.00..9485539.52 rows=47414263 width=22) (actual time=0.043..73388.137 rows=48370740 loops=1)
                                       Filter: ((ss_wholesale_cost >= '11'::numeric) AND (ss_wholesale_cost <= '31'::numeric))
                                       Rows Removed by Filter: 239626284
                                       Buffers: shared hit=38985 read=5126567
                                 ->  Hash  (cost=2569.73..2569.73 rows=30 width=4) (actual time=20.404..20.404 rows=31 loops=1)
                                       Buckets: 1024  Batches: 1  Memory Usage: 10kB
                                       Buffers: shared hit=1474
                                       ->  Seq Scan on date_dim  (cost=0.00..2569.73 rows=30 width=4) (actual time=11.688..20.392 rows=31 loops=1)
                                             Filter: ((d_year = 2000) AND (d_moy = 1))
                                             Rows Removed by Filter: 73018
                                             Buffers: shared hit=1474
                           ->  Hash  (cost=16906.00..16906.00 rows=33517 width=12) (actual time=102.242..102.243 rows=33627 loops=1)
                                 Buckets: 65536  Batches: 1  Memory Usage: 1957kB
                                 Buffers: shared hit=14356
                                 ->  Seq Scan on item  (cost=0.00..16906.00 rows=33517 width=12) (actual time=0.029..97.371 rows=33627 loops=1)
                                       Filter: (i_category = 'Shoes'::bpchar)
                                       Rows Removed by Filter: 170373
                                       Buffers: shared hit=14356
                     ->  Index Scan using customer_pkey on customer  (cost=0.43..7.65 rows=1 width=8) (actual time=0.018..0.018 rows=0 loops=123544)
                           Index Cond: (c_customer_sk = store_sales.ss_customer_sk)
                           Filter: (c_birth_month = 9)
                           Rows Removed by Filter: 1
                           Buffers: shared hit=488151 read=1
               ->  Index Scan using customer_address_pkey on customer_address  (cost=0.42..7.65 rows=1 width=15) (actual time=0.020..0.020 rows=0 loops=4858)
                     Index Cond: (ca_address_sk = customer.c_current_addr_sk)
                     Filter: (ca_state = 'FL'::bpchar)
                     Rows Removed by Filter: 1
                     Buffers: shared hit=17380 read=2052
         ->  Index Scan using store_pkey on store  (cost=0.15..5.72 rows=1 width=15) (actual time=0.006..0.006 rows=1 loops=80)
               Index Cond: (s_store_sk = store_sales.ss_store_sk)
               Buffers: shared hit=157 read=1
 Planning:
   Buffers: shared hit=460
 Planning Time: 4.831 ms
 Execution Time: 78988.743 ms
(50 rows)

