                                                                            QUERY PLAN                                                                            
------------------------------------------------------------------------------------------------------------------------------------------------------------------
 Aggregate  (cost=9647106.65..9647106.66 rows=1 width=40) (actual time=76823.277..76823.283 rows=1 loops=1)
   Buffers: shared hit=247553 read=5136875
   ->  Nested Loop  (cost=19750.22..9647106.64 rows=1 width=14) (actual time=53522.408..76823.221 rows=27 loops=1)
         Join Filter: ("substring"((customer_address.ca_zip)::text, 1, 5) <> "substring"((store.s_zip)::text, 1, 5))
         Buffers: shared hit=247553 read=5136875
         ->  Nested Loop  (cost=19750.07..9647100.90 rows=1 width=29) (actual time=53522.390..76822.932 rows=27 loops=1)
               Buffers: shared hit=247499 read=5136875
               ->  Nested Loop  (cost=19749.65..9646297.38 rows=105 width=22) (actual time=53501.137..76789.592 rows=2211 loops=1)
                     Buffers: shared hit=239674 read=5135856
                     ->  Hash Join  (cost=19749.22..9629810.90 rows=2155 width=22) (actual time=53500.673..76058.259 rows=49085 loops=1)
                           Hash Cond: (store_sales.ss_item_sk = item.i_item_sk)
                           Buffers: shared hit=45576 read=5135806
                           ->  Hash Join  (cost=2570.12..9612578.98 rows=20121 width=18) (actual time=53389.895..75878.764 rows=431443 loops=1)
                                 Hash Cond: (store_sales.ss_sold_date_sk = date_dim.d_date_sk)
                                 Buffers: shared hit=44929 read=5122097
                                 ->  Seq Scan on store_sales  (cost=0.00..9485539.52 rows=47414263 width=22) (actual time=0.037..72871.123 rows=48370740 loops=1)
                                       Filter: ((ss_wholesale_cost >= '10'::numeric) AND (ss_wholesale_cost <= '30'::numeric))
                                       Rows Removed by Filter: 239626284
                                       Buffers: shared hit=43455 read=5122097
                                 ->  Hash  (cost=2569.73..2569.73 rows=31 width=4) (actual time=17.069..17.070 rows=31 loops=1)
                                       Buckets: 1024  Batches: 1  Memory Usage: 10kB
                                       Buffers: shared hit=1474
                                       ->  Seq Scan on date_dim  (cost=0.00..2569.73 rows=31 width=4) (actual time=10.092..17.057 rows=31 loops=1)
                                             Filter: ((d_year = 2001) AND (d_moy = 10))
                                             Rows Removed by Filter: 73018
                                             Buffers: shared hit=1474
                           ->  Hash  (cost=16906.00..16906.00 rows=21848 width=12) (actual time=110.621..110.621 rows=21811 loops=1)
                                 Buckets: 32768  Batches: 1  Memory Usage: 1193kB
                                 Buffers: shared hit=647 read=13709
                                 ->  Seq Scan on item  (cost=0.00..16906.00 rows=21848 width=12) (actual time=0.024..106.492 rows=21811 loops=1)
                                       Filter: (i_category = 'Sports'::bpchar)
                                       Rows Removed by Filter: 182189
                                       Buffers: shared hit=647 read=13709
                     ->  Index Scan using customer_pkey on customer  (cost=0.43..7.65 rows=1 width=8) (actual time=0.015..0.015 rows=0 loops=49085)
                           Index Cond: (c_customer_sk = store_sales.ss_customer_sk)
                           Filter: (c_birth_month = 7)
                           Rows Removed by Filter: 1
                           Buffers: shared hit=194098 read=50
               ->  Index Scan using customer_address_pkey on customer_address  (cost=0.42..7.65 rows=1 width=15) (actual time=0.015..0.015 rows=0 loops=2211)
                     Index Cond: (ca_address_sk = customer.c_current_addr_sk)
                     Filter: (ca_state = 'NM'::bpchar)
                     Rows Removed by Filter: 1
                     Buffers: shared hit=7825 read=1019
         ->  Index Scan using store_pkey on store  (cost=0.15..5.72 rows=1 width=15) (actual time=0.006..0.006 rows=1 loops=27)
               Index Cond: (s_store_sk = store_sales.ss_store_sk)
               Buffers: shared hit=54
 Planning:
   Buffers: shared hit=460
 Planning Time: 2.743 ms
 Execution Time: 76823.639 ms
(50 rows)

