                                                                            QUERY PLAN                                                                            
------------------------------------------------------------------------------------------------------------------------------------------------------------------
 Aggregate  (cost=9730949.91..9730949.92 rows=1 width=40) (actual time=78015.143..78015.147 rows=1 loops=1)
   Buffers: shared hit=85875 read=5125453
   ->  Nested Loop  (cost=16953.88..9730949.89 rows=2 width=14) (actual time=43700.749..78015.107 rows=19 loops=1)
         Join Filter: ("substring"((customer_address.ca_zip)::text, 1, 5) <> "substring"((store.s_zip)::text, 1, 5))
         Rows Removed by Join Filter: 1
         Buffers: shared hit=85875 read=5125453
         ->  Nested Loop  (cost=16953.73..9730938.41 rows=2 width=29) (actual time=43700.729..78014.892 rows=20 loops=1)
               Buffers: shared hit=85835 read=5125453
               ->  Nested Loop  (cost=16953.31..9730334.16 rows=79 width=22) (actual time=43509.186..78001.986 rows=905 loops=1)
                     Buffers: shared hit=82645 read=5125023
                     ->  Nested Loop  (cost=16952.88..9726707.90 rows=474 width=22) (actual time=43509.004..77937.741 rows=5459 loops=1)
                           Buffers: shared hit=61093 read=5125019
                           ->  Hash Join  (cost=16952.58..9680382.07 rows=1237730 width=26) (actual time=122.892..77717.110 rows=603509 loops=1)
                                 Hash Cond: (store_sales.ss_item_sk = item.i_item_sk)
                                 Buffers: shared hit=55075 read=5124833
                                 ->  Seq Scan on store_sales  (cost=0.00..9485539.52 rows=67766203 width=22) (actual time=0.052..71788.738 rows=67554234 loops=1)
                                       Filter: ((ss_wholesale_cost >= '59'::numeric) AND (ss_wholesale_cost <= '79'::numeric))
                                       Rows Removed by Filter: 220442790
                                       Buffers: shared hit=40941 read=5124611
                                 ->  Hash  (cost=16906.00..16906.00 rows=3726 width=12) (actual time=122.691..122.692 rows=3713 loops=1)
                                       Buckets: 4096  Batches: 1  Memory Usage: 192kB
                                       Buffers: shared hit=14134 read=222
                                       ->  Seq Scan on item  (cost=0.00..16906.00 rows=3726 width=12) (actual time=0.251..121.976 rows=3713 loops=1)
                                             Filter: (i_category = 'Music'::bpchar)
                                             Rows Removed by Filter: 200287
                                             Buffers: shared hit=14134 read=222
                           ->  Memoize  (cost=0.30..7.51 rows=1 width=4) (actual time=0.000..0.000 rows=0 loops=603509)
                                 Cache Key: store_sales.ss_sold_date_sk
                                 Cache Mode: logical
                                 Hits: 601440  Misses: 2069  Evictions: 0  Overflows: 0  Memory Usage: 139kB
                                 Buffers: shared hit=6018 read=186
                                 ->  Index Scan using date_dim_pkey on date_dim  (cost=0.29..7.50 rows=1 width=4) (actual time=0.015..0.015 rows=0 loops=2069)
                                       Index Cond: (d_date_sk = store_sales.ss_sold_date_sk)
                                       Filter: ((d_year = 2001) AND (d_moy = 2))
                                       Rows Removed by Filter: 1
                                       Buffers: shared hit=6018 read=186
                     ->  Index Scan using customer_pkey on customer  (cost=0.43..7.65 rows=1 width=8) (actual time=0.012..0.012 rows=0 loops=5459)
                           Index Cond: (c_customer_sk = store_sales.ss_customer_sk)
                           Filter: (c_birth_month = 4)
                           Rows Removed by Filter: 1
                           Buffers: shared hit=21552 read=4
               ->  Index Scan using customer_address_pkey on customer_address  (cost=0.42..7.65 rows=1 width=15) (actual time=0.014..0.014 rows=0 loops=905)
                     Index Cond: (ca_address_sk = customer.c_current_addr_sk)
                     Filter: (ca_state = 'OH'::bpchar)
                     Rows Removed by Filter: 1
                     Buffers: shared hit=3190 read=430
         ->  Index Scan using store_pkey on store  (cost=0.15..5.72 rows=1 width=15) (actual time=0.006..0.006 rows=1 loops=20)
               Index Cond: (s_store_sk = store_sales.ss_store_sk)
               Buffers: shared hit=40
 Planning:
   Buffers: shared hit=460
 Planning Time: 4.934 ms
 Execution Time: 78015.716 ms
(53 rows)

