                                                                            QUERY PLAN                                                                            
------------------------------------------------------------------------------------------------------------------------------------------------------------------
 Aggregate  (cost=9727914.49..9727914.50 rows=1 width=40) (actual time=98779.740..98779.745 rows=1 loops=1)
   Buffers: shared hit=3803419 read=5129039
   ->  Nested Loop  (cost=2571.54..9727914.48 rows=2 width=14) (actual time=29840.712..98779.650 rows=32 loops=1)
         Join Filter: ("substring"((customer_address.ca_zip)::text, 1, 5) <> "substring"((store.s_zip)::text, 1, 5))
         Buffers: shared hit=3803419 read=5129039
         ->  Nested Loop  (cost=2571.39..9727902.99 rows=2 width=29) (actual time=29840.679..98779.137 rows=33 loops=1)
               Buffers: shared hit=3803356 read=5129038
               ->  Nested Loop  (cost=2570.97..9727573.97 rows=43 width=22) (actual time=29763.977..98741.049 rows=1077 loops=1)
                     Buffers: shared hit=3799602 read=5128484
                     ->  Nested Loop  (cost=2570.55..9720182.71 rows=968 width=18) (actual time=29756.524..97510.393 rows=51043 loops=1)
                           Buffers: shared hit=3596362 read=5127552
                           ->  Hash Join  (cost=2570.12..9591863.49 rows=16773 width=18) (actual time=29756.480..76714.480 rows=900203 loops=1)
                                 Hash Cond: (store_sales.ss_sold_date_sk = date_dim.d_date_sk)
                                 Buffers: shared hit=39832 read=5127194
                                 ->  Seq Scan on store_sales  (cost=0.00..9485539.52 rows=39523085 width=22) (actual time=0.071..73816.860 rows=40114371 loops=1)
                                       Filter: ((ss_wholesale_cost >= '26'::numeric) AND (ss_wholesale_cost <= '46'::numeric))
                                       Rows Removed by Filter: 247882653
                                       Buffers: shared hit=39536 read=5126016
                                 ->  Hash  (cost=2569.73..2569.73 rows=31 width=4) (actual time=34.825..34.826 rows=31 loops=1)
                                       Buckets: 1024  Batches: 1  Memory Usage: 10kB
                                       Buffers: shared hit=296 read=1178
                                       ->  Seq Scan on date_dim  (cost=0.00..2569.73 rows=31 width=4) (actual time=18.067..34.808 rows=31 loops=1)
                                             Filter: ((d_year = 2000) AND (d_moy = 7))
                                             Rows Removed by Filter: 73018
                                             Buffers: shared hit=296 read=1178
                           ->  Index Scan using customer_pkey on customer  (cost=0.43..7.65 rows=1 width=8) (actual time=0.023..0.023 rows=0 loops=900203)
                                 Index Cond: (c_customer_sk = store_sales.ss_customer_sk)
                                 Filter: (c_birth_month = 3)
                                 Rows Removed by Filter: 1
                                 Buffers: shared hit=3556530 read=358
                     ->  Index Scan using item_pkey on item  (cost=0.42..7.64 rows=1 width=12) (actual time=0.024..0.024 rows=0 loops=51043)
                           Index Cond: (i_item_sk = store_sales.ss_item_sk)
                           Filter: (i_category = 'Jewelry'::bpchar)
                           Rows Removed by Filter: 1
                           Buffers: shared hit=203240 read=932
               ->  Index Scan using customer_address_pkey on customer_address  (cost=0.42..7.65 rows=1 width=15) (actual time=0.035..0.035 rows=0 loops=1077)
                     Index Cond: (ca_address_sk = customer.c_current_addr_sk)
                     Filter: (ca_state = 'GA'::bpchar)
                     Rows Removed by Filter: 1
                     Buffers: shared hit=3754 read=554
         ->  Index Scan using store_pkey on store  (cost=0.15..5.72 rows=1 width=15) (actual time=0.009..0.009 rows=1 loops=33)
               Index Cond: (s_store_sk = store_sales.ss_store_sk)
               Buffers: shared hit=63 read=1
 Planning:
   Buffers: shared hit=460
 Planning Time: 4.993 ms
 Execution Time: 98780.249 ms
(47 rows)

