                                                                             QUERY PLAN                                                                              
---------------------------------------------------------------------------------------------------------------------------------------------------------------------
 Aggregate  (cost=9772831.09..9772831.10 rows=1 width=40) (actual time=111832.480..111832.485 rows=1 loops=1)
   Buffers: shared hit=5515839 read=5143187
   ->  Nested Loop  (cost=2571.54..9772831.09 rows=1 width=14) (actual time=32774.652..111832.417 rows=22 loops=1)
         Join Filter: ("substring"((customer_address.ca_zip)::text, 1, 5) <> "substring"((store.s_zip)::text, 1, 5))
         Buffers: shared hit=5515839 read=5143187
         ->  Nested Loop  (cost=2571.39..9772825.34 rows=1 width=29) (actual time=32774.617..111832.040 rows=22 loops=1)
               Buffers: shared hit=5515795 read=5143187
               ->  Nested Loop  (cost=2570.97..9772619.18 rows=27 width=25) (actual time=32147.709..111811.183 rows=840 loops=1)
                     Buffers: shared hit=5512506 read=5143116
                     ->  Nested Loop  (cost=2570.55..9766511.44 rows=798 width=18) (actual time=32040.967..110489.514 rows=52753 loops=1)
                           Buffers: shared hit=5311163 read=5133447
                           ->  Hash Join  (cost=2570.12..9612578.98 rows=20121 width=18) (actual time=32039.055..79077.980 rows=1335584 loops=1)
                                 Hash Cond: (store_sales.ss_sold_date_sk = date_dim.d_date_sk)
                                 Buffers: shared hit=33593 read=5133433
                                 ->  Seq Scan on store_sales  (cost=0.00..9485539.52 rows=47414263 width=22) (actual time=0.068..75632.117 rows=48370740 loops=1)
                                       Filter: ((ss_wholesale_cost >= '11'::numeric) AND (ss_wholesale_cost <= '31'::numeric))
                                       Rows Removed by Filter: 239626284
                                       Buffers: shared hit=32119 read=5133433
                                 ->  Hash  (cost=2569.73..2569.73 rows=31 width=4) (actual time=22.540..22.541 rows=31 loops=1)
                                       Buckets: 1024  Batches: 1  Memory Usage: 10kB
                                       Buffers: shared hit=1474
                                       ->  Seq Scan on date_dim  (cost=0.00..2569.73 rows=31 width=4) (actual time=10.424..22.526 rows=31 loops=1)
                                             Filter: ((d_year = 2000) AND (d_moy = 8))
                                             Rows Removed by Filter: 73018
                                             Buffers: shared hit=1474
                           ->  Index Scan using customer_pkey on customer  (cost=0.43..7.65 rows=1 width=8) (actual time=0.023..0.023 rows=0 loops=1335584)
                                 Index Cond: (c_customer_sk = store_sales.ss_customer_sk)
                                 Filter: (c_birth_month = 9)
                                 Rows Removed by Filter: 1
                                 Buffers: shared hit=5277570 read=14
                     ->  Index Scan using customer_address_pkey on customer_address  (cost=0.42..7.65 rows=1 width=15) (actual time=0.025..0.025 rows=0 loops=52753)
                           Index Cond: (ca_address_sk = customer.c_current_addr_sk)
                           Filter: (ca_state = 'KS'::bpchar)
                           Rows Removed by Filter: 1
                           Buffers: shared hit=201343 read=9669
               ->  Index Scan using item_pkey on item  (cost=0.42..7.64 rows=1 width=12) (actual time=0.024..0.024 rows=0 loops=840)
                     Index Cond: (i_item_sk = store_sales.ss_item_sk)
                     Filter: (i_category = 'Jewelry'::bpchar)
                     Rows Removed by Filter: 1
                     Buffers: shared hit=3289 read=71
         ->  Index Scan using store_pkey on store  (cost=0.15..5.72 rows=1 width=15) (actual time=0.010..0.010 rows=1 loops=22)
               Index Cond: (s_store_sk = store_sales.ss_store_sk)
               Buffers: shared hit=44
 Planning:
   Buffers: shared hit=460
 Planning Time: 4.895 ms
 Execution Time: 111832.981 ms
(47 rows)

