                                                                            QUERY PLAN                                                                            
------------------------------------------------------------------------------------------------------------------------------------------------------------------
 Aggregate  (cost=9667495.88..9667495.89 rows=1 width=40) (actual time=80267.448..80267.454 rows=1 loops=1)
   Buffers: shared hit=1648827 read=5149561
   ->  Hash Join  (cost=20034.16..9667495.80 rows=10 width=14) (actual time=5143.465..80266.792 rows=733 loops=1)
         Hash Cond: (store_sales.ss_store_sk = store.s_store_sk)
         Join Filter: ("substring"((customer_address.ca_zip)::text, 1, 5) <> "substring"((store.s_zip)::text, 1, 5))
         Rows Removed by Join Filter: 17
         Buffers: shared hit=1648827 read=5149561
         ->  Nested Loop  (cost=20007.11..9667468.73 rows=10 width=29) (actual time=5142.342..80263.958 rows=756 loops=1)
               Buffers: shared hit=1648812 read=5149558
               ->  Nested Loop  (cost=20006.69..9664339.95 rows=409 width=22) (actual time=5086.389..79491.005 rows=36105 loops=1)
                     Buffers: shared hit=1512130 read=5141820
                     ->  Hash Join  (cost=20006.26..9632713.46 rows=4134 width=22) (actual time=5085.974..71802.686 rows=372634 loops=1)
                           Hash Cond: (store_sales.ss_item_sk = item.i_item_sk)
                           Buffers: shared hit=39562 read=5141820
                           ->  Hash Join  (cost=2570.11..9615225.10 rows=19886 width=18) (actual time=4968.749..71394.363 rows=1040848 loops=1)
                                 Hash Cond: (store_sales.ss_sold_date_sk = date_dim.d_date_sk)
                                 Buffers: shared hit=30489 read=5136537
                                 ->  Seq Scan on store_sales  (cost=0.00..9485539.52 rows=48422260 width=22) (actual time=0.037..68229.992 rows=48278787 loops=1)
                                       Filter: ((ss_wholesale_cost >= '74'::numeric) AND (ss_wholesale_cost <= '94'::numeric))
                                       Rows Removed by Filter: 239718237
                                       Buffers: shared hit=29076 read=5136476
                                 ->  Hash  (cost=2569.73..2569.73 rows=30 width=4) (actual time=22.238..22.239 rows=30 loops=1)
                                       Buckets: 1024  Batches: 1  Memory Usage: 10kB
                                       Buffers: shared hit=1413 read=61
                                       ->  Seq Scan on date_dim  (cost=0.00..2569.73 rows=30 width=4) (actual time=11.157..22.225 rows=30 loops=1)
                                             Filter: ((d_year = 1998) AND (d_moy = 6))
                                             Rows Removed by Filter: 73019
                                             Buffers: shared hit=1413 read=61
                           ->  Hash  (cost=16906.00..16906.00 rows=42412 width=12) (actual time=116.992..116.993 rows=42041 loops=1)
                                 Buckets: 65536  Batches: 1  Memory Usage: 2319kB
                                 Buffers: shared hit=9073 read=5283
                                 ->  Seq Scan on item  (cost=0.00..16906.00 rows=42412 width=12) (actual time=0.018..110.019 rows=42041 loops=1)
                                       Filter: (i_category = 'Electronics'::bpchar)
                                       Rows Removed by Filter: 161959
                                       Buffers: shared hit=9073 read=5283
                     ->  Index Scan using customer_pkey on customer  (cost=0.43..7.65 rows=1 width=8) (actual time=0.020..0.020 rows=0 loops=372634)
                           Index Cond: (c_customer_sk = store_sales.ss_customer_sk)
                           Filter: (c_birth_month = 1)
                           Rows Removed by Filter: 1
                           Buffers: shared hit=1472568
               ->  Index Scan using customer_address_pkey on customer_address  (cost=0.42..7.65 rows=1 width=15) (actual time=0.021..0.021 rows=0 loops=36105)
                     Index Cond: (ca_address_sk = customer.c_current_addr_sk)
                     Filter: (ca_state = 'MS'::bpchar)
                     Rows Removed by Filter: 1
                     Buffers: shared hit=136682 read=7738
         ->  Hash  (cost=22.02..22.02 rows=402 width=15) (actual time=1.088..1.089 rows=402 loops=1)
               Buckets: 1024  Batches: 1  Memory Usage: 27kB
               Buffers: shared hit=15 read=3
               ->  Seq Scan on store  (cost=0.00..22.02 rows=402 width=15) (actual time=0.029..0.929 rows=402 loops=1)
                     Buffers: shared hit=15 read=3
 Planning:
   Buffers: shared hit=460
 Planning Time: 4.759 ms
 Execution Time: 80267.989 ms
(54 rows)

