                                                                            QUERY PLAN                                                                            
------------------------------------------------------------------------------------------------------------------------------------------------------------------
 Aggregate  (cost=9649799.70..9649799.71 rows=1 width=40) (actual time=71523.596..71523.602 rows=1 loops=1)
   Buffers: shared hit=507182 read=5134262
   ->  Hash Join  (cost=19922.95..9649799.56 rows=19 width=14) (actual time=50981.572..71523.439 rows=127 loops=1)
         Hash Cond: (store_sales.ss_store_sk = store.s_store_sk)
         Join Filter: ("substring"((customer_address.ca_zip)::text, 1, 5) <> "substring"((store.s_zip)::text, 1, 5))
         Rows Removed by Join Filter: 1
         Buffers: shared hit=507182 read=5134262
         ->  Nested Loop  (cost=19895.90..9649772.46 rows=19 width=29) (actual time=50980.081..71521.600 rows=129 loops=1)
               Buffers: shared hit=507165 read=5134261
               ->  Nested Loop  (cost=19895.48..9647928.74 rows=241 width=22) (actual time=50940.171..71315.370 rows=8731 loops=1)
                     Buffers: shared hit=474109 read=5132393
                     ->  Hash Join  (cost=19895.05..9625842.21 rows=2887 width=22) (actual time=50939.936..69256.266 rows=107582 loops=1)
                           Hash Cond: (store_sales.ss_item_sk = item.i_item_sk)
                           Buffers: shared hit=48989 read=5132393
                           ->  Hash Join  (cost=2570.08..9608471.12 rows=17574 width=18) (actual time=50841.351..69057.045 rows=451044 loops=1)
                                 Hash Cond: (store_sales.ss_sold_date_sk = date_dim.d_date_sk)
                                 Buffers: shared hit=34926 read=5132100
                                 ->  Seq Scan on store_sales  (cost=0.00..9485539.52 rows=45849467 width=22) (actual time=0.050..66152.250 rows=46160898 loops=1)
                                       Filter: ((ss_wholesale_cost >= '80'::numeric) AND (ss_wholesale_cost <= '100'::numeric))
                                       Rows Removed by Filter: 241836126
                                       Buffers: shared hit=33546 read=5132006
                                 ->  Hash  (cost=2569.73..2569.73 rows=28 width=4) (actual time=20.672..20.673 rows=28 loops=1)
                                       Buckets: 1024  Batches: 1  Memory Usage: 9kB
                                       Buffers: shared hit=1380 read=94
                                       ->  Seq Scan on date_dim  (cost=0.00..2569.73 rows=28 width=4) (actual time=11.935..20.661 rows=28 loops=1)
                                             Filter: ((d_year = 2002) AND (d_moy = 2))
                                             Rows Removed by Filter: 73021
                                             Buffers: shared hit=1380 read=94
                           ->  Hash  (cost=16906.00..16906.00 rows=33517 width=12) (actual time=98.357..98.358 rows=33627 loops=1)
                                 Buckets: 65536  Batches: 1  Memory Usage: 1957kB
                                 Buffers: shared hit=14063 read=293
                                 ->  Seq Scan on item  (cost=0.00..16906.00 rows=33517 width=12) (actual time=0.026..93.405 rows=33627 loops=1)
                                       Filter: (i_category = 'Shoes'::bpchar)
                                       Rows Removed by Filter: 170373
                                       Buffers: shared hit=14063 read=293
                     ->  Index Scan using customer_pkey on customer  (cost=0.43..7.65 rows=1 width=8) (actual time=0.019..0.019 rows=0 loops=107582)
                           Index Cond: (c_customer_sk = store_sales.ss_customer_sk)
                           Filter: (c_birth_month = 11)
                           Rows Removed by Filter: 1
                           Buffers: shared hit=425120
               ->  Index Scan using customer_address_pkey on customer_address  (cost=0.42..7.65 rows=1 width=15) (actual time=0.023..0.023 rows=0 loops=8731)
                     Index Cond: (ca_address_sk = customer.c_current_addr_sk)
                     Filter: (ca_state = 'TX'::bpchar)
                     Rows Removed by Filter: 1
                     Buffers: shared hit=33056 read=1868
         ->  Hash  (cost=22.02..22.02 rows=402 width=15) (actual time=1.455..1.456 rows=402 loops=1)
               Buckets: 1024  Batches: 1  Memory Usage: 27kB
               Buffers: shared hit=17 read=1
               ->  Seq Scan on store  (cost=0.00..22.02 rows=402 width=15) (actual time=0.028..1.308 rows=402 loops=1)
                     Buffers: shared hit=17 read=1
 Planning:
   Buffers: shared hit=460
 Planning Time: 4.610 ms
 Execution Time: 71524.147 ms
(54 rows)

