                                                                            QUERY PLAN                                                                            
------------------------------------------------------------------------------------------------------------------------------------------------------------------
 Aggregate  (cost=9654432.24..9654432.25 rows=1 width=40) (actual time=71892.034..71892.041 rows=1 loops=1)
   Buffers: shared hit=520761 read=5137355
   ->  Hash Join  (cost=19922.98..9654432.12 rows=16 width=14) (actual time=17672.129..71891.763 rows=335 loops=1)
         Hash Cond: (store_sales.ss_store_sk = store.s_store_sk)
         Join Filter: ("substring"((customer_address.ca_zip)::text, 1, 5) <> "substring"((store.s_zip)::text, 1, 5))
         Rows Removed by Join Filter: 7
         Buffers: shared hit=520761 read=5137355
         ->  Nested Loop  (cost=19895.94..9654405.03 rows=16 width=29) (actual time=17670.792..71889.765 rows=343 loops=1)
               Buffers: shared hit=520745 read=5137353
               ->  Nested Loop  (cost=19895.51..9650305.33 rows=536 width=22) (actual time=17669.511..71538.128 rows=17365 loops=1)
                     Buffers: shared hit=456167 read=5132471
                     ->  Hash Join  (cost=19895.08..9625847.19 rows=3197 width=22) (actual time=17669.369..69723.963 rows=103078 loops=1)
                           Hash Cond: (store_sales.ss_item_sk = item.i_item_sk)
                           Buffers: shared hit=48911 read=5132471
                           ->  Hash Join  (cost=2570.12..9608471.16 rows=19457 width=18) (actual time=17561.249..69491.228 rows=717745 loops=1)
                                 Hash Cond: (store_sales.ss_sold_date_sk = date_dim.d_date_sk)
                                 Buffers: shared hit=34776 read=5132250
                                 ->  Seq Scan on store_sales  (cost=0.00..9485539.52 rows=45849467 width=22) (actual time=0.044..66536.391 rows=46160898 loops=1)
                                       Filter: ((ss_wholesale_cost >= '80'::numeric) AND (ss_wholesale_cost <= '100'::numeric))
                                       Rows Removed by Filter: 241836126
                                       Buffers: shared hit=33302 read=5132250
                                 ->  Hash  (cost=2569.73..2569.73 rows=31 width=4) (actual time=19.984..19.985 rows=31 loops=1)
                                       Buckets: 1024  Batches: 1  Memory Usage: 10kB
                                       Buffers: shared hit=1474
                                       ->  Seq Scan on date_dim  (cost=0.00..2569.73 rows=31 width=4) (actual time=10.496..19.969 rows=31 loops=1)
                                             Filter: ((d_year = 1999) AND (d_moy = 7))
                                             Rows Removed by Filter: 73018
                                             Buffers: shared hit=1474
                           ->  Hash  (cost=16906.00..16906.00 rows=33517 width=12) (actual time=107.861..107.862 rows=33627 loops=1)
                                 Buckets: 65536  Batches: 1  Memory Usage: 1957kB
                                 Buffers: shared hit=14135 read=221
                                 ->  Seq Scan on item  (cost=0.00..16906.00 rows=33517 width=12) (actual time=0.029..102.744 rows=33627 loops=1)
                                       Filter: (i_category = 'Shoes'::bpchar)
                                       Rows Removed by Filter: 170373
                                       Buffers: shared hit=14135 read=221
                     ->  Index Scan using customer_pkey on customer  (cost=0.43..7.65 rows=1 width=8) (actual time=0.017..0.017 rows=0 loops=103078)
                           Index Cond: (c_customer_sk = store_sales.ss_customer_sk)
                           Filter: (c_birth_month = 4)
                           Rows Removed by Filter: 1
                           Buffers: shared hit=407256
               ->  Index Scan using customer_address_pkey on customer_address  (cost=0.42..7.65 rows=1 width=15) (actual time=0.020..0.020 rows=0 loops=17365)
                     Index Cond: (ca_address_sk = customer.c_current_addr_sk)
                     Filter: (ca_state = 'IA'::bpchar)
                     Rows Removed by Filter: 1
                     Buffers: shared hit=64578 read=4882
         ->  Hash  (cost=22.02..22.02 rows=402 width=15) (actual time=1.291..1.292 rows=402 loops=1)
               Buckets: 1024  Batches: 1  Memory Usage: 27kB
               Buffers: shared hit=16 read=2
               ->  Seq Scan on store  (cost=0.00..22.02 rows=402 width=15) (actual time=0.043..1.157 rows=402 loops=1)
                     Buffers: shared hit=16 read=2
 Planning:
   Buffers: shared hit=460
 Planning Time: 7.145 ms
 Execution Time: 71892.737 ms
(54 rows)

