                                                                            QUERY PLAN                                                                            
------------------------------------------------------------------------------------------------------------------------------------------------------------------
 Aggregate  (cost=9746222.00..9746222.01 rows=1 width=40) (actual time=82644.565..82644.571 rows=1 loops=1)
   Buffers: shared hit=1356683 read=5134445
   ->  Hash Join  (cost=20034.16..9746221.89 rows=15 width=14) (actual time=33654.887..82644.195 rows=274 loops=1)
         Hash Cond: (store_sales.ss_store_sk = store.s_store_sk)
         Join Filter: ("substring"((customer_address.ca_zip)::text, 1, 5) <> "substring"((store.s_zip)::text, 1, 5))
         Rows Removed by Join Filter: 3
         Buffers: shared hit=1356683 read=5134445
         ->  Nested Loop  (cost=20007.11..9746194.80 rows=15 width=29) (actual time=33654.015..82642.543 rows=278 loops=1)
               Buffers: shared hit=1356665 read=5134445
               ->  Nested Loop  (cost=20006.69..9743868.43 rows=304 width=22) (actual time=33564.740..82333.237 rows=14659 loops=1)
                     Buffers: shared hit=1301745 read=5130729
                     ->  Hash Join  (cost=20006.26..9696398.14 rows=6205 width=22) (actual time=33564.617..75979.128 rows=316584 loops=1)
                           Hash Cond: (store_sales.ss_item_sk = item.i_item_sk)
                           Buffers: shared hit=50654 read=5130728
                           ->  Hash Join  (cost=2570.11..9678883.64 rows=29845 width=18) (actual time=33449.397..75544.944 rows=1338385 loops=1)
                                 Hash Cond: (store_sales.ss_sold_date_sk = date_dim.d_date_sk)
                                 Buffers: shared hit=36531 read=5130495
                                 ->  Seq Scan on store_sales  (cost=0.00..9485539.52 rows=72671789 width=22) (actual time=0.044..71004.470 rows=72375375 loops=1)
                                       Filter: ((ss_wholesale_cost >= '64'::numeric) AND (ss_wholesale_cost <= '84'::numeric))
                                       Rows Removed by Filter: 215621649
                                       Buffers: shared hit=35057 read=5130495
                                 ->  Hash  (cost=2569.73..2569.73 rows=30 width=4) (actual time=19.765..19.765 rows=30 loops=1)
                                       Buckets: 1024  Batches: 1  Memory Usage: 10kB
                                       Buffers: shared hit=1474
                                       ->  Seq Scan on date_dim  (cost=0.00..2569.73 rows=30 width=4) (actual time=9.904..19.755 rows=30 loops=1)
                                             Filter: ((d_year = 2000) AND (d_moy = 9))
                                             Rows Removed by Filter: 73019
                                             Buffers: shared hit=1474
                           ->  Hash  (cost=16906.00..16906.00 rows=42412 width=12) (actual time=114.988..114.988 rows=42041 loops=1)
                                 Buckets: 65536  Batches: 1  Memory Usage: 2319kB
                                 Buffers: shared hit=14123 read=233
                                 ->  Seq Scan on item  (cost=0.00..16906.00 rows=42412 width=12) (actual time=0.017..108.238 rows=42041 loops=1)
                                       Filter: (i_category = 'Electronics'::bpchar)
                                       Rows Removed by Filter: 161959
                                       Buffers: shared hit=14123 read=233
                     ->  Index Scan using customer_pkey on customer  (cost=0.43..7.65 rows=1 width=8) (actual time=0.020..0.020 rows=0 loops=316584)
                           Index Cond: (c_customer_sk = store_sales.ss_customer_sk)
                           Filter: (c_birth_month = 7)
                           Rows Removed by Filter: 1
                           Buffers: shared hit=1251091 read=1
               ->  Index Scan using customer_address_pkey on customer_address  (cost=0.42..7.65 rows=1 width=15) (actual time=0.021..0.021 rows=0 loops=14659)
                     Index Cond: (ca_address_sk = customer.c_current_addr_sk)
                     Filter: (ca_state = 'VA'::bpchar)
                     Rows Removed by Filter: 1
                     Buffers: shared hit=54920 read=3716
         ->  Hash  (cost=22.02..22.02 rows=402 width=15) (actual time=0.835..0.835 rows=402 loops=1)
               Buckets: 1024  Batches: 1  Memory Usage: 27kB
               Buffers: shared hit=18
               ->  Seq Scan on store  (cost=0.00..22.02 rows=402 width=15) (actual time=0.038..0.667 rows=402 loops=1)
                     Buffers: shared hit=18
 Planning:
   Buffers: shared hit=460
 Planning Time: 5.965 ms
 Execution Time: 82645.084 ms
(54 rows)

