                                                                            QUERY PLAN                                                                            
------------------------------------------------------------------------------------------------------------------------------------------------------------------
 Aggregate  (cost=9626567.29..9626567.30 rows=1 width=40) (actual time=75180.625..75180.630 rows=1 loops=1)
   Buffers: shared hit=287838 read=5131606
   ->  Hash Join  (cost=19817.16..9626567.23 rows=9 width=14) (actual time=59178.969..75180.468 rows=150 loops=1)
         Hash Cond: (store_sales.ss_store_sk = store.s_store_sk)
         Join Filter: ("substring"((customer_address.ca_zip)::text, 1, 5) <> "substring"((store.s_zip)::text, 1, 5))
         Rows Removed by Join Filter: 5
         Buffers: shared hit=287838 read=5131606
         ->  Nested Loop  (cost=19790.11..9626540.16 rows=9 width=29) (actual time=59178.249..75179.394 rows=156 loops=1)
               Buffers: shared hit=287820 read=5131606
               ->  Nested Loop  (cost=19789.69..9623924.30 rows=342 width=22) (actual time=59141.407..75060.597 rows=8462 loops=1)
                     Buffers: shared hit=256951 read=5128627
                     ->  Hash Join  (cost=19789.26..9608294.65 rows=2043 width=22) (actual time=59141.257..74406.329 rows=51665 loops=1)
                           Hash Cond: (store_sales.ss_item_sk = item.i_item_sk)
                           Buffers: shared hit=52757 read=5128625
                           ->  Hash Join  (cost=2570.12..9591031.84 rows=16638 width=18) (actual time=59038.040..74205.239 rows=582513 loops=1)
                                 Hash Cond: (store_sales.ss_sold_date_sk = date_dim.d_date_sk)
                                 Buffers: shared hit=38611 read=5128415
                                 ->  Seq Scan on store_sales  (cost=0.00..9485539.52 rows=39206286 width=22) (actual time=0.048..71664.504 rows=39350281 loops=1)
                                       Filter: ((ss_wholesale_cost >= '32'::numeric) AND (ss_wholesale_cost <= '52'::numeric))
                                       Rows Removed by Filter: 248646743
                                       Buffers: shared hit=37137 read=5128415
                                 ->  Hash  (cost=2569.73..2569.73 rows=31 width=4) (actual time=21.666..21.666 rows=31 loops=1)
                                       Buckets: 1024  Batches: 1  Memory Usage: 10kB
                                       Buffers: shared hit=1474
                                       ->  Seq Scan on date_dim  (cost=0.00..2569.73 rows=31 width=4) (actual time=11.515..21.654 rows=31 loops=1)
                                             Filter: ((d_year = 2002) AND (d_moy = 7))
                                             Rows Removed by Filter: 73018
                                             Buffers: shared hit=1474
                           ->  Hash  (cost=16906.00..16906.00 rows=25051 width=12) (actual time=103.070..103.070 rows=24688 loops=1)
                                 Buckets: 32768  Batches: 1  Memory Usage: 1317kB
                                 Buffers: shared hit=14146 read=210
                                 ->  Seq Scan on item  (cost=0.00..16906.00 rows=25051 width=12) (actual time=0.017..99.390 rows=24688 loops=1)
                                       Filter: (i_category = 'Books'::bpchar)
                                       Rows Removed by Filter: 179312
                                       Buffers: shared hit=14146 read=210
                     ->  Index Scan using customer_pkey on customer  (cost=0.43..7.65 rows=1 width=8) (actual time=0.012..0.012 rows=0 loops=51665)
                           Index Cond: (c_customer_sk = store_sales.ss_customer_sk)
                           Filter: (c_birth_month = 4)
                           Rows Removed by Filter: 1
                           Buffers: shared hit=204194 read=2
               ->  Index Scan using customer_address_pkey on customer_address  (cost=0.42..7.65 rows=1 width=15) (actual time=0.014..0.014 rows=0 loops=8462)
                     Index Cond: (ca_address_sk = customer.c_current_addr_sk)
                     Filter: (ca_state = 'IN'::bpchar)
                     Rows Removed by Filter: 1
                     Buffers: shared hit=30869 read=2979
         ->  Hash  (cost=22.02..22.02 rows=402 width=15) (actual time=0.690..0.690 rows=402 loops=1)
               Buckets: 1024  Batches: 1  Memory Usage: 27kB
               Buffers: shared hit=18
               ->  Seq Scan on store  (cost=0.00..22.02 rows=402 width=15) (actual time=0.028..0.553 rows=402 loops=1)
                     Buffers: shared hit=18
 Planning:
   Buffers: shared hit=460
 Planning Time: 4.525 ms
 Execution Time: 75181.124 ms
(54 rows)

