                                                                            QUERY PLAN                                                                            
------------------------------------------------------------------------------------------------------------------------------------------------------------------
 Aggregate  (cost=9765281.85..9765281.86 rows=1 width=40) (actual time=77265.085..77265.091 rows=1 loops=1)
   Buffers: shared hit=282281 read=5137999
   ->  Hash Join  (cost=19817.15..9765281.73 rows=17 width=14) (actual time=55817.033..77265.027 rows=36 loops=1)
         Hash Cond: (store_sales.ss_store_sk = store.s_store_sk)
         Join Filter: ("substring"((customer_address.ca_zip)::text, 1, 5) <> "substring"((store.s_zip)::text, 1, 5))
         Rows Removed by Join Filter: 1
         Buffers: shared hit=282281 read=5137999
         ->  Nested Loop  (cost=19790.10..9765254.64 rows=17 width=29) (actual time=55815.857..77263.740 rows=38 loops=1)
               Buffers: shared hit=282266 read=5137996
               ->  Nested Loop  (cost=19789.68..9763632.30 rows=212 width=22) (actual time=55815.834..77217.604 rows=2654 loops=1)
                     Buffers: shared hit=272023 read=5137623
                     ->  Hash Join  (cost=19789.25..9730544.63 rows=4325 width=22) (actual time=55814.721..76210.880 rows=57777 loops=1)
                           Hash Cond: (store_sales.ss_item_sk = item.i_item_sk)
                           Buffers: shared hit=43759 read=5137623
                           ->  Hash Join  (cost=2570.11..9713233.05 rows=35219 width=18) (actual time=55698.881..75998.465 rows=649780 loops=1)
                                 Hash Cond: (store_sales.ss_sold_date_sk = date_dim.d_date_sk)
                                 Buffers: shared hit=41802 read=5125224
                                 ->  Seq Scan on store_sales  (cost=0.00..9485539.52 rows=85756551 width=22) (actual time=0.047..71007.756 rows=85367142 loops=1)
                                       Filter: ((ss_wholesale_cost >= '61'::numeric) AND (ss_wholesale_cost <= '81'::numeric))
                                       Rows Removed by Filter: 202629882
                                       Buffers: shared hit=40328 read=5125224
                                 ->  Hash  (cost=2569.73..2569.73 rows=30 width=4) (actual time=19.814..19.815 rows=31 loops=1)
                                       Buckets: 1024  Batches: 1  Memory Usage: 10kB
                                       Buffers: shared hit=1474
                                       ->  Seq Scan on date_dim  (cost=0.00..2569.73 rows=30 width=4) (actual time=10.894..19.801 rows=31 loops=1)
                                             Filter: ((d_year = 2002) AND (d_moy = 1))
                                             Rows Removed by Filter: 73018
                                             Buffers: shared hit=1474
                           ->  Hash  (cost=16906.00..16906.00 rows=25051 width=12) (actual time=115.685..115.686 rows=24688 loops=1)
                                 Buckets: 32768  Batches: 1  Memory Usage: 1317kB
                                 Buffers: shared hit=1957 read=12399
                                 ->  Seq Scan on item  (cost=0.00..16906.00 rows=25051 width=12) (actual time=0.016..111.210 rows=24688 loops=1)
                                       Filter: (i_category = 'Books'::bpchar)
                                       Rows Removed by Filter: 179312
                                       Buffers: shared hit=1957 read=12399
                     ->  Index Scan using customer_pkey on customer  (cost=0.43..7.65 rows=1 width=8) (actual time=0.017..0.017 rows=0 loops=57777)
                           Index Cond: (c_customer_sk = store_sales.ss_customer_sk)
                           Filter: (c_birth_month = 7)
                           Rows Removed by Filter: 1
                           Buffers: shared hit=228264
               ->  Index Scan using customer_address_pkey on customer_address  (cost=0.42..7.65 rows=1 width=15) (actual time=0.017..0.017 rows=0 loops=2654)
                     Index Cond: (ca_address_sk = customer.c_current_addr_sk)
                     Filter: (ca_state = 'TX'::bpchar)
                     Rows Removed by Filter: 1
                     Buffers: shared hit=10243 read=373
         ->  Hash  (cost=22.02..22.02 rows=402 width=15) (actual time=1.143..1.143 rows=402 loops=1)
               Buckets: 1024  Batches: 1  Memory Usage: 27kB
               Buffers: shared hit=15 read=3
               ->  Seq Scan on store  (cost=0.00..22.02 rows=402 width=15) (actual time=0.031..0.980 rows=402 loops=1)
                     Buffers: shared hit=15 read=3
 Planning:
   Buffers: shared hit=460
 Planning Time: 4.909 ms
 Execution Time: 77265.624 ms
(54 rows)

