                                                                             QUERY PLAN                                                                              
---------------------------------------------------------------------------------------------------------------------------------------------------------------------
 Aggregate  (cost=9617686.73..9617686.74 rows=1 width=40) (actual time=81080.642..81080.648 rows=1 loops=1)
   Buffers: shared hit=1431976 read=5133554
   ->  Nested Loop  (cost=2571.53..9617686.72 rows=2 width=14) (actual time=42342.142..81080.484 rows=73 loops=1)
         Join Filter: ("substring"((customer_address.ca_zip)::text, 1, 5) <> "substring"((store.s_zip)::text, 1, 5))
         Rows Removed by Join Filter: 1
         Buffers: shared hit=1431976 read=5133554
         ->  Nested Loop  (cost=2571.38..9617675.23 rows=2 width=29) (actual time=42342.116..81079.446 rows=75 loops=1)
               Buffers: shared hit=1431829 read=5133553
               ->  Nested Loop  (cost=2570.96..9617568.33 rows=14 width=25) (actual time=42342.085..81069.470 rows=343 loops=1)
                     Buffers: shared hit=1430661 read=5133349
                     ->  Nested Loop  (cost=2570.54..9613620.03 rows=516 width=18) (actual time=42252.599..80625.247 rows=18911 loops=1)
                           Buffers: shared hit=1360683 read=5127683
                           ->  Hash Join  (cost=2570.11..9545241.03 rows=8938 width=18) (actual time=42252.487..73235.299 rows=334356 loops=1)
                                 Hash Cond: (store_sales.ss_sold_date_sk = date_dim.d_date_sk)
                                 Buffers: shared hit=39396 read=5127630
                                 ->  Seq Scan on store_sales  (cost=0.00..9485539.52 rows=21763138 width=22) (actual time=0.065..71672.541 rows=21807357 loops=1)
                                       Filter: ((ss_wholesale_cost >= '17'::numeric) AND (ss_wholesale_cost <= '37'::numeric))
                                       Rows Removed by Filter: 266189667
                                       Buffers: shared hit=37922 read=5127630
                                 ->  Hash  (cost=2569.73..2569.73 rows=30 width=4) (actual time=21.613..21.614 rows=30 loops=1)
                                       Buckets: 1024  Batches: 1  Memory Usage: 10kB
                                       Buffers: shared hit=1474
                                       ->  Seq Scan on date_dim  (cost=0.00..2569.73 rows=30 width=4) (actual time=12.194..21.596 rows=30 loops=1)
                                             Filter: ((d_year = 2001) AND (d_moy = 4))
                                             Rows Removed by Filter: 73019
                                             Buffers: shared hit=1474
                           ->  Index Scan using customer_pkey on customer  (cost=0.43..7.65 rows=1 width=8) (actual time=0.022..0.022 rows=0 loops=334356)
                                 Index Cond: (c_customer_sk = store_sales.ss_customer_sk)
                                 Filter: (c_birth_month = 3)
                                 Rows Removed by Filter: 1
                                 Buffers: shared hit=1321287 read=53
                     ->  Index Scan using customer_address_pkey on customer_address  (cost=0.42..7.65 rows=1 width=15) (actual time=0.023..0.023 rows=0 loops=18911)
                           Index Cond: (ca_address_sk = customer.c_current_addr_sk)
                           Filter: (ca_state = 'IN'::bpchar)
                           Rows Removed by Filter: 1
                           Buffers: shared hit=69978 read=5666
               ->  Index Scan using item_pkey on item  (cost=0.42..7.64 rows=1 width=12) (actual time=0.028..0.028 rows=0 loops=343)
                     Index Cond: (i_item_sk = store_sales.ss_item_sk)
                     Filter: (i_category = 'Shoes'::bpchar)
                     Rows Removed by Filter: 1
                     Buffers: shared hit=1168 read=204
         ->  Index Scan using store_pkey on store  (cost=0.15..5.72 rows=1 width=15) (actual time=0.008..0.008 rows=1 loops=75)
               Index Cond: (s_store_sk = store_sales.ss_store_sk)
               Buffers: shared hit=147 read=1
 Planning:
   Buffers: shared hit=460
 Planning Time: 4.915 ms
 Execution Time: 81081.151 ms
(48 rows)

