                                                                            QUERY PLAN                                                                            
------------------------------------------------------------------------------------------------------------------------------------------------------------------
 Aggregate  (cost=9625920.19..9625920.20 rows=1 width=40) (actual time=74439.814..74439.820 rows=1 loops=1)
   Buffers: shared hit=137462 read=5129062
   ->  Hash Join  (cost=19715.57..9625920.07 rows=16 width=14) (actual time=22326.756..74439.725 rows=59 loops=1)
         Hash Cond: (store_sales.ss_store_sk = store.s_store_sk)
         Join Filter: ("substring"((customer_address.ca_zip)::text, 1, 5) <> "substring"((store.s_zip)::text, 1, 5))
         Buffers: shared hit=137462 read=5129062
         ->  Nested Loop  (cost=19688.53..9625892.98 rows=16 width=29) (actual time=22325.926..74438.738 rows=59 loops=1)
               Buffers: shared hit=137444 read=5129062
               ->  Nested Loop  (cost=19688.10..9624401.42 rows=195 width=22) (actual time=22321.781..74409.306 rows=2591 loops=1)
                     Buffers: shared hit=127850 read=5128292
                     ->  Hash Join  (cost=19687.67..9613637.39 rows=1407 width=22) (actual time=22321.749..74211.953 rows=18884 loops=1)
                           Hash Cond: (store_sales.ss_item_sk = item.i_item_sk)
                           Buffers: shared hit=53095 read=5128287
                           ->  Hash Join  (cost=2570.11..9596475.33 rows=16953 width=18) (actual time=22206.487..74033.947 rows=448145 loops=1)
                                 Hash Cond: (store_sales.ss_sold_date_sk = date_dim.d_date_sk)
                                 Buffers: shared hit=39111 read=5127915
                                 ->  Seq Scan on store_sales  (cost=0.00..9485539.52 rows=41279881 width=22) (actual time=0.055..71430.804 rows=40582915 loops=1)
                                       Filter: ((ss_wholesale_cost >= '43'::numeric) AND (ss_wholesale_cost <= '63'::numeric))
                                       Rows Removed by Filter: 247414109
                                       Buffers: shared hit=37637 read=5127915
                                 ->  Hash  (cost=2569.73..2569.73 rows=30 width=4) (actual time=20.886..20.887 rows=30 loops=1)
                                       Buckets: 1024  Batches: 1  Memory Usage: 10kB
                                       Buffers: shared hit=1474
                                       ->  Seq Scan on date_dim  (cost=0.00..2569.73 rows=30 width=4) (actual time=12.044..20.875 rows=30 loops=1)
                                             Filter: ((d_year = 1999) AND (d_moy = 9))
                                             Rows Removed by Filter: 73019
                                             Buffers: shared hit=1474
                           ->  Hash  (cost=16906.00..16906.00 rows=16925 width=12) (actual time=115.058..115.058 rows=17141 loops=1)
                                 Buckets: 32768  Batches: 1  Memory Usage: 993kB
                                 Buffers: shared hit=13984 read=372
                                 ->  Seq Scan on item  (cost=0.00..16906.00 rows=16925 width=12) (actual time=0.016..111.601 rows=17141 loops=1)
                                       Filter: (i_category = 'Home'::bpchar)
                                       Rows Removed by Filter: 186859
                                       Buffers: shared hit=13984 read=372
                     ->  Index Scan using customer_pkey on customer  (cost=0.43..7.65 rows=1 width=8) (actual time=0.010..0.010 rows=0 loops=18884)
                           Index Cond: (c_customer_sk = store_sales.ss_customer_sk)
                           Filter: (c_birth_month = 10)
                           Rows Removed by Filter: 1
                           Buffers: shared hit=74755 read=5
               ->  Index Scan using customer_address_pkey on customer_address  (cost=0.42..7.65 rows=1 width=15) (actual time=0.011..0.011 rows=0 loops=2591)
                     Index Cond: (ca_address_sk = customer.c_current_addr_sk)
                     Filter: (ca_state = 'TX'::bpchar)
                     Rows Removed by Filter: 1
                     Buffers: shared hit=9594 read=770
         ->  Hash  (cost=22.02..22.02 rows=402 width=15) (actual time=0.797..0.798 rows=402 loops=1)
               Buckets: 1024  Batches: 1  Memory Usage: 27kB
               Buffers: shared hit=18
               ->  Seq Scan on store  (cost=0.00..22.02 rows=402 width=15) (actual time=0.033..0.626 rows=402 loops=1)
                     Buffers: shared hit=18
 Planning:
   Buffers: shared hit=460
 Planning Time: 6.648 ms
 Execution Time: 74440.368 ms
(53 rows)

