                                                                            QUERY PLAN                                                                            
------------------------------------------------------------------------------------------------------------------------------------------------------------------
 Aggregate  (cost=9649021.34..9649021.35 rows=1 width=40) (actual time=77120.318..77120.323 rows=1 loops=1)
   Buffers: shared hit=368258 read=5127850
   ->  Nested Loop  (cost=19790.26..9649021.33 rows=1 width=14) (actual time=43335.416..77120.268 rows=25 loops=1)
         Join Filter: ("substring"((customer_address.ca_zip)::text, 1, 5) <> "substring"((store.s_zip)::text, 1, 5))
         Buffers: shared hit=368258 read=5127850
         ->  Nested Loop  (cost=19790.11..9649015.59 rows=1 width=29) (actual time=43335.397..77119.744 rows=25 loops=1)
               Buffers: shared hit=368208 read=5127850
               ->  Nested Loop  (cost=19789.69..9648754.92 rows=34 width=22) (actual time=43329.642..77101.291 rows=1082 loops=1)
                     Buffers: shared hit=364261 read=5127469
                     ->  Hash Join  (cost=19789.26..9629850.94 rows=2471 width=22) (actual time=43324.261..75989.874 rows=78569 loops=1)
                           Hash Cond: (store_sales.ss_item_sk = item.i_item_sk)
                           Buffers: shared hit=54001 read=5127381
                           ->  Hash Join  (cost=2570.12..9612578.98 rows=20121 width=18) (actual time=43223.684..75755.280 rows=888047 loops=1)
                                 Hash Cond: (store_sales.ss_sold_date_sk = date_dim.d_date_sk)
                                 Buffers: shared hit=39904 read=5127122
                                 ->  Seq Scan on store_sales  (cost=0.00..9485539.52 rows=47414263 width=22) (actual time=0.051..72727.465 rows=48370740 loops=1)
                                       Filter: ((ss_wholesale_cost >= '10'::numeric) AND (ss_wholesale_cost <= '30'::numeric))
                                       Rows Removed by Filter: 239626284
                                       Buffers: shared hit=38430 read=5127122
                                 ->  Hash  (cost=2569.73..2569.73 rows=31 width=4) (actual time=20.868..20.869 rows=31 loops=1)
                                       Buckets: 1024  Batches: 1  Memory Usage: 10kB
                                       Buffers: shared hit=1474
                                       ->  Seq Scan on date_dim  (cost=0.00..2569.73 rows=31 width=4) (actual time=10.404..20.857 rows=31 loops=1)
                                             Filter: ((d_year = 2001) AND (d_moy = 3))
                                             Rows Removed by Filter: 73018
                                             Buffers: shared hit=1474
                           ->  Hash  (cost=16906.00..16906.00 rows=25051 width=12) (actual time=100.409..100.410 rows=24688 loops=1)
                                 Buckets: 32768  Batches: 1  Memory Usage: 1317kB
                                 Buffers: shared hit=14097 read=259
                                 ->  Seq Scan on item  (cost=0.00..16906.00 rows=25051 width=12) (actual time=0.015..96.842 rows=24688 loops=1)
                                       Filter: (i_category = 'Books'::bpchar)
                                       Rows Removed by Filter: 179312
                                       Buffers: shared hit=14097 read=259
                     ->  Index Scan using customer_pkey on customer  (cost=0.43..7.65 rows=1 width=8) (actual time=0.014..0.014 rows=0 loops=78569)
                           Index Cond: (c_customer_sk = store_sales.ss_customer_sk)
                           Filter: (c_birth_month = 5)
                           Rows Removed by Filter: 1
                           Buffers: shared hit=310260 read=88
               ->  Index Scan using customer_address_pkey on customer_address  (cost=0.42..7.67 rows=1 width=15) (actual time=0.017..0.017 rows=0 loops=1082)
                     Index Cond: (ca_address_sk = customer.c_current_addr_sk)
                     Filter: (ca_state = 'CA'::bpchar)
                     Rows Removed by Filter: 1
                     Buffers: shared hit=3947 read=381
         ->  Index Scan using store_pkey on store  (cost=0.15..5.72 rows=1 width=15) (actual time=0.016..0.016 rows=1 loops=25)
               Index Cond: (s_store_sk = store_sales.ss_store_sk)
               Buffers: shared hit=50
 Planning:
   Buffers: shared hit=460
 Planning Time: 4.438 ms
 Execution Time: 77120.734 ms
(50 rows)

