                                                                             QUERY PLAN                                                                              
---------------------------------------------------------------------------------------------------------------------------------------------------------------------
 Aggregate  (cost=9726539.92..9726539.93 rows=1 width=40) (actual time=95305.772..95305.777 rows=1 loops=1)
   Buffers: shared hit=3145622 read=5140390
   ->  Nested Loop  (cost=2571.54..9726539.92 rows=1 width=14) (actual time=21467.097..95305.756 rows=5 loops=1)
         Join Filter: ("substring"((customer_address.ca_zip)::text, 1, 5) <> "substring"((store.s_zip)::text, 1, 5))
         Buffers: shared hit=3145622 read=5140390
         ->  Nested Loop  (cost=2571.39..9726534.17 rows=1 width=29) (actual time=21467.072..95305.666 rows=5 loops=1)
               Buffers: shared hit=3145612 read=5140390
               ->  Nested Loop  (cost=2570.97..9726465.45 rows=9 width=25) (actual time=15489.860..95293.877 rows=457 loops=1)
                     Buffers: shared hit=3144008 read=5140166
                     ->  Nested Loop  (cost=2570.55..9720182.71 rows=821 width=18) (actual time=15331.457..94393.165 rows=35085 loops=1)
                           Buffers: shared hit=3010486 read=5133348
                           ->  Hash Join  (cost=2570.12..9591863.49 rows=16773 width=18) (actual time=15331.116..76796.446 rows=753233 loops=1)
                                 Hash Cond: (store_sales.ss_sold_date_sk = date_dim.d_date_sk)
                                 Buffers: shared hit=34176 read=5132850
                                 ->  Seq Scan on store_sales  (cost=0.00..9485539.52 rows=39523085 width=22) (actual time=0.062..74001.829 rows=40114371 loops=1)
                                       Filter: ((ss_wholesale_cost >= '25'::numeric) AND (ss_wholesale_cost <= '45'::numeric))
                                       Rows Removed by Filter: 247882653
                                       Buffers: shared hit=32702 read=5132850
                                 ->  Hash  (cost=2569.73..2569.73 rows=31 width=4) (actual time=21.355..21.356 rows=31 loops=1)
                                       Buckets: 1024  Batches: 1  Memory Usage: 10kB
                                       Buffers: shared hit=1474
                                       ->  Seq Scan on date_dim  (cost=0.00..2569.73 rows=31 width=4) (actual time=11.643..21.339 rows=31 loops=1)
                                             Filter: ((d_year = 1999) AND (d_moy = 3))
                                             Rows Removed by Filter: 73018
                                             Buffers: shared hit=1474
                           ->  Index Scan using customer_pkey on customer  (cost=0.43..7.65 rows=1 width=8) (actual time=0.023..0.023 rows=0 loops=753233)
                                 Index Cond: (c_customer_sk = store_sales.ss_customer_sk)
                                 Filter: (c_birth_month = 7)
                                 Rows Removed by Filter: 1
                                 Buffers: shared hit=2976310 read=498
                     ->  Index Scan using customer_address_pkey on customer_address  (cost=0.42..7.65 rows=1 width=15) (actual time=0.025..0.025 rows=0 loops=35085)
                           Index Cond: (ca_address_sk = customer.c_current_addr_sk)
                           Filter: (ca_state = 'WA'::bpchar)
                           Rows Removed by Filter: 1
                           Buffers: shared hit=133522 read=6818
               ->  Index Scan using item_pkey on item  (cost=0.42..7.64 rows=1 width=12) (actual time=0.025..0.025 rows=0 loops=457)
                     Index Cond: (i_item_sk = store_sales.ss_item_sk)
                     Filter: (i_category = 'Music'::bpchar)
                     Rows Removed by Filter: 1
                     Buffers: shared hit=1604 read=224
         ->  Index Scan using store_pkey on store  (cost=0.15..5.72 rows=1 width=15) (actual time=0.011..0.011 rows=1 loops=5)
               Index Cond: (s_store_sk = store_sales.ss_store_sk)
               Buffers: shared hit=10
 Planning:
   Buffers: shared hit=460
 Planning Time: 4.589 ms
 Execution Time: 95306.237 ms
(47 rows)

