                                                                             QUERY PLAN                                                                              
---------------------------------------------------------------------------------------------------------------------------------------------------------------------
 Aggregate  (cost=9824544.59..9824544.60 rows=1 width=40) (actual time=85674.993..85674.999 rows=1 loops=1)
   Buffers: shared hit=1598690 read=5128754
   ->  Nested Loop  (cost=2571.52..9824544.55 rows=5 width=14) (actual time=24302.559..85674.941 rows=23 loops=1)
         Join Filter: ("substring"((customer_address.ca_zip)::text, 1, 5) <> "substring"((store.s_zip)::text, 1, 5))
         Buffers: shared hit=1598690 read=5128754
         ->  Nested Loop  (cost=2571.37..9824515.83 rows=5 width=29) (actual time=24302.528..85673.827 rows=23 loops=1)
               Buffers: shared hit=1598644 read=5128754
               ->  Nested Loop  (cost=2570.95..9823591.92 rows=121 width=25) (actual time=23446.339..85639.664 rows=1063 loops=1)
                     Buffers: shared hit=1595306 read=5127840
                     ->  Nested Loop  (cost=2570.52..9795934.24 rows=3616 width=18) (actual time=23442.229..84243.395 rows=56277 loops=1)
                           Buffers: shared hit=1375203 read=5122835
                           ->  Hash Join  (cost=2570.10..9630824.72 rows=21582 width=18) (actual time=23442.158..76219.300 rows=336923 loops=1)
                                 Hash Cond: (store_sales.ss_sold_date_sk = date_dim.d_date_sk)
                                 Buffers: shared hit=44194 read=5122832
                                 ->  Seq Scan on store_sales  (cost=0.00..9485539.52 rows=54364643 width=22) (actual time=0.050..72773.070 rows=53574682 loops=1)
                                       Filter: ((ss_wholesale_cost >= '46'::numeric) AND (ss_wholesale_cost <= '66'::numeric))
                                       Rows Removed by Filter: 234422342
                                       Buffers: shared hit=42720 read=5122832
                                 ->  Hash  (cost=2569.73..2569.73 rows=29 width=4) (actual time=21.395..21.396 rows=30 loops=1)
                                       Buckets: 1024  Batches: 1  Memory Usage: 10kB
                                       Buffers: shared hit=1474
                                       ->  Seq Scan on date_dim  (cost=0.00..2569.73 rows=29 width=4) (actual time=10.646..21.382 rows=30 loops=1)
                                             Filter: ((d_year = 1999) AND (d_moy = 11))
                                             Rows Removed by Filter: 73019
                                             Buffers: shared hit=1474
                           ->  Index Scan using customer_pkey on customer  (cost=0.43..7.65 rows=1 width=8) (actual time=0.023..0.023 rows=0 loops=336923)
                                 Index Cond: (c_customer_sk = store_sales.ss_customer_sk)
                                 Filter: (c_birth_month = 4)
                                 Rows Removed by Filter: 1
                                 Buffers: shared hit=1331009 read=3
                     ->  Index Scan using customer_address_pkey on customer_address  (cost=0.42..7.65 rows=1 width=15) (actual time=0.024..0.024 rows=0 loops=56277)
                           Index Cond: (ca_address_sk = customer.c_current_addr_sk)
                           Filter: (ca_state = 'KS'::bpchar)
                           Rows Removed by Filter: 1
                           Buffers: shared hit=220103 read=5005
               ->  Index Scan using item_pkey on item  (cost=0.42..7.64 rows=1 width=12) (actual time=0.032..0.032 rows=0 loops=1063)
                     Index Cond: (i_item_sk = store_sales.ss_item_sk)
                     Filter: (i_category = 'Jewelry'::bpchar)
                     Rows Removed by Filter: 1
                     Buffers: shared hit=3338 read=914
         ->  Index Scan using store_pkey on store  (cost=0.15..5.72 rows=1 width=15) (actual time=0.041..0.041 rows=1 loops=23)
               Index Cond: (s_store_sk = store_sales.ss_store_sk)
               Buffers: shared hit=46
 Planning:
   Buffers: shared hit=460
 Planning Time: 4.670 ms
 Execution Time: 85675.384 ms
(47 rows)

