                                                                             QUERY PLAN                                                                             
--------------------------------------------------------------------------------------------------------------------------------------------------------------------
 Aggregate  (cost=9610731.89..9610731.90 rows=1 width=40) (actual time=78225.187..78225.193 rows=1 loops=1)
   Buffers: shared hit=827635 read=5119303
   ->  Nested Loop  (cost=2571.53..9610731.88 rows=1 width=14) (actual time=52845.252..78225.181 rows=2 loops=1)
         Join Filter: ("substring"((customer_address.ca_zip)::text, 1, 5) <> "substring"((store.s_zip)::text, 1, 5))
         Buffers: shared hit=827635 read=5119303
         ->  Nested Loop  (cost=2571.38..9610726.14 rows=1 width=29) (actual time=52845.229..78225.144 rows=2 loops=1)
               Buffers: shared hit=827631 read=5119303
               ->  Nested Loop  (cost=2570.96..9610680.33 rows=6 width=25) (actual time=51047.761..78220.995 rows=157 loops=1)
                     Buffers: shared hit=827123 read=5119183
                     ->  Nested Loop  (cost=2570.54..9608085.68 rows=339 width=18) (actual time=51014.418..78061.835 rows=7443 loops=1)
                           Buffers: shared hit=798257 read=5118277
                           ->  Hash Join  (cost=2570.11..9542720.90 rows=8544 width=18) (actual time=51013.385..73901.242 rows=189600 loops=1)
                                 Hash Cond: (store_sales.ss_sold_date_sk = date_dim.d_date_sk)
                                 Buffers: shared hit=48753 read=5118273
                                 ->  Seq Scan on store_sales  (cost=0.00..9485539.52 rows=20803140 width=22) (actual time=0.041..72330.893 rows=21246255 loops=1)
                                       Filter: ((ss_wholesale_cost >= '12'::numeric) AND (ss_wholesale_cost <= '32'::numeric))
                                       Rows Removed by Filter: 266750769
                                       Buffers: shared hit=47279 read=5118273
                                 ->  Hash  (cost=2569.73..2569.73 rows=30 width=4) (actual time=31.889..31.890 rows=30 loops=1)
                                       Buckets: 1024  Batches: 1  Memory Usage: 10kB
                                       Buffers: shared hit=1474
                                       ->  Seq Scan on date_dim  (cost=0.00..2569.73 rows=30 width=4) (actual time=9.892..31.862 rows=30 loops=1)
                                             Filter: ((d_year = 2001) AND (d_moy = 9))
                                             Rows Removed by Filter: 73019
                                             Buffers: shared hit=1474
                           ->  Index Scan using customer_pkey on customer  (cost=0.43..7.65 rows=1 width=8) (actual time=0.022..0.022 rows=0 loops=189600)
                                 Index Cond: (c_customer_sk = store_sales.ss_customer_sk)
                                 Filter: (c_birth_month = 9)
                                 Rows Removed by Filter: 1
                                 Buffers: shared hit=749504 read=4
                     ->  Index Scan using customer_address_pkey on customer_address  (cost=0.42..7.65 rows=1 width=15) (actual time=0.021..0.021 rows=0 loops=7443)
                           Index Cond: (ca_address_sk = customer.c_current_addr_sk)
                           Filter: (ca_state = 'WV'::bpchar)
                           Rows Removed by Filter: 1
                           Buffers: shared hit=28866 read=906
               ->  Index Scan using item_pkey on item  (cost=0.42..7.64 rows=1 width=12) (actual time=0.025..0.025 rows=0 loops=157)
                     Index Cond: (i_item_sk = store_sales.ss_item_sk)
                     Filter: (i_category = 'Jewelry'::bpchar)
                     Rows Removed by Filter: 1
                     Buffers: shared hit=508 read=120
         ->  Index Scan using store_pkey on store  (cost=0.15..5.72 rows=1 width=15) (actual time=0.011..0.011 rows=1 loops=2)
               Index Cond: (s_store_sk = store_sales.ss_store_sk)
               Buffers: shared hit=4
 Planning:
   Buffers: shared hit=460
 Planning Time: 3.190 ms
 Execution Time: 78225.525 ms
(47 rows)

