                                                                            QUERY PLAN                                                                            
------------------------------------------------------------------------------------------------------------------------------------------------------------------
 Aggregate  (cost=9626162.40..9626162.41 rows=1 width=40) (actual time=78625.785..78625.792 rows=1 loops=1)
   Buffers: shared hit=866590 read=5162886
   ->  Nested Loop  (cost=2571.52..9626162.38 rows=2 width=14) (actual time=52876.043..78625.689 rows=43 loops=1)
         Join Filter: ("substring"((customer_address.ca_zip)::text, 1, 5) <> "substring"((store.s_zip)::text, 1, 5))
         Buffers: shared hit=866590 read=5162886
         ->  Nested Loop  (cost=2571.37..9626150.90 rows=2 width=29) (actual time=52876.011..78625.054 rows=43 loops=1)
               Buffers: shared hit=866506 read=5162884
               ->  Nested Loop  (cost=2570.94..9625615.46 rows=70 width=22) (actual time=52663.713..78574.998 rows=1926 loops=1)
                     Buffers: shared hit=859238 read=5162448
                     ->  Nested Loop  (cost=2570.52..9621744.38 rows=506 width=22) (actual time=52663.694..78249.631 rows=13613 loops=1)
                           Buffers: shared hit=805438 read=5162448
                           ->  Hash Join  (cost=2570.10..9550130.07 rows=9379 width=18) (actual time=52663.312..73869.670 rows=200215 loops=1)
                                 Hash Cond: (store_sales.ss_sold_date_sk = date_dim.d_date_sk)
                                 Buffers: shared hit=27553 read=5139473
                                 ->  Seq Scan on store_sales  (cost=0.00..9485539.52 rows=23625531 width=22) (actual time=0.049..72221.216 rows=23806627 loops=1)
                                       Filter: ((ss_wholesale_cost >= '22'::numeric) AND (ss_wholesale_cost <= '42'::numeric))
                                       Rows Removed by Filter: 264190397
                                       Buffers: shared hit=26079 read=5139473
                                 ->  Hash  (cost=2569.73..2569.73 rows=29 width=4) (actual time=19.530..19.531 rows=30 loops=1)
                                       Buckets: 1024  Batches: 1  Memory Usage: 10kB
                                       Buffers: shared hit=1474
                                       ->  Seq Scan on date_dim  (cost=0.00..2569.73 rows=29 width=4) (actual time=10.270..19.515 rows=30 loops=1)
                                             Filter: ((d_year = 2001) AND (d_moy = 11))
                                             Rows Removed by Filter: 73019
                                             Buffers: shared hit=1474
                           ->  Index Scan using item_pkey on item  (cost=0.42..7.64 rows=1 width=12) (actual time=0.022..0.022 rows=0 loops=200215)
                                 Index Cond: (i_item_sk = store_sales.ss_item_sk)
                                 Filter: (i_category = 'Women'::bpchar)
                                 Rows Removed by Filter: 1
                                 Buffers: shared hit=777885 read=22975
                     ->  Index Scan using customer_pkey on customer  (cost=0.43..7.65 rows=1 width=8) (actual time=0.023..0.023 rows=0 loops=13613)
                           Index Cond: (c_customer_sk = store_sales.ss_customer_sk)
                           Filter: (c_birth_month = 10)
                           Rows Removed by Filter: 1
                           Buffers: shared hit=53800
               ->  Index Scan using customer_address_pkey on customer_address  (cost=0.42..7.65 rows=1 width=15) (actual time=0.025..0.025 rows=0 loops=1926)
                     Index Cond: (ca_address_sk = customer.c_current_addr_sk)
                     Filter: (ca_state = 'KS'::bpchar)
                     Rows Removed by Filter: 1
                     Buffers: shared hit=7268 read=436
         ->  Index Scan using store_pkey on store  (cost=0.15..5.72 rows=1 width=15) (actual time=0.009..0.009 rows=1 loops=43)
               Index Cond: (s_store_sk = store_sales.ss_store_sk)
               Buffers: shared hit=84 read=2
 Planning:
   Buffers: shared hit=460
 Planning Time: 4.616 ms
 Execution Time: 78626.159 ms
(47 rows)

