                                                                            QUERY PLAN                                                                            
------------------------------------------------------------------------------------------------------------------------------------------------------------------
 Aggregate  (cost=9706012.28..9706012.29 rows=1 width=40) (actual time=78098.755..78098.761 rows=1 loops=1)
   Buffers: shared hit=243666 read=5132598
   ->  Nested Loop  (cost=19614.53..9706012.27 rows=1 width=14) (actual time=43191.896..78098.661 rows=76 loops=1)
         Join Filter: ("substring"((customer_address.ca_zip)::text, 1, 5) <> "substring"((store.s_zip)::text, 1, 5))
         Rows Removed by Join Filter: 1
         Buffers: shared hit=243666 read=5132598
         ->  Nested Loop  (cost=19614.39..9706006.53 rows=1 width=29) (actual time=43191.877..78097.978 rows=77 loops=1)
               Buffers: shared hit=243517 read=5132593
               ->  Nested Loop  (cost=19613.96..9704683.18 rows=173 width=22) (actual time=43184.057..78021.430 rows=5166 loops=1)
                     Buffers: shared hit=224612 read=5130834
                     ->  Hash Join  (cost=19613.53..9693353.04 rows=1481 width=22) (actual time=43183.929..77413.001 rows=44070 loops=1)
                           Hash Cond: (store_sales.ss_item_sk = item.i_item_sk)
                           Buffers: shared hit=50548 read=5130834
                           ->  Hash Join  (cost=2570.08..9676237.49 rows=27469 width=18) (actual time=43072.822..77222.964 rows=646791 loops=1)
                                 Hash Cond: (store_sales.ss_sold_date_sk = date_dim.d_date_sk)
                                 Buffers: shared hit=37319 read=5129707
                                 ->  Seq Scan on store_sales  (cost=0.00..9485539.52 rows=71663793 width=22) (actual time=0.061..72952.383 rows=71083444 loops=1)
                                       Filter: ((ss_wholesale_cost >= '52'::numeric) AND (ss_wholesale_cost <= '72'::numeric))
                                       Rows Removed by Filter: 216913580
                                       Buffers: shared hit=35845 read=5129707
                                 ->  Hash  (cost=2569.73..2569.73 rows=28 width=4) (actual time=23.046..23.047 rows=28 loops=1)
                                       Buckets: 1024  Batches: 1  Memory Usage: 9kB
                                       Buffers: shared hit=1474
                                       ->  Seq Scan on date_dim  (cost=0.00..2569.73 rows=28 width=4) (actual time=11.155..23.033 rows=28 loops=1)
                                             Filter: ((d_year = 2001) AND (d_moy = 2))
                                             Rows Removed by Filter: 73021
                                             Buffers: shared hit=1474
                           ->  Hash  (cost=16906.00..16906.00 rows=10996 width=12) (actual time=110.988..110.989 rows=11037 loops=1)
                                 Buckets: 16384  Batches: 1  Memory Usage: 603kB
                                 Buffers: shared hit=13229 read=1127
                                 ->  Seq Scan on item  (cost=0.00..16906.00 rows=10996 width=12) (actual time=0.039..109.266 rows=11037 loops=1)
                                       Filter: (i_category = 'Women'::bpchar)
                                       Rows Removed by Filter: 192963
                                       Buffers: shared hit=13229 read=1127
                     ->  Index Scan using customer_pkey on customer  (cost=0.43..7.65 rows=1 width=8) (actual time=0.014..0.014 rows=0 loops=44070)
                           Index Cond: (c_customer_sk = store_sales.ss_customer_sk)
                           Filter: (c_birth_month = 8)
                           Rows Removed by Filter: 1
                           Buffers: shared hit=174064
               ->  Index Scan using customer_address_pkey on customer_address  (cost=0.42..7.65 rows=1 width=15) (actual time=0.015..0.015 rows=0 loops=5166)
                     Index Cond: (ca_address_sk = customer.c_current_addr_sk)
                     Filter: (ca_state = 'NH'::bpchar)
                     Rows Removed by Filter: 1
                     Buffers: shared hit=18905 read=1759
         ->  Index Scan using store_pkey on store  (cost=0.15..5.72 rows=1 width=15) (actual time=0.005..0.005 rows=1 loops=77)
               Index Cond: (s_store_sk = store_sales.ss_store_sk)
               Buffers: shared hit=149 read=5
 Planning:
   Buffers: shared hit=460
 Planning Time: 4.775 ms
 Execution Time: 78099.273 ms
(51 rows)

