                                                                              QUERY PLAN                                                                              
----------------------------------------------------------------------------------------------------------------------------------------------------------------------
 Aggregate  (cost=9740146.87..9740146.88 rows=1 width=40) (actual time=96922.127..96922.133 rows=1 loops=1)
   Buffers: shared hit=3429781 read=5156993
   ->  Nested Loop  (cost=2571.54..9740146.84 rows=4 width=14) (actual time=15217.848..96921.852 rows=133 loops=1)
         Join Filter: ("substring"((customer_address.ca_zip)::text, 1, 5) <> "substring"((store.s_zip)::text, 1, 5))
         Rows Removed by Join Filter: 3
         Buffers: shared hit=3429781 read=5156993
         ->  Nested Loop  (cost=2571.39..9740123.87 rows=4 width=29) (actual time=15217.818..96919.185 rows=139 loops=1)
               Buffers: shared hit=3429512 read=5156990
               ->  Nested Loop  (cost=2570.97..9739642.82 rows=63 width=25) (actual time=15148.754..96878.683 rows=1560 loops=1)
                     Buffers: shared hit=3423282 read=5156980
                     ->  Nested Loop  (cost=2570.55..9718318.26 rows=2788 width=18) (actual time=15130.504..93832.349 rows=123837 loops=1)
                           Buffers: shared hit=2940664 read=5144250
                           ->  Hash Join  (cost=2570.12..9591031.84 rows=16638 width=18) (actual time=15130.458..76623.026 rows=738363 loops=1)
                                 Hash Cond: (store_sales.ss_sold_date_sk = date_dim.d_date_sk)
                                 Buffers: shared hit=22796 read=5144230
                                 ->  Seq Scan on store_sales  (cost=0.00..9485539.52 rows=39206286 width=22) (actual time=0.050..73908.249 rows=39350281 loops=1)
                                       Filter: ((ss_wholesale_cost >= '29'::numeric) AND (ss_wholesale_cost <= '49'::numeric))
                                       Rows Removed by Filter: 248646743
                                       Buffers: shared hit=21322 read=5144230
                                 ->  Hash  (cost=2569.73..2569.73 rows=31 width=4) (actual time=19.425..19.426 rows=31 loops=1)
                                       Buckets: 1024  Batches: 1  Memory Usage: 10kB
                                       Buffers: shared hit=1474
                                       ->  Seq Scan on date_dim  (cost=0.00..2569.73 rows=31 width=4) (actual time=10.743..19.405 rows=31 loops=1)
                                             Filter: ((d_year = 1999) AND (d_moy = 3))
                                             Rows Removed by Filter: 73018
                                             Buffers: shared hit=1474
                           ->  Index Scan using customer_pkey on customer  (cost=0.43..7.65 rows=1 width=8) (actual time=0.023..0.023 rows=0 loops=738363)
                                 Index Cond: (c_customer_sk = store_sales.ss_customer_sk)
                                 Filter: (c_birth_month = 4)
                                 Rows Removed by Filter: 1
                                 Buffers: shared hit=2917868 read=20
                     ->  Index Scan using customer_address_pkey on customer_address  (cost=0.42..7.65 rows=1 width=15) (actual time=0.024..0.024 rows=0 loops=123837)
                           Index Cond: (ca_address_sk = customer.c_current_addr_sk)
                           Filter: (ca_state = 'AR'::bpchar)
                           Rows Removed by Filter: 1
                           Buffers: shared hit=482618 read=12730
               ->  Index Scan using item_pkey on item  (cost=0.42..7.64 rows=1 width=12) (actual time=0.025..0.025 rows=0 loops=1560)
                     Index Cond: (i_item_sk = store_sales.ss_item_sk)
                     Filter: (i_category = 'Men'::bpchar)
                     Rows Removed by Filter: 1
                     Buffers: shared hit=6230 read=10
         ->  Index Scan using store_pkey on store  (cost=0.15..5.72 rows=1 width=15) (actual time=0.013..0.013 rows=1 loops=139)
               Index Cond: (s_store_sk = store_sales.ss_store_sk)
               Buffers: shared hit=269 read=3
 Planning:
   Buffers: shared hit=460
 Planning Time: 5.507 ms
 Execution Time: 96922.485 ms
(48 rows)

