                                                                            QUERY PLAN                                                                            
------------------------------------------------------------------------------------------------------------------------------------------------------------------
 Aggregate  (cost=9628913.89..9628913.90 rows=1 width=40) (actual time=75985.068..75985.073 rows=1 loops=1)
   Buffers: shared hit=195813 read=5135559
   ->  Nested Loop  (cost=19688.67..9628913.86 rows=3 width=14) (actual time=33845.707..75984.938 rows=89 loops=1)
         Join Filter: ("substring"((customer_address.ca_zip)::text, 1, 5) <> "substring"((store.s_zip)::text, 1, 5))
         Rows Removed by Join Filter: 2
         Buffers: shared hit=195813 read=5135559
         ->  Nested Loop  (cost=19688.53..9628896.63 rows=3 width=29) (actual time=33845.684..75984.084 rows=91 loops=1)
               Buffers: shared hit=195631 read=5135559
               ->  Nested Loop  (cost=19688.10..9627366.83 rows=200 width=22) (actual time=33840.963..75934.191 rows=4624 loops=1)
                     Buffers: shared hit=177797 read=5134897
                     ->  Hash Join  (cost=19687.67..9616335.03 rows=1442 width=22) (actual time=33840.932..75617.734 rows=33209 loops=1)
                           Hash Cond: (store_sales.ss_item_sk = item.i_item_sk)
                           Buffers: shared hit=46486 read=5134896
                           ->  Hash Join  (cost=2570.11..9599171.86 rows=17375 width=18) (actual time=33723.664..75395.559 rows=795453 loops=1)
                                 Hash Cond: (store_sales.ss_sold_date_sk = date_dim.d_date_sk)
                                 Buffers: shared hit=33552 read=5133474
                                 ->  Seq Scan on store_sales  (cost=0.00..9485539.52 rows=42307078 width=22) (actual time=0.898..72680.508 rows=43022880 loops=1)
                                       Filter: ((ss_wholesale_cost >= '6'::numeric) AND (ss_wholesale_cost <= '26'::numeric))
                                       Rows Removed by Filter: 244974144
                                       Buffers: shared hit=32078 read=5133474
                                 ->  Hash  (cost=2569.73..2569.73 rows=30 width=4) (actual time=18.834..18.835 rows=30 loops=1)
                                       Buckets: 1024  Batches: 1  Memory Usage: 10kB
                                       Buffers: shared hit=1474
                                       ->  Seq Scan on date_dim  (cost=0.00..2569.73 rows=30 width=4) (actual time=8.555..18.806 rows=30 loops=1)
                                             Filter: ((d_year = 2000) AND (d_moy = 9))
                                             Rows Removed by Filter: 73019
                                             Buffers: shared hit=1474
                           ->  Hash  (cost=16906.00..16906.00 rows=16925 width=12) (actual time=117.067..117.068 rows=17141 loops=1)
                                 Buckets: 32768  Batches: 1  Memory Usage: 993kB
                                 Buffers: shared hit=12934 read=1422
                                 ->  Seq Scan on item  (cost=0.00..16906.00 rows=16925 width=12) (actual time=0.017..113.443 rows=17141 loops=1)
                                       Filter: (i_category = 'Home'::bpchar)
                                       Rows Removed by Filter: 186859
                                       Buffers: shared hit=12934 read=1422
                     ->  Index Scan using customer_pkey on customer  (cost=0.43..7.65 rows=1 width=8) (actual time=0.009..0.009 rows=0 loops=33209)
                           Index Cond: (c_customer_sk = store_sales.ss_customer_sk)
                           Filter: (c_birth_month = 10)
                           Rows Removed by Filter: 1
                           Buffers: shared hit=131311 read=1
               ->  Index Scan using customer_address_pkey on customer_address  (cost=0.42..7.65 rows=1 width=15) (actual time=0.011..0.011 rows=0 loops=4624)
                     Index Cond: (ca_address_sk = customer.c_current_addr_sk)
                     Filter: (ca_state = 'NY'::bpchar)
                     Rows Removed by Filter: 1
                     Buffers: shared hit=17834 read=662
         ->  Index Scan using store_pkey on store  (cost=0.15..5.72 rows=1 width=15) (actual time=0.005..0.005 rows=1 loops=91)
               Index Cond: (s_store_sk = store_sales.ss_store_sk)
               Buffers: shared hit=182
 Planning:
   Buffers: shared hit=460
 Planning Time: 3.099 ms
 Execution Time: 75985.445 ms
(51 rows)

