                                                                            QUERY PLAN                                                                            
------------------------------------------------------------------------------------------------------------------------------------------------------------------
 Aggregate  (cost=9664103.24..9664103.25 rows=1 width=40) (actual time=75637.469..75637.475 rows=1 loops=1)
   Buffers: shared hit=210254 read=5133870
   ->  Hash Join  (cost=19715.58..9664103.19 rows=7 width=14) (actual time=51288.499..75637.351 rows=77 loops=1)
         Hash Cond: (store_sales.ss_store_sk = store.s_store_sk)
         Join Filter: ("substring"((customer_address.ca_zip)::text, 1, 5) <> "substring"((store.s_zip)::text, 1, 5))
         Rows Removed by Join Filter: 3
         Buffers: shared hit=210254 read=5133870
         ->  Nested Loop  (cost=19688.54..9664076.12 rows=7 width=29) (actual time=51287.261..75635.888 rows=81 loops=1)
               Buffers: shared hit=210237 read=5133869
               ->  Nested Loop  (cost=19688.11..9662645.61 rows=187 width=22) (actual time=51260.234..75599.803 rows=3630 loops=1)
                     Buffers: shared hit=196293 read=5133293
                     ->  Hash Join  (cost=19687.68..9648002.86 rows=1914 width=22) (actual time=51258.399..75272.907 rows=37500 loops=1)
                           Hash Cond: (store_sales.ss_item_sk = item.i_item_sk)
                           Buffers: shared hit=48093 read=5133289
                           ->  Hash Join  (cost=2570.12..9630824.74 rows=23071 width=18) (actual time=51155.803..75059.125 rows=895512 loops=1)
                                 Hash Cond: (store_sales.ss_sold_date_sk = date_dim.d_date_sk)
                                 Buffers: shared hit=33962 read=5133064
                                 ->  Seq Scan on store_sales  (cost=0.00..9485539.52 rows=54364643 width=22) (actual time=0.054..71696.288 rows=53574682 loops=1)
                                       Filter: ((ss_wholesale_cost >= '45'::numeric) AND (ss_wholesale_cost <= '65'::numeric))
                                       Rows Removed by Filter: 234422342
                                       Buffers: shared hit=32488 read=5133064
                                 ->  Hash  (cost=2569.73..2569.73 rows=31 width=4) (actual time=22.424..22.425 rows=31 loops=1)
                                       Buckets: 1024  Batches: 1  Memory Usage: 10kB
                                       Buffers: shared hit=1474
                                       ->  Seq Scan on date_dim  (cost=0.00..2569.73 rows=31 width=4) (actual time=11.850..22.416 rows=31 loops=1)
                                             Filter: ((d_year = 2001) AND (d_moy = 8))
                                             Rows Removed by Filter: 73018
                                             Buffers: shared hit=1474
                           ->  Hash  (cost=16906.00..16906.00 rows=16925 width=12) (actual time=102.387..102.388 rows=17141 loops=1)
                                 Buckets: 32768  Batches: 1  Memory Usage: 993kB
                                 Buffers: shared hit=14131 read=225
                                 ->  Seq Scan on item  (cost=0.00..16906.00 rows=16925 width=12) (actual time=0.019..99.733 rows=17141 loops=1)
                                       Filter: (i_category = 'Home'::bpchar)
                                       Rows Removed by Filter: 186859
                                       Buffers: shared hit=14131 read=225
                     ->  Index Scan using customer_pkey on customer  (cost=0.43..7.65 rows=1 width=8) (actual time=0.009..0.009 rows=0 loops=37500)
                           Index Cond: (c_customer_sk = store_sales.ss_customer_sk)
                           Filter: (c_birth_month = 2)
                           Rows Removed by Filter: 1
                           Buffers: shared hit=148200 read=4
               ->  Index Scan using customer_address_pkey on customer_address  (cost=0.42..7.65 rows=1 width=15) (actual time=0.010..0.010 rows=0 loops=3630)
                     Index Cond: (ca_address_sk = customer.c_current_addr_sk)
                     Filter: (ca_state = 'KY'::bpchar)
                     Rows Removed by Filter: 1
                     Buffers: shared hit=13944 read=576
         ->  Hash  (cost=22.02..22.02 rows=402 width=15) (actual time=1.220..1.221 rows=402 loops=1)
               Buckets: 1024  Batches: 1  Memory Usage: 27kB
               Buffers: shared hit=17 read=1
               ->  Seq Scan on store  (cost=0.00..22.02 rows=402 width=15) (actual time=0.019..1.133 rows=402 loops=1)
                     Buffers: shared hit=17 read=1
 Planning:
   Buffers: shared hit=460
 Planning Time: 2.164 ms
 Execution Time: 75637.761 ms
(54 rows)

