                                                                            QUERY PLAN                                                                            
------------------------------------------------------------------------------------------------------------------------------------------------------------------
 Aggregate  (cost=9657404.23..9657404.24 rows=1 width=40) (actual time=71121.282..71121.288 rows=1 loops=1)
   Buffers: shared hit=511024 read=5132584
   ->  Hash Join  (cost=20034.16..9657404.16 rows=9 width=14) (actual time=52722.484..71121.136 rows=89 loops=1)
         Hash Cond: (store_sales.ss_store_sk = store.s_store_sk)
         Join Filter: ("substring"((customer_address.ca_zip)::text, 1, 5) <> "substring"((store.s_zip)::text, 1, 5))
         Rows Removed by Join Filter: 2
         Buffers: shared hit=511024 read=5132584
         ->  Nested Loop  (cost=20007.11..9657377.09 rows=9 width=29) (actual time=52721.787..71120.147 rows=91 loops=1)
               Buffers: shared hit=511006 read=5132584
               ->  Nested Loop  (cost=20006.69..9655907.80 rows=192 width=22) (actual time=52705.087..71003.081 rows=5236 loops=1)
                     Buffers: shared hit=490905 read=5131741
                     ->  Hash Join  (cost=20006.26..9625956.72 rows=3915 width=22) (actual time=52705.053..68892.741 rows=111682 loops=1)
                           Hash Cond: (store_sales.ss_item_sk = item.i_item_sk)
                           Buffers: shared hit=49652 read=5131730
                           ->  Hash Join  (cost=2570.11..9608471.14 rows=18830 width=18) (actual time=52597.508..68664.620 rows=570692 loops=1)
                                 Hash Cond: (store_sales.ss_sold_date_sk = date_dim.d_date_sk)
                                 Buffers: shared hit=35509 read=5131517
                                 ->  Seq Scan on store_sales  (cost=0.00..9485539.52 rows=45849467 width=22) (actual time=0.038..65755.061 rows=46160898 loops=1)
                                       Filter: ((ss_wholesale_cost >= '80'::numeric) AND (ss_wholesale_cost <= '100'::numeric))
                                       Rows Removed by Filter: 241836126
                                       Buffers: shared hit=34035 read=5131517
                                 ->  Hash  (cost=2569.73..2569.73 rows=30 width=4) (actual time=20.500..20.500 rows=31 loops=1)
                                       Buckets: 1024  Batches: 1  Memory Usage: 10kB
                                       Buffers: shared hit=1474
                                       ->  Seq Scan on date_dim  (cost=0.00..2569.73 rows=30 width=4) (actual time=10.334..20.489 rows=31 loops=1)
                                             Filter: ((d_year = 2002) AND (d_moy = 5))
                                             Rows Removed by Filter: 73018
                                             Buffers: shared hit=1474
                           ->  Hash  (cost=16906.00..16906.00 rows=42412 width=12) (actual time=107.306..107.306 rows=42041 loops=1)
                                 Buckets: 65536  Batches: 1  Memory Usage: 2319kB
                                 Buffers: shared hit=14143 read=213
                                 ->  Seq Scan on item  (cost=0.00..16906.00 rows=42412 width=12) (actual time=0.018..101.022 rows=42041 loops=1)
                                       Filter: (i_category = 'Electronics'::bpchar)
                                       Rows Removed by Filter: 161959
                                       Buffers: shared hit=14143 read=213
                     ->  Index Scan using customer_pkey on customer  (cost=0.43..7.65 rows=1 width=8) (actual time=0.019..0.019 rows=0 loops=111682)
                           Index Cond: (c_customer_sk = store_sales.ss_customer_sk)
                           Filter: (c_birth_month = 7)
                           Rows Removed by Filter: 1
                           Buffers: shared hit=441253 read=11
               ->  Index Scan using customer_address_pkey on customer_address  (cost=0.42..7.65 rows=1 width=15) (actual time=0.022..0.022 rows=0 loops=5236)
                     Index Cond: (ca_address_sk = customer.c_current_addr_sk)
                     Filter: (ca_state = 'VA'::bpchar)
                     Rows Removed by Filter: 1
                     Buffers: shared hit=20101 read=843
         ->  Hash  (cost=22.02..22.02 rows=402 width=15) (actual time=0.668..0.669 rows=402 loops=1)
               Buckets: 1024  Batches: 1  Memory Usage: 27kB
               Buffers: shared hit=18
               ->  Seq Scan on store  (cost=0.00..22.02 rows=402 width=15) (actual time=0.026..0.532 rows=402 loops=1)
                     Buffers: shared hit=18
 Planning:
   Buffers: shared hit=460
 Planning Time: 4.171 ms
 Execution Time: 71121.777 ms
(54 rows)

