                                                                            QUERY PLAN                                                                            
------------------------------------------------------------------------------------------------------------------------------------------------------------------
 Aggregate  (cost=9661965.88..9661965.89 rows=1 width=40) (actual time=72557.586..72557.591 rows=1 loops=1)
   Buffers: shared hit=70336 read=5127082
   ->  Nested Loop  (cost=16953.88..9661965.87 rows=1 width=14) (actual time=22626.189..72557.574 rows=5 loops=1)
         Join Filter: ("substring"((customer_address.ca_zip)::text, 1, 5) <> "substring"((store.s_zip)::text, 1, 5))
         Buffers: shared hit=70336 read=5127082
         ->  Nested Loop  (cost=16953.73..9661960.13 rows=1 width=29) (actual time=22626.165..72557.505 rows=5 loops=1)
               Buffers: shared hit=70326 read=5127082
               ->  Nested Loop  (cost=16953.31..9661707.68 rows=33 width=22) (actual time=22617.497..72554.666 rows=235 loops=1)
                     Buffers: shared hit=69461 read=5127007
                     ->  Nested Loop  (cost=16952.88..9659167.77 rows=332 width=22) (actual time=22615.135..72527.038 rows=2631 loops=1)
                           Buffers: shared hit=59109 read=5127003
                           ->  Hash Join  (cost=16952.58..9622849.45 rows=837427 width=26) (actual time=122.538..72338.978 rows=412858 loops=1)
                                 Hash Cond: (store_sales.ss_item_sk = item.i_item_sk)
                                 Buffers: shared hit=53091 read=5126817
                                 ->  Seq Scan on store_sales  (cost=0.00..9485539.52 rows=45849467 width=22) (actual time=0.063..67915.259 rows=46160898 loops=1)
                                       Filter: ((ss_wholesale_cost >= '80'::numeric) AND (ss_wholesale_cost <= '100'::numeric))
                                       Rows Removed by Filter: 241836126
                                       Buffers: shared hit=38936 read=5126616
                                 ->  Hash  (cost=16906.00..16906.00 rows=3726 width=12) (actual time=122.230..122.231 rows=3713 loops=1)
                                       Buckets: 4096  Batches: 1  Memory Usage: 192kB
                                       Buffers: shared hit=14155 read=201
                                       ->  Seq Scan on item  (cost=0.00..16906.00 rows=3726 width=12) (actual time=0.094..121.547 rows=3713 loops=1)
                                             Filter: (i_category = 'Music'::bpchar)
                                             Rows Removed by Filter: 200287
                                             Buffers: shared hit=14155 read=201
                           ->  Memoize  (cost=0.30..7.51 rows=1 width=4) (actual time=0.000..0.000 rows=0 loops=412858)
                                 Cache Key: store_sales.ss_sold_date_sk
                                 Cache Mode: logical
                                 Hits: 410789  Misses: 2069  Evictions: 0  Overflows: 0  Memory Usage: 139kB
                                 Buffers: shared hit=6018 read=186
                                 ->  Index Scan using date_dim_pkey on date_dim  (cost=0.29..7.50 rows=1 width=4) (actual time=0.021..0.021 rows=0 loops=2069)
                                       Index Cond: (d_date_sk = store_sales.ss_sold_date_sk)
                                       Filter: ((d_year = 1999) AND (d_moy = 11))
                                       Rows Removed by Filter: 1
                                       Buffers: shared hit=6018 read=186
                     ->  Index Scan using customer_pkey on customer  (cost=0.43..7.65 rows=1 width=8) (actual time=0.010..0.010 rows=0 loops=2631)
                           Index Cond: (c_customer_sk = store_sales.ss_customer_sk)
                           Filter: (c_birth_month = 1)
                           Rows Removed by Filter: 1
                           Buffers: shared hit=10352 read=4
               ->  Index Scan using customer_address_pkey on customer_address  (cost=0.42..7.65 rows=1 width=15) (actual time=0.012..0.012 rows=0 loops=235)
                     Index Cond: (ca_address_sk = customer.c_current_addr_sk)
                     Filter: (ca_state = 'FL'::bpchar)
                     Rows Removed by Filter: 1
                     Buffers: shared hit=865 read=75
         ->  Index Scan using store_pkey on store  (cost=0.15..5.72 rows=1 width=15) (actual time=0.009..0.009 rows=1 loops=5)
               Index Cond: (s_store_sk = store_sales.ss_store_sk)
               Buffers: shared hit=10
 Planning:
   Buffers: shared hit=460
 Planning Time: 4.867 ms
 Execution Time: 72558.201 ms
(52 rows)

