                                                                            QUERY PLAN                                                                            
------------------------------------------------------------------------------------------------------------------------------------------------------------------
 Aggregate  (cost=9770879.34..9770879.35 rows=1 width=40) (actual time=80935.705..80935.711 rows=1 loops=1)
   Buffers: shared hit=495210 read=5139722
   ->  Hash Join  (cost=19838.82..9770879.20 rows=19 width=14) (actual time=59249.618..80935.446 rows=305 loops=1)
         Hash Cond: (store_sales.ss_store_sk = store.s_store_sk)
         Join Filter: ("substring"((customer_address.ca_zip)::text, 1, 5) <> "substring"((store.s_zip)::text, 1, 5))
         Rows Removed by Join Filter: 7
         Buffers: shared hit=495210 read=5139722
         ->  Nested Loop  (cost=19811.78..9770852.10 rows=19 width=29) (actual time=59248.649..80933.797 rows=313 loops=1)
               Buffers: shared hit=495193 read=5139721
               ->  Nested Loop  (cost=19811.35..9765941.42 rows=642 width=22) (actual time=59201.594..80604.753 rows=13966 loops=1)
                     Buffers: shared hit=446924 read=5132126
                     ->  Hash Join  (cost=19810.92..9730566.31 rows=4624 width=22) (actual time=59201.309..78640.926 rows=100629 loops=1)
                           Hash Cond: (store_sales.ss_item_sk = item.i_item_sk)
                           Buffers: shared hit=52980 read=5128402
                           ->  Hash Join  (cost=2570.11..9713233.05 rows=35219 width=18) (actual time=59100.397..78403.979 rows=681189 loops=1)
                                 Hash Cond: (store_sales.ss_sold_date_sk = date_dim.d_date_sk)
                                 Buffers: shared hit=38624 read=5128402
                                 ->  Seq Scan on store_sales  (cost=0.00..9485539.52 rows=85756551 width=22) (actual time=0.049..73201.329 rows=85367142 loops=1)
                                       Filter: ((ss_wholesale_cost >= '63'::numeric) AND (ss_wholesale_cost <= '83'::numeric))
                                       Rows Removed by Filter: 202629882
                                       Buffers: shared hit=37729 read=5127823
                                 ->  Hash  (cost=2569.73..2569.73 rows=30 width=4) (actual time=19.782..19.783 rows=30 loops=1)
                                       Buckets: 1024  Batches: 1  Memory Usage: 10kB
                                       Buffers: shared hit=895 read=579
                                       ->  Seq Scan on date_dim  (cost=0.00..2569.73 rows=30 width=4) (actual time=11.602..19.770 rows=30 loops=1)
                                             Filter: ((d_year = 2002) AND (d_moy = 4))
                                             Rows Removed by Filter: 73019
                                             Buffers: shared hit=895 read=579
                           ->  Hash  (cost=16906.00..16906.00 rows=26785 width=12) (actual time=100.731..100.732 rows=26695 loops=1)
                                 Buckets: 32768  Batches: 1  Memory Usage: 1403kB
                                 Buffers: shared hit=14356
                                 ->  Seq Scan on item  (cost=0.00..16906.00 rows=26785 width=12) (actual time=0.011..96.927 rows=26695 loops=1)
                                       Filter: (i_category = 'Children'::bpchar)
                                       Rows Removed by Filter: 177305
                                       Buffers: shared hit=14356
                     ->  Index Scan using customer_pkey on customer  (cost=0.43..7.65 rows=1 width=8) (actual time=0.019..0.019 rows=0 loops=100629)
                           Index Cond: (c_customer_sk = store_sales.ss_customer_sk)
                           Filter: (c_birth_month = 10)
                           Rows Removed by Filter: 1
                           Buffers: shared hit=393944 read=3724
               ->  Index Scan using customer_address_pkey on customer_address  (cost=0.42..7.65 rows=1 width=15) (actual time=0.023..0.023 rows=0 loops=13966)
                     Index Cond: (ca_address_sk = customer.c_current_addr_sk)
                     Filter: (ca_state = 'NE'::bpchar)
                     Rows Removed by Filter: 1
                     Buffers: shared hit=48269 read=7595
         ->  Hash  (cost=22.02..22.02 rows=402 width=15) (actual time=0.937..0.937 rows=402 loops=1)
               Buckets: 1024  Batches: 1  Memory Usage: 27kB
               Buffers: shared hit=17 read=1
               ->  Seq Scan on store  (cost=0.00..22.02 rows=402 width=15) (actual time=0.027..0.776 rows=402 loops=1)
                     Buffers: shared hit=17 read=1
 Planning:
   Buffers: shared hit=460
 Planning Time: 4.687 ms
 Execution Time: 80936.213 ms
(54 rows)

