                                                                            QUERY PLAN                                                                            
------------------------------------------------------------------------------------------------------------------------------------------------------------------
 Aggregate  (cost=9646016.10..9646016.11 rows=1 width=40) (actual time=72198.292..72198.299 rows=1 loops=1)
   Buffers: shared hit=368942 read=5133494
   ->  Hash Join  (cost=19838.82..9646016.05 rows=7 width=14) (actual time=41344.040..72198.138 rows=108 loops=1)
         Hash Cond: (store_sales.ss_store_sk = store.s_store_sk)
         Join Filter: ("substring"((customer_address.ca_zip)::text, 1, 5) <> "substring"((store.s_zip)::text, 1, 5))
         Buffers: shared hit=368942 read=5133494
         ->  Nested Loop  (cost=19811.78..9645988.99 rows=7 width=29) (actual time=41343.518..72197.322 rows=108 loops=1)
               Buffers: shared hit=368924 read=5133494
               ->  Nested Loop  (cost=19811.35..9644673.02 rows=172 width=22) (actual time=41337.382..72091.209 rows=5180 loops=1)
                     Buffers: shared hit=351332 read=5130366
                     ->  Hash Join  (cost=19810.92..9625761.39 rows=2472 width=22) (actual time=41336.924..70819.305 rows=75944 loops=1)
                           Hash Cond: (store_sales.ss_item_sk = item.i_item_sk)
                           Buffers: shared hit=55741 read=5125641
                           ->  Hash Join  (cost=2570.11..9608471.14 rows=18830 width=18) (actual time=41225.808..70588.899 rows=707163 loops=1)
                                 Hash Cond: (store_sales.ss_sold_date_sk = date_dim.d_date_sk)
                                 Buffers: shared hit=41385 read=5125641
                                 ->  Seq Scan on store_sales  (cost=0.00..9485539.52 rows=45849467 width=22) (actual time=0.208..67614.394 rows=46160898 loops=1)
                                       Filter: ((ss_wholesale_cost >= '80'::numeric) AND (ss_wholesale_cost <= '100'::numeric))
                                       Rows Removed by Filter: 241836126
                                       Buffers: shared hit=40375 read=5125177
                                 ->  Hash  (cost=2569.73..2569.73 rows=30 width=4) (actual time=19.529..19.530 rows=30 loops=1)
                                       Buckets: 1024  Batches: 1  Memory Usage: 10kB
                                       Buffers: shared hit=1010 read=464
                                       ->  Seq Scan on date_dim  (cost=0.00..2569.73 rows=30 width=4) (actual time=10.194..19.521 rows=30 loops=1)
                                             Filter: ((d_year = 2001) AND (d_moy = 4))
                                             Rows Removed by Filter: 73019
                                             Buffers: shared hit=1010 read=464
                           ->  Hash  (cost=16906.00..16906.00 rows=26785 width=12) (actual time=110.960..110.961 rows=26695 loops=1)
                                 Buckets: 32768  Batches: 1  Memory Usage: 1403kB
                                 Buffers: shared hit=14356
                                 ->  Seq Scan on item  (cost=0.00..16906.00 rows=26785 width=12) (actual time=0.014..106.764 rows=26695 loops=1)
                                       Filter: (i_category = 'Children'::bpchar)
                                       Rows Removed by Filter: 177305
                                       Buffers: shared hit=14356
                     ->  Index Scan using customer_pkey on customer  (cost=0.43..7.65 rows=1 width=8) (actual time=0.017..0.017 rows=0 loops=75944)
                           Index Cond: (c_customer_sk = store_sales.ss_customer_sk)
                           Filter: (c_birth_month = 12)
                           Rows Removed by Filter: 1
                           Buffers: shared hit=295591 read=4725
               ->  Index Scan using customer_address_pkey on customer_address  (cost=0.42..7.65 rows=1 width=15) (actual time=0.020..0.020 rows=0 loops=5180)
                     Index Cond: (ca_address_sk = customer.c_current_addr_sk)
                     Filter: (ca_state = 'KY'::bpchar)
                     Rows Removed by Filter: 1
                     Buffers: shared hit=17592 read=3128
         ->  Hash  (cost=22.02..22.02 rows=402 width=15) (actual time=0.497..0.498 rows=402 loops=1)
               Buckets: 1024  Batches: 1  Memory Usage: 27kB
               Buffers: shared hit=18
               ->  Seq Scan on store  (cost=0.00..22.02 rows=402 width=15) (actual time=0.019..0.398 rows=402 loops=1)
                     Buffers: shared hit=18
 Planning:
   Buffers: shared hit=460
 Planning Time: 3.908 ms
 Execution Time: 72198.675 ms
(53 rows)

