                                                                            QUERY PLAN                                                                            
------------------------------------------------------------------------------------------------------------------------------------------------------------------
 Aggregate  (cost=9627894.66..9627894.67 rows=1 width=40) (actual time=76740.780..76740.786 rows=1 loops=1)
   Buffers: shared hit=184960 read=5121004
   ->  Nested Loop  (cost=19688.68..9627894.65 rows=1 width=14) (actual time=7199.592..76740.762 rows=7 loops=1)
         Join Filter: ("substring"((customer_address.ca_zip)::text, 1, 5) <> "substring"((store.s_zip)::text, 1, 5))
         Buffers: shared hit=184960 read=5121004
         ->  Nested Loop  (cost=19688.54..9627888.91 rows=1 width=29) (actual time=7199.576..76740.681 rows=7 loops=1)
               Buffers: shared hit=184946 read=5121004
               ->  Nested Loop  (cost=19688.11..9627735.58 rows=20 width=22) (actual time=7190.740..76735.149 rows=419 loops=1)
                     Buffers: shared hit=183574 read=5120700
                     ->  Hash Join  (cost=19687.68..9616336.57 rows=1490 width=22) (actual time=7179.686..76432.905 rows=31070 loops=1)
                           Hash Cond: (store_sales.ss_item_sk = item.i_item_sk)
                           Buffers: shared hit=61965 read=5119417
                           ->  Hash Join  (cost=2570.12..9599171.87 rows=17954 width=18) (actual time=7054.570..76224.483 rows=728277 loops=1)
                                 Hash Cond: (store_sales.ss_sold_date_sk = date_dim.d_date_sk)
                                 Buffers: shared hit=48099 read=5118927
                                 ->  Seq Scan on store_sales  (cost=0.00..9485539.52 rows=42307078 width=22) (actual time=0.255..73464.168 rows=43022880 loops=1)
                                       Filter: ((ss_wholesale_cost >= '4'::numeric) AND (ss_wholesale_cost <= '24'::numeric))
                                       Rows Removed by Filter: 244974144
                                       Buffers: shared hit=46625 read=5118927
                                 ->  Hash  (cost=2569.73..2569.73 rows=31 width=4) (actual time=19.753..19.754 rows=31 loops=1)
                                       Buckets: 1024  Batches: 1  Memory Usage: 10kB
                                       Buffers: shared hit=1474
                                       ->  Seq Scan on date_dim  (cost=0.00..2569.73 rows=31 width=4) (actual time=10.612..19.742 rows=31 loops=1)
                                             Filter: ((d_year = 1998) AND (d_moy = 7))
                                             Rows Removed by Filter: 73018
                                             Buffers: shared hit=1474
                           ->  Hash  (cost=16906.00..16906.00 rows=16925 width=12) (actual time=112.664..112.665 rows=17141 loops=1)
                                 Buckets: 32768  Batches: 1  Memory Usage: 993kB
                                 Buffers: shared hit=13866 read=490
                                 ->  Seq Scan on item  (cost=0.00..16906.00 rows=16925 width=12) (actual time=0.018..109.887 rows=17141 loops=1)
                                       Filter: (i_category = 'Home'::bpchar)
                                       Rows Removed by Filter: 186859
                                       Buffers: shared hit=13866 read=490
                     ->  Index Scan using customer_pkey on customer  (cost=0.43..7.65 rows=1 width=8) (actual time=0.010..0.010 rows=0 loops=31070)
                           Index Cond: (c_customer_sk = store_sales.ss_customer_sk)
                           Filter: (c_birth_month = 5)
                           Rows Removed by Filter: 1
                           Buffers: shared hit=121609 read=1283
               ->  Index Scan using customer_address_pkey on customer_address  (cost=0.42..7.67 rows=1 width=15) (actual time=0.013..0.013 rows=0 loops=419)
                     Index Cond: (ca_address_sk = customer.c_current_addr_sk)
                     Filter: (ca_state = 'GA'::bpchar)
                     Rows Removed by Filter: 1
                     Buffers: shared hit=1372 read=304
         ->  Index Scan using store_pkey on store  (cost=0.15..5.72 rows=1 width=15) (actual time=0.006..0.006 rows=1 loops=7)
               Index Cond: (s_store_sk = store_sales.ss_store_sk)
               Buffers: shared hit=14
 Planning:
   Buffers: shared hit=460
 Planning Time: 4.350 ms
 Execution Time: 76741.263 ms
(50 rows)

