                                                                              QUERY PLAN                                                                              
----------------------------------------------------------------------------------------------------------------------------------------------------------------------
 Aggregate  (cost=9777414.69..9777414.70 rows=1 width=40) (actual time=93848.384..93848.390 rows=1 loops=1)
   Buffers: shared hit=3530728 read=5170774
   ->  Nested Loop  (cost=2571.53..9777414.66 rows=4 width=14) (actual time=5178.318..93848.277 rows=40 loops=1)
         Join Filter: ("substring"((customer_address.ca_zip)::text, 1, 5) <> "substring"((store.s_zip)::text, 1, 5))
         Buffers: shared hit=3530728 read=5170774
         ->  Nested Loop  (cost=2571.38..9777391.69 rows=4 width=29) (actual time=5178.284..93847.608 rows=40 loops=1)
               Buffers: shared hit=3530650 read=5170772
               ->  Nested Loop  (cost=2570.96..9776658.67 rows=96 width=25) (actual time=3865.931..93784.757 rows=2102 loops=1)
                     Buffers: shared hit=3523142 read=5169872
                     ->  Nested Loop  (cost=2570.54..9752527.03 rows=3155 width=18) (actual time=3855.225..90506.379 rows=127431 loops=1)
                           Buffers: shared hit=3031234 read=5152056
                           ->  Hash Join  (cost=2570.11..9608471.14 rows=18830 width=18) (actual time=3855.129..72031.201 rows=763364 loops=1)
                                 Hash Cond: (store_sales.ss_sold_date_sk = date_dim.d_date_sk)
                                 Buffers: shared hit=19723 read=5147303
                                 ->  Seq Scan on store_sales  (cost=0.00..9485539.52 rows=45849467 width=22) (actual time=1.050..68823.817 rows=46160898 loops=1)
                                       Filter: ((ss_wholesale_cost >= '80'::numeric) AND (ss_wholesale_cost <= '100'::numeric))
                                       Rows Removed by Filter: 241836126
                                       Buffers: shared hit=18249 read=5147303
                                 ->  Hash  (cost=2569.73..2569.73 rows=30 width=4) (actual time=20.136..20.137 rows=31 loops=1)
                                       Buckets: 1024  Batches: 1  Memory Usage: 10kB
                                       Buffers: shared hit=1474
                                       ->  Seq Scan on date_dim  (cost=0.00..2569.73 rows=30 width=4) (actual time=10.621..20.120 rows=31 loops=1)
                                             Filter: ((d_year = 1998) AND (d_moy = 5))
                                             Rows Removed by Filter: 73018
                                             Buffers: shared hit=1474
                           ->  Index Scan using customer_pkey on customer  (cost=0.43..7.65 rows=1 width=8) (actual time=0.024..0.024 rows=0 loops=763364)
                                 Index Cond: (c_customer_sk = store_sales.ss_customer_sk)
                                 Filter: (c_birth_month = 4)
                                 Rows Removed by Filter: 1
                                 Buffers: shared hit=3011511 read=4753
                     ->  Index Scan using customer_address_pkey on customer_address  (cost=0.42..7.65 rows=1 width=15) (actual time=0.025..0.025 rows=0 loops=127431)
                           Index Cond: (ca_address_sk = customer.c_current_addr_sk)
                           Filter: (ca_state = 'IL'::bpchar)
                           Rows Removed by Filter: 1
                           Buffers: shared hit=491908 read=17816
               ->  Index Scan using item_pkey on item  (cost=0.42..7.64 rows=1 width=12) (actual time=0.029..0.029 rows=0 loops=2102)
                     Index Cond: (i_item_sk = store_sales.ss_item_sk)
                     Filter: (i_category = 'Jewelry'::bpchar)
                     Rows Removed by Filter: 1
                     Buffers: shared hit=7508 read=900
         ->  Index Scan using store_pkey on store  (cost=0.15..5.72 rows=1 width=15) (actual time=0.010..0.010 rows=1 loops=40)
               Index Cond: (s_store_sk = store_sales.ss_store_sk)
               Buffers: shared hit=78 read=2
 Planning:
   Buffers: shared hit=460
 Planning Time: 4.738 ms
 Execution Time: 93848.870 ms
(47 rows)

