                                                                            QUERY PLAN                                                                            
------------------------------------------------------------------------------------------------------------------------------------------------------------------
 Aggregate  (cost=9646414.45..9646414.46 rows=1 width=40) (actual time=72365.608..72365.615 rows=1 loops=1)
   Buffers: shared hit=451144 read=5139328
   ->  Hash Join  (cost=19817.15..9646414.40 rows=6 width=14) (actual time=150.787..72365.246 rows=308 loops=1)
         Hash Cond: (store_sales.ss_store_sk = store.s_store_sk)
         Join Filter: ("substring"((customer_address.ca_zip)::text, 1, 5) <> "substring"((store.s_zip)::text, 1, 5))
         Rows Removed by Join Filter: 4
         Buffers: shared hit=451144 read=5139328
         ->  Nested Loop  (cost=19790.10..9646387.34 rows=6 width=29) (actual time=149.888..72363.526 rows=314 loops=1)
               Buffers: shared hit=451129 read=5139325
               ->  Nested Loop  (cost=19789.68..9643427.30 rows=387 width=22) (actual time=146.134..72126.639 rows=14792 loops=1)
                     Buffers: shared hit=393510 read=5137776
                     ->  Hash Join  (cost=19789.25..9625739.71 rows=2312 width=22) (actual time=145.901..70775.868 rows=88550 loops=1)
                           Hash Cond: (store_sales.ss_item_sk = item.i_item_sk)
                           Buffers: shared hit=43727 read=5137655
                           ->  Hash Join  (cost=2570.11..9608471.14 rows=18830 width=18) (actual time=22.384..70478.572 rows=1011053 loops=1)
                                 Hash Cond: (store_sales.ss_sold_date_sk = date_dim.d_date_sk)
                                 Buffers: shared hit=32433 read=5134593
                                 ->  Seq Scan on store_sales  (cost=0.00..9485539.52 rows=45849467 width=22) (actual time=0.029..67412.806 rows=46160898 loops=1)
                                       Filter: ((ss_wholesale_cost >= '80'::numeric) AND (ss_wholesale_cost <= '100'::numeric))
                                       Rows Removed by Filter: 241836126
                                       Buffers: shared hit=30959 read=5134593
                                 ->  Hash  (cost=2569.73..2569.73 rows=30 width=4) (actual time=22.335..22.336 rows=31 loops=1)
                                       Buckets: 1024  Batches: 1  Memory Usage: 10kB
                                       Buffers: shared hit=1474
                                       ->  Seq Scan on date_dim  (cost=0.00..2569.73 rows=30 width=4) (actual time=10.604..22.323 rows=31 loops=1)
                                             Filter: ((d_year = 1998) AND (d_moy = 1))
                                             Rows Removed by Filter: 73018
                                             Buffers: shared hit=1474
                           ->  Hash  (cost=16906.00..16906.00 rows=25051 width=12) (actual time=123.366..123.366 rows=24688 loops=1)
                                 Buckets: 32768  Batches: 1  Memory Usage: 1317kB
                                 Buffers: shared hit=11294 read=3062
                                 ->  Seq Scan on item  (cost=0.00..16906.00 rows=25051 width=12) (actual time=0.017..119.343 rows=24688 loops=1)
                                       Filter: (i_category = 'Books'::bpchar)
                                       Rows Removed by Filter: 179312
                                       Buffers: shared hit=11294 read=3062
                     ->  Index Scan using customer_pkey on customer  (cost=0.43..7.65 rows=1 width=8) (actual time=0.015..0.015 rows=0 loops=88550)
                           Index Cond: (c_customer_sk = store_sales.ss_customer_sk)
                           Filter: (c_birth_month = 4)
                           Rows Removed by Filter: 1
                           Buffers: shared hit=349783 read=121
               ->  Index Scan using customer_address_pkey on customer_address  (cost=0.42..7.65 rows=1 width=15) (actual time=0.016..0.016 rows=0 loops=14792)
                     Index Cond: (ca_address_sk = customer.c_current_addr_sk)
                     Filter: (ca_state = 'MT'::bpchar)
                     Rows Removed by Filter: 1
                     Buffers: shared hit=57619 read=1549
         ->  Hash  (cost=22.02..22.02 rows=402 width=15) (actual time=0.878..0.878 rows=402 loops=1)
               Buckets: 1024  Batches: 1  Memory Usage: 27kB
               Buffers: shared hit=15 read=3
               ->  Seq Scan on store  (cost=0.00..22.02 rows=402 width=15) (actual time=0.018..0.783 rows=402 loops=1)
                     Buffers: shared hit=15 read=3
 Planning:
   Buffers: shared hit=460
 Planning Time: 2.834 ms
 Execution Time: 72365.948 ms
(54 rows)

