                                                                            QUERY PLAN                                                                            
------------------------------------------------------------------------------------------------------------------------------------------------------------------
 Aggregate  (cost=9641754.21..9641754.22 rows=1 width=40) (actual time=71429.194..71429.200 rows=1 loops=1)
   Buffers: shared hit=227509 read=5134149
   ->  Nested Loop  (cost=19750.21..9641754.20 rows=2 width=14) (actual time=21024.728..71429.122 rows=44 loops=1)
         Join Filter: ("substring"((customer_address.ca_zip)::text, 1, 5) <> "substring"((store.s_zip)::text, 1, 5))
         Buffers: shared hit=227509 read=5134149
         ->  Nested Loop  (cost=19750.06..9641742.71 rows=2 width=29) (actual time=21024.693..71428.349 rows=44 loops=1)
               Buffers: shared hit=227423 read=5134147
               ->  Nested Loop  (cost=19749.64..9641130.41 rows=80 width=22) (actual time=20996.048..71401.559 rows=1819 loops=1)
                     Buffers: shared hit=220396 read=5133898
                     ->  Hash Join  (cost=19749.21..9625699.67 rows=2017 width=22) (actual time=20994.413..70771.423 rows=43713 loops=1)
                           Hash Cond: (store_sales.ss_item_sk = item.i_item_sk)
                           Buffers: shared hit=47534 read=5133848
                           ->  Hash Join  (cost=2570.11..9608471.14 rows=18830 width=18) (actual time=20853.485..70578.783 rows=509970 loops=1)
                                 Hash Cond: (store_sales.ss_sold_date_sk = date_dim.d_date_sk)
                                 Buffers: shared hit=33858 read=5133168
                                 ->  Seq Scan on store_sales  (cost=0.00..9485539.52 rows=45849467 width=22) (actual time=0.045..67634.569 rows=46160898 loops=1)
                                       Filter: ((ss_wholesale_cost >= '80'::numeric) AND (ss_wholesale_cost <= '100'::numeric))
                                       Rows Removed by Filter: 241836126
                                       Buffers: shared hit=32384 read=5133168
                                 ->  Hash  (cost=2569.73..2569.73 rows=30 width=4) (actual time=20.147..20.148 rows=30 loops=1)
                                       Buckets: 1024  Batches: 1  Memory Usage: 10kB
                                       Buffers: shared hit=1474
                                       ->  Seq Scan on date_dim  (cost=0.00..2569.73 rows=30 width=4) (actual time=11.037..20.138 rows=30 loops=1)
                                             Filter: ((d_year = 1999) AND (d_moy = 9))
                                             Rows Removed by Filter: 73019
                                             Buffers: shared hit=1474
                           ->  Hash  (cost=16906.00..16906.00 rows=21848 width=12) (actual time=116.819..116.820 rows=21811 loops=1)
                                 Buckets: 32768  Batches: 1  Memory Usage: 1193kB
                                 Buffers: shared hit=13676 read=680
                                 ->  Seq Scan on item  (cost=0.00..16906.00 rows=21848 width=12) (actual time=0.023..113.227 rows=21811 loops=1)
                                       Filter: (i_category = 'Sports'::bpchar)
                                       Rows Removed by Filter: 182189
                                       Buffers: shared hit=13676 read=680
                     ->  Index Scan using customer_pkey on customer  (cost=0.43..7.65 rows=1 width=8) (actual time=0.014..0.014 rows=0 loops=43713)
                           Index Cond: (c_customer_sk = store_sales.ss_customer_sk)
                           Filter: (c_birth_month = 9)
                           Rows Removed by Filter: 1
                           Buffers: shared hit=172862 read=50
               ->  Index Scan using customer_address_pkey on customer_address  (cost=0.42..7.65 rows=1 width=15) (actual time=0.014..0.014 rows=0 loops=1819)
                     Index Cond: (ca_address_sk = customer.c_current_addr_sk)
                     Filter: (ca_state = 'IN'::bpchar)
                     Rows Removed by Filter: 1
                     Buffers: shared hit=7027 read=249
         ->  Index Scan using store_pkey on store  (cost=0.15..5.72 rows=1 width=15) (actual time=0.013..0.013 rows=1 loops=44)
               Index Cond: (s_store_sk = store_sales.ss_store_sk)
               Buffers: shared hit=86 read=2
 Planning:
   Buffers: shared hit=460
 Planning Time: 6.012 ms
 Execution Time: 71429.786 ms
(50 rows)

