                                                                            QUERY PLAN                                                                            
------------------------------------------------------------------------------------------------------------------------------------------------------------------
 Aggregate  (cost=9649714.08..9649714.09 rows=1 width=40) (actual time=76467.659..76467.666 rows=1 loops=1)
   Buffers: shared hit=151584 read=5130876
   ->  Hash Join  (cost=19817.15..9649714.03 rows=7 width=14) (actual time=3937.114..76467.606 rows=48 loops=1)
         Hash Cond: (store_sales.ss_store_sk = store.s_store_sk)
         Join Filter: ("substring"((customer_address.ca_zip)::text, 1, 5) <> "substring"((store.s_zip)::text, 1, 5))
         Rows Removed by Join Filter: 2
         Buffers: shared hit=151584 read=5130876
         ->  Nested Loop  (cost=19790.10..9649686.96 rows=7 width=29) (actual time=3934.552..76464.921 rows=50 loops=1)
               Buffers: shared hit=151569 read=5130873
               ->  Nested Loop  (cost=19789.68..9647560.44 rows=278 width=22) (actual time=3897.701..76419.518 rows=2675 loops=1)
                     Buffers: shared hit=141499 read=5130243
                     ->  Hash Join  (cost=19789.25..9629344.98 rows=2381 width=22) (actual time=3897.638..76085.494 rows=22851 loops=1)
                           Hash Cond: (store_sales.ss_item_sk = item.i_item_sk)
                           Buffers: shared hit=51184 read=5130198
                           ->  Hash Join  (cost=2570.11..9612074.94 rows=19393 width=18) (actual time=3782.041..75930.770 rows=259918 loops=1)
                                 Hash Cond: (store_sales.ss_sold_date_sk = date_dim.d_date_sk)
                                 Buffers: shared hit=37070 read=5129956
                                 ->  Seq Scan on store_sales  (cost=0.00..9485539.52 rows=47222264 width=22) (actual time=0.025..72987.951 rows=46662186 loops=1)
                                       Filter: ((ss_wholesale_cost >= '48'::numeric) AND (ss_wholesale_cost <= '68'::numeric))
                                       Rows Removed by Filter: 241334838
                                       Buffers: shared hit=35757 read=5129795
                                 ->  Hash  (cost=2569.73..2569.73 rows=30 width=4) (actual time=20.788..20.789 rows=30 loops=1)
                                       Buckets: 1024  Batches: 1  Memory Usage: 10kB
                                       Buffers: shared hit=1313 read=161
                                       ->  Seq Scan on date_dim  (cost=0.00..2569.73 rows=30 width=4) (actual time=11.052..20.779 rows=30 loops=1)
                                             Filter: ((d_year = 1998) AND (d_moy = 4))
                                             Rows Removed by Filter: 73019
                                             Buffers: shared hit=1313 read=161
                           ->  Hash  (cost=16906.00..16906.00 rows=25051 width=12) (actual time=115.448..115.449 rows=24688 loops=1)
                                 Buckets: 32768  Batches: 1  Memory Usage: 1317kB
                                 Buffers: shared hit=14114 read=242
                                 ->  Seq Scan on item  (cost=0.00..16906.00 rows=25051 width=12) (actual time=0.017..111.630 rows=24688 loops=1)
                                       Filter: (i_category = 'Books'::bpchar)
                                       Rows Removed by Filter: 179312
                                       Buffers: shared hit=14114 read=242
                     ->  Index Scan using customer_pkey on customer  (cost=0.43..7.65 rows=1 width=8) (actual time=0.014..0.014 rows=0 loops=22851)
                           Index Cond: (c_customer_sk = store_sales.ss_customer_sk)
                           Filter: (c_birth_month = 8)
                           Rows Removed by Filter: 1
                           Buffers: shared hit=90315 read=45
               ->  Index Scan using customer_address_pkey on customer_address  (cost=0.42..7.65 rows=1 width=15) (actual time=0.017..0.017 rows=0 loops=2675)
                     Index Cond: (ca_address_sk = customer.c_current_addr_sk)
                     Filter: (ca_state = 'MN'::bpchar)
                     Rows Removed by Filter: 1
                     Buffers: shared hit=10070 read=630
         ->  Hash  (cost=22.02..22.02 rows=402 width=15) (actual time=2.531..2.531 rows=402 loops=1)
               Buckets: 1024  Batches: 1  Memory Usage: 27kB
               Buffers: shared hit=15 read=3
               ->  Seq Scan on store  (cost=0.00..22.02 rows=402 width=15) (actual time=0.029..2.407 rows=402 loops=1)
                     Buffers: shared hit=15 read=3
 Planning:
   Buffers: shared hit=460
 Planning Time: 4.864 ms
 Execution Time: 76468.192 ms
(54 rows)

