                                                                            QUERY PLAN                                                                            
------------------------------------------------------------------------------------------------------------------------------------------------------------------
 Aggregate  (cost=9645571.09..9645571.10 rows=1 width=40) (actual time=72491.990..72491.996 rows=1 loops=1)
   Buffers: shared hit=373850 read=5131876
   ->  Nested Loop  (cost=19790.26..9645571.06 rows=4 width=14) (actual time=14517.302..72491.830 rows=115 loops=1)
         Join Filter: ("substring"((customer_address.ca_zip)::text, 1, 5) <> "substring"((store.s_zip)::text, 1, 5))
         Rows Removed by Join Filter: 3
         Buffers: shared hit=373850 read=5131876
         ->  Nested Loop  (cost=19790.11..9645548.09 rows=4 width=29) (actual time=14517.284..72490.349 rows=118 loops=1)
               Buffers: shared hit=373614 read=5131876
               ->  Nested Loop  (cost=19789.69..9644018.03 rows=200 width=22) (actual time=14492.779..72398.982 rows=5953 loops=1)
                     Buffers: shared hit=351450 read=5130228
                     ->  Hash Join  (cost=19789.26..9625741.37 rows=2389 width=22) (actual time=14492.514..71368.407 rows=75989 loops=1)
                           Hash Cond: (store_sales.ss_item_sk = item.i_item_sk)
                           Buffers: shared hit=51520 read=5129862
                           ->  Hash Join  (cost=2570.12..9608471.16 rows=19457 width=18) (actual time=14372.744..71112.859 rows=867340 loops=1)
                                 Hash Cond: (store_sales.ss_sold_date_sk = date_dim.d_date_sk)
                                 Buffers: shared hit=37406 read=5129620
                                 ->  Seq Scan on store_sales  (cost=0.00..9485539.52 rows=45849467 width=22) (actual time=0.042..68087.501 rows=46160898 loops=1)
                                       Filter: ((ss_wholesale_cost >= '80'::numeric) AND (ss_wholesale_cost <= '100'::numeric))
                                       Rows Removed by Filter: 241836126
                                       Buffers: shared hit=35932 read=5129620
                                 ->  Hash  (cost=2569.73..2569.73 rows=31 width=4) (actual time=23.369..23.370 rows=31 loops=1)
                                       Buckets: 1024  Batches: 1  Memory Usage: 10kB
                                       Buffers: shared hit=1474
                                       ->  Seq Scan on date_dim  (cost=0.00..2569.73 rows=31 width=4) (actual time=13.569..23.352 rows=31 loops=1)
                                             Filter: ((d_year = 1999) AND (d_moy = 3))
                                             Rows Removed by Filter: 73018
                                             Buffers: shared hit=1474
                           ->  Hash  (cost=16906.00..16906.00 rows=25051 width=12) (actual time=119.633..119.634 rows=24688 loops=1)
                                 Buckets: 32768  Batches: 1  Memory Usage: 1317kB
                                 Buffers: shared hit=14114 read=242
                                 ->  Seq Scan on item  (cost=0.00..16906.00 rows=25051 width=12) (actual time=0.011..114.810 rows=24688 loops=1)
                                       Filter: (i_category = 'Books'::bpchar)
                                       Rows Removed by Filter: 179312
                                       Buffers: shared hit=14114 read=242
                     ->  Index Scan using customer_pkey on customer  (cost=0.43..7.65 rows=1 width=8) (actual time=0.013..0.013 rows=0 loops=75989)
                           Index Cond: (c_customer_sk = store_sales.ss_customer_sk)
                           Filter: (c_birth_month = 11)
                           Rows Removed by Filter: 1
                           Buffers: shared hit=299930 read=366
               ->  Index Scan using customer_address_pkey on customer_address  (cost=0.42..7.65 rows=1 width=15) (actual time=0.015..0.015 rows=0 loops=5953)
                     Index Cond: (ca_address_sk = customer.c_current_addr_sk)
                     Filter: (ca_state = 'CO'::bpchar)
                     Rows Removed by Filter: 1
                     Buffers: shared hit=22164 read=1648
         ->  Index Scan using store_pkey on store  (cost=0.15..5.72 rows=1 width=15) (actual time=0.009..0.009 rows=1 loops=118)
               Index Cond: (s_store_sk = store_sales.ss_store_sk)
               Buffers: shared hit=236
 Planning:
   Buffers: shared hit=460
 Planning Time: 6.443 ms
 Execution Time: 72492.451 ms
(51 rows)

