                                                                             QUERY PLAN                                                                              
---------------------------------------------------------------------------------------------------------------------------------------------------------------------
 Aggregate  (cost=9741466.81..9741466.82 rows=1 width=40) (actual time=89579.328..89579.333 rows=1 loops=1)
   Buffers: shared hit=1876377 read=5129059
   ->  Nested Loop  (cost=2571.53..9741466.80 rows=1 width=14) (actual time=33474.278..89579.317 rows=3 loops=1)
         Join Filter: ("substring"((customer_address.ca_zip)::text, 1, 5) <> "substring"((store.s_zip)::text, 1, 5))
         Buffers: shared hit=1876377 read=5129059
         ->  Nested Loop  (cost=2571.38..9741461.06 rows=1 width=29) (actual time=33474.247..89579.252 rows=3 loops=1)
               Buffers: shared hit=1876371 read=5129059
               ->  Nested Loop  (cost=2570.96..9741338.88 rows=16 width=25) (actual time=28854.133..89559.649 rows=625 loops=1)
                     Buffers: shared hit=1874346 read=5128584
                     ->  Nested Loop  (cost=2570.54..9732096.55 rows=1208 width=18) (actual time=28765.594..88766.964 rows=29175 loops=1)
                           Buffers: shared hit=1763753 read=5122477
                           ->  Hash Join  (cost=2570.11..9599171.86 rows=17375 width=18) (actual time=28754.485..78359.438 rows=434975 loops=1)
                                 Hash Cond: (store_sales.ss_sold_date_sk = date_dim.d_date_sk)
                                 Buffers: shared hit=45093 read=5121933
                                 ->  Seq Scan on store_sales  (cost=0.00..9485539.52 rows=42307078 width=22) (actual time=0.026..75468.792 rows=43022880 loops=1)
                                       Filter: ((ss_wholesale_cost >= '3'::numeric) AND (ss_wholesale_cost <= '23'::numeric))
                                       Rows Removed by Filter: 244974144
                                       Buffers: shared hit=43956 read=5121596
                                 ->  Hash  (cost=2569.73..2569.73 rows=30 width=4) (actual time=15.156..15.157 rows=31 loops=1)
                                       Buckets: 1024  Batches: 1  Memory Usage: 10kB
                                       Buffers: shared hit=1137 read=337
                                       ->  Seq Scan on date_dim  (cost=0.00..2569.73 rows=30 width=4) (actual time=6.823..15.146 rows=31 loops=1)
                                             Filter: ((d_year = 2000) AND (d_moy = 5))
                                             Rows Removed by Filter: 73018
                                             Buffers: shared hit=1137 read=337
                           ->  Index Scan using customer_pkey on customer  (cost=0.43..7.65 rows=1 width=8) (actual time=0.024..0.024 rows=0 loops=434975)
                                 Index Cond: (c_customer_sk = store_sales.ss_customer_sk)
                                 Filter: (c_birth_month = 12)
                                 Rows Removed by Filter: 1
                                 Buffers: shared hit=1718660 read=544
                     ->  Index Scan using customer_address_pkey on customer_address  (cost=0.42..7.65 rows=1 width=15) (actual time=0.027..0.027 rows=0 loops=29175)
                           Index Cond: (ca_address_sk = customer.c_current_addr_sk)
                           Filter: (ca_state = 'OR'::bpchar)
                           Rows Removed by Filter: 1
                           Buffers: shared hit=110593 read=6107
               ->  Index Scan using item_pkey on item  (cost=0.42..7.64 rows=1 width=12) (actual time=0.031..0.031 rows=0 loops=625)
                     Index Cond: (i_item_sk = store_sales.ss_item_sk)
                     Filter: (i_category = 'Music'::bpchar)
                     Rows Removed by Filter: 1
                     Buffers: shared hit=2025 read=475
         ->  Index Scan using store_pkey on store  (cost=0.15..5.72 rows=1 width=15) (actual time=0.014..0.014 rows=1 loops=3)
               Index Cond: (s_store_sk = store_sales.ss_store_sk)
               Buffers: shared hit=6
 Planning:
   Buffers: shared hit=460
 Planning Time: 2.429 ms
 Execution Time: 89579.605 ms
(47 rows)

