                                                                            QUERY PLAN                                                                            
------------------------------------------------------------------------------------------------------------------------------------------------------------------
 Aggregate  (cost=9686845.55..9686845.56 rows=1 width=40) (actual time=86223.610..86223.616 rows=1 loops=1)
   Buffers: shared hit=1534728 read=5135768
   ->  Hash Join  (cost=20034.17..9686845.51 rows=5 width=14) (actual time=15561.967..86223.261 rows=250 loops=1)
         Hash Cond: (store_sales.ss_store_sk = store.s_store_sk)
         Join Filter: ("substring"((customer_address.ca_zip)::text, 1, 5) <> "substring"((store.s_zip)::text, 1, 5))
         Rows Removed by Join Filter: 3
         Buffers: shared hit=1534728 read=5135768
         ->  Nested Loop  (cost=20007.12..9686818.46 rows=5 width=29) (actual time=15561.260..86221.804 rows=254 loops=1)
               Buffers: shared hit=1534710 read=5135768
               ->  Nested Loop  (cost=20006.70..9685020.11 rows=235 width=22) (actual time=15510.752..85869.909 rows=16775 loops=1)
                     Buffers: shared hit=1469969 read=5133409
                     ->  Hash Join  (cost=20006.27..9648321.45 rows=4797 width=22) (actual time=15510.079..78304.129 rows=359931 loops=1)
                           Hash Cond: (store_sales.ss_item_sk = item.i_item_sk)
                           Buffers: shared hit=47984 read=5133398
                           ->  Hash Join  (cost=2570.12..9630824.74 rows=23071 width=18) (actual time=15398.219..77911.188 rows=1006277 loops=1)
                                 Hash Cond: (store_sales.ss_sold_date_sk = date_dim.d_date_sk)
                                 Buffers: shared hit=33833 read=5133193
                                 ->  Seq Scan on store_sales  (cost=0.00..9485539.52 rows=54364643 width=22) (actual time=0.436..74303.430 rows=53574682 loops=1)
                                       Filter: ((ss_wholesale_cost >= '44'::numeric) AND (ss_wholesale_cost <= '64'::numeric))
                                       Rows Removed by Filter: 234422342
                                       Buffers: shared hit=32486 read=5133066
                                 ->  Hash  (cost=2569.73..2569.73 rows=31 width=4) (actual time=27.145..27.146 rows=31 loops=1)
                                       Buckets: 1024  Batches: 1  Memory Usage: 10kB
                                       Buffers: shared hit=1347 read=127
                                       ->  Seq Scan on date_dim  (cost=0.00..2569.73 rows=31 width=4) (actual time=15.473..27.132 rows=31 loops=1)
                                             Filter: ((d_year = 1999) AND (d_moy = 3))
                                             Rows Removed by Filter: 73018
                                             Buffers: shared hit=1347 read=127
                           ->  Hash  (cost=16906.00..16906.00 rows=42412 width=12) (actual time=111.622..111.623 rows=42041 loops=1)
                                 Buckets: 65536  Batches: 1  Memory Usage: 2319kB
                                 Buffers: shared hit=14151 read=205
                                 ->  Seq Scan on item  (cost=0.00..16906.00 rows=42412 width=12) (actual time=0.016..105.143 rows=42041 loops=1)
                                       Filter: (i_category = 'Electronics'::bpchar)
                                       Rows Removed by Filter: 161959
                                       Buffers: shared hit=14151 read=205
                     ->  Index Scan using customer_pkey on customer  (cost=0.43..7.65 rows=1 width=8) (actual time=0.021..0.021 rows=0 loops=359931)
                           Index Cond: (c_customer_sk = store_sales.ss_customer_sk)
                           Filter: (c_birth_month = 7)
                           Rows Removed by Filter: 1
                           Buffers: shared hit=1421985 read=11
               ->  Index Scan using customer_address_pkey on customer_address  (cost=0.42..7.65 rows=1 width=15) (actual time=0.021..0.021 rows=0 loops=16775)
                     Index Cond: (ca_address_sk = customer.c_current_addr_sk)
                     Filter: (ca_state = 'FL'::bpchar)
                     Rows Removed by Filter: 1
                     Buffers: shared hit=64741 read=2359
         ->  Hash  (cost=22.02..22.02 rows=402 width=15) (actual time=0.680..0.681 rows=402 loops=1)
               Buckets: 1024  Batches: 1  Memory Usage: 27kB
               Buffers: shared hit=18
               ->  Seq Scan on store  (cost=0.00..22.02 rows=402 width=15) (actual time=0.025..0.545 rows=402 loops=1)
                     Buffers: shared hit=18
 Planning:
   Buffers: shared hit=460
 Planning Time: 5.330 ms
 Execution Time: 86224.002 ms
(54 rows)

