                                                                             QUERY PLAN                                                                              
---------------------------------------------------------------------------------------------------------------------------------------------------------------------
 Aggregate  (cost=9703575.98..9703575.99 rows=1 width=40) (actual time=102460.705..102460.711 rows=1 loops=1)
   Buffers: shared hit=4158470 read=5139584
   ->  Nested Loop  (cost=2571.54..9703575.95 rows=4 width=14) (actual time=31278.171..102460.412 rows=125 loops=1)
         Join Filter: ("substring"((customer_address.ca_zip)::text, 1, 5) <> "substring"((store.s_zip)::text, 1, 5))
         Rows Removed by Join Filter: 1
         Buffers: shared hit=4158470 read=5139584
         ->  Nested Loop  (cost=2571.39..9703552.97 rows=4 width=29) (actual time=31278.135..102458.036 rows=126 loops=1)
               Buffers: shared hit=4158218 read=5139584
               ->  Nested Loop  (cost=2570.97..9703301.00 rows=33 width=25) (actual time=31125.943..102416.724 rows=1474 loops=1)
                     Buffers: shared hit=4153308 read=5138598
                     ->  Nested Loop  (cost=2570.55..9693799.34 rows=1242 width=18) (actual time=31115.686..100411.539 rows=78895 loops=1)
                           Buffers: shared hit=3846459 read=5129867
                           ->  Hash Join  (cost=2570.12..9580069.27 rows=14866 width=18) (actual time=31115.299..77178.925 rows=963938 loops=1)
                                 Hash Cond: (store_sales.ss_sold_date_sk = date_dim.d_date_sk)
                                 Buffers: shared hit=37194 read=5129832
                                 ->  Seq Scan on store_sales  (cost=0.00..9485539.52 rows=35030299 width=22) (actual time=0.607..74595.915 rows=34914290 loops=1)
                                       Filter: ((ss_wholesale_cost >= '38'::numeric) AND (ss_wholesale_cost <= '58'::numeric))
                                       Rows Removed by Filter: 253082734
                                       Buffers: shared hit=35847 read=5129705
                                 ->  Hash  (cost=2569.73..2569.73 rows=31 width=4) (actual time=29.206..29.207 rows=31 loops=1)
                                       Buckets: 1024  Batches: 1  Memory Usage: 10kB
                                       Buffers: shared hit=1347 read=127
                                       ->  Seq Scan on date_dim  (cost=0.00..2569.73 rows=31 width=4) (actual time=17.434..29.195 rows=31 loops=1)
                                             Filter: ((d_year = 2000) AND (d_moy = 8))
                                             Rows Removed by Filter: 73018
                                             Buffers: shared hit=1347 read=127
                           ->  Index Scan using customer_pkey on customer  (cost=0.43..7.65 rows=1 width=8) (actual time=0.024..0.024 rows=0 loops=963938)
                                 Index Cond: (c_customer_sk = store_sales.ss_customer_sk)
                                 Filter: (c_birth_month = 11)
                                 Rows Removed by Filter: 1
                                 Buffers: shared hit=3809265 read=35
                     ->  Index Scan using customer_address_pkey on customer_address  (cost=0.42..7.65 rows=1 width=15) (actual time=0.025..0.025 rows=0 loops=78895)
                           Index Cond: (ca_address_sk = customer.c_current_addr_sk)
                           Filter: (ca_state = 'IN'::bpchar)
                           Rows Removed by Filter: 1
                           Buffers: shared hit=306849 read=8731
               ->  Index Scan using item_pkey on item  (cost=0.42..7.64 rows=1 width=12) (actual time=0.027..0.027 rows=0 loops=1474)
                     Index Cond: (i_item_sk = store_sales.ss_item_sk)
                     Filter: (i_category = 'Books'::bpchar)
                     Rows Removed by Filter: 1
                     Buffers: shared hit=4910 read=986
         ->  Index Scan using store_pkey on store  (cost=0.15..5.72 rows=1 width=15) (actual time=0.012..0.012 rows=1 loops=126)
               Index Cond: (s_store_sk = store_sales.ss_store_sk)
               Buffers: shared hit=252
 Planning:
   Buffers: shared hit=460
 Planning Time: 5.409 ms
 Execution Time: 102461.224 ms
(48 rows)

