                                                                            QUERY PLAN                                                                            
------------------------------------------------------------------------------------------------------------------------------------------------------------------
 Aggregate  (cost=9672191.55..9672191.56 rows=1 width=40) (actual time=72036.881..72036.886 rows=1 loops=1)
   Buffers: shared hit=178078 read=5144182
   ->  Nested Loop  (cost=19688.67..9672191.53 rows=2 width=14) (actual time=23989.246..72036.809 rows=42 loops=1)
         Join Filter: ("substring"((customer_address.ca_zip)::text, 1, 5) <> "substring"((store.s_zip)::text, 1, 5))
         Rows Removed by Join Filter: 1
         Buffers: shared hit=178078 read=5144182
         ->  Nested Loop  (cost=19688.53..9672180.05 rows=2 width=29) (actual time=23989.228..72036.386 rows=43 loops=1)
               Buffers: shared hit=177992 read=5144182
               ->  Nested Loop  (cost=19688.10..9671315.40 rows=113 width=22) (actual time=23950.041..72016.751 rows=1834 loops=1)
                     Buffers: shared hit=170982 read=5143856
                     ->  Hash Join  (cost=19687.67..9656320.75 rows=1960 width=22) (actual time=23949.921..71703.552 rows=33787 loops=1)
                           Hash Cond: (store_sales.ss_item_sk = item.i_item_sk)
                           Buffers: shared hit=37528 read=5143854
                           ->  Hash Join  (cost=2570.11..9639141.16 rows=23628 width=18) (actual time=23815.034..71491.048 rows=805760 loops=1)
                                 Hash Cond: (store_sales.ss_sold_date_sk = date_dim.d_date_sk)
                                 Buffers: shared hit=37435 read=5129591
                                 ->  Seq Scan on store_sales  (cost=0.00..9485539.52 rows=57532634 width=22) (actual time=0.086..67856.377 rows=57752041 loops=1)
                                       Filter: ((ss_wholesale_cost >= '77'::numeric) AND (ss_wholesale_cost <= '97'::numeric))
                                       Rows Removed by Filter: 230244983
                                       Buffers: shared hit=36088 read=5129464
                                 ->  Hash  (cost=2569.73..2569.73 rows=30 width=4) (actual time=13.207..13.208 rows=31 loops=1)
                                       Buckets: 1024  Batches: 1  Memory Usage: 10kB
                                       Buffers: shared hit=1347 read=127
                                       ->  Seq Scan on date_dim  (cost=0.00..2569.73 rows=30 width=4) (actual time=6.664..13.199 rows=31 loops=1)
                                             Filter: ((d_year = 2000) AND (d_moy = 1))
                                             Rows Removed by Filter: 73018
                                             Buffers: shared hit=1347 read=127
                           ->  Hash  (cost=16906.00..16906.00 rows=16925 width=12) (actual time=110.403..110.404 rows=17141 loops=1)
                                 Buckets: 32768  Batches: 1  Memory Usage: 993kB
                                 Buffers: shared hit=93 read=14263
                                 ->  Seq Scan on item  (cost=0.00..16906.00 rows=16925 width=12) (actual time=0.015..106.973 rows=17141 loops=1)
                                       Filter: (i_category = 'Home'::bpchar)
                                       Rows Removed by Filter: 186859
                                       Buffers: shared hit=93 read=14263
                     ->  Index Scan using customer_pkey on customer  (cost=0.43..7.65 rows=1 width=8) (actual time=0.009..0.009 rows=0 loops=33787)
                           Index Cond: (c_customer_sk = store_sales.ss_customer_sk)
                           Filter: (c_birth_month = 3)
                           Rows Removed by Filter: 1
                           Buffers: shared hit=133454 read=2
               ->  Index Scan using customer_address_pkey on customer_address  (cost=0.42..7.65 rows=1 width=15) (actual time=0.010..0.010 rows=0 loops=1834)
                     Index Cond: (ca_address_sk = customer.c_current_addr_sk)
                     Filter: (ca_state = 'NY'::bpchar)
                     Rows Removed by Filter: 1
                     Buffers: shared hit=7010 read=326
         ->  Index Scan using store_pkey on store  (cost=0.15..5.72 rows=1 width=15) (actual time=0.006..0.006 rows=1 loops=43)
               Index Cond: (s_store_sk = store_sales.ss_store_sk)
               Buffers: shared hit=86
 Planning:
   Buffers: shared hit=460
 Planning Time: 2.605 ms
 Execution Time: 72037.184 ms
(51 rows)

