                                                                            QUERY PLAN                                                                            
------------------------------------------------------------------------------------------------------------------------------------------------------------------
 Aggregate  (cost=9661229.94..9661229.95 rows=1 width=40) (actual time=76590.694..76590.701 rows=1 loops=1)
   Buffers: shared hit=1197657 read=5141459
   ->  Hash Join  (cost=20034.17..9661229.84 rows=13 width=14) (actual time=45443.612..76590.168 rows=435 loops=1)
         Hash Cond: (store_sales.ss_store_sk = store.s_store_sk)
         Join Filter: ("substring"((customer_address.ca_zip)::text, 1, 5) <> "substring"((store.s_zip)::text, 1, 5))
         Rows Removed by Join Filter: 5
         Buffers: shared hit=1197657 read=5141459
         ->  Nested Loop  (cost=20007.12..9661202.76 rows=13 width=29) (actual time=45442.859..76588.239 rows=443 loops=1)
               Buffers: shared hit=1197639 read=5141459
               ->  Nested Loop  (cost=20006.70..9656904.00 rows=562 width=22) (actual time=45433.536..75860.456 rows=35603 loops=1)
                     Buffers: shared hit=1063557 read=5133129
                     ->  Hash Join  (cost=20006.27..9625958.38 rows=4045 width=22) (actual time=45433.507..70863.236 rows=256876 loops=1)
                           Hash Cond: (store_sales.ss_item_sk = item.i_item_sk)
                           Buffers: shared hit=48260 read=5133122
                           ->  Hash Join  (cost=2570.12..9608471.16 rows=19457 width=18) (actual time=45319.159..70460.655 rows=1316208 loops=1)
                                 Hash Cond: (store_sales.ss_sold_date_sk = date_dim.d_date_sk)
                                 Buffers: shared hit=34142 read=5132884
                                 ->  Seq Scan on store_sales  (cost=0.00..9485539.52 rows=45849467 width=22) (actual time=0.571..67387.830 rows=46160898 loops=1)
                                       Filter: ((ss_wholesale_cost >= '80'::numeric) AND (ss_wholesale_cost <= '100'::numeric))
                                       Rows Removed by Filter: 241836126
                                       Buffers: shared hit=32795 read=5132757
                                 ->  Hash  (cost=2569.73..2569.73 rows=31 width=4) (actual time=20.140..20.141 rows=31 loops=1)
                                       Buckets: 1024  Batches: 1  Memory Usage: 10kB
                                       Buffers: shared hit=1347 read=127
                                       ->  Seq Scan on date_dim  (cost=0.00..2569.73 rows=31 width=4) (actual time=11.265..20.126 rows=31 loops=1)
                                             Filter: ((d_year = 2001) AND (d_moy = 7))
                                             Rows Removed by Filter: 73018
                                             Buffers: shared hit=1347 read=127
                           ->  Hash  (cost=16906.00..16906.00 rows=42412 width=12) (actual time=114.086..114.087 rows=42041 loops=1)
                                 Buckets: 65536  Batches: 1  Memory Usage: 2319kB
                                 Buffers: shared hit=14118 read=238
                                 ->  Seq Scan on item  (cost=0.00..16906.00 rows=42412 width=12) (actual time=0.199..107.162 rows=42041 loops=1)
                                       Filter: (i_category = 'Electronics'::bpchar)
                                       Rows Removed by Filter: 161959
                                       Buffers: shared hit=14118 read=238
                     ->  Index Scan using customer_pkey on customer  (cost=0.43..7.65 rows=1 width=8) (actual time=0.019..0.019 rows=0 loops=256876)
                           Index Cond: (c_customer_sk = store_sales.ss_customer_sk)
                           Filter: (c_birth_month = 10)
                           Rows Removed by Filter: 1
                           Buffers: shared hit=1015297 read=7
               ->  Index Scan using customer_address_pkey on customer_address  (cost=0.42..7.65 rows=1 width=15) (actual time=0.020..0.020 rows=0 loops=35603)
                     Index Cond: (ca_address_sk = customer.c_current_addr_sk)
                     Filter: (ca_state = 'AR'::bpchar)
                     Rows Removed by Filter: 1
                     Buffers: shared hit=134082 read=8330
         ->  Hash  (cost=22.02..22.02 rows=402 width=15) (actual time=0.721..0.722 rows=402 loops=1)
               Buckets: 1024  Batches: 1  Memory Usage: 27kB
               Buffers: shared hit=18
               ->  Seq Scan on store  (cost=0.00..22.02 rows=402 width=15) (actual time=0.028..0.565 rows=402 loops=1)
                     Buffers: shared hit=18
 Planning:
   Buffers: shared hit=460
 Planning Time: 4.734 ms
 Execution Time: 76591.221 ms
(54 rows)

