                                                                            QUERY PLAN                                                                            
------------------------------------------------------------------------------------------------------------------------------------------------------------------
 Aggregate  (cost=9760453.49..9760453.50 rows=1 width=40) (actual time=82747.589..82747.595 rows=1 loops=1)
   Buffers: shared hit=1083630 read=5132756
   ->  Nested Loop  (cost=2571.54..9760453.47 rows=3 width=14) (actual time=27451.020..82747.551 rows=15 loops=1)
         Join Filter: ("substring"((customer_address.ca_zip)::text, 1, 5) <> "substring"((store.s_zip)::text, 1, 5))
         Rows Removed by Join Filter: 1
         Buffers: shared hit=1083630 read=5132756
         ->  Nested Loop  (cost=2571.39..9760436.24 rows=3 width=29) (actual time=27450.986..82747.290 rows=16 loops=1)
               Buffers: shared hit=1083598 read=5132756
               ->  Nested Loop  (cost=2570.97..9760130.02 rows=40 width=22) (actual time=27269.270..82721.700 rows=921 loops=1)
                     Buffers: shared hit=1080122 read=5132548
                     ->  Nested Loop  (cost=2570.55..9755411.22 rows=618 width=18) (actual time=27269.193..82519.120 rows=8382 loops=1)
                           Buffers: shared hit=1047785 read=5131357
                           ->  Hash Join  (cost=2570.12..9607614.32 rows=19319 width=18) (actual time=27268.954..76303.392 rows=256170 loops=1)
                                 Hash Cond: (store_sales.ss_sold_date_sk = date_dim.d_date_sk)
                                 Buffers: shared hit=35674 read=5131352
                                 ->  Seq Scan on store_sales  (cost=0.00..9485539.52 rows=45523068 width=22) (actual time=0.050..73419.710 rows=45442997 loops=1)
                                       Filter: ((ss_wholesale_cost >= '35'::numeric) AND (ss_wholesale_cost <= '55'::numeric))
                                       Rows Removed by Filter: 242554027
                                       Buffers: shared hit=34441 read=5131111
                                 ->  Hash  (cost=2569.73..2569.73 rows=31 width=4) (actual time=17.578..17.579 rows=31 loops=1)
                                       Buckets: 1024  Batches: 1  Memory Usage: 10kB
                                       Buffers: shared hit=1233 read=241
                                       ->  Seq Scan on date_dim  (cost=0.00..2569.73 rows=31 width=4) (actual time=9.179..17.568 rows=31 loops=1)
                                             Filter: ((d_year = 2000) AND (d_moy = 3))
                                             Rows Removed by Filter: 73018
                                             Buffers: shared hit=1233 read=241
                           ->  Index Scan using customer_pkey on customer  (cost=0.43..7.65 rows=1 width=8) (actual time=0.024..0.024 rows=0 loops=256170)
                                 Index Cond: (c_customer_sk = store_sales.ss_customer_sk)
                                 Filter: (c_birth_month = 6)
                                 Rows Removed by Filter: 1
                                 Buffers: shared hit=1012111 read=5
                     ->  Index Scan using item_pkey on item  (cost=0.42..7.64 rows=1 width=12) (actual time=0.024..0.024 rows=0 loops=8382)
                           Index Cond: (i_item_sk = store_sales.ss_item_sk)
                           Filter: (i_category = 'Men'::bpchar)
                           Rows Removed by Filter: 1
                           Buffers: shared hit=32337 read=1191
               ->  Index Scan using customer_address_pkey on customer_address  (cost=0.42..7.66 rows=1 width=15) (actual time=0.027..0.027 rows=0 loops=921)
                     Index Cond: (ca_address_sk = customer.c_current_addr_sk)
                     Filter: (ca_state = 'TX'::bpchar)
                     Rows Removed by Filter: 1
                     Buffers: shared hit=3476 read=208
         ->  Index Scan using store_pkey on store  (cost=0.15..5.72 rows=1 width=15) (actual time=0.010..0.010 rows=1 loops=16)
               Index Cond: (s_store_sk = store_sales.ss_store_sk)
               Buffers: shared hit=32
 Planning:
   Buffers: shared hit=460
 Planning Time: 3.450 ms
 Execution Time: 82747.977 ms
(48 rows)

