                                                                            QUERY PLAN                                                                            
------------------------------------------------------------------------------------------------------------------------------------------------------------------
 Aggregate  (cost=9791463.29..9791463.30 rows=1 width=40) (actual time=93569.365..93569.371 rows=1 loops=1)
   Buffers: shared hit=2548038 read=5144642
   ->  Hash Join  (cost=19922.98..9791463.14 rows=20 width=14) (actual time=50510.179..93568.864 rows=372 loops=1)
         Hash Cond: (store_sales.ss_store_sk = store.s_store_sk)
         Join Filter: ("substring"((customer_address.ca_zip)::text, 1, 5) <> "substring"((store.s_zip)::text, 1, 5))
         Rows Removed by Join Filter: 7
         Buffers: shared hit=2548038 read=5144642
         ->  Nested Loop  (cost=19895.94..9791436.04 rows=20 width=29) (actual time=50509.424..93566.999 rows=380 loops=1)
               Buffers: shared hit=2548020 read=5144642
               ->  Nested Loop  (cost=19895.51..9789530.25 rows=249 width=22) (actual time=50459.342..93027.982 rows=23871 loops=1)
                     Buffers: shared hit=2456484 read=5140694
                     ->  Hash Join  (cost=19895.08..9741570.35 rows=6269 width=22) (actual time=50459.125..80401.326 rows=611378 loops=1)
                           Hash Cond: (store_sales.ss_item_sk = item.i_item_sk)
                           Buffers: shared hit=40705 read=5140677
                           ->  Hash Join  (cost=2570.12..9724145.23 rows=38157 width=18) (actual time=50324.698..79647.630 rows=2550358 loops=1)
                                 Hash Cond: (store_sales.ss_sold_date_sk = date_dim.d_date_sk)
                                 Buffers: shared hit=37031 read=5129995
                                 ->  Seq Scan on store_sales  (cost=0.00..9485539.52 rows=89913339 width=22) (actual time=0.029..73904.417 rows=89530603 loops=1)
                                       Filter: ((ss_wholesale_cost >= '56'::numeric) AND (ss_wholesale_cost <= '76'::numeric))
                                       Rows Removed by Filter: 198466421
                                       Buffers: shared hit=35557 read=5129995
                                 ->  Hash  (cost=2569.73..2569.73 rows=31 width=4) (actual time=18.821..18.822 rows=31 loops=1)
                                       Buckets: 1024  Batches: 1  Memory Usage: 10kB
                                       Buffers: shared hit=1474
                                       ->  Seq Scan on date_dim  (cost=0.00..2569.73 rows=31 width=4) (actual time=9.743..18.808 rows=31 loops=1)
                                             Filter: ((d_year = 2001) AND (d_moy = 7))
                                             Rows Removed by Filter: 73018
                                             Buffers: shared hit=1474
                           ->  Hash  (cost=16906.00..16906.00 rows=33517 width=12) (actual time=134.191..134.191 rows=33627 loops=1)
                                 Buckets: 65536  Batches: 1  Memory Usage: 1957kB
                                 Buffers: shared hit=3674 read=10682
                                 ->  Seq Scan on item  (cost=0.00..16906.00 rows=33517 width=12) (actual time=0.023..127.183 rows=33627 loops=1)
                                       Filter: (i_category = 'Shoes'::bpchar)
                                       Rows Removed by Filter: 170373
                                       Buffers: shared hit=3674 read=10682
                     ->  Index Scan using customer_pkey on customer  (cost=0.43..7.65 rows=1 width=8) (actual time=0.020..0.020 rows=0 loops=611378)
                           Index Cond: (c_customer_sk = store_sales.ss_customer_sk)
                           Filter: (c_birth_month = 9)
                           Rows Removed by Filter: 1
                           Buffers: shared hit=2415779 read=17
               ->  Index Scan using customer_address_pkey on customer_address  (cost=0.42..7.65 rows=1 width=15) (actual time=0.022..0.022 rows=0 loops=23871)
                     Index Cond: (ca_address_sk = customer.c_current_addr_sk)
                     Filter: (ca_state = 'TX'::bpchar)
                     Rows Removed by Filter: 1
                     Buffers: shared hit=91536 read=3948
         ->  Hash  (cost=22.02..22.02 rows=402 width=15) (actual time=0.722..0.723 rows=402 loops=1)
               Buckets: 1024  Batches: 1  Memory Usage: 27kB
               Buffers: shared hit=18
               ->  Seq Scan on store  (cost=0.00..22.02 rows=402 width=15) (actual time=0.030..0.577 rows=402 loops=1)
                     Buffers: shared hit=18
 Planning:
   Buffers: shared hit=460
 Planning Time: 4.876 ms
 Execution Time: 93569.910 ms
(54 rows)

