                                                                            QUERY PLAN                                                                            
------------------------------------------------------------------------------------------------------------------------------------------------------------------
 Aggregate  (cost=9625631.77..9625631.78 rows=1 width=40) (actual time=78558.792..78558.798 rows=1 loops=1)
   Buffers: shared hit=769889 read=5129293
   ->  Nested Loop  (cost=2571.53..9625631.76 rows=1 width=14) (actual time=56173.515..78558.783 rows=2 loops=1)
         Join Filter: ("substring"((customer_address.ca_zip)::text, 1, 5) <> "substring"((store.s_zip)::text, 1, 5))
         Buffers: shared hit=769889 read=5129293
         ->  Nested Loop  (cost=2571.38..9625626.02 rows=1 width=29) (actual time=56173.477..78558.722 rows=2 loops=1)
               Buffers: shared hit=769885 read=5129293
               ->  Nested Loop  (cost=2570.96..9625572.44 rows=7 width=22) (actual time=54104.702..78556.275 rows=67 loops=1)
                     Buffers: shared hit=769633 read=5129277
                     ->  Nested Loop  (cost=2570.53..9624218.33 rows=177 width=22) (actual time=54048.906..78518.984 rows=1663 loops=1)
                           Buffers: shared hit=763077 read=5129277
                           ->  Hash Join  (cost=2570.11..9550130.09 rows=9703 width=18) (actual time=54047.953..74376.695 rows=181332 loops=1)
                                 Hash Cond: (store_sales.ss_sold_date_sk = date_dim.d_date_sk)
                                 Buffers: shared hit=38234 read=5128792
                                 ->  Seq Scan on store_sales  (cost=0.00..9485539.52 rows=23625531 width=22) (actual time=0.061..72705.013 rows=23806627 loops=1)
                                       Filter: ((ss_wholesale_cost >= '22'::numeric) AND (ss_wholesale_cost <= '42'::numeric))
                                       Rows Removed by Filter: 264190397
                                       Buffers: shared hit=36974 read=5128578
                                 ->  Hash  (cost=2569.73..2569.73 rows=30 width=4) (actual time=28.911..28.912 rows=31 loops=1)
                                       Buckets: 1024  Batches: 1  Memory Usage: 10kB
                                       Buffers: shared hit=1260 read=214
                                       ->  Seq Scan on date_dim  (cost=0.00..2569.73 rows=30 width=4) (actual time=15.863..28.896 rows=31 loops=1)
                                             Filter: ((d_year = 2002) AND (d_moy = 1))
                                             Rows Removed by Filter: 73018
                                             Buffers: shared hit=1260 read=214
                           ->  Index Scan using item_pkey on item  (cost=0.42..7.64 rows=1 width=12) (actual time=0.023..0.023 rows=0 loops=181332)
                                 Index Cond: (i_item_sk = store_sales.ss_item_sk)
                                 Filter: (i_category = 'Music'::bpchar)
                                 Rows Removed by Filter: 1
                                 Buffers: shared hit=724843 read=485
                     ->  Index Scan using customer_pkey on customer  (cost=0.43..7.65 rows=1 width=8) (actual time=0.022..0.022 rows=0 loops=1663)
                           Index Cond: (c_customer_sk = store_sales.ss_customer_sk)
                           Filter: (c_birth_month = 9)
                           Rows Removed by Filter: 1
                           Buffers: shared hit=6556
               ->  Index Scan using customer_address_pkey on customer_address  (cost=0.42..7.65 rows=1 width=15) (actual time=0.035..0.035 rows=0 loops=67)
                     Index Cond: (ca_address_sk = customer.c_current_addr_sk)
                     Filter: (ca_state = 'SC'::bpchar)
                     Rows Removed by Filter: 1
                     Buffers: shared hit=252 read=16
         ->  Index Scan using store_pkey on store  (cost=0.15..5.72 rows=1 width=15) (actual time=0.021..0.022 rows=1 loops=2)
               Index Cond: (s_store_sk = store_sales.ss_store_sk)
               Buffers: shared hit=4
 Planning:
   Buffers: shared hit=460
 Planning Time: 5.450 ms
 Execution Time: 78559.313 ms
(47 rows)

