                                                                            QUERY PLAN                                                                            
------------------------------------------------------------------------------------------------------------------------------------------------------------------
 Aggregate  (cost=9678036.66..9678036.67 rows=1 width=40) (actual time=73667.853..73667.860 rows=1 loops=1)
   Buffers: shared hit=492967 read=5133273
   ->  Hash Join  (cost=19777.11..9678036.57 rows=12 width=14) (actual time=41719.836..73667.631 rows=237 loops=1)
         Hash Cond: (store_sales.ss_store_sk = store.s_store_sk)
         Join Filter: ("substring"((customer_address.ca_zip)::text, 1, 5) <> "substring"((store.s_zip)::text, 1, 5))
         Rows Removed by Join Filter: 4
         Buffers: shared hit=492967 read=5133273
         ->  Nested Loop  (cost=19750.06..9678009.49 rows=12 width=29) (actual time=41718.771..73666.022 rows=242 loops=1)
               Buffers: shared hit=492951 read=5133271
               ->  Nested Loop  (cost=19749.64..9675745.28 rows=296 width=22) (actual time=41676.971..73444.966 rows=11954 loops=1)
                     Buffers: shared hit=449221 read=5129185
                     ->  Hash Join  (cost=19749.21..9656382.28 rows=2531 width=22) (actual time=41676.776..71695.736 rows=100500 loops=1)
                           Hash Cond: (store_sales.ss_item_sk = item.i_item_sk)
                           Buffers: shared hit=52207 read=5129175
                           ->  Hash Join  (cost=2570.11..9639141.16 rows=23628 width=18) (actual time=41573.385..71449.935 rows=884927 loops=1)
                                 Hash Cond: (store_sales.ss_sold_date_sk = date_dim.d_date_sk)
                                 Buffers: shared hit=37918 read=5129108
                                 ->  Seq Scan on store_sales  (cost=0.00..9485539.52 rows=57532634 width=22) (actual time=0.024..67852.161 rows=57752041 loops=1)
                                       Filter: ((ss_wholesale_cost >= '76'::numeric) AND (ss_wholesale_cost <= '96'::numeric))
                                       Rows Removed by Filter: 230244983
                                       Buffers: shared hit=36444 read=5129108
                                 ->  Hash  (cost=2569.73..2569.73 rows=30 width=4) (actual time=14.859..14.861 rows=30 loops=1)
                                       Buckets: 1024  Batches: 1  Memory Usage: 10kB
                                       Buffers: shared hit=1474
                                       ->  Seq Scan on date_dim  (cost=0.00..2569.73 rows=30 width=4) (actual time=9.105..14.852 rows=30 loops=1)
                                             Filter: ((d_year = 2001) AND (d_moy = 4))
                                             Rows Removed by Filter: 73019
                                             Buffers: shared hit=1474
                           ->  Hash  (cost=16906.00..16906.00 rows=21848 width=12) (actual time=103.245..103.245 rows=21811 loops=1)
                                 Buckets: 32768  Batches: 1  Memory Usage: 1193kB
                                 Buffers: shared hit=14289 read=67
                                 ->  Seq Scan on item  (cost=0.00..16906.00 rows=21848 width=12) (actual time=0.025..100.052 rows=21811 loops=1)
                                       Filter: (i_category = 'Sports'::bpchar)
                                       Rows Removed by Filter: 182189
                                       Buffers: shared hit=14289 read=67
                     ->  Index Scan using customer_pkey on customer  (cost=0.43..7.65 rows=1 width=8) (actual time=0.017..0.017 rows=0 loops=100500)
                           Index Cond: (c_customer_sk = store_sales.ss_customer_sk)
                           Filter: (c_birth_month = 8)
                           Rows Removed by Filter: 1
                           Buffers: shared hit=397014 read=10
               ->  Index Scan using customer_address_pkey on customer_address  (cost=0.42..7.65 rows=1 width=15) (actual time=0.018..0.018 rows=0 loops=11954)
                     Index Cond: (ca_address_sk = customer.c_current_addr_sk)
                     Filter: (ca_state = 'KY'::bpchar)
                     Rows Removed by Filter: 1
                     Buffers: shared hit=43730 read=4086
         ->  Hash  (cost=22.02..22.02 rows=402 width=15) (actual time=1.046..1.047 rows=402 loops=1)
               Buckets: 1024  Batches: 1  Memory Usage: 27kB
               Buffers: shared hit=16 read=2
               ->  Seq Scan on store  (cost=0.00..22.02 rows=402 width=15) (actual time=0.019..0.955 rows=402 loops=1)
                     Buffers: shared hit=16 read=2
 Planning:
   Buffers: shared hit=460
 Planning Time: 2.806 ms
 Execution Time: 73668.160 ms
(54 rows)

