                                                                            QUERY PLAN                                                                            
------------------------------------------------------------------------------------------------------------------------------------------------------------------
 Aggregate  (cost=9651516.56..9651516.57 rows=1 width=40) (actual time=71409.073..71409.079 rows=1 loops=1)
   Buffers: shared hit=426469 read=5130923
   ->  Hash Join  (cost=19922.97..9651516.52 rows=5 width=14) (actual time=52415.036..71408.938 rows=111 loops=1)
         Hash Cond: (store_sales.ss_store_sk = store.s_store_sk)
         Join Filter: ("substring"((customer_address.ca_zip)::text, 1, 5) <> "substring"((store.s_zip)::text, 1, 5))
         Rows Removed by Join Filter: 5
         Buffers: shared hit=426469 read=5130923
         ->  Nested Loop  (cost=19895.93..9651489.46 rows=5 width=29) (actual time=52414.345..71407.956 rows=118 loops=1)
               Buffers: shared hit=426451 read=5130923
               ->  Nested Loop  (cost=19895.50..9649515.69 rows=258 width=22) (actual time=52327.634..71229.173 rows=7259 loops=1)
                     Buffers: shared hit=400026 read=5128312
                     ->  Hash Join  (cost=19895.07..9625845.54 rows=3094 width=22) (actual time=52326.820..69558.970 rows=87797 loops=1)
                           Hash Cond: (store_sales.ss_item_sk = item.i_item_sk)
                           Buffers: shared hit=53101 read=5128281
                           ->  Hash Join  (cost=2570.11..9608471.14 rows=18830 width=18) (actual time=52215.391..69367.328 rows=367982 loops=1)
                                 Hash Cond: (store_sales.ss_sold_date_sk = date_dim.d_date_sk)
                                 Buffers: shared hit=38812 read=5128214
                                 ->  Seq Scan on store_sales  (cost=0.00..9485539.52 rows=45849467 width=22) (actual time=0.031..66438.017 rows=46160898 loops=1)
                                       Filter: ((ss_wholesale_cost >= '80'::numeric) AND (ss_wholesale_cost <= '100'::numeric))
                                       Rows Removed by Filter: 241836126
                                       Buffers: shared hit=38443 read=5127109
                                 ->  Hash  (cost=2569.73..2569.73 rows=30 width=4) (actual time=20.991..20.992 rows=30 loops=1)
                                       Buckets: 1024  Batches: 1  Memory Usage: 10kB
                                       Buffers: shared hit=369 read=1105
                                       ->  Seq Scan on date_dim  (cost=0.00..2569.73 rows=30 width=4) (actual time=12.972..20.981 rows=30 loops=1)
                                             Filter: ((d_year = 2002) AND (d_moy = 4))
                                             Rows Removed by Filter: 73019
                                             Buffers: shared hit=369 read=1105
                           ->  Hash  (cost=16906.00..16906.00 rows=33517 width=12) (actual time=111.184..111.184 rows=33627 loops=1)
                                 Buckets: 65536  Batches: 1  Memory Usage: 1957kB
                                 Buffers: shared hit=14289 read=67
                                 ->  Seq Scan on item  (cost=0.00..16906.00 rows=33517 width=12) (actual time=0.024..105.600 rows=33627 loops=1)
                                       Filter: (i_category = 'Shoes'::bpchar)
                                       Rows Removed by Filter: 170373
                                       Buffers: shared hit=14289 read=67
                     ->  Index Scan using customer_pkey on customer  (cost=0.43..7.65 rows=1 width=8) (actual time=0.019..0.019 rows=0 loops=87797)
                           Index Cond: (c_customer_sk = store_sales.ss_customer_sk)
                           Filter: (c_birth_month = 11)
                           Rows Removed by Filter: 1
                           Buffers: shared hit=346925 read=31
               ->  Index Scan using customer_address_pkey on customer_address  (cost=0.42..7.65 rows=1 width=15) (actual time=0.024..0.024 rows=0 loops=7259)
                     Index Cond: (ca_address_sk = customer.c_current_addr_sk)
                     Filter: (ca_state = 'WI'::bpchar)
                     Rows Removed by Filter: 1
                     Buffers: shared hit=26425 read=2611
         ->  Hash  (cost=22.02..22.02 rows=402 width=15) (actual time=0.665..0.666 rows=402 loops=1)
               Buckets: 1024  Batches: 1  Memory Usage: 27kB
               Buffers: shared hit=18
               ->  Seq Scan on store  (cost=0.00..22.02 rows=402 width=15) (actual time=0.027..0.531 rows=402 loops=1)
                     Buffers: shared hit=18
 Planning:
   Buffers: shared hit=460
 Planning Time: 5.443 ms
 Execution Time: 71409.585 ms
(54 rows)

