                                                                            QUERY PLAN                                                                            
------------------------------------------------------------------------------------------------------------------------------------------------------------------
 Aggregate  (cost=9632740.24..9632740.25 rows=1 width=40) (actual time=75381.804..75381.810 rows=1 loops=1)
   Buffers: shared hit=187688 read=5124756
   ->  Nested Loop  (cost=19790.24..9632740.22 rows=3 width=14) (actual time=53628.052..75381.766 rows=21 loops=1)
         Join Filter: ("substring"((customer_address.ca_zip)::text, 1, 5) <> "substring"((store.s_zip)::text, 1, 5))
         Buffers: shared hit=187688 read=5124756
         ->  Nested Loop  (cost=19790.09..9632722.99 rows=3 width=29) (actual time=53628.034..75381.324 rows=22 loops=1)
               Buffers: shared hit=187646 read=5124756
               ->  Nested Loop  (cost=19789.66..9632217.73 rows=66 width=22) (actual time=53624.457..75364.337 rows=1028 loops=1)
                     Buffers: shared hit=184063 read=5124227
                     ->  Hash Join  (cost=19789.24..9616435.08 rows=2063 width=22) (actual time=53612.273..74950.036 rows=32135 loops=1)
                           Hash Cond: (store_sales.ss_item_sk = item.i_item_sk)
                           Buffers: shared hit=57242 read=5124140
                           ->  Hash Join  (cost=2570.10..9599171.85 rows=16796 width=18) (actual time=53510.954..74793.782 rows=360842 loops=1)
                                 Hash Cond: (store_sales.ss_sold_date_sk = date_dim.d_date_sk)
                                 Buffers: shared hit=42953 read=5124073
                                 ->  Seq Scan on store_sales  (cost=0.00..9485539.52 rows=42307078 width=22) (actual time=0.024..72112.325 rows=43022880 loops=1)
                                       Filter: ((ss_wholesale_cost >= '3'::numeric) AND (ss_wholesale_cost <= '23'::numeric))
                                       Rows Removed by Filter: 244974144
                                       Buffers: shared hit=41606 read=5123946
                                 ->  Hash  (cost=2569.73..2569.73 rows=29 width=4) (actual time=15.348..15.348 rows=30 loops=1)
                                       Buckets: 1024  Batches: 1  Memory Usage: 10kB
                                       Buffers: shared hit=1347 read=127
                                       ->  Seq Scan on date_dim  (cost=0.00..2569.73 rows=29 width=4) (actual time=8.229..15.338 rows=30 loops=1)
                                             Filter: ((d_year = 2001) AND (d_moy = 11))
                                             Rows Removed by Filter: 73019
                                             Buffers: shared hit=1347 read=127
                           ->  Hash  (cost=16906.00..16906.00 rows=25051 width=12) (actual time=101.189..101.189 rows=24688 loops=1)
                                 Buckets: 32768  Batches: 1  Memory Usage: 1317kB
                                 Buffers: shared hit=14289 read=67
                                 ->  Seq Scan on item  (cost=0.00..16906.00 rows=25051 width=12) (actual time=0.012..97.634 rows=24688 loops=1)
                                       Filter: (i_category = 'Books'::bpchar)
                                       Rows Removed by Filter: 179312
                                       Buffers: shared hit=14289 read=67
                     ->  Index Scan using customer_pkey on customer  (cost=0.43..7.65 rows=1 width=8) (actual time=0.013..0.013 rows=0 loops=32135)
                           Index Cond: (c_customer_sk = store_sales.ss_customer_sk)
                           Filter: (c_birth_month = 6)
                           Rows Removed by Filter: 1
                           Buffers: shared hit=126821 read=87
               ->  Index Scan using customer_address_pkey on customer_address  (cost=0.42..7.66 rows=1 width=15) (actual time=0.016..0.016 rows=0 loops=1028)
                     Index Cond: (ca_address_sk = customer.c_current_addr_sk)
                     Filter: (ca_state = 'GA'::bpchar)
                     Rows Removed by Filter: 1
                     Buffers: shared hit=3583 read=529
         ->  Index Scan using store_pkey on store  (cost=0.15..5.72 rows=1 width=15) (actual time=0.016..0.016 rows=1 loops=22)
               Index Cond: (s_store_sk = store_sales.ss_store_sk)
               Buffers: shared hit=42
 Planning:
   Buffers: shared hit=460
 Planning Time: 2.091 ms
 Execution Time: 75382.090 ms
(50 rows)

