                                                                             QUERY PLAN                                                                              
---------------------------------------------------------------------------------------------------------------------------------------------------------------------
 Aggregate  (cost=9617061.58..9617061.59 rows=1 width=40) (actual time=83626.321..83626.327 rows=1 loops=1)
   Buffers: shared hit=1218837 read=5135691
   ->  Nested Loop  (cost=2571.53..9617061.57 rows=1 width=14) (actual time=59769.022..83626.254 rows=25 loops=1)
         Join Filter: ("substring"((customer_address.ca_zip)::text, 1, 5) <> "substring"((store.s_zip)::text, 1, 5))
         Buffers: shared hit=1218837 read=5135691
         ->  Nested Loop  (cost=2571.38..9617055.83 rows=1 width=29) (actual time=59768.983..83625.831 rows=25 loops=1)
               Buffers: shared hit=1218790 read=5135688
               ->  Nested Loop  (cost=2570.96..9616964.20 rows=12 width=25) (actual time=59600.123..83616.845 rows=283 loops=1)
                     Buffers: shared hit=1217838 read=5135508
                     ->  Nested Loop  (cost=2570.54..9613620.03 rows=437 width=18) (actual time=59498.034..83249.775 rows=13422 loops=1)
                           Buffers: shared hit=1170221 read=5129437
                           ->  Hash Join  (cost=2570.11..9545241.03 rows=8938 width=18) (actual time=59497.711..76820.780 rows=286583 loops=1)
                                 Hash Cond: (store_sales.ss_sold_date_sk = date_dim.d_date_sk)
                                 Buffers: shared hit=39164 read=5127862
                                 ->  Seq Scan on store_sales  (cost=0.00..9485539.52 rows=21763138 width=22) (actual time=0.053..75200.918 rows=21807357 loops=1)
                                       Filter: ((ss_wholesale_cost >= '17'::numeric) AND (ss_wholesale_cost <= '37'::numeric))
                                       Rows Removed by Filter: 266189667
                                       Buffers: shared hit=37690 read=5127862
                                 ->  Hash  (cost=2569.73..2569.73 rows=30 width=4) (actual time=30.020..30.021 rows=30 loops=1)
                                       Buckets: 1024  Batches: 1  Memory Usage: 10kB
                                       Buffers: shared hit=1474
                                       ->  Seq Scan on date_dim  (cost=0.00..2569.73 rows=30 width=4) (actual time=18.226..30.008 rows=30 loops=1)
                                             Filter: ((d_year = 2002) AND (d_moy = 6))
                                             Rows Removed by Filter: 73019
                                             Buffers: shared hit=1474
                           ->  Index Scan using customer_pkey on customer  (cost=0.43..7.65 rows=1 width=8) (actual time=0.022..0.022 rows=0 loops=286583)
                                 Index Cond: (c_customer_sk = store_sales.ss_customer_sk)
                                 Filter: (c_birth_month = 7)
                                 Rows Removed by Filter: 1
                                 Buffers: shared hit=1131057 read=1575
                     ->  Index Scan using customer_address_pkey on customer_address  (cost=0.42..7.65 rows=1 width=15) (actual time=0.027..0.027 rows=0 loops=13422)
                           Index Cond: (ca_address_sk = customer.c_current_addr_sk)
                           Filter: (ca_state = 'OH'::bpchar)
                           Rows Removed by Filter: 1
                           Buffers: shared hit=47617 read=6071
               ->  Index Scan using item_pkey on item  (cost=0.42..7.64 rows=1 width=12) (actual time=0.031..0.031 rows=0 loops=283)
                     Index Cond: (i_item_sk = store_sales.ss_item_sk)
                     Filter: (i_category = 'Home'::bpchar)
                     Rows Removed by Filter: 1
                     Buffers: shared hit=952 read=180
         ->  Index Scan using store_pkey on store  (cost=0.15..5.72 rows=1 width=15) (actual time=0.010..0.010 rows=1 loops=25)
               Index Cond: (s_store_sk = store_sales.ss_store_sk)
               Buffers: shared hit=47 read=3
 Planning:
   Buffers: shared hit=460
 Planning Time: 5.376 ms
 Execution Time: 83626.819 ms
(47 rows)

