                                                                             QUERY PLAN                                                                              
---------------------------------------------------------------------------------------------------------------------------------------------------------------------
 Aggregate  (cost=9722166.77..9722166.78 rows=1 width=40) (actual time=96025.393..96025.399 rows=1 loops=1)
   Buffers: shared hit=2994931 read=5154671
   ->  Nested Loop  (cost=2571.52..9722166.75 rows=3 width=14) (actual time=10687.203..96025.160 rows=97 loops=1)
         Join Filter: ("substring"((customer_address.ca_zip)::text, 1, 5) <> "substring"((store.s_zip)::text, 1, 5))
         Rows Removed by Join Filter: 1
         Buffers: shared hit=2994931 read=5154671
         ->  Nested Loop  (cost=2571.37..9722149.52 rows=3 width=29) (actual time=10687.169..96023.088 rows=98 loops=1)
               Buffers: shared hit=2994741 read=5154665
               ->  Nested Loop  (cost=2570.95..9721760.10 rows=51 width=25) (actual time=10044.402..95990.304 rows=1253 loops=1)
                     Buffers: shared hit=2990263 read=5154131
                     ->  Nested Loop  (cost=2570.52..9710109.42 rows=1523 width=18) (actual time=10038.983..94223.325 rows=67289 loops=1)
                           Buffers: shared hit=2734008 read=5141230
                           ->  Hash Join  (cost=2570.10..9591031.81 rows=15565 width=18) (actual time=10038.556..77890.460 rows=685194 loops=1)
                                 Hash Cond: (store_sales.ss_sold_date_sk = date_dim.d_date_sk)
                                 Buffers: shared hit=26274 read=5140752
                                 ->  Seq Scan on store_sales  (cost=0.00..9485539.52 rows=39206286 width=22) (actual time=0.251..75112.109 rows=39350281 loops=1)
                                       Filter: ((ss_wholesale_cost >= '31'::numeric) AND (ss_wholesale_cost <= '51'::numeric))
                                       Rows Removed by Filter: 248646743
                                       Buffers: shared hit=24800 read=5140752
                                 ->  Hash  (cost=2569.73..2569.73 rows=29 width=4) (actual time=20.208..20.210 rows=30 loops=1)
                                       Buckets: 1024  Batches: 1  Memory Usage: 10kB
                                       Buffers: shared hit=1474
                                       ->  Seq Scan on date_dim  (cost=0.00..2569.73 rows=29 width=4) (actual time=10.644..20.193 rows=30 loops=1)
                                             Filter: ((d_year = 1998) AND (d_moy = 11))
                                             Rows Removed by Filter: 73019
                                             Buffers: shared hit=1474
                           ->  Index Scan using customer_pkey on customer  (cost=0.43..7.65 rows=1 width=8) (actual time=0.023..0.023 rows=0 loops=685194)
                                 Index Cond: (c_customer_sk = store_sales.ss_customer_sk)
                                 Filter: (c_birth_month = 2)
                                 Rows Removed by Filter: 1
                                 Buffers: shared hit=2707734 read=478
                     ->  Index Scan using customer_address_pkey on customer_address  (cost=0.42..7.65 rows=1 width=15) (actual time=0.026..0.026 rows=0 loops=67289)
                           Index Cond: (ca_address_sk = customer.c_current_addr_sk)
                           Filter: (ca_state = 'KS'::bpchar)
                           Rows Removed by Filter: 1
                           Buffers: shared hit=256255 read=12901
               ->  Index Scan using item_pkey on item  (cost=0.42..7.64 rows=1 width=12) (actual time=0.025..0.025 rows=0 loops=1253)
                     Index Cond: (i_item_sk = store_sales.ss_item_sk)
                     Filter: (i_category = 'Men'::bpchar)
                     Rows Removed by Filter: 1
                     Buffers: shared hit=4478 read=534
         ->  Index Scan using store_pkey on store  (cost=0.15..5.72 rows=1 width=15) (actual time=0.014..0.014 rows=1 loops=98)
               Index Cond: (s_store_sk = store_sales.ss_store_sk)
               Buffers: shared hit=190 read=6
 Planning:
   Buffers: shared hit=460
 Planning Time: 4.416 ms
 Execution Time: 96025.854 ms
(48 rows)

