                                                                            QUERY PLAN                                                                            
------------------------------------------------------------------------------------------------------------------------------------------------------------------
 Aggregate  (cost=9756690.71..9756690.72 rows=1 width=40) (actual time=85145.275..85145.280 rows=1 loops=1)
   Buffers: shared hit=803471 read=5138569
   ->  Nested Loop  (cost=19614.53..9756690.70 rows=2 width=14) (actual time=13934.987..85144.881 rows=320 loops=1)
         Join Filter: ("substring"((customer_address.ca_zip)::text, 1, 5) <> "substring"((store.s_zip)::text, 1, 5))
         Rows Removed by Join Filter: 11
         Buffers: shared hit=803471 read=5138569
         ->  Nested Loop  (cost=19614.39..9756679.21 rows=2 width=29) (actual time=13934.962..85140.746 rows=335 loops=1)
               Buffers: shared hit=802827 read=5138551
               ->  Nested Loop  (cost=19613.96..9755493.41 rows=155 width=22) (actual time=13931.512..84903.478 rows=14422 loops=1)
                     Buffers: shared hit=748721 read=5134969
                     ->  Hash Join  (cost=19613.53..9741279.11 rows=1858 width=22) (actual time=13931.202..82088.805 rows=177740 loops=1)
                           Hash Cond: (store_sales.ss_item_sk = item.i_item_sk)
                           Buffers: shared hit=46480 read=5134902
                           ->  Hash Join  (cost=2570.08..9724145.19 rows=34464 width=18) (actual time=13765.998..81648.141 rows=2597382 loops=1)
                                 Hash Cond: (store_sales.ss_sold_date_sk = date_dim.d_date_sk)
                                 Buffers: shared hit=33882 read=5133144
                                 ->  Seq Scan on store_sales  (cost=0.00..9485539.52 rows=89913339 width=22) (actual time=1.895..75937.796 rows=89530603 loops=1)
                                       Filter: ((ss_wholesale_cost >= '54'::numeric) AND (ss_wholesale_cost <= '74'::numeric))
                                       Rows Removed by Filter: 198466421
                                       Buffers: shared hit=32408 read=5133144
                                 ->  Hash  (cost=2569.73..2569.73 rows=28 width=4) (actual time=18.360..18.360 rows=28 loops=1)
                                       Buckets: 1024  Batches: 1  Memory Usage: 9kB
                                       Buffers: shared hit=1474
                                       ->  Seq Scan on date_dim  (cost=0.00..2569.73 rows=28 width=4) (actual time=10.390..18.348 rows=28 loops=1)
                                             Filter: ((d_year = 1999) AND (d_moy = 2))
                                             Rows Removed by Filter: 73021
                                             Buffers: shared hit=1474
                           ->  Hash  (cost=16906.00..16906.00 rows=10996 width=12) (actual time=104.841..104.842 rows=11037 loops=1)
                                 Buckets: 16384  Batches: 1  Memory Usage: 603kB
                                 Buffers: shared hit=12598 read=1758
                                 ->  Seq Scan on item  (cost=0.00..16906.00 rows=10996 width=12) (actual time=0.031..102.910 rows=11037 loops=1)
                                       Filter: (i_category = 'Women'::bpchar)
                                       Rows Removed by Filter: 192963
                                       Buffers: shared hit=12598 read=1758
                     ->  Index Scan using customer_pkey on customer  (cost=0.43..7.65 rows=1 width=8) (actual time=0.016..0.016 rows=0 loops=177740)
                           Index Cond: (c_customer_sk = store_sales.ss_customer_sk)
                           Filter: (c_birth_month = 11)
                           Rows Removed by Filter: 1
                           Buffers: shared hit=702241 read=67
               ->  Index Scan using customer_address_pkey on customer_address  (cost=0.42..7.65 rows=1 width=15) (actual time=0.016..0.016 rows=0 loops=14422)
                     Index Cond: (ca_address_sk = customer.c_current_addr_sk)
                     Filter: (ca_state = 'UT'::bpchar)
                     Rows Removed by Filter: 1
                     Buffers: shared hit=54106 read=3582
         ->  Index Scan using store_pkey on store  (cost=0.15..5.72 rows=1 width=15) (actual time=0.009..0.009 rows=1 loops=335)
               Index Cond: (s_store_sk = store_sales.ss_store_sk)
               Buffers: shared hit=644 read=18
 Planning:
   Buffers: shared hit=460
 Planning Time: 4.425 ms
 Execution Time: 85145.764 ms
(51 rows)

