                                                                             QUERY PLAN                                                                              
---------------------------------------------------------------------------------------------------------------------------------------------------------------------
 Aggregate  (cost=9769942.09..9769942.10 rows=1 width=40) (actual time=90564.299..90564.305 rows=1 loops=1)
   Buffers: shared hit=1932494 read=5135234
   ->  Nested Loop  (cost=2571.52..9769942.08 rows=2 width=14) (actual time=68806.908..90564.236 rows=24 loops=1)
         Join Filter: ("substring"((customer_address.ca_zip)::text, 1, 5) <> "substring"((store.s_zip)::text, 1, 5))
         Rows Removed by Join Filter: 1
         Buffers: shared hit=1932494 read=5135234
         ->  Nested Loop  (cost=2571.37..9769930.59 rows=2 width=29) (actual time=68806.868..90563.800 rows=25 loops=1)
               Buffers: shared hit=1932444 read=5135234
               ->  Nested Loop  (cost=2570.95..9769693.89 rows=31 width=25) (actual time=68716.075..90542.018 rows=722 loops=1)
                     Buffers: shared hit=1929628 read=5135162
                     ->  Nested Loop  (cost=2570.52..9755495.82 rows=1856 width=18) (actual time=68661.816..89453.007 rows=42365 loops=1)
                           Buffers: shared hit=1765509 read=5129821
                           ->  Hash Join  (cost=2570.10..9612074.92 rows=18747 width=18) (actual time=68661.354..78777.840 rows=437313 loops=1)
                                 Hash Cond: (store_sales.ss_sold_date_sk = date_dim.d_date_sk)
                                 Buffers: shared hit=37214 read=5129812
                                 ->  Seq Scan on store_sales  (cost=0.00..9485539.52 rows=47222264 width=22) (actual time=0.046..75621.419 rows=46662186 loops=1)
                                       Filter: ((ss_wholesale_cost >= '48'::numeric) AND (ss_wholesale_cost <= '68'::numeric))
                                       Rows Removed by Filter: 241334838
                                       Buffers: shared hit=35740 read=5129812
                                 ->  Hash  (cost=2569.73..2569.73 rows=29 width=4) (actual time=20.691..20.692 rows=30 loops=1)
                                       Buckets: 1024  Batches: 1  Memory Usage: 10kB
                                       Buffers: shared hit=1474
                                       ->  Seq Scan on date_dim  (cost=0.00..2569.73 rows=29 width=4) (actual time=11.966..20.678 rows=30 loops=1)
                                             Filter: ((d_year = 2002) AND (d_moy = 11))
                                             Rows Removed by Filter: 73019
                                             Buffers: shared hit=1474
                           ->  Index Scan using customer_pkey on customer  (cost=0.43..7.65 rows=1 width=8) (actual time=0.024..0.024 rows=0 loops=437313)
                                 Index Cond: (c_customer_sk = store_sales.ss_customer_sk)
                                 Filter: (c_birth_month = 1)
                                 Rows Removed by Filter: 1
                                 Buffers: shared hit=1728295 read=9
                     ->  Index Scan using customer_address_pkey on customer_address  (cost=0.42..7.65 rows=1 width=15) (actual time=0.025..0.025 rows=0 loops=42365)
                           Index Cond: (ca_address_sk = customer.c_current_addr_sk)
                           Filter: (ca_state = 'WV'::bpchar)
                           Rows Removed by Filter: 1
                           Buffers: shared hit=164119 read=5341
               ->  Index Scan using item_pkey on item  (cost=0.42..7.64 rows=1 width=12) (actual time=0.029..0.029 rows=0 loops=722)
                     Index Cond: (i_item_sk = store_sales.ss_item_sk)
                     Filter: (i_category = 'Women'::bpchar)
                     Rows Removed by Filter: 1
                     Buffers: shared hit=2816 read=72
         ->  Index Scan using store_pkey on store  (cost=0.15..5.72 rows=1 width=15) (actual time=0.010..0.010 rows=1 loops=25)
               Index Cond: (s_store_sk = store_sales.ss_store_sk)
               Buffers: shared hit=50
 Planning:
   Buffers: shared hit=460
 Planning Time: 4.604 ms
 Execution Time: 90564.720 ms
(48 rows)

