                                                                            QUERY PLAN                                                                            
------------------------------------------------------------------------------------------------------------------------------------------------------------------
 Aggregate  (cost=9742368.45..9742368.46 rows=1 width=40) (actual time=79674.144..79674.149 rows=1 loops=1)
   Buffers: shared hit=149377 read=5129893
   ->  Nested Loop  (cost=19589.31..9742368.45 rows=1 width=14) (actual time=62393.984..79674.128 rows=7 loops=1)
         Join Filter: ("substring"((customer_address.ca_zip)::text, 1, 5) <> "substring"((store.s_zip)::text, 1, 5))
         Rows Removed by Join Filter: 1
         Buffers: shared hit=149377 read=5129893
         ->  Nested Loop  (cost=19589.16..9742362.70 rows=1 width=29) (actual time=62393.961..79674.032 rows=8 loops=1)
               Buffers: shared hit=149361 read=5129893
               ->  Nested Loop  (cost=19588.74..9742201.70 rows=21 width=22) (actual time=62220.805..79669.720 rows=364 loops=1)
                     Buffers: shared hit=148002 read=5129796
                     ->  Hash Join  (cost=19588.31..9730343.70 rows=1550 width=22) (actual time=62212.817..79427.235 rows=24369 loops=1)
                           Hash Cond: (store_sales.ss_item_sk = item.i_item_sk)
                           Buffers: shared hit=51589 read=5129793
                           ->  Hash Join  (cost=2570.11..9713233.05 rows=35219 width=18) (actual time=62091.793..79192.318 rows=1119263 loops=1)
                                 Hash Cond: (store_sales.ss_sold_date_sk = date_dim.d_date_sk)
                                 Buffers: shared hit=37474 read=5129552
                                 ->  Seq Scan on store_sales  (cost=0.00..9485539.52 rows=85756551 width=22) (actual time=0.060..73861.380 rows=85367142 loops=1)
                                       Filter: ((ss_wholesale_cost >= '63'::numeric) AND (ss_wholesale_cost <= '83'::numeric))
                                       Rows Removed by Filter: 202629882
                                       Buffers: shared hit=36000 read=5129552
                                 ->  Hash  (cost=2569.73..2569.73 rows=30 width=4) (actual time=27.522..27.523 rows=30 loops=1)
                                       Buckets: 1024  Batches: 1  Memory Usage: 10kB
                                       Buffers: shared hit=1474
                                       ->  Seq Scan on date_dim  (cost=0.00..2569.73 rows=30 width=4) (actual time=16.155..27.510 rows=30 loops=1)
                                             Filter: ((d_year = 2002) AND (d_moy = 6))
                                             Rows Removed by Filter: 73019
                                             Buffers: shared hit=1474
                           ->  Hash  (cost=16906.00..16906.00 rows=8976 width=12) (actual time=120.610..120.611 rows=8826 loops=1)
                                 Buckets: 16384  Batches: 1  Memory Usage: 508kB
                                 Buffers: shared hit=14115 read=241
                                 ->  Seq Scan on item  (cost=0.00..16906.00 rows=8976 width=12) (actual time=0.013..118.677 rows=8826 loops=1)
                                       Filter: (i_category = 'Jewelry'::bpchar)
                                       Rows Removed by Filter: 195174
                                       Buffers: shared hit=14115 read=241
                     ->  Index Scan using customer_pkey on customer  (cost=0.43..7.65 rows=1 width=8) (actual time=0.010..0.010 rows=0 loops=24369)
                           Index Cond: (c_customer_sk = store_sales.ss_customer_sk)
                           Filter: (c_birth_month = 5)
                           Rows Removed by Filter: 1
                           Buffers: shared hit=96413 read=3
               ->  Index Scan using customer_address_pkey on customer_address  (cost=0.42..7.67 rows=1 width=15) (actual time=0.011..0.011 rows=0 loops=364)
                     Index Cond: (ca_address_sk = customer.c_current_addr_sk)
                     Filter: (ca_state = 'GA'::bpchar)
                     Rows Removed by Filter: 1
                     Buffers: shared hit=1359 read=97
         ->  Index Scan using store_pkey on store  (cost=0.15..5.72 rows=1 width=15) (actual time=0.007..0.007 rows=1 loops=8)
               Index Cond: (s_store_sk = store_sales.ss_store_sk)
               Buffers: shared hit=16
 Planning:
   Buffers: shared hit=460
 Planning Time: 5.401 ms
 Execution Time: 79674.679 ms
(51 rows)

