                                                                            QUERY PLAN                                                                            
------------------------------------------------------------------------------------------------------------------------------------------------------------------
 Aggregate  (cost=9756308.49..9756308.50 rows=1 width=40) (actual time=83144.691..83144.696 rows=1 loops=1)
   Buffers: shared hit=124261 read=5131887
   ->  Nested Loop  (cost=17044.75..9756308.46 rows=4 width=14) (actual time=62359.148..83144.645 rows=24 loops=1)
         Join Filter: ("substring"((customer_address.ca_zip)::text, 1, 5) <> "substring"((store.s_zip)::text, 1, 5))
         Buffers: shared hit=124261 read=5131887
         ->  Nested Loop  (cost=17044.61..9756285.49 rows=4 width=29) (actual time=62359.132..83144.375 rows=24 loops=1)
               Buffers: shared hit=124213 read=5131887
               ->  Nested Loop  (cost=17044.18..9755115.14 rows=153 width=22) (actual time=62348.757..83123.937 rows=1888 loops=1)
                     Buffers: shared hit=117084 read=5131464
                     ->  Nested Loop  (cost=17043.75..9745108.50 rows=1308 width=22) (actual time=62347.859..82963.664 rows=15803 loops=1)
                           Buffers: shared hit=54648 read=5131464
                           ->  Hash Join  (cost=17043.45..9652676.85 rows=3081976 width=26) (actual time=159.059..81969.612 rows=3272944 loops=1)
                                 Hash Cond: (store_sales.ss_item_sk = item.i_item_sk)
                                 Buffers: shared hit=48630 read=5131278
                                 ->  Seq Scan on store_sales  (cost=0.00..9485539.52 rows=57177434 width=22) (actual time=0.713..75260.054 rows=56890659 loops=1)
                                       Filter: ((ss_wholesale_cost >= '39'::numeric) AND (ss_wholesale_cost <= '59'::numeric))
                                       Rows Removed by Filter: 231106365
                                       Buffers: shared hit=34748 read=5130804
                                 ->  Hash  (cost=16906.00..16906.00 rows=10996 width=12) (actual time=158.204..158.204 rows=11037 loops=1)
                                       Buckets: 16384  Batches: 1  Memory Usage: 603kB
                                       Buffers: shared hit=13882 read=474
                                       ->  Seq Scan on item  (cost=0.00..16906.00 rows=10996 width=12) (actual time=0.515..155.255 rows=11037 loops=1)
                                             Filter: (i_category = 'Women'::bpchar)
                                             Rows Removed by Filter: 192963
                                             Buffers: shared hit=13882 read=474
                           ->  Memoize  (cost=0.30..7.51 rows=1 width=4) (actual time=0.000..0.000 rows=0 loops=3272944)
                                 Cache Key: store_sales.ss_sold_date_sk
                                 Cache Mode: logical
                                 Hits: 3270875  Misses: 2069  Evictions: 0  Overflows: 0  Memory Usage: 139kB
                                 Buffers: shared hit=6018 read=186
                                 ->  Index Scan using date_dim_pkey on date_dim  (cost=0.29..7.50 rows=1 width=4) (actual time=0.017..0.017 rows=0 loops=2069)
                                       Index Cond: (d_date_sk = store_sales.ss_sold_date_sk)
                                       Filter: ((d_year = 2002) AND (d_moy = 3))
                                       Rows Removed by Filter: 1
                                       Buffers: shared hit=6018 read=186
                     ->  Index Scan using customer_pkey on customer  (cost=0.43..7.65 rows=1 width=8) (actual time=0.010..0.010 rows=0 loops=15803)
                           Index Cond: (c_customer_sk = store_sales.ss_customer_sk)
                           Filter: (c_birth_month = 8)
                           Rows Removed by Filter: 1
                           Buffers: shared hit=62436
               ->  Index Scan using customer_address_pkey on customer_address  (cost=0.42..7.65 rows=1 width=15) (actual time=0.011..0.011 rows=0 loops=1888)
                     Index Cond: (ca_address_sk = customer.c_current_addr_sk)
                     Filter: (ca_state = 'OK'::bpchar)
                     Rows Removed by Filter: 1
                     Buffers: shared hit=7129 read=423
         ->  Index Scan using store_pkey on store  (cost=0.15..5.72 rows=1 width=15) (actual time=0.006..0.006 rows=1 loops=24)
               Index Cond: (s_store_sk = store_sales.ss_store_sk)
               Buffers: shared hit=48
 Planning:
   Buffers: shared hit=460
 Planning Time: 4.026 ms
 Execution Time: 83145.135 ms
(52 rows)

