                                                                            QUERY PLAN                                                                            
------------------------------------------------------------------------------------------------------------------------------------------------------------------
 Aggregate  (cost=9638599.76..9638599.77 rows=1 width=40) (actual time=72165.644..72165.649 rows=1 loops=1)
   Buffers: shared hit=256442 read=5130014
   ->  Nested Loop  (cost=19688.67..9638599.73 rows=3 width=14) (actual time=55725.236..72165.516 rows=89 loops=1)
         Join Filter: ("substring"((customer_address.ca_zip)::text, 1, 5) <> "substring"((store.s_zip)::text, 1, 5))
         Buffers: shared hit=256442 read=5130014
         ->  Nested Loop  (cost=19688.53..9638582.50 rows=3 width=29) (actual time=55725.219..72164.663 rows=89 loops=1)
               Buffers: shared hit=256267 read=5130011
               ->  Nested Loop  (cost=19688.10..9637587.97 rows=130 width=22) (actual time=55722.640..72108.003 rows=3878 loops=1)
                     Buffers: shared hit=241823 read=5128943
                     ->  Hash Join  (cost=19687.67..9625638.14 rows=1562 width=22) (actual time=55721.592..71501.648 rows=47879 loops=1)
                           Hash Cond: (store_sales.ss_item_sk = item.i_item_sk)
                           Buffers: shared hit=52443 read=5128939
                           ->  Hash Join  (cost=2570.11..9608471.14 rows=18830 width=18) (actual time=55612.493..71305.586 rows=606994 loops=1)
                                 Hash Cond: (store_sales.ss_sold_date_sk = date_dim.d_date_sk)
                                 Buffers: shared hit=38326 read=5128700
                                 ->  Seq Scan on store_sales  (cost=0.00..9485539.52 rows=45849467 width=22) (actual time=0.602..68328.376 rows=46160898 loops=1)
                                       Filter: ((ss_wholesale_cost >= '80'::numeric) AND (ss_wholesale_cost <= '100'::numeric))
                                       Rows Removed by Filter: 241836126
                                       Buffers: shared hit=37096 read=5128456
                                 ->  Hash  (cost=2569.73..2569.73 rows=30 width=4) (actual time=28.278..28.279 rows=30 loops=1)
                                       Buckets: 1024  Batches: 1  Memory Usage: 10kB
                                       Buffers: shared hit=1230 read=244
                                       ->  Seq Scan on date_dim  (cost=0.00..2569.73 rows=30 width=4) (actual time=17.190..28.267 rows=30 loops=1)
                                             Filter: ((d_year = 2002) AND (d_moy = 6))
                                             Rows Removed by Filter: 73019
                                             Buffers: shared hit=1230 read=244
                           ->  Hash  (cost=16906.00..16906.00 rows=16925 width=12) (actual time=108.934..108.934 rows=17141 loops=1)
                                 Buckets: 32768  Batches: 1  Memory Usage: 993kB
                                 Buffers: shared hit=14117 read=239
                                 ->  Seq Scan on item  (cost=0.00..16906.00 rows=16925 width=12) (actual time=0.014..105.294 rows=17141 loops=1)
                                       Filter: (i_category = 'Home'::bpchar)
                                       Rows Removed by Filter: 186859
                                       Buffers: shared hit=14117 read=239
                     ->  Index Scan using customer_pkey on customer  (cost=0.43..7.65 rows=1 width=8) (actual time=0.012..0.012 rows=0 loops=47879)
                           Index Cond: (c_customer_sk = store_sales.ss_customer_sk)
                           Filter: (c_birth_month = 11)
                           Rows Removed by Filter: 1
                           Buffers: shared hit=189380 read=4
               ->  Index Scan using customer_address_pkey on customer_address  (cost=0.42..7.65 rows=1 width=15) (actual time=0.014..0.014 rows=0 loops=3878)
                     Index Cond: (ca_address_sk = customer.c_current_addr_sk)
                     Filter: (ca_state = 'MS'::bpchar)
                     Rows Removed by Filter: 1
                     Buffers: shared hit=14444 read=1068
         ->  Index Scan using store_pkey on store  (cost=0.15..5.72 rows=1 width=15) (actual time=0.006..0.006 rows=1 loops=89)
               Index Cond: (s_store_sk = store_sales.ss_store_sk)
               Buffers: shared hit=175 read=3
 Planning:
   Buffers: shared hit=460
 Planning Time: 5.413 ms
 Execution Time: 72166.195 ms
(50 rows)

