                                                                            QUERY PLAN                                                                            
------------------------------------------------------------------------------------------------------------------------------------------------------------------
 Aggregate  (cost=9756300.05..9756300.06 rows=1 width=40) (actual time=110946.774..110946.781 rows=1 loops=1)
   Buffers: shared hit=5827249 read=5164075
   ->  Nested Loop  (cost=2571.50..9756300.04 rows=2 width=14) (actual time=16454.890..110946.719 rows=17 loops=1)
         Join Filter: ("substring"((customer_address.ca_zip)::text, 1, 5) <> "substring"((store.s_zip)::text, 1, 5))
         Buffers: shared hit=5827249 read=5164075
         ->  Nested Loop  (cost=2571.36..9756288.55 rows=2 width=29) (actual time=16454.858..110946.413 rows=17 loops=1)
               Buffers: shared hit=5827216 read=5164074
               ->  Nested Loop  (cost=2570.93..9756051.41 rows=31 width=22) (actual time=12234.775..110908.644 rows=1173 loops=1)
                     Buffers: shared hit=5823030 read=5163568
                     ->  Nested Loop  (cost=2570.51..9742918.18 rows=1720 width=18) (actual time=12226.844..107421.245 rows=131518 loops=1)
                           Buffers: shared hit=5324743 read=5135783
                           ->  Hash Join  (cost=2570.08..9608471.12 rows=17574 width=18) (actual time=12226.418..74478.165 rows=1339356 loops=1)
                                 Hash Cond: (store_sales.ss_sold_date_sk = date_dim.d_date_sk)
                                 Buffers: shared hit=31256 read=5135770
                                 ->  Seq Scan on store_sales  (cost=0.00..9485539.52 rows=45849467 width=22) (actual time=0.208..71043.866 rows=46160898 loops=1)
                                       Filter: ((ss_wholesale_cost >= '80'::numeric) AND (ss_wholesale_cost <= '100'::numeric))
                                       Rows Removed by Filter: 241836126
                                       Buffers: shared hit=29909 read=5135643
                                 ->  Hash  (cost=2569.73..2569.73 rows=28 width=4) (actual time=24.426..24.427 rows=28 loops=1)
                                       Buckets: 1024  Batches: 1  Memory Usage: 9kB
                                       Buffers: shared hit=1347 read=127
                                       ->  Seq Scan on date_dim  (cost=0.00..2569.73 rows=28 width=4) (actual time=13.718..24.410 rows=28 loops=1)
                                             Filter: ((d_year = 1999) AND (d_moy = 2))
                                             Rows Removed by Filter: 73021
                                             Buffers: shared hit=1347 read=127
                           ->  Index Scan using customer_pkey on customer  (cost=0.43..7.65 rows=1 width=8) (actual time=0.024..0.024 rows=0 loops=1339356)
                                 Index Cond: (c_customer_sk = store_sales.ss_customer_sk)
                                 Filter: (c_birth_month = 2)
                                 Rows Removed by Filter: 1
                                 Buffers: shared hit=5293487 read=13
                     ->  Index Scan using item_pkey on item  (cost=0.42..7.64 rows=1 width=12) (actual time=0.026..0.026 rows=0 loops=131518)
                           Index Cond: (i_item_sk = store_sales.ss_item_sk)
                           Filter: (i_category = 'Music'::bpchar)
                           Rows Removed by Filter: 1
                           Buffers: shared hit=498287 read=27785
               ->  Index Scan using customer_address_pkey on customer_address  (cost=0.42..7.65 rows=1 width=15) (actual time=0.031..0.031 rows=0 loops=1173)
                     Index Cond: (ca_address_sk = customer.c_current_addr_sk)
                     Filter: (ca_state = 'VA'::bpchar)
                     Rows Removed by Filter: 1
                     Buffers: shared hit=4186 read=506
         ->  Index Scan using store_pkey on store  (cost=0.15..5.72 rows=1 width=15) (actual time=0.011..0.011 rows=1 loops=17)
               Index Cond: (s_store_sk = store_sales.ss_store_sk)
               Buffers: shared hit=33 read=1
 Planning:
   Buffers: shared hit=460
 Planning Time: 5.742 ms
 Execution Time: 110947.289 ms
(47 rows)

