                                                                             QUERY PLAN                                                                              
---------------------------------------------------------------------------------------------------------------------------------------------------------------------
 Aggregate  (cost=9730991.94..9730991.95 rows=1 width=40) (actual time=91231.528..91231.534 rows=1 loops=1)
   Buffers: shared hit=2044321 read=5143707
   ->  Nested Loop  (cost=2571.53..9730991.92 rows=3 width=14) (actual time=24986.949..91231.359 rows=69 loops=1)
         Join Filter: ("substring"((customer_address.ca_zip)::text, 1, 5) <> "substring"((store.s_zip)::text, 1, 5))
         Rows Removed by Join Filter: 6
         Buffers: shared hit=2044321 read=5143707
         ->  Nested Loop  (cost=2571.38..9730974.69 rows=3 width=29) (actual time=24986.923..91230.138 rows=76 loops=1)
               Buffers: shared hit=2044175 read=5143703
               ->  Nested Loop  (cost=2570.96..9730554.73 rows=55 width=25) (actual time=24967.041..91198.306 rows=1171 loops=1)
                     Buffers: shared hit=2039678 read=5143516
                     ->  Nested Loop  (cost=2570.54..9716036.21 rows=1898 width=18) (actual time=24965.753..89861.631 rows=52508 loops=1)
                           Buffers: shared hit=1840247 read=5132915
                           ->  Hash Join  (cost=2570.11..9591863.48 rows=16231 width=18) (actual time=24965.494..78859.804 rows=457075 loops=1)
                                 Hash Cond: (store_sales.ss_sold_date_sk = date_dim.d_date_sk)
                                 Buffers: shared hit=34113 read=5132913
                                 ->  Seq Scan on store_sales  (cost=0.00..9485539.52 rows=39523085 width=22) (actual time=0.115..76072.012 rows=40114371 loops=1)
                                       Filter: ((ss_wholesale_cost >= '27'::numeric) AND (ss_wholesale_cost <= '47'::numeric))
                                       Rows Removed by Filter: 247882653
                                       Buffers: shared hit=32766 read=5132786
                                 ->  Hash  (cost=2569.73..2569.73 rows=30 width=4) (actual time=21.646..21.647 rows=31 loops=1)
                                       Buckets: 1024  Batches: 1  Memory Usage: 10kB
                                       Buffers: shared hit=1347 read=127
                                       ->  Seq Scan on date_dim  (cost=0.00..2569.73 rows=30 width=4) (actual time=10.700..21.636 rows=31 loops=1)
                                             Filter: ((d_year = 1999) AND (d_moy = 12))
                                             Rows Removed by Filter: 73018
                                             Buffers: shared hit=1347 read=127
                           ->  Index Scan using customer_pkey on customer  (cost=0.43..7.65 rows=1 width=8) (actual time=0.024..0.024 rows=0 loops=457075)
                                 Index Cond: (c_customer_sk = store_sales.ss_customer_sk)
                                 Filter: (c_birth_month = 8)
                                 Rows Removed by Filter: 1
                                 Buffers: shared hit=1806134 read=2
                     ->  Index Scan using customer_address_pkey on customer_address  (cost=0.42..7.65 rows=1 width=15) (actual time=0.025..0.025 rows=0 loops=52508)
                           Index Cond: (ca_address_sk = customer.c_current_addr_sk)
                           Filter: (ca_state = 'NE'::bpchar)
                           Rows Removed by Filter: 1
                           Buffers: shared hit=199431 read=10601
               ->  Index Scan using item_pkey on item  (cost=0.42..7.64 rows=1 width=12) (actual time=0.026..0.026 rows=0 loops=1171)
                     Index Cond: (i_item_sk = store_sales.ss_item_sk)
                     Filter: (i_category = 'Women'::bpchar)
                     Rows Removed by Filter: 1
                     Buffers: shared hit=4497 read=187
         ->  Index Scan using store_pkey on store  (cost=0.15..5.72 rows=1 width=15) (actual time=0.009..0.009 rows=1 loops=76)
               Index Cond: (s_store_sk = store_sales.ss_store_sk)
               Buffers: shared hit=146 read=4
 Planning:
   Buffers: shared hit=460
 Planning Time: 2.040 ms
 Execution Time: 91231.770 ms
(48 rows)

