                                                                             QUERY PLAN                                                                              
---------------------------------------------------------------------------------------------------------------------------------------------------------------------
 Aggregate  (cost=9727605.71..9727605.72 rows=1 width=40) (actual time=94910.056..94910.062 rows=1 loops=1)
   Buffers: shared hit=2815937 read=5132751
   ->  Nested Loop  (cost=2571.54..9727605.68 rows=4 width=14) (actual time=52252.641..94909.865 rows=80 loops=1)
         Join Filter: ("substring"((customer_address.ca_zip)::text, 1, 5) <> "substring"((store.s_zip)::text, 1, 5))
         Rows Removed by Join Filter: 3
         Buffers: shared hit=2815937 read=5132751
         ->  Nested Loop  (cost=2571.39..9727582.71 rows=4 width=29) (actual time=52252.611..94908.520 rows=83 loops=1)
               Buffers: shared hit=2815774 read=5132748
               ->  Nested Loop  (cost=2570.97..9727162.75 rows=55 width=25) (actual time=52252.518..94881.498 rows=915 loops=1)
                     Buffers: shared hit=2812298 read=5132564
                     ->  Nested Loop  (cost=2570.55..9718318.26 rows=1156 width=18) (actual time=52165.689..93773.892 rows=44626 loops=1)
                           Buffers: shared hit=2639069 read=5127289
                           ->  Hash Join  (cost=2570.12..9591031.84 rows=16638 width=18) (actual time=52165.562..78155.019 rows=657822 loops=1)
                                 Hash Cond: (store_sales.ss_sold_date_sk = date_dim.d_date_sk)
                                 Buffers: shared hit=39738 read=5127288
                                 ->  Seq Scan on store_sales  (cost=0.00..9485539.52 rows=39206286 width=22) (actual time=0.115..75373.166 rows=39350281 loops=1)
                                       Filter: ((ss_wholesale_cost >= '31'::numeric) AND (ss_wholesale_cost <= '51'::numeric))
                                       Rows Removed by Filter: 248646743
                                       Buffers: shared hit=38472 read=5127080
                                 ->  Hash  (cost=2569.73..2569.73 rows=31 width=4) (actual time=16.724..16.725 rows=31 loops=1)
                                       Buckets: 1024  Batches: 1  Memory Usage: 10kB
                                       Buffers: shared hit=1266 read=208
                                       ->  Seq Scan on date_dim  (cost=0.00..2569.73 rows=31 width=4) (actual time=10.271..16.716 rows=31 loops=1)
                                             Filter: ((d_year = 2001) AND (d_moy = 8))
                                             Rows Removed by Filter: 73018
                                             Buffers: shared hit=1266 read=208
                           ->  Index Scan using customer_pkey on customer  (cost=0.43..7.65 rows=1 width=8) (actual time=0.023..0.023 rows=0 loops=657822)
                                 Index Cond: (c_customer_sk = store_sales.ss_customer_sk)
                                 Filter: (c_birth_month = 12)
                                 Rows Removed by Filter: 1
                                 Buffers: shared hit=2599331 read=1
                     ->  Index Scan using customer_address_pkey on customer_address  (cost=0.42..7.65 rows=1 width=15) (actual time=0.024..0.024 rows=0 loops=44626)
                           Index Cond: (ca_address_sk = customer.c_current_addr_sk)
                           Filter: (ca_state = 'GA'::bpchar)
                           Rows Removed by Filter: 1
                           Buffers: shared hit=173229 read=5275
               ->  Index Scan using item_pkey on item  (cost=0.42..7.64 rows=1 width=12) (actual time=0.029..0.029 rows=0 loops=915)
                     Index Cond: (i_item_sk = store_sales.ss_item_sk)
                     Filter: (i_category = 'Men'::bpchar)
                     Rows Removed by Filter: 1
                     Buffers: shared hit=3476 read=184
         ->  Index Scan using store_pkey on store  (cost=0.15..5.72 rows=1 width=15) (actual time=0.009..0.009 rows=1 loops=83)
               Index Cond: (s_store_sk = store_sales.ss_store_sk)
               Buffers: shared hit=163 read=3
 Planning:
   Buffers: shared hit=460
 Planning Time: 3.339 ms
 Execution Time: 94910.348 ms
(48 rows)

