                                                                            QUERY PLAN                                                                            
------------------------------------------------------------------------------------------------------------------------------------------------------------------
 Aggregate  (cost=9646016.08..9646016.09 rows=1 width=40) (actual time=72051.100..72051.106 rows=1 loops=1)
   Buffers: shared hit=213191 read=5137269
   ->  Hash Join  (cost=19838.82..9646016.04 rows=5 width=14) (actual time=39723.572..72051.019 rows=62 loops=1)
         Hash Cond: (store_sales.ss_store_sk = store.s_store_sk)
         Join Filter: ("substring"((customer_address.ca_zip)::text, 1, 5) <> "substring"((store.s_zip)::text, 1, 5))
         Rows Removed by Join Filter: 1
         Buffers: shared hit=213191 read=5137269
         ->  Nested Loop  (cost=19811.78..9645988.99 rows=5 width=29) (actual time=39722.883..72050.162 rows=64 loops=1)
               Buffers: shared hit=213176 read=5137266
               ->  Nested Loop  (cost=19811.35..9644673.02 rows=172 width=22) (actual time=39664.149..72004.507 rows=2659 loops=1)
                     Buffers: shared hit=203007 read=5136799
                     ->  Hash Join  (cost=19810.92..9625761.39 rows=2472 width=22) (actual time=39663.126..71365.530 rows=40091 loops=1)
                           Hash Cond: (store_sales.ss_item_sk = item.i_item_sk)
                           Buffers: shared hit=44583 read=5136799
                           ->  Hash Join  (cost=2570.11..9608471.14 rows=18830 width=18) (actual time=39552.515..71188.919 rows=373232 loops=1)
                                 Hash Cond: (store_sales.ss_sold_date_sk = date_dim.d_date_sk)
                                 Buffers: shared hit=37729 read=5129297
                                 ->  Seq Scan on store_sales  (cost=0.00..9485539.52 rows=45849467 width=22) (actual time=0.041..68206.251 rows=46160898 loops=1)
                                       Filter: ((ss_wholesale_cost >= '80'::numeric) AND (ss_wholesale_cost <= '100'::numeric))
                                       Rows Removed by Filter: 241836126
                                       Buffers: shared hit=36382 read=5129170
                                 ->  Hash  (cost=2569.73..2569.73 rows=30 width=4) (actual time=23.027..23.028 rows=31 loops=1)
                                       Buckets: 1024  Batches: 1  Memory Usage: 10kB
                                       Buffers: shared hit=1347 read=127
                                       ->  Seq Scan on date_dim  (cost=0.00..2569.73 rows=30 width=4) (actual time=12.328..23.016 rows=31 loops=1)
                                             Filter: ((d_year = 2001) AND (d_moy = 1))
                                             Rows Removed by Filter: 73018
                                             Buffers: shared hit=1347 read=127
                           ->  Hash  (cost=16906.00..16906.00 rows=26785 width=12) (actual time=110.468..110.469 rows=26695 loops=1)
                                 Buckets: 32768  Batches: 1  Memory Usage: 1403kB
                                 Buffers: shared hit=6854 read=7502
                                 ->  Seq Scan on item  (cost=0.00..16906.00 rows=26785 width=12) (actual time=0.023..105.977 rows=26695 loops=1)
                                       Filter: (i_category = 'Children'::bpchar)
                                       Rows Removed by Filter: 177305
                                       Buffers: shared hit=6854 read=7502
                     ->  Index Scan using customer_pkey on customer  (cost=0.43..7.65 rows=1 width=8) (actual time=0.016..0.016 rows=0 loops=40091)
                           Index Cond: (c_customer_sk = store_sales.ss_customer_sk)
                           Filter: (c_birth_month = 12)
                           Rows Removed by Filter: 1
                           Buffers: shared hit=158424
               ->  Index Scan using customer_address_pkey on customer_address  (cost=0.42..7.65 rows=1 width=15) (actual time=0.017..0.017 rows=0 loops=2659)
                     Index Cond: (ca_address_sk = customer.c_current_addr_sk)
                     Filter: (ca_state = 'NE'::bpchar)
                     Rows Removed by Filter: 1
                     Buffers: shared hit=10169 read=467
         ->  Hash  (cost=22.02..22.02 rows=402 width=15) (actual time=0.666..0.667 rows=402 loops=1)
               Buckets: 1024  Batches: 1  Memory Usage: 27kB
               Buffers: shared hit=15 read=3
               ->  Seq Scan on store  (cost=0.00..22.02 rows=402 width=15) (actual time=0.023..0.537 rows=402 loops=1)
                     Buffers: shared hit=15 read=3
 Planning:
   Buffers: shared hit=421 read=39
 Planning Time: 3.687 ms
 Execution Time: 72051.462 ms
(54 rows)

