                                                                             QUERY PLAN                                                                             
--------------------------------------------------------------------------------------------------------------------------------------------------------------------
 Aggregate  (cost=9646448.67..9646448.68 rows=1 width=40) (actual time=83026.639..83026.644 rows=1 loops=1)
   Buffers: shared hit=1158902 read=5132940
   ->  Nested Loop  (cost=2571.54..9646448.66 rows=2 width=14) (actual time=57478.393..83026.601 rows=14 loops=1)
         Join Filter: ("substring"((customer_address.ca_zip)::text, 1, 5) <> "substring"((store.s_zip)::text, 1, 5))
         Buffers: shared hit=1158902 read=5132940
         ->  Nested Loop  (cost=2571.39..9646437.17 rows=2 width=29) (actual time=57478.357..83026.367 rows=14 loops=1)
               Buffers: shared hit=1158874 read=5132940
               ->  Nested Loop  (cost=2570.97..9646330.27 rows=14 width=25) (actual time=56931.089..83021.283 rows=177 loops=1)
                     Buffers: shared hit=1158169 read=5132937
                     ->  Nested Loop  (cost=2570.55..9643574.33 rows=360 width=18) (actual time=56817.643..82810.277 rows=8955 loops=1)
                           Buffers: shared hit=1123527 read=5131759
                           ->  Hash Join  (cost=2570.12..9557614.89 rows=11236 width=18) (actual time=56816.818..76427.678 rows=275358 loops=1)
                                 Hash Cond: (store_sales.ss_sold_date_sk = date_dim.d_date_sk)
                                 Buffers: shared hit=35267 read=5131759
                                 ->  Seq Scan on store_sales  (cost=0.00..9485539.52 rows=26476724 width=22) (actual time=0.030..74537.297 rows=26847589 loops=1)
                                       Filter: ((ss_wholesale_cost >= '13'::numeric) AND (ss_wholesale_cost <= '33'::numeric))
                                       Rows Removed by Filter: 261149435
                                       Buffers: shared hit=34654 read=5130898
                                 ->  Hash  (cost=2569.73..2569.73 rows=31 width=4) (actual time=13.949..13.950 rows=31 loops=1)
                                       Buckets: 1024  Batches: 1  Memory Usage: 10kB
                                       Buffers: shared hit=613 read=861
                                       ->  Seq Scan on date_dim  (cost=0.00..2569.73 rows=31 width=4) (actual time=6.942..13.940 rows=31 loops=1)
                                             Filter: ((d_year = 2002) AND (d_moy = 3))
                                             Rows Removed by Filter: 73018
                                             Buffers: shared hit=613 read=861
                           ->  Index Scan using customer_pkey on customer  (cost=0.43..7.65 rows=1 width=8) (actual time=0.023..0.023 rows=0 loops=275358)
                                 Index Cond: (c_customer_sk = store_sales.ss_customer_sk)
                                 Filter: (c_birth_month = 6)
                                 Rows Removed by Filter: 1
                                 Buffers: shared hit=1088260
                     ->  Index Scan using customer_address_pkey on customer_address  (cost=0.42..7.66 rows=1 width=15) (actual time=0.023..0.023 rows=0 loops=8955)
                           Index Cond: (ca_address_sk = customer.c_current_addr_sk)
                           Filter: (ca_state = 'KY'::bpchar)
                           Rows Removed by Filter: 1
                           Buffers: shared hit=34642 read=1178
               ->  Index Scan using item_pkey on item  (cost=0.42..7.64 rows=1 width=12) (actual time=0.028..0.028 rows=0 loops=177)
                     Index Cond: (i_item_sk = store_sales.ss_item_sk)
                     Filter: (i_category = 'Books'::bpchar)
                     Rows Removed by Filter: 1
                     Buffers: shared hit=705 read=3
         ->  Index Scan using store_pkey on store  (cost=0.15..5.72 rows=1 width=15) (actual time=0.010..0.010 rows=1 loops=14)
               Index Cond: (s_store_sk = store_sales.ss_store_sk)
               Buffers: shared hit=28
 Planning:
   Buffers: shared hit=460
 Planning Time: 2.511 ms
 Execution Time: 83026.905 ms
(47 rows)

