                                                                            QUERY PLAN                                                                            
------------------------------------------------------------------------------------------------------------------------------------------------------------------
 Aggregate  (cost=9641726.85..9641726.86 rows=1 width=40) (actual time=81226.023..81226.028 rows=1 loops=1)
   Buffers: shared hit=529871 read=5142269
   ->  Nested Loop  (cost=19643.40..9641726.82 rows=5 width=14) (actual time=67752.338..81225.813 rows=140 loops=1)
         Join Filter: ("substring"((customer_address.ca_zip)::text, 1, 5) <> "substring"((store.s_zip)::text, 1, 5))
         Rows Removed by Join Filter: 2
         Buffers: shared hit=529871 read=5142269
         ->  Nested Loop  (cost=19642.97..9640882.81 rows=110 width=29) (actual time=67748.643..81089.030 rows=9306 loops=1)
               Buffers: shared hit=494378 read=5140538
               ->  Hash Join  (cost=19642.54..9630845.57 rows=1312 width=29) (actual time=67748.620..79502.961 rows=114041 loops=1)
                     Hash Cond: (store_sales.ss_item_sk = item.i_item_sk)
                     Buffers: shared hit=41089 read=5140515
                     ->  Nested Loop  (cost=2570.28..9613720.49 rows=20121 width=25) (actual time=67625.799..79225.915 rows=971393 loops=1)
                           Buffers: shared hit=38789 read=5128459
                           ->  Hash Join  (cost=2570.12..9612578.98 rows=20121 width=18) (actual time=67625.768..78901.826 rows=983356 loops=1)
                                 Hash Cond: (store_sales.ss_sold_date_sk = date_dim.d_date_sk)
                                 Buffers: shared hit=38567 read=5128459
                                 ->  Seq Scan on store_sales  (cost=0.00..9485539.52 rows=47414263 width=22) (actual time=0.165..75709.451 rows=48370740 loops=1)
                                       Filter: ((ss_wholesale_cost >= '10'::numeric) AND (ss_wholesale_cost <= '30'::numeric))
                                       Rows Removed by Filter: 239626284
                                       Buffers: shared hit=37122 read=5128430
                                 ->  Hash  (cost=2569.73..2569.73 rows=31 width=4) (actual time=18.270..18.271 rows=31 loops=1)
                                       Buckets: 1024  Batches: 1  Memory Usage: 10kB
                                       Buffers: shared hit=1445 read=29
                                       ->  Seq Scan on date_dim  (cost=0.00..2569.73 rows=31 width=4) (actual time=10.895..18.259 rows=31 loops=1)
                                             Filter: ((d_year = 2002) AND (d_moy = 10))
                                             Rows Removed by Filter: 73018
                                             Buffers: shared hit=1445 read=29
                           ->  Memoize  (cost=0.16..5.73 rows=1 width=15) (actual time=0.000..0.000 rows=1 loops=983356)
                                 Cache Key: store_sales.ss_store_sk
                                 Cache Mode: logical
                                 Hits: 983244  Misses: 112  Evictions: 0  Overflows: 0  Memory Usage: 13kB
                                 Buffers: shared hit=222
                                 ->  Index Scan using store_pkey on store  (cost=0.15..5.72 rows=1 width=15) (actual time=0.005..0.005 rows=1 loops=112)
                                       Index Cond: (s_store_sk = store_sales.ss_store_sk)
                                       Buffers: shared hit=222
                     ->  Hash  (cost=16906.00..16906.00 rows=13301 width=12) (actual time=118.740..118.741 rows=13933 loops=1)
                           Buckets: 16384  Batches: 1  Memory Usage: 727kB
                           Buffers: shared hit=2300 read=12056
                           ->  Seq Scan on item  (cost=0.00..16906.00 rows=13301 width=12) (actual time=0.012..115.911 rows=13933 loops=1)
                                 Filter: (i_category = 'Men'::bpchar)
                                 Rows Removed by Filter: 190067
                                 Buffers: shared hit=2300 read=12056
               ->  Index Scan using customer_pkey on customer  (cost=0.43..7.65 rows=1 width=8) (actual time=0.014..0.014 rows=0 loops=114041)
                     Index Cond: (c_customer_sk = store_sales.ss_customer_sk)
                     Filter: (c_birth_month = 11)
                     Rows Removed by Filter: 1
                     Buffers: shared hit=453289 read=23
         ->  Index Scan using customer_address_pkey on customer_address  (cost=0.42..7.65 rows=1 width=15) (actual time=0.014..0.014 rows=0 loops=9306)
               Index Cond: (ca_address_sk = customer.c_current_addr_sk)
               Filter: (ca_state = 'VA'::bpchar)
               Rows Removed by Filter: 1
               Buffers: shared hit=35493 read=1731
 Planning:
   Buffers: shared hit=460
 Planning Time: 2.967 ms
 Execution Time: 81226.360 ms
(56 rows)

