                                                                             QUERY PLAN                                                                              
---------------------------------------------------------------------------------------------------------------------------------------------------------------------
 Aggregate  (cost=9713526.43..9713526.44 rows=1 width=40) (actual time=93251.902..93251.908 rows=1 loops=1)
   Buffers: shared hit=2475929 read=5137279
   ->  Nested Loop  (cost=2571.50..9713526.42 rows=1 width=14) (actual time=2551.899..93251.795 rows=43 loops=1)
         Join Filter: ("substring"((customer_address.ca_zip)::text, 1, 5) <> "substring"((store.s_zip)::text, 1, 5))
         Buffers: shared hit=2475929 read=5137279
         ->  Nested Loop  (cost=2571.36..9713520.68 rows=1 width=29) (actual time=2551.870..93249.443 rows=43 loops=1)
               Buffers: shared hit=2475843 read=5137279
               ->  Nested Loop  (cost=2570.94..9713429.05 rows=12 width=25) (actual time=1903.224..93232.477 rows=499 loops=1)
                     Buffers: shared hit=2474074 read=5137052
                     ->  Nested Loop  (cost=2570.51..9707758.51 rows=741 width=18) (actual time=1744.798..92552.171 rows=27114 loops=1)
                           Buffers: shared hit=2367826 read=5134844
                           ->  Hash Join  (cost=2570.08..9591863.45 rows=15149 width=18) (actual time=1743.860..78354.020 rows=591131 loops=1)
                                 Hash Cond: (store_sales.ss_sold_date_sk = date_dim.d_date_sk)
                                 Buffers: shared hit=32208 read=5134818
                                 ->  Seq Scan on store_sales  (cost=0.00..9485539.52 rows=39523085 width=22) (actual time=0.161..75546.463 rows=40114371 loops=1)
                                       Filter: ((ss_wholesale_cost >= '24'::numeric) AND (ss_wholesale_cost <= '44'::numeric))
                                       Rows Removed by Filter: 247882653
                                       Buffers: shared hit=31081 read=5134471
                                 ->  Hash  (cost=2569.73..2569.73 rows=28 width=4) (actual time=25.471..25.473 rows=28 loops=1)
                                       Buckets: 1024  Batches: 1  Memory Usage: 9kB
                                       Buffers: shared hit=1127 read=347
                                       ->  Seq Scan on date_dim  (cost=0.00..2569.73 rows=28 width=4) (actual time=13.854..25.457 rows=28 loops=1)
                                             Filter: ((d_year = 1998) AND (d_moy = 2))
                                             Rows Removed by Filter: 73021
                                             Buffers: shared hit=1127 read=347
                           ->  Index Scan using customer_pkey on customer  (cost=0.43..7.65 rows=1 width=8) (actual time=0.024..0.024 rows=0 loops=591131)
                                 Index Cond: (c_customer_sk = store_sales.ss_customer_sk)
                                 Filter: (c_birth_month = 7)
                                 Rows Removed by Filter: 1
                                 Buffers: shared hit=2335618 read=26
                     ->  Index Scan using customer_address_pkey on customer_address  (cost=0.42..7.65 rows=1 width=15) (actual time=0.025..0.025 rows=0 loops=27114)
                           Index Cond: (ca_address_sk = customer.c_current_addr_sk)
                           Filter: (ca_state = 'ND'::bpchar)
                           Rows Removed by Filter: 1
                           Buffers: shared hit=106248 read=2208
               ->  Index Scan using item_pkey on item  (cost=0.42..7.64 rows=1 width=12) (actual time=0.033..0.033 rows=0 loops=499)
                     Index Cond: (i_item_sk = store_sales.ss_item_sk)
                     Filter: (i_category = 'Men'::bpchar)
                     Rows Removed by Filter: 1
                     Buffers: shared hit=1769 read=227
         ->  Index Scan using store_pkey on store  (cost=0.15..5.72 rows=1 width=15) (actual time=0.048..0.048 rows=1 loops=43)
               Index Cond: (s_store_sk = store_sales.ss_store_sk)
               Buffers: shared hit=86
 Planning:
   Buffers: shared hit=460
 Planning Time: 5.402 ms
 Execution Time: 93252.358 ms
(47 rows)

