                                                                             QUERY PLAN                                                                              
---------------------------------------------------------------------------------------------------------------------------------------------------------------------
 Aggregate  (cost=9721467.42..9721467.43 rows=1 width=40) (actual time=93673.533..93673.538 rows=1 loops=1)
   Buffers: shared hit=2496997 read=5138057
   ->  Nested Loop  (cost=2571.53..9721467.41 rows=2 width=14) (actual time=17726.388..93673.387 rows=58 loops=1)
         Join Filter: ("substring"((customer_address.ca_zip)::text, 1, 5) <> "substring"((store.s_zip)::text, 1, 5))
         Buffers: shared hit=2496997 read=5138057
         ->  Nested Loop  (cost=2571.38..9721455.92 rows=2 width=29) (actual time=17726.352..93671.985 rows=59 loops=1)
               Buffers: shared hit=2496881 read=5138057
               ->  Nested Loop  (cost=2570.96..9721318.48 rows=18 width=25) (actual time=17533.245..93660.174 rows=489 loops=1)
                     Buffers: shared hit=2495171 read=5137811
                     ->  Nested Loop  (cost=2570.54..9714210.01 rows=929 width=18) (actual time=17531.568..92811.611 rows=33342 loops=1)
                           Buffers: shared hit=2366313 read=5133301
                           ->  Hash Join  (cost=2570.11..9591031.83 rows=16101 width=18) (actual time=17524.927..78668.179 rows=590166 loops=1)
                                 Hash Cond: (store_sales.ss_sold_date_sk = date_dim.d_date_sk)
                                 Buffers: shared hit=33731 read=5133295
                                 ->  Seq Scan on store_sales  (cost=0.00..9485539.52 rows=39206286 width=22) (actual time=0.446..75887.318 rows=39350281 loops=1)
                                       Filter: ((ss_wholesale_cost >= '28'::numeric) AND (ss_wholesale_cost <= '48'::numeric))
                                       Rows Removed by Filter: 248646743
                                       Buffers: shared hit=32384 read=5133168
                                 ->  Hash  (cost=2569.73..2569.73 rows=30 width=4) (actual time=18.760..18.760 rows=31 loops=1)
                                       Buckets: 1024  Batches: 1  Memory Usage: 10kB
                                       Buffers: shared hit=1347 read=127
                                       ->  Seq Scan on date_dim  (cost=0.00..2569.73 rows=30 width=4) (actual time=10.646..18.747 rows=31 loops=1)
                                             Filter: ((d_year = 1999) AND (d_moy = 5))
                                             Rows Removed by Filter: 73018
                                             Buffers: shared hit=1347 read=127
                           ->  Index Scan using customer_pkey on customer  (cost=0.43..7.65 rows=1 width=8) (actual time=0.024..0.024 rows=0 loops=590166)
                                 Index Cond: (c_customer_sk = store_sales.ss_customer_sk)
                                 Filter: (c_birth_month = 3)
                                 Rows Removed by Filter: 1
                                 Buffers: shared hit=2332582 read=6
                     ->  Index Scan using customer_address_pkey on customer_address  (cost=0.42..7.65 rows=1 width=15) (actual time=0.025..0.025 rows=0 loops=33342)
                           Index Cond: (ca_address_sk = customer.c_current_addr_sk)
                           Filter: (ca_state = 'FL'::bpchar)
                           Rows Removed by Filter: 1
                           Buffers: shared hit=128858 read=4510
               ->  Index Scan using item_pkey on item  (cost=0.42..7.64 rows=1 width=12) (actual time=0.023..0.023 rows=0 loops=489)
                     Index Cond: (i_item_sk = store_sales.ss_item_sk)
                     Filter: (i_category = 'Children'::bpchar)
                     Rows Removed by Filter: 1
                     Buffers: shared hit=1710 read=246
         ->  Index Scan using store_pkey on store  (cost=0.15..5.72 rows=1 width=15) (actual time=0.017..0.017 rows=1 loops=59)
               Index Cond: (s_store_sk = store_sales.ss_store_sk)
               Buffers: shared hit=116
 Planning:
   Buffers: shared hit=460
 Planning Time: 4.578 ms
 Execution Time: 93674.014 ms
(47 rows)

