                                                                              QUERY PLAN                                                                              
----------------------------------------------------------------------------------------------------------------------------------------------------------------------
 Aggregate  (cost=9828612.76..9828612.77 rows=1 width=40) (actual time=123928.579..123928.585 rows=1 loops=1)
   Buffers: shared hit=6779106 read=5141724
   ->  Nested Loop  (cost=2571.54..9828612.73 rows=4 width=14) (actual time=51177.188..123928.089 rows=201 loops=1)
         Join Filter: ("substring"((customer_address.ca_zip)::text, 1, 5) <> "substring"((store.s_zip)::text, 1, 5))
         Rows Removed by Join Filter: 5
         Buffers: shared hit=6779106 read=5141724
         ->  Nested Loop  (cost=2571.39..9828589.76 rows=4 width=29) (actual time=51177.127..123924.646 rows=206 loops=1)
               Buffers: shared hit=6778694 read=5141724
               ->  Nested Loop  (cost=2570.97..9827963.64 rows=82 width=25) (actual time=51167.440..123836.874 rows=2945 loops=1)
                     Buffers: shared hit=6769161 read=5139477
                     ->  Nested Loop  (cost=2570.55..9807325.62 rows=2698 width=18) (actual time=51143.070..119255.211 rows=177628 loops=1)
                           Buffers: shared hit=6067365 read=5130761
                           ->  Hash Join  (cost=2570.12..9630824.74 rows=23071 width=18) (actual time=51133.840..81617.875 rows=1526612 loops=1)
                                 Hash Cond: (store_sales.ss_sold_date_sk = date_dim.d_date_sk)
                                 Buffers: shared hit=36271 read=5130755
                                 ->  Seq Scan on store_sales  (cost=0.00..9485539.52 rows=54364643 width=22) (actual time=0.162..77641.742 rows=53574682 loops=1)
                                       Filter: ((ss_wholesale_cost >= '44'::numeric) AND (ss_wholesale_cost <= '64'::numeric))
                                       Rows Removed by Filter: 234422342
                                       Buffers: shared hit=34924 read=5130628
                                 ->  Hash  (cost=2569.73..2569.73 rows=31 width=4) (actual time=12.857..12.858 rows=31 loops=1)
                                       Buckets: 1024  Batches: 1  Memory Usage: 10kB
                                       Buffers: shared hit=1347 read=127
                                       ->  Seq Scan on date_dim  (cost=0.00..2569.73 rows=31 width=4) (actual time=6.502..12.849 rows=31 loops=1)
                                             Filter: ((d_year = 2001) AND (d_moy = 7))
                                             Rows Removed by Filter: 73018
                                             Buffers: shared hit=1347 read=127
                           ->  Index Scan using customer_pkey on customer  (cost=0.43..7.65 rows=1 width=8) (actual time=0.024..0.024 rows=0 loops=1526612)
                                 Index Cond: (c_customer_sk = store_sales.ss_customer_sk)
                                 Filter: (c_birth_month = 8)
                                 Rows Removed by Filter: 1
                                 Buffers: shared hit=6031094 read=6
                     ->  Index Scan using customer_address_pkey on customer_address  (cost=0.42..7.65 rows=1 width=15) (actual time=0.025..0.025 rows=0 loops=177628)
                           Index Cond: (ca_address_sk = customer.c_current_addr_sk)
                           Filter: (ca_state = 'IL'::bpchar)
                           Rows Removed by Filter: 1
                           Buffers: shared hit=701796 read=8716
               ->  Index Scan using item_pkey on item  (cost=0.42..7.64 rows=1 width=12) (actual time=0.029..0.029 rows=0 loops=2945)
                     Index Cond: (i_item_sk = store_sales.ss_item_sk)
                     Filter: (i_category = 'Women'::bpchar)
                     Rows Removed by Filter: 1
                     Buffers: shared hit=9533 read=2247
         ->  Index Scan using store_pkey on store  (cost=0.15..5.72 rows=1 width=15) (actual time=0.010..0.010 rows=1 loops=206)
               Index Cond: (s_store_sk = store_sales.ss_store_sk)
               Buffers: shared hit=412
 Planning:
   Buffers: shared hit=460
 Planning Time: 1.748 ms
 Execution Time: 123928.805 ms
(48 rows)

