                                                                            QUERY PLAN                                                                            
------------------------------------------------------------------------------------------------------------------------------------------------------------------
 Aggregate  (cost=9742806.87..9742806.88 rows=1 width=40) (actual time=80997.483..80997.491 rows=1 loops=1)
   Buffers: shared hit=659400 read=5151776
   ->  Hash Join  (cost=19777.11..9742806.66 rows=28 width=14) (actual time=45295.446..80997.075 rows=440 loops=1)
         Hash Cond: (store_sales.ss_store_sk = store.s_store_sk)
         Join Filter: ("substring"((customer_address.ca_zip)::text, 1, 5) <> "substring"((store.s_zip)::text, 1, 5))
         Rows Removed by Join Filter: 9
         Buffers: shared hit=659400 read=5151776
         ->  Nested Loop  (cost=19750.06..9742779.55 rows=28 width=29) (actual time=45294.856..80995.440 rows=453 loops=1)
               Buffers: shared hit=659382 read=5151776
               ->  Nested Loop  (cost=19749.64..9738343.30 rows=580 width=22) (actual time=45291.542..80562.833 rows=22481 loops=1)
                     Buffers: shared hit=571156 read=5150078
                     ->  Hash Join  (cost=19749.21..9711873.17 rows=3460 width=22) (actual time=45291.250..78021.311 rows=136620 loops=1)
                           Hash Cond: (store_sales.ss_item_sk = item.i_item_sk)
                           Buffers: shared hit=31304 read=5150078
                           ->  Hash Join  (cost=2570.11..9694609.27 rows=32305 width=18) (actual time=45138.134..77656.364 rows=1201220 loops=1)
                                 Hash Cond: (store_sales.ss_sold_date_sk = date_dim.d_date_sk)
                                 Buffers: shared hit=31217 read=5135809
                                 ->  Seq Scan on store_sales  (cost=0.00..9485539.52 rows=78662172 width=22) (actual time=0.119..72706.591 rows=78419996 loops=1)
                                       Filter: ((ss_wholesale_cost >= '71'::numeric) AND (ss_wholesale_cost <= '91'::numeric))
                                       Rows Removed by Filter: 209577028
                                       Buffers: shared hit=29870 read=5135682
                                 ->  Hash  (cost=2569.73..2569.73 rows=30 width=4) (actual time=16.616..16.617 rows=30 loops=1)
                                       Buckets: 1024  Batches: 1  Memory Usage: 10kB
                                       Buffers: shared hit=1347 read=127
                                       ->  Seq Scan on date_dim  (cost=0.00..2569.73 rows=30 width=4) (actual time=9.926..16.602 rows=30 loops=1)
                                             Filter: ((d_year = 2001) AND (d_moy = 4))
                                             Rows Removed by Filter: 73019
                                             Buffers: shared hit=1347 read=127
                           ->  Hash  (cost=16906.00..16906.00 rows=21848 width=12) (actual time=152.952..152.953 rows=21811 loops=1)
                                 Buckets: 32768  Batches: 1  Memory Usage: 1193kB
                                 Buffers: shared hit=87 read=14269
                                 ->  Seq Scan on item  (cost=0.00..16906.00 rows=21848 width=12) (actual time=0.029..148.010 rows=21811 loops=1)
                                       Filter: (i_category = 'Sports'::bpchar)
                                       Rows Removed by Filter: 182189
                                       Buffers: shared hit=87 read=14269
                     ->  Index Scan using customer_pkey on customer  (cost=0.43..7.65 rows=1 width=8) (actual time=0.018..0.018 rows=0 loops=136620)
                           Index Cond: (c_customer_sk = store_sales.ss_customer_sk)
                           Filter: (c_birth_month = 4)
                           Rows Removed by Filter: 1
                           Buffers: shared hit=539852
               ->  Index Scan using customer_address_pkey on customer_address  (cost=0.42..7.65 rows=1 width=15) (actual time=0.019..0.019 rows=0 loops=22481)
                     Index Cond: (ca_address_sk = customer.c_current_addr_sk)
                     Filter: (ca_state = 'GA'::bpchar)
                     Rows Removed by Filter: 1
                     Buffers: shared hit=88226 read=1698
         ->  Hash  (cost=22.02..22.02 rows=402 width=15) (actual time=0.560..0.561 rows=402 loops=1)
               Buckets: 1024  Batches: 1  Memory Usage: 27kB
               Buffers: shared hit=18
               ->  Seq Scan on store  (cost=0.00..22.02 rows=402 width=15) (actual time=0.020..0.454 rows=402 loops=1)
                     Buffers: shared hit=18
 Planning:
   Buffers: shared hit=460
 Planning Time: 3.877 ms
 Execution Time: 80997.909 ms
(54 rows)

