                                                                             QUERY PLAN                                                                              
---------------------------------------------------------------------------------------------------------------------------------------------------------------------
 Aggregate  (cost=9642089.13..9642089.14 rows=1 width=40) (actual time=82154.725..82154.730 rows=1 loops=1)
   Buffers: shared hit=971210 read=5134748
   ->  Nested Loop  (cost=2571.52..9642089.12 rows=1 width=14) (actual time=55297.234..82154.690 rows=12 loops=1)
         Join Filter: ("substring"((customer_address.ca_zip)::text, 1, 5) <> "substring"((store.s_zip)::text, 1, 5))
         Buffers: shared hit=971210 read=5134748
         ->  Nested Loop  (cost=2571.37..9642083.38 rows=1 width=29) (actual time=55297.196..82154.461 rows=12 loops=1)
               Buffers: shared hit=971186 read=5134748
               ->  Nested Loop  (cost=2570.95..9641961.21 rows=16 width=25) (actual time=54314.425..82148.293 rows=187 loops=1)
                     Buffers: shared hit=970525 read=5134661
                     ->  Nested Loop  (cost=2570.52..9638027.80 rows=514 width=18) (actual time=54289.383..81885.198 rows=10861 loops=1)
                           Buffers: shared hit=927712 read=5134030
                           ->  Hash Join  (cost=2570.10..9557614.87 rows=10511 width=18) (actual time=54288.321..76538.450 rows=226404 loops=1)
                                 Hash Cond: (store_sales.ss_sold_date_sk = date_dim.d_date_sk)
                                 Buffers: shared hit=32996 read=5134030
                                 ->  Seq Scan on store_sales  (cost=0.00..9485539.52 rows=26476724 width=22) (actual time=0.367..74638.032 rows=26847589 loops=1)
                                       Filter: ((ss_wholesale_cost >= '16'::numeric) AND (ss_wholesale_cost <= '36'::numeric))
                                       Rows Removed by Filter: 261149435
                                       Buffers: shared hit=31649 read=5133903
                                 ->  Hash  (cost=2569.73..2569.73 rows=29 width=4) (actual time=21.081..21.082 rows=30 loops=1)
                                       Buckets: 1024  Batches: 1  Memory Usage: 10kB
                                       Buffers: shared hit=1347 read=127
                                       ->  Seq Scan on date_dim  (cost=0.00..2569.73 rows=29 width=4) (actual time=10.876..21.071 rows=30 loops=1)
                                             Filter: ((d_year = 2001) AND (d_moy = 11))
                                             Rows Removed by Filter: 73019
                                             Buffers: shared hit=1347 read=127
                           ->  Index Scan using customer_pkey on customer  (cost=0.43..7.65 rows=1 width=8) (actual time=0.023..0.023 rows=0 loops=226404)
                                 Index Cond: (c_customer_sk = store_sales.ss_customer_sk)
                                 Filter: (c_birth_month = 7)
                                 Rows Removed by Filter: 1
                                 Buffers: shared hit=894716
                     ->  Index Scan using customer_address_pkey on customer_address  (cost=0.42..7.65 rows=1 width=15) (actual time=0.024..0.024 rows=0 loops=10861)
                           Index Cond: (ca_address_sk = customer.c_current_addr_sk)
                           Filter: (ca_state = 'IL'::bpchar)
                           Rows Removed by Filter: 1
                           Buffers: shared hit=42813 read=631
               ->  Index Scan using item_pkey on item  (cost=0.42..7.64 rows=1 width=12) (actual time=0.032..0.032 rows=0 loops=187)
                     Index Cond: (i_item_sk = store_sales.ss_item_sk)
                     Filter: (i_category = 'Women'::bpchar)
                     Rows Removed by Filter: 1
                     Buffers: shared hit=661 read=87
         ->  Index Scan using store_pkey on store  (cost=0.15..5.72 rows=1 width=15) (actual time=0.011..0.011 rows=1 loops=12)
               Index Cond: (s_store_sk = store_sales.ss_store_sk)
               Buffers: shared hit=24
 Planning:
   Buffers: shared hit=460
 Planning Time: 4.575 ms
 Execution Time: 82155.113 ms
(47 rows)

