                                                                            QUERY PLAN                                                                            
------------------------------------------------------------------------------------------------------------------------------------------------------------------
 Aggregate  (cost=9698589.29..9698589.30 rows=1 width=40) (actual time=75860.593..75860.599 rows=1 loops=1)
   Buffers: shared hit=90695 read=5134069
   ->  Nested Loop  (cost=16953.88..9698589.29 rows=1 width=14) (actual time=34307.219..75860.588 rows=2 loops=1)
         Join Filter: ("substring"((customer_address.ca_zip)::text, 1, 5) <> "substring"((store.s_zip)::text, 1, 5))
         Buffers: shared hit=90695 read=5134069
         ->  Nested Loop  (cost=16953.73..9698583.54 rows=1 width=29) (actual time=34307.201..75860.555 rows=2 loops=1)
               Buffers: shared hit=90691 read=5134069
               ->  Nested Loop  (cost=16953.31..9698476.37 rows=14 width=22) (actual time=34220.746..75856.386 rows=303 loops=1)
                     Buffers: shared hit=89513 read=5134035
                     ->  Nested Loop  (cost=16952.88..9695171.42 rows=432 width=22) (actual time=34220.003..75749.926 rows=9470 loops=1)
                           Buffers: shared hit=52077 read=5134035
                           ->  Hash Join  (cost=16952.58..9653518.40 rows=1050817 width=26) (actual time=125.387..75532.549 rows=516569 loops=1)
                                 Hash Cond: (store_sales.ss_item_sk = item.i_item_sk)
                                 Buffers: shared hit=46059 read=5133849
                                 ->  Seq Scan on store_sales  (cost=0.00..9485539.52 rows=57532634 width=22) (actual time=0.464..70094.377 rows=57752041 loops=1)
                                       Filter: ((ss_wholesale_cost >= '79'::numeric) AND (ss_wholesale_cost <= '99'::numeric))
                                       Rows Removed by Filter: 230244983
                                       Buffers: shared hit=32191 read=5133361
                                 ->  Hash  (cost=16906.00..16906.00 rows=3726 width=12) (actual time=124.697..124.698 rows=3713 loops=1)
                                       Buckets: 4096  Batches: 1  Memory Usage: 192kB
                                       Buffers: shared hit=13868 read=488
                                       ->  Seq Scan on item  (cost=0.00..16906.00 rows=3726 width=12) (actual time=0.366..123.772 rows=3713 loops=1)
                                             Filter: (i_category = 'Music'::bpchar)
                                             Rows Removed by Filter: 200287
                                             Buffers: shared hit=13868 read=488
                           ->  Memoize  (cost=0.30..7.51 rows=1 width=4) (actual time=0.000..0.000 rows=0 loops=516569)
                                 Cache Key: store_sales.ss_sold_date_sk
                                 Cache Mode: logical
                                 Hits: 514500  Misses: 2069  Evictions: 0  Overflows: 0  Memory Usage: 139kB
                                 Buffers: shared hit=6018 read=186
                                 ->  Index Scan using date_dim_pkey on date_dim  (cost=0.29..7.50 rows=1 width=4) (actual time=0.016..0.016 rows=0 loops=2069)
                                       Index Cond: (d_date_sk = store_sales.ss_sold_date_sk)
                                       Filter: ((d_year = 2000) AND (d_moy = 9))
                                       Rows Removed by Filter: 1
                                       Buffers: shared hit=6018 read=186
                     ->  Index Scan using customer_pkey on customer  (cost=0.43..7.65 rows=1 width=8) (actual time=0.011..0.011 rows=0 loops=9470)
                           Index Cond: (c_customer_sk = store_sales.ss_customer_sk)
                           Filter: (c_birth_month = 6)
                           Rows Removed by Filter: 1
                           Buffers: shared hit=37436
               ->  Index Scan using customer_address_pkey on customer_address  (cost=0.42..7.66 rows=1 width=15) (actual time=0.013..0.013 rows=0 loops=303)
                     Index Cond: (ca_address_sk = customer.c_current_addr_sk)
                     Filter: (ca_state = 'MI'::bpchar)
                     Rows Removed by Filter: 1
                     Buffers: shared hit=1178 read=34
         ->  Index Scan using store_pkey on store  (cost=0.15..5.72 rows=1 width=15) (actual time=0.010..0.010 rows=1 loops=2)
               Index Cond: (s_store_sk = store_sales.ss_store_sk)
               Buffers: shared hit=4
 Planning:
   Buffers: shared hit=460
 Planning Time: 4.335 ms
 Execution Time: 75861.129 ms
(52 rows)

