                                                                            QUERY PLAN                                                                            
------------------------------------------------------------------------------------------------------------------------------------------------------------------
 Aggregate  (cost=9683282.54..9683282.55 rows=1 width=40) (actual time=90380.039..90380.045 rows=1 loops=1)
   Buffers: shared hit=1935069 read=5135261
   ->  Nested Loop  (cost=2571.53..9683282.54 rows=1 width=14) (actual time=29399.651..90380.025 rows=4 loops=1)
         Join Filter: ("substring"((customer_address.ca_zip)::text, 1, 5) <> "substring"((store.s_zip)::text, 1, 5))
         Buffers: shared hit=1935069 read=5135261
         ->  Nested Loop  (cost=2571.38..9683276.79 rows=1 width=29) (actual time=29399.613..90379.930 rows=4 loops=1)
               Buffers: shared hit=1935061 read=5135261
               ->  Nested Loop  (cost=2570.96..9683215.55 rows=8 width=22) (actual time=26051.947..90376.771 rows=136 loops=1)
                     Buffers: shared hit=1934536 read=5135242
                     ->  Nested Loop  (cost=2570.53..9681287.66 rows=252 width=22) (actual time=25961.309..90253.495 rows=4146 loops=1)
                           Buffers: shared hit=1918154 read=5135240
                           ->  Hash Join  (cost=2570.11..9576137.85 rows=13771 width=18) (actual time=25959.175..78946.036 rows=471592 loops=1)
                                 Hash Cond: (store_sales.ss_sold_date_sk = date_dim.d_date_sk)
                                 Buffers: shared hit=32829 read=5134197
                                 ->  Seq Scan on store_sales  (cost=0.00..9485539.52 rows=33532703 width=22) (actual time=0.214..76533.148 rows=33748947 loops=1)
                                       Filter: ((ss_wholesale_cost >= '33'::numeric) AND (ss_wholesale_cost <= '53'::numeric))
                                       Rows Removed by Filter: 254248077
                                       Buffers: shared hit=31563 read=5133989
                                 ->  Hash  (cost=2569.73..2569.73 rows=30 width=4) (actual time=13.077..13.078 rows=31 loops=1)
                                       Buckets: 1024  Batches: 1  Memory Usage: 10kB
                                       Buffers: shared hit=1266 read=208
                                       ->  Seq Scan on date_dim  (cost=0.00..2569.73 rows=30 width=4) (actual time=6.966..13.068 rows=31 loops=1)
                                             Filter: ((d_year = 2000) AND (d_moy = 1))
                                             Rows Removed by Filter: 73018
                                             Buffers: shared hit=1266 read=208
                           ->  Index Scan using item_pkey on item  (cost=0.42..7.64 rows=1 width=12) (actual time=0.024..0.024 rows=0 loops=471592)
                                 Index Cond: (i_item_sk = store_sales.ss_item_sk)
                                 Filter: (i_category = 'Music'::bpchar)
                                 Rows Removed by Filter: 1
                                 Buffers: shared hit=1885325 read=1043
                     ->  Index Scan using customer_pkey on customer  (cost=0.43..7.65 rows=1 width=8) (actual time=0.029..0.029 rows=0 loops=4146)
                           Index Cond: (c_customer_sk = store_sales.ss_customer_sk)
                           Filter: (c_birth_month = 6)
                           Rows Removed by Filter: 1
                           Buffers: shared hit=16382 read=2
               ->  Index Scan using customer_address_pkey on customer_address  (cost=0.42..7.66 rows=1 width=15) (actual time=0.022..0.022 rows=0 loops=136)
                     Index Cond: (ca_address_sk = customer.c_current_addr_sk)
                     Filter: (ca_state = 'NC'::bpchar)
                     Rows Removed by Filter: 1
                     Buffers: shared hit=525 read=19
         ->  Index Scan using store_pkey on store  (cost=0.15..5.72 rows=1 width=15) (actual time=0.016..0.016 rows=1 loops=4)
               Index Cond: (s_store_sk = store_sales.ss_store_sk)
               Buffers: shared hit=8
 Planning:
   Buffers: shared hit=460
 Planning Time: 2.008 ms
 Execution Time: 90380.305 ms
(47 rows)

