                                                                            QUERY PLAN                                                                            
------------------------------------------------------------------------------------------------------------------------------------------------------------------
 Aggregate  (cost=9765174.59..9765174.60 rows=1 width=40) (actual time=81661.543..81661.548 rows=1 loops=1)
   Buffers: shared hit=516675 read=5131305
   ->  Nested Loop  (cost=19750.22..9765174.57 rows=2 width=14) (actual time=20347.228..81661.480 rows=30 loops=1)
         Join Filter: ("substring"((customer_address.ca_zip)::text, 1, 5) <> "substring"((store.s_zip)::text, 1, 5))
         Rows Removed by Join Filter: 1
         Buffers: shared hit=516675 read=5131305
         ->  Nested Loop  (cost=19750.07..9765163.09 rows=2 width=29) (actual time=20347.206..81661.132 rows=31 loops=1)
               Buffers: shared hit=516613 read=5131305
               ->  Nested Loop  (cost=19749.65..9764749.09 rows=54 width=22) (actual time=20214.647..81631.102 rows=1566 loops=1)
                     Buffers: shared hit=510655 read=5130999
                     ->  Hash Join  (cost=19749.22..9734415.55 rows=3965 width=22) (actual time=20212.426..79653.947 rows=116487 loops=1)
                           Hash Cond: (store_sales.ss_item_sk = item.i_item_sk)
                           Buffers: shared hit=50506 read=5130876
                           ->  Hash Join  (cost=2570.12..9717139.26 rows=37024 width=18) (actual time=20107.349..79340.859 rows=1351171 loops=1)
                                 Hash Cond: (store_sales.ss_sold_date_sk = date_dim.d_date_sk)
                                 Buffers: shared hit=36378 read=5130648
                                 ->  Seq Scan on store_sales  (cost=0.00..9485539.52 rows=87244546 width=22) (actual time=0.420..73931.540 rows=86810744 loops=1)
                                       Filter: ((ss_wholesale_cost >= '68'::numeric) AND (ss_wholesale_cost <= '88'::numeric))
                                       Rows Removed by Filter: 201186280
                                       Buffers: shared hit=35031 read=5130521
                                 ->  Hash  (cost=2569.73..2569.73 rows=31 width=4) (actual time=21.089..21.090 rows=31 loops=1)
                                       Buckets: 1024  Batches: 1  Memory Usage: 10kB
                                       Buffers: shared hit=1347 read=127
                                       ->  Seq Scan on date_dim  (cost=0.00..2569.73 rows=31 width=4) (actual time=14.250..21.079 rows=31 loops=1)
                                             Filter: ((d_year = 1999) AND (d_moy = 7))
                                             Rows Removed by Filter: 73018
                                             Buffers: shared hit=1347 read=127
                           ->  Hash  (cost=16906.00..16906.00 rows=21848 width=12) (actual time=104.924..104.925 rows=21811 loops=1)
                                 Buckets: 32768  Batches: 1  Memory Usage: 1193kB
                                 Buffers: shared hit=14128 read=228
                                 ->  Seq Scan on item  (cost=0.00..16906.00 rows=21848 width=12) (actual time=0.025..101.531 rows=21811 loops=1)
                                       Filter: (i_category = 'Sports'::bpchar)
                                       Rows Removed by Filter: 182189
                                       Buffers: shared hit=14128 read=228
                     ->  Index Scan using customer_pkey on customer  (cost=0.43..7.65 rows=1 width=8) (actual time=0.017..0.017 rows=0 loops=116487)
                           Index Cond: (c_customer_sk = store_sales.ss_customer_sk)
                           Filter: (c_birth_month = 5)
                           Rows Removed by Filter: 1
                           Buffers: shared hit=460149 read=123
               ->  Index Scan using customer_address_pkey on customer_address  (cost=0.42..7.67 rows=1 width=15) (actual time=0.019..0.019 rows=0 loops=1566)
                     Index Cond: (ca_address_sk = customer.c_current_addr_sk)
                     Filter: (ca_state = 'KY'::bpchar)
                     Rows Removed by Filter: 1
                     Buffers: shared hit=5958 read=306
         ->  Index Scan using store_pkey on store  (cost=0.15..5.72 rows=1 width=15) (actual time=0.006..0.006 rows=1 loops=31)
               Index Cond: (s_store_sk = store_sales.ss_store_sk)
               Buffers: shared hit=62
 Planning:
   Buffers: shared hit=460
 Planning Time: 4.662 ms
 Execution Time: 81662.063 ms
(51 rows)

