                                                                            QUERY PLAN                                                                            
------------------------------------------------------------------------------------------------------------------------------------------------------------------
 Aggregate  (cost=9799344.65..9799344.66 rows=1 width=40) (actual time=84382.606..84382.612 rows=1 loops=1)
   Buffers: shared hit=942469 read=5136675
   ->  Hash Join  (cost=20034.17..9799344.56 rows=13 width=14) (actual time=24489.759..84382.238 rows=359 loops=1)
         Hash Cond: (store_sales.ss_store_sk = store.s_store_sk)
         Join Filter: ("substring"((customer_address.ca_zip)::text, 1, 5) <> "substring"((store.s_zip)::text, 1, 5))
         Rows Removed by Join Filter: 7
         Buffers: shared hit=942469 read=5136675
         ->  Nested Loop  (cost=20007.12..9799317.48 rows=13 width=29) (actual time=24489.109..84380.680 rows=367 loops=1)
               Buffers: shared hit=942451 read=5136675
               ->  Nested Loop  (cost=20006.70..9793557.16 rows=753 width=22) (actual time=24377.958..83930.279 rows=20029 loops=1)
                     Buffers: shared hit=864214 read=5134796
                     ->  Hash Join  (cost=20006.27..9734672.60 rows=7697 width=22) (actual time=24377.813..79232.485 rows=206918 loops=1)
                           Hash Cond: (store_sales.ss_item_sk = item.i_item_sk)
                           Buffers: shared hit=46628 read=5134754
                           ->  Hash Join  (cost=2570.12..9717139.26 rows=37024 width=18) (actual time=24236.063..78913.575 rows=579611 loops=1)
                                 Hash Cond: (store_sales.ss_sold_date_sk = date_dim.d_date_sk)
                                 Buffers: shared hit=32584 read=5134442
                                 ->  Seq Scan on store_sales  (cost=0.00..9485539.52 rows=87244546 width=22) (actual time=0.220..73537.093 rows=86810744 loops=1)
                                       Filter: ((ss_wholesale_cost >= '67'::numeric) AND (ss_wholesale_cost <= '87'::numeric))
                                       Rows Removed by Filter: 201186280
                                       Buffers: shared hit=31237 read=5134315
                                 ->  Hash  (cost=2569.73..2569.73 rows=31 width=4) (actual time=18.961..18.961 rows=31 loops=1)
                                       Buckets: 1024  Batches: 1  Memory Usage: 10kB
                                       Buffers: shared hit=1347 read=127
                                       ->  Seq Scan on date_dim  (cost=0.00..2569.73 rows=31 width=4) (actual time=10.217..18.950 rows=31 loops=1)
                                             Filter: ((d_year = 1999) AND (d_moy = 10))
                                             Rows Removed by Filter: 73018
                                             Buffers: shared hit=1347 read=127
                           ->  Hash  (cost=16906.00..16906.00 rows=42412 width=12) (actual time=141.521..141.522 rows=42041 loops=1)
                                 Buckets: 65536  Batches: 1  Memory Usage: 2319kB
                                 Buffers: shared hit=14044 read=312
                                 ->  Seq Scan on item  (cost=0.00..16906.00 rows=42412 width=12) (actual time=0.012..133.228 rows=42041 loops=1)
                                       Filter: (i_category = 'Electronics'::bpchar)
                                       Rows Removed by Filter: 161959
                                       Buffers: shared hit=14044 read=312
                     ->  Index Scan using customer_pkey on customer  (cost=0.43..7.65 rows=1 width=8) (actual time=0.022..0.022 rows=0 loops=206918)
                           Index Cond: (c_customer_sk = store_sales.ss_customer_sk)
                           Filter: (c_birth_month = 2)
                           Rows Removed by Filter: 1
                           Buffers: shared hit=817586 read=42
               ->  Index Scan using customer_address_pkey on customer_address  (cost=0.42..7.65 rows=1 width=15) (actual time=0.022..0.022 rows=0 loops=20029)
                     Index Cond: (ca_address_sk = customer.c_current_addr_sk)
                     Filter: (ca_state = 'PA'::bpchar)
                     Rows Removed by Filter: 1
                     Buffers: shared hit=78237 read=1879
         ->  Hash  (cost=22.02..22.02 rows=402 width=15) (actual time=0.616..0.617 rows=402 loops=1)
               Buckets: 1024  Batches: 1  Memory Usage: 27kB
               Buffers: shared hit=18
               ->  Seq Scan on store  (cost=0.00..22.02 rows=402 width=15) (actual time=0.029..0.484 rows=402 loops=1)
                     Buffers: shared hit=18
 Planning:
   Buffers: shared hit=460
 Planning Time: 4.558 ms
 Execution Time: 84383.132 ms
(54 rows)

