                                                                            QUERY PLAN                                                                            
------------------------------------------------------------------------------------------------------------------------------------------------------------------
 Aggregate  (cost=9758319.15..9758319.16 rows=1 width=40) (actual time=82750.216..82750.223 rows=1 loops=1)
   Buffers: shared hit=422457 read=5136975
   ->  Hash Join  (cost=19641.46..9758319.11 rows=5 width=14) (actual time=27178.173..82749.998 rows=155 loops=1)
         Hash Cond: (store_sales.ss_store_sk = store.s_store_sk)
         Join Filter: ("substring"((customer_address.ca_zip)::text, 1, 5) <> "substring"((store.s_zip)::text, 1, 5))
         Rows Removed by Join Filter: 4
         Buffers: shared hit=422457 read=5136975
         ->  Nested Loop  (cost=19614.41..9758292.05 rows=5 width=29) (actual time=27177.598..82748.981 rows=160 loops=1)
               Buffers: shared hit=422439 read=5136975
               ->  Nested Loop  (cost=19613.99..9756509.75 rows=233 width=22) (actual time=27150.988..82579.133 rows=10123 loops=1)
                     Buffers: shared hit=383824 read=5135098
                     ->  Hash Join  (cost=19613.56..9741285.60 rows=1990 width=22) (actual time=27150.494..81286.680 rows=85426 loops=1)
                           Hash Cond: (store_sales.ss_item_sk = item.i_item_sk)
                           Buffers: shared hit=46331 read=5135051
                           ->  Hash Join  (cost=2570.11..9724145.22 rows=36926 width=18) (actual time=27023.959..81020.867 rows=1250020 loops=1)
                                 Hash Cond: (store_sales.ss_sold_date_sk = date_dim.d_date_sk)
                                 Buffers: shared hit=32223 read=5134803
                                 ->  Seq Scan on store_sales  (cost=0.00..9485539.52 rows=89913339 width=22) (actual time=0.576..75462.359 rows=89530603 loops=1)
                                       Filter: ((ss_wholesale_cost >= '58'::numeric) AND (ss_wholesale_cost <= '78'::numeric))
                                       Rows Removed by Filter: 198466421
                                       Buffers: shared hit=31873 read=5133679
                                 ->  Hash  (cost=2569.73..2569.73 rows=30 width=4) (actual time=21.409..21.410 rows=31 loops=1)
                                       Buckets: 1024  Batches: 1  Memory Usage: 10kB
                                       Buffers: shared hit=350 read=1124
                                       ->  Seq Scan on date_dim  (cost=0.00..2569.73 rows=30 width=4) (actual time=11.314..21.399 rows=31 loops=1)
                                             Filter: ((d_year = 2000) AND (d_moy = 1))
                                             Rows Removed by Filter: 73018
                                             Buffers: shared hit=350 read=1124
                           ->  Hash  (cost=16906.00..16906.00 rows=10996 width=12) (actual time=98.919..98.919 rows=11037 loops=1)
                                 Buckets: 16384  Batches: 1  Memory Usage: 603kB
                                 Buffers: shared hit=14108 read=248
                                 ->  Seq Scan on item  (cost=0.00..16906.00 rows=10996 width=12) (actual time=0.031..97.167 rows=11037 loops=1)
                                       Filter: (i_category = 'Women'::bpchar)
                                       Rows Removed by Filter: 192963
                                       Buffers: shared hit=14108 read=248
                     ->  Index Scan using customer_pkey on customer  (cost=0.43..7.65 rows=1 width=8) (actual time=0.015..0.015 rows=0 loops=85426)
                           Index Cond: (c_customer_sk = store_sales.ss_customer_sk)
                           Filter: (c_birth_month = 8)
                           Rows Removed by Filter: 1
                           Buffers: shared hit=337493 read=47
               ->  Index Scan using customer_address_pkey on customer_address  (cost=0.42..7.65 rows=1 width=15) (actual time=0.017..0.017 rows=0 loops=10123)
                     Index Cond: (ca_address_sk = customer.c_current_addr_sk)
                     Filter: (ca_state = 'AL'::bpchar)
                     Rows Removed by Filter: 1
                     Buffers: shared hit=38615 read=1877
         ->  Hash  (cost=22.02..22.02 rows=402 width=15) (actual time=0.551..0.552 rows=402 loops=1)
               Buckets: 1024  Batches: 1  Memory Usage: 27kB
               Buffers: shared hit=18
               ->  Seq Scan on store  (cost=0.00..22.02 rows=402 width=15) (actual time=0.020..0.446 rows=402 loops=1)
                     Buffers: shared hit=18
 Planning:
   Buffers: shared hit=460
 Planning Time: 4.593 ms
 Execution Time: 82750.651 ms
(54 rows)

