                                                                            QUERY PLAN                                                                            
------------------------------------------------------------------------------------------------------------------------------------------------------------------
 Aggregate  (cost=9648644.54..9648644.55 rows=1 width=40) (actual time=75922.952..75922.958 rows=1 loops=1)
   Buffers: shared hit=834396 read=5133900
   ->  Nested Loop  (cost=19896.05..9648644.53 rows=2 width=14) (actual time=12467.027..75922.726 rows=126 loops=1)
         Join Filter: ("substring"((customer_address.ca_zip)::text, 1, 5) <> "substring"((store.s_zip)::text, 1, 5))
         Rows Removed by Join Filter: 7
         Buffers: shared hit=834396 read=5133900
         ->  Nested Loop  (cost=19895.90..9648633.04 rows=2 width=29) (actual time=12467.003..75920.841 rows=134 loops=1)
               Buffers: shared hit=834131 read=5133899
               ->  Nested Loop  (cost=19895.48..9647928.74 rows=92 width=22) (actual time=12430.303..75785.929 rows=6331 loops=1)
                     Buffers: shared hit=810571 read=5132135
                     ->  Hash Join  (cost=19895.05..9625842.21 rows=2887 width=22) (actual time=12429.276..72302.493 rows=192595 loops=1)
                           Hash Cond: (store_sales.ss_item_sk = item.i_item_sk)
                           Buffers: shared hit=50533 read=5130849
                           ->  Hash Join  (cost=2570.08..9608471.12 rows=17574 width=18) (actual time=12325.494..71957.604 rows=1339356 loops=1)
                                 Hash Cond: (store_sales.ss_sold_date_sk = date_dim.d_date_sk)
                                 Buffers: shared hit=36339 read=5130687
                                 ->  Seq Scan on store_sales  (cost=0.00..9485539.52 rows=45849467 width=22) (actual time=0.062..68867.805 rows=46160898 loops=1)
                                       Filter: ((ss_wholesale_cost >= '80'::numeric) AND (ss_wholesale_cost <= '100'::numeric))
                                       Rows Removed by Filter: 241836126
                                       Buffers: shared hit=34866 read=5130686
                                 ->  Hash  (cost=2569.73..2569.73 rows=28 width=4) (actual time=20.268..20.269 rows=28 loops=1)
                                       Buckets: 1024  Batches: 1  Memory Usage: 9kB
                                       Buffers: shared hit=1473 read=1
                                       ->  Seq Scan on date_dim  (cost=0.00..2569.73 rows=28 width=4) (actual time=11.726..20.256 rows=28 loops=1)
                                             Filter: ((d_year = 1999) AND (d_moy = 2))
                                             Rows Removed by Filter: 73021
                                             Buffers: shared hit=1473 read=1
                           ->  Hash  (cost=16906.00..16906.00 rows=33517 width=12) (actual time=103.542..103.543 rows=33627 loops=1)
                                 Buckets: 65536  Batches: 1  Memory Usage: 1957kB
                                 Buffers: shared hit=14194 read=162
                                 ->  Seq Scan on item  (cost=0.00..16906.00 rows=33517 width=12) (actual time=0.030..98.383 rows=33627 loops=1)
                                       Filter: (i_category = 'Shoes'::bpchar)
                                       Rows Removed by Filter: 170373
                                       Buffers: shared hit=14194 read=162
                     ->  Index Scan using customer_pkey on customer  (cost=0.43..7.65 rows=1 width=8) (actual time=0.018..0.018 rows=0 loops=192595)
                           Index Cond: (c_customer_sk = store_sales.ss_customer_sk)
                           Filter: (c_birth_month = 6)
                           Rows Removed by Filter: 1
                           Buffers: shared hit=760038 read=1286
               ->  Index Scan using customer_address_pkey on customer_address  (cost=0.42..7.66 rows=1 width=15) (actual time=0.021..0.021 rows=0 loops=6331)
                     Index Cond: (ca_address_sk = customer.c_current_addr_sk)
                     Filter: (ca_state = 'WV'::bpchar)
                     Rows Removed by Filter: 1
                     Buffers: shared hit=23560 read=1764
         ->  Index Scan using store_pkey on store  (cost=0.15..5.72 rows=1 width=15) (actual time=0.010..0.010 rows=1 loops=134)
               Index Cond: (s_store_sk = store_sales.ss_store_sk)
               Buffers: shared hit=265 read=1
 Planning:
   Buffers: shared hit=460
 Planning Time: 4.625 ms
 Execution Time: 75923.490 ms
(51 rows)

