                                                                            QUERY PLAN                                                                            
------------------------------------------------------------------------------------------------------------------------------------------------------------------
 Aggregate  (cost=9768712.04..9768712.05 rows=1 width=40) (actual time=84926.806..84926.813 rows=1 loops=1)
   Buffers: shared hit=1006894 read=5147886
   ->  Hash Join  (cost=19777.11..9768711.90 rows=18 width=14) (actual time=47474.656..84926.170 rows=716 loops=1)
         Hash Cond: (store_sales.ss_store_sk = store.s_store_sk)
         Join Filter: ("substring"((customer_address.ca_zip)::text, 1, 5) <> "substring"((store.s_zip)::text, 1, 5))
         Rows Removed by Join Filter: 12
         Buffers: shared hit=1006894 read=5147886
         ->  Nested Loop  (cost=19750.06..9768684.81 rows=18 width=29) (actual time=47473.011..84922.906 rows=733 loops=1)
               Buffers: shared hit=1006878 read=5147884
               ->  Nested Loop  (cost=19749.64..9763766.70 rows=643 width=22) (actual time=47468.062..84198.441 rows=35438 loops=1)
                     Buffers: shared hit=875565 read=5137445
                     ->  Hash Join  (cost=19749.21..9734412.40 rows=3837 width=22) (actual time=47467.949..80235.438 rows=210427 loops=1)
                           Hash Cond: (store_sales.ss_item_sk = item.i_item_sk)
                           Buffers: shared hit=44452 read=5136930
                           ->  Hash Join  (cost=2570.11..9717139.25 rows=35830 width=18) (actual time=47361.115..79801.339 rows=1851132 loops=1)
                                 Hash Cond: (store_sales.ss_sold_date_sk = date_dim.d_date_sk)
                                 Buffers: shared hit=30418 read=5136608
                                 ->  Seq Scan on store_sales  (cost=0.00..9485539.52 rows=87244546 width=22) (actual time=0.063..74302.304 rows=86810744 loops=1)
                                       Filter: ((ss_wholesale_cost >= '68'::numeric) AND (ss_wholesale_cost <= '88'::numeric))
                                       Rows Removed by Filter: 201186280
                                       Buffers: shared hit=28944 read=5136608
                                 ->  Hash  (cost=2569.73..2569.73 rows=30 width=4) (actual time=18.780..18.781 rows=31 loops=1)
                                       Buckets: 1024  Batches: 1  Memory Usage: 10kB
                                       Buffers: shared hit=1474
                                       ->  Seq Scan on date_dim  (cost=0.00..2569.73 rows=30 width=4) (actual time=10.088..18.768 rows=31 loops=1)
                                             Filter: ((d_year = 2001) AND (d_moy = 5))
                                             Rows Removed by Filter: 73018
                                             Buffers: shared hit=1474
                           ->  Hash  (cost=16906.00..16906.00 rows=21848 width=12) (actual time=106.686..106.687 rows=21811 loops=1)
                                 Buckets: 32768  Batches: 1  Memory Usage: 1193kB
                                 Buffers: shared hit=14034 read=322
                                 ->  Seq Scan on item  (cost=0.00..16906.00 rows=21848 width=12) (actual time=0.020..102.539 rows=21811 loops=1)
                                       Filter: (i_category = 'Sports'::bpchar)
                                       Rows Removed by Filter: 182189
                                       Buffers: shared hit=14034 read=322
                     ->  Index Scan using customer_pkey on customer  (cost=0.43..7.65 rows=1 width=8) (actual time=0.019..0.019 rows=0 loops=210427)
                           Index Cond: (c_customer_sk = store_sales.ss_customer_sk)
                           Filter: (c_birth_month = 4)
                           Rows Removed by Filter: 1
                           Buffers: shared hit=831113 read=515
               ->  Index Scan using customer_address_pkey on customer_address  (cost=0.42..7.65 rows=1 width=15) (actual time=0.020..0.020 rows=0 loops=35438)
                     Index Cond: (ca_address_sk = customer.c_current_addr_sk)
                     Filter: (ca_state = 'OH'::bpchar)
                     Rows Removed by Filter: 1
                     Buffers: shared hit=131313 read=10439
         ->  Hash  (cost=22.02..22.02 rows=402 width=15) (actual time=1.605..1.606 rows=402 loops=1)
               Buckets: 1024  Batches: 1  Memory Usage: 27kB
               Buffers: shared hit=16 read=2
               ->  Seq Scan on store  (cost=0.00..22.02 rows=402 width=15) (actual time=0.040..1.358 rows=402 loops=1)
                     Buffers: shared hit=16 read=2
 Planning:
   Buffers: shared hit=460
 Planning Time: 4.807 ms
 Execution Time: 84927.427 ms
(54 rows)

