                                                                            QUERY PLAN                                                                            
------------------------------------------------------------------------------------------------------------------------------------------------------------------
 Aggregate  (cost=9675922.05..9675922.06 rows=1 width=40) (actual time=89388.234..89388.240 rows=1 loops=1)
   Buffers: shared hit=1859090 read=5132340
   ->  Nested Loop  (cost=2571.53..9675922.04 rows=1 width=14) (actual time=33939.014..89388.225 rows=2 loops=1)
         Join Filter: ("substring"((customer_address.ca_zip)::text, 1, 5) <> "substring"((store.s_zip)::text, 1, 5))
         Buffers: shared hit=1859090 read=5132340
         ->  Nested Loop  (cost=2571.38..9675916.30 rows=1 width=29) (actual time=33938.979..89388.176 rows=2 loops=1)
               Buffers: shared hit=1859086 read=5132340
               ->  Nested Loop  (cost=2570.96..9675786.23 rows=17 width=22) (actual time=25492.403..89380.626 rows=247 loops=1)
                     Buffers: shared hit=1858225 read=5132213
                     ->  Nested Loop  (cost=2570.53..9673934.84 rows=242 width=22) (actual time=25487.569..89262.583 rows=4017 loops=1)
                           Buffers: shared hit=1842343 read=5132207
                           ->  Hash Join  (cost=2570.11..9572786.08 rows=13247 width=18) (actual time=25480.013..78446.220 rows=451881 loops=1)
                                 Hash Cond: (store_sales.ss_sold_date_sk = date_dim.d_date_sk)
                                 Buffers: shared hit=39983 read=5127043
                                 ->  Seq Scan on store_sales  (cost=0.00..9485539.52 rows=32255907 width=22) (actual time=0.049..76147.254 rows=32336064 loops=1)
                                       Filter: ((ss_wholesale_cost >= '21'::numeric) AND (ss_wholesale_cost <= '41'::numeric))
                                       Rows Removed by Filter: 255660960
                                       Buffers: shared hit=38509 read=5127043
                                 ->  Hash  (cost=2569.73..2569.73 rows=30 width=4) (actual time=18.809..18.810 rows=31 loops=1)
                                       Buckets: 1024  Batches: 1  Memory Usage: 10kB
                                       Buffers: shared hit=1474
                                       ->  Seq Scan on date_dim  (cost=0.00..2569.73 rows=30 width=4) (actual time=9.234..18.793 rows=31 loops=1)
                                             Filter: ((d_year = 2000) AND (d_moy = 1))
                                             Rows Removed by Filter: 73018
                                             Buffers: shared hit=1474
                           ->  Index Scan using item_pkey on item  (cost=0.42..7.64 rows=1 width=12) (actual time=0.024..0.024 rows=0 loops=451881)
                                 Index Cond: (i_item_sk = store_sales.ss_item_sk)
                                 Filter: (i_category = 'Music'::bpchar)
                                 Rows Removed by Filter: 1
                                 Buffers: shared hit=1802360 read=5164
                     ->  Index Scan using customer_pkey on customer  (cost=0.43..7.65 rows=1 width=8) (actual time=0.029..0.029 rows=0 loops=4017)
                           Index Cond: (c_customer_sk = store_sales.ss_customer_sk)
                           Filter: (c_birth_month = 12)
                           Rows Removed by Filter: 1
                           Buffers: shared hit=15882 read=6
               ->  Index Scan using customer_address_pkey on customer_address  (cost=0.42..7.65 rows=1 width=15) (actual time=0.029..0.029 rows=0 loops=247)
                     Index Cond: (ca_address_sk = customer.c_current_addr_sk)
                     Filter: (ca_state = 'NY'::bpchar)
                     Rows Removed by Filter: 1
                     Buffers: shared hit=861 read=127
         ->  Index Scan using store_pkey on store  (cost=0.15..5.72 rows=1 width=15) (actual time=0.017..0.017 rows=1 loops=2)
               Index Cond: (s_store_sk = store_sales.ss_store_sk)
               Buffers: shared hit=4
 Planning:
   Buffers: shared hit=460
 Planning Time: 3.919 ms
 Execution Time: 89388.673 ms
(47 rows)

