                                                                             QUERY PLAN                                                                              
---------------------------------------------------------------------------------------------------------------------------------------------------------------------
 Aggregate  (cost=9646427.65..9646427.66 rows=1 width=40) (actual time=93444.668..93444.673 rows=1 loops=1)
   Buffers: shared hit=2802825 read=5138597
   ->  Nested Loop  (cost=2571.54..9646427.64 rows=1 width=14) (actual time=63077.237..93444.559 rows=42 loops=1)
         Join Filter: ("substring"((customer_address.ca_zip)::text, 1, 5) <> "substring"((store.s_zip)::text, 1, 5))
         Buffers: shared hit=2802825 read=5138597
         ->  Nested Loop  (cost=2571.39..9646421.90 rows=1 width=29) (actual time=63077.203..93442.711 rows=42 loops=1)
               Buffers: shared hit=2802742 read=5138596
               ->  Nested Loop  (cost=2570.97..9646330.27 rows=12 width=25) (actual time=60895.012..93428.942 rows=464 loops=1)
                     Buffers: shared hit=2800886 read=5138596
                     ->  Nested Loop  (cost=2570.55..9643574.33 rows=360 width=18) (actual time=60894.983..92852.787 rows=22531 loops=1)
                           Buffers: shared hit=2711855 read=5137503
                           ->  Hash Join  (cost=2570.12..9557614.89 rows=11236 width=18) (actual time=60894.459..77192.215 rows=678632 loops=1)
                                 Hash Cond: (store_sales.ss_sold_date_sk = date_dim.d_date_sk)
                                 Buffers: shared hit=29545 read=5137481
                                 ->  Seq Scan on store_sales  (cost=0.00..9485539.52 rows=26476724 width=22) (actual time=0.152..75162.919 rows=26847589 loops=1)
                                       Filter: ((ss_wholesale_cost >= '15'::numeric) AND (ss_wholesale_cost <= '35'::numeric))
                                       Rows Removed by Filter: 261149435
                                       Buffers: shared hit=29504 read=5136048
                                 ->  Hash  (cost=2569.73..2569.73 rows=31 width=4) (actual time=20.099..20.100 rows=31 loops=1)
                                       Buckets: 1024  Batches: 1  Memory Usage: 10kB
                                       Buffers: shared hit=41 read=1433
                                       ->  Seq Scan on date_dim  (cost=0.00..2569.73 rows=31 width=4) (actual time=11.517..20.089 rows=31 loops=1)
                                             Filter: ((d_year = 2002) AND (d_moy = 8))
                                             Rows Removed by Filter: 73018
                                             Buffers: shared hit=41 read=1433
                           ->  Index Scan using customer_pkey on customer  (cost=0.43..7.65 rows=1 width=8) (actual time=0.023..0.023 rows=0 loops=678632)
                                 Index Cond: (c_customer_sk = store_sales.ss_customer_sk)
                                 Filter: (c_birth_month = 6)
                                 Rows Removed by Filter: 1
                                 Buffers: shared hit=2682310 read=22
                     ->  Index Scan using customer_address_pkey on customer_address  (cost=0.42..7.66 rows=1 width=15) (actual time=0.025..0.025 rows=0 loops=22531)
                           Index Cond: (ca_address_sk = customer.c_current_addr_sk)
                           Filter: (ca_state = 'KS'::bpchar)
                           Rows Removed by Filter: 1
                           Buffers: shared hit=89031 read=1093
               ->  Index Scan using item_pkey on item  (cost=0.42..7.64 rows=1 width=12) (actual time=0.029..0.029 rows=0 loops=464)
                     Index Cond: (i_item_sk = store_sales.ss_item_sk)
                     Filter: (i_category = 'Books'::bpchar)
                     Rows Removed by Filter: 1
                     Buffers: shared hit=1856
         ->  Index Scan using store_pkey on store  (cost=0.15..5.72 rows=1 width=15) (actual time=0.037..0.037 rows=1 loops=42)
               Index Cond: (s_store_sk = store_sales.ss_store_sk)
               Buffers: shared hit=83 read=1
 Planning:
   Buffers: shared hit=460
 Planning Time: 2.057 ms
 Execution Time: 93444.901 ms
(47 rows)

