                                                                             QUERY PLAN                                                                              
---------------------------------------------------------------------------------------------------------------------------------------------------------------------
 Aggregate  (cost=9762738.76..9762738.77 rows=1 width=40) (actual time=85987.894..85987.900 rows=1 loops=1)
   Buffers: shared hit=2184737 read=5138051
   ->  Nested Loop  (cost=2571.53..9762738.75 rows=1 width=14) (actual time=21173.373..85987.856 rows=13 loops=1)
         Join Filter: ("substring"((customer_address.ca_zip)::text, 1, 5) <> "substring"((store.s_zip)::text, 1, 5))
         Buffers: shared hit=2184737 read=5138051
         ->  Nested Loop  (cost=2571.38..9762733.00 rows=1 width=29) (actual time=21173.336..85987.625 rows=13 loops=1)
               Buffers: shared hit=2184711 read=5138051
               ->  Nested Loop  (cost=2570.96..9762542.11 rows=25 width=25) (actual time=20987.859..85966.178 rows=680 loops=1)
                     Buffers: shared hit=2181998 read=5138044
                     ->  Nested Loop  (cost=2570.54..9752527.03 rows=1309 width=18) (actual time=20978.002..85074.893 rows=34420 loops=1)
                           Buffers: shared hit=2045447 read=5136915
                           ->  Hash Join  (cost=2570.11..9608471.14 rows=18830 width=18) (actual time=20948.117..72489.592 rows=509970 loops=1)
                                 Hash Cond: (store_sales.ss_sold_date_sk = date_dim.d_date_sk)
                                 Buffers: shared hit=30115 read=5136911
                                 ->  Seq Scan on store_sales  (cost=0.00..9485539.52 rows=45849467 width=22) (actual time=0.637..69325.270 rows=46160898 loops=1)
                                       Filter: ((ss_wholesale_cost >= '80'::numeric) AND (ss_wholesale_cost <= '100'::numeric))
                                       Rows Removed by Filter: 241836126
                                       Buffers: shared hit=28768 read=5136784
                                 ->  Hash  (cost=2569.73..2569.73 rows=30 width=4) (actual time=22.612..22.613 rows=30 loops=1)
                                       Buckets: 1024  Batches: 1  Memory Usage: 10kB
                                       Buffers: shared hit=1347 read=127
                                       ->  Seq Scan on date_dim  (cost=0.00..2569.73 rows=30 width=4) (actual time=13.435..22.601 rows=30 loops=1)
                                             Filter: ((d_year = 1999) AND (d_moy = 9))
                                             Rows Removed by Filter: 73019
                                             Buffers: shared hit=1347 read=127
                           ->  Index Scan using customer_pkey on customer  (cost=0.43..7.65 rows=1 width=8) (actual time=0.024..0.024 rows=0 loops=509970)
                                 Index Cond: (c_customer_sk = store_sales.ss_customer_sk)
                                 Filter: (c_birth_month = 12)
                                 Rows Removed by Filter: 1
                                 Buffers: shared hit=2015332 read=4
                     ->  Index Scan using customer_address_pkey on customer_address  (cost=0.42..7.65 rows=1 width=15) (actual time=0.025..0.025 rows=0 loops=34420)
                           Index Cond: (ca_address_sk = customer.c_current_addr_sk)
                           Filter: (ca_state = 'CA'::bpchar)
                           Rows Removed by Filter: 1
                           Buffers: shared hit=136551 read=1129
               ->  Index Scan using item_pkey on item  (cost=0.42..7.64 rows=1 width=12) (actual time=0.031..0.031 rows=0 loops=680)
                     Index Cond: (i_item_sk = store_sales.ss_item_sk)
                     Filter: (i_category = 'Jewelry'::bpchar)
                     Rows Removed by Filter: 1
                     Buffers: shared hit=2713 read=7
         ->  Index Scan using store_pkey on store  (cost=0.15..5.72 rows=1 width=15) (actual time=0.010..0.010 rows=1 loops=13)
               Index Cond: (s_store_sk = store_sales.ss_store_sk)
               Buffers: shared hit=26
 Planning:
   Buffers: shared hit=460
 Planning Time: 3.845 ms
 Execution Time: 85988.254 ms
(47 rows)

