                                                                            QUERY PLAN                                                                            
------------------------------------------------------------------------------------------------------------------------------------------------------------------
 Aggregate  (cost=9709182.12..9709182.13 rows=1 width=40) (actual time=81107.959..81107.964 rows=1 loops=1)
   Buffers: shared hit=458418 read=5136906
   ->  Nested Loop  (cost=19643.38..9709182.10 rows=3 width=14) (actual time=16083.862..81107.807 rows=84 loops=1)
         Join Filter: ("substring"((customer_address.ca_zip)::text, 1, 5) <> "substring"((store.s_zip)::text, 1, 5))
         Rows Removed by Join Filter: 1
         Buffers: shared hit=458418 read=5136906
         ->  Nested Loop  (cost=19643.24..9709164.87 rows=3 width=29) (actual time=16083.847..81106.487 rows=85 loops=1)
               Buffers: shared hit=458248 read=5136906
               ->  Nested Loop  (cost=19642.81..9708560.22 rows=79 width=22) (actual time=16078.087..81040.692 rows=3974 loops=1)
                     Buffers: shared hit=442620 read=5136638
                     ->  Hash Join  (cost=19642.38..9693389.62 rows=1983 width=22) (actual time=16076.925..79425.898 rows=100655 loops=1)
                           Hash Cond: (store_sales.ss_item_sk = item.i_item_sk)
                           Buffers: shared hit=44744 read=5136638
                           ->  Hash Join  (cost=2570.12..9676237.52 rows=30412 width=18) (actual time=15970.329..79124.694 rows=1335833 loops=1)
                                 Hash Cond: (store_sales.ss_sold_date_sk = date_dim.d_date_sk)
                                 Buffers: shared hit=30833 read=5136193
                                 ->  Seq Scan on store_sales  (cost=0.00..9485539.52 rows=71663793 width=22) (actual time=0.339..74653.125 rows=71083444 loops=1)
                                       Filter: ((ss_wholesale_cost >= '53'::numeric) AND (ss_wholesale_cost <= '73'::numeric))
                                       Rows Removed by Filter: 216913580
                                       Buffers: shared hit=29486 read=5136066
                                 ->  Hash  (cost=2569.73..2569.73 rows=31 width=4) (actual time=16.311..16.312 rows=31 loops=1)
                                       Buckets: 1024  Batches: 1  Memory Usage: 10kB
                                       Buffers: shared hit=1347 read=127
                                       ->  Seq Scan on date_dim  (cost=0.00..2569.73 rows=31 width=4) (actual time=9.624..16.301 rows=31 loops=1)
                                             Filter: ((d_year = 1999) AND (d_moy = 3))
                                             Rows Removed by Filter: 73018
                                             Buffers: shared hit=1347 read=127
                           ->  Hash  (cost=16906.00..16906.00 rows=13301 width=12) (actual time=106.466..106.467 rows=13933 loops=1)
                                 Buckets: 16384  Batches: 1  Memory Usage: 727kB
                                 Buffers: shared hit=13911 read=445
                                 ->  Seq Scan on item  (cost=0.00..16906.00 rows=13301 width=12) (actual time=0.021..104.204 rows=13933 loops=1)
                                       Filter: (i_category = 'Men'::bpchar)
                                       Rows Removed by Filter: 190067
                                       Buffers: shared hit=13911 read=445
                     ->  Index Scan using customer_pkey on customer  (cost=0.43..7.65 rows=1 width=8) (actual time=0.016..0.016 rows=0 loops=100655)
                           Index Cond: (c_customer_sk = store_sales.ss_customer_sk)
                           Filter: (c_birth_month = 9)
                           Rows Removed by Filter: 1
                           Buffers: shared hit=397876
               ->  Index Scan using customer_address_pkey on customer_address  (cost=0.42..7.65 rows=1 width=15) (actual time=0.016..0.016 rows=0 loops=3974)
                     Index Cond: (ca_address_sk = customer.c_current_addr_sk)
                     Filter: (ca_state = 'MO'::bpchar)
                     Rows Removed by Filter: 1
                     Buffers: shared hit=15628 read=268
         ->  Index Scan using store_pkey on store  (cost=0.15..5.72 rows=1 width=15) (actual time=0.011..0.011 rows=1 loops=85)
               Index Cond: (s_store_sk = store_sales.ss_store_sk)
               Buffers: shared hit=170
 Planning:
   Buffers: shared hit=460
 Planning Time: 3.592 ms
 Execution Time: 81108.371 ms
(51 rows)

