                                                                            QUERY PLAN                                                                            
------------------------------------------------------------------------------------------------------------------------------------------------------------------
 Aggregate  (cost=9688788.97..9688788.98 rows=1 width=40) (actual time=80878.563..80878.568 rows=1 loops=1)
   Buffers: shared hit=529163 read=5136883
   ->  Nested Loop  (cost=20007.26..9688788.94 rows=4 width=14) (actual time=69488.986..80878.254 rows=316 loops=1)
         Join Filter: ("substring"((customer_address.ca_zip)::text, 1, 5) <> "substring"((store.s_zip)::text, 1, 5))
         Rows Removed by Join Filter: 8
         Buffers: shared hit=529163 read=5136883
         ->  Nested Loop  (cost=20007.11..9688765.97 rows=4 width=29) (actual time=69488.966..80875.025 rows=326 loops=1)
               Buffers: shared hit=528522 read=5136876
               ->  Nested Loop  (cost=20006.69..9683832.34 rows=645 width=22) (actual time=69488.308..80563.917 rows=14948 loops=1)
                     Buffers: shared hit=469904 read=5135702
                     ->  Hash Join  (cost=20006.26..9648319.49 rows=4642 width=22) (actual time=69488.042..78429.766 rows=107366 loops=1)
                           Hash Cond: (store_sales.ss_item_sk = item.i_item_sk)
                           Buffers: shared hit=45680 read=5135702
                           ->  Hash Join  (cost=2570.11..9630824.73 rows=22327 width=18) (actual time=69380.682..78200.850 rows=548257 loops=1)
                                 Hash Cond: (store_sales.ss_sold_date_sk = date_dim.d_date_sk)
                                 Buffers: shared hit=31598 read=5135428
                                 ->  Seq Scan on store_sales  (cost=0.00..9485539.52 rows=54364643 width=22) (actual time=1.154..74718.404 rows=53574682 loops=1)
                                       Filter: ((ss_wholesale_cost >= '47'::numeric) AND (ss_wholesale_cost <= '67'::numeric))
                                       Rows Removed by Filter: 234422342
                                       Buffers: shared hit=30251 read=5135301
                                 ->  Hash  (cost=2569.73..2569.73 rows=30 width=4) (actual time=21.799..21.800 rows=31 loops=1)
                                       Buckets: 1024  Batches: 1  Memory Usage: 10kB
                                       Buffers: shared hit=1347 read=127
                                       ->  Seq Scan on date_dim  (cost=0.00..2569.73 rows=30 width=4) (actual time=11.282..21.789 rows=31 loops=1)
                                             Filter: ((d_year = 2002) AND (d_moy = 12))
                                             Rows Removed by Filter: 73018
                                             Buffers: shared hit=1347 read=127
                           ->  Hash  (cost=16906.00..16906.00 rows=42412 width=12) (actual time=107.103..107.103 rows=42041 loops=1)
                                 Buckets: 65536  Batches: 1  Memory Usage: 2319kB
                                 Buffers: shared hit=14082 read=274
                                 ->  Seq Scan on item  (cost=0.00..16906.00 rows=42412 width=12) (actual time=0.018..100.562 rows=42041 loops=1)
                                       Filter: (i_category = 'Electronics'::bpchar)
                                       Rows Removed by Filter: 161959
                                       Buffers: shared hit=14082 read=274
                     ->  Index Scan using customer_pkey on customer  (cost=0.43..7.65 rows=1 width=8) (actual time=0.020..0.020 rows=0 loops=107366)
                           Index Cond: (c_customer_sk = store_sales.ss_customer_sk)
                           Filter: (c_birth_month = 10)
                           Rows Removed by Filter: 1
                           Buffers: shared hit=424224
               ->  Index Scan using customer_address_pkey on customer_address  (cost=0.42..7.65 rows=1 width=15) (actual time=0.021..0.021 rows=0 loops=14948)
                     Index Cond: (ca_address_sk = customer.c_current_addr_sk)
                     Filter: (ca_state = 'WY'::bpchar)
                     Rows Removed by Filter: 1
                     Buffers: shared hit=58618 read=1174
         ->  Index Scan using store_pkey on store  (cost=0.15..5.72 rows=1 width=15) (actual time=0.007..0.007 rows=1 loops=326)
               Index Cond: (s_store_sk = store_sales.ss_store_sk)
               Buffers: shared hit=641 read=7
 Planning:
   Buffers: shared hit=460
 Planning Time: 4.560 ms
 Execution Time: 80879.008 ms
(51 rows)

