                                                                            QUERY PLAN                                                                            
------------------------------------------------------------------------------------------------------------------------------------------------------------------
 Aggregate  (cost=9753866.54..9753866.55 rows=1 width=40) (actual time=80901.997..80902.003 rows=1 loops=1)
   Buffers: shared hit=143370 read=5140872
   ->  Nested Loop  (cost=19589.31..9753866.54 rows=1 width=14) (actual time=63096.041..80901.981 rows=8 loops=1)
         Join Filter: ("substring"((customer_address.ca_zip)::text, 1, 5) <> "substring"((store.s_zip)::text, 1, 5))
         Buffers: shared hit=143370 read=5140872
         ->  Nested Loop  (cost=19589.16..9753860.79 rows=1 width=29) (actual time=63096.021..80901.886 rows=8 loops=1)
               Buffers: shared hit=143354 read=5140872
               ->  Nested Loop  (cost=19588.74..9753692.13 rows=22 width=22) (actual time=62920.042..80897.488 rows=368 loops=1)
                     Buffers: shared hit=141957 read=5140797
                     ->  Hash Join  (cost=19588.31..9741260.35 rows=1625 width=22) (actual time=62915.393..80636.542 rows=25623 loops=1)
                           Hash Cond: (store_sales.ss_item_sk = item.i_item_sk)
                           Buffers: shared hit=40588 read=5140794
                           ->  Hash Join  (cost=2570.11..9724145.22 rows=36926 width=18) (actual time=62803.913..80404.611 rows=1174159 loops=1)
                                 Hash Cond: (store_sales.ss_sold_date_sk = date_dim.d_date_sk)
                                 Buffers: shared hit=37262 read=5129764
                                 ->  Seq Scan on store_sales  (cost=0.00..9485539.52 rows=89913339 width=22) (actual time=0.050..74908.503 rows=89530603 loops=1)
                                       Filter: ((ss_wholesale_cost >= '55'::numeric) AND (ss_wholesale_cost <= '75'::numeric))
                                       Rows Removed by Filter: 198466421
                                       Buffers: shared hit=35788 read=5129764
                                 ->  Hash  (cost=2569.73..2569.73 rows=30 width=4) (actual time=24.448..24.449 rows=30 loops=1)
                                       Buckets: 1024  Batches: 1  Memory Usage: 10kB
                                       Buffers: shared hit=1474
                                       ->  Seq Scan on date_dim  (cost=0.00..2569.73 rows=30 width=4) (actual time=14.769..24.436 rows=30 loops=1)
                                             Filter: ((d_year = 2002) AND (d_moy = 6))
                                             Rows Removed by Filter: 73019
                                             Buffers: shared hit=1474
                           ->  Hash  (cost=16906.00..16906.00 rows=8976 width=12) (actual time=111.187..111.187 rows=8826 loops=1)
                                 Buckets: 16384  Batches: 1  Memory Usage: 508kB
                                 Buffers: shared hit=3326 read=11030
                                 ->  Seq Scan on item  (cost=0.00..16906.00 rows=8976 width=12) (actual time=0.014..109.395 rows=8826 loops=1)
                                       Filter: (i_category = 'Jewelry'::bpchar)
                                       Rows Removed by Filter: 195174
                                       Buffers: shared hit=3326 read=11030
                     ->  Index Scan using customer_pkey on customer  (cost=0.43..7.65 rows=1 width=8) (actual time=0.010..0.010 rows=0 loops=25623)
                           Index Cond: (c_customer_sk = store_sales.ss_customer_sk)
                           Filter: (c_birth_month = 5)
                           Rows Removed by Filter: 1
                           Buffers: shared hit=101369 read=3
               ->  Index Scan using customer_address_pkey on customer_address  (cost=0.42..7.67 rows=1 width=15) (actual time=0.011..0.011 rows=0 loops=368)
                     Index Cond: (ca_address_sk = customer.c_current_addr_sk)
                     Filter: (ca_state = 'KS'::bpchar)
                     Rows Removed by Filter: 1
                     Buffers: shared hit=1397 read=75
         ->  Index Scan using store_pkey on store  (cost=0.15..5.72 rows=1 width=15) (actual time=0.007..0.007 rows=1 loops=8)
               Index Cond: (s_store_sk = store_sales.ss_store_sk)
               Buffers: shared hit=16
 Planning:
   Buffers: shared hit=460
 Planning Time: 5.134 ms
 Execution Time: 80902.373 ms
(50 rows)

