                                                                            QUERY PLAN                                                                            
------------------------------------------------------------------------------------------------------------------------------------------------------------------
 Aggregate  (cost=9640037.24..9640037.25 rows=1 width=40) (actual time=87380.873..87380.878 rows=1 loops=1)
   Buffers: shared hit=1793306 read=5134424
   ->  Nested Loop  (cost=2571.50..9640037.19 rows=7 width=14) (actual time=26571.608..87380.703 rows=68 loops=1)
         Join Filter: ("substring"((customer_address.ca_zip)::text, 1, 5) <> "substring"((store.s_zip)::text, 1, 5))
         Rows Removed by Join Filter: 2
         Buffers: shared hit=1793306 read=5134424
         ->  Nested Loop  (cost=2571.36..9639996.98 rows=7 width=29) (actual time=26571.573..87378.214 rows=72 loops=1)
               Buffers: shared hit=1793167 read=5134423
               ->  Nested Loop  (cost=2570.93..9639293.30 rows=92 width=22) (actual time=26457.491..87246.952 rows=4681 loops=1)
                     Buffers: shared hit=1775572 read=5133294
                     ->  Nested Loop  (cost=2570.50..9635108.56 rows=547 width=22) (actual time=26455.791..86548.923 rows=27909 loops=1)
                           Buffers: shared hit=1665285 read=5133293
                           ->  Hash Join  (cost=2570.08..9557614.85 rows=10149 width=18) (actual time=26455.501..77152.072 rows=407888 loops=1)
                                 Hash Cond: (store_sales.ss_sold_date_sk = date_dim.d_date_sk)
                                 Buffers: shared hit=35474 read=5131552
                                 ->  Seq Scan on store_sales  (cost=0.00..9485539.52 rows=26476724 width=22) (actual time=0.033..75213.443 rows=26847589 loops=1)
                                       Filter: ((ss_wholesale_cost >= '16'::numeric) AND (ss_wholesale_cost <= '36'::numeric))
                                       Rows Removed by Filter: 261149435
                                       Buffers: shared hit=34000 read=5131552
                                 ->  Hash  (cost=2569.73..2569.73 rows=28 width=4) (actual time=13.009..13.010 rows=29 loops=1)
                                       Buckets: 1024  Batches: 1  Memory Usage: 10kB
                                       Buffers: shared hit=1474
                                       ->  Seq Scan on date_dim  (cost=0.00..2569.73 rows=28 width=4) (actual time=7.979..12.997 rows=29 loops=1)
                                             Filter: ((d_year = 2000) AND (d_moy = 2))
                                             Rows Removed by Filter: 73020
                                             Buffers: shared hit=1474
                           ->  Index Scan using item_pkey on item  (cost=0.42..7.64 rows=1 width=12) (actual time=0.023..0.023 rows=0 loops=407888)
                                 Index Cond: (i_item_sk = store_sales.ss_item_sk)
                                 Filter: (i_category = 'Women'::bpchar)
                                 Rows Removed by Filter: 1
                                 Buffers: shared hit=1629811 read=1741
                     ->  Index Scan using customer_pkey on customer  (cost=0.43..7.65 rows=1 width=8) (actual time=0.025..0.025 rows=0 loops=27909)
                           Index Cond: (c_customer_sk = store_sales.ss_customer_sk)
                           Filter: (c_birth_month = 4)
                           Rows Removed by Filter: 1
                           Buffers: shared hit=110287 read=1
               ->  Index Scan using customer_address_pkey on customer_address  (cost=0.42..7.65 rows=1 width=15) (actual time=0.028..0.028 rows=0 loops=4681)
                     Index Cond: (ca_address_sk = customer.c_current_addr_sk)
                     Filter: (ca_state = 'TX'::bpchar)
                     Rows Removed by Filter: 1
                     Buffers: shared hit=17595 read=1129
         ->  Index Scan using store_pkey on store  (cost=0.15..5.72 rows=1 width=15) (actual time=0.028..0.028 rows=1 loops=72)
               Index Cond: (s_store_sk = store_sales.ss_store_sk)
               Buffers: shared hit=139 read=1
 Planning:
   Buffers: shared hit=460
 Planning Time: 2.652 ms
 Execution Time: 87381.140 ms
(48 rows)

