                                                                            QUERY PLAN                                                                            
------------------------------------------------------------------------------------------------------------------------------------------------------------------
 Aggregate  (cost=9739227.95..9739227.96 rows=1 width=40) (actual time=82296.703..82296.707 rows=1 loops=1)
   Buffers: shared hit=98784 read=5125450
   ->  Nested Loop  (cost=17019.50..9739227.94 rows=1 width=14) (actual time=30168.798..82296.684 rows=7 loops=1)
         Join Filter: ("substring"((customer_address.ca_zip)::text, 1, 5) <> "substring"((store.s_zip)::text, 1, 5))
         Buffers: shared hit=98784 read=5125450
         ->  Nested Loop  (cost=17019.36..9739222.20 rows=1 width=29) (actual time=30168.778..82296.585 rows=7 loops=1)
               Buffers: shared hit=98770 read=5125450
               ->  Nested Loop  (cost=17018.93..9738831.92 rows=51 width=22) (actual time=30050.792..82291.097 rows=439 loops=1)
                     Buffers: shared hit=97200 read=5125264
                     ->  Nested Loop  (cost=17018.50..9730929.12 rows=1033 width=22) (actual time=30046.239..82188.192 rows=9207 loops=1)
                           Buffers: shared hit=60898 read=5125214
                           ->  Hash Join  (cost=17018.20..9652651.60 rows=2515807 width=26) (actual time=117.891..81767.863 rows=1238325 loops=1)
                                 Hash Cond: (store_sales.ss_item_sk = item.i_item_sk)
                                 Buffers: shared hit=54880 read=5125028
                                 ->  Seq Scan on store_sales  (cost=0.00..9485539.52 rows=57177434 width=22) (actual time=0.087..75825.418 rows=56890659 loops=1)
                                       Filter: ((ss_wholesale_cost >= '40'::numeric) AND (ss_wholesale_cost <= '60'::numeric))
                                       Rows Removed by Filter: 231106365
                                       Buffers: shared hit=40530 read=5125022
                                 ->  Hash  (cost=16906.00..16906.00 rows=8976 width=12) (actual time=117.590..117.591 rows=8826 loops=1)
                                       Buckets: 16384  Batches: 1  Memory Usage: 508kB
                                       Buffers: shared hit=14350 read=6
                                       ->  Seq Scan on item  (cost=0.00..16906.00 rows=8976 width=12) (actual time=0.042..115.812 rows=8826 loops=1)
                                             Filter: (i_category = 'Jewelry'::bpchar)
                                             Rows Removed by Filter: 195174
                                             Buffers: shared hit=14350 read=6
                           ->  Memoize  (cost=0.30..7.51 rows=1 width=4) (actual time=0.000..0.000 rows=0 loops=1238325)
                                 Cache Key: store_sales.ss_sold_date_sk
                                 Cache Mode: logical
                                 Hits: 1236256  Misses: 2069  Evictions: 0  Overflows: 0  Memory Usage: 139kB
                                 Buffers: shared hit=6018 read=186
                                 ->  Index Scan using date_dim_pkey on date_dim  (cost=0.29..7.50 rows=1 width=4) (actual time=0.016..0.016 rows=0 loops=2069)
                                       Index Cond: (d_date_sk = store_sales.ss_sold_date_sk)
                                       Filter: ((d_year = 2000) AND (d_moy = 4))
                                       Rows Removed by Filter: 1
                                       Buffers: shared hit=6018 read=186
                     ->  Index Scan using customer_pkey on customer  (cost=0.43..7.65 rows=1 width=8) (actual time=0.011..0.011 rows=0 loops=9207)
                           Index Cond: (c_customer_sk = store_sales.ss_customer_sk)
                           Filter: (c_birth_month = 7)
                           Rows Removed by Filter: 1
                           Buffers: shared hit=36302 read=50
               ->  Index Scan using customer_address_pkey on customer_address  (cost=0.42..7.65 rows=1 width=15) (actual time=0.012..0.012 rows=0 loops=439)
                     Index Cond: (ca_address_sk = customer.c_current_addr_sk)
                     Filter: (ca_state = 'OK'::bpchar)
                     Rows Removed by Filter: 1
                     Buffers: shared hit=1570 read=186
         ->  Index Scan using store_pkey on store  (cost=0.15..5.72 rows=1 width=15) (actual time=0.008..0.008 rows=1 loops=7)
               Index Cond: (s_store_sk = store_sales.ss_store_sk)
               Buffers: shared hit=14
 Planning:
   Buffers: shared hit=460
 Planning Time: 4.807 ms
 Execution Time: 82297.339 ms
(52 rows)

