                                                                            QUERY PLAN                                                                            
------------------------------------------------------------------------------------------------------------------------------------------------------------------
 Aggregate  (cost=9643393.50..9643393.51 rows=1 width=40) (actual time=72237.994..72237.999 rows=1 loops=1)
   Buffers: shared hit=198342 read=5123846
   ->  Nested Loop  (cost=19790.24..9643393.49 rows=1 width=14) (actual time=51409.410..72237.954 rows=20 loops=1)
         Join Filter: ("substring"((customer_address.ca_zip)::text, 1, 5) <> "substring"((store.s_zip)::text, 1, 5))
         Rows Removed by Join Filter: 1
         Buffers: shared hit=198342 read=5123846
         ->  Nested Loop  (cost=19790.09..9643387.75 rows=1 width=29) (actual time=51409.390..72237.720 rows=21 loops=1)
               Buffers: shared hit=198300 read=5123846
               ->  Nested Loop  (cost=19789.66..9642836.56 rows=72 width=22) (actual time=51231.850..72218.339 rows=1101 loops=1)
                     Buffers: shared hit=194424 read=5123318
                     ->  Hash Join  (cost=19789.24..9625738.05 rows=2235 width=22) (actual time=51231.428..71721.548 rows=34500 loops=1)
                           Hash Cond: (store_sales.ss_item_sk = item.i_item_sk)
                           Buffers: shared hit=58678 read=5122704
                           ->  Hash Join  (cost=2570.10..9608471.13 rows=18202 width=18) (actual time=51126.339..71552.600 rows=387098 loops=1)
                                 Hash Cond: (store_sales.ss_sold_date_sk = date_dim.d_date_sk)
                                 Buffers: shared hit=44322 read=5122704
                                 ->  Seq Scan on store_sales  (cost=0.00..9485539.52 rows=45849467 width=22) (actual time=0.060..68603.246 rows=46160898 loops=1)
                                       Filter: ((ss_wholesale_cost >= '80'::numeric) AND (ss_wholesale_cost <= '100'::numeric))
                                       Rows Removed by Filter: 241836126
                                       Buffers: shared hit=42848 read=5122704
                                 ->  Hash  (cost=2569.73..2569.73 rows=29 width=4) (actual time=20.776..20.777 rows=30 loops=1)
                                       Buckets: 1024  Batches: 1  Memory Usage: 10kB
                                       Buffers: shared hit=1474
                                       ->  Seq Scan on date_dim  (cost=0.00..2569.73 rows=29 width=4) (actual time=11.115..20.764 rows=30 loops=1)
                                             Filter: ((d_year = 2001) AND (d_moy = 11))
                                             Rows Removed by Filter: 73019
                                             Buffers: shared hit=1474
                           ->  Hash  (cost=16906.00..16906.00 rows=25051 width=12) (actual time=104.922..104.922 rows=24688 loops=1)
                                 Buckets: 32768  Batches: 1  Memory Usage: 1317kB
                                 Buffers: shared hit=14356
                                 ->  Seq Scan on item  (cost=0.00..16906.00 rows=25051 width=12) (actual time=0.017..101.108 rows=24688 loops=1)
                                       Filter: (i_category = 'Books'::bpchar)
                                       Rows Removed by Filter: 179312
                                       Buffers: shared hit=14356
                     ->  Index Scan using customer_pkey on customer  (cost=0.43..7.65 rows=1 width=8) (actual time=0.014..0.014 rows=0 loops=34500)
                           Index Cond: (c_customer_sk = store_sales.ss_customer_sk)
                           Filter: (c_birth_month = 6)
                           Rows Removed by Filter: 1
                           Buffers: shared hit=135746 read=614
               ->  Index Scan using customer_address_pkey on customer_address  (cost=0.42..7.66 rows=1 width=15) (actual time=0.017..0.017 rows=0 loops=1101)
                     Index Cond: (ca_address_sk = customer.c_current_addr_sk)
                     Filter: (ca_state = 'PA'::bpchar)
                     Rows Removed by Filter: 1
                     Buffers: shared hit=3876 read=528
         ->  Index Scan using store_pkey on store  (cost=0.15..5.72 rows=1 width=15) (actual time=0.006..0.006 rows=1 loops=21)
               Index Cond: (s_store_sk = store_sales.ss_store_sk)
               Buffers: shared hit=42
 Planning:
   Buffers: shared hit=460
 Planning Time: 4.765 ms
 Execution Time: 72238.518 ms
(51 rows)

