                                                                            QUERY PLAN                                                                            
------------------------------------------------------------------------------------------------------------------------------------------------------------------
 Aggregate  (cost=9750805.41..9750805.42 rows=1 width=40) (actual time=80855.971..80855.977 rows=1 loops=1)
   Buffers: shared hit=443349 read=5139271
   ->  Hash Join  (cost=19641.46..9750805.35 rows=7 width=14) (actual time=46251.137..80855.726 rows=175 loops=1)
         Hash Cond: (store_sales.ss_store_sk = store.s_store_sk)
         Join Filter: ("substring"((customer_address.ca_zip)::text, 1, 5) <> "substring"((store.s_zip)::text, 1, 5))
         Rows Removed by Join Filter: 2
         Buffers: shared hit=443349 read=5139271
         ->  Nested Loop  (cost=19614.41..9750778.29 rows=7 width=29) (actual time=46250.263..80854.357 rows=177 loops=1)
               Buffers: shared hit=443332 read=5139270
               ->  Nested Loop  (cost=19613.99..9749049.53 rows=226 width=22) (actual time=46249.836..80662.892 rows=10604 loops=1)
                     Buffers: shared hit=407953 read=5132233
                     ->  Hash Join  (cost=19613.56..9734276.75 rows=1931 width=22) (actual time=46249.347..79192.266 rows=90819 loops=1)
                           Hash Cond: (store_sales.ss_item_sk = item.i_item_sk)
                           Buffers: shared hit=53832 read=5127550
                           ->  Hash Join  (cost=2570.11..9717139.25 rows=35830 width=18) (actual time=46148.567..78914.351 rows=1328357 loops=1)
                                 Hash Cond: (store_sales.ss_sold_date_sk = date_dim.d_date_sk)
                                 Buffers: shared hit=39476 read=5127550
                                 ->  Seq Scan on store_sales  (cost=0.00..9485539.52 rows=87244546 width=22) (actual time=0.036..73569.374 rows=86810744 loops=1)
                                       Filter: ((ss_wholesale_cost >= '68'::numeric) AND (ss_wholesale_cost <= '88'::numeric))
                                       Rows Removed by Filter: 201186280
                                       Buffers: shared hit=38002 read=5127550
                                 ->  Hash  (cost=2569.73..2569.73 rows=30 width=4) (actual time=17.388..17.389 rows=30 loops=1)
                                       Buckets: 1024  Batches: 1  Memory Usage: 10kB
                                       Buffers: shared hit=1474
                                       ->  Seq Scan on date_dim  (cost=0.00..2569.73 rows=30 width=4) (actual time=10.409..17.379 rows=30 loops=1)
                                             Filter: ((d_year = 2001) AND (d_moy = 4))
                                             Rows Removed by Filter: 73019
                                             Buffers: shared hit=1474
                           ->  Hash  (cost=16906.00..16906.00 rows=10996 width=12) (actual time=100.669..100.670 rows=11037 loops=1)
                                 Buckets: 16384  Batches: 1  Memory Usage: 603kB
                                 Buffers: shared hit=14356
                                 ->  Seq Scan on item  (cost=0.00..16906.00 rows=10996 width=12) (actual time=0.036..98.900 rows=11037 loops=1)
                                       Filter: (i_category = 'Women'::bpchar)
                                       Rows Removed by Filter: 192963
                                       Buffers: shared hit=14356
                     ->  Index Scan using customer_pkey on customer  (cost=0.43..7.65 rows=1 width=8) (actual time=0.016..0.016 rows=0 loops=90819)
                           Index Cond: (c_customer_sk = store_sales.ss_customer_sk)
                           Filter: (c_birth_month = 8)
                           Rows Removed by Filter: 1
                           Buffers: shared hit=354121 read=4683
               ->  Index Scan using customer_address_pkey on customer_address  (cost=0.42..7.65 rows=1 width=15) (actual time=0.018..0.018 rows=0 loops=10604)
                     Index Cond: (ca_address_sk = customer.c_current_addr_sk)
                     Filter: (ca_state = 'NC'::bpchar)
                     Rows Removed by Filter: 1
                     Buffers: shared hit=35379 read=7037
         ->  Hash  (cost=22.02..22.02 rows=402 width=15) (actual time=0.847..0.847 rows=402 loops=1)
               Buckets: 1024  Batches: 1  Memory Usage: 27kB
               Buffers: shared hit=17 read=1
               ->  Seq Scan on store  (cost=0.00..22.02 rows=402 width=15) (actual time=0.030..0.711 rows=402 loops=1)
                     Buffers: shared hit=17 read=1
 Planning:
   Buffers: shared hit=460
 Planning Time: 4.588 ms
 Execution Time: 80856.408 ms
(54 rows)

