                                                                            QUERY PLAN                                                                            
------------------------------------------------------------------------------------------------------------------------------------------------------------------
 Aggregate  (cost=9767145.36..9767145.37 rows=1 width=40) (actual time=80988.016..80988.023 rows=1 loops=1)
   Buffers: shared hit=296413 read=5130071
   ->  Hash Join  (cost=19715.57..9767145.28 rows=11 width=14) (actual time=18190.772..80987.864 rows=121 loops=1)
         Hash Cond: (store_sales.ss_store_sk = store.s_store_sk)
         Join Filter: ("substring"((customer_address.ca_zip)::text, 1, 5) <> "substring"((store.s_zip)::text, 1, 5))
         Rows Removed by Join Filter: 3
         Buffers: shared hit=296413 read=5130071
         ->  Nested Loop  (cost=19688.53..9767118.20 rows=11 width=29) (actual time=18189.597..80986.377 rows=124 loops=1)
               Buffers: shared hit=296396 read=5130070
               ->  Nested Loop  (cost=19688.10..9764800.31 rows=303 width=22) (actual time=18111.367..80916.120 rows=5295 loops=1)
                     Buffers: shared hit=278486 read=5126800
                     ->  Hash Join  (cost=19687.67..9741359.71 rows=3064 width=22) (actual time=18110.859..80279.280 rows=56658 loops=1)
                           Hash Cond: (store_sales.ss_item_sk = item.i_item_sk)
                           Buffers: shared hit=58147 read=5123235
                           ->  Hash Join  (cost=2570.11..9724145.22 rows=36926 width=18) (actual time=18002.416..79996.557 rows=1342061 loops=1)
                                 Hash Cond: (store_sales.ss_sold_date_sk = date_dim.d_date_sk)
                                 Buffers: shared hit=43791 read=5123235
                                 ->  Seq Scan on store_sales  (cost=0.00..9485539.52 rows=89913339 width=22) (actual time=0.061..74473.009 rows=89530603 loops=1)
                                       Filter: ((ss_wholesale_cost >= '55'::numeric) AND (ss_wholesale_cost <= '75'::numeric))
                                       Rows Removed by Filter: 198466421
                                       Buffers: shared hit=42317 read=5123235
                                 ->  Hash  (cost=2569.73..2569.73 rows=30 width=4) (actual time=24.573..24.574 rows=31 loops=1)
                                       Buckets: 1024  Batches: 1  Memory Usage: 10kB
                                       Buffers: shared hit=1474
                                       ->  Seq Scan on date_dim  (cost=0.00..2569.73 rows=30 width=4) (actual time=14.460..24.563 rows=31 loops=1)
                                             Filter: ((d_year = 1999) AND (d_moy = 5))
                                             Rows Removed by Filter: 73018
                                             Buffers: shared hit=1474
                           ->  Hash  (cost=16906.00..16906.00 rows=16925 width=12) (actual time=108.258..108.259 rows=17141 loops=1)
                                 Buckets: 32768  Batches: 1  Memory Usage: 993kB
                                 Buffers: shared hit=14356
                                 ->  Seq Scan on item  (cost=0.00..16906.00 rows=16925 width=12) (actual time=0.018..105.372 rows=17141 loops=1)
                                       Filter: (i_category = 'Home'::bpchar)
                                       Rows Removed by Filter: 186859
                                       Buffers: shared hit=14356
                     ->  Index Scan using customer_pkey on customer  (cost=0.43..7.65 rows=1 width=8) (actual time=0.011..0.011 rows=0 loops=56658)
                           Index Cond: (c_customer_sk = store_sales.ss_customer_sk)
                           Filter: (c_birth_month = 1)
                           Rows Removed by Filter: 1
                           Buffers: shared hit=220339 read=3565
               ->  Index Scan using customer_address_pkey on customer_address  (cost=0.42..7.65 rows=1 width=15) (actual time=0.013..0.013 rows=0 loops=5295)
                     Index Cond: (ca_address_sk = customer.c_current_addr_sk)
                     Filter: (ca_state = 'MO'::bpchar)
                     Rows Removed by Filter: 1
                     Buffers: shared hit=17910 read=3270
         ->  Hash  (cost=22.02..22.02 rows=402 width=15) (actual time=1.143..1.144 rows=402 loops=1)
               Buckets: 1024  Batches: 1  Memory Usage: 27kB
               Buffers: shared hit=17 read=1
               ->  Seq Scan on store  (cost=0.00..22.02 rows=402 width=15) (actual time=0.035..0.954 rows=402 loops=1)
                     Buffers: shared hit=17 read=1
 Planning:
   Buffers: shared hit=460
 Planning Time: 5.415 ms
 Execution Time: 80988.563 ms
(54 rows)

