                                                                            QUERY PLAN                                                                            
------------------------------------------------------------------------------------------------------------------------------------------------------------------
 Aggregate  (cost=9743613.44..9743613.45 rows=1 width=40) (actual time=80734.732..80734.738 rows=1 loops=1)
   Buffers: shared hit=190903 read=5124569
   ->  Hash Join  (cost=19616.21..9743613.33 rows=15 width=14) (actual time=4657.886..80734.614 rows=56 loops=1)
         Hash Cond: (store_sales.ss_store_sk = store.s_store_sk)
         Join Filter: ("substring"((customer_address.ca_zip)::text, 1, 5) <> "substring"((store.s_zip)::text, 1, 5))
         Rows Removed by Join Filter: 2
         Buffers: shared hit=190903 read=5124569
         ->  Nested Loop  (cost=19589.16..9743586.24 rows=15 width=29) (actual time=4657.169..80733.706 rows=59 loops=1)
               Buffers: shared hit=190885 read=5124569
               ->  Nested Loop  (cost=19588.74..9742201.70 rows=181 width=22) (actual time=4652.802..80684.564 rows=3548 loops=1)
                     Buffers: shared hit=179179 read=5122083
                     ->  Hash Join  (cost=19588.31..9730343.70 rows=1550 width=22) (actual time=4652.465..80325.085 rows=30325 loops=1)
                           Hash Cond: (store_sales.ss_item_sk = item.i_item_sk)
                           Buffers: shared hit=62541 read=5118841
                           ->  Hash Join  (cost=2570.11..9713233.05 rows=35219 width=18) (actual time=4493.180..80055.496 rows=1411297 loops=1)
                                 Hash Cond: (store_sales.ss_sold_date_sk = date_dim.d_date_sk)
                                 Buffers: shared hit=48185 read=5118841
                                 ->  Seq Scan on store_sales  (cost=0.00..9485539.52 rows=85756551 width=22) (actual time=0.035..74715.998 rows=85367142 loops=1)
                                       Filter: ((ss_wholesale_cost >= '62'::numeric) AND (ss_wholesale_cost <= '82'::numeric))
                                       Rows Removed by Filter: 202629882
                                       Buffers: shared hit=46711 read=5118841
                                 ->  Hash  (cost=2569.73..2569.73 rows=30 width=4) (actual time=19.779..19.780 rows=31 loops=1)
                                       Buckets: 1024  Batches: 1  Memory Usage: 10kB
                                       Buffers: shared hit=1474
                                       ->  Seq Scan on date_dim  (cost=0.00..2569.73 rows=30 width=4) (actual time=10.909..19.767 rows=31 loops=1)
                                             Filter: ((d_year = 1998) AND (d_moy = 5))
                                             Rows Removed by Filter: 73018
                                             Buffers: shared hit=1474
                           ->  Hash  (cost=16906.00..16906.00 rows=8976 width=12) (actual time=111.254..111.255 rows=8826 loops=1)
                                 Buckets: 16384  Batches: 1  Memory Usage: 508kB
                                 Buffers: shared hit=14356
                                 ->  Seq Scan on item  (cost=0.00..16906.00 rows=8976 width=12) (actual time=0.015..109.673 rows=8826 loops=1)
                                       Filter: (i_category = 'Jewelry'::bpchar)
                                       Rows Removed by Filter: 195174
                                       Buffers: shared hit=14356
                     ->  Index Scan using customer_pkey on customer  (cost=0.43..7.65 rows=1 width=8) (actual time=0.012..0.012 rows=0 loops=30325)
                           Index Cond: (c_customer_sk = store_sales.ss_customer_sk)
                           Filter: (c_birth_month = 8)
                           Rows Removed by Filter: 1
                           Buffers: shared hit=116638 read=3242
               ->  Index Scan using customer_address_pkey on customer_address  (cost=0.42..7.65 rows=1 width=15) (actual time=0.014..0.014 rows=0 loops=3548)
                     Index Cond: (ca_address_sk = customer.c_current_addr_sk)
                     Filter: (ca_state = 'TX'::bpchar)
                     Rows Removed by Filter: 1
                     Buffers: shared hit=11706 read=2486
         ->  Hash  (cost=22.02..22.02 rows=402 width=15) (actual time=0.686..0.687 rows=402 loops=1)
               Buckets: 1024  Batches: 1  Memory Usage: 27kB
               Buffers: shared hit=18
               ->  Seq Scan on store  (cost=0.00..22.02 rows=402 width=15) (actual time=0.026..0.545 rows=402 loops=1)
                     Buffers: shared hit=18
 Planning:
   Buffers: shared hit=460
 Planning Time: 4.577 ms
 Execution Time: 80735.183 ms
(54 rows)

