                                                                             QUERY PLAN                                                                              
---------------------------------------------------------------------------------------------------------------------------------------------------------------------
 Aggregate  (cost=9765027.99..9765028.00 rows=1 width=40) (actual time=95673.527..95673.533 rows=1 loops=1)
   Buffers: shared hit=2757403 read=5167469
   ->  Nested Loop  (cost=2571.53..9765027.97 rows=3 width=14) (actual time=26025.514..95673.343 rows=72 loops=1)
         Join Filter: ("substring"((customer_address.ca_zip)::text, 1, 5) <> "substring"((store.s_zip)::text, 1, 5))
         Rows Removed by Join Filter: 1
         Buffers: shared hit=2757403 read=5167469
         ->  Nested Loop  (cost=2571.38..9765010.74 rows=3 width=29) (actual time=26025.478..95671.670 rows=74 loops=1)
               Buffers: shared hit=2757258 read=5167468
               ->  Nested Loop  (cost=2570.96..9764644.23 rows=48 width=25) (actual time=25471.263..95636.305 rows=1193 loops=1)
                     Buffers: shared hit=2752847 read=5167107
                     ->  Nested Loop  (cost=2570.54..9750645.05 rows=1830 width=18) (actual time=25468.816..94074.859 rows=61105 loops=1)
                           Buffers: shared hit=2522091 read=5153443
                           ->  Hash Join  (cost=2570.11..9607614.30 rows=18696 width=18) (actual time=25468.736..78577.149 rows=634825 loops=1)
                                 Hash Cond: (store_sales.ss_sold_date_sk = date_dim.d_date_sk)
                                 Buffers: shared hit=30405 read=5136621
                                 ->  Seq Scan on store_sales  (cost=0.00..9485539.52 rows=45523068 width=22) (actual time=0.046..75466.099 rows=45442997 loops=1)
                                       Filter: ((ss_wholesale_cost >= '37'::numeric) AND (ss_wholesale_cost <= '57'::numeric))
                                       Rows Removed by Filter: 242554027
                                       Buffers: shared hit=28931 read=5136621
                                 ->  Hash  (cost=2569.73..2569.73 rows=30 width=4) (actual time=21.508..21.509 rows=31 loops=1)
                                       Buckets: 1024  Batches: 1  Memory Usage: 10kB
                                       Buffers: shared hit=1474
                                       ->  Seq Scan on date_dim  (cost=0.00..2569.73 rows=30 width=4) (actual time=9.472..21.479 rows=31 loops=1)
                                             Filter: ((d_year = 2000) AND (d_moy = 1))
                                             Rows Removed by Filter: 73018
                                             Buffers: shared hit=1474
                           ->  Index Scan using customer_pkey on customer  (cost=0.43..7.65 rows=1 width=8) (actual time=0.024..0.024 rows=0 loops=634825)
                                 Index Cond: (c_customer_sk = store_sales.ss_customer_sk)
                                 Filter: (c_birth_month = 2)
                                 Rows Removed by Filter: 1
                                 Buffers: shared hit=2491686 read=16822
                     ->  Index Scan using customer_address_pkey on customer_address  (cost=0.42..7.65 rows=1 width=15) (actual time=0.025..0.025 rows=0 loops=61105)
                           Index Cond: (ca_address_sk = customer.c_current_addr_sk)
                           Filter: (ca_state = 'MN'::bpchar)
                           Rows Removed by Filter: 1
                           Buffers: shared hit=230756 read=13664
               ->  Index Scan using item_pkey on item  (cost=0.42..7.64 rows=1 width=12) (actual time=0.029..0.029 rows=0 loops=1193)
                     Index Cond: (i_item_sk = store_sales.ss_item_sk)
                     Filter: (i_category = 'Women'::bpchar)
                     Rows Removed by Filter: 1
                     Buffers: shared hit=4411 read=361
         ->  Index Scan using store_pkey on store  (cost=0.15..5.72 rows=1 width=15) (actual time=0.016..0.016 rows=1 loops=74)
               Index Cond: (s_store_sk = store_sales.ss_store_sk)
               Buffers: shared hit=145 read=1
 Planning:
   Buffers: shared hit=460
 Planning Time: 4.696 ms
 Execution Time: 95673.884 ms
(48 rows)

