                                                                            QUERY PLAN                                                                            
------------------------------------------------------------------------------------------------------------------------------------------------------------------
 Aggregate  (cost=9800418.54..9800418.55 rows=1 width=40) (actual time=83931.717..83931.723 rows=1 loops=1)
   Buffers: shared hit=87786 read=5128516
   ->  Nested Loop  (cost=16953.88..9800418.54 rows=1 width=14) (actual time=58707.294..83931.704 rows=5 loops=1)
         Join Filter: ("substring"((customer_address.ca_zip)::text, 1, 5) <> "substring"((store.s_zip)::text, 1, 5))
         Buffers: shared hit=87786 read=5128516
         ->  Nested Loop  (cost=16953.73..9800412.79 rows=1 width=29) (actual time=58707.275..83931.635 rows=5 loops=1)
               Buffers: shared hit=87776 read=5128516
               ->  Nested Loop  (cost=16953.31..9800114.38 rows=39 width=22) (actual time=58614.412..83926.301 rows=417 loops=1)
                     Buffers: shared hit=86256 read=5128368
                     ->  Nested Loop  (cost=16952.88..9794958.06 rows=674 width=22) (actual time=58614.299..83848.446 rows=7206 loops=1)
                           Buffers: shared hit=57795 read=5128317
                           ->  Hash Join  (cost=16952.58..9738519.52 rows=1642241 width=26) (actual time=121.103..83547.789 rows=800080 loops=1)
                                 Hash Cond: (store_sales.ss_item_sk = item.i_item_sk)
                                 Buffers: shared hit=51776 read=5128132
                                 ->  Seq Scan on store_sales  (cost=0.00..9485539.52 rows=89913339 width=22) (actual time=0.144..75708.490 rows=89530603 loops=1)
                                       Filter: ((ss_wholesale_cost >= '55'::numeric) AND (ss_wholesale_cost <= '75'::numeric))
                                       Rows Removed by Filter: 198466421
                                       Buffers: shared hit=37734 read=5127818
                                 ->  Hash  (cost=16906.00..16906.00 rows=3726 width=12) (actual time=120.891..120.892 rows=3713 loops=1)
                                       Buckets: 4096  Batches: 1  Memory Usage: 192kB
                                       Buffers: shared hit=14042 read=314
                                       ->  Seq Scan on item  (cost=0.00..16906.00 rows=3726 width=12) (actual time=0.058..120.143 rows=3713 loops=1)
                                             Filter: (i_category = 'Music'::bpchar)
                                             Rows Removed by Filter: 200287
                                             Buffers: shared hit=14042 read=314
                           ->  Memoize  (cost=0.30..7.51 rows=1 width=4) (actual time=0.000..0.000 rows=0 loops=800080)
                                 Cache Key: store_sales.ss_sold_date_sk
                                 Cache Mode: logical
                                 Hits: 798011  Misses: 2069  Evictions: 0  Overflows: 0  Memory Usage: 139kB
                                 Buffers: shared hit=6019 read=185
                                 ->  Index Scan using date_dim_pkey on date_dim  (cost=0.29..7.50 rows=1 width=4) (actual time=0.019..0.019 rows=0 loops=2069)
                                       Index Cond: (d_date_sk = store_sales.ss_sold_date_sk)
                                       Filter: ((d_year = 2001) AND (d_moy = 9))
                                       Rows Removed by Filter: 1
                                       Buffers: shared hit=6019 read=185
                     ->  Index Scan using customer_pkey on customer  (cost=0.43..7.65 rows=1 width=8) (actual time=0.011..0.011 rows=0 loops=7206)
                           Index Cond: (c_customer_sk = store_sales.ss_customer_sk)
                           Filter: (c_birth_month = 3)
                           Rows Removed by Filter: 1
                           Buffers: shared hit=28461 read=51
               ->  Index Scan using customer_address_pkey on customer_address  (cost=0.42..7.65 rows=1 width=15) (actual time=0.012..0.012 rows=0 loops=417)
                     Index Cond: (ca_address_sk = customer.c_current_addr_sk)
                     Filter: (ca_state = 'AR'::bpchar)
                     Rows Removed by Filter: 1
                     Buffers: shared hit=1520 read=148
         ->  Index Scan using store_pkey on store  (cost=0.15..5.72 rows=1 width=15) (actual time=0.008..0.008 rows=1 loops=5)
               Index Cond: (s_store_sk = store_sales.ss_store_sk)
               Buffers: shared hit=10
 Planning:
   Buffers: shared hit=460
 Planning Time: 2.589 ms
 Execution Time: 83932.065 ms
(52 rows)

