                                                                            QUERY PLAN                                                                            
------------------------------------------------------------------------------------------------------------------------------------------------------------------
 Aggregate  (cost=9753955.67..9753955.68 rows=1 width=40) (actual time=81013.312..81013.318 rows=1 loops=1)
   Buffers: shared hit=492888 read=5133700
   ->  Hash Join  (cost=19670.27..9753955.60 rows=9 width=14) (actual time=30287.905..81013.103 rows=184 loops=1)
         Hash Cond: (store_sales.ss_store_sk = store.s_store_sk)
         Join Filter: ("substring"((customer_address.ca_zip)::text, 1, 5) <> "substring"((store.s_zip)::text, 1, 5))
         Rows Removed by Join Filter: 4
         Buffers: shared hit=492888 read=5133700
         ->  Nested Loop  (cost=19643.23..9753928.53 rows=9 width=29) (actual time=30286.968..81011.706 rows=188 loops=1)
               Buffers: shared hit=492871 read=5133699
               ->  Nested Loop  (cost=19642.80..9752176.72 rows=229 width=22) (actual time=30278.404..80819.657 rows=9981 loops=1)
                     Buffers: shared hit=456881 read=5129765
                     ->  Hash Join  (cost=19642.37..9734305.56 rows=2336 width=22) (actual time=30278.114..78706.515 rows=102547 loops=1)
                           Hash Cond: (store_sales.ss_item_sk = item.i_item_sk)
                           Buffers: shared hit=52315 read=5129067
                           ->  Hash Join  (cost=2570.11..9717139.25 rows=35830 width=18) (actual time=30151.699..78428.843 rows=916513 loops=1)
                                 Hash Cond: (store_sales.ss_sold_date_sk = date_dim.d_date_sk)
                                 Buffers: shared hit=38273 read=5128753
                                 ->  Seq Scan on store_sales  (cost=0.00..9485539.52 rows=87244546 width=22) (actual time=0.068..73076.894 rows=86810744 loops=1)
                                       Filter: ((ss_wholesale_cost >= '65'::numeric) AND (ss_wholesale_cost <= '85'::numeric))
                                       Rows Removed by Filter: 201186280
                                       Buffers: shared hit=36926 read=5128626
                                 ->  Hash  (cost=2569.73..2569.73 rows=30 width=4) (actual time=24.342..24.343 rows=30 loops=1)
                                       Buckets: 1024  Batches: 1  Memory Usage: 10kB
                                       Buffers: shared hit=1347 read=127
                                       ->  Seq Scan on date_dim  (cost=0.00..2569.73 rows=30 width=4) (actual time=10.404..24.333 rows=30 loops=1)
                                             Filter: ((d_year = 2000) AND (d_moy = 6))
                                             Rows Removed by Filter: 73019
                                             Buffers: shared hit=1347 read=127
                           ->  Hash  (cost=16906.00..16906.00 rows=13301 width=12) (actual time=126.312..126.313 rows=13933 loops=1)
                                 Buckets: 16384  Batches: 1  Memory Usage: 727kB
                                 Buffers: shared hit=14042 read=314
                                 ->  Seq Scan on item  (cost=0.00..16906.00 rows=13301 width=12) (actual time=0.016..123.587 rows=13933 loops=1)
                                       Filter: (i_category = 'Men'::bpchar)
                                       Rows Removed by Filter: 190067
                                       Buffers: shared hit=14042 read=314
                     ->  Index Scan using customer_pkey on customer  (cost=0.43..7.65 rows=1 width=8) (actual time=0.020..0.020 rows=0 loops=102547)
                           Index Cond: (c_customer_sk = store_sales.ss_customer_sk)
                           Filter: (c_birth_month = 2)
                           Rows Removed by Filter: 1
                           Buffers: shared hit=404566 read=698
               ->  Index Scan using customer_address_pkey on customer_address  (cost=0.42..7.65 rows=1 width=15) (actual time=0.019..0.019 rows=0 loops=9981)
                     Index Cond: (ca_address_sk = customer.c_current_addr_sk)
                     Filter: (ca_state = 'KY'::bpchar)
                     Rows Removed by Filter: 1
                     Buffers: shared hit=35990 read=3934
         ->  Hash  (cost=22.02..22.02 rows=402 width=15) (actual time=0.909..0.910 rows=402 loops=1)
               Buckets: 1024  Batches: 1  Memory Usage: 27kB
               Buffers: shared hit=17 read=1
               ->  Seq Scan on store  (cost=0.00..22.02 rows=402 width=15) (actual time=0.027..0.733 rows=402 loops=1)
                     Buffers: shared hit=17 read=1
 Planning:
   Buffers: shared hit=460
 Planning Time: 3.988 ms
 Execution Time: 81013.764 ms
(54 rows)

