                                                                            QUERY PLAN                                                                            
------------------------------------------------------------------------------------------------------------------------------------------------------------------
 Aggregate  (cost=9662076.83..9662076.84 rows=1 width=40) (actual time=73659.929..73659.934 rows=1 loops=1)
   Buffers: shared hit=83203 read=5127809
   ->  Nested Loop  (cost=16953.88..9662076.81 rows=3 width=14) (actual time=24434.806..73659.915 rows=5 loops=1)
         Join Filter: ("substring"((customer_address.ca_zip)::text, 1, 5) <> "substring"((store.s_zip)::text, 1, 5))
         Rows Removed by Join Filter: 1
         Buffers: shared hit=83203 read=5127809
         ->  Nested Loop  (cost=16953.73..9662059.58 rows=3 width=29) (actual time=24434.787..73659.839 rows=6 loops=1)
               Buffers: shared hit=83191 read=5127809
               ->  Nested Loop  (cost=16953.31..9661799.48 rows=34 width=22) (actual time=24270.771..73652.598 rows=537 loops=1)
                     Buffers: shared hit=81218 read=5127634
                     ->  Nested Loop  (cost=16952.88..9659167.77 rows=344 width=22) (actual time=24270.190..73580.919 rows=5748 loops=1)
                           Buffers: shared hit=58491 read=5127621
                           ->  Hash Join  (cost=16952.58..9622849.45 rows=837427 width=26) (actual time=150.094..73399.589 rows=412858 loops=1)
                                 Hash Cond: (store_sales.ss_item_sk = item.i_item_sk)
                                 Buffers: shared hit=52473 read=5127435
                                 ->  Seq Scan on store_sales  (cost=0.00..9485539.52 rows=45849467 width=22) (actual time=0.553..68867.307 rows=46160898 loops=1)
                                       Filter: ((ss_wholesale_cost >= '80'::numeric) AND (ss_wholesale_cost <= '100'::numeric))
                                       Rows Removed by Filter: 241836126
                                       Buffers: shared hit=38427 read=5127125
                                 ->  Hash  (cost=16906.00..16906.00 rows=3726 width=12) (actual time=149.137..149.138 rows=3713 loops=1)
                                       Buckets: 4096  Batches: 1  Memory Usage: 192kB
                                       Buffers: shared hit=14046 read=310
                                       ->  Seq Scan on item  (cost=0.00..16906.00 rows=3726 width=12) (actual time=0.097..148.213 rows=3713 loops=1)
                                             Filter: (i_category = 'Music'::bpchar)
                                             Rows Removed by Filter: 200287
                                             Buffers: shared hit=14046 read=310
                           ->  Memoize  (cost=0.30..7.51 rows=1 width=4) (actual time=0.000..0.000 rows=0 loops=412858)
                                 Cache Key: store_sales.ss_sold_date_sk
                                 Cache Mode: logical
                                 Hits: 410789  Misses: 2069  Evictions: 0  Overflows: 0  Memory Usage: 139kB
                                 Buffers: shared hit=6018 read=186
                                 ->  Index Scan using date_dim_pkey on date_dim  (cost=0.29..7.50 rows=1 width=4) (actual time=0.016..0.016 rows=0 loops=2069)
                                       Index Cond: (d_date_sk = store_sales.ss_sold_date_sk)
                                       Filter: ((d_year = 2000) AND (d_moy = 1))
                                       Rows Removed by Filter: 1
                                       Buffers: shared hit=6018 read=186
                     ->  Index Scan using customer_pkey on customer  (cost=0.43..7.65 rows=1 width=8) (actual time=0.012..0.012 rows=0 loops=5748)
                           Index Cond: (c_customer_sk = store_sales.ss_customer_sk)
                           Filter: (c_birth_month = 1)
                           Rows Removed by Filter: 1
                           Buffers: shared hit=22727 read=13
               ->  Index Scan using customer_address_pkey on customer_address  (cost=0.42..7.65 rows=1 width=15) (actual time=0.013..0.013 rows=0 loops=537)
                     Index Cond: (ca_address_sk = customer.c_current_addr_sk)
                     Filter: (ca_state = 'TX'::bpchar)
                     Rows Removed by Filter: 1
                     Buffers: shared hit=1973 read=175
         ->  Index Scan using store_pkey on store  (cost=0.15..5.72 rows=1 width=15) (actual time=0.008..0.008 rows=1 loops=6)
               Index Cond: (s_store_sk = store_sales.ss_store_sk)
               Buffers: shared hit=12
 Planning:
   Buffers: shared hit=460
 Planning Time: 4.786 ms
 Execution Time: 73660.377 ms
(53 rows)

