                                                                            QUERY PLAN                                                                            
------------------------------------------------------------------------------------------------------------------------------------------------------------------
 Aggregate  (cost=9665187.54..9665187.55 rows=1 width=40) (actual time=81948.879..81948.885 rows=1 loops=1)
   Buffers: shared hit=711750 read=5140514
   ->  Hash Join  (cost=20034.17..9665187.37 rows=23 width=14) (actual time=52884.403..81948.534 rows=305 loops=1)
         Hash Cond: (store_sales.ss_store_sk = store.s_store_sk)
         Join Filter: ("substring"((customer_address.ca_zip)::text, 1, 5) <> "substring"((store.s_zip)::text, 1, 5))
         Rows Removed by Join Filter: 6
         Buffers: shared hit=711750 read=5140514
         ->  Nested Loop  (cost=20007.12..9665160.26 rows=23 width=29) (actual time=52882.422..81945.769 rows=311 loops=1)
               Buffers: shared hit=711736 read=5140510
               ->  Nested Loop  (cost=20006.70..9661435.01 rows=487 width=22) (actual time=52882.066..81577.553 rows=17619 loops=1)
                     Buffers: shared hit=649021 read=5132749
                     ->  Hash Join  (cost=20006.27..9629563.70 rows=4166 width=22) (actual time=52881.924..78639.340 rows=151872 loops=1)
                           Hash Cond: (store_sales.ss_item_sk = item.i_item_sk)
                           Buffers: shared hit=50900 read=5130482
                           ->  Hash Join  (cost=2570.12..9612074.95 rows=20040 width=18) (actual time=52741.678..78335.729 rows=780094 loops=1)
                                 Hash Cond: (store_sales.ss_sold_date_sk = date_dim.d_date_sk)
                                 Buffers: shared hit=36671 read=5130355
                                 ->  Seq Scan on store_sales  (cost=0.00..9485539.52 rows=47222264 width=22) (actual time=0.032..75241.604 rows=46662186 loops=1)
                                       Filter: ((ss_wholesale_cost >= '48'::numeric) AND (ss_wholesale_cost <= '68'::numeric))
                                       Rows Removed by Filter: 241334838
                                       Buffers: shared hit=35197 read=5130355
                                 ->  Hash  (cost=2569.73..2569.73 rows=31 width=4) (actual time=19.634..19.635 rows=31 loops=1)
                                       Buckets: 1024  Batches: 1  Memory Usage: 10kB
                                       Buffers: shared hit=1474
                                       ->  Seq Scan on date_dim  (cost=0.00..2569.73 rows=31 width=4) (actual time=11.163..19.620 rows=31 loops=1)
                                             Filter: ((d_year = 2001) AND (d_moy = 8))
                                             Rows Removed by Filter: 73018
                                             Buffers: shared hit=1474
                           ->  Hash  (cost=16906.00..16906.00 rows=42412 width=12) (actual time=140.012..140.013 rows=42041 loops=1)
                                 Buckets: 65536  Batches: 1  Memory Usage: 2319kB
                                 Buffers: shared hit=14229 read=127
                                 ->  Seq Scan on item  (cost=0.00..16906.00 rows=42412 width=12) (actual time=0.014..131.300 rows=42041 loops=1)
                                       Filter: (i_category = 'Electronics'::bpchar)
                                       Rows Removed by Filter: 161959
                                       Buffers: shared hit=14229 read=127
                     ->  Index Scan using customer_pkey on customer  (cost=0.43..7.65 rows=1 width=8) (actual time=0.019..0.019 rows=0 loops=151872)
                           Index Cond: (c_customer_sk = store_sales.ss_customer_sk)
                           Filter: (c_birth_month = 8)
                           Rows Removed by Filter: 1
                           Buffers: shared hit=598121 read=2267
               ->  Index Scan using customer_address_pkey on customer_address  (cost=0.42..7.65 rows=1 width=15) (actual time=0.021..0.021 rows=0 loops=17619)
                     Index Cond: (ca_address_sk = customer.c_current_addr_sk)
                     Filter: (ca_state = 'GA'::bpchar)
                     Rows Removed by Filter: 1
                     Buffers: shared hit=62715 read=7761
         ->  Hash  (cost=22.02..22.02 rows=402 width=15) (actual time=1.954..1.955 rows=402 loops=1)
               Buckets: 1024  Batches: 1  Memory Usage: 27kB
               Buffers: shared hit=14 read=4
               ->  Seq Scan on store  (cost=0.00..22.02 rows=402 width=15) (actual time=0.025..1.828 rows=402 loops=1)
                     Buffers: shared hit=14 read=4
 Planning:
   Buffers: shared hit=460
 Planning Time: 7.481 ms
 Execution Time: 81949.462 ms
(54 rows)

