                                                                             QUERY PLAN                                                                             
--------------------------------------------------------------------------------------------------------------------------------------------------------------------
 Aggregate  (cost=9609978.31..9609978.32 rows=1 width=40) (actual time=80618.381..80618.385 rows=1 loops=1)
   Buffers: shared hit=828106 read=5132338
   ->  Nested Loop  (cost=2571.50..9609978.31 rows=1 width=14) (actual time=42459.224..80618.370 rows=3 loops=1)
         Join Filter: ("substring"((customer_address.ca_zip)::text, 1, 5) <> "substring"((store.s_zip)::text, 1, 5))
         Buffers: shared hit=828106 read=5132338
         ->  Nested Loop  (cost=2571.36..9609972.56 rows=1 width=29) (actual time=42459.191..80618.307 rows=3 loops=1)
               Buffers: shared hit=828100 read=5132338
               ->  Nested Loop  (cost=2570.94..9609934.39 rows=5 width=25) (actual time=42307.257..80617.390 rows=49 loops=1)
                     Buffers: shared hit=827910 read=5132332
                     ->  Nested Loop  (cost=2570.51..9609060.39 rows=114 width=18) (actual time=42152.155..80549.588 rows=2672 loops=1)
                           Buffers: shared hit=817554 read=5132000
                           ->  Hash Join  (cost=2570.08..9545241.00 rows=8342 width=18) (actual time=42151.301..76053.207 rows=198021 loops=1)
                                 Hash Cond: (store_sales.ss_sold_date_sk = date_dim.d_date_sk)
                                 Buffers: shared hit=35247 read=5131779
                                 ->  Seq Scan on store_sales  (cost=0.00..9485539.52 rows=21763138 width=22) (actual time=0.053..74456.399 rows=21807357 loops=1)
                                       Filter: ((ss_wholesale_cost >= '17'::numeric) AND (ss_wholesale_cost <= '37'::numeric))
                                       Rows Removed by Filter: 266189667
                                       Buffers: shared hit=33773 read=5131779
                                 ->  Hash  (cost=2569.73..2569.73 rows=28 width=4) (actual time=19.846..19.847 rows=28 loops=1)
                                       Buckets: 1024  Batches: 1  Memory Usage: 9kB
                                       Buffers: shared hit=1474
                                       ->  Seq Scan on date_dim  (cost=0.00..2569.73 rows=28 width=4) (actual time=11.261..19.834 rows=28 loops=1)
                                             Filter: ((d_year = 2001) AND (d_moy = 2))
                                             Rows Removed by Filter: 73021
                                             Buffers: shared hit=1474
                           ->  Index Scan using customer_pkey on customer  (cost=0.43..7.65 rows=1 width=8) (actual time=0.022..0.022 rows=0 loops=198021)
                                 Index Cond: (c_customer_sk = store_sales.ss_customer_sk)
                                 Filter: (c_birth_month = 5)
                                 Rows Removed by Filter: 1
                                 Buffers: shared hit=782307 read=221
                     ->  Index Scan using customer_address_pkey on customer_address  (cost=0.42..7.67 rows=1 width=15) (actual time=0.025..0.025 rows=0 loops=2672)
                           Index Cond: (ca_address_sk = customer.c_current_addr_sk)
                           Filter: (ca_state = 'GA'::bpchar)
                           Rows Removed by Filter: 1
                           Buffers: shared hit=10356 read=332
               ->  Index Scan using item_pkey on item  (cost=0.42..7.64 rows=1 width=12) (actual time=0.017..0.017 rows=0 loops=49)
                     Index Cond: (i_item_sk = store_sales.ss_item_sk)
                     Filter: (i_category = 'Books'::bpchar)
                     Rows Removed by Filter: 1
                     Buffers: shared hit=190 read=6
         ->  Index Scan using store_pkey on store  (cost=0.15..5.72 rows=1 width=15) (actual time=0.014..0.014 rows=1 loops=3)
               Index Cond: (s_store_sk = store_sales.ss_store_sk)
               Buffers: shared hit=6
 Planning:
   Buffers: shared hit=460
 Planning Time: 4.581 ms
 Execution Time: 80618.790 ms
(47 rows)

