                                                                            QUERY PLAN                                                                            
------------------------------------------------------------------------------------------------------------------------------------------------------------------
 Aggregate  (cost=9676589.14..9676589.15 rows=1 width=40) (actual time=79408.093..79408.099 rows=1 loops=1)
   Buffers: shared hit=190126 read=5132710
   ->  Nested Loop  (cost=19750.21..9676589.12 rows=3 width=14) (actual time=60001.220..79408.007 rows=65 loops=1)
         Join Filter: ("substring"((customer_address.ca_zip)::text, 1, 5) <> "substring"((store.s_zip)::text, 1, 5))
         Rows Removed by Join Filter: 2
         Buffers: shared hit=190126 read=5132710
         ->  Nested Loop  (cost=19750.06..9676571.89 rows=3 width=29) (actual time=60001.201..79407.398 rows=67 loops=1)
               Buffers: shared hit=189998 read=5132704
               ->  Nested Loop  (cost=19749.64..9674690.03 rows=246 width=22) (actual time=59971.261..79350.497 rows=3165 loops=1)
                     Buffers: shared hit=177951 read=5132091
                     ->  Hash Join  (cost=19749.21..9655449.44 rows=2515 width=22) (actual time=59970.819..78916.376 rows=32551 loops=1)
                           Hash Cond: (store_sales.ss_item_sk = item.i_item_sk)
                           Buffers: shared hit=49338 read=5132044
                           ->  Hash Join  (cost=2570.11..9638208.70 rows=23482 width=18) (actual time=59862.150..78742.813 rows=454400 loops=1)
                                 Hash Cond: (store_sales.ss_sold_date_sk = date_dim.d_date_sk)
                                 Buffers: shared hit=35338 read=5131688
                                 ->  Seq Scan on store_sales  (cost=0.00..9485539.52 rows=57177434 width=22) (actual time=0.058..75119.431 rows=56890659 loops=1)
                                       Filter: ((ss_wholesale_cost >= '39'::numeric) AND (ss_wholesale_cost <= '59'::numeric))
                                       Rows Removed by Filter: 231106365
                                       Buffers: shared hit=33864 read=5131688
                                 ->  Hash  (cost=2569.73..2569.73 rows=30 width=4) (actual time=19.202..19.203 rows=30 loops=1)
                                       Buckets: 1024  Batches: 1  Memory Usage: 10kB
                                       Buffers: shared hit=1474
                                       ->  Seq Scan on date_dim  (cost=0.00..2569.73 rows=30 width=4) (actual time=13.603..19.190 rows=30 loops=1)
                                             Filter: ((d_year = 2002) AND (d_moy = 4))
                                             Rows Removed by Filter: 73019
                                             Buffers: shared hit=1474
                           ->  Hash  (cost=16906.00..16906.00 rows=21848 width=12) (actual time=108.404..108.405 rows=21811 loops=1)
                                 Buckets: 32768  Batches: 1  Memory Usage: 1193kB
                                 Buffers: shared hit=14000 read=356
                                 ->  Seq Scan on item  (cost=0.00..16906.00 rows=21848 width=12) (actual time=0.062..103.914 rows=21811 loops=1)
                                       Filter: (i_category = 'Sports'::bpchar)
                                       Rows Removed by Filter: 182189
                                       Buffers: shared hit=14000 read=356
                     ->  Index Scan using customer_pkey on customer  (cost=0.43..7.65 rows=1 width=8) (actual time=0.013..0.013 rows=0 loops=32551)
                           Index Cond: (c_customer_sk = store_sales.ss_customer_sk)
                           Filter: (c_birth_month = 2)
                           Rows Removed by Filter: 1
                           Buffers: shared hit=128613 read=47
               ->  Index Scan using customer_address_pkey on customer_address  (cost=0.42..7.65 rows=1 width=15) (actual time=0.018..0.018 rows=0 loops=3165)
                     Index Cond: (ca_address_sk = customer.c_current_addr_sk)
                     Filter: (ca_state = 'UT'::bpchar)
                     Rows Removed by Filter: 1
                     Buffers: shared hit=12047 read=613
         ->  Index Scan using store_pkey on store  (cost=0.15..5.72 rows=1 width=15) (actual time=0.006..0.006 rows=1 loops=67)
               Index Cond: (s_store_sk = store_sales.ss_store_sk)
               Buffers: shared hit=128 read=6
 Planning:
   Buffers: shared hit=460
 Planning Time: 4.583 ms
 Execution Time: 79408.556 ms
(51 rows)

