                                                                            QUERY PLAN                                                                            
------------------------------------------------------------------------------------------------------------------------------------------------------------------
 Aggregate  (cost=9645621.99..9645622.00 rows=1 width=40) (actual time=72629.179..72629.184 rows=1 loops=1)
   Buffers: shared hit=271194 read=5126964
   ->  Nested Loop  (cost=19811.92..9645621.96 rows=4 width=14) (actual time=27564.174..72629.108 rows=38 loops=1)
         Join Filter: ("substring"((customer_address.ca_zip)::text, 1, 5) <> "substring"((store.s_zip)::text, 1, 5))
         Buffers: shared hit=271194 read=5126964
         ->  Nested Loop  (cost=19811.78..9645598.98 rows=4 width=29) (actual time=27564.150..72628.673 rows=38 loops=1)
               Buffers: shared hit=271118 read=5126964
               ->  Nested Loop  (cost=19811.35..9644673.02 rows=121 width=22) (actual time=27552.562..72573.391 rows=2420 loops=1)
                     Buffers: shared hit=262397 read=5126005
                     ->  Hash Join  (cost=19810.92..9625761.39 rows=2472 width=22) (actual time=27551.766..71697.925 rows=52391 loops=1)
                           Hash Cond: (store_sales.ss_item_sk = item.i_item_sk)
                           Buffers: shared hit=55716 read=5125666
                           ->  Hash Join  (cost=2570.11..9608471.14 rows=18830 width=18) (actual time=27447.904..71511.259 rows=486968 loops=1)
                                 Hash Cond: (store_sales.ss_sold_date_sk = date_dim.d_date_sk)
                                 Buffers: shared hit=41580 read=5125446
                                 ->  Seq Scan on store_sales  (cost=0.00..9485539.52 rows=45849467 width=22) (actual time=0.047..68531.207 rows=46160898 loops=1)
                                       Filter: ((ss_wholesale_cost >= '80'::numeric) AND (ss_wholesale_cost <= '100'::numeric))
                                       Rows Removed by Filter: 241836126
                                       Buffers: shared hit=40106 read=5125446
                                 ->  Hash  (cost=2569.73..2569.73 rows=30 width=4) (actual time=25.481..25.482 rows=30 loops=1)
                                       Buckets: 1024  Batches: 1  Memory Usage: 10kB
                                       Buffers: shared hit=1474
                                       ->  Seq Scan on date_dim  (cost=0.00..2569.73 rows=30 width=4) (actual time=12.733..25.466 rows=30 loops=1)
                                             Filter: ((d_year = 2000) AND (d_moy = 6))
                                             Rows Removed by Filter: 73019
                                             Buffers: shared hit=1474
                           ->  Hash  (cost=16906.00..16906.00 rows=26785 width=12) (actual time=103.713..103.713 rows=26695 loops=1)
                                 Buckets: 32768  Batches: 1  Memory Usage: 1403kB
                                 Buffers: shared hit=14136 read=220
                                 ->  Seq Scan on item  (cost=0.00..16906.00 rows=26785 width=12) (actual time=0.016..99.313 rows=26695 loops=1)
                                       Filter: (i_category = 'Children'::bpchar)
                                       Rows Removed by Filter: 177305
                                       Buffers: shared hit=14136 read=220
                     ->  Index Scan using customer_pkey on customer  (cost=0.43..7.65 rows=1 width=8) (actual time=0.017..0.017 rows=0 loops=52391)
                           Index Cond: (c_customer_sk = store_sales.ss_customer_sk)
                           Filter: (c_birth_month = 7)
                           Rows Removed by Filter: 1
                           Buffers: shared hit=206681 read=339
               ->  Index Scan using customer_address_pkey on customer_address  (cost=0.42..7.65 rows=1 width=15) (actual time=0.023..0.023 rows=0 loops=2420)
                     Index Cond: (ca_address_sk = customer.c_current_addr_sk)
                     Filter: (ca_state = 'NC'::bpchar)
                     Rows Removed by Filter: 1
                     Buffers: shared hit=8721 read=959
         ->  Index Scan using store_pkey on store  (cost=0.15..5.72 rows=1 width=15) (actual time=0.006..0.006 rows=1 loops=38)
               Index Cond: (s_store_sk = store_sales.ss_store_sk)
               Buffers: shared hit=76
 Planning:
   Buffers: shared hit=460
 Planning Time: 6.538 ms
 Execution Time: 72629.574 ms
(50 rows)

