                                                                            QUERY PLAN                                                                            
------------------------------------------------------------------------------------------------------------------------------------------------------------------
 Aggregate  (cost=9657404.21..9657404.22 rows=1 width=40) (actual time=74795.623..74795.629 rows=1 loops=1)
   Buffers: shared hit=688419 read=5131713
   ->  Hash Join  (cost=20034.16..9657404.15 rows=7 width=14) (actual time=23592.952..74795.396 rows=131 loops=1)
         Hash Cond: (store_sales.ss_store_sk = store.s_store_sk)
         Join Filter: ("substring"((customer_address.ca_zip)::text, 1, 5) <> "substring"((store.s_zip)::text, 1, 5))
         Rows Removed by Join Filter: 2
         Buffers: shared hit=688419 read=5131713
         ->  Nested Loop  (cost=20007.11..9657377.09 rows=7 width=29) (actual time=23592.276..74794.285 rows=135 loops=1)
               Buffers: shared hit=688402 read=5131712
               ->  Nested Loop  (cost=20006.69..9655907.80 rows=192 width=22) (actual time=23583.715..74624.453 rows=7190 loops=1)
                     Buffers: shared hit=663909 read=5127445
                     ->  Hash Join  (cost=20006.26..9625956.72 rows=3915 width=22) (actual time=23556.784..71480.545 rows=154309 loops=1)
                           Hash Cond: (store_sales.ss_item_sk = item.i_item_sk)
                           Buffers: shared hit=56153 read=5125229
                           ->  Hash Join  (cost=2570.11..9608471.14 rows=18830 width=18) (actual time=23437.343..71207.225 rows=644113 loops=1)
                                 Hash Cond: (store_sales.ss_sold_date_sk = date_dim.d_date_sk)
                                 Buffers: shared hit=42017 read=5125009
                                 ->  Seq Scan on store_sales  (cost=0.00..9485539.52 rows=45849467 width=22) (actual time=0.028..68187.787 rows=46160898 loops=1)
                                       Filter: ((ss_wholesale_cost >= '80'::numeric) AND (ss_wholesale_cost <= '100'::numeric))
                                       Rows Removed by Filter: 241836126
                                       Buffers: shared hit=40543 read=5125009
                                 ->  Hash  (cost=2569.73..2569.73 rows=30 width=4) (actual time=14.615..14.616 rows=31 loops=1)
                                       Buckets: 1024  Batches: 1  Memory Usage: 10kB
                                       Buffers: shared hit=1474
                                       ->  Seq Scan on date_dim  (cost=0.00..2569.73 rows=30 width=4) (actual time=8.538..14.608 rows=31 loops=1)
                                             Filter: ((d_year = 2000) AND (d_moy = 1))
                                             Rows Removed by Filter: 73018
                                             Buffers: shared hit=1474
                           ->  Hash  (cost=16906.00..16906.00 rows=42412 width=12) (actual time=119.210..119.211 rows=42041 loops=1)
                                 Buckets: 65536  Batches: 1  Memory Usage: 2319kB
                                 Buffers: shared hit=14136 read=220
                                 ->  Seq Scan on item  (cost=0.00..16906.00 rows=42412 width=12) (actual time=0.012..111.806 rows=42041 loops=1)
                                       Filter: (i_category = 'Electronics'::bpchar)
                                       Rows Removed by Filter: 161959
                                       Buffers: shared hit=14136 read=220
                     ->  Index Scan using customer_pkey on customer  (cost=0.43..7.65 rows=1 width=8) (actual time=0.020..0.020 rows=0 loops=154309)
                           Index Cond: (c_customer_sk = store_sales.ss_customer_sk)
                           Filter: (c_birth_month = 7)
                           Rows Removed by Filter: 1
                           Buffers: shared hit=607756 read=2216
               ->  Index Scan using customer_address_pkey on customer_address  (cost=0.42..7.65 rows=1 width=15) (actual time=0.023..0.023 rows=0 loops=7190)
                     Index Cond: (ca_address_sk = customer.c_current_addr_sk)
                     Filter: (ca_state = 'MO'::bpchar)
                     Rows Removed by Filter: 1
                     Buffers: shared hit=24493 read=4267
         ->  Hash  (cost=22.02..22.02 rows=402 width=15) (actual time=0.659..0.660 rows=402 loops=1)
               Buckets: 1024  Batches: 1  Memory Usage: 27kB
               Buffers: shared hit=17 read=1
               ->  Seq Scan on store  (cost=0.00..22.02 rows=402 width=15) (actual time=0.017..0.573 rows=402 loops=1)
                     Buffers: shared hit=17 read=1
 Planning:
   Buffers: shared hit=460
 Planning Time: 2.661 ms
 Execution Time: 74795.936 ms
(54 rows)

