                                                                             QUERY PLAN                                                                              
---------------------------------------------------------------------------------------------------------------------------------------------------------------------
 Aggregate  (cost=9759414.67..9759414.68 rows=1 width=40) (actual time=98686.334..98686.339 rows=1 loops=1)
   Buffers: shared hit=4179989 read=5132609
   ->  Nested Loop  (cost=2571.54..9759414.66 rows=1 width=14) (actual time=36722.013..98686.307 rows=8 loops=1)
         Join Filter: ("substring"((customer_address.ca_zip)::text, 1, 5) <> "substring"((store.s_zip)::text, 1, 5))
         Buffers: shared hit=4179989 read=5132609
         ->  Nested Loop  (cost=2571.39..9759408.91 rows=1 width=29) (actual time=36721.964..98686.137 rows=8 loops=1)
               Buffers: shared hit=4179973 read=5132609
               ->  Nested Loop  (cost=2570.97..9759355.46 rows=7 width=25) (actual time=28623.048..98678.784 rows=229 loops=1)
                     Buffers: shared hit=4179214 read=5132452
                     ->  Nested Loop  (cost=2570.55..9757323.81 rows=265 width=18) (actual time=28002.805..98292.806 rows=14701 loops=1)
                           Buffers: shared hit=4124694 read=5128168
                           ->  Hash Join  (cost=2570.12..9608471.16 rows=19457 width=18) (actual time=27995.983..72856.849 rows=1033846 loops=1)
                                 Hash Cond: (store_sales.ss_sold_date_sk = date_dim.d_date_sk)
                                 Buffers: shared hit=40761 read=5126265
                                 ->  Seq Scan on store_sales  (cost=0.00..9485539.52 rows=45849467 width=22) (actual time=0.062..69576.217 rows=46160898 loops=1)
                                       Filter: ((ss_wholesale_cost >= '80'::numeric) AND (ss_wholesale_cost <= '100'::numeric))
                                       Rows Removed by Filter: 241836126
                                       Buffers: shared hit=39287 read=5126265
                                 ->  Hash  (cost=2569.73..2569.73 rows=31 width=4) (actual time=20.802..20.803 rows=31 loops=1)
                                       Buckets: 1024  Batches: 1  Memory Usage: 10kB
                                       Buffers: shared hit=1474
                                       ->  Seq Scan on date_dim  (cost=0.00..2569.73 rows=31 width=4) (actual time=11.507..20.790 rows=31 loops=1)
                                             Filter: ((d_year = 2000) AND (d_moy = 7))
                                             Rows Removed by Filter: 73018
                                             Buffers: shared hit=1474
                           ->  Index Scan using customer_pkey on customer  (cost=0.43..7.65 rows=1 width=8) (actual time=0.024..0.024 rows=0 loops=1033846)
                                 Index Cond: (c_customer_sk = store_sales.ss_customer_sk)
                                 Filter: (c_birth_month = 5)
                                 Rows Removed by Filter: 1
                                 Buffers: shared hit=4083933 read=1903
                     ->  Index Scan using customer_address_pkey on customer_address  (cost=0.42..7.67 rows=1 width=15) (actual time=0.026..0.026 rows=0 loops=14701)
                           Index Cond: (ca_address_sk = customer.c_current_addr_sk)
                           Filter: (ca_state = 'MS'::bpchar)
                           Rows Removed by Filter: 1
                           Buffers: shared hit=54520 read=4284
               ->  Index Scan using item_pkey on item  (cost=0.42..7.64 rows=1 width=12) (actual time=0.031..0.031 rows=0 loops=229)
                     Index Cond: (i_item_sk = store_sales.ss_item_sk)
                     Filter: (i_category = 'Jewelry'::bpchar)
                     Rows Removed by Filter: 1
                     Buffers: shared hit=759 read=157
         ->  Index Scan using store_pkey on store  (cost=0.15..5.72 rows=1 width=15) (actual time=0.013..0.013 rows=1 loops=8)
               Index Cond: (s_store_sk = store_sales.ss_store_sk)
               Buffers: shared hit=16
 Planning:
   Buffers: shared hit=460
 Planning Time: 3.386 ms
 Execution Time: 98686.697 ms
(47 rows)

