                                                                            QUERY PLAN                                                                            
------------------------------------------------------------------------------------------------------------------------------------------------------------------
 Aggregate  (cost=9657986.65..9657986.66 rows=1 width=40) (actual time=83666.874..83666.880 rows=1 loops=1)
   Buffers: shared hit=1100799 read=5146857
   ->  Hash Join  (cost=20034.17..9657986.61 rows=5 width=14) (actual time=19644.647..83666.422 rows=327 loops=1)
         Hash Cond: (store_sales.ss_store_sk = store.s_store_sk)
         Join Filter: ("substring"((customer_address.ca_zip)::text, 1, 5) <> "substring"((store.s_zip)::text, 1, 5))
         Rows Removed by Join Filter: 8
         Buffers: shared hit=1100799 read=5146857
         ->  Nested Loop  (cost=20007.12..9657959.55 rows=5 width=29) (actual time=19642.044..83662.837 rows=338 loops=1)
               Buffers: shared hit=1100784 read=5146854
               ->  Nested Loop  (cost=20006.70..9655824.94 rows=279 width=22) (actual time=19602.627..83232.336 rows=17109 loops=1)
                     Buffers: shared hit=1041132 read=5138070
                     ->  Hash Join  (cost=20006.27..9625101.18 rows=4016 width=22) (actual time=19602.178..77994.038 rows=252532 loops=1)
                           Hash Cond: (store_sales.ss_item_sk = item.i_item_sk)
                           Buffers: shared hit=43332 read=5138050
                           ->  Hash Join  (cost=2570.12..9607614.32 rows=19319 width=18) (actual time=19488.292..77678.637 rows=706810 loops=1)
                                 Hash Cond: (store_sales.ss_sold_date_sk = date_dim.d_date_sk)
                                 Buffers: shared hit=35923 read=5131103
                                 ->  Seq Scan on store_sales  (cost=0.00..9485539.52 rows=45523068 width=22) (actual time=0.046..74631.169 rows=45442997 loops=1)
                                       Filter: ((ss_wholesale_cost >= '36'::numeric) AND (ss_wholesale_cost <= '56'::numeric))
                                       Rows Removed by Filter: 242554027
                                       Buffers: shared hit=35882 read=5129670
                                 ->  Hash  (cost=2569.73..2569.73 rows=31 width=4) (actual time=22.328..22.329 rows=31 loops=1)
                                       Buckets: 1024  Batches: 1  Memory Usage: 10kB
                                       Buffers: shared hit=41 read=1433
                                       ->  Seq Scan on date_dim  (cost=0.00..2569.73 rows=31 width=4) (actual time=13.255..22.314 rows=31 loops=1)
                                             Filter: ((d_year = 1999) AND (d_moy = 7))
                                             Rows Removed by Filter: 73018
                                             Buffers: shared hit=41 read=1433
                           ->  Hash  (cost=16906.00..16906.00 rows=42412 width=12) (actual time=113.658..113.659 rows=42041 loops=1)
                                 Buckets: 65536  Batches: 1  Memory Usage: 2319kB
                                 Buffers: shared hit=7409 read=6947
                                 ->  Seq Scan on item  (cost=0.00..16906.00 rows=42412 width=12) (actual time=0.017..106.268 rows=42041 loops=1)
                                       Filter: (i_category = 'Electronics'::bpchar)
                                       Rows Removed by Filter: 161959
                                       Buffers: shared hit=7409 read=6947
                     ->  Index Scan using customer_pkey on customer  (cost=0.43..7.65 rows=1 width=8) (actual time=0.020..0.020 rows=0 loops=252532)
                           Index Cond: (c_customer_sk = store_sales.ss_customer_sk)
                           Filter: (c_birth_month = 12)
                           Rows Removed by Filter: 1
                           Buffers: shared hit=997800 read=20
               ->  Index Scan using customer_address_pkey on customer_address  (cost=0.42..7.65 rows=1 width=15) (actual time=0.025..0.025 rows=0 loops=17109)
                     Index Cond: (ca_address_sk = customer.c_current_addr_sk)
                     Filter: (ca_state = 'PA'::bpchar)
                     Rows Removed by Filter: 1
                     Buffers: shared hit=59652 read=8784
         ->  Hash  (cost=22.02..22.02 rows=402 width=15) (actual time=2.556..2.557 rows=402 loops=1)
               Buckets: 1024  Batches: 1  Memory Usage: 27kB
               Buffers: shared hit=15 read=3
               ->  Seq Scan on store  (cost=0.00..22.02 rows=402 width=15) (actual time=0.031..2.388 rows=402 loops=1)
                     Buffers: shared hit=15 read=3
 Planning:
   Buffers: shared hit=460
 Planning Time: 4.750 ms
 Execution Time: 83667.401 ms
(54 rows)

