                                                                            QUERY PLAN                                                                            
------------------------------------------------------------------------------------------------------------------------------------------------------------------
 Aggregate  (cost=9671002.85..9671002.86 rows=1 width=40) (actual time=79212.480..79212.487 rows=1 loops=1)
   Buffers: shared hit=244643 read=5120247
   ->  Nested Loop  (cost=19688.68..9671002.84 rows=1 width=14) (actual time=58959.251..79212.454 rows=10 loops=1)
         Join Filter: ("substring"((customer_address.ca_zip)::text, 1, 5) <> "substring"((store.s_zip)::text, 1, 5))
         Buffers: shared hit=244643 read=5120247
         ->  Nested Loop  (cost=19688.54..9670997.10 rows=1 width=29) (actual time=58959.230..79212.311 rows=10 loops=1)
               Buffers: shared hit=244624 read=5120246
               ->  Nested Loop  (cost=19688.11..9670790.10 rows=27 width=22) (actual time=58864.334..79202.928 rows=600 loops=1)
                     Buffers: shared hit=242658 read=5119812
                     ->  Hash Join  (cost=19687.68..9655389.98 rows=2013 width=22) (actual time=58861.308..78612.467 rows=45819 loops=1)
                           Hash Cond: (store_sales.ss_item_sk = item.i_item_sk)
                           Buffers: shared hit=62852 read=5118530
                           ->  Hash Join  (cost=2570.12..9638208.72 rows=24265 width=18) (actual time=58764.938..78432.310 rows=582661 loops=1)
                                 Hash Cond: (store_sales.ss_sold_date_sk = date_dim.d_date_sk)
                                 Buffers: shared hit=48714 read=5118312
                                 ->  Seq Scan on store_sales  (cost=0.00..9485539.52 rows=57177434 width=22) (actual time=0.060..74841.432 rows=56890659 loops=1)
                                       Filter: ((ss_wholesale_cost >= '39'::numeric) AND (ss_wholesale_cost <= '59'::numeric))
                                       Rows Removed by Filter: 231106365
                                       Buffers: shared hit=47240 read=5118312
                                 ->  Hash  (cost=2569.73..2569.73 rows=31 width=4) (actual time=19.604..19.606 rows=31 loops=1)
                                       Buckets: 1024  Batches: 1  Memory Usage: 10kB
                                       Buffers: shared hit=1474
                                       ->  Seq Scan on date_dim  (cost=0.00..2569.73 rows=31 width=4) (actual time=12.102..19.592 rows=31 loops=1)
                                             Filter: ((d_year = 2002) AND (d_moy = 3))
                                             Rows Removed by Filter: 73018
                                             Buffers: shared hit=1474
                           ->  Hash  (cost=16906.00..16906.00 rows=16925 width=12) (actual time=96.194..96.195 rows=17141 loops=1)
                                 Buckets: 32768  Batches: 1  Memory Usage: 993kB
                                 Buffers: shared hit=14138 read=218
                                 ->  Seq Scan on item  (cost=0.00..16906.00 rows=16925 width=12) (actual time=0.015..93.580 rows=17141 loops=1)
                                       Filter: (i_category = 'Home'::bpchar)
                                       Rows Removed by Filter: 186859
                                       Buffers: shared hit=14138 read=218
                     ->  Index Scan using customer_pkey on customer  (cost=0.43..7.65 rows=1 width=8) (actual time=0.013..0.013 rows=0 loops=45819)
                           Index Cond: (c_customer_sk = store_sales.ss_customer_sk)
                           Filter: (c_birth_month = 5)
                           Rows Removed by Filter: 1
                           Buffers: shared hit=179806 read=1282
               ->  Index Scan using customer_address_pkey on customer_address  (cost=0.42..7.67 rows=1 width=15) (actual time=0.015..0.015 rows=0 loops=600)
                     Index Cond: (ca_address_sk = customer.c_current_addr_sk)
                     Filter: (ca_state = 'MI'::bpchar)
                     Rows Removed by Filter: 1
                     Buffers: shared hit=1966 read=434
         ->  Index Scan using store_pkey on store  (cost=0.15..5.72 rows=1 width=15) (actual time=0.008..0.008 rows=1 loops=10)
               Index Cond: (s_store_sk = store_sales.ss_store_sk)
               Buffers: shared hit=19 read=1
 Planning:
   Buffers: shared hit=460
 Planning Time: 4.801 ms
 Execution Time: 79212.996 ms
(50 rows)

