                                                                             QUERY PLAN                                                                              
---------------------------------------------------------------------------------------------------------------------------------------------------------------------
 Aggregate  (cost=9769710.80..9769710.81 rows=1 width=40) (actual time=86893.559..86893.564 rows=1 loops=1)
   Buffers: shared hit=2282152 read=5141290
   ->  Nested Loop  (cost=2571.53..9769710.78 rows=2 width=14) (actual time=22435.781..86893.501 rows=20 loops=1)
         Join Filter: ("substring"((customer_address.ca_zip)::text, 1, 5) <> "substring"((store.s_zip)::text, 1, 5))
         Buffers: shared hit=2282152 read=5141290
         ->  Nested Loop  (cost=2571.38..9769699.30 rows=2 width=29) (actual time=22435.743..86893.129 rows=20 loops=1)
               Buffers: shared hit=2282116 read=5141286
               ->  Nested Loop  (cost=2570.96..9769370.96 rows=43 width=25) (actual time=21007.379..86860.664 rows=923 loops=1)
                     Buffers: shared hit=2279318 read=5140392
                     ->  Nested Loop  (cost=2570.54..9752527.03 rows=2202 width=18) (actual time=20981.336..85332.833 rows=59337 loops=1)
                           Buffers: shared hit=2054289 read=5128073
                           ->  Hash Join  (cost=2570.11..9608471.14 rows=18830 width=18) (actual time=20955.648..72739.304 rows=509970 loops=1)
                                 Hash Cond: (store_sales.ss_sold_date_sk = date_dim.d_date_sk)
                                 Buffers: shared hit=40488 read=5126538
                                 ->  Seq Scan on store_sales  (cost=0.00..9485539.52 rows=45849467 width=22) (actual time=0.063..69570.136 rows=46160898 loops=1)
                                       Filter: ((ss_wholesale_cost >= '80'::numeric) AND (ss_wholesale_cost <= '100'::numeric))
                                       Rows Removed by Filter: 241836126
                                       Buffers: shared hit=39014 read=5126538
                                 ->  Hash  (cost=2569.73..2569.73 rows=30 width=4) (actual time=19.399..19.400 rows=30 loops=1)
                                       Buckets: 1024  Batches: 1  Memory Usage: 10kB
                                       Buffers: shared hit=1474
                                       ->  Seq Scan on date_dim  (cost=0.00..2569.73 rows=30 width=4) (actual time=11.767..19.387 rows=30 loops=1)
                                             Filter: ((d_year = 1999) AND (d_moy = 9))
                                             Rows Removed by Filter: 73019
                                             Buffers: shared hit=1474
                           ->  Index Scan using customer_pkey on customer  (cost=0.43..7.65 rows=1 width=8) (actual time=0.024..0.024 rows=0 loops=509970)
                                 Index Cond: (c_customer_sk = store_sales.ss_customer_sk)
                                 Filter: (c_birth_month = 8)
                                 Rows Removed by Filter: 1
                                 Buffers: shared hit=2013801 read=1535
                     ->  Index Scan using customer_address_pkey on customer_address  (cost=0.42..7.65 rows=1 width=15) (actual time=0.025..0.025 rows=0 loops=59337)
                           Index Cond: (ca_address_sk = customer.c_current_addr_sk)
                           Filter: (ca_state = 'FL'::bpchar)
                           Rows Removed by Filter: 1
                           Buffers: shared hit=225029 read=12319
               ->  Index Scan using item_pkey on item  (cost=0.42..7.64 rows=1 width=12) (actual time=0.034..0.034 rows=0 loops=923)
                     Index Cond: (i_item_sk = store_sales.ss_item_sk)
                     Filter: (i_category = 'Jewelry'::bpchar)
                     Rows Removed by Filter: 1
                     Buffers: shared hit=2798 read=894
         ->  Index Scan using store_pkey on store  (cost=0.15..5.72 rows=1 width=15) (actual time=0.011..0.011 rows=1 loops=20)
               Index Cond: (s_store_sk = store_sales.ss_store_sk)
               Buffers: shared hit=36 read=4
 Planning:
   Buffers: shared hit=460
 Planning Time: 4.822 ms
 Execution Time: 86894.043 ms
(47 rows)

