                                                                            QUERY PLAN                                                                            
------------------------------------------------------------------------------------------------------------------------------------------------------------------
 Aggregate  (cost=9649698.13..9649698.14 rows=1 width=40) (actual time=80770.396..80770.401 rows=1 loops=1)
   Buffers: shared hit=471503 read=5137699
   ->  Nested Loop  (cost=19790.26..9649698.11 rows=3 width=14) (actual time=21313.879..80770.288 rows=60 loops=1)
         Join Filter: ("substring"((customer_address.ca_zip)::text, 1, 5) <> "substring"((store.s_zip)::text, 1, 5))
         Buffers: shared hit=471503 read=5137699
         ->  Nested Loop  (cost=19790.11..9649680.88 rows=3 width=29) (actual time=21313.859..80769.658 rows=61 loops=1)
               Buffers: shared hit=471392 read=5137690
               ->  Nested Loop  (cost=19789.69..9648754.92 rows=121 width=22) (actual time=21249.979..80693.017 rows=4811 loops=1)
                     Buffers: shared hit=453636 read=5136202
                     ->  Hash Join  (cost=19789.26..9629850.94 rows=2471 width=22) (actual time=21249.734..79227.563 rows=103364 loops=1)
                           Hash Cond: (store_sales.ss_item_sk = item.i_item_sk)
                           Buffers: shared hit=45425 read=5135957
                           ->  Hash Join  (cost=2570.12..9612578.98 rows=20121 width=18) (actual time=21137.755..78935.674 rows=1173816 loops=1)
                                 Hash Cond: (store_sales.ss_sold_date_sk = date_dim.d_date_sk)
                                 Buffers: shared hit=45339 read=5121687
                                 ->  Seq Scan on store_sales  (cost=0.00..9485539.52 rows=47414263 width=22) (actual time=0.046..75737.117 rows=48370740 loops=1)
                                       Filter: ((ss_wholesale_cost >= '11'::numeric) AND (ss_wholesale_cost <= '31'::numeric))
                                       Rows Removed by Filter: 239626284
                                       Buffers: shared hit=43865 read=5121687
                                 ->  Hash  (cost=2569.73..2569.73 rows=31 width=4) (actual time=19.707..19.708 rows=31 loops=1)
                                       Buckets: 1024  Batches: 1  Memory Usage: 10kB
                                       Buffers: shared hit=1474
                                       ->  Seq Scan on date_dim  (cost=0.00..2569.73 rows=31 width=4) (actual time=11.216..19.697 rows=31 loops=1)
                                             Filter: ((d_year = 1999) AND (d_moy = 8))
                                             Rows Removed by Filter: 73018
                                             Buffers: shared hit=1474
                           ->  Hash  (cost=16906.00..16906.00 rows=25051 width=12) (actual time=111.824..111.825 rows=24688 loops=1)
                                 Buckets: 32768  Batches: 1  Memory Usage: 1317kB
                                 Buffers: shared hit=86 read=14270
                                 ->  Seq Scan on item  (cost=0.00..16906.00 rows=25051 width=12) (actual time=0.015..107.182 rows=24688 loops=1)
                                       Filter: (i_category = 'Books'::bpchar)
                                       Rows Removed by Filter: 179312
                                       Buffers: shared hit=86 read=14270
                     ->  Index Scan using customer_pkey on customer  (cost=0.43..7.65 rows=1 width=8) (actual time=0.014..0.014 rows=0 loops=103364)
                           Index Cond: (c_customer_sk = store_sales.ss_customer_sk)
                           Filter: (c_birth_month = 7)
                           Rows Removed by Filter: 1
                           Buffers: shared hit=408211 read=245
               ->  Index Scan using customer_address_pkey on customer_address  (cost=0.42..7.65 rows=1 width=15) (actual time=0.016..0.016 rows=0 loops=4811)
                     Index Cond: (ca_address_sk = customer.c_current_addr_sk)
                     Filter: (ca_state = 'AR'::bpchar)
                     Rows Removed by Filter: 1
                     Buffers: shared hit=17756 read=1488
         ->  Index Scan using store_pkey on store  (cost=0.15..5.72 rows=1 width=15) (actual time=0.006..0.006 rows=1 loops=61)
               Index Cond: (s_store_sk = store_sales.ss_store_sk)
               Buffers: shared hit=111 read=9
 Planning:
   Buffers: shared hit=460
 Planning Time: 4.401 ms
 Execution Time: 80770.849 ms
(50 rows)

