                                                                            QUERY PLAN                                                                            
------------------------------------------------------------------------------------------------------------------------------------------------------------------
 Aggregate  (cost=9639461.27..9639461.28 rows=1 width=40) (actual time=79065.631..79065.636 rows=1 loops=1)
   Buffers: shared hit=289202 read=5129714
   ->  Nested Loop  (cost=19896.07..9639461.26 rows=1 width=14) (actual time=28693.822..79065.536 rows=55 loops=1)
         Join Filter: ("substring"((customer_address.ca_zip)::text, 1, 5) <> "substring"((store.s_zip)::text, 1, 5))
         Buffers: shared hit=289202 read=5129714
         ->  Nested Loop  (cost=19895.93..9639455.52 rows=1 width=29) (actual time=28693.804..79064.952 rows=55 loops=1)
               Buffers: shared hit=289095 read=5129711
               ->  Nested Loop  (cost=19895.50..9638384.16 rows=140 width=22) (actual time=28663.963..79003.138 rows=2661 loops=1)
                     Buffers: shared hit=279233 read=5128929
                     ->  Hash Join  (cost=19895.07..9616542.43 rows=2855 width=22) (actual time=28663.201..77968.084 rows=57404 loops=1)
                           Hash Cond: (store_sales.ss_item_sk = item.i_item_sk)
                           Buffers: shared hit=52617 read=5128765
                           ->  Hash Join  (cost=2570.11..9599171.86 rows=17375 width=18) (actual time=28559.190..77805.660 rows=311703 loops=1)
                                 Hash Cond: (store_sales.ss_sold_date_sk = date_dim.d_date_sk)
                                 Buffers: shared hit=38507 read=5128519
                                 ->  Seq Scan on store_sales  (cost=0.00..9485539.52 rows=42307078 width=22) (actual time=0.187..74999.987 rows=43022880 loops=1)
                                       Filter: ((ss_wholesale_cost >= '6'::numeric) AND (ss_wholesale_cost <= '26'::numeric))
                                       Rows Removed by Filter: 244974144
                                       Buffers: shared hit=37264 read=5128288
                                 ->  Hash  (cost=2569.73..2569.73 rows=30 width=4) (actual time=30.130..30.132 rows=30 loops=1)
                                       Buckets: 1024  Batches: 1  Memory Usage: 10kB
                                       Buffers: shared hit=1243 read=231
                                       ->  Seq Scan on date_dim  (cost=0.00..2569.73 rows=30 width=4) (actual time=18.656..30.119 rows=30 loops=1)
                                             Filter: ((d_year = 2000) AND (d_moy = 4))
                                             Rows Removed by Filter: 73019
                                             Buffers: shared hit=1243 read=231
                           ->  Hash  (cost=16906.00..16906.00 rows=33517 width=12) (actual time=103.773..103.774 rows=33627 loops=1)
                                 Buckets: 65536  Batches: 1  Memory Usage: 1957kB
                                 Buffers: shared hit=14110 read=246
                                 ->  Seq Scan on item  (cost=0.00..16906.00 rows=33517 width=12) (actual time=0.024..98.636 rows=33627 loops=1)
                                       Filter: (i_category = 'Shoes'::bpchar)
                                       Rows Removed by Filter: 170373
                                       Buffers: shared hit=14110 read=246
                     ->  Index Scan using customer_pkey on customer  (cost=0.43..7.65 rows=1 width=8) (actual time=0.018..0.018 rows=0 loops=57404)
                           Index Cond: (c_customer_sk = store_sales.ss_customer_sk)
                           Filter: (c_birth_month = 7)
                           Rows Removed by Filter: 1
                           Buffers: shared hit=226616 read=164
               ->  Index Scan using customer_address_pkey on customer_address  (cost=0.42..7.65 rows=1 width=15) (actual time=0.023..0.023 rows=0 loops=2661)
                     Index Cond: (ca_address_sk = customer.c_current_addr_sk)
                     Filter: (ca_state = 'NJ'::bpchar)
                     Rows Removed by Filter: 1
                     Buffers: shared hit=9862 read=782
         ->  Index Scan using store_pkey on store  (cost=0.15..5.72 rows=1 width=15) (actual time=0.006..0.006 rows=1 loops=55)
               Index Cond: (s_store_sk = store_sales.ss_store_sk)
               Buffers: shared hit=107 read=3
 Planning:
   Buffers: shared hit=460
 Planning Time: 5.526 ms
 Execution Time: 79066.190 ms
(50 rows)

