                                                                            QUERY PLAN                                                                            
------------------------------------------------------------------------------------------------------------------------------------------------------------------
 Aggregate  (cost=9640237.44..9640237.45 rows=1 width=40) (actual time=78286.886..78286.891 rows=1 loops=1)
   Buffers: shared hit=205590 read=5129580
   ->  Nested Loop  (cost=19896.08..9640237.41 rows=4 width=14) (actual time=9873.506..78286.838 rows=28 loops=1)
         Join Filter: ("substring"((customer_address.ca_zip)::text, 1, 5) <> "substring"((store.s_zip)::text, 1, 5))
         Buffers: shared hit=205590 read=5129580
         ->  Nested Loop  (cost=19895.94..9640214.44 rows=4 width=29) (actual time=9873.489..78286.544 rows=29 loops=1)
               Buffers: shared hit=205537 read=5129577
               ->  Nested Loop  (cost=19895.51..9639112.47 rows=144 width=22) (actual time=9838.761..78252.876 rows=1757 loops=1)
                     Buffers: shared hit=199058 read=5129028
                     ->  Hash Join  (cost=19895.08..9616543.97 rows=2950 width=22) (actual time=9836.905..77578.159 rows=37133 loops=1)
                           Hash Cond: (store_sales.ss_item_sk = item.i_item_sk)
                           Buffers: shared hit=52445 read=5128937
                           ->  Hash Join  (cost=2570.12..9599171.87 rows=17954 width=18) (actual time=9734.011..77428.696 rows=258781 loops=1)
                                 Hash Cond: (store_sales.ss_sold_date_sk = date_dim.d_date_sk)
                                 Buffers: shared hit=38322 read=5128704
                                 ->  Seq Scan on store_sales  (cost=0.00..9485539.52 rows=42307078 width=22) (actual time=0.426..74649.979 rows=43022880 loops=1)
                                       Filter: ((ss_wholesale_cost >= '5'::numeric) AND (ss_wholesale_cost <= '25'::numeric))
                                       Rows Removed by Filter: 244974144
                                       Buffers: shared hit=36975 read=5128577
                                 ->  Hash  (cost=2569.73..2569.73 rows=31 width=4) (actual time=25.452..25.453 rows=31 loops=1)
                                       Buckets: 1024  Batches: 1  Memory Usage: 10kB
                                       Buffers: shared hit=1347 read=127
                                       ->  Seq Scan on date_dim  (cost=0.00..2569.73 rows=31 width=4) (actual time=14.736..25.439 rows=31 loops=1)
                                             Filter: ((d_year = 1998) AND (d_moy = 10))
                                             Rows Removed by Filter: 73018
                                             Buffers: shared hit=1347 read=127
                           ->  Hash  (cost=16906.00..16906.00 rows=33517 width=12) (actual time=102.615..102.615 rows=33627 loops=1)
                                 Buckets: 65536  Batches: 1  Memory Usage: 1957kB
                                 Buffers: shared hit=14123 read=233
                                 ->  Seq Scan on item  (cost=0.00..16906.00 rows=33517 width=12) (actual time=0.025..97.568 rows=33627 loops=1)
                                       Filter: (i_category = 'Shoes'::bpchar)
                                       Rows Removed by Filter: 170373
                                       Buffers: shared hit=14123 read=233
                     ->  Index Scan using customer_pkey on customer  (cost=0.43..7.65 rows=1 width=8) (actual time=0.018..0.018 rows=0 loops=37133)
                           Index Cond: (c_customer_sk = store_sales.ss_customer_sk)
                           Filter: (c_birth_month = 7)
                           Rows Removed by Filter: 1
                           Buffers: shared hit=146613 read=91
               ->  Index Scan using customer_address_pkey on customer_address  (cost=0.42..7.65 rows=1 width=15) (actual time=0.019..0.019 rows=0 loops=1757)
                     Index Cond: (ca_address_sk = customer.c_current_addr_sk)
                     Filter: (ca_state = 'IN'::bpchar)
                     Rows Removed by Filter: 1
                     Buffers: shared hit=6479 read=549
         ->  Index Scan using store_pkey on store  (cost=0.15..5.72 rows=1 width=15) (actual time=0.006..0.006 rows=1 loops=29)
               Index Cond: (s_store_sk = store_sales.ss_store_sk)
               Buffers: shared hit=53 read=3
 Planning:
   Buffers: shared hit=460
 Planning Time: 3.436 ms
 Execution Time: 78287.275 ms
(50 rows)

