                                                                            QUERY PLAN                                                                            
------------------------------------------------------------------------------------------------------------------------------------------------------------------
 Aggregate  (cost=9658864.84..9658864.85 rows=1 width=40) (actual time=73591.276..73591.282 rows=1 loops=1)
   Buffers: shared hit=397599 read=5132173
   ->  Hash Join  (cost=20034.16..9658864.76 rows=11 width=14) (actual time=49527.126..73591.067 rows=179 loops=1)
         Hash Cond: (store_sales.ss_store_sk = store.s_store_sk)
         Join Filter: ("substring"((customer_address.ca_zip)::text, 1, 5) <> "substring"((store.s_zip)::text, 1, 5))
         Rows Removed by Join Filter: 3
         Buffers: shared hit=397599 read=5132173
         ->  Nested Loop  (cost=20007.11..9658837.69 rows=11 width=29) (actual time=49525.526..73588.984 rows=182 loops=1)
               Buffers: shared hit=397585 read=5132169
               ->  Nested Loop  (cost=20006.69..9655907.80 rows=383 width=22) (actual time=49525.214..73417.941 rows=7798 loops=1)
                     Buffers: shared hit=369333 read=5129229
                     ->  Hash Join  (cost=20006.26..9625956.72 rows=3915 width=22) (actual time=49525.185..71789.647 rows=80257 loops=1)
                           Hash Cond: (store_sales.ss_item_sk = item.i_item_sk)
                           Buffers: shared hit=52377 read=5129005
                           ->  Hash Join  (cost=2570.11..9608471.14 rows=18830 width=18) (actual time=49411.794..71584.540 rows=412752 loops=1)
                                 Hash Cond: (store_sales.ss_sold_date_sk = date_dim.d_date_sk)
                                 Buffers: shared hit=38236 read=5128790
                                 ->  Seq Scan on store_sales  (cost=0.00..9485539.52 rows=45849467 width=22) (actual time=0.044..68587.832 rows=46160898 loops=1)
                                       Filter: ((ss_wholesale_cost >= '80'::numeric) AND (ss_wholesale_cost <= '100'::numeric))
                                       Rows Removed by Filter: 241836126
                                       Buffers: shared hit=36889 read=5128663
                                 ->  Hash  (cost=2569.73..2569.73 rows=30 width=4) (actual time=19.778..19.779 rows=30 loops=1)
                                       Buckets: 1024  Batches: 1  Memory Usage: 10kB
                                       Buffers: shared hit=1347 read=127
                                       ->  Seq Scan on date_dim  (cost=0.00..2569.73 rows=30 width=4) (actual time=10.835..19.770 rows=30 loops=1)
                                             Filter: ((d_year = 2001) AND (d_moy = 9))
                                             Rows Removed by Filter: 73019
                                             Buffers: shared hit=1347 read=127
                           ->  Hash  (cost=16906.00..16906.00 rows=42412 width=12) (actual time=113.151..113.151 rows=42041 loops=1)
                                 Buckets: 65536  Batches: 1  Memory Usage: 2319kB
                                 Buffers: shared hit=14141 read=215
                                 ->  Seq Scan on item  (cost=0.00..16906.00 rows=42412 width=12) (actual time=0.015..105.375 rows=42041 loops=1)
                                       Filter: (i_category = 'Electronics'::bpchar)
                                       Rows Removed by Filter: 161959
                                       Buffers: shared hit=14141 read=215
                     ->  Index Scan using customer_pkey on customer  (cost=0.43..7.65 rows=1 width=8) (actual time=0.020..0.020 rows=0 loops=80257)
                           Index Cond: (c_customer_sk = store_sales.ss_customer_sk)
                           Filter: (c_birth_month = 2)
                           Rows Removed by Filter: 1
                           Buffers: shared hit=316956 read=224
               ->  Index Scan using customer_address_pkey on customer_address  (cost=0.42..7.65 rows=1 width=15) (actual time=0.022..0.022 rows=0 loops=7798)
                     Index Cond: (ca_address_sk = customer.c_current_addr_sk)
                     Filter: (ca_state = 'NE'::bpchar)
                     Rows Removed by Filter: 1
                     Buffers: shared hit=28252 read=2940
         ->  Hash  (cost=22.02..22.02 rows=402 width=15) (actual time=1.565..1.566 rows=402 loops=1)
               Buckets: 1024  Batches: 1  Memory Usage: 27kB
               Buffers: shared hit=14 read=4
               ->  Seq Scan on store  (cost=0.00..22.02 rows=402 width=15) (actual time=0.029..1.404 rows=402 loops=1)
                     Buffers: shared hit=14 read=4
 Planning:
   Buffers: shared hit=460
 Planning Time: 4.730 ms
 Execution Time: 73591.824 ms
(54 rows)

