                                                                            QUERY PLAN                                                                            
------------------------------------------------------------------------------------------------------------------------------------------------------------------
 Aggregate  (cost=9633921.87..9633921.88 rows=1 width=40) (actual time=75921.733..75921.739 rows=1 loops=1)
   Buffers: shared hit=132382 read=5125234
   ->  Hash Join  (cost=19817.15..9633921.84 rows=5 width=14) (actual time=16865.611..75921.687 rows=32 loops=1)
         Hash Cond: (store_sales.ss_store_sk = store.s_store_sk)
         Join Filter: ("substring"((customer_address.ca_zip)::text, 1, 5) <> "substring"((store.s_zip)::text, 1, 5))
         Rows Removed by Join Filter: 2
         Buffers: shared hit=132382 read=5125234
         ->  Nested Loop  (cost=19790.10..9633894.78 rows=5 width=29) (actual time=16859.197..75920.821 rows=34 loops=1)
               Buffers: shared hit=132364 read=5125234
               ->  Nested Loop  (cost=19789.68..9632762.44 rows=148 width=22) (actual time=16859.165..75901.454 rows=1224 loops=1)
                     Buffers: shared hit=128051 read=5124651
                     ->  Hash Join  (cost=19789.25..9616436.61 rows=2134 width=22) (actual time=16854.664..75636.478 rows=18037 loops=1)
                           Hash Cond: (store_sales.ss_item_sk = item.i_item_sk)
                           Buffers: shared hit=56753 read=5124629
                           ->  Hash Join  (cost=2570.11..9599171.86 rows=17375 width=18) (actual time=16746.287..75497.221 rows=203437 loops=1)
                                 Hash Cond: (store_sales.ss_sold_date_sk = date_dim.d_date_sk)
                                 Buffers: shared hit=42612 read=5124414
                                 ->  Seq Scan on store_sales  (cost=0.00..9485539.52 rows=42307078 width=22) (actual time=0.047..72801.588 rows=43022880 loops=1)
                                       Filter: ((ss_wholesale_cost >= '2'::numeric) AND (ss_wholesale_cost <= '22'::numeric))
                                       Rows Removed by Filter: 244974144
                                       Buffers: shared hit=41138 read=5124414
                                 ->  Hash  (cost=2569.73..2569.73 rows=30 width=4) (actual time=23.165..23.166 rows=30 loops=1)
                                       Buckets: 1024  Batches: 1  Memory Usage: 10kB
                                       Buffers: shared hit=1474
                                       ->  Seq Scan on date_dim  (cost=0.00..2569.73 rows=30 width=4) (actual time=12.680..23.152 rows=30 loops=1)
                                             Filter: ((d_year = 1999) AND (d_moy = 4))
                                             Rows Removed by Filter: 73019
                                             Buffers: shared hit=1474
                           ->  Hash  (cost=16906.00..16906.00 rows=25051 width=12) (actual time=108.111..108.112 rows=24688 loops=1)
                                 Buckets: 32768  Batches: 1  Memory Usage: 1317kB
                                 Buffers: shared hit=14141 read=215
                                 ->  Seq Scan on item  (cost=0.00..16906.00 rows=25051 width=12) (actual time=0.015..103.981 rows=24688 loops=1)
                                       Filter: (i_category = 'Books'::bpchar)
                                       Rows Removed by Filter: 179312
                                       Buffers: shared hit=14141 read=215
                     ->  Index Scan using customer_pkey on customer  (cost=0.43..7.65 rows=1 width=8) (actual time=0.014..0.014 rows=0 loops=18037)
                           Index Cond: (c_customer_sk = store_sales.ss_customer_sk)
                           Filter: (c_birth_month = 12)
                           Rows Removed by Filter: 1
                           Buffers: shared hit=71298 read=22
               ->  Index Scan using customer_address_pkey on customer_address  (cost=0.42..7.65 rows=1 width=15) (actual time=0.016..0.016 rows=0 loops=1224)
                     Index Cond: (ca_address_sk = customer.c_current_addr_sk)
                     Filter: (ca_state = 'MO'::bpchar)
                     Rows Removed by Filter: 1
                     Buffers: shared hit=4313 read=583
         ->  Hash  (cost=22.02..22.02 rows=402 width=15) (actual time=0.741..0.742 rows=402 loops=1)
               Buckets: 1024  Batches: 1  Memory Usage: 27kB
               Buffers: shared hit=18
               ->  Seq Scan on store  (cost=0.00..22.02 rows=402 width=15) (actual time=0.029..0.584 rows=402 loops=1)
                     Buffers: shared hit=18
 Planning:
   Buffers: shared hit=460
 Planning Time: 4.843 ms
 Execution Time: 75922.247 ms
(54 rows)

