                                                                            QUERY PLAN                                                                            
------------------------------------------------------------------------------------------------------------------------------------------------------------------
 Aggregate  (cost=9671286.04..9671286.05 rows=1 width=40) (actual time=76786.502..76786.507 rows=1 loops=1)
   Buffers: shared hit=379299 read=5125609
   ->  Nested Loop  (cost=19811.92..9671286.02 rows=2 width=14) (actual time=18479.408..76786.417 rows=51 loops=1)
         Join Filter: ("substring"((customer_address.ca_zip)::text, 1, 5) <> "substring"((store.s_zip)::text, 1, 5))
         Buffers: shared hit=379299 read=5125609
         ->  Nested Loop  (cost=19811.78..9671274.54 rows=2 width=29) (actual time=18479.391..76785.447 rows=51 loops=1)
               Buffers: shared hit=379201 read=5125605
               ->  Nested Loop  (cost=19811.35..9670554.93 rows=94 width=22) (actual time=18474.570..76736.985 rows=2603 loops=1)
                     Buffers: shared hit=370288 read=5124106
                     ->  Hash Join  (cost=19810.92..9648124.15 rows=2932 width=22) (actual time=18474.320..75501.279 rows=79182 loops=1)
                           Hash Cond: (store_sales.ss_item_sk = item.i_item_sk)
                           Buffers: shared hit=57456 read=5123926
                           ->  Hash Join  (cost=2570.11..9630824.73 rows=22327 width=18) (actual time=18363.147..75270.625 rows=743940 loops=1)
                                 Hash Cond: (store_sales.ss_sold_date_sk = date_dim.d_date_sk)
                                 Buffers: shared hit=43315 read=5123711
                                 ->  Seq Scan on store_sales  (cost=0.00..9485539.52 rows=54364643 width=22) (actual time=0.045..71941.374 rows=53574682 loops=1)
                                       Filter: ((ss_wholesale_cost >= '46'::numeric) AND (ss_wholesale_cost <= '66'::numeric))
                                       Rows Removed by Filter: 234422342
                                       Buffers: shared hit=41841 read=5123711
                                 ->  Hash  (cost=2569.73..2569.73 rows=30 width=4) (actual time=19.676..19.676 rows=30 loops=1)
                                       Buckets: 1024  Batches: 1  Memory Usage: 10kB
                                       Buffers: shared hit=1474
                                       ->  Seq Scan on date_dim  (cost=0.00..2569.73 rows=30 width=4) (actual time=10.620..19.665 rows=30 loops=1)
                                             Filter: ((d_year = 1999) AND (d_moy = 6))
                                             Rows Removed by Filter: 73019
                                             Buffers: shared hit=1474
                           ->  Hash  (cost=16906.00..16906.00 rows=26785 width=12) (actual time=111.008..111.008 rows=26695 loops=1)
                                 Buckets: 32768  Batches: 1  Memory Usage: 1403kB
                                 Buffers: shared hit=14141 read=215
                                 ->  Seq Scan on item  (cost=0.00..16906.00 rows=26785 width=12) (actual time=0.016..105.857 rows=26695 loops=1)
                                       Filter: (i_category = 'Children'::bpchar)
                                       Rows Removed by Filter: 177305
                                       Buffers: shared hit=14141 read=215
                     ->  Index Scan using customer_pkey on customer  (cost=0.43..7.65 rows=1 width=8) (actual time=0.015..0.015 rows=0 loops=79182)
                           Index Cond: (c_customer_sk = store_sales.ss_customer_sk)
                           Filter: (c_birth_month = 6)
                           Rows Removed by Filter: 1
                           Buffers: shared hit=312832 read=180
               ->  Index Scan using customer_address_pkey on customer_address  (cost=0.42..7.66 rows=1 width=15) (actual time=0.018..0.018 rows=0 loops=2603)
                     Index Cond: (ca_address_sk = customer.c_current_addr_sk)
                     Filter: (ca_state = 'MN'::bpchar)
                     Rows Removed by Filter: 1
                     Buffers: shared hit=8913 read=1499
         ->  Index Scan using store_pkey on store  (cost=0.15..5.72 rows=1 width=15) (actual time=0.014..0.014 rows=1 loops=51)
               Index Cond: (s_store_sk = store_sales.ss_store_sk)
               Buffers: shared hit=98 read=4
 Planning:
   Buffers: shared hit=460
 Planning Time: 4.834 ms
 Execution Time: 76786.947 ms
(50 rows)

