                                                                            QUERY PLAN                                                                            
------------------------------------------------------------------------------------------------------------------------------------------------------------------
 Aggregate  (cost=9753226.96..9753226.97 rows=1 width=40) (actual time=79443.846..79443.851 rows=1 loops=1)
   Buffers: shared hit=615910 read=5130544
   ->  Nested Loop  (cost=19643.37..9753226.94 rows=3 width=14) (actual time=25391.468..79443.688 rows=149 loops=1)
         Join Filter: ("substring"((customer_address.ca_zip)::text, 1, 5) <> "substring"((store.s_zip)::text, 1, 5))
         Rows Removed by Join Filter: 5
         Buffers: shared hit=615910 read=5130544
         ->  Nested Loop  (cost=19643.23..9753209.71 rows=3 width=29) (actual time=25368.900..79441.357 rows=155 loops=1)
               Buffers: shared hit=615609 read=5130537
               ->  Nested Loop  (cost=19642.80..9752176.72 rows=135 width=22) (actual time=25345.212..79277.677 rows=7726 loops=1)
                     Buffers: shared hit=589399 read=5125843
                     ->  Hash Join  (cost=19642.37..9734305.56 rows=2336 width=22) (actual time=25318.368..76895.319 rows=135023 loops=1)
                           Hash Cond: (store_sales.ss_item_sk = item.i_item_sk)
                           Buffers: shared hit=56007 read=5125375
                           ->  Hash Join  (cost=2570.11..9717139.25 rows=35830 width=18) (actual time=25224.394..76622.445 rows=1211528 loops=1)
                                 Hash Cond: (store_sales.ss_sold_date_sk = date_dim.d_date_sk)
                                 Buffers: shared hit=41866 read=5125160
                                 ->  Seq Scan on store_sales  (cost=0.00..9485539.52 rows=87244546 width=22) (actual time=0.050..71395.469 rows=86810744 loops=1)
                                       Filter: ((ss_wholesale_cost >= '67'::numeric) AND (ss_wholesale_cost <= '87'::numeric))
                                       Rows Removed by Filter: 201186280
                                       Buffers: shared hit=40392 read=5125160
                                 ->  Hash  (cost=2569.73..2569.73 rows=30 width=4) (actual time=20.760..20.761 rows=31 loops=1)
                                       Buckets: 1024  Batches: 1  Memory Usage: 10kB
                                       Buffers: shared hit=1474
                                       ->  Seq Scan on date_dim  (cost=0.00..2569.73 rows=30 width=4) (actual time=10.754..20.749 rows=31 loops=1)
                                             Filter: ((d_year = 2000) AND (d_moy = 1))
                                             Rows Removed by Filter: 73018
                                             Buffers: shared hit=1474
                           ->  Hash  (cost=16906.00..16906.00 rows=13301 width=12) (actual time=93.813..93.814 rows=13933 loops=1)
                                 Buckets: 16384  Batches: 1  Memory Usage: 727kB
                                 Buffers: shared hit=14141 read=215
                                 ->  Seq Scan on item  (cost=0.00..16906.00 rows=13301 width=12) (actual time=0.015..91.734 rows=13933 loops=1)
                                       Filter: (i_category = 'Men'::bpchar)
                                       Rows Removed by Filter: 190067
                                       Buffers: shared hit=14141 read=215
                     ->  Index Scan using customer_pkey on customer  (cost=0.43..7.65 rows=1 width=8) (actual time=0.017..0.017 rows=0 loops=135023)
                           Index Cond: (c_customer_sk = store_sales.ss_customer_sk)
                           Filter: (c_birth_month = 3)
                           Rows Removed by Filter: 1
                           Buffers: shared hit=533392 read=468
               ->  Index Scan using customer_address_pkey on customer_address  (cost=0.42..7.65 rows=1 width=15) (actual time=0.021..0.021 rows=0 loops=7726)
                     Index Cond: (ca_address_sk = customer.c_current_addr_sk)
                     Filter: (ca_state = 'CA'::bpchar)
                     Rows Removed by Filter: 1
                     Buffers: shared hit=26210 read=4694
         ->  Index Scan using store_pkey on store  (cost=0.15..5.72 rows=1 width=15) (actual time=0.012..0.012 rows=1 loops=155)
               Index Cond: (s_store_sk = store_sales.ss_store_sk)
               Buffers: shared hit=301 read=7
 Planning:
   Buffers: shared hit=460
 Planning Time: 4.603 ms
 Execution Time: 79444.258 ms
(51 rows)

