                                                                            QUERY PLAN                                                                            
------------------------------------------------------------------------------------------------------------------------------------------------------------------
 Aggregate  (cost=9675286.70..9675286.71 rows=1 width=40) (actual time=80312.067..80312.072 rows=1 loops=1)
   Buffers: shared hit=810917 read=5133781
   ->  Nested Loop  (cost=19896.07..9675286.69 rows=2 width=14) (actual time=34335.829..80311.824 rows=192 loops=1)
         Join Filter: ("substring"((customer_address.ca_zip)::text, 1, 5) <> "substring"((store.s_zip)::text, 1, 5))
         Rows Removed by Join Filter: 2
         Buffers: shared hit=810917 read=5133781
         ->  Nested Loop  (cost=19895.93..9675275.20 rows=2 width=29) (actual time=34335.808..80310.022 rows=194 loops=1)
               Buffers: shared hit=810530 read=5133780
               ->  Nested Loop  (cost=19895.50..9673920.70 rows=177 width=22) (actual time=34329.444..80133.106 rows=8446 loops=1)
                     Buffers: shared hit=782249 read=5128277
                     ->  Hash Join  (cost=19895.07..9646241.79 rows=3618 width=22) (actual time=34328.130..76726.998 rows=184554 loops=1)
                           Hash Cond: (store_sales.ss_item_sk = item.i_item_sk)
                           Buffers: shared hit=55513 read=5125869
                           ->  Hash Join  (cost=2570.11..9628859.02 rows=22019 width=18) (actual time=34222.743..76432.204 rows=1002618 loops=1)
                                 Hash Cond: (store_sales.ss_sold_date_sk = date_dim.d_date_sk)
                                 Buffers: shared hit=41372 read=5125654
                                 ->  Seq Scan on store_sales  (cost=0.00..9485539.52 rows=53615846 width=22) (actual time=0.057..73016.554 rows=54283934 loops=1)
                                       Filter: ((ss_wholesale_cost >= '0'::numeric) AND (ss_wholesale_cost <= '20'::numeric))
                                       Rows Removed by Filter: 233713090
                                       Buffers: shared hit=39898 read=5125654
                                 ->  Hash  (cost=2569.73..2569.73 rows=30 width=4) (actual time=21.498..21.499 rows=30 loops=1)
                                       Buckets: 1024  Batches: 1  Memory Usage: 10kB
                                       Buffers: shared hit=1474
                                       ->  Seq Scan on date_dim  (cost=0.00..2569.73 rows=30 width=4) (actual time=12.966..21.484 rows=30 loops=1)
                                             Filter: ((d_year = 2000) AND (d_moy = 9))
                                             Rows Removed by Filter: 73019
                                             Buffers: shared hit=1474
                           ->  Hash  (cost=16906.00..16906.00 rows=33517 width=12) (actual time=105.115..105.116 rows=33627 loops=1)
                                 Buckets: 65536  Batches: 1  Memory Usage: 1957kB
                                 Buffers: shared hit=14141 read=215
                                 ->  Seq Scan on item  (cost=0.00..16906.00 rows=33517 width=12) (actual time=0.027..98.976 rows=33627 loops=1)
                                       Filter: (i_category = 'Shoes'::bpchar)
                                       Rows Removed by Filter: 170373
                                       Buffers: shared hit=14141 read=215
                     ->  Index Scan using customer_pkey on customer  (cost=0.43..7.65 rows=1 width=8) (actual time=0.018..0.018 rows=0 loops=184554)
                           Index Cond: (c_customer_sk = store_sales.ss_customer_sk)
                           Filter: (c_birth_month = 7)
                           Rows Removed by Filter: 1
                           Buffers: shared hit=726736 read=2408
               ->  Index Scan using customer_address_pkey on customer_address  (cost=0.42..7.65 rows=1 width=15) (actual time=0.021..0.021 rows=0 loops=8446)
                     Index Cond: (ca_address_sk = customer.c_current_addr_sk)
                     Filter: (ca_state = 'SC'::bpchar)
                     Rows Removed by Filter: 1
                     Buffers: shared hit=28281 read=5503
         ->  Index Scan using store_pkey on store  (cost=0.15..5.72 rows=1 width=15) (actual time=0.006..0.006 rows=1 loops=194)
               Index Cond: (s_store_sk = store_sales.ss_store_sk)
               Buffers: shared hit=387 read=1
 Planning:
   Buffers: shared hit=460
 Planning Time: 4.624 ms
 Execution Time: 80312.564 ms
(51 rows)

