                                                                            QUERY PLAN                                                                            
------------------------------------------------------------------------------------------------------------------------------------------------------------------
 Aggregate  (cost=9792698.73..9792698.74 rows=1 width=40) (actual time=92304.373..92304.379 rows=1 loops=1)
   Buffers: shared hit=2454237 read=5150243
   ->  Hash Join  (cost=20034.17..9792698.60 rows=18 width=14) (actual time=15697.135..92303.628 rows=818 loops=1)
         Hash Cond: (store_sales.ss_store_sk = store.s_store_sk)
         Join Filter: ("substring"((customer_address.ca_zip)::text, 1, 5) <> "substring"((store.s_zip)::text, 1, 5))
         Rows Removed by Join Filter: 17
         Buffers: shared hit=2454237 read=5150243
         ->  Nested Loop  (cost=20007.12..9792671.51 rows=18 width=29) (actual time=15695.178..92299.708 rows=841 loops=1)
               Buffers: shared hit=2454220 read=5150242
               ->  Nested Loop  (cost=20006.70..9788647.11 rows=526 width=22) (actual time=15665.921..91405.657 rows=38444 loops=1)
                     Buffers: shared hit=2312207 read=5138479
                     ->  Hash Join  (cost=20006.27..9730764.74 rows=7566 width=22) (actual time=15664.899..78986.502 rows=574110 loops=1)
                           Hash Cond: (store_sales.ss_item_sk = item.i_item_sk)
                           Buffers: shared hit=44466 read=5136916
                           ->  Hash Join  (cost=2570.12..9713233.06 rows=36393 width=18) (actual time=15549.848..78389.255 rows=1602773 loops=1)
                                 Hash Cond: (store_sales.ss_sold_date_sk = date_dim.d_date_sk)
                                 Buffers: shared hit=30325 read=5136701
                                 ->  Seq Scan on store_sales  (cost=0.00..9485539.52 rows=85756551 width=22) (actual time=0.051..72996.615 rows=85367142 loops=1)
                                       Filter: ((ss_wholesale_cost >= '60'::numeric) AND (ss_wholesale_cost <= '80'::numeric))
                                       Rows Removed by Filter: 202629882
                                       Buffers: shared hit=28851 read=5136701
                                 ->  Hash  (cost=2569.73..2569.73 rows=31 width=4) (actual time=19.659..19.659 rows=31 loops=1)
                                       Buckets: 1024  Batches: 1  Memory Usage: 10kB
                                       Buffers: shared hit=1474
                                       ->  Seq Scan on date_dim  (cost=0.00..2569.73 rows=31 width=4) (actual time=11.213..19.648 rows=31 loops=1)
                                             Filter: ((d_year = 1999) AND (d_moy = 3))
                                             Rows Removed by Filter: 73018
                                             Buffers: shared hit=1474
                           ->  Hash  (cost=16906.00..16906.00 rows=42412 width=12) (actual time=114.810..114.811 rows=42041 loops=1)
                                 Buckets: 65536  Batches: 1  Memory Usage: 2319kB
                                 Buffers: shared hit=14141 read=215
                                 ->  Seq Scan on item  (cost=0.00..16906.00 rows=42412 width=12) (actual time=0.016..107.962 rows=42041 loops=1)
                                       Filter: (i_category = 'Electronics'::bpchar)
                                       Rows Removed by Filter: 161959
                                       Buffers: shared hit=14141 read=215
                     ->  Index Scan using customer_pkey on customer  (cost=0.43..7.65 rows=1 width=8) (actual time=0.021..0.021 rows=0 loops=574110)
                           Index Cond: (c_customer_sk = store_sales.ss_customer_sk)
                           Filter: (c_birth_month = 12)
                           Rows Removed by Filter: 1
                           Buffers: shared hit=2267741 read=1563
               ->  Index Scan using customer_address_pkey on customer_address  (cost=0.42..7.65 rows=1 width=15) (actual time=0.023..0.023 rows=0 loops=38444)
                     Index Cond: (ca_address_sk = customer.c_current_addr_sk)
                     Filter: (ca_state = 'MO'::bpchar)
                     Rows Removed by Filter: 1
                     Buffers: shared hit=142013 read=11763
         ->  Hash  (cost=22.02..22.02 rows=402 width=15) (actual time=1.906..1.907 rows=402 loops=1)
               Buckets: 1024  Batches: 1  Memory Usage: 27kB
               Buffers: shared hit=17 read=1
               ->  Seq Scan on store  (cost=0.00..22.02 rows=402 width=15) (actual time=0.041..1.741 rows=402 loops=1)
                     Buffers: shared hit=17 read=1
 Planning:
   Buffers: shared hit=460
 Planning Time: 4.978 ms
 Execution Time: 92304.932 ms
(54 rows)

