                                                                            QUERY PLAN                                                                            
------------------------------------------------------------------------------------------------------------------------------------------------------------------
 Aggregate  (cost=9631314.79..9631314.80 rows=1 width=40) (actual time=77681.267..77681.273 rows=1 loops=1)
   Buffers: shared hit=598116 read=5127000
   ->  Nested Loop  (cost=19750.22..9631314.79 rows=1 width=14) (actual time=35211.991..77681.200 rows=35 loops=1)
         Join Filter: ("substring"((customer_address.ca_zip)::text, 1, 5) <> "substring"((store.s_zip)::text, 1, 5))
         Buffers: shared hit=598116 read=5127000
         ->  Nested Loop  (cost=19750.07..9631309.04 rows=1 width=29) (actual time=35211.972..77680.836 rows=36 loops=1)
               Buffers: shared hit=598046 read=5127000
               ->  Nested Loop  (cost=19749.65..9631109.71 rows=26 width=22) (actual time=35144.899..77651.983 rows=1920 loops=1)
                     Buffers: shared hit=591114 read=5126252
                     ->  Hash Join  (cost=19749.22..9616398.10 rows=1923 width=22) (actual time=35142.871..75531.653 rows=135643 loops=1)
                           Hash Cond: (store_sales.ss_item_sk = item.i_item_sk)
                           Buffers: shared hit=55175 read=5126207
                           ->  Hash Join  (cost=2570.12..9599171.87 rows=17954 width=18) (actual time=35035.974..75260.469 rows=1051538 loops=1)
                                 Hash Cond: (store_sales.ss_sold_date_sk = date_dim.d_date_sk)
                                 Buffers: shared hit=41537 read=5125489
                                 ->  Seq Scan on store_sales  (cost=0.00..9485539.52 rows=42307078 width=22) (actual time=0.048..72490.033 rows=43022880 loops=1)
                                       Filter: ((ss_wholesale_cost >= '3'::numeric) AND (ss_wholesale_cost <= '23'::numeric))
                                       Rows Removed by Filter: 244974144
                                       Buffers: shared hit=40063 read=5125489
                                 ->  Hash  (cost=2569.73..2569.73 rows=31 width=4) (actual time=20.467..20.468 rows=31 loops=1)
                                       Buckets: 1024  Batches: 1  Memory Usage: 10kB
                                       Buffers: shared hit=1474
                                       ->  Seq Scan on date_dim  (cost=0.00..2569.73 rows=31 width=4) (actual time=12.359..20.454 rows=31 loops=1)
                                             Filter: ((d_year = 2000) AND (d_moy = 10))
                                             Rows Removed by Filter: 73018
                                             Buffers: shared hit=1474
                           ->  Hash  (cost=16906.00..16906.00 rows=21848 width=12) (actual time=99.718..99.719 rows=21811 loops=1)
                                 Buckets: 32768  Batches: 1  Memory Usage: 1193kB
                                 Buffers: shared hit=13638 read=718
                                 ->  Seq Scan on item  (cost=0.00..16906.00 rows=21848 width=12) (actual time=0.022..96.328 rows=21811 loops=1)
                                       Filter: (i_category = 'Sports'::bpchar)
                                       Rows Removed by Filter: 182189
                                       Buffers: shared hit=13638 read=718
                     ->  Index Scan using customer_pkey on customer  (cost=0.43..7.65 rows=1 width=8) (actual time=0.015..0.015 rows=0 loops=135643)
                           Index Cond: (c_customer_sk = store_sales.ss_customer_sk)
                           Filter: (c_birth_month = 5)
                           Rows Removed by Filter: 1
                           Buffers: shared hit=535939 read=45
               ->  Index Scan using customer_address_pkey on customer_address  (cost=0.42..7.67 rows=1 width=15) (actual time=0.015..0.015 rows=0 loops=1920)
                     Index Cond: (ca_address_sk = customer.c_current_addr_sk)
                     Filter: (ca_state = 'SD'::bpchar)
                     Rows Removed by Filter: 1
                     Buffers: shared hit=6932 read=748
         ->  Index Scan using store_pkey on store  (cost=0.15..5.72 rows=1 width=15) (actual time=0.006..0.006 rows=1 loops=36)
               Index Cond: (s_store_sk = store_sales.ss_store_sk)
               Buffers: shared hit=70
 Planning:
   Buffers: shared hit=460
 Planning Time: 4.630 ms
 Execution Time: 77681.717 ms
(50 rows)

