                                                                             QUERY PLAN                                                                              
---------------------------------------------------------------------------------------------------------------------------------------------------------------------
 Aggregate  (cost=9770095.36..9770095.37 rows=1 width=40) (actual time=88809.617..88809.622 rows=1 loops=1)
   Buffers: shared hit=2961172 read=5134002
   ->  Nested Loop  (cost=2571.54..9770095.34 rows=2 width=14) (actual time=55325.272..88809.539 rows=30 loops=1)
         Join Filter: ("substring"((customer_address.ca_zip)::text, 1, 5) <> "substring"((store.s_zip)::text, 1, 5))
         Buffers: shared hit=2961172 read=5134002
         ->  Nested Loop  (cost=2571.39..9770083.86 rows=2 width=29) (actual time=55325.238..88809.042 rows=30 loops=1)
               Buffers: shared hit=2961112 read=5134002
               ->  Nested Loop  (cost=2570.97..9769755.52 rows=43 width=25) (actual time=55269.457..88778.769 rows=1083 loops=1)
                     Buffers: shared hit=2957496 read=5133286
                     ->  Nested Loop  (cost=2570.55..9757323.81 rows=1625 width=18) (actual time=55207.340..87362.712 rows=56137 loops=1)
                           Buffers: shared hit=2741567 read=5124667
                           ->  Hash Join  (cost=2570.12..9608471.16 rows=19457 width=18) (actual time=55207.048..70868.953 rows=682949 loops=1)
                                 Hash Cond: (store_sales.ss_sold_date_sk = date_dim.d_date_sk)
                                 Buffers: shared hit=42392 read=5124634
                                 ->  Seq Scan on store_sales  (cost=0.00..9485539.52 rows=45849467 width=22) (actual time=0.059..67738.966 rows=46160898 loops=1)
                                       Filter: ((ss_wholesale_cost >= '80'::numeric) AND (ss_wholesale_cost <= '100'::numeric))
                                       Rows Removed by Filter: 241836126
                                       Buffers: shared hit=40918 read=5124634
                                 ->  Hash  (cost=2569.73..2569.73 rows=31 width=4) (actual time=20.289..20.290 rows=31 loops=1)
                                       Buckets: 1024  Batches: 1  Memory Usage: 10kB
                                       Buffers: shared hit=1474
                                       ->  Seq Scan on date_dim  (cost=0.00..2569.73 rows=31 width=4) (actual time=11.859..20.275 rows=31 loops=1)
                                             Filter: ((d_year = 2002) AND (d_moy = 7))
                                             Rows Removed by Filter: 73018
                                             Buffers: shared hit=1474
                           ->  Index Scan using customer_pkey on customer  (cost=0.43..7.65 rows=1 width=8) (actual time=0.024..0.024 rows=0 loops=682949)
                                 Index Cond: (c_customer_sk = store_sales.ss_customer_sk)
                                 Filter: (c_birth_month = 11)
                                 Rows Removed by Filter: 1
                                 Buffers: shared hit=2699175 read=33
                     ->  Index Scan using customer_address_pkey on customer_address  (cost=0.42..7.65 rows=1 width=15) (actual time=0.025..0.025 rows=0 loops=56137)
                           Index Cond: (ca_address_sk = customer.c_current_addr_sk)
                           Filter: (ca_state = 'IN'::bpchar)
                           Rows Removed by Filter: 1
                           Buffers: shared hit=215929 read=8619
               ->  Index Scan using item_pkey on item  (cost=0.42..7.64 rows=1 width=12) (actual time=0.027..0.027 rows=0 loops=1083)
                     Index Cond: (i_item_sk = store_sales.ss_item_sk)
                     Filter: (i_category = 'Women'::bpchar)
                     Rows Removed by Filter: 1
                     Buffers: shared hit=3616 read=716
         ->  Index Scan using store_pkey on store  (cost=0.15..5.72 rows=1 width=15) (actual time=0.009..0.009 rows=1 loops=30)
               Index Cond: (s_store_sk = store_sales.ss_store_sk)
               Buffers: shared hit=60
 Planning:
   Buffers: shared hit=460
 Planning Time: 5.853 ms
 Execution Time: 88810.082 ms
(47 rows)

