                                                                            QUERY PLAN                                                                            
------------------------------------------------------------------------------------------------------------------------------------------------------------------
 Aggregate  (cost=9681300.86..9681300.87 rows=1 width=40) (actual time=79385.149..79385.155 rows=1 loops=1)
   Buffers: shared hit=757116 read=5148712
   ->  Nested Loop  (cost=19811.93..9681300.85 rows=1 width=14) (actual time=49487.215..79384.933 rows=152 loops=1)
         Join Filter: ("substring"((customer_address.ca_zip)::text, 1, 5) <> "substring"((store.s_zip)::text, 1, 5))
         Rows Removed by Join Filter: 3
         Buffers: shared hit=757116 read=5148712
         ->  Nested Loop  (cost=19811.79..9681295.11 rows=1 width=29) (actual time=49487.192..79383.033 rows=156 loops=1)
               Buffers: shared hit=756808 read=5148710
               ->  Nested Loop  (cost=19811.36..9679887.19 rows=184 width=22) (actual time=49313.979..79214.493 rows=9747 loops=1)
                     Buffers: shared hit=718938 read=5147592
                     ->  Hash Join  (cost=19810.93..9655513.23 rows=3186 width=22) (actual time=49313.723..76494.290 rows=173416 loops=1)
                           Hash Cond: (store_sales.ss_item_sk = item.i_item_sk)
                           Buffers: shared hit=33806 read=5147576
                           ->  Hash Join  (cost=2570.12..9638208.72 rows=24265 width=18) (actual time=49184.812..76112.468 rows=1621103 loops=1)
                                 Hash Cond: (store_sales.ss_sold_date_sk = date_dim.d_date_sk)
                                 Buffers: shared hit=33156 read=5133870
                                 ->  Seq Scan on store_sales  (cost=0.00..9485539.52 rows=57177434 width=22) (actual time=0.179..72478.254 rows=56890659 loops=1)
                                       Filter: ((ss_wholesale_cost >= '39'::numeric) AND (ss_wholesale_cost <= '59'::numeric))
                                       Rows Removed by Filter: 231106365
                                       Buffers: shared hit=31809 read=5133743
                                 ->  Hash  (cost=2569.73..2569.73 rows=31 width=4) (actual time=20.253..20.254 rows=31 loops=1)
                                       Buckets: 1024  Batches: 1  Memory Usage: 10kB
                                       Buffers: shared hit=1347 read=127
                                       ->  Seq Scan on date_dim  (cost=0.00..2569.73 rows=31 width=4) (actual time=13.040..20.241 rows=31 loops=1)
                                             Filter: ((d_year = 2001) AND (d_moy = 7))
                                             Rows Removed by Filter: 73018
                                             Buffers: shared hit=1347 read=127
                           ->  Hash  (cost=16906.00..16906.00 rows=26785 width=12) (actual time=120.152..120.153 rows=26695 loops=1)
                                 Buckets: 32768  Batches: 1  Memory Usage: 1403kB
                                 Buffers: shared hit=650 read=13706
                                 ->  Seq Scan on item  (cost=0.00..16906.00 rows=26785 width=12) (actual time=0.014..115.315 rows=26695 loops=1)
                                       Filter: (i_category = 'Children'::bpchar)
                                       Rows Removed by Filter: 177305
                                       Buffers: shared hit=650 read=13706
                     ->  Index Scan using customer_pkey on customer  (cost=0.43..7.65 rows=1 width=8) (actual time=0.015..0.015 rows=0 loops=173416)
                           Index Cond: (c_customer_sk = store_sales.ss_customer_sk)
                           Filter: (c_birth_month = 3)
                           Rows Removed by Filter: 1
                           Buffers: shared hit=685132 read=16
               ->  Index Scan using customer_address_pkey on customer_address  (cost=0.42..7.65 rows=1 width=15) (actual time=0.017..0.017 rows=0 loops=9747)
                     Index Cond: (ca_address_sk = customer.c_current_addr_sk)
                     Filter: (ca_state = 'MD'::bpchar)
                     Rows Removed by Filter: 1
                     Buffers: shared hit=37870 read=1118
         ->  Index Scan using store_pkey on store  (cost=0.15..5.72 rows=1 width=15) (actual time=0.008..0.008 rows=1 loops=156)
               Index Cond: (s_store_sk = store_sales.ss_store_sk)
               Buffers: shared hit=308 read=2
 Planning:
   Buffers: shared hit=460
 Planning Time: 4.595 ms
 Execution Time: 79385.617 ms
(51 rows)

