                                                                            QUERY PLAN                                                                            
------------------------------------------------------------------------------------------------------------------------------------------------------------------
 Aggregate  (cost=9638775.64..9638775.65 rows=1 width=40) (actual time=69275.792..69275.798 rows=1 loops=1)
   Buffers: shared hit=175867 read=5132945
   ->  Nested Loop  (cost=19688.67..9638775.62 rows=3 width=14) (actual time=15848.655..69275.744 rows=31 loops=1)
         Join Filter: ("substring"((customer_address.ca_zip)::text, 1, 5) <> "substring"((store.s_zip)::text, 1, 5))
         Rows Removed by Join Filter: 2
         Buffers: shared hit=175867 read=5132945
         ->  Nested Loop  (cost=19688.53..9638758.39 rows=3 width=29) (actual time=15848.635..69275.404 rows=33 loops=1)
               Buffers: shared hit=175802 read=5132944
               ->  Nested Loop  (cost=19688.10..9637587.97 rows=153 width=22) (actual time=15759.883..69245.576 rows=2903 loops=1)
                     Buffers: shared hit=164724 read=5132410
                     ->  Hash Join  (cost=19687.67..9625638.14 rows=1562 width=22) (actual time=15759.768..68980.227 rows=29292 loops=1)
                           Hash Cond: (store_sales.ss_item_sk = item.i_item_sk)
                           Buffers: shared hit=48973 read=5132409
                           ->  Hash Join  (cost=2570.11..9608471.14 rows=18830 width=18) (actual time=15658.195..68791.482 rows=694904 loops=1)
                                 Hash Cond: (store_sales.ss_sold_date_sk = date_dim.d_date_sk)
                                 Buffers: shared hit=34792 read=5132234
                                 ->  Seq Scan on store_sales  (cost=0.00..9485539.52 rows=45849467 width=22) (actual time=0.081..65892.801 rows=46160898 loops=1)
                                       Filter: ((ss_wholesale_cost >= '80'::numeric) AND (ss_wholesale_cost <= '100'::numeric))
                                       Rows Removed by Filter: 241836126
                                       Buffers: shared hit=33318 read=5132234
                                 ->  Hash  (cost=2569.73..2569.73 rows=30 width=4) (actual time=30.094..30.095 rows=31 loops=1)
                                       Buckets: 1024  Batches: 1  Memory Usage: 10kB
                                       Buffers: shared hit=1474
                                       ->  Seq Scan on date_dim  (cost=0.00..2569.73 rows=30 width=4) (actual time=19.306..30.080 rows=31 loops=1)
                                             Filter: ((d_year = 1999) AND (d_moy = 5))
                                             Rows Removed by Filter: 73018
                                             Buffers: shared hit=1474
                           ->  Hash  (cost=16906.00..16906.00 rows=16925 width=12) (actual time=101.400..101.400 rows=17141 loops=1)
                                 Buckets: 32768  Batches: 1  Memory Usage: 993kB
                                 Buffers: shared hit=14181 read=175
                                 ->  Seq Scan on item  (cost=0.00..16906.00 rows=16925 width=12) (actual time=0.016..98.705 rows=17141 loops=1)
                                       Filter: (i_category = 'Home'::bpchar)
                                       Rows Removed by Filter: 186859
                                       Buffers: shared hit=14181 read=175
                     ->  Index Scan using customer_pkey on customer  (cost=0.43..7.65 rows=1 width=8) (actual time=0.009..0.009 rows=0 loops=29292)
                           Index Cond: (c_customer_sk = store_sales.ss_customer_sk)
                           Filter: (c_birth_month = 2)
                           Rows Removed by Filter: 1
                           Buffers: shared hit=115751 read=1
               ->  Index Scan using customer_address_pkey on customer_address  (cost=0.42..7.65 rows=1 width=15) (actual time=0.010..0.010 rows=0 loops=2903)
                     Index Cond: (ca_address_sk = customer.c_current_addr_sk)
                     Filter: (ca_state = 'AR'::bpchar)
                     Rows Removed by Filter: 1
                     Buffers: shared hit=11078 read=534
         ->  Index Scan using store_pkey on store  (cost=0.15..5.72 rows=1 width=15) (actual time=0.006..0.006 rows=1 loops=33)
               Index Cond: (s_store_sk = store_sales.ss_store_sk)
               Buffers: shared hit=65 read=1
 Planning:
   Buffers: shared hit=460
 Planning Time: 5.584 ms
 Execution Time: 69276.379 ms
(51 rows)

