                                                                            QUERY PLAN                                                                            
------------------------------------------------------------------------------------------------------------------------------------------------------------------
 Aggregate  (cost=9692398.85..9692398.86 rows=1 width=40) (actual time=92504.536..92504.541 rows=1 loops=1)
   Buffers: shared hit=2804728 read=5132918
   ->  Nested Loop  (cost=2571.54..9692398.82 rows=3 width=14) (actual time=42872.532..92504.358 rows=76 loops=1)
         Join Filter: ("substring"((customer_address.ca_zip)::text, 1, 5) <> "substring"((store.s_zip)::text, 1, 5))
         Buffers: shared hit=2804728 read=5132918
         ->  Nested Loop  (cost=2571.39..9692381.59 rows=3 width=29) (actual time=42872.498..92503.228 rows=76 loops=1)
               Buffers: shared hit=2804577 read=5132917
               ->  Nested Loop  (cost=2570.97..9691891.93 rows=64 width=22) (actual time=42843.330..92369.700 rows=4786 loops=1)
                     Buffers: shared hit=2786577 read=5131773
                     ->  Nested Loop  (cost=2570.54..9684792.41 rows=928 width=22) (actual time=42837.203..90663.747 rows=69801 loops=1)
                           Buffers: shared hit=2510746 read=5131760
                           ->  Hash Join  (cost=2570.12..9576137.86 rows=14230 width=18) (actual time=42837.025..76342.607 rows=618870 loops=1)
                                 Hash Cond: (store_sales.ss_sold_date_sk = date_dim.d_date_sk)
                                 Buffers: shared hit=35729 read=5131297
                                 ->  Seq Scan on store_sales  (cost=0.00..9485539.52 rows=33532703 width=22) (actual time=0.067..73941.150 rows=33748947 loops=1)
                                       Filter: ((ss_wholesale_cost >= '33'::numeric) AND (ss_wholesale_cost <= '53'::numeric))
                                       Rows Removed by Filter: 254248077
                                       Buffers: shared hit=34255 read=5131297
                                 ->  Hash  (cost=2569.73..2569.73 rows=31 width=4) (actual time=22.201..22.202 rows=31 loops=1)
                                       Buckets: 1024  Batches: 1  Memory Usage: 10kB
                                       Buffers: shared hit=1474
                                       ->  Seq Scan on date_dim  (cost=0.00..2569.73 rows=31 width=4) (actual time=12.763..22.185 rows=31 loops=1)
                                             Filter: ((d_year = 2001) AND (d_moy = 3))
                                             Rows Removed by Filter: 73018
                                             Buffers: shared hit=1474
                           ->  Index Scan using item_pkey on item  (cost=0.42..7.64 rows=1 width=12) (actual time=0.023..0.023 rows=0 loops=618870)
                                 Index Cond: (i_item_sk = store_sales.ss_item_sk)
                                 Filter: (i_category = 'Men'::bpchar)
                                 Rows Removed by Filter: 1
                                 Buffers: shared hit=2475017 read=463
                     ->  Index Scan using customer_pkey on customer  (cost=0.43..7.65 rows=1 width=8) (actual time=0.024..0.024 rows=0 loops=69801)
                           Index Cond: (c_customer_sk = store_sales.ss_customer_sk)
                           Filter: (c_birth_month = 12)
                           Rows Removed by Filter: 1
                           Buffers: shared hit=275831 read=13
               ->  Index Scan using customer_address_pkey on customer_address  (cost=0.42..7.65 rows=1 width=15) (actual time=0.027..0.027 rows=0 loops=4786)
                     Index Cond: (ca_address_sk = customer.c_current_addr_sk)
                     Filter: (ca_state = 'GA'::bpchar)
                     Rows Removed by Filter: 1
                     Buffers: shared hit=18000 read=1144
         ->  Index Scan using store_pkey on store  (cost=0.15..5.72 rows=1 width=15) (actual time=0.009..0.009 rows=1 loops=76)
               Index Cond: (s_store_sk = store_sales.ss_store_sk)
               Buffers: shared hit=151 read=1
 Planning:
   Buffers: shared hit=460
 Planning Time: 4.944 ms
 Execution Time: 92505.069 ms
(47 rows)

