                                                                            QUERY PLAN                                                                            
------------------------------------------------------------------------------------------------------------------------------------------------------------------
 Aggregate  (cost=9745918.27..9745918.28 rows=1 width=40) (actual time=76822.814..76822.821 rows=1 loops=1)
   Buffers: shared hit=385673 read=5132367
   ->  Hash Join  (cost=19817.16..9745918.21 rows=9 width=14) (actual time=2973.752..76822.660 rows=115 loops=1)
         Hash Cond: (store_sales.ss_store_sk = store.s_store_sk)
         Join Filter: ("substring"((customer_address.ca_zip)::text, 1, 5) <> "substring"((store.s_zip)::text, 1, 5))
         Rows Removed by Join Filter: 1
         Buffers: shared hit=385673 read=5132367
         ->  Nested Loop  (cost=19790.11..9745891.14 rows=9 width=29) (actual time=2973.121..76821.723 rows=117 loops=1)
               Buffers: shared hit=385655 read=5132367
               ->  Nested Loop  (cost=19789.69..9743274.74 rows=342 width=22) (actual time=2970.934..76694.675 rows=6455 loops=1)
                     Buffers: shared hit=361432 read=5130770
                     ->  Hash Join  (cost=19789.26..9711916.05 rows=4099 width=22) (actual time=2970.366..75304.206 rows=78677 loops=1)
                           Hash Cond: (store_sales.ss_item_sk = item.i_item_sk)
                           Buffers: shared hit=50642 read=5130740
                           ->  Hash Join  (cost=2570.12..9694609.28 rows=33382 width=18) (actual time=2849.017..75048.396 rows=896134 loops=1)
                                 Hash Cond: (store_sales.ss_sold_date_sk = date_dim.d_date_sk)
                                 Buffers: shared hit=36597 read=5130429
                                 ->  Seq Scan on store_sales  (cost=0.00..9485539.52 rows=78662172 width=22) (actual time=0.042..70299.575 rows=78419996 loops=1)
                                       Filter: ((ss_wholesale_cost >= '72'::numeric) AND (ss_wholesale_cost <= '92'::numeric))
                                       Rows Removed by Filter: 209577028
                                       Buffers: shared hit=35123 read=5130429
                                 ->  Hash  (cost=2569.73..2569.73 rows=31 width=4) (actual time=20.664..20.665 rows=31 loops=1)
                                       Buckets: 1024  Batches: 1  Memory Usage: 10kB
                                       Buffers: shared hit=1474
                                       ->  Seq Scan on date_dim  (cost=0.00..2569.73 rows=31 width=4) (actual time=11.171..20.653 rows=31 loops=1)
                                             Filter: ((d_year = 1998) AND (d_moy = 3))
                                             Rows Removed by Filter: 73018
                                             Buffers: shared hit=1474
                           ->  Hash  (cost=16906.00..16906.00 rows=25051 width=12) (actual time=121.190..121.191 rows=24688 loops=1)
                                 Buckets: 32768  Batches: 1  Memory Usage: 1317kB
                                 Buffers: shared hit=14045 read=311
                                 ->  Seq Scan on item  (cost=0.00..16906.00 rows=25051 width=12) (actual time=0.016..116.307 rows=24688 loops=1)
                                       Filter: (i_category = 'Books'::bpchar)
                                       Rows Removed by Filter: 179312
                                       Buffers: shared hit=14045 read=311
                     ->  Index Scan using customer_pkey on customer  (cost=0.43..7.65 rows=1 width=8) (actual time=0.017..0.017 rows=0 loops=78677)
                           Index Cond: (c_customer_sk = store_sales.ss_customer_sk)
                           Filter: (c_birth_month = 11)
                           Rows Removed by Filter: 1
                           Buffers: shared hit=310790 read=30
               ->  Index Scan using customer_address_pkey on customer_address  (cost=0.42..7.65 rows=1 width=15) (actual time=0.019..0.019 rows=0 loops=6455)
                     Index Cond: (ca_address_sk = customer.c_current_addr_sk)
                     Filter: (ca_state = 'MS'::bpchar)
                     Rows Removed by Filter: 1
                     Buffers: shared hit=24223 read=1597
         ->  Hash  (cost=22.02..22.02 rows=402 width=15) (actual time=0.602..0.603 rows=402 loops=1)
               Buckets: 1024  Batches: 1  Memory Usage: 27kB
               Buffers: shared hit=18
               ->  Seq Scan on store  (cost=0.00..22.02 rows=402 width=15) (actual time=0.024..0.494 rows=402 loops=1)
                     Buffers: shared hit=18
 Planning:
   Buffers: shared hit=460
 Planning Time: 4.734 ms
 Execution Time: 76823.229 ms
(54 rows)

