                                                                             QUERY PLAN                                                                              
---------------------------------------------------------------------------------------------------------------------------------------------------------------------
 Aggregate  (cost=9724673.39..9724673.40 rows=1 width=40) (actual time=86064.880..86064.886 rows=1 loops=1)
   Buffers: shared hit=1753976 read=5138962
   ->  Nested Loop  (cost=2571.53..9724673.38 rows=1 width=14) (actual time=67701.776..86064.856 rows=8 loops=1)
         Join Filter: ("substring"((customer_address.ca_zip)::text, 1, 5) <> "substring"((store.s_zip)::text, 1, 5))
         Buffers: shared hit=1753976 read=5138962
         ->  Nested Loop  (cost=2571.38..9724667.64 rows=1 width=29) (actual time=67701.731..86064.702 rows=8 loops=1)
               Buffers: shared hit=1753960 read=5138962
               ->  Nested Loop  (cost=2570.96..9724499.65 rows=22 width=25) (actual time=66849.982..86046.657 rows=677 loops=1)
                     Buffers: shared hit=1751252 read=5138962
                     ->  Nested Loop  (cost=2570.54..9714210.01 rows=1345 width=18) (actual time=66849.829..85270.126 rows=32313 loops=1)
                           Buffers: shared hit=1627629 read=5133333
                           ->  Hash Join  (cost=2570.11..9591031.83 rows=16101 width=18) (actual time=66849.000..75828.017 rows=403342 loops=1)
                                 Hash Cond: (store_sales.ss_sold_date_sk = date_dim.d_date_sk)
                                 Buffers: shared hit=34094 read=5132932
                                 ->  Seq Scan on store_sales  (cost=0.00..9485539.52 rows=39206286 width=22) (actual time=0.054..73216.371 rows=39350281 loops=1)
                                       Filter: ((ss_wholesale_cost >= '30'::numeric) AND (ss_wholesale_cost <= '50'::numeric))
                                       Rows Removed by Filter: 248646743
                                       Buffers: shared hit=32620 read=5132932
                                 ->  Hash  (cost=2569.73..2569.73 rows=30 width=4) (actual time=20.069..20.070 rows=31 loops=1)
                                       Buckets: 1024  Batches: 1  Memory Usage: 10kB
                                       Buffers: shared hit=1474
                                       ->  Seq Scan on date_dim  (cost=0.00..2569.73 rows=30 width=4) (actual time=12.078..20.055 rows=31 loops=1)
                                             Filter: ((d_year = 2002) AND (d_moy = 12))
                                             Rows Removed by Filter: 73018
                                             Buffers: shared hit=1474
                           ->  Index Scan using customer_pkey on customer  (cost=0.43..7.65 rows=1 width=8) (actual time=0.023..0.023 rows=0 loops=403342)
                                 Index Cond: (c_customer_sk = store_sales.ss_customer_sk)
                                 Filter: (c_birth_month = 11)
                                 Rows Removed by Filter: 1
                                 Buffers: shared hit=1593535 read=401
                     ->  Index Scan using customer_address_pkey on customer_address  (cost=0.42..7.65 rows=1 width=15) (actual time=0.024..0.024 rows=0 loops=32313)
                           Index Cond: (ca_address_sk = customer.c_current_addr_sk)
                           Filter: (ca_state = 'NY'::bpchar)
                           Rows Removed by Filter: 1
                           Buffers: shared hit=123623 read=5629
               ->  Index Scan using item_pkey on item  (cost=0.42..7.64 rows=1 width=12) (actual time=0.026..0.026 rows=0 loops=677)
                     Index Cond: (i_item_sk = store_sales.ss_item_sk)
                     Filter: (i_category = 'Jewelry'::bpchar)
                     Rows Removed by Filter: 1
                     Buffers: shared hit=2708
         ->  Index Scan using store_pkey on store  (cost=0.15..5.72 rows=1 width=15) (actual time=0.011..0.011 rows=1 loops=8)
               Index Cond: (s_store_sk = store_sales.ss_store_sk)
               Buffers: shared hit=16
 Planning:
   Buffers: shared hit=460
 Planning Time: 4.718 ms
 Execution Time: 86065.265 ms
(47 rows)

