                                                                            QUERY PLAN                                                                            
------------------------------------------------------------------------------------------------------------------------------------------------------------------
 Aggregate  (cost=9677114.85..9677114.86 rows=1 width=40) (actual time=71485.115..71485.120 rows=1 loops=1)
   Buffers: shared hit=232965 read=5128387
   ->  Nested Loop  (cost=19750.21..9677114.82 rows=4 width=14) (actual time=62785.039..71485.042 rows=53 loops=1)
         Join Filter: ("substring"((customer_address.ca_zip)::text, 1, 5) <> "substring"((store.s_zip)::text, 1, 5))
         Buffers: shared hit=232965 read=5128387
         ->  Nested Loop  (cost=19750.06..9677091.84 rows=4 width=29) (actual time=62785.015..71484.536 rows=53 loops=1)
               Buffers: shared hit=232860 read=5128386
               ->  Nested Loop  (cost=19749.64..9675745.28 rows=176 width=22) (actual time=62728.343..71432.406 rows=2878 loops=1)
                     Buffers: shared hit=222408 read=5127326
                     ->  Hash Join  (cost=19749.21..9656382.28 rows=2531 width=22) (actual time=62728.247..70793.715 rows=42608 loops=1)
                           Hash Cond: (store_sales.ss_item_sk = item.i_item_sk)
                           Buffers: shared hit=54089 read=5127293
                           ->  Hash Join  (cost=2570.11..9639141.16 rows=23628 width=18) (actual time=62626.683..70607.944 rows=592208 loops=1)
                                 Hash Cond: (store_sales.ss_sold_date_sk = date_dim.d_date_sk)
                                 Buffers: shared hit=39961 read=5127065
                                 ->  Seq Scan on store_sales  (cost=0.00..9485539.52 rows=57532634 width=22) (actual time=0.224..67095.080 rows=57752041 loops=1)
                                       Filter: ((ss_wholesale_cost >= '79'::numeric) AND (ss_wholesale_cost <= '99'::numeric))
                                       Rows Removed by Filter: 230244983
                                       Buffers: shared hit=38487 read=5127065
                                 ->  Hash  (cost=2569.73..2569.73 rows=30 width=4) (actual time=21.804..21.805 rows=31 loops=1)
                                       Buckets: 1024  Batches: 1  Memory Usage: 10kB
                                       Buffers: shared hit=1474
                                       ->  Seq Scan on date_dim  (cost=0.00..2569.73 rows=30 width=4) (actual time=14.750..21.792 rows=31 loops=1)
                                             Filter: ((d_year = 2002) AND (d_moy = 12))
                                             Rows Removed by Filter: 73018
                                             Buffers: shared hit=1474
                           ->  Hash  (cost=16906.00..16906.00 rows=21848 width=12) (actual time=101.407..101.407 rows=21811 loops=1)
                                 Buckets: 32768  Batches: 1  Memory Usage: 1193kB
                                 Buffers: shared hit=14128 read=228
                                 ->  Seq Scan on item  (cost=0.00..16906.00 rows=21848 width=12) (actual time=0.024..98.264 rows=21811 loops=1)
                                       Filter: (i_category = 'Sports'::bpchar)
                                       Rows Removed by Filter: 182189
                                       Buffers: shared hit=14128 read=228
                     ->  Index Scan using customer_pkey on customer  (cost=0.43..7.65 rows=1 width=8) (actual time=0.015..0.015 rows=0 loops=42608)
                           Index Cond: (c_customer_sk = store_sales.ss_customer_sk)
                           Filter: (c_birth_month = 12)
                           Rows Removed by Filter: 1
                           Buffers: shared hit=168319 read=33
               ->  Index Scan using customer_address_pkey on customer_address  (cost=0.42..7.65 rows=1 width=15) (actual time=0.018..0.018 rows=0 loops=2878)
                     Index Cond: (ca_address_sk = customer.c_current_addr_sk)
                     Filter: (ca_state = 'CO'::bpchar)
                     Rows Removed by Filter: 1
                     Buffers: shared hit=10452 read=1060
         ->  Index Scan using store_pkey on store  (cost=0.15..5.72 rows=1 width=15) (actual time=0.006..0.006 rows=1 loops=53)
               Index Cond: (s_store_sk = store_sales.ss_store_sk)
               Buffers: shared hit=105 read=1
 Planning:
   Buffers: shared hit=460
 Planning Time: 7.071 ms
 Execution Time: 71485.719 ms
(50 rows)

