                                                                            QUERY PLAN                                                                            
------------------------------------------------------------------------------------------------------------------------------------------------------------------
 Aggregate  (cost=9649843.44..9649843.45 rows=1 width=40) (actual time=71737.987..71737.993 rows=1 loops=1)
   Buffers: shared hit=440843 read=5125701
   ->  Nested Loop  (cost=19896.07..9649843.43 rows=1 width=14) (actual time=10747.294..71737.922 rows=33 loops=1)
         Join Filter: ("substring"((customer_address.ca_zip)::text, 1, 5) <> "substring"((store.s_zip)::text, 1, 5))
         Buffers: shared hit=440843 read=5125701
         ->  Nested Loop  (cost=19895.93..9649837.68 rows=1 width=29) (actual time=10747.271..71737.556 rows=34 loops=1)
               Buffers: shared hit=440777 read=5125701
               ->  Nested Loop  (cost=19895.50..9649515.69 rows=42 width=22) (actual time=10608.399..71713.812 rows=1308 loops=1)
                     Buffers: shared hit=436177 read=5125069
                     ->  Hash Join  (cost=19895.07..9625845.54 rows=3094 width=22) (actual time=10608.137..69960.364 rows=96088 loops=1)
                           Hash Cond: (store_sales.ss_item_sk = item.i_item_sk)
                           Buffers: shared hit=56339 read=5125043
                           ->  Hash Join  (cost=2570.11..9608471.14 rows=18830 width=18) (actual time=10500.748..69735.531 rows=668321 loops=1)
                                 Hash Cond: (store_sales.ss_sold_date_sk = date_dim.d_date_sk)
                                 Buffers: shared hit=42294 read=5124732
                                 ->  Seq Scan on store_sales  (cost=0.00..9485539.52 rows=45849467 width=22) (actual time=0.857..66807.933 rows=46160898 loops=1)
                                       Filter: ((ss_wholesale_cost >= '80'::numeric) AND (ss_wholesale_cost <= '100'::numeric))
                                       Rows Removed by Filter: 241836126
                                       Buffers: shared hit=40820 read=5124732
                                 ->  Hash  (cost=2569.73..2569.73 rows=30 width=4) (actual time=23.672..23.673 rows=31 loops=1)
                                       Buckets: 1024  Batches: 1  Memory Usage: 10kB
                                       Buffers: shared hit=1474
                                       ->  Seq Scan on date_dim  (cost=0.00..2569.73 rows=30 width=4) (actual time=13.080..23.657 rows=31 loops=1)
                                             Filter: ((d_year = 1998) AND (d_moy = 12))
                                             Rows Removed by Filter: 73018
                                             Buffers: shared hit=1474
                           ->  Hash  (cost=16906.00..16906.00 rows=33517 width=12) (actual time=107.132..107.133 rows=33627 loops=1)
                                 Buckets: 65536  Batches: 1  Memory Usage: 1957kB
                                 Buffers: shared hit=14045 read=311
                                 ->  Seq Scan on item  (cost=0.00..16906.00 rows=33517 width=12) (actual time=0.028..102.197 rows=33627 loops=1)
                                       Filter: (i_category = 'Shoes'::bpchar)
                                       Rows Removed by Filter: 170373
                                       Buffers: shared hit=14045 read=311
                     ->  Index Scan using customer_pkey on customer  (cost=0.43..7.65 rows=1 width=8) (actual time=0.018..0.018 rows=0 loops=96088)
                           Index Cond: (c_customer_sk = store_sales.ss_customer_sk)
                           Filter: (c_birth_month = 5)
                           Rows Removed by Filter: 1
                           Buffers: shared hit=379838 read=26
               ->  Index Scan using customer_address_pkey on customer_address  (cost=0.42..7.67 rows=1 width=15) (actual time=0.018..0.018 rows=0 loops=1308)
                     Index Cond: (ca_address_sk = customer.c_current_addr_sk)
                     Filter: (ca_state = 'TN'::bpchar)
                     Rows Removed by Filter: 1
                     Buffers: shared hit=4600 read=632
         ->  Index Scan using store_pkey on store  (cost=0.15..5.72 rows=1 width=15) (actual time=0.006..0.006 rows=1 loops=34)
               Index Cond: (s_store_sk = store_sales.ss_store_sk)
               Buffers: shared hit=66
 Planning:
   Buffers: shared hit=460
 Planning Time: 4.952 ms
 Execution Time: 71738.571 ms
(50 rows)

