                                                                             QUERY PLAN                                                                             
--------------------------------------------------------------------------------------------------------------------------------------------------------------------
 Aggregate  (cost=9526392.54..9526392.55 rows=1 width=40) (actual time=66567.037..66567.043 rows=1 loops=1)
   Buffers: shared hit=478144 read=5128072
   ->  Nested Loop  (cost=2571.54..9526392.53 rows=1 width=14) (actual time=6414.536..66567.022 rows=5 loops=1)
         Join Filter: ("substring"((customer_address.ca_zip)::text, 1, 5) <> "substring"((store.s_zip)::text, 1, 5))
         Buffers: shared hit=478144 read=5128072
         ->  Nested Loop  (cost=2571.39..9526386.79 rows=1 width=29) (actual time=6414.500..66566.935 rows=5 loops=1)
               Buffers: shared hit=478135 read=5128071
               ->  Nested Loop  (cost=2570.97..9526325.70 rows=8 width=25) (actual time=6191.695..66565.802 rows=77 loops=1)
                     Buffers: shared hit=477827 read=5128071
                     ->  Nested Loop  (cost=2570.55..9525147.33 rows=154 width=18) (actual time=6159.704..66445.095 rows=5910 loops=1)
                           Buffers: shared hit=457494 read=5124764
                           ->  Hash Join  (cost=2570.12..9504666.91 rows=2677 width=18) (actual time=6159.652..64434.604 rows=105056 loops=1)
                                 Hash Cond: (store_sales.ss_sold_date_sk = date_dim.d_date_sk)
                                 Buffers: shared hit=42296 read=5124730
                                 ->  Seq Scan on store_sales  (cost=0.00..9485539.52 rows=6307182 width=22) (actual time=0.729..63907.673 rows=6221765 loops=1)
                                       Filter: ((ss_wholesale_cost >= '100'::numeric) AND (ss_wholesale_cost <= '120'::numeric))
                                       Rows Removed by Filter: 281775259
                                       Buffers: shared hit=40822 read=5124730
                                 ->  Hash  (cost=2569.73..2569.73 rows=31 width=4) (actual time=30.048..30.049 rows=31 loops=1)
                                       Buckets: 1024  Batches: 1  Memory Usage: 10kB
                                       Buffers: shared hit=1474
                                       ->  Seq Scan on date_dim  (cost=0.00..2569.73 rows=31 width=4) (actual time=19.145..30.031 rows=31 loops=1)
                                             Filter: ((d_year = 1998) AND (d_moy = 7))
                                             Rows Removed by Filter: 73018
                                             Buffers: shared hit=1474
                           ->  Index Scan using customer_pkey on customer  (cost=0.43..7.65 rows=1 width=8) (actual time=0.019..0.019 rows=0 loops=105056)
                                 Index Cond: (c_customer_sk = store_sales.ss_customer_sk)
                                 Filter: (c_birth_month = 3)
                                 Rows Removed by Filter: 1
                                 Buffers: shared hit=415198 read=34
                     ->  Index Scan using customer_address_pkey on customer_address  (cost=0.42..7.65 rows=1 width=15) (actual time=0.020..0.020 rows=0 loops=5910)
                           Index Cond: (ca_address_sk = customer.c_current_addr_sk)
                           Filter: (ca_state = 'VA'::bpchar)
                           Rows Removed by Filter: 1
                           Buffers: shared hit=20333 read=3307
               ->  Index Scan using item_pkey on item  (cost=0.42..7.64 rows=1 width=12) (actual time=0.013..0.013 rows=0 loops=77)
                     Index Cond: (i_item_sk = store_sales.ss_item_sk)
                     Filter: (i_category = 'Sports'::bpchar)
                     Rows Removed by Filter: 1
                     Buffers: shared hit=308
         ->  Index Scan using store_pkey on store  (cost=0.15..5.72 rows=1 width=15) (actual time=0.011..0.011 rows=1 loops=5)
               Index Cond: (s_store_sk = store_sales.ss_store_sk)
               Buffers: shared hit=9 read=1
 Planning:
   Buffers: shared hit=460
 Planning Time: 5.651 ms
 Execution Time: 66567.579 ms
(47 rows)

