                                                                            QUERY PLAN                                                                            
------------------------------------------------------------------------------------------------------------------------------------------------------------------
 Aggregate  (cost=9651430.65..9651430.66 rows=1 width=40) (actual time=74537.260..74537.265 rows=1 loops=1)
   Buffers: shared hit=1045226 read=5142758
   ->  Hash Join  (cost=19922.96..9651430.44 rows=28 width=14) (actual time=33565.846..74536.819 rows=398 loops=1)
         Hash Cond: (store_sales.ss_store_sk = store.s_store_sk)
         Join Filter: ("substring"((customer_address.ca_zip)::text, 1, 5) <> "substring"((store.s_zip)::text, 1, 5))
         Rows Removed by Join Filter: 13
         Buffers: shared hit=1045226 read=5142758
         ->  Nested Loop  (cost=19895.91..9651403.32 rows=28 width=29) (actual time=33564.343..74534.298 rows=415 loops=1)
               Buffers: shared hit=1045212 read=5142754
               ->  Nested Loop  (cost=19895.49..9648726.04 rows=350 width=22) (actual time=33560.384..73998.148 rows=26274 loops=1)
                     Buffers: shared hit=946689 read=5136181
                     ->  Hash Join  (cost=19895.06..9625843.88 rows=2991 width=22) (actual time=33560.299..69740.383 rows=228162 loops=1)
                           Hash Cond: (store_sales.ss_item_sk = item.i_item_sk)
                           Buffers: shared hit=45213 read=5136169
                           ->  Hash Join  (cost=2570.10..9608471.13 rows=18202 width=18) (actual time=33449.079..69384.968 rows=1235747 loops=1)
                                 Hash Cond: (store_sales.ss_sold_date_sk = date_dim.d_date_sk)
                                 Buffers: shared hit=31221 read=5135805
                                 ->  Seq Scan on store_sales  (cost=0.00..9485539.52 rows=45849467 width=22) (actual time=0.035..66371.305 rows=46160898 loops=1)
                                       Filter: ((ss_wholesale_cost >= '80'::numeric) AND (ss_wholesale_cost <= '100'::numeric))
                                       Rows Removed by Filter: 241836126
                                       Buffers: shared hit=29747 read=5135805
                                 ->  Hash  (cost=2569.73..2569.73 rows=29 width=4) (actual time=23.262..23.263 rows=30 loops=1)
                                       Buckets: 1024  Batches: 1  Memory Usage: 10kB
                                       Buffers: shared hit=1474
                                       ->  Seq Scan on date_dim  (cost=0.00..2569.73 rows=29 width=4) (actual time=13.892..23.253 rows=30 loops=1)
                                             Filter: ((d_year = 2000) AND (d_moy = 11))
                                             Rows Removed by Filter: 73019
                                             Buffers: shared hit=1474
                           ->  Hash  (cost=16906.00..16906.00 rows=33517 width=12) (actual time=110.984..110.984 rows=33627 loops=1)
                                 Buckets: 65536  Batches: 1  Memory Usage: 1957kB
                                 Buffers: shared hit=13992 read=364
                                 ->  Seq Scan on item  (cost=0.00..16906.00 rows=33517 width=12) (actual time=0.026..105.626 rows=33627 loops=1)
                                       Filter: (i_category = 'Shoes'::bpchar)
                                       Rows Removed by Filter: 170373
                                       Buffers: shared hit=13992 read=364
                     ->  Index Scan using customer_pkey on customer  (cost=0.43..7.65 rows=1 width=8) (actual time=0.018..0.018 rows=0 loops=228162)
                           Index Cond: (c_customer_sk = store_sales.ss_customer_sk)
                           Filter: (c_birth_month = 8)
                           Rows Removed by Filter: 1
                           Buffers: shared hit=901476 read=12
               ->  Index Scan using customer_address_pkey on customer_address  (cost=0.42..7.65 rows=1 width=15) (actual time=0.020..0.020 rows=0 loops=26274)
                     Index Cond: (ca_address_sk = customer.c_current_addr_sk)
                     Filter: (ca_state = 'TX'::bpchar)
                     Rows Removed by Filter: 1
                     Buffers: shared hit=98523 read=6573
         ->  Hash  (cost=22.02..22.02 rows=402 width=15) (actual time=1.476..1.477 rows=402 loops=1)
               Buckets: 1024  Batches: 1  Memory Usage: 27kB
               Buffers: shared hit=14 read=4
               ->  Seq Scan on store  (cost=0.00..22.02 rows=402 width=15) (actual time=0.028..1.361 rows=402 loops=1)
                     Buffers: shared hit=14 read=4
 Planning:
   Buffers: shared hit=460
 Planning Time: 3.837 ms
 Execution Time: 74537.766 ms
(54 rows)

