                                                                            QUERY PLAN                                                                            
------------------------------------------------------------------------------------------------------------------------------------------------------------------
 Aggregate  (cost=9689867.75..9689867.76 rows=1 width=40) (actual time=91226.314..91226.319 rows=1 loops=1)
   Buffers: shared hit=2691114 read=5134310
   ->  Nested Loop  (cost=2571.54..9689867.71 rows=6 width=14) (actual time=15105.054..91226.076 rows=103 loops=1)
         Join Filter: ("substring"((customer_address.ca_zip)::text, 1, 5) <> "substring"((store.s_zip)::text, 1, 5))
         Buffers: shared hit=2691114 read=5134310
         ->  Nested Loop  (cost=2571.39..9689833.25 rows=6 width=29) (actual time=15105.023..91222.281 rows=103 loops=1)
               Buffers: shared hit=2690908 read=5134310
               ->  Nested Loop  (cost=2570.97..9688525.20 rows=171 width=22) (actual time=15079.320..91060.715 rows=6037 loops=1)
                     Buffers: shared hit=2668285 read=5132785
                     ->  Nested Loop  (cost=2570.54..9677309.79 rows=1466 width=22) (actual time=15075.766..89729.556 rows=51968 loops=1)
                           Buffers: shared hit=2463036 read=5132762
                           ->  Hash Join  (cost=2570.12..9572786.09 rows=13689 width=18) (actual time=15075.454..75707.210 rows=607193 loops=1)
                                 Hash Cond: (store_sales.ss_sold_date_sk = date_dim.d_date_sk)
                                 Buffers: shared hit=35051 read=5131975
                                 ->  Seq Scan on store_sales  (cost=0.00..9485539.52 rows=32255907 width=22) (actual time=0.059..73403.415 rows=32336064 loops=1)
                                       Filter: ((ss_wholesale_cost >= '19'::numeric) AND (ss_wholesale_cost <= '39'::numeric))
                                       Rows Removed by Filter: 255660960
                                       Buffers: shared hit=33577 read=5131975
                                 ->  Hash  (cost=2569.73..2569.73 rows=31 width=4) (actual time=20.469..20.470 rows=31 loops=1)
                                       Buckets: 1024  Batches: 1  Memory Usage: 10kB
                                       Buffers: shared hit=1474
                                       ->  Seq Scan on date_dim  (cost=0.00..2569.73 rows=31 width=4) (actual time=12.221..20.455 rows=31 loops=1)
                                             Filter: ((d_year = 1999) AND (d_moy = 3))
                                             Rows Removed by Filter: 73018
                                             Buffers: shared hit=1474
                           ->  Index Scan using item_pkey on item  (cost=0.42..7.64 rows=1 width=12) (actual time=0.023..0.023 rows=0 loops=607193)
                                 Index Cond: (i_item_sk = store_sales.ss_item_sk)
                                 Filter: (i_category = 'Sports'::bpchar)
                                 Rows Removed by Filter: 1
                                 Buffers: shared hit=2427985 read=787
                     ->  Index Scan using customer_pkey on customer  (cost=0.43..7.65 rows=1 width=8) (actual time=0.025..0.025 rows=0 loops=51968)
                           Index Cond: (c_customer_sk = store_sales.ss_customer_sk)
                           Filter: (c_birth_month = 8)
                           Rows Removed by Filter: 1
                           Buffers: shared hit=205249 read=23
               ->  Index Scan using customer_address_pkey on customer_address  (cost=0.42..7.65 rows=1 width=15) (actual time=0.026..0.026 rows=0 loops=6037)
                     Index Cond: (ca_address_sk = customer.c_current_addr_sk)
                     Filter: (ca_state = 'NC'::bpchar)
                     Rows Removed by Filter: 1
                     Buffers: shared hit=22623 read=1525
         ->  Index Scan using store_pkey on store  (cost=0.15..5.72 rows=1 width=15) (actual time=0.031..0.031 rows=1 loops=103)
               Index Cond: (s_store_sk = store_sales.ss_store_sk)
               Buffers: shared hit=206
 Planning:
   Buffers: shared hit=460
 Planning Time: 4.865 ms
 Execution Time: 91226.806 ms
(47 rows)

