                                                                             QUERY PLAN                                                                              
---------------------------------------------------------------------------------------------------------------------------------------------------------------------
 Aggregate  (cost=9736115.47..9736115.48 rows=1 width=40) (actual time=87061.869..87061.874 rows=1 loops=1)
   Buffers: shared hit=2054200 read=5143104
   ->  Nested Loop  (cost=2571.54..9736115.46 rows=1 width=14) (actual time=3176.867..87061.828 rows=13 loops=1)
         Join Filter: ("substring"((customer_address.ca_zip)::text, 1, 5) <> "substring"((store.s_zip)::text, 1, 5))
         Buffers: shared hit=2054200 read=5143104
         ->  Nested Loop  (cost=2571.39..9736109.72 rows=1 width=29) (actual time=3176.840..87061.604 rows=13 loops=1)
               Buffers: shared hit=2054174 read=5143104
               ->  Nested Loop  (cost=2570.97..9735987.54 rows=16 width=25) (actual time=2810.299..87014.995 rows=1439 loops=1)
                     Buffers: shared hit=2048901 read=5142621
                     ->  Nested Loop  (cost=2570.55..9718318.26 rows=2310 width=18) (actual time=2806.147..85484.918 rows=62012 loops=1)
                           Buffers: shared hit=1804962 read=5138512
                           ->  Hash Join  (cost=2570.12..9591031.84 rows=16638 width=18) (actual time=2806.024..75039.678 rows=449580 loops=1)
                                 Hash Cond: (store_sales.ss_sold_date_sk = date_dim.d_date_sk)
                                 Buffers: shared hit=28516 read=5138510
                                 ->  Seq Scan on store_sales  (cost=0.00..9485539.52 rows=39206286 width=22) (actual time=0.072..72473.238 rows=39350281 loops=1)
                                       Filter: ((ss_wholesale_cost >= '31'::numeric) AND (ss_wholesale_cost <= '51'::numeric))
                                       Rows Removed by Filter: 248646743
                                       Buffers: shared hit=27683 read=5137869
                                 ->  Hash  (cost=2569.73..2569.73 rows=31 width=4) (actual time=19.603..19.603 rows=31 loops=1)
                                       Buckets: 1024  Batches: 1  Memory Usage: 10kB
                                       Buffers: shared hit=833 read=641
                                       ->  Seq Scan on date_dim  (cost=0.00..2569.73 rows=31 width=4) (actual time=12.822..19.590 rows=31 loops=1)
                                             Filter: ((d_year = 1998) AND (d_moy = 3))
                                             Rows Removed by Filter: 73018
                                             Buffers: shared hit=833 read=641
                           ->  Index Scan using customer_pkey on customer  (cost=0.43..7.65 rows=1 width=8) (actual time=0.023..0.023 rows=0 loops=449580)
                                 Index Cond: (c_customer_sk = store_sales.ss_customer_sk)
                                 Filter: (c_birth_month = 10)
                                 Rows Removed by Filter: 1
                                 Buffers: shared hit=1776446 read=2
                     ->  Index Scan using customer_address_pkey on customer_address  (cost=0.42..7.65 rows=1 width=15) (actual time=0.024..0.024 rows=0 loops=62012)
                           Index Cond: (ca_address_sk = customer.c_current_addr_sk)
                           Filter: (ca_state = 'WY'::bpchar)
                           Rows Removed by Filter: 1
                           Buffers: shared hit=243939 read=4109
               ->  Index Scan using item_pkey on item  (cost=0.42..7.64 rows=1 width=12) (actual time=0.032..0.032 rows=0 loops=1439)
                     Index Cond: (i_item_sk = store_sales.ss_item_sk)
                     Filter: (i_category = 'Music'::bpchar)
                     Rows Removed by Filter: 1
                     Buffers: shared hit=5273 read=483
         ->  Index Scan using store_pkey on store  (cost=0.15..5.72 rows=1 width=15) (actual time=0.010..0.010 rows=1 loops=13)
               Index Cond: (s_store_sk = store_sales.ss_store_sk)
               Buffers: shared hit=26
 Planning:
   Buffers: shared hit=421 read=39
 Planning Time: 5.395 ms
 Execution Time: 87062.355 ms
(47 rows)

