                                                                            QUERY PLAN                                                                            
------------------------------------------------------------------------------------------------------------------------------------------------------------------
 Aggregate  (cost=9719186.76..9719186.77 rows=1 width=40) (actual time=82060.239..82060.245 rows=1 loops=1)
   Buffers: shared hit=1205577 read=5131495
   ->  Nested Loop  (cost=2571.53..9719186.75 rows=1 width=14) (actual time=35220.499..82060.235 rows=1 loops=1)
         Join Filter: ("substring"((customer_address.ca_zip)::text, 1, 5) <> "substring"((store.s_zip)::text, 1, 5))
         Buffers: shared hit=1205577 read=5131495
         ->  Nested Loop  (cost=2571.38..9719181.01 rows=1 width=29) (actual time=35220.466..82060.200 rows=1 loops=1)
               Buffers: shared hit=1205575 read=5131495
               ->  Nested Loop  (cost=2570.96..9719089.16 rows=12 width=22) (actual time=27444.475..82057.250 rows=102 loops=1)
                     Buffers: shared hit=1205180 read=5131482
                     ->  Nested Loop  (cost=2570.54..9714210.01 rows=639 width=18) (actual time=27295.723..81740.553 rows=11105 loops=1)
                           Buffers: shared hit=1166510 read=5125732
                           ->  Hash Join  (cost=2570.11..9591031.83 rows=16101 width=18) (actual time=27292.448..75130.226 rows=284754 loops=1)
                                 Hash Cond: (store_sales.ss_sold_date_sk = date_dim.d_date_sk)
                                 Buffers: shared hit=41294 read=5125732
                                 ->  Seq Scan on store_sales  (cost=0.00..9485539.52 rows=39206286 width=22) (actual time=0.045..72540.254 rows=39350281 loops=1)
                                       Filter: ((ss_wholesale_cost >= '28'::numeric) AND (ss_wholesale_cost <= '48'::numeric))
                                       Rows Removed by Filter: 248646743
                                       Buffers: shared hit=39820 read=5125732
                                 ->  Hash  (cost=2569.73..2569.73 rows=30 width=4) (actual time=15.681..15.682 rows=30 loops=1)
                                       Buckets: 1024  Batches: 1  Memory Usage: 10kB
                                       Buffers: shared hit=1474
                                       ->  Seq Scan on date_dim  (cost=0.00..2569.73 rows=30 width=4) (actual time=9.464..15.665 rows=30 loops=1)
                                             Filter: ((d_year = 2000) AND (d_moy = 4))
                                             Rows Removed by Filter: 73019
                                             Buffers: shared hit=1474
                           ->  Index Scan using customer_pkey on customer  (cost=0.43..7.65 rows=1 width=8) (actual time=0.023..0.023 rows=0 loops=284754)
                                 Index Cond: (c_customer_sk = store_sales.ss_customer_sk)
                                 Filter: (c_birth_month = 9)
                                 Rows Removed by Filter: 1
                                 Buffers: shared hit=1125216
                     ->  Index Scan using item_pkey on item  (cost=0.42..7.64 rows=1 width=12) (actual time=0.028..0.028 rows=0 loops=11105)
                           Index Cond: (i_item_sk = store_sales.ss_item_sk)
                           Filter: (i_category = 'Music'::bpchar)
                           Rows Removed by Filter: 1
                           Buffers: shared hit=38670 read=5750
               ->  Index Scan using customer_address_pkey on customer_address  (cost=0.42..7.65 rows=1 width=15) (actual time=0.028..0.028 rows=0 loops=102)
                     Index Cond: (ca_address_sk = customer.c_current_addr_sk)
                     Filter: (ca_state = 'TX'::bpchar)
                     Rows Removed by Filter: 1
                     Buffers: shared hit=395 read=13
         ->  Index Scan using store_pkey on store  (cost=0.15..5.72 rows=1 width=15) (actual time=0.025..0.025 rows=1 loops=1)
               Index Cond: (s_store_sk = store_sales.ss_store_sk)
               Buffers: shared hit=2
 Planning:
   Buffers: shared hit=460
 Planning Time: 3.172 ms
 Execution Time: 82060.578 ms
(47 rows)

