                                                                            QUERY PLAN                                                                            
------------------------------------------------------------------------------------------------------------------------------------------------------------------
 Aggregate  (cost=9679042.66..9679042.67 rows=1 width=40) (actual time=100668.067..100668.073 rows=1 loops=1)
   Buffers: shared hit=4131353 read=5167875
   ->  Nested Loop  (cost=2571.50..9679042.63 rows=4 width=14) (actual time=12852.184..100667.504 rows=303 loops=1)
         Join Filter: ("substring"((customer_address.ca_zip)::text, 1, 5) <> "substring"((store.s_zip)::text, 1, 5))
         Rows Removed by Join Filter: 4
         Buffers: shared hit=4131353 read=5167875
         ->  Nested Loop  (cost=2571.36..9679019.66 rows=4 width=29) (actual time=12852.151..100660.905 rows=308 loops=1)
               Buffers: shared hit=4130742 read=5167872
               ->  Nested Loop  (cost=2570.93..9677321.65 rows=222 width=22) (actual time=12811.404..100303.133 rows=13570 loops=1)
                     Buffers: shared hit=4078111 read=5166223
                     ->  Nested Loop  (cost=2570.50..9667192.58 rows=1324 width=22) (actual time=12811.383..98315.063 rows=81008 loops=1)
                           Buffers: shared hit=3757815 read=5166223
                           ->  Hash Join  (cost=2570.08..9572786.06 rows=12364 width=18) (actual time=12811.288..76637.307 rows=939253 loops=1)
                                 Hash Cond: (store_sales.ss_sold_date_sk = date_dim.d_date_sk)
                                 Buffers: shared hit=22832 read=5144194
                                 ->  Seq Scan on store_sales  (cost=0.00..9485539.52 rows=32255907 width=22) (actual time=0.051..74226.982 rows=32336064 loops=1)
                                       Filter: ((ss_wholesale_cost >= '19'::numeric) AND (ss_wholesale_cost <= '39'::numeric))
                                       Rows Removed by Filter: 255660960
                                       Buffers: shared hit=21358 read=5144194
                                 ->  Hash  (cost=2569.73..2569.73 rows=28 width=4) (actual time=20.470..20.471 rows=28 loops=1)
                                       Buckets: 1024  Batches: 1  Memory Usage: 9kB
                                       Buffers: shared hit=1474
                                       ->  Seq Scan on date_dim  (cost=0.00..2569.73 rows=28 width=4) (actual time=12.005..20.451 rows=28 loops=1)
                                             Filter: ((d_year = 1999) AND (d_moy = 2))
                                             Rows Removed by Filter: 73021
                                             Buffers: shared hit=1474
                           ->  Index Scan using item_pkey on item  (cost=0.42..7.64 rows=1 width=12) (actual time=0.023..0.023 rows=0 loops=939253)
                                 Index Cond: (i_item_sk = store_sales.ss_item_sk)
                                 Filter: (i_category = 'Sports'::bpchar)
                                 Rows Removed by Filter: 1
                                 Buffers: shared hit=3734983 read=22029
                     ->  Index Scan using customer_pkey on customer  (cost=0.43..7.65 rows=1 width=8) (actual time=0.024..0.024 rows=0 loops=81008)
                           Index Cond: (c_customer_sk = store_sales.ss_customer_sk)
                           Filter: (c_birth_month = 4)
                           Rows Removed by Filter: 1
                           Buffers: shared hit=320296
               ->  Index Scan using customer_address_pkey on customer_address  (cost=0.42..7.65 rows=1 width=15) (actual time=0.026..0.026 rows=0 loops=13570)
                     Index Cond: (ca_address_sk = customer.c_current_addr_sk)
                     Filter: (ca_state = 'LA'::bpchar)
                     Rows Removed by Filter: 1
                     Buffers: shared hit=52631 read=1649
         ->  Index Scan using store_pkey on store  (cost=0.15..5.72 rows=1 width=15) (actual time=0.016..0.016 rows=1 loops=308)
               Index Cond: (s_store_sk = store_sales.ss_store_sk)
               Buffers: shared hit=611 read=3
 Planning:
   Buffers: shared hit=460
 Planning Time: 5.914 ms
 Execution Time: 100668.509 ms
(48 rows)

