                                                                            QUERY PLAN                                                                            
------------------------------------------------------------------------------------------------------------------------------------------------------------------
 Aggregate  (cost=9678580.08..9678580.09 rows=1 width=40) (actual time=99266.365..99266.371 rows=1 loops=1)
   Buffers: shared hit=4066835 read=5133137
   ->  Nested Loop  (cost=2571.50..9678580.06 rows=2 width=14) (actual time=13664.473..99266.245 rows=43 loops=1)
         Join Filter: ("substring"((customer_address.ca_zip)::text, 1, 5) <> "substring"((store.s_zip)::text, 1, 5))
         Buffers: shared hit=4066835 read=5133137
         ->  Nested Loop  (cost=2571.36..9678568.57 rows=2 width=29) (actual time=13664.430..99265.012 rows=43 loops=1)
               Buffers: shared hit=4066750 read=5133136
               ->  Nested Loop  (cost=2570.93..9678361.92 rows=27 width=22) (actual time=12436.674..99192.590 rows=2574 loops=1)
                     Buffers: shared hit=4056786 read=5132804
                     ->  Nested Loop  (cost=2570.51..9674467.77 rows=510 width=18) (actual time=12435.522..98261.516 rows=38087 loops=1)
                           Buffers: shared hit=3904438 read=5132804
                           ->  Hash Join  (cost=2570.08..9576137.82 rows=12853 width=18) (actual time=12435.227..75819.947 rows=979267 loops=1)
                                 Hash Cond: (store_sales.ss_sold_date_sk = date_dim.d_date_sk)
                                 Buffers: shared hit=34222 read=5132804
                                 ->  Seq Scan on store_sales  (cost=0.00..9485539.52 rows=33532703 width=22) (actual time=0.137..73332.425 rows=33748947 loops=1)
                                       Filter: ((ss_wholesale_cost >= '33'::numeric) AND (ss_wholesale_cost <= '53'::numeric))
                                       Rows Removed by Filter: 254248077
                                       Buffers: shared hit=32748 read=5132804
                                 ->  Hash  (cost=2569.73..2569.73 rows=28 width=4) (actual time=18.897..18.898 rows=28 loops=1)
                                       Buckets: 1024  Batches: 1  Memory Usage: 9kB
                                       Buffers: shared hit=1474
                                       ->  Seq Scan on date_dim  (cost=0.00..2569.73 rows=28 width=4) (actual time=11.583..18.884 rows=28 loops=1)
                                             Filter: ((d_year = 1999) AND (d_moy = 2))
                                             Rows Removed by Filter: 73021
                                             Buffers: shared hit=1474
                           ->  Index Scan using customer_pkey on customer  (cost=0.43..7.65 rows=1 width=8) (actual time=0.023..0.023 rows=0 loops=979267)
                                 Index Cond: (c_customer_sk = store_sales.ss_customer_sk)
                                 Filter: (c_birth_month = 9)
                                 Rows Removed by Filter: 1
                                 Buffers: shared hit=3870216
                     ->  Index Scan using item_pkey on item  (cost=0.42..7.64 rows=1 width=12) (actual time=0.024..0.024 rows=0 loops=38087)
                           Index Cond: (i_item_sk = store_sales.ss_item_sk)
                           Filter: (i_category = 'Women'::bpchar)
                           Rows Removed by Filter: 1
                           Buffers: shared hit=152348
               ->  Index Scan using customer_address_pkey on customer_address  (cost=0.42..7.65 rows=1 width=15) (actual time=0.028..0.028 rows=0 loops=2574)
                     Index Cond: (ca_address_sk = customer.c_current_addr_sk)
                     Filter: (ca_state = 'TX'::bpchar)
                     Rows Removed by Filter: 1
                     Buffers: shared hit=9964 read=332
         ->  Index Scan using store_pkey on store  (cost=0.15..5.72 rows=1 width=15) (actual time=0.022..0.022 rows=1 loops=43)
               Index Cond: (s_store_sk = store_sales.ss_store_sk)
               Buffers: shared hit=85 read=1
 Planning:
   Buffers: shared hit=460
 Planning Time: 5.068 ms
 Execution Time: 99266.868 ms
(47 rows)

