                                                                             QUERY PLAN                                                                              
---------------------------------------------------------------------------------------------------------------------------------------------------------------------
 Aggregate  (cost=9608102.99..9608103.00 rows=1 width=40) (actual time=88614.530..88614.536 rows=1 loops=1)
   Buffers: shared hit=2634140 read=5140612
   ->  Nested Loop  (cost=2571.50..9608102.97 rows=3 width=14) (actual time=12316.651..88614.270 rows=134 loops=1)
         Join Filter: ("substring"((customer_address.ca_zip)::text, 1, 5) <> "substring"((store.s_zip)::text, 1, 5))
         Rows Removed by Join Filter: 1
         Buffers: shared hit=2634140 read=5140612
         ->  Nested Loop  (cost=2571.36..9608085.74 rows=3 width=29) (actual time=12316.614..88611.394 rows=135 loops=1)
               Buffers: shared hit=2633870 read=5140612
               ->  Nested Loop  (cost=2570.94..9607963.57 rows=16 width=25) (actual time=12219.014..88582.293 rows=910 loops=1)
                     Buffers: shared hit=2630242 read=5140600
                     ->  Nested Loop  (cost=2570.51..9603724.95 rows=554 width=18) (actual time=12200.572..87611.353 rows=41655 loops=1)
                           Buffers: shared hit=2468144 read=5136078
                           ->  Hash Join  (cost=2570.08..9542720.87 rows=7974 width=18) (actual time=12200.518..74106.232 rows=616573 loops=1)
                                 Hash Cond: (store_sales.ss_sold_date_sk = date_dim.d_date_sk)
                                 Buffers: shared hit=30950 read=5136076
                                 ->  Seq Scan on store_sales  (cost=0.00..9485539.52 rows=20803140 width=22) (actual time=1.015..72506.432 rows=21246255 loops=1)
                                       Filter: ((ss_wholesale_cost >= '12'::numeric) AND (ss_wholesale_cost <= '32'::numeric))
                                       Rows Removed by Filter: 266750769
                                       Buffers: shared hit=29476 read=5136076
                                 ->  Hash  (cost=2569.73..2569.73 rows=28 width=4) (actual time=19.975..19.976 rows=28 loops=1)
                                       Buckets: 1024  Batches: 1  Memory Usage: 9kB
                                       Buffers: shared hit=1474
                                       ->  Seq Scan on date_dim  (cost=0.00..2569.73 rows=28 width=4) (actual time=11.388..19.962 rows=28 loops=1)
                                             Filter: ((d_year = 1999) AND (d_moy = 2))
                                             Rows Removed by Filter: 73021
                                             Buffers: shared hit=1474
                           ->  Index Scan using customer_pkey on customer  (cost=0.43..7.65 rows=1 width=8) (actual time=0.022..0.022 rows=0 loops=616573)
                                 Index Cond: (c_customer_sk = store_sales.ss_customer_sk)
                                 Filter: (c_birth_month = 12)
                                 Rows Removed by Filter: 1
                                 Buffers: shared hit=2437194 read=2
                     ->  Index Scan using customer_address_pkey on customer_address  (cost=0.42..7.65 rows=1 width=15) (actual time=0.023..0.023 rows=0 loops=41655)
                           Index Cond: (ca_address_sk = customer.c_current_addr_sk)
                           Filter: (ca_state = 'NE'::bpchar)
                           Rows Removed by Filter: 1
                           Buffers: shared hit=162098 read=4522
               ->  Index Scan using item_pkey on item  (cost=0.42..7.64 rows=1 width=12) (actual time=0.031..0.031 rows=0 loops=910)
                     Index Cond: (i_item_sk = store_sales.ss_item_sk)
                     Filter: (i_category = 'Shoes'::bpchar)
                     Rows Removed by Filter: 1
                     Buffers: shared hit=3628 read=12
         ->  Index Scan using store_pkey on store  (cost=0.15..5.72 rows=1 width=15) (actual time=0.016..0.016 rows=1 loops=135)
               Index Cond: (s_store_sk = store_sales.ss_store_sk)
               Buffers: shared hit=270
 Planning:
   Buffers: shared hit=460
 Planning Time: 5.296 ms
 Execution Time: 88615.027 ms
(48 rows)

