                                                                            QUERY PLAN                                                                            
------------------------------------------------------------------------------------------------------------------------------------------------------------------
 Aggregate  (cost=9644670.60..9644670.61 rows=1 width=40) (actual time=69531.114..69531.119 rows=1 loops=1)
   Buffers: shared hit=245328 read=5131058
   ->  Nested Loop  (cost=19790.25..9644670.58 rows=2 width=14) (actual time=22289.660..69531.025 rows=70 loops=1)
         Join Filter: ("substring"((customer_address.ca_zip)::text, 1, 5) <> "substring"((store.s_zip)::text, 1, 5))
         Rows Removed by Join Filter: 4
         Buffers: shared hit=245328 read=5131058
         ->  Nested Loop  (cost=19790.10..9644659.10 rows=2 width=29) (actual time=22289.642..69530.378 rows=75 loops=1)
               Buffers: shared hit=245180 read=5131058
               ->  Nested Loop  (cost=19789.68..9643427.30 rows=161 width=22) (actual time=22286.601..69481.017 rows=3125 loops=1)
                     Buffers: shared hit=233288 read=5130450
                     ->  Hash Join  (cost=19789.25..9625739.71 rows=2312 width=22) (actual time=22286.457..68810.359 rows=46111 loops=1)
                           Hash Cond: (store_sales.ss_item_sk = item.i_item_sk)
                           Buffers: shared hit=50933 read=5130449
                           ->  Hash Join  (cost=2570.11..9608471.14 rows=18830 width=18) (actual time=22187.561..68632.910 rows=524665 loops=1)
                                 Hash Cond: (store_sales.ss_sold_date_sk = date_dim.d_date_sk)
                                 Buffers: shared hit=36979 read=5130047
                                 ->  Seq Scan on store_sales  (cost=0.00..9485539.52 rows=45849467 width=22) (actual time=0.961..65738.241 rows=46160898 loops=1)
                                       Filter: ((ss_wholesale_cost >= '80'::numeric) AND (ss_wholesale_cost <= '100'::numeric))
                                       Rows Removed by Filter: 241836126
                                       Buffers: shared hit=35505 read=5130047
                                 ->  Hash  (cost=2569.73..2569.73 rows=30 width=4) (actual time=30.418..30.419 rows=31 loops=1)
                                       Buckets: 1024  Batches: 1  Memory Usage: 10kB
                                       Buffers: shared hit=1474
                                       ->  Seq Scan on date_dim  (cost=0.00..2569.73 rows=30 width=4) (actual time=11.771..30.407 rows=31 loops=1)
                                             Filter: ((d_year = 1999) AND (d_moy = 12))
                                             Rows Removed by Filter: 73018
                                             Buffers: shared hit=1474
                           ->  Hash  (cost=16906.00..16906.00 rows=25051 width=12) (actual time=98.726..98.726 rows=24688 loops=1)
                                 Buckets: 32768  Batches: 1  Memory Usage: 1317kB
                                 Buffers: shared hit=13954 read=402
                                 ->  Seq Scan on item  (cost=0.00..16906.00 rows=25051 width=12) (actual time=0.017..95.192 rows=24688 loops=1)
                                       Filter: (i_category = 'Books'::bpchar)
                                       Rows Removed by Filter: 179312
                                       Buffers: shared hit=13954 read=402
                     ->  Index Scan using customer_pkey on customer  (cost=0.43..7.65 rows=1 width=8) (actual time=0.014..0.014 rows=0 loops=46111)
                           Index Cond: (c_customer_sk = store_sales.ss_customer_sk)
                           Filter: (c_birth_month = 12)
                           Rows Removed by Filter: 1
                           Buffers: shared hit=182355 read=1
               ->  Index Scan using customer_address_pkey on customer_address  (cost=0.42..7.65 rows=1 width=15) (actual time=0.016..0.016 rows=0 loops=3125)
                     Index Cond: (ca_address_sk = customer.c_current_addr_sk)
                     Filter: (ca_state = 'SC'::bpchar)
                     Rows Removed by Filter: 1
                     Buffers: shared hit=11892 read=608
         ->  Index Scan using store_pkey on store  (cost=0.15..5.72 rows=1 width=15) (actual time=0.005..0.005 rows=1 loops=75)
               Index Cond: (s_store_sk = store_sales.ss_store_sk)
               Buffers: shared hit=148
 Planning:
   Buffers: shared hit=460
 Planning Time: 5.039 ms
 Execution Time: 69531.525 ms
(51 rows)

