                                                                            QUERY PLAN                                                                            
------------------------------------------------------------------------------------------------------------------------------------------------------------------
 Aggregate  (cost=9739419.03..9739419.04 rows=1 width=40) (actual time=75974.868..75974.874 rows=1 loops=1)
   Buffers: shared hit=358508 read=5127920
   ->  Hash Join  (cost=19777.11..9739418.95 rows=11 width=14) (actual time=53751.183..75974.786 rows=46 loops=1)
         Hash Cond: (store_sales.ss_store_sk = store.s_store_sk)
         Join Filter: ("substring"((customer_address.ca_zip)::text, 1, 5) <> "substring"((store.s_zip)::text, 1, 5))
         Rows Removed by Join Filter: 2
         Buffers: shared hit=358508 read=5127920
         ->  Nested Loop  (cost=19750.06..9739391.87 rows=11 width=29) (actual time=53750.713..75974.174 rows=48 loops=1)
               Buffers: shared hit=358490 read=5127920
               ->  Nested Loop  (cost=19749.64..9738343.30 rows=137 width=22) (actual time=53712.999..75922.923 rows=2930 loops=1)
                     Buffers: shared hit=347746 read=5126944
                     ->  Hash Join  (cost=19749.21..9711873.17 rows=3460 width=22) (actual time=53700.247..74588.631 rows=74223 loops=1)
                           Hash Cond: (store_sales.ss_item_sk = item.i_item_sk)
                           Buffers: shared hit=54439 read=5126943
                           ->  Hash Join  (cost=2570.11..9694609.27 rows=32305 width=18) (actual time=53599.570..74385.651 rows=651411 loops=1)
                                 Hash Cond: (store_sales.ss_sold_date_sk = date_dim.d_date_sk)
                                 Buffers: shared hit=40340 read=5126686
                                 ->  Seq Scan on store_sales  (cost=0.00..9485539.52 rows=78662172 width=22) (actual time=0.409..69704.784 rows=78419996 loops=1)
                                       Filter: ((ss_wholesale_cost >= '71'::numeric) AND (ss_wholesale_cost <= '91'::numeric))
                                       Rows Removed by Filter: 209577028
                                       Buffers: shared hit=38866 read=5126686
                                 ->  Hash  (cost=2569.73..2569.73 rows=30 width=4) (actual time=13.490..13.491 rows=31 loops=1)
                                       Buckets: 1024  Batches: 1  Memory Usage: 10kB
                                       Buffers: shared hit=1474
                                       ->  Seq Scan on date_dim  (cost=0.00..2569.73 rows=30 width=4) (actual time=8.296..13.482 rows=31 loops=1)
                                             Filter: ((d_year = 2001) AND (d_moy = 12))
                                             Rows Removed by Filter: 73018
                                             Buffers: shared hit=1474
                           ->  Hash  (cost=16906.00..16906.00 rows=21848 width=12) (actual time=100.532..100.532 rows=21811 loops=1)
                                 Buckets: 32768  Batches: 1  Memory Usage: 1193kB
                                 Buffers: shared hit=14099 read=257
                                 ->  Seq Scan on item  (cost=0.00..16906.00 rows=21848 width=12) (actual time=0.028..97.266 rows=21811 loops=1)
                                       Filter: (i_category = 'Sports'::bpchar)
                                       Rows Removed by Filter: 182189
                                       Buffers: shared hit=14099 read=257
                     ->  Index Scan using customer_pkey on customer  (cost=0.43..7.65 rows=1 width=8) (actual time=0.018..0.018 rows=0 loops=74223)
                           Index Cond: (c_customer_sk = store_sales.ss_customer_sk)
                           Filter: (c_birth_month = 9)
                           Rows Removed by Filter: 1
                           Buffers: shared hit=293307 read=1
               ->  Index Scan using customer_address_pkey on customer_address  (cost=0.42..7.65 rows=1 width=15) (actual time=0.017..0.017 rows=0 loops=2930)
                     Index Cond: (ca_address_sk = customer.c_current_addr_sk)
                     Filter: (ca_state = 'TX'::bpchar)
                     Rows Removed by Filter: 1
                     Buffers: shared hit=10744 read=976
         ->  Hash  (cost=22.02..22.02 rows=402 width=15) (actual time=0.451..0.452 rows=402 loops=1)
               Buckets: 1024  Batches: 1  Memory Usage: 27kB
               Buffers: shared hit=18
               ->  Seq Scan on store  (cost=0.00..22.02 rows=402 width=15) (actual time=0.018..0.372 rows=402 loops=1)
                     Buffers: shared hit=18
 Planning:
   Buffers: shared hit=460
 Planning Time: 2.795 ms
 Execution Time: 75975.192 ms
(54 rows)

