                                                                             QUERY PLAN                                                                              
---------------------------------------------------------------------------------------------------------------------------------------------------------------------
 Aggregate  (cost=9720371.81..9720371.82 rows=1 width=40) (actual time=81454.484..81454.489 rows=1 loops=1)
   Buffers: shared hit=1092834 read=5132856
   ->  Nested Loop  (cost=2571.52..9720371.77 rows=6 width=14) (actual time=23372.784..81454.359 rows=66 loops=1)
         Join Filter: ("substring"((customer_address.ca_zip)::text, 1, 5) <> "substring"((store.s_zip)::text, 1, 5))
         Rows Removed by Join Filter: 2
         Buffers: shared hit=1092834 read=5132856
         ->  Nested Loop  (cost=2571.37..9720337.31 rows=6 width=29) (actual time=23372.759..81453.398 rows=68 loops=1)
               Buffers: shared hit=1092698 read=5132856
               ->  Nested Loop  (cost=2570.95..9720054.79 rows=37 width=25) (actual time=23305.590..81445.035 rows=342 loops=1)
                     Buffers: shared hit=1091349 read=5132837
                     ->  Nested Loop  (cost=2570.52..9710109.42 rows=1300 width=18) (actual time=23233.789..80936.549 rows=19702 loops=1)
                           Buffers: shared hit=1017064 read=5128314
                           ->  Hash Join  (cost=2570.10..9591031.81 rows=15565 width=18) (actual time=23233.581..75242.338 rows=247625 loops=1)
                                 Hash Cond: (store_sales.ss_sold_date_sk = date_dim.d_date_sk)
                                 Buffers: shared hit=38780 read=5128246
                                 ->  Seq Scan on store_sales  (cost=0.00..9485539.52 rows=39206286 width=22) (actual time=0.335..72669.211 rows=39350281 loops=1)
                                       Filter: ((ss_wholesale_cost >= '31'::numeric) AND (ss_wholesale_cost <= '51'::numeric))
                                       Rows Removed by Filter: 248646743
                                       Buffers: shared hit=37306 read=5128246
                                 ->  Hash  (cost=2569.73..2569.73 rows=29 width=4) (actual time=18.768..18.769 rows=30 loops=1)
                                       Buckets: 1024  Batches: 1  Memory Usage: 10kB
                                       Buffers: shared hit=1474
                                       ->  Seq Scan on date_dim  (cost=0.00..2569.73 rows=29 width=4) (actual time=11.426..18.755 rows=30 loops=1)
                                             Filter: ((d_year = 1999) AND (d_moy = 11))
                                             Rows Removed by Filter: 73019
                                             Buffers: shared hit=1474
                           ->  Index Scan using customer_pkey on customer  (cost=0.43..7.65 rows=1 width=8) (actual time=0.023..0.023 rows=0 loops=247625)
                                 Index Cond: (c_customer_sk = store_sales.ss_customer_sk)
                                 Filter: (c_birth_month = 11)
                                 Rows Removed by Filter: 1
                                 Buffers: shared hit=978284 read=68
                     ->  Index Scan using customer_address_pkey on customer_address  (cost=0.42..7.65 rows=1 width=15) (actual time=0.025..0.025 rows=0 loops=19702)
                           Index Cond: (ca_address_sk = customer.c_current_addr_sk)
                           Filter: (ca_state = 'OH'::bpchar)
                           Rows Removed by Filter: 1
                           Buffers: shared hit=74285 read=4523
               ->  Index Scan using item_pkey on item  (cost=0.42..7.64 rows=1 width=12) (actual time=0.024..0.024 rows=0 loops=342)
                     Index Cond: (i_item_sk = store_sales.ss_item_sk)
                     Filter: (i_category = 'Shoes'::bpchar)
                     Rows Removed by Filter: 1
                     Buffers: shared hit=1349 read=19
         ->  Index Scan using store_pkey on store  (cost=0.15..5.72 rows=1 width=15) (actual time=0.008..0.008 rows=1 loops=68)
               Index Cond: (s_store_sk = store_sales.ss_store_sk)
               Buffers: shared hit=136
 Planning:
   Buffers: shared hit=460
 Planning Time: 5.246 ms
 Execution Time: 81455.005 ms
(48 rows)

