                                                                            QUERY PLAN                                                                            
------------------------------------------------------------------------------------------------------------------------------------------------------------------
 Aggregate  (cost=9639223.21..9639223.22 rows=1 width=40) (actual time=69354.402..69354.407 rows=1 loops=1)
   Buffers: shared hit=123721 read=5128899
   ->  Hash Join  (cost=19715.58..9639223.17 rows=5 width=14) (actual time=7792.025..69354.354 rows=24 loops=1)
         Hash Cond: (store_sales.ss_store_sk = store.s_store_sk)
         Join Filter: ("substring"((customer_address.ca_zip)::text, 1, 5) <> "substring"((store.s_zip)::text, 1, 5))
         Rows Removed by Join Filter: 1
         Buffers: shared hit=123721 read=5128899
         ->  Nested Loop  (cost=19688.54..9639196.12 rows=5 width=29) (actual time=7791.180..69353.430 rows=25 loops=1)
               Buffers: shared hit=123703 read=5128899
               ->  Nested Loop  (cost=19688.11..9637987.44 rows=158 width=22) (actual time=7744.807..69334.569 rows=1605 loops=1)
                     Buffers: shared hit=117979 read=5128203
                     ->  Hash Join  (cost=19687.68..9625639.79 rows=1614 width=22) (actual time=7744.739..69173.744 rows=16388 loops=1)
                           Hash Cond: (store_sales.ss_item_sk = item.i_item_sk)
                           Buffers: shared hit=53210 read=5128172
                           ->  Hash Join  (cost=2570.12..9608471.16 rows=19457 width=18) (actual time=7628.387..69005.071 rows=391722 loops=1)
                                 Hash Cond: (store_sales.ss_sold_date_sk = date_dim.d_date_sk)
                                 Buffers: shared hit=41912 read=5125114
                                 ->  Seq Scan on store_sales  (cost=0.00..9485539.52 rows=45849467 width=22) (actual time=0.222..66088.392 rows=46160898 loops=1)
                                       Filter: ((ss_wholesale_cost >= '80'::numeric) AND (ss_wholesale_cost <= '100'::numeric))
                                       Rows Removed by Filter: 241836126
                                       Buffers: shared hit=40438 read=5125114
                                 ->  Hash  (cost=2569.73..2569.73 rows=31 width=4) (actual time=20.675..20.675 rows=31 loops=1)
                                       Buckets: 1024  Batches: 1  Memory Usage: 10kB
                                       Buffers: shared hit=1474
                                       ->  Seq Scan on date_dim  (cost=0.00..2569.73 rows=31 width=4) (actual time=12.127..20.662 rows=31 loops=1)
                                             Filter: ((d_year = 1998) AND (d_moy = 8))
                                             Rows Removed by Filter: 73018
                                             Buffers: shared hit=1474
                           ->  Hash  (cost=16906.00..16906.00 rows=16925 width=12) (actual time=116.192..116.192 rows=17141 loops=1)
                                 Buckets: 32768  Batches: 1  Memory Usage: 993kB
                                 Buffers: shared hit=11298 read=3058
                                 ->  Seq Scan on item  (cost=0.00..16906.00 rows=16925 width=12) (actual time=0.015..113.251 rows=17141 loops=1)
                                       Filter: (i_category = 'Home'::bpchar)
                                       Rows Removed by Filter: 186859
                                       Buffers: shared hit=11298 read=3058
                     ->  Index Scan using customer_pkey on customer  (cost=0.43..7.65 rows=1 width=8) (actual time=0.010..0.010 rows=0 loops=16388)
                           Index Cond: (c_customer_sk = store_sales.ss_customer_sk)
                           Filter: (c_birth_month = 2)
                           Rows Removed by Filter: 1
                           Buffers: shared hit=64769 read=31
               ->  Index Scan using customer_address_pkey on customer_address  (cost=0.42..7.65 rows=1 width=15) (actual time=0.011..0.011 rows=0 loops=1605)
                     Index Cond: (ca_address_sk = customer.c_current_addr_sk)
                     Filter: (ca_state = 'IA'::bpchar)
                     Rows Removed by Filter: 1
                     Buffers: shared hit=5724 read=696
         ->  Hash  (cost=22.02..22.02 rows=402 width=15) (actual time=0.812..0.813 rows=402 loops=1)
               Buckets: 1024  Batches: 1  Memory Usage: 27kB
               Buffers: shared hit=18
               ->  Seq Scan on store  (cost=0.00..22.02 rows=402 width=15) (actual time=0.030..0.632 rows=402 loops=1)
                     Buffers: shared hit=18
 Planning:
   Buffers: shared hit=460
 Planning Time: 4.908 ms
 Execution Time: 69354.938 ms
(54 rows)

