                                                                            QUERY PLAN                                                                            
------------------------------------------------------------------------------------------------------------------------------------------------------------------
 Aggregate  (cost=9620460.33..9620460.34 rows=1 width=40) (actual time=75057.197..75057.204 rows=1 loops=1)
   Buffers: shared hit=165642 read=5124798
   ->  Nested Loop  (cost=19688.66..9620460.29 rows=5 width=14) (actual time=26058.934..75057.144 rows=28 loops=1)
         Join Filter: ("substring"((customer_address.ca_zip)::text, 1, 5) <> "substring"((store.s_zip)::text, 1, 5))
         Buffers: shared hit=165642 read=5124798
         ->  Nested Loop  (cost=19688.23..9619654.65 rows=105 width=29) (actual time=26032.545..75032.720 rows=2057 loops=1)
               Buffers: shared hit=158424 read=5123788
               ->  Hash Join  (cost=19687.81..9610038.16 rows=1257 width=29) (actual time=26031.972..74786.530 rows=25312 loops=1)
                     Hash Cond: (store_sales.ss_item_sk = item.i_item_sk)
                     Buffers: shared hit=58026 read=5123578
                     ->  Nested Loop  (cost=2570.24..9592880.83 rows=15149 width=25) (actual time=25927.562..74597.753 rows=603250 loops=1)
                           Buffers: shared hit=44017 read=5123231
                           ->  Hash Join  (cost=2570.08..9591863.45 rows=15149 width=18) (actual time=25927.525..74415.231 rows=610732 loops=1)
                                 Hash Cond: (store_sales.ss_sold_date_sk = date_dim.d_date_sk)
                                 Buffers: shared hit=43795 read=5123231
                                 ->  Seq Scan on store_sales  (cost=0.00..9485539.52 rows=39523085 width=22) (actual time=0.905..71847.520 rows=40114371 loops=1)
                                       Filter: ((ss_wholesale_cost >= '23'::numeric) AND (ss_wholesale_cost <= '43'::numeric))
                                       Rows Removed by Filter: 247882653
                                       Buffers: shared hit=42321 read=5123231
                                 ->  Hash  (cost=2569.73..2569.73 rows=28 width=4) (actual time=19.791..19.792 rows=29 loops=1)
                                       Buckets: 1024  Batches: 1  Memory Usage: 10kB
                                       Buffers: shared hit=1474
                                       ->  Seq Scan on date_dim  (cost=0.00..2569.73 rows=28 width=4) (actual time=12.289..19.778 rows=29 loops=1)
                                             Filter: ((d_year = 2000) AND (d_moy = 2))
                                             Rows Removed by Filter: 73020
                                             Buffers: shared hit=1474
                           ->  Memoize  (cost=0.16..5.73 rows=1 width=15) (actual time=0.000..0.000 rows=1 loops=610732)
                                 Cache Key: store_sales.ss_store_sk
                                 Cache Mode: logical
                                 Hits: 610620  Misses: 112  Evictions: 0  Overflows: 0  Memory Usage: 13kB
                                 Buffers: shared hit=222
                                 ->  Index Scan using store_pkey on store  (cost=0.15..5.72 rows=1 width=15) (actual time=0.004..0.004 rows=1 loops=112)
                                       Index Cond: (s_store_sk = store_sales.ss_store_sk)
                                       Buffers: shared hit=222
                     ->  Hash  (cost=16906.00..16906.00 rows=16925 width=12) (actual time=104.205..104.206 rows=17141 loops=1)
                           Buckets: 32768  Batches: 1  Memory Usage: 993kB
                           Buffers: shared hit=14009 read=347
                           ->  Seq Scan on item  (cost=0.00..16906.00 rows=16925 width=12) (actual time=0.026..101.307 rows=17141 loops=1)
                                 Filter: (i_category = 'Home'::bpchar)
                                 Rows Removed by Filter: 186859
                                 Buffers: shared hit=14009 read=347
               ->  Index Scan using customer_pkey on customer  (cost=0.43..7.65 rows=1 width=8) (actual time=0.010..0.010 rows=0 loops=25312)
                     Index Cond: (c_customer_sk = store_sales.ss_customer_sk)
                     Filter: (c_birth_month = 11)
                     Rows Removed by Filter: 1
                     Buffers: shared hit=100398 read=210
         ->  Index Scan using customer_address_pkey on customer_address  (cost=0.42..7.65 rows=1 width=15) (actual time=0.012..0.012 rows=0 loops=2057)
               Index Cond: (ca_address_sk = customer.c_current_addr_sk)
               Filter: (ca_state = 'VA'::bpchar)
               Rows Removed by Filter: 1
               Buffers: shared hit=7218 read=1010
 Planning:
   Buffers: shared hit=460
 Planning Time: 4.951 ms
 Execution Time: 75057.765 ms
(55 rows)

