                                                                            QUERY PLAN                                                                            
------------------------------------------------------------------------------------------------------------------------------------------------------------------
 Aggregate  (cost=9685640.27..9685640.28 rows=1 width=40) (actual time=74440.947..74440.952 rows=1 loops=1)
   Buffers: shared hit=517338 read=5127716
   ->  Nested Loop  (cost=19896.06..9685640.25 rows=2 width=14) (actual time=52066.822..74440.904 rows=22 loops=1)
         Join Filter: ("substring"((customer_address.ca_zip)::text, 1, 5) <> "substring"((store.s_zip)::text, 1, 5))
         Buffers: shared hit=517338 read=5127716
         ->  Nested Loop  (cost=19895.91..9685628.77 rows=2 width=29) (actual time=52066.798..74440.655 rows=22 loops=1)
               Buffers: shared hit=517294 read=5127716
               ->  Nested Loop  (cost=19895.49..9685237.77 rows=51 width=22) (actual time=51710.575..74406.370 rows=1631 loops=1)
                     Buffers: shared hit=511680 read=5126806
                     ->  Hash Join  (cost=19895.06..9656526.07 rows=3753 width=22) (actual time=51709.361..72106.765 rows=115684 loops=1)
                           Hash Cond: (store_sales.ss_item_sk = item.i_item_sk)
                           Buffers: shared hit=55290 read=5126092
                           ->  Hash Join  (cost=2570.10..9639141.15 rows=22840 width=18) (actual time=51594.466..71884.984 rows=483742 loops=1)
                                 Hash Cond: (store_sales.ss_sold_date_sk = date_dim.d_date_sk)
                                 Buffers: shared hit=47504 read=5119522
                                 ->  Seq Scan on store_sales  (cost=0.00..9485539.52 rows=57532634 width=22) (actual time=0.248..68285.966 rows=57752041 loops=1)
                                       Filter: ((ss_wholesale_cost >= '78'::numeric) AND (ss_wholesale_cost <= '98'::numeric))
                                       Rows Removed by Filter: 230244983
                                       Buffers: shared hit=46030 read=5119522
                                 ->  Hash  (cost=2569.73..2569.73 rows=29 width=4) (actual time=19.506..19.507 rows=30 loops=1)
                                       Buckets: 1024  Batches: 1  Memory Usage: 10kB
                                       Buffers: shared hit=1474
                                       ->  Seq Scan on date_dim  (cost=0.00..2569.73 rows=29 width=4) (actual time=10.715..19.496 rows=30 loops=1)
                                             Filter: ((d_year = 2001) AND (d_moy = 11))
                                             Rows Removed by Filter: 73019
                                             Buffers: shared hit=1474
                           ->  Hash  (cost=16906.00..16906.00 rows=33517 width=12) (actual time=114.658..114.659 rows=33627 loops=1)
                                 Buckets: 65536  Batches: 1  Memory Usage: 1957kB
                                 Buffers: shared hit=7786 read=6570
                                 ->  Seq Scan on item  (cost=0.00..16906.00 rows=33517 width=12) (actual time=0.030..108.903 rows=33627 loops=1)
                                       Filter: (i_category = 'Shoes'::bpchar)
                                       Rows Removed by Filter: 170373
                                       Buffers: shared hit=7786 read=6570
                     ->  Index Scan using customer_pkey on customer  (cost=0.43..7.65 rows=1 width=8) (actual time=0.020..0.020 rows=0 loops=115684)
                           Index Cond: (c_customer_sk = store_sales.ss_customer_sk)
                           Filter: (c_birth_month = 5)
                           Rows Removed by Filter: 1
                           Buffers: shared hit=456390 read=714
               ->  Index Scan using customer_address_pkey on customer_address  (cost=0.42..7.67 rows=1 width=15) (actual time=0.021..0.021 rows=0 loops=1631)
                     Index Cond: (ca_address_sk = customer.c_current_addr_sk)
                     Filter: (ca_state = 'IA'::bpchar)
                     Rows Removed by Filter: 1
                     Buffers: shared hit=5614 read=910
         ->  Index Scan using store_pkey on store  (cost=0.15..5.72 rows=1 width=15) (actual time=0.007..0.007 rows=1 loops=22)
               Index Cond: (s_store_sk = store_sales.ss_store_sk)
               Buffers: shared hit=44
 Planning:
   Buffers: shared hit=460
 Planning Time: 4.510 ms
 Execution Time: 74441.359 ms
(50 rows)

