                                                                            QUERY PLAN                                                                            
------------------------------------------------------------------------------------------------------------------------------------------------------------------
 Aggregate  (cost=9641218.88..9641218.89 rows=1 width=40) (actual time=76804.756..76804.761 rows=1 loops=1)
   Buffers: shared hit=299608 read=5126964
   ->  Nested Loop  (cost=19643.38..9641218.86 rows=3 width=14) (actual time=67519.721..76804.662 rows=71 loops=1)
         Join Filter: ("substring"((customer_address.ca_zip)::text, 1, 5) <> "substring"((store.s_zip)::text, 1, 5))
         Buffers: shared hit=299608 read=5126964
         ->  Nested Loop  (cost=19642.96..9640543.60 rows=88 width=29) (actual time=67507.727..76739.011 rows=3897 loops=1)
               Buffers: shared hit=287438 read=5123546
               ->  Hash Join  (cost=19642.53..9630827.67 rows=1270 width=29) (actual time=67507.117..75997.732 rows=57670 loops=1)
                     Hash Cond: (store_sales.ss_item_sk = item.i_item_sk)
                     Buffers: shared hit=58581 read=5123023
                     ->  Nested Loop  (cost=2570.27..9613704.29 rows=19472 width=25) (actual time=67394.201..75808.690 rows=489326 loops=1)
                           Buffers: shared hit=46320 read=5120928
                           ->  Hash Join  (cost=2570.11..9612578.97 rows=19472 width=18) (actual time=67394.168..75645.007 rows=495233 loops=1)
                                 Hash Cond: (store_sales.ss_sold_date_sk = date_dim.d_date_sk)
                                 Buffers: shared hit=46100 read=5120926
                                 ->  Seq Scan on store_sales  (cost=0.00..9485539.52 rows=47414263 width=22) (actual time=0.823..72612.269 rows=48370740 loops=1)
                                       Filter: ((ss_wholesale_cost >= '8'::numeric) AND (ss_wholesale_cost <= '28'::numeric))
                                       Rows Removed by Filter: 239626284
                                       Buffers: shared hit=44626 read=5120926
                                 ->  Hash  (cost=2569.73..2569.73 rows=30 width=4) (actual time=19.064..19.064 rows=31 loops=1)
                                       Buckets: 1024  Batches: 1  Memory Usage: 10kB
                                       Buffers: shared hit=1474
                                       ->  Seq Scan on date_dim  (cost=0.00..2569.73 rows=30 width=4) (actual time=11.993..19.049 rows=31 loops=1)
                                             Filter: ((d_year = 2002) AND (d_moy = 12))
                                             Rows Removed by Filter: 73018
                                             Buffers: shared hit=1474
                           ->  Memoize  (cost=0.16..5.73 rows=1 width=15) (actual time=0.000..0.000 rows=1 loops=495233)
                                 Cache Key: store_sales.ss_store_sk
                                 Cache Mode: logical
                                 Hits: 495121  Misses: 112  Evictions: 0  Overflows: 0  Memory Usage: 13kB
                                 Buffers: shared hit=220 read=2
                                 ->  Index Scan using store_pkey on store  (cost=0.15..5.72 rows=1 width=15) (actual time=0.006..0.006 rows=1 loops=112)
                                       Index Cond: (s_store_sk = store_sales.ss_store_sk)
                                       Buffers: shared hit=220 read=2
                     ->  Hash  (cost=16906.00..16906.00 rows=13301 width=12) (actual time=112.821..112.821 rows=13933 loops=1)
                           Buckets: 16384  Batches: 1  Memory Usage: 727kB
                           Buffers: shared hit=12261 read=2095
                           ->  Seq Scan on item  (cost=0.00..16906.00 rows=13301 width=12) (actual time=0.015..109.975 rows=13933 loops=1)
                                 Filter: (i_category = 'Men'::bpchar)
                                 Rows Removed by Filter: 190067
                                 Buffers: shared hit=12261 read=2095
               ->  Index Scan using customer_pkey on customer  (cost=0.43..7.65 rows=1 width=8) (actual time=0.013..0.013 rows=0 loops=57670)
                     Index Cond: (c_customer_sk = store_sales.ss_customer_sk)
                     Filter: (c_birth_month = 12)
                     Rows Removed by Filter: 1
                     Buffers: shared hit=228857 read=523
         ->  Index Scan using customer_address_pkey on customer_address  (cost=0.42..7.65 rows=1 width=15) (actual time=0.017..0.017 rows=0 loops=3897)
               Index Cond: (ca_address_sk = customer.c_current_addr_sk)
               Filter: (ca_state = 'TN'::bpchar)
               Rows Removed by Filter: 1
               Buffers: shared hit=12170 read=3418
 Planning:
   Buffers: shared hit=460
 Planning Time: 4.818 ms
 Execution Time: 76805.248 ms
(55 rows)

