                                                                             QUERY PLAN                                                                              
---------------------------------------------------------------------------------------------------------------------------------------------------------------------
 Aggregate  (cost=9767862.64..9767862.65 rows=1 width=40) (actual time=77337.606..77337.611 rows=1 loops=1)
   Buffers: shared hit=1202078 read=5135472
   ->  Nested Loop  (cost=2571.54..9767862.62 rows=2 width=14) (actual time=9583.033..77337.540 rows=28 loops=1)
         Join Filter: ("substring"((customer_address.ca_zip)::text, 1, 5) <> "substring"((store.s_zip)::text, 1, 5))
         Rows Removed by Join Filter: 2
         Buffers: shared hit=1202078 read=5135472
         ->  Nested Loop  (cost=2571.39..9767851.13 rows=2 width=29) (actual time=9583.006..77337.067 rows=30 loops=1)
               Buffers: shared hit=1202018 read=5135472
               ->  Nested Loop  (cost=2570.97..9767667.88 rows=24 width=25) (actual time=8988.427..77322.462 rows=382 loops=1)
                     Buffers: shared hit=1200664 read=5135298
                     ->  Nested Loop  (cost=2570.55..9757323.81 rows=1352 width=18) (actual time=8967.125..76843.281 rows=18978 loops=1)
                           Buffers: shared hit=1131283 read=5128767
                           ->  Hash Join  (cost=2570.12..9608471.16 rows=19457 width=18) (actual time=8967.047..70227.848 rows=276625 loops=1)
                                 Hash Cond: (store_sales.ss_sold_date_sk = date_dim.d_date_sk)
                                 Buffers: shared hit=39101 read=5127925
                                 ->  Seq Scan on store_sales  (cost=0.00..9485539.52 rows=45849467 width=22) (actual time=0.628..67223.432 rows=46160898 loops=1)
                                       Filter: ((ss_wholesale_cost >= '80'::numeric) AND (ss_wholesale_cost <= '100'::numeric))
                                       Rows Removed by Filter: 241836126
                                       Buffers: shared hit=37627 read=5127925
                                 ->  Hash  (cost=2569.73..2569.73 rows=31 width=4) (actual time=19.935..19.936 rows=31 loops=1)
                                       Buckets: 1024  Batches: 1  Memory Usage: 10kB
                                       Buffers: shared hit=1474
                                       ->  Seq Scan on date_dim  (cost=0.00..2569.73 rows=31 width=4) (actual time=13.857..19.920 rows=31 loops=1)
                                             Filter: ((d_year = 1998) AND (d_moy = 10))
                                             Rows Removed by Filter: 73018
                                             Buffers: shared hit=1474
                           ->  Index Scan using customer_pkey on customer  (cost=0.43..7.65 rows=1 width=8) (actual time=0.024..0.024 rows=0 loops=276625)
                                 Index Cond: (c_customer_sk = store_sales.ss_customer_sk)
                                 Filter: (c_birth_month = 12)
                                 Rows Removed by Filter: 1
                                 Buffers: shared hit=1092182 read=842
                     ->  Index Scan using customer_address_pkey on customer_address  (cost=0.42..7.65 rows=1 width=15) (actual time=0.025..0.025 rows=0 loops=18978)
                           Index Cond: (ca_address_sk = customer.c_current_addr_sk)
                           Filter: (ca_state = 'LA'::bpchar)
                           Rows Removed by Filter: 1
                           Buffers: shared hit=69381 read=6531
               ->  Index Scan using item_pkey on item  (cost=0.42..7.64 rows=1 width=12) (actual time=0.037..0.037 rows=0 loops=382)
                     Index Cond: (i_item_sk = store_sales.ss_item_sk)
                     Filter: (i_category = 'Men'::bpchar)
                     Rows Removed by Filter: 1
                     Buffers: shared hit=1354 read=174
         ->  Index Scan using store_pkey on store  (cost=0.15..5.72 rows=1 width=15) (actual time=0.009..0.009 rows=1 loops=30)
               Index Cond: (s_store_sk = store_sales.ss_store_sk)
               Buffers: shared hit=60
 Planning:
   Buffers: shared hit=460
 Planning Time: 3.973 ms
 Execution Time: 77338.025 ms
(48 rows)

