                                                                             QUERY PLAN                                                                              
---------------------------------------------------------------------------------------------------------------------------------------------------------------------
 Aggregate  (cost=9807265.80..9807265.81 rows=1 width=40) (actual time=93119.695..93119.699 rows=1 loops=1)
   Buffers: shared hit=2747835 read=5125069
   ->  Nested Loop  (cost=2571.53..9807265.79 rows=1 width=14) (actual time=58447.000..93119.642 rows=21 loops=1)
         Join Filter: ("substring"((customer_address.ca_zip)::text, 1, 5) <> "substring"((store.s_zip)::text, 1, 5))
         Buffers: shared hit=2747835 read=5125069
         ->  Nested Loop  (cost=2571.38..9807260.05 rows=1 width=29) (actual time=58446.970..93119.296 rows=21 loops=1)
               Buffers: shared hit=2747793 read=5125069
               ->  Nested Loop  (cost=2570.96..9807099.70 rows=21 width=25) (actual time=58056.374..93104.425 rows=541 loops=1)
                     Buffers: shared hit=2746056 read=5124642
                     ->  Nested Loop  (cost=2570.54..9801633.75 rows=714 width=18) (actual time=58006.459..92540.187 rows=22151 loops=1)
                           Buffers: shared hit=2662187 read=5119907
                           ->  Hash Join  (cost=2570.11..9630824.73 rows=22327 width=18) (actual time=58002.574..76717.148 rows=661960 loops=1)
                                 Hash Cond: (store_sales.ss_sold_date_sk = date_dim.d_date_sk)
                                 Buffers: shared hit=47471 read=5119555
                                 ->  Seq Scan on store_sales  (cost=0.00..9485539.52 rows=54364643 width=22) (actual time=0.859..73169.414 rows=53574682 loops=1)
                                       Filter: ((ss_wholesale_cost >= '47'::numeric) AND (ss_wholesale_cost <= '67'::numeric))
                                       Rows Removed by Filter: 234422342
                                       Buffers: shared hit=45997 read=5119555
                                 ->  Hash  (cost=2569.73..2569.73 rows=30 width=4) (actual time=19.657..19.658 rows=31 loops=1)
                                       Buckets: 1024  Batches: 1  Memory Usage: 10kB
                                       Buffers: shared hit=1474
                                       ->  Seq Scan on date_dim  (cost=0.00..2569.73 rows=30 width=4) (actual time=10.744..19.644 rows=31 loops=1)
                                             Filter: ((d_year = 2002) AND (d_moy = 5))
                                             Rows Removed by Filter: 73018
                                             Buffers: shared hit=1474
                           ->  Index Scan using customer_pkey on customer  (cost=0.43..7.65 rows=1 width=8) (actual time=0.024..0.024 rows=0 loops=661960)
                                 Index Cond: (c_customer_sk = store_sales.ss_customer_sk)
                                 Filter: (c_birth_month = 6)
                                 Rows Removed by Filter: 1
                                 Buffers: shared hit=2614716 read=352
                     ->  Index Scan using customer_address_pkey on customer_address  (cost=0.42..7.66 rows=1 width=15) (actual time=0.025..0.025 rows=0 loops=22151)
                           Index Cond: (ca_address_sk = customer.c_current_addr_sk)
                           Filter: (ca_state = 'NE'::bpchar)
                           Rows Removed by Filter: 1
                           Buffers: shared hit=83869 read=4735
               ->  Index Scan using item_pkey on item  (cost=0.42..7.64 rows=1 width=12) (actual time=0.027..0.027 rows=0 loops=541)
                     Index Cond: (i_item_sk = store_sales.ss_item_sk)
                     Filter: (i_category = 'Women'::bpchar)
                     Rows Removed by Filter: 1
                     Buffers: shared hit=1737 read=427
         ->  Index Scan using store_pkey on store  (cost=0.15..5.72 rows=1 width=15) (actual time=0.010..0.010 rows=1 loops=21)
               Index Cond: (s_store_sk = store_sales.ss_store_sk)
               Buffers: shared hit=42
 Planning:
   Buffers: shared hit=460
 Planning Time: 4.817 ms
 Execution Time: 93120.180 ms
(47 rows)

