                                                                            QUERY PLAN                                                                            
------------------------------------------------------------------------------------------------------------------------------------------------------------------
 Aggregate  (cost=9800829.67..9800829.68 rows=1 width=40) (actual time=82054.046..82054.051 rows=1 loops=1)
   Buffers: shared hit=134739 read=5139897
   ->  Nested Loop  (cost=16953.88..9800829.66 rows=2 width=14) (actual time=66525.599..82053.993 rows=23 loops=1)
         Join Filter: ("substring"((customer_address.ca_zip)::text, 1, 5) <> "substring"((store.s_zip)::text, 1, 5))
         Rows Removed by Join Filter: 1
         Buffers: shared hit=134739 read=5139897
         ->  Nested Loop  (cost=16953.73..9800818.17 rows=2 width=29) (actual time=66525.578..82053.712 rows=25 loops=1)
               Buffers: shared hit=134691 read=5139897
               ->  Nested Loop  (cost=16953.31..9800290.33 rows=69 width=22) (actual time=66402.782..82028.261 rows=1956 loops=1)
                     Buffers: shared hit=127875 read=5138889
                     ->  Nested Loop  (cost=16952.88..9794958.06 rows=697 width=22) (actual time=66402.736..81801.768 rows=20435 loops=1)
                           Buffers: shared hit=47230 read=5138882
                           ->  Hash Join  (cost=16952.58..9738519.52 rows=1642241 width=26) (actual time=127.437..81515.844 rows=800080 loops=1)
                                 Hash Cond: (store_sales.ss_item_sk = item.i_item_sk)
                                 Buffers: shared hit=41212 read=5138696
                                 ->  Seq Scan on store_sales  (cost=0.00..9485539.52 rows=89913339 width=22) (actual time=0.167..73878.516 rows=89530603 loops=1)
                                       Filter: ((ss_wholesale_cost >= '55'::numeric) AND (ss_wholesale_cost <= '75'::numeric))
                                       Rows Removed by Filter: 198466421
                                       Buffers: shared hit=39887 read=5125665
                                 ->  Hash  (cost=16906.00..16906.00 rows=3726 width=12) (actual time=127.179..127.180 rows=3713 loops=1)
                                       Buckets: 4096  Batches: 1  Memory Usage: 192kB
                                       Buffers: shared hit=1325 read=13031
                                       ->  Seq Scan on item  (cost=0.00..16906.00 rows=3726 width=12) (actual time=0.220..126.304 rows=3713 loops=1)
                                             Filter: (i_category = 'Music'::bpchar)
                                             Rows Removed by Filter: 200287
                                             Buffers: shared hit=1325 read=13031
                           ->  Memoize  (cost=0.30..7.51 rows=1 width=4) (actual time=0.000..0.000 rows=0 loops=800080)
                                 Cache Key: store_sales.ss_sold_date_sk
                                 Cache Mode: logical
                                 Hits: 798011  Misses: 2069  Evictions: 0  Overflows: 0  Memory Usage: 139kB
                                 Buffers: shared hit=6018 read=186
                                 ->  Index Scan using date_dim_pkey on date_dim  (cost=0.29..7.50 rows=1 width=4) (actual time=0.015..0.015 rows=0 loops=2069)
                                       Index Cond: (d_date_sk = store_sales.ss_sold_date_sk)
                                       Filter: ((d_year = 2002) AND (d_moy = 8))
                                       Rows Removed by Filter: 1
                                       Buffers: shared hit=6018 read=186
                     ->  Index Scan using customer_pkey on customer  (cost=0.43..7.65 rows=1 width=8) (actual time=0.011..0.011 rows=0 loops=20435)
                           Index Cond: (c_customer_sk = store_sales.ss_customer_sk)
                           Filter: (c_birth_month = 1)
                           Rows Removed by Filter: 1
                           Buffers: shared hit=80645 read=7
               ->  Index Scan using customer_address_pkey on customer_address  (cost=0.42..7.65 rows=1 width=15) (actual time=0.013..0.013 rows=0 loops=1956)
                     Index Cond: (ca_address_sk = customer.c_current_addr_sk)
                     Filter: (ca_state = 'IN'::bpchar)
                     Rows Removed by Filter: 1
                     Buffers: shared hit=6816 read=1008
         ->  Index Scan using store_pkey on store  (cost=0.15..5.72 rows=1 width=15) (actual time=0.006..0.006 rows=1 loops=25)
               Index Cond: (s_store_sk = store_sales.ss_store_sk)
               Buffers: shared hit=48
 Planning:
   Buffers: shared hit=460
 Planning Time: 4.582 ms
 Execution Time: 82054.613 ms
(53 rows)

