                                                                             QUERY PLAN                                                                              
---------------------------------------------------------------------------------------------------------------------------------------------------------------------
 Aggregate  (cost=9758349.45..9758349.46 rows=1 width=40) (actual time=102259.218..102259.224 rows=1 loops=1)
   Buffers: shared hit=5064286 read=5143870
   ->  Nested Loop  (cost=2571.53..9758349.44 rows=1 width=14) (actual time=43417.947..102259.004 rows=91 loops=1)
         Join Filter: ("substring"((customer_address.ca_zip)::text, 1, 5) <> "substring"((store.s_zip)::text, 1, 5))
         Buffers: shared hit=5064286 read=5143870
         ->  Nested Loop  (cost=2571.38..9758343.70 rows=1 width=29) (actual time=43417.912..102257.563 rows=93 loops=1)
               Buffers: shared hit=5064106 read=5143868
               ->  Nested Loop  (cost=2570.96..9758244.43 rows=13 width=25) (actual time=43152.081..102229.036 rows=913 loops=1)
                     Buffers: shared hit=5060880 read=5143442
                     ->  Nested Loop  (cost=2570.54..9752527.03 rows=747 width=18) (actual time=43142.631..101002.420 rows=48049 loops=1)
                           Buffers: shared hit=4877103 read=5135023
                           ->  Hash Join  (cost=2570.11..9608471.14 rows=18830 width=18) (actual time=43141.943..71785.363 rows=1225786 loops=1)
                                 Hash Cond: (store_sales.ss_sold_date_sk = date_dim.d_date_sk)
                                 Buffers: shared hit=32067 read=5134959
                                 ->  Seq Scan on store_sales  (cost=0.00..9485539.52 rows=45849467 width=22) (actual time=1.513..68489.488 rows=46160898 loops=1)
                                       Filter: ((ss_wholesale_cost >= '80'::numeric) AND (ss_wholesale_cost <= '100'::numeric))
                                       Rows Removed by Filter: 241836126
                                       Buffers: shared hit=30720 read=5134832
                                 ->  Hash  (cost=2569.73..2569.73 rows=30 width=4) (actual time=20.134..20.135 rows=30 loops=1)
                                       Buckets: 1024  Batches: 1  Memory Usage: 10kB
                                       Buffers: shared hit=1347 read=127
                                       ->  Seq Scan on date_dim  (cost=0.00..2569.73 rows=30 width=4) (actual time=11.273..20.124 rows=30 loops=1)
                                             Filter: ((d_year = 2001) AND (d_moy = 6))
                                             Rows Removed by Filter: 73019
                                             Buffers: shared hit=1347 read=127
                           ->  Index Scan using customer_pkey on customer  (cost=0.43..7.65 rows=1 width=8) (actual time=0.023..0.023 rows=0 loops=1225786)
                                 Index Cond: (c_customer_sk = store_sales.ss_customer_sk)
                                 Filter: (c_birth_month = 9)
                                 Rows Removed by Filter: 1
                                 Buffers: shared hit=4845036 read=64
                     ->  Index Scan using customer_address_pkey on customer_address  (cost=0.42..7.65 rows=1 width=15) (actual time=0.025..0.025 rows=0 loops=48049)
                           Index Cond: (ca_address_sk = customer.c_current_addr_sk)
                           Filter: (ca_state = 'PA'::bpchar)
                           Rows Removed by Filter: 1
                           Buffers: shared hit=183777 read=8419
               ->  Index Scan using item_pkey on item  (cost=0.42..7.64 rows=1 width=12) (actual time=0.030..0.030 rows=0 loops=913)
                     Index Cond: (i_item_sk = store_sales.ss_item_sk)
                     Filter: (i_category = 'Men'::bpchar)
                     Rows Removed by Filter: 1
                     Buffers: shared hit=3226 read=426
         ->  Index Scan using store_pkey on store  (cost=0.15..5.72 rows=1 width=15) (actual time=0.009..0.009 rows=1 loops=93)
               Index Cond: (s_store_sk = store_sales.ss_store_sk)
               Buffers: shared hit=180 read=2
 Planning:
   Buffers: shared hit=460
 Planning Time: 4.808 ms
 Execution Time: 102259.708 ms
(47 rows)

