                                                                            QUERY PLAN                                                                            
------------------------------------------------------------------------------------------------------------------------------------------------------------------
 Aggregate  (cost=9760986.95..9760986.96 rows=1 width=40) (actual time=77296.834..77296.839 rows=1 loops=1)
   Buffers: shared hit=207090 read=5130530
   ->  Nested Loop  (cost=17019.50..9760986.94 rows=1 width=14) (actual time=32272.539..77296.807 rows=12 loops=1)
         Join Filter: ("substring"((customer_address.ca_zip)::text, 1, 5) <> "substring"((store.s_zip)::text, 1, 5))
         Buffers: shared hit=207090 read=5130530
         ->  Nested Loop  (cost=17019.36..9760981.20 rows=1 width=29) (actual time=32272.525..77296.682 rows=12 loops=1)
               Buffers: shared hit=207066 read=5130530
               ->  Nested Loop  (cost=17018.93..9760858.53 rows=16 width=22) (actual time=32272.498..77290.021 rows=532 loops=1)
                     Buffers: shared hit=205058 read=5130410
                     ->  Nested Loop  (cost=17018.50..9751884.70 rows=1173 width=22) (actual time=32264.772..76892.963 rows=37775 loops=1)
                           Buffers: shared hit=55702 read=5130410
                           ->  Hash Join  (cost=17018.20..9667419.07 rows=2763333 width=26) (actual time=118.374..76458.301 rows=1356333 loops=1)
                                 Hash Cond: (store_sales.ss_item_sk = item.i_item_sk)
                                 Buffers: shared hit=49498 read=5130410
                                 ->  Seq Scan on store_sales  (cost=0.00..9485539.52 rows=62803017 width=22) (actual time=0.067..70361.764 rows=62389486 loops=1)
                                       Filter: ((ss_wholesale_cost >= '69'::numeric) AND (ss_wholesale_cost <= '89'::numeric))
                                       Rows Removed by Filter: 225607538
                                       Buffers: shared hit=36231 read=5129321
                                 ->  Hash  (cost=16906.00..16906.00 rows=8976 width=12) (actual time=118.038..118.038 rows=8826 loops=1)
                                       Buckets: 16384  Batches: 1  Memory Usage: 508kB
                                       Buffers: shared hit=13267 read=1089
                                       ->  Seq Scan on item  (cost=0.00..16906.00 rows=8976 width=12) (actual time=0.165..116.199 rows=8826 loops=1)
                                             Filter: (i_category = 'Jewelry'::bpchar)
                                             Rows Removed by Filter: 195174
                                             Buffers: shared hit=13267 read=1089
                           ->  Memoize  (cost=0.30..7.51 rows=1 width=4) (actual time=0.000..0.000 rows=0 loops=1356333)
                                 Cache Key: store_sales.ss_sold_date_sk
                                 Cache Mode: logical
                                 Hits: 1354264  Misses: 2069  Evictions: 0  Overflows: 0  Memory Usage: 139kB
                                 Buffers: shared hit=6204
                                 ->  Index Scan using date_dim_pkey on date_dim  (cost=0.29..7.50 rows=1 width=4) (actual time=0.016..0.016 rows=0 loops=2069)
                                       Index Cond: (d_date_sk = store_sales.ss_sold_date_sk)
                                       Filter: ((d_year = 2000) AND (d_moy = 8))
                                       Rows Removed by Filter: 1
                                       Buffers: shared hit=6204
                     ->  Index Scan using customer_pkey on customer  (cost=0.43..7.65 rows=1 width=8) (actual time=0.010..0.010 rows=0 loops=37775)
                           Index Cond: (c_customer_sk = store_sales.ss_customer_sk)
                           Filter: (c_birth_month = 5)
                           Rows Removed by Filter: 1
                           Buffers: shared hit=149356
               ->  Index Scan using customer_address_pkey on customer_address  (cost=0.42..7.67 rows=1 width=15) (actual time=0.012..0.012 rows=0 loops=532)
                     Index Cond: (ca_address_sk = customer.c_current_addr_sk)
                     Filter: (ca_state = 'NC'::bpchar)
                     Rows Removed by Filter: 1
                     Buffers: shared hit=2008 read=120
         ->  Index Scan using store_pkey on store  (cost=0.15..5.72 rows=1 width=15) (actual time=0.006..0.006 rows=1 loops=12)
               Index Cond: (s_store_sk = store_sales.ss_store_sk)
               Buffers: shared hit=24
 Planning:
   Buffers: shared hit=460
 Planning Time: 4.913 ms
 Execution Time: 77297.461 ms
(52 rows)

