                                                                             QUERY PLAN                                                                              
---------------------------------------------------------------------------------------------------------------------------------------------------------------------
 Aggregate  (cost=9724156.57..9724156.58 rows=1 width=40) (actual time=92233.565..92233.570 rows=1 loops=1)
   Buffers: shared hit=2679586 read=5141568
   ->  Nested Loop  (cost=2571.50..9724156.56 rows=2 width=14) (actual time=2493.509..92233.504 rows=22 loops=1)
         Join Filter: ("substring"((customer_address.ca_zip)::text, 1, 5) <> "substring"((store.s_zip)::text, 1, 5))
         Buffers: shared hit=2679586 read=5141568
         ->  Nested Loop  (cost=2571.36..9724145.07 rows=2 width=29) (actual time=2493.474..92233.121 rows=22 loops=1)
               Buffers: shared hit=2679542 read=5141568
               ->  Nested Loop  (cost=2570.94..9723862.55 rows=37 width=25) (actual time=1823.221..92205.179 rows=1080 loops=1)
                     Buffers: shared hit=2675849 read=5140941
                     ->  Nested Loop  (cost=2570.51..9710162.52 rows=1791 width=18) (actual time=1822.812..90496.621 rows=70575 loops=1)
                           Buffers: shared hit=2399935 read=5134555
                           ->  Hash Join  (cost=2570.08..9592997.51 rows=15315 width=18) (actual time=1822.690..76660.768 rows=599083 loops=1)
                                 Hash Cond: (store_sales.ss_sold_date_sk = date_dim.d_date_sk)
                                 Buffers: shared hit=32471 read=5134555
                                 ->  Seq Scan on store_sales  (cost=0.00..9485539.52 rows=39955084 width=22) (actual time=0.064..73863.313 rows=40694154 loops=1)
                                       Filter: ((ss_wholesale_cost >= '7'::numeric) AND (ss_wholesale_cost <= '27'::numeric))
                                       Rows Removed by Filter: 247302870
                                       Buffers: shared hit=31975 read=5133577
                                 ->  Hash  (cost=2569.73..2569.73 rows=28 width=4) (actual time=25.894..25.895 rows=28 loops=1)
                                       Buckets: 1024  Batches: 1  Memory Usage: 9kB
                                       Buffers: shared hit=496 read=978
                                       ->  Seq Scan on date_dim  (cost=0.00..2569.73 rows=28 width=4) (actual time=16.080..25.883 rows=28 loops=1)
                                             Filter: ((d_year = 1998) AND (d_moy = 2))
                                             Rows Removed by Filter: 73021
                                             Buffers: shared hit=496 read=978
                           ->  Index Scan using customer_pkey on customer  (cost=0.43..7.65 rows=1 width=8) (actual time=0.023..0.023 rows=0 loops=599083)
                                 Index Cond: (c_customer_sk = store_sales.ss_customer_sk)
                                 Filter: (c_birth_month = 8)
                                 Rows Removed by Filter: 1
                                 Buffers: shared hit=2367464
                     ->  Index Scan using customer_address_pkey on customer_address  (cost=0.42..7.65 rows=1 width=15) (actual time=0.024..0.024 rows=0 loops=70575)
                           Index Cond: (ca_address_sk = customer.c_current_addr_sk)
                           Filter: (ca_state = 'WI'::bpchar)
                           Rows Removed by Filter: 1
                           Buffers: shared hit=275914 read=6386
               ->  Index Scan using item_pkey on item  (cost=0.42..7.64 rows=1 width=12) (actual time=0.025..0.025 rows=0 loops=1080)
                     Index Cond: (i_item_sk = store_sales.ss_item_sk)
                     Filter: (i_category = 'Jewelry'::bpchar)
                     Rows Removed by Filter: 1
                     Buffers: shared hit=3693 read=627
         ->  Index Scan using store_pkey on store  (cost=0.15..5.72 rows=1 width=15) (actual time=0.010..0.010 rows=1 loops=22)
               Index Cond: (s_store_sk = store_sales.ss_store_sk)
               Buffers: shared hit=44
 Planning:
   Buffers: shared hit=460
 Planning Time: 4.868 ms
 Execution Time: 92234.055 ms
(47 rows)

