                                                                             QUERY PLAN                                                                              
---------------------------------------------------------------------------------------------------------------------------------------------------------------------
 Aggregate  (cost=9717964.51..9717964.52 rows=1 width=40) (actual time=84993.180..84993.185 rows=1 loops=1)
   Buffers: shared hit=1710820 read=5128658
   ->  Nested Loop  (cost=2571.50..9717964.48 rows=4 width=14) (actual time=55455.064..84993.132 rows=17 loops=1)
         Join Filter: ("substring"((customer_address.ca_zip)::text, 1, 5) <> "substring"((store.s_zip)::text, 1, 5))
         Rows Removed by Join Filter: 1
         Buffers: shared hit=1710820 read=5128658
         ->  Nested Loop  (cost=2571.36..9717941.50 rows=4 width=29) (actual time=55455.032..84992.822 rows=18 loops=1)
               Buffers: shared hit=1710785 read=5128657
               ->  Nested Loop  (cost=2570.94..9717384.10 rows=73 width=25) (actual time=55145.208..84975.871 rows=634 loops=1)
                     Buffers: shared hit=1708714 read=5128192
                     ->  Nested Loop  (cost=2570.51..9706001.17 rows=1488 width=18) (actual time=55123.575..84118.787 rows=36894 loops=1)
                           Buffers: shared hit=1563448 read=5125882
                           ->  Hash Join  (cost=2570.08..9591031.80 rows=15028 width=18) (actual time=55074.815..75162.100 rows=385371 loops=1)
                                 Hash Cond: (store_sales.ss_sold_date_sk = date_dim.d_date_sk)
                                 Buffers: shared hit=41145 read=5125881
                                 ->  Seq Scan on store_sales  (cost=0.00..9485539.52 rows=39206286 width=22) (actual time=0.052..72525.610 rows=39350281 loops=1)
                                       Filter: ((ss_wholesale_cost >= '31'::numeric) AND (ss_wholesale_cost <= '51'::numeric))
                                       Rows Removed by Filter: 248646743
                                       Buffers: shared hit=39671 read=5125881
                                 ->  Hash  (cost=2569.73..2569.73 rows=28 width=4) (actual time=20.955..20.956 rows=28 loops=1)
                                       Buckets: 1024  Batches: 1  Memory Usage: 9kB
                                       Buffers: shared hit=1474
                                       ->  Seq Scan on date_dim  (cost=0.00..2569.73 rows=28 width=4) (actual time=12.520..20.942 rows=28 loops=1)
                                             Filter: ((d_year = 2002) AND (d_moy = 2))
                                             Rows Removed by Filter: 73021
                                             Buffers: shared hit=1474
                           ->  Index Scan using customer_pkey on customer  (cost=0.43..7.65 rows=1 width=8) (actual time=0.023..0.023 rows=0 loops=385371)
                                 Index Cond: (c_customer_sk = store_sales.ss_customer_sk)
                                 Filter: (c_birth_month = 1)
                                 Rows Removed by Filter: 1
                                 Buffers: shared hit=1522303 read=1
                     ->  Index Scan using customer_address_pkey on customer_address  (cost=0.42..7.65 rows=1 width=15) (actual time=0.023..0.023 rows=0 loops=36894)
                           Index Cond: (ca_address_sk = customer.c_current_addr_sk)
                           Filter: (ca_state = 'VA'::bpchar)
                           Rows Removed by Filter: 1
                           Buffers: shared hit=145266 read=2310
               ->  Index Scan using item_pkey on item  (cost=0.42..7.64 rows=1 width=12) (actual time=0.026..0.026 rows=0 loops=634)
                     Index Cond: (i_item_sk = store_sales.ss_item_sk)
                     Filter: (i_category = 'Women'::bpchar)
                     Rows Removed by Filter: 1
                     Buffers: shared hit=2071 read=465
         ->  Index Scan using store_pkey on store  (cost=0.15..5.72 rows=1 width=15) (actual time=0.010..0.010 rows=1 loops=18)
               Index Cond: (s_store_sk = store_sales.ss_store_sk)
               Buffers: shared hit=35 read=1
 Planning:
   Buffers: shared hit=460
 Planning Time: 6.748 ms
 Execution Time: 84993.696 ms
(48 rows)

