                                                                            QUERY PLAN                                                                            
------------------------------------------------------------------------------------------------------------------------------------------------------------------
 Aggregate  (cost=9617130.24..9617130.25 rows=1 width=40) (actual time=77268.052..77268.058 rows=1 loops=1)
   Buffers: shared hit=794224 read=5135972
   ->  Nested Loop  (cost=2571.53..9617130.21 rows=5 width=14) (actual time=39870.891..77267.948 rows=45 loops=1)
         Join Filter: ("substring"((customer_address.ca_zip)::text, 1, 5) <> "substring"((store.s_zip)::text, 1, 5))
         Buffers: shared hit=794224 read=5135972
         ->  Nested Loop  (cost=2571.38..9617101.49 rows=5 width=29) (actual time=39870.862..77267.248 rows=45 loops=1)
               Buffers: shared hit=794134 read=5135972
               ->  Nested Loop  (cost=2570.96..9615984.73 rows=146 width=22) (actual time=39805.692..77206.519 rows=2166 loops=1)
                     Buffers: shared hit=785774 read=5135668
                     ->  Nested Loop  (cost=2570.53..9607959.49 rows=1049 width=22) (actual time=39804.661..76810.764 rows=15564 loops=1)
                           Buffers: shared hit=724276 read=5135666
                           ->  Hash Join  (cost=2570.11..9542720.90 rows=8544 width=18) (actual time=39804.567..72959.524 rows=173229 loops=1)
                                 Hash Cond: (store_sales.ss_sold_date_sk = date_dim.d_date_sk)
                                 Buffers: shared hit=32506 read=5134520
                                 ->  Seq Scan on store_sales  (cost=0.00..9485539.52 rows=20803140 width=22) (actual time=0.044..71510.126 rows=21246255 loops=1)
                                       Filter: ((ss_wholesale_cost >= '12'::numeric) AND (ss_wholesale_cost <= '32'::numeric))
                                       Rows Removed by Filter: 266750769
                                       Buffers: shared hit=31570 read=5133982
                                 ->  Hash  (cost=2569.73..2569.73 rows=30 width=4) (actual time=18.398..18.399 rows=31 loops=1)
                                       Buckets: 1024  Batches: 1  Memory Usage: 10kB
                                       Buffers: shared hit=936 read=538
                                       ->  Seq Scan on date_dim  (cost=0.00..2569.73 rows=30 width=4) (actual time=10.176..18.388 rows=31 loops=1)
                                             Filter: ((d_year = 2001) AND (d_moy = 1))
                                             Rows Removed by Filter: 73018
                                             Buffers: shared hit=936 read=538
                           ->  Index Scan using item_pkey on item  (cost=0.42..7.64 rows=1 width=12) (actual time=0.022..0.022 rows=0 loops=173229)
                                 Index Cond: (i_item_sk = store_sales.ss_item_sk)
                                 Filter: (i_category = 'Books'::bpchar)
                                 Rows Removed by Filter: 1
                                 Buffers: shared hit=691770 read=1146
                     ->  Index Scan using customer_pkey on customer  (cost=0.43..7.65 rows=1 width=8) (actual time=0.025..0.025 rows=0 loops=15564)
                           Index Cond: (c_customer_sk = store_sales.ss_customer_sk)
                           Filter: (c_birth_month = 10)
                           Rows Removed by Filter: 1
                           Buffers: shared hit=61498 read=2
               ->  Index Scan using customer_address_pkey on customer_address  (cost=0.42..7.65 rows=1 width=15) (actual time=0.028..0.028 rows=0 loops=2166)
                     Index Cond: (ca_address_sk = customer.c_current_addr_sk)
                     Filter: (ca_state = 'KS'::bpchar)
                     Rows Removed by Filter: 1
                     Buffers: shared hit=8360 read=304
         ->  Index Scan using store_pkey on store  (cost=0.15..5.72 rows=1 width=15) (actual time=0.009..0.009 rows=1 loops=45)
               Index Cond: (s_store_sk = store_sales.ss_store_sk)
               Buffers: shared hit=90
 Planning:
   Buffers: shared hit=460
 Planning Time: 2.764 ms
 Execution Time: 77268.395 ms
(47 rows)

