                                                                             QUERY PLAN                                                                              
---------------------------------------------------------------------------------------------------------------------------------------------------------------------
 Aggregate  (cost=9646728.42..9646728.43 rows=1 width=40) (actual time=81382.171..81382.176 rows=1 loops=1)
   Buffers: shared hit=1180872 read=5135208
   ->  Nested Loop  (cost=2571.53..9646728.40 rows=3 width=14) (actual time=28182.373..81382.035 rows=75 loops=1)
         Join Filter: ("substring"((customer_address.ca_zip)::text, 1, 5) <> "substring"((store.s_zip)::text, 1, 5))
         Buffers: shared hit=1180872 read=5135208
         ->  Nested Loop  (cost=2571.38..9646711.17 rows=3 width=29) (actual time=28182.338..81380.347 rows=76 loops=1)
               Buffers: shared hit=1180723 read=5135207
               ->  Nested Loop  (cost=2570.96..9646589.00 rows=16 width=25) (actual time=28020.654..81369.966 rows=357 loops=1)
                     Buffers: shared hit=1179296 read=5135206
                     ->  Nested Loop  (cost=2570.54..9640804.89 rows=756 width=18) (actual time=28010.282..80947.006 rows=18352 loops=1)
                           Buffers: shared hit=1107866 read=5133228
                           ->  Hash Join  (cost=2570.11..9557614.88 rows=10874 width=18) (actual time=27999.546..74791.332 rows=271841 loops=1)
                                 Hash Cond: (store_sales.ss_sold_date_sk = date_dim.d_date_sk)
                                 Buffers: shared hit=33907 read=5133119
                                 ->  Seq Scan on store_sales  (cost=0.00..9485539.52 rows=26476724 width=22) (actual time=0.046..72926.556 rows=26847589 loops=1)
                                       Filter: ((ss_wholesale_cost >= '15'::numeric) AND (ss_wholesale_cost <= '35'::numeric))
                                       Rows Removed by Filter: 261149435
                                       Buffers: shared hit=32433 read=5133119
                                 ->  Hash  (cost=2569.73..2569.73 rows=30 width=4) (actual time=19.838..19.839 rows=31 loops=1)
                                       Buckets: 1024  Batches: 1  Memory Usage: 10kB
                                       Buffers: shared hit=1474
                                       ->  Seq Scan on date_dim  (cost=0.00..2569.73 rows=30 width=4) (actual time=11.231..19.825 rows=31 loops=1)
                                             Filter: ((d_year = 2000) AND (d_moy = 5))
                                             Rows Removed by Filter: 73018
                                             Buffers: shared hit=1474
                           ->  Index Scan using customer_pkey on customer  (cost=0.43..7.65 rows=1 width=8) (actual time=0.022..0.022 rows=0 loops=271841)
                                 Index Cond: (c_customer_sk = store_sales.ss_customer_sk)
                                 Filter: (c_birth_month = 12)
                                 Rows Removed by Filter: 1
                                 Buffers: shared hit=1073959 read=109
                     ->  Index Scan using customer_address_pkey on customer_address  (cost=0.42..7.65 rows=1 width=15) (actual time=0.023..0.023 rows=0 loops=18352)
                           Index Cond: (ca_address_sk = customer.c_current_addr_sk)
                           Filter: (ca_state = 'CO'::bpchar)
                           Rows Removed by Filter: 1
                           Buffers: shared hit=71430 read=1978
               ->  Index Scan using item_pkey on item  (cost=0.42..7.64 rows=1 width=12) (actual time=0.028..0.028 rows=0 loops=357)
                     Index Cond: (i_item_sk = store_sales.ss_item_sk)
                     Filter: (i_category = 'Electronics'::bpchar)
                     Rows Removed by Filter: 1
                     Buffers: shared hit=1427 read=1
         ->  Index Scan using store_pkey on store  (cost=0.15..5.72 rows=1 width=15) (actual time=0.017..0.017 rows=1 loops=76)
               Index Cond: (s_store_sk = store_sales.ss_store_sk)
               Buffers: shared hit=149 read=1
 Planning:
   Buffers: shared hit=460
 Planning Time: 4.701 ms
 Execution Time: 81382.541 ms
(47 rows)

