                                                                            QUERY PLAN                                                                            
------------------------------------------------------------------------------------------------------------------------------------------------------------------
 Aggregate  (cost=9669072.67..9669072.68 rows=1 width=40) (actual time=86386.065..86386.070 rows=1 loops=1)
   Buffers: shared hit=1959200 read=5132058
   ->  Nested Loop  (cost=2571.50..9669072.67 rows=1 width=14) (actual time=2472.867..86386.039 rows=8 loops=1)
         Join Filter: ("substring"((customer_address.ca_zip)::text, 1, 5) <> "substring"((store.s_zip)::text, 1, 5))
         Buffers: shared hit=1959200 read=5132058
         ->  Nested Loop  (cost=2571.36..9669066.92 rows=1 width=29) (actual time=2472.833..86385.881 rows=8 loops=1)
               Buffers: shared hit=1959184 read=5132058
               ->  Nested Loop  (cost=2570.93..9668921.57 rows=19 width=22) (actual time=1667.980..86371.543 rows=357 loops=1)
                     Buffers: shared hit=1957827 read=5131987
                     ->  Nested Loop  (cost=2570.50..9667192.59 rows=226 width=22) (actual time=1664.700..86250.164 rows=4228 loops=1)
                           Buffers: shared hit=1941132 read=5131986
                           ->  Hash Join  (cost=2570.08..9572786.06 rows=12364 width=18) (actual time=1661.087..75373.811 rows=476523 loops=1)
                                 Hash Cond: (store_sales.ss_sold_date_sk = date_dim.d_date_sk)
                                 Buffers: shared hit=35792 read=5131234
                                 ->  Seq Scan on store_sales  (cost=0.00..9485539.52 rows=32255907 width=22) (actual time=0.066..73137.097 rows=32336064 loops=1)
                                       Filter: ((ss_wholesale_cost >= '18'::numeric) AND (ss_wholesale_cost <= '38'::numeric))
                                       Rows Removed by Filter: 255660960
                                       Buffers: shared hit=34318 read=5131234
                                 ->  Hash  (cost=2569.73..2569.73 rows=28 width=4) (actual time=21.469..21.471 rows=28 loops=1)
                                       Buckets: 1024  Batches: 1  Memory Usage: 9kB
                                       Buffers: shared hit=1474
                                       ->  Seq Scan on date_dim  (cost=0.00..2569.73 rows=28 width=4) (actual time=12.503..21.452 rows=28 loops=1)
                                             Filter: ((d_year = 1998) AND (d_moy = 2))
                                             Rows Removed by Filter: 73021
                                             Buffers: shared hit=1474
                           ->  Index Scan using item_pkey on item  (cost=0.42..7.64 rows=1 width=12) (actual time=0.022..0.022 rows=0 loops=476523)
                                 Index Cond: (i_item_sk = store_sales.ss_item_sk)
                                 Filter: (i_category = 'Music'::bpchar)
                                 Rows Removed by Filter: 1
                                 Buffers: shared hit=1905340 read=752
                     ->  Index Scan using customer_pkey on customer  (cost=0.43..7.65 rows=1 width=8) (actual time=0.028..0.028 rows=0 loops=4228)
                           Index Cond: (c_customer_sk = store_sales.ss_customer_sk)
                           Filter: (c_birth_month = 11)
                           Rows Removed by Filter: 1
                           Buffers: shared hit=16695 read=1
               ->  Index Scan using customer_address_pkey on customer_address  (cost=0.42..7.65 rows=1 width=15) (actual time=0.039..0.039 rows=0 loops=357)
                     Index Cond: (ca_address_sk = customer.c_current_addr_sk)
                     Filter: (ca_state = 'IA'::bpchar)
                     Rows Removed by Filter: 1
                     Buffers: shared hit=1357 read=71
         ->  Index Scan using store_pkey on store  (cost=0.15..5.72 rows=1 width=15) (actual time=0.013..0.013 rows=1 loops=8)
               Index Cond: (s_store_sk = store_sales.ss_store_sk)
               Buffers: shared hit=16
 Planning:
   Buffers: shared hit=460
 Planning Time: 5.641 ms
 Execution Time: 86386.580 ms
(47 rows)

