                                                                            QUERY PLAN                                                                            
------------------------------------------------------------------------------------------------------------------------------------------------------------------
 Aggregate  (cost=9675730.07..9675730.08 rows=1 width=40) (actual time=72201.352..72201.358 rows=1 loops=1)
   Buffers: shared hit=305961 read=5128247
   ->  Hash Join  (cost=19777.08..9675730.03 rows=6 width=14) (actual time=40002.624..72201.246 rows=82 loops=1)
         Hash Cond: (store_sales.ss_store_sk = store.s_store_sk)
         Join Filter: ("substring"((customer_address.ca_zip)::text, 1, 5) <> "substring"((store.s_zip)::text, 1, 5))
         Rows Removed by Join Filter: 1
         Buffers: shared hit=305961 read=5128247
         ->  Nested Loop  (cost=19750.04..9675702.97 rows=6 width=29) (actual time=39964.220..72200.336 rows=84 loops=1)
               Buffers: shared hit=305943 read=5128247
               ->  Nested Loop  (cost=19749.61..9674448.21 rows=164 width=22) (actual time=39940.862..72123.676 rows=4108 loops=1)
                     Buffers: shared hit=291446 read=5126312
                     ->  Hash Join  (cost=19749.18..9656378.12 rows=2362 width=22) (actual time=39940.321..71126.684 rows=59755 loops=1)
                           Hash Cond: (store_sales.ss_item_sk = item.i_item_sk)
                           Buffers: shared hit=56179 read=5125203
                           ->  Hash Join  (cost=2570.08..9639141.14 rows=22053 width=18) (actual time=39836.936..70941.879 rows=525345 loops=1)
                                 Hash Cond: (store_sales.ss_sold_date_sk = date_dim.d_date_sk)
                                 Buffers: shared hit=41823 read=5125203
                                 ->  Seq Scan on store_sales  (cost=0.00..9485539.52 rows=57532634 width=22) (actual time=0.039..67411.523 rows=57752041 loops=1)
                                       Filter: ((ss_wholesale_cost >= '75'::numeric) AND (ss_wholesale_cost <= '95'::numeric))
                                       Rows Removed by Filter: 230244983
                                       Buffers: shared hit=40852 read=5124700
                                 ->  Hash  (cost=2569.73..2569.73 rows=28 width=4) (actual time=19.348..19.348 rows=28 loops=1)
                                       Buckets: 1024  Batches: 1  Memory Usage: 9kB
                                       Buffers: shared hit=971 read=503
                                       ->  Seq Scan on date_dim  (cost=0.00..2569.73 rows=28 width=4) (actual time=11.191..19.335 rows=28 loops=1)
                                             Filter: ((d_year = 2001) AND (d_moy = 2))
                                             Rows Removed by Filter: 73021
                                             Buffers: shared hit=971 read=503
                           ->  Hash  (cost=16906.00..16906.00 rows=21848 width=12) (actual time=103.237..103.238 rows=21811 loops=1)
                                 Buckets: 32768  Batches: 1  Memory Usage: 1193kB
                                 Buffers: shared hit=14356
                                 ->  Seq Scan on item  (cost=0.00..16906.00 rows=21848 width=12) (actual time=0.028..99.735 rows=21811 loops=1)
                                       Filter: (i_category = 'Sports'::bpchar)
                                       Rows Removed by Filter: 182189
                                       Buffers: shared hit=14356
                     ->  Index Scan using customer_pkey on customer  (cost=0.43..7.65 rows=1 width=8) (actual time=0.016..0.016 rows=0 loops=59755)
                           Index Cond: (c_customer_sk = store_sales.ss_customer_sk)
                           Filter: (c_birth_month = 12)
                           Rows Removed by Filter: 1
                           Buffers: shared hit=235267 read=1109
               ->  Index Scan using customer_address_pkey on customer_address  (cost=0.42..7.65 rows=1 width=15) (actual time=0.018..0.018 rows=0 loops=4108)
                     Index Cond: (ca_address_sk = customer.c_current_addr_sk)
                     Filter: (ca_state = 'MO'::bpchar)
                     Rows Removed by Filter: 1
                     Buffers: shared hit=14497 read=1935
         ->  Hash  (cost=22.02..22.02 rows=402 width=15) (actual time=0.669..0.669 rows=402 loops=1)
               Buckets: 1024  Batches: 1  Memory Usage: 27kB
               Buffers: shared hit=18
               ->  Seq Scan on store  (cost=0.00..22.02 rows=402 width=15) (actual time=0.025..0.539 rows=402 loops=1)
                     Buffers: shared hit=18
 Planning:
   Buffers: shared hit=460
 Planning Time: 4.935 ms
 Execution Time: 72201.742 ms
(54 rows)

