                                                                            QUERY PLAN                                                                            
------------------------------------------------------------------------------------------------------------------------------------------------------------------
 Aggregate  (cost=9621791.08..9621791.09 rows=1 width=40) (actual time=74961.827..74961.833 rows=1 loops=1)
   Buffers: shared hit=122704 read=5123484
   ->  Nested Loop  (cost=19688.69..9621791.06 rows=2 width=14) (actual time=52537.650..74961.779 rows=32 loops=1)
         Join Filter: ("substring"((customer_address.ca_zip)::text, 1, 5) <> "substring"((store.s_zip)::text, 1, 5))
         Buffers: shared hit=122704 read=5123484
         ->  Nested Loop  (cost=19688.27..9620732.28 rows=138 width=29) (actual time=52537.555..74945.027 rows=1457 loops=1)
               Buffers: shared hit=117647 read=5122713
               ->  Hash Join  (cost=19687.84..9610083.00 rows=1392 width=29) (actual time=52535.630..74789.135 rows=14785 loops=1)
                     Hash Cond: (store_sales.ss_item_sk = item.i_item_sk)
                     Buffers: shared hit=59338 read=5122266
                     ->  Nested Loop  (cost=2570.28..9592921.41 rows=16773 width=25) (actual time=52438.828..74642.149 rows=353921 loops=1)
                           Buffers: shared hit=45298 read=5121950
                           ->  Hash Join  (cost=2570.12..9591863.49 rows=16773 width=18) (actual time=52438.794..74533.569 rows=358119 loops=1)
                                 Hash Cond: (store_sales.ss_sold_date_sk = date_dim.d_date_sk)
                                 Buffers: shared hit=45080 read=5121946
                                 ->  Seq Scan on store_sales  (cost=0.00..9485539.52 rows=39523085 width=22) (actual time=0.069..71959.655 rows=40114371 loops=1)
                                       Filter: ((ss_wholesale_cost >= '25'::numeric) AND (ss_wholesale_cost <= '45'::numeric))
                                       Rows Removed by Filter: 247882653
                                       Buffers: shared hit=43908 read=5121644
                                 ->  Hash  (cost=2569.73..2569.73 rows=31 width=4) (actual time=21.910..21.910 rows=31 loops=1)
                                       Buckets: 1024  Batches: 1  Memory Usage: 10kB
                                       Buffers: shared hit=1172 read=302
                                       ->  Seq Scan on date_dim  (cost=0.00..2569.73 rows=31 width=4) (actual time=12.057..21.896 rows=31 loops=1)
                                             Filter: ((d_year = 2001) AND (d_moy = 10))
                                             Rows Removed by Filter: 73018
                                             Buffers: shared hit=1172 read=302
                           ->  Memoize  (cost=0.16..5.73 rows=1 width=15) (actual time=0.000..0.000 rows=1 loops=358119)
                                 Cache Key: store_sales.ss_store_sk
                                 Cache Mode: logical
                                 Hits: 358007  Misses: 112  Evictions: 0  Overflows: 0  Memory Usage: 13kB
                                 Buffers: shared hit=218 read=4
                                 ->  Index Scan using store_pkey on store  (cost=0.15..5.72 rows=1 width=15) (actual time=0.005..0.005 rows=1 loops=112)
                                       Index Cond: (s_store_sk = store_sales.ss_store_sk)
                                       Buffers: shared hit=218 read=4
                     ->  Hash  (cost=16906.00..16906.00 rows=16925 width=12) (actual time=96.675..96.676 rows=17141 loops=1)
                           Buckets: 32768  Batches: 1  Memory Usage: 993kB
                           Buffers: shared hit=14040 read=316
                           ->  Seq Scan on item  (cost=0.00..16906.00 rows=16925 width=12) (actual time=0.018..94.136 rows=17141 loops=1)
                                 Filter: (i_category = 'Home'::bpchar)
                                 Rows Removed by Filter: 186859
                                 Buffers: shared hit=14040 read=316
               ->  Index Scan using customer_pkey on customer  (cost=0.43..7.65 rows=1 width=8) (actual time=0.010..0.010 rows=0 loops=14785)
                     Index Cond: (c_customer_sk = store_sales.ss_customer_sk)
                     Filter: (c_birth_month = 1)
                     Rows Removed by Filter: 1
                     Buffers: shared hit=58309 read=447
         ->  Index Scan using customer_address_pkey on customer_address  (cost=0.42..7.65 rows=1 width=15) (actual time=0.011..0.011 rows=0 loops=1457)
               Index Cond: (ca_address_sk = customer.c_current_addr_sk)
               Filter: (ca_state = 'WV'::bpchar)
               Rows Removed by Filter: 1
               Buffers: shared hit=5057 read=771
 Planning:
   Buffers: shared hit=460
 Planning Time: 4.926 ms
 Execution Time: 74962.396 ms
(55 rows)

