                                                                            QUERY PLAN                                                                            
------------------------------------------------------------------------------------------------------------------------------------------------------------------
 Aggregate  (cost=9781066.29..9781066.30 rows=1 width=40) (actual time=81539.808..81539.814 rows=1 loops=1)
   Buffers: shared hit=701039 read=5136825
   ->  Hash Join  (cost=19838.83..9781066.26 rows=5 width=14) (actual time=53204.430..81539.631 rows=103 loops=1)
         Hash Cond: (store_sales.ss_store_sk = store.s_store_sk)
         Join Filter: ("substring"((customer_address.ca_zip)::text, 1, 5) <> "substring"((store.s_zip)::text, 1, 5))
         Rows Removed by Join Filter: 4
         Buffers: shared hit=701039 read=5136825
         ->  Nested Loop  (cost=19811.79..9781039.20 rows=5 width=29) (actual time=53203.659..81538.524 rows=108 loops=1)
               Buffers: shared hit=701021 read=5136825
               ->  Nested Loop  (cost=19811.36..9779814.34 rows=160 width=22) (actual time=53137.722..81416.170 rows=5204 loops=1)
                     Buffers: shared hit=683296 read=5133734
                     ->  Hash Join  (cost=19810.93..9741486.20 rows=5010 width=22) (actual time=53136.967..78479.266 rows=160857 loops=1)
                           Hash Cond: (store_sales.ss_item_sk = item.i_item_sk)
                           Buffers: shared hit=54219 read=5127163
                           ->  Hash Join  (cost=2570.12..9724145.23 rows=38157 width=18) (actual time=53030.629..78128.254 rows=1497194 loops=1)
                                 Hash Cond: (store_sales.ss_sold_date_sk = date_dim.d_date_sk)
                                 Buffers: shared hit=40090 read=5126936
                                 ->  Seq Scan on store_sales  (cost=0.00..9485539.52 rows=89913339 width=22) (actual time=0.051..72743.531 rows=89530603 loops=1)
                                       Filter: ((ss_wholesale_cost >= '55'::numeric) AND (ss_wholesale_cost <= '75'::numeric))
                                       Rows Removed by Filter: 198466421
                                       Buffers: shared hit=38616 read=5126936
                                 ->  Hash  (cost=2569.73..2569.73 rows=31 width=4) (actual time=21.360..21.360 rows=31 loops=1)
                                       Buckets: 1024  Batches: 1  Memory Usage: 10kB
                                       Buffers: shared hit=1474
                                       ->  Seq Scan on date_dim  (cost=0.00..2569.73 rows=31 width=4) (actual time=12.467..21.347 rows=31 loops=1)
                                             Filter: ((d_year = 2001) AND (d_moy = 8))
                                             Rows Removed by Filter: 73018
                                             Buffers: shared hit=1474
                           ->  Hash  (cost=16906.00..16906.00 rows=26785 width=12) (actual time=106.166..106.167 rows=26695 loops=1)
                                 Buckets: 32768  Batches: 1  Memory Usage: 1403kB
                                 Buffers: shared hit=14129 read=227
                                 ->  Seq Scan on item  (cost=0.00..16906.00 rows=26785 width=12) (actual time=0.018..101.187 rows=26695 loops=1)
                                       Filter: (i_category = 'Children'::bpchar)
                                       Rows Removed by Filter: 177305
                                       Buffers: shared hit=14129 read=227
                     ->  Index Scan using customer_pkey on customer  (cost=0.43..7.65 rows=1 width=8) (actual time=0.018..0.018 rows=0 loops=160857)
                           Index Cond: (c_customer_sk = store_sales.ss_customer_sk)
                           Filter: (c_birth_month = 6)
                           Rows Removed by Filter: 1
                           Buffers: shared hit=629077 read=6571
               ->  Index Scan using customer_address_pkey on customer_address  (cost=0.42..7.66 rows=1 width=15) (actual time=0.023..0.023 rows=0 loops=5204)
                     Index Cond: (ca_address_sk = customer.c_current_addr_sk)
                     Filter: (ca_state = 'NE'::bpchar)
                     Rows Removed by Filter: 1
                     Buffers: shared hit=17725 read=3091
         ->  Hash  (cost=22.02..22.02 rows=402 width=15) (actual time=0.739..0.739 rows=402 loops=1)
               Buckets: 1024  Batches: 1  Memory Usage: 27kB
               Buffers: shared hit=18
               ->  Seq Scan on store  (cost=0.00..22.02 rows=402 width=15) (actual time=0.030..0.578 rows=402 loops=1)
                     Buffers: shared hit=18
 Planning:
   Buffers: shared hit=460
 Planning Time: 4.962 ms
 Execution Time: 81540.337 ms
(54 rows)

