                                                                            QUERY PLAN                                                                            
------------------------------------------------------------------------------------------------------------------------------------------------------------------
 Aggregate  (cost=9725871.58..9725871.59 rows=1 width=40) (actual time=81214.478..81214.484 rows=1 loops=1)
   Buffers: shared hit=808339 read=5143245
   ->  Nested Loop  (cost=19811.93..9725871.58 rows=1 width=14) (actual time=21028.941..81214.185 rows=250 loops=1)
         Join Filter: ("substring"((customer_address.ca_zip)::text, 1, 5) <> "substring"((store.s_zip)::text, 1, 5))
         Rows Removed by Join Filter: 3
         Buffers: shared hit=808339 read=5143245
         ->  Nested Loop  (cost=19811.79..9725865.83 rows=1 width=29) (actual time=21028.920..81210.944 rows=254 loops=1)
               Buffers: shared hit=807833 read=5143245
               ->  Nested Loop  (cost=19811.36..9724105.93 rows=230 width=22) (actual time=21005.668..80984.709 rows=10366 loops=1)
                     Buffers: shared hit=773749 read=5135865
                     ->  Hash Join  (cost=19810.93..9693558.17 rows=3993 width=22) (actual time=21005.395..77816.385 rows=184318 loops=1)
                           Hash Cond: (store_sales.ss_item_sk = item.i_item_sk)
                           Buffers: shared hit=52449 read=5128933
                           ->  Hash Join  (cost=2570.12..9676237.52 rows=30412 width=18) (actual time=20907.168..77436.312 rows=1725538 loops=1)
                                 Hash Cond: (store_sales.ss_sold_date_sk = date_dim.d_date_sk)
                                 Buffers: shared hit=38296 read=5128730
                                 ->  Seq Scan on store_sales  (cost=0.00..9485539.52 rows=71663793 width=22) (actual time=0.580..73024.243 rows=71083444 loops=1)
                                       Filter: ((ss_wholesale_cost >= '53'::numeric) AND (ss_wholesale_cost <= '73'::numeric))
                                       Rows Removed by Filter: 216913580
                                       Buffers: shared hit=36822 read=5128730
                                 ->  Hash  (cost=2569.73..2569.73 rows=31 width=4) (actual time=21.683..21.684 rows=31 loops=1)
                                       Buckets: 1024  Batches: 1  Memory Usage: 10kB
                                       Buffers: shared hit=1474
                                       ->  Seq Scan on date_dim  (cost=0.00..2569.73 rows=31 width=4) (actual time=12.818..21.669 rows=31 loops=1)
                                             Filter: ((d_year = 1999) AND (d_moy = 8))
                                             Rows Removed by Filter: 73018
                                             Buffers: shared hit=1474
                           ->  Hash  (cost=16906.00..16906.00 rows=26785 width=12) (actual time=98.078..98.078 rows=26695 loops=1)
                                 Buckets: 32768  Batches: 1  Memory Usage: 1403kB
                                 Buffers: shared hit=14153 read=203
                                 ->  Seq Scan on item  (cost=0.00..16906.00 rows=26785 width=12) (actual time=0.017..94.264 rows=26695 loops=1)
                                       Filter: (i_category = 'Children'::bpchar)
                                       Rows Removed by Filter: 177305
                                       Buffers: shared hit=14153 read=203
                     ->  Index Scan using customer_pkey on customer  (cost=0.43..7.65 rows=1 width=8) (actual time=0.017..0.017 rows=0 loops=184318)
                           Index Cond: (c_customer_sk = store_sales.ss_customer_sk)
                           Filter: (c_birth_month = 3)
                           Rows Removed by Filter: 1
                           Buffers: shared hit=721300 read=6932
               ->  Index Scan using customer_address_pkey on customer_address  (cost=0.42..7.65 rows=1 width=15) (actual time=0.022..0.022 rows=0 loops=10366)
                     Index Cond: (ca_address_sk = customer.c_current_addr_sk)
                     Filter: (ca_state = 'AK'::bpchar)
                     Rows Removed by Filter: 1
                     Buffers: shared hit=34084 read=7380
         ->  Index Scan using store_pkey on store  (cost=0.15..5.72 rows=1 width=15) (actual time=0.009..0.009 rows=1 loops=254)
               Index Cond: (s_store_sk = store_sales.ss_store_sk)
               Buffers: shared hit=506
 Planning:
   Buffers: shared hit=460
 Planning Time: 5.855 ms
 Execution Time: 81215.002 ms
(51 rows)

