                                                                             QUERY PLAN                                                                              
---------------------------------------------------------------------------------------------------------------------------------------------------------------------
 Aggregate  (cost=9743657.23..9743657.24 rows=1 width=40) (actual time=101492.787..101492.792 rows=1 loops=1)
   Buffers: shared hit=4033006 read=5162262
   ->  Nested Loop  (cost=2571.53..9743657.21 rows=3 width=14) (actual time=312.357..101492.545 rows=102 loops=1)
         Join Filter: ("substring"((customer_address.ca_zip)::text, 1, 5) <> "substring"((store.s_zip)::text, 1, 5))
         Rows Removed by Join Filter: 5
         Buffers: shared hit=4033006 read=5162262
         ->  Nested Loop  (cost=2571.38..9743639.98 rows=3 width=29) (actual time=312.327..101490.822 rows=108 loops=1)
               Buffers: shared hit=4032792 read=5162262
               ->  Nested Loop  (cost=2570.96..9743197.11 rows=58 width=25) (actual time=30.998..101441.253 rows=1593 loops=1)
                     Buffers: shared hit=4027127 read=5161555
                     ->  Nested Loop  (cost=2570.54..9732096.55 rows=1451 width=18) (actual time=22.762..99548.470 rows=76199 loops=1)
                           Buffers: shared hit=3737194 read=5146692
                           ->  Hash Join  (cost=2570.11..9599171.86 rows=17375 width=18) (actual time=22.176..77771.774 rows=940503 loops=1)
                                 Hash Cond: (store_sales.ss_sold_date_sk = date_dim.d_date_sk)
                                 Buffers: shared hit=23712 read=5143314
                                 ->  Seq Scan on store_sales  (cost=0.00..9485539.52 rows=42307078 width=22) (actual time=0.882..74756.230 rows=43022880 loops=1)
                                       Filter: ((ss_wholesale_cost >= '4'::numeric) AND (ss_wholesale_cost <= '24'::numeric))
                                       Rows Removed by Filter: 244974144
                                       Buffers: shared hit=22238 read=5143314
                                 ->  Hash  (cost=2569.73..2569.73 rows=30 width=4) (actual time=21.262..21.263 rows=31 loops=1)
                                       Buckets: 1024  Batches: 1  Memory Usage: 10kB
                                       Buffers: shared hit=1474
                                       ->  Seq Scan on date_dim  (cost=0.00..2569.73 rows=30 width=4) (actual time=12.012..21.244 rows=31 loops=1)
                                             Filter: ((d_year = 1998) AND (d_moy = 1))
                                             Rows Removed by Filter: 73018
                                             Buffers: shared hit=1474
                           ->  Index Scan using customer_pkey on customer  (cost=0.43..7.65 rows=1 width=8) (actual time=0.023..0.023 rows=0 loops=940503)
                                 Index Cond: (c_customer_sk = store_sales.ss_customer_sk)
                                 Filter: (c_birth_month = 11)
                                 Rows Removed by Filter: 1
                                 Buffers: shared hit=3713482 read=3378
                     ->  Index Scan using customer_address_pkey on customer_address  (cost=0.42..7.65 rows=1 width=15) (actual time=0.024..0.024 rows=0 loops=76199)
                           Index Cond: (ca_address_sk = customer.c_current_addr_sk)
                           Filter: (ca_state = 'KY'::bpchar)
                           Rows Removed by Filter: 1
                           Buffers: shared hit=289933 read=14863
               ->  Index Scan using item_pkey on item  (cost=0.42..7.64 rows=1 width=12) (actual time=0.030..0.030 rows=0 loops=1593)
                     Index Cond: (i_item_sk = store_sales.ss_item_sk)
                     Filter: (i_category = 'Women'::bpchar)
                     Rows Removed by Filter: 1
                     Buffers: shared hit=5665 read=707
         ->  Index Scan using store_pkey on store  (cost=0.15..5.72 rows=1 width=15) (actual time=0.009..0.009 rows=1 loops=108)
               Index Cond: (s_store_sk = store_sales.ss_store_sk)
               Buffers: shared hit=214
 Planning:
   Buffers: shared hit=460
 Planning Time: 4.867 ms
 Execution Time: 101493.277 ms
(48 rows)

