                                                                            QUERY PLAN                                                                            
------------------------------------------------------------------------------------------------------------------------------------------------------------------
 Aggregate  (cost=9687534.16..9687534.17 rows=1 width=40) (actual time=84644.897..84644.903 rows=1 loops=1)
   Buffers: shared hit=1567474 read=5131172
   ->  Nested Loop  (cost=2571.53..9687534.14 rows=2 width=14) (actual time=29416.957..84644.776 rows=44 loops=1)
         Join Filter: ("substring"((customer_address.ca_zip)::text, 1, 5) <> "substring"((store.s_zip)::text, 1, 5))
         Buffers: shared hit=1567474 read=5131172
         ->  Nested Loop  (cost=2571.38..9687522.66 rows=2 width=29) (actual time=29416.925..84644.083 rows=44 loops=1)
               Buffers: shared hit=1567386 read=5131172
               ->  Nested Loop  (cost=2570.96..9686964.22 rows=73 width=22) (actual time=29041.886..84578.125 rows=2393 loops=1)
                     Buffers: shared hit=1558584 read=5130402
                     ->  Nested Loop  (cost=2570.53..9681287.66 rows=742 width=22) (actual time=29039.992..83956.319 rows=24637 loops=1)
                           Buffers: shared hit=1461185 read=5130377
                           ->  Hash Join  (cost=2570.11..9576137.85 rows=13771 width=18) (actual time=29039.905..75807.504 rows=356134 loops=1)
                                 Hash Cond: (store_sales.ss_sold_date_sk = date_dim.d_date_sk)
                                 Buffers: shared hit=37132 read=5129894
                                 ->  Seq Scan on store_sales  (cost=0.00..9485539.52 rows=33532703 width=22) (actual time=0.256..73489.875 rows=33748947 loops=1)
                                       Filter: ((ss_wholesale_cost >= '33'::numeric) AND (ss_wholesale_cost <= '53'::numeric))
                                       Rows Removed by Filter: 254248077
                                       Buffers: shared hit=36046 read=5129506
                                 ->  Hash  (cost=2569.73..2569.73 rows=30 width=4) (actual time=24.598..24.599 rows=30 loops=1)
                                       Buckets: 1024  Batches: 1  Memory Usage: 10kB
                                       Buffers: shared hit=1086 read=388
                                       ->  Seq Scan on date_dim  (cost=0.00..2569.73 rows=30 width=4) (actual time=13.110..24.587 rows=30 loops=1)
                                             Filter: ((d_year = 2000) AND (d_moy = 6))
                                             Rows Removed by Filter: 73019
                                             Buffers: shared hit=1086 read=388
                           ->  Index Scan using item_pkey on item  (cost=0.42..7.64 rows=1 width=12) (actual time=0.023..0.023 rows=0 loops=356134)
                                 Index Cond: (i_item_sk = store_sales.ss_item_sk)
                                 Filter: (i_category = 'Women'::bpchar)
                                 Rows Removed by Filter: 1
                                 Buffers: shared hit=1424053 read=483
                     ->  Index Scan using customer_pkey on customer  (cost=0.43..7.65 rows=1 width=8) (actual time=0.025..0.025 rows=0 loops=24637)
                           Index Cond: (c_customer_sk = store_sales.ss_customer_sk)
                           Filter: (c_birth_month = 1)
                           Rows Removed by Filter: 1
                           Buffers: shared hit=97399 read=25
               ->  Index Scan using customer_address_pkey on customer_address  (cost=0.42..7.65 rows=1 width=15) (actual time=0.027..0.027 rows=0 loops=2393)
                     Index Cond: (ca_address_sk = customer.c_current_addr_sk)
                     Filter: (ca_state = 'IA'::bpchar)
                     Rows Removed by Filter: 1
                     Buffers: shared hit=8802 read=770
         ->  Index Scan using store_pkey on store  (cost=0.15..5.72 rows=1 width=15) (actual time=0.009..0.009 rows=1 loops=44)
               Index Cond: (s_store_sk = store_sales.ss_store_sk)
               Buffers: shared hit=88
 Planning:
   Buffers: shared hit=460
 Planning Time: 2.563 ms
 Execution Time: 84645.182 ms
(47 rows)

