                                                                             QUERY PLAN                                                                              
---------------------------------------------------------------------------------------------------------------------------------------------------------------------
 Aggregate  (cost=9729238.54..9729238.55 rows=1 width=40) (actual time=105937.179..105937.185 rows=1 loops=1)
   Buffers: shared hit=4817416 read=5152176
   ->  Nested Loop  (cost=2571.54..9729238.53 rows=2 width=14) (actual time=49574.173..105936.911 rows=115 loops=1)
         Join Filter: ("substring"((customer_address.ca_zip)::text, 1, 5) <> "substring"((store.s_zip)::text, 1, 5))
         Rows Removed by Join Filter: 2
         Buffers: shared hit=4817416 read=5152176
         ->  Nested Loop  (cost=2571.39..9729227.04 rows=2 width=29) (actual time=49574.140..105934.745 rows=117 loops=1)
               Buffers: shared hit=4817185 read=5152173
               ->  Nested Loop  (cost=2570.97..9728952.16 rows=36 width=25) (actual time=49193.533..105895.680 rows=1675 loops=1)
                     Buffers: shared hit=4810485 read=5152173
                     ->  Nested Loop  (cost=2570.55..9718318.26 rows=1390 width=18) (actual time=49130.956..103693.669 rows=91550 loops=1)
                           Buffers: shared hit=4457697 read=5138761
                           ->  Hash Join  (cost=2570.12..9591031.84 rows=16638 width=18) (actual time=49130.734..77560.532 rows=1121027 loops=1)
                                 Hash Cond: (store_sales.ss_sold_date_sk = date_dim.d_date_sk)
                                 Buffers: shared hit=31870 read=5135156
                                 ->  Seq Scan on store_sales  (cost=0.00..9485539.52 rows=39206286 width=22) (actual time=0.250..74669.728 rows=39350281 loops=1)
                                       Filter: ((ss_wholesale_cost >= '32'::numeric) AND (ss_wholesale_cost <= '52'::numeric))
                                       Rows Removed by Filter: 248646743
                                       Buffers: shared hit=30676 read=5134876
                                 ->  Hash  (cost=2569.73..2569.73 rows=31 width=4) (actual time=20.894..20.895 rows=31 loops=1)
                                       Buckets: 1024  Batches: 1  Memory Usage: 10kB
                                       Buffers: shared hit=1194 read=280
                                       ->  Seq Scan on date_dim  (cost=0.00..2569.73 rows=31 width=4) (actual time=12.698..20.884 rows=31 loops=1)
                                             Filter: ((d_year = 2001) AND (d_moy = 7))
                                             Rows Removed by Filter: 73018
                                             Buffers: shared hit=1194 read=280
                           ->  Index Scan using customer_pkey on customer  (cost=0.43..7.65 rows=1 width=8) (actual time=0.023..0.023 rows=0 loops=1121027)
                                 Index Cond: (c_customer_sk = store_sales.ss_customer_sk)
                                 Filter: (c_birth_month = 11)
                                 Rows Removed by Filter: 1
                                 Buffers: shared hit=4425827 read=3605
                     ->  Index Scan using customer_address_pkey on customer_address  (cost=0.42..7.65 rows=1 width=15) (actual time=0.024..0.024 rows=0 loops=91550)
                           Index Cond: (ca_address_sk = customer.c_current_addr_sk)
                           Filter: (ca_state = 'IN'::bpchar)
                           Rows Removed by Filter: 1
                           Buffers: shared hit=352788 read=13412
               ->  Index Scan using item_pkey on item  (cost=0.42..7.64 rows=1 width=12) (actual time=0.023..0.023 rows=0 loops=1675)
                     Index Cond: (i_item_sk = store_sales.ss_item_sk)
                     Filter: (i_category = 'Women'::bpchar)
                     Rows Removed by Filter: 1
                     Buffers: shared hit=6700
         ->  Index Scan using store_pkey on store  (cost=0.15..5.72 rows=1 width=15) (actual time=0.012..0.012 rows=1 loops=117)
               Index Cond: (s_store_sk = store_sales.ss_store_sk)
               Buffers: shared hit=231 read=3
 Planning:
   Buffers: shared hit=460
 Planning Time: 4.770 ms
 Execution Time: 105937.543 ms
(48 rows)

