                                                                            QUERY PLAN                                                                            
------------------------------------------------------------------------------------------------------------------------------------------------------------------
 Aggregate  (cost=9643699.02..9643699.03 rows=1 width=40) (actual time=75777.728..75777.734 rows=1 loops=1)
   Buffers: shared hit=361260 read=5134988
   ->  Hash Join  (cost=19817.15..9643698.93 rows=13 width=14) (actual time=33356.182..75777.598 rows=77 loops=1)
         Hash Cond: (store_sales.ss_store_sk = store.s_store_sk)
         Join Filter: ("substring"((customer_address.ca_zip)::text, 1, 5) <> "substring"((store.s_zip)::text, 1, 5))
         Rows Removed by Join Filter: 1
         Buffers: shared hit=361260 read=5134988
         ->  Nested Loop  (cost=19790.10..9643671.85 rows=13 width=29) (actual time=33355.587..75776.760 rows=78 loops=1)
               Buffers: shared hit=361242 read=5134988
               ->  Nested Loop  (cost=19789.68..9642447.70 rows=160 width=22) (actual time=33319.294..75699.103 rows=4913 loops=1)
                     Buffers: shared hit=342148 read=5134430
                     ->  Hash Join  (cost=19789.25..9624882.52 rows=2296 width=22) (actual time=33319.187..74623.589 rows=74762 loops=1)
                           Hash Cond: (store_sales.ss_item_sk = item.i_item_sk)
                           Buffers: shared hit=46954 read=5134428
                           ->  Hash Join  (cost=2570.11..9607614.30 rows=18696 width=18) (actual time=33222.179..74397.004 rows=842949 loops=1)
                                 Hash Cond: (store_sales.ss_sold_date_sk = date_dim.d_date_sk)
                                 Buffers: shared hit=32860 read=5134166
                                 ->  Seq Scan on store_sales  (cost=0.00..9485539.52 rows=45523068 width=22) (actual time=0.032..71515.938 rows=45442997 loops=1)
                                       Filter: ((ss_wholesale_cost >= '36'::numeric) AND (ss_wholesale_cost <= '56'::numeric))
                                       Rows Removed by Filter: 242554027
                                       Buffers: shared hit=31386 read=5134166
                                 ->  Hash  (cost=2569.73..2569.73 rows=30 width=4) (actual time=19.484..19.485 rows=30 loops=1)
                                       Buckets: 1024  Batches: 1  Memory Usage: 10kB
                                       Buffers: shared hit=1474
                                       ->  Seq Scan on date_dim  (cost=0.00..2569.73 rows=30 width=4) (actual time=9.229..19.474 rows=30 loops=1)
                                             Filter: ((d_year = 2000) AND (d_moy = 9))
                                             Rows Removed by Filter: 73019
                                             Buffers: shared hit=1474
                           ->  Hash  (cost=16906.00..16906.00 rows=25051 width=12) (actual time=96.856..96.857 rows=24688 loops=1)
                                 Buckets: 32768  Batches: 1  Memory Usage: 1317kB
                                 Buffers: shared hit=14094 read=262
                                 ->  Seq Scan on item  (cost=0.00..16906.00 rows=25051 width=12) (actual time=0.017..93.341 rows=24688 loops=1)
                                       Filter: (i_category = 'Books'::bpchar)
                                       Rows Removed by Filter: 179312
                                       Buffers: shared hit=14094 read=262
                     ->  Index Scan using customer_pkey on customer  (cost=0.43..7.65 rows=1 width=8) (actual time=0.014..0.014 rows=0 loops=74762)
                           Index Cond: (c_customer_sk = store_sales.ss_customer_sk)
                           Filter: (c_birth_month = 12)
                           Rows Removed by Filter: 1
                           Buffers: shared hit=295194 read=2
               ->  Index Scan using customer_address_pkey on customer_address  (cost=0.42..7.65 rows=1 width=15) (actual time=0.016..0.016 rows=0 loops=4913)
                     Index Cond: (ca_address_sk = customer.c_current_addr_sk)
                     Filter: (ca_state = 'TX'::bpchar)
                     Rows Removed by Filter: 1
                     Buffers: shared hit=19094 read=558
         ->  Hash  (cost=22.02..22.02 rows=402 width=15) (actual time=0.568..0.569 rows=402 loops=1)
               Buckets: 1024  Batches: 1  Memory Usage: 27kB
               Buffers: shared hit=18
               ->  Seq Scan on store  (cost=0.00..22.02 rows=402 width=15) (actual time=0.022..0.446 rows=402 loops=1)
                     Buffers: shared hit=18
 Planning:
   Buffers: shared hit=460
 Planning Time: 4.418 ms
 Execution Time: 75778.133 ms
(54 rows)

