                                                                             QUERY PLAN                                                                              
---------------------------------------------------------------------------------------------------------------------------------------------------------------------
 Aggregate  (cost=9744817.37..9744817.38 rows=1 width=40) (actual time=87242.319..87242.324 rows=1 loops=1)
   Buffers: shared hit=2850918 read=5134164
   ->  Nested Loop  (cost=2571.50..9744817.37 rows=1 width=14) (actual time=24575.360..87242.266 rows=20 loops=1)
         Join Filter: ("substring"((customer_address.ca_zip)::text, 1, 5) <> "substring"((store.s_zip)::text, 1, 5))
         Buffers: shared hit=2850918 read=5134164
         ->  Nested Loop  (cost=2571.36..9744811.62 rows=1 width=29) (actual time=24575.315..87241.386 rows=21 loops=1)
               Buffers: shared hit=2850878 read=5134164
               ->  Nested Loop  (cost=2570.94..9744758.17 rows=7 width=25) (actual time=24059.218..87235.404 rows=204 loops=1)
                     Buffers: shared hit=2850102 read=5134124
                     ->  Nested Loop  (cost=2570.51..9742918.18 rows=240 width=18) (actual time=23884.534..87007.939 rows=10019 loops=1)
                           Buffers: shared hit=2810632 read=5133518
                           ->  Hash Join  (cost=2570.08..9608471.12 rows=17574 width=18) (actual time=23881.691..70236.325 rows=702696 loops=1)
                                 Hash Cond: (store_sales.ss_sold_date_sk = date_dim.d_date_sk)
                                 Buffers: shared hit=33511 read=5133515
                                 ->  Seq Scan on store_sales  (cost=0.00..9485539.52 rows=45849467 width=22) (actual time=0.046..67152.656 rows=46160898 loops=1)
                                       Filter: ((ss_wholesale_cost >= '80'::numeric) AND (ss_wholesale_cost <= '100'::numeric))
                                       Rows Removed by Filter: 241836126
                                       Buffers: shared hit=32037 read=5133515
                                 ->  Hash  (cost=2569.73..2569.73 rows=28 width=4) (actual time=20.039..20.040 rows=29 loops=1)
                                       Buckets: 1024  Batches: 1  Memory Usage: 10kB
                                       Buffers: shared hit=1474
                                       ->  Seq Scan on date_dim  (cost=0.00..2569.73 rows=28 width=4) (actual time=9.678..20.026 rows=29 loops=1)
                                             Filter: ((d_year = 2000) AND (d_moy = 2))
                                             Rows Removed by Filter: 73020
                                             Buffers: shared hit=1474
                           ->  Index Scan using customer_pkey on customer  (cost=0.43..7.65 rows=1 width=8) (actual time=0.023..0.023 rows=0 loops=702696)
                                 Index Cond: (c_customer_sk = store_sales.ss_customer_sk)
                                 Filter: (c_birth_month = 5)
                                 Rows Removed by Filter: 1
                                 Buffers: shared hit=2777121 read=3
                     ->  Index Scan using customer_address_pkey on customer_address  (cost=0.42..7.67 rows=1 width=15) (actual time=0.022..0.022 rows=0 loops=10019)
                           Index Cond: (ca_address_sk = customer.c_current_addr_sk)
                           Filter: (ca_state = 'TN'::bpchar)
                           Rows Removed by Filter: 1
                           Buffers: shared hit=39470 read=606
               ->  Index Scan using item_pkey on item  (cost=0.42..7.64 rows=1 width=12) (actual time=0.028..0.028 rows=0 loops=204)
                     Index Cond: (i_item_sk = store_sales.ss_item_sk)
                     Filter: (i_category = 'Women'::bpchar)
                     Rows Removed by Filter: 1
                     Buffers: shared hit=776 read=40
         ->  Index Scan using store_pkey on store  (cost=0.15..5.72 rows=1 width=15) (actual time=0.035..0.035 rows=1 loops=21)
               Index Cond: (s_store_sk = store_sales.ss_store_sk)
               Buffers: shared hit=40
 Planning:
   Buffers: shared hit=460
 Planning Time: 4.482 ms
 Execution Time: 87242.709 ms
(47 rows)

