                                                                            QUERY PLAN                                                                            
------------------------------------------------------------------------------------------------------------------------------------------------------------------
 Aggregate  (cost=9642580.10..9642580.11 rows=1 width=40) (actual time=69726.539..69726.545 rows=1 loops=1)
   Buffers: shared hit=238865 read=5132923
   ->  Nested Loop  (cost=19750.22..9642580.08 rows=3 width=14) (actual time=2801.853..69726.475 rows=33 loops=1)
         Join Filter: ("substring"((customer_address.ca_zip)::text, 1, 5) <> "substring"((store.s_zip)::text, 1, 5))
         Buffers: shared hit=238865 read=5132923
         ->  Nested Loop  (cost=19750.07..9642562.85 rows=3 width=29) (actual time=2801.830..69725.741 rows=33 loops=1)
               Buffers: shared hit=238799 read=5132923
               ->  Nested Loop  (cost=19749.65..9641644.64 rows=120 width=22) (actual time=2760.808..69687.608 rows=2587 loops=1)
                     Buffers: shared hit=228905 read=5132469
                     ->  Hash Join  (cost=19749.22..9625701.33 rows=2084 width=22) (actual time=2760.545..69096.037 rows=45564 loops=1)
                           Hash Cond: (store_sales.ss_item_sk = item.i_item_sk)
                           Buffers: shared hit=48913 read=5132469
                           ->  Hash Join  (cost=2570.12..9608471.16 rows=19457 width=18) (actual time=2657.856..68911.152 rows=528364 loops=1)
                                 Hash Cond: (store_sales.ss_sold_date_sk = date_dim.d_date_sk)
                                 Buffers: shared hit=34974 read=5132052
                                 ->  Seq Scan on store_sales  (cost=0.00..9485539.52 rows=45849467 width=22) (actual time=0.059..66062.750 rows=46160898 loops=1)
                                       Filter: ((ss_wholesale_cost >= '80'::numeric) AND (ss_wholesale_cost <= '100'::numeric))
                                       Rows Removed by Filter: 241836126
                                       Buffers: shared hit=33500 read=5132052
                                 ->  Hash  (cost=2569.73..2569.73 rows=31 width=4) (actual time=19.404..19.405 rows=31 loops=1)
                                       Buckets: 1024  Batches: 1  Memory Usage: 10kB
                                       Buffers: shared hit=1474
                                       ->  Seq Scan on date_dim  (cost=0.00..2569.73 rows=31 width=4) (actual time=9.665..19.389 rows=31 loops=1)
                                             Filter: ((d_year = 1998) AND (d_moy = 3))
                                             Rows Removed by Filter: 73018
                                             Buffers: shared hit=1474
                           ->  Hash  (cost=16906.00..16906.00 rows=21848 width=12) (actual time=102.539..102.540 rows=21811 loops=1)
                                 Buckets: 32768  Batches: 1  Memory Usage: 1193kB
                                 Buffers: shared hit=13939 read=417
                                 ->  Seq Scan on item  (cost=0.00..16906.00 rows=21848 width=12) (actual time=0.026..99.095 rows=21811 loops=1)
                                       Filter: (i_category = 'Sports'::bpchar)
                                       Rows Removed by Filter: 182189
                                       Buffers: shared hit=13939 read=417
                     ->  Index Scan using customer_pkey on customer  (cost=0.43..7.65 rows=1 width=8) (actual time=0.013..0.013 rows=0 loops=45564)
                           Index Cond: (c_customer_sk = store_sales.ss_customer_sk)
                           Filter: (c_birth_month = 3)
                           Rows Removed by Filter: 1
                           Buffers: shared hit=179992
               ->  Index Scan using customer_address_pkey on customer_address  (cost=0.42..7.65 rows=1 width=15) (actual time=0.014..0.014 rows=0 loops=2587)
                     Index Cond: (ca_address_sk = customer.c_current_addr_sk)
                     Filter: (ca_state = 'AL'::bpchar)
                     Rows Removed by Filter: 1
                     Buffers: shared hit=9894 read=454
         ->  Index Scan using store_pkey on store  (cost=0.15..5.72 rows=1 width=15) (actual time=0.017..0.017 rows=1 loops=33)
               Index Cond: (s_store_sk = store_sales.ss_store_sk)
               Buffers: shared hit=66
 Planning:
   Buffers: shared hit=460
 Planning Time: 6.068 ms
 Execution Time: 69727.129 ms
(50 rows)

