                                                                            QUERY PLAN                                                                            
------------------------------------------------------------------------------------------------------------------------------------------------------------------
 Aggregate  (cost=9643281.85..9643281.86 rows=1 width=40) (actual time=75284.774..75284.779 rows=1 loops=1)
   Buffers: shared hit=217074 read=5129932
   ->  Nested Loop  (cost=19790.26..9643281.85 rows=1 width=14) (actual time=56300.456..75284.752 rows=9 loops=1)
         Join Filter: ("substring"((customer_address.ca_zip)::text, 1, 5) <> "substring"((store.s_zip)::text, 1, 5))
         Rows Removed by Join Filter: 1
         Buffers: shared hit=217074 read=5129932
         ->  Nested Loop  (cost=19790.11..9643276.10 rows=1 width=29) (actual time=56300.438..75284.626 rows=10 loops=1)
               Buffers: shared hit=217055 read=5129931
               ->  Nested Loop  (cost=19789.69..9643030.77 rows=32 width=22) (actual time=56272.849..75276.239 rows=567 loops=1)
                     Buffers: shared hit=214892 read=5129826
                     ->  Hash Join  (cost=19789.26..9624884.17 rows=2372 width=22) (actual time=56270.157..74750.919 rows=41331 loops=1)
                           Hash Cond: (store_sales.ss_item_sk = item.i_item_sk)
                           Buffers: shared hit=51557 read=5129825
                           ->  Hash Join  (cost=2570.12..9607614.32 rows=19319 width=18) (actual time=56171.838..74582.697 rows=465018 loops=1)
                                 Hash Cond: (store_sales.ss_sold_date_sk = date_dim.d_date_sk)
                                 Buffers: shared hit=37404 read=5129622
                                 ->  Seq Scan on store_sales  (cost=0.00..9485539.52 rows=45523068 width=22) (actual time=0.055..71782.259 rows=45442997 loops=1)
                                       Filter: ((ss_wholesale_cost >= '37'::numeric) AND (ss_wholesale_cost <= '57'::numeric))
                                       Rows Removed by Filter: 242554027
                                       Buffers: shared hit=35930 read=5129622
                                 ->  Hash  (cost=2569.73..2569.73 rows=31 width=4) (actual time=19.490..19.491 rows=31 loops=1)
                                       Buckets: 1024  Batches: 1  Memory Usage: 10kB
                                       Buffers: shared hit=1474
                                       ->  Seq Scan on date_dim  (cost=0.00..2569.73 rows=31 width=4) (actual time=10.535..19.477 rows=31 loops=1)
                                             Filter: ((d_year = 2002) AND (d_moy = 3))
                                             Rows Removed by Filter: 73018
                                             Buffers: shared hit=1474
                           ->  Hash  (cost=16906.00..16906.00 rows=25051 width=12) (actual time=98.152..98.152 rows=24688 loops=1)
                                 Buckets: 32768  Batches: 1  Memory Usage: 1317kB
                                 Buffers: shared hit=14153 read=203
                                 ->  Seq Scan on item  (cost=0.00..16906.00 rows=25051 width=12) (actual time=0.011..94.628 rows=24688 loops=1)
                                       Filter: (i_category = 'Books'::bpchar)
                                       Rows Removed by Filter: 179312
                                       Buffers: shared hit=14153 read=203
                     ->  Index Scan using customer_pkey on customer  (cost=0.43..7.65 rows=1 width=8) (actual time=0.013..0.013 rows=0 loops=41331)
                           Index Cond: (c_customer_sk = store_sales.ss_customer_sk)
                           Filter: (c_birth_month = 5)
                           Rows Removed by Filter: 1
                           Buffers: shared hit=163335 read=1
               ->  Index Scan using customer_address_pkey on customer_address  (cost=0.42..7.67 rows=1 width=15) (actual time=0.014..0.014 rows=0 loops=567)
                     Index Cond: (ca_address_sk = customer.c_current_addr_sk)
                     Filter: (ca_state = 'KS'::bpchar)
                     Rows Removed by Filter: 1
                     Buffers: shared hit=2163 read=105
         ->  Index Scan using store_pkey on store  (cost=0.15..5.72 rows=1 width=15) (actual time=0.007..0.007 rows=1 loops=10)
               Index Cond: (s_store_sk = store_sales.ss_store_sk)
               Buffers: shared hit=19 read=1
 Planning:
   Buffers: shared hit=460
 Planning Time: 4.675 ms
 Execution Time: 75285.312 ms
(51 rows)

