                                                                             QUERY PLAN                                                                              
---------------------------------------------------------------------------------------------------------------------------------------------------------------------
 Aggregate  (cost=9762752.14..9762752.15 rows=1 width=40) (actual time=83186.823..83186.829 rows=1 loops=1)
   Buffers: shared hit=2248356 read=5135452
   ->  Nested Loop  (cost=2571.53..9762752.13 rows=2 width=14) (actual time=22150.808..83186.729 rows=36 loops=1)
         Join Filter: ("substring"((customer_address.ca_zip)::text, 1, 5) <> "substring"((store.s_zip)::text, 1, 5))
         Rows Removed by Join Filter: 1
         Buffers: shared hit=2248356 read=5135452
         ->  Nested Loop  (cost=2571.38..9762740.64 rows=2 width=29) (actual time=22150.780..83186.112 rows=38 loops=1)
               Buffers: shared hit=2248283 read=5135451
               ->  Nested Loop  (cost=2570.96..9762542.11 rows=26 width=25) (actual time=22129.740..83168.675 rows=547 loops=1)
                     Buffers: shared hit=2246330 read=5135216
                     ->  Nested Loop  (cost=2570.54..9752527.03 rows=1309 width=18) (actual time=22024.438..82275.896 rows=35255 loops=1)
                           Buffers: shared hit=2109782 read=5130744
                           ->  Hash Join  (cost=2570.11..9608471.14 rows=18830 width=18) (actual time=22023.842..69800.701 rows=524665 loops=1)
                                 Hash Cond: (store_sales.ss_sold_date_sk = date_dim.d_date_sk)
                                 Buffers: shared hit=36293 read=5130733
                                 ->  Seq Scan on store_sales  (cost=0.00..9485539.52 rows=45849467 width=22) (actual time=0.058..66781.602 rows=46160898 loops=1)
                                       Filter: ((ss_wholesale_cost >= '80'::numeric) AND (ss_wholesale_cost <= '100'::numeric))
                                       Rows Removed by Filter: 241836126
                                       Buffers: shared hit=34819 read=5130733
                                 ->  Hash  (cost=2569.73..2569.73 rows=30 width=4) (actual time=19.088..19.089 rows=31 loops=1)
                                       Buckets: 1024  Batches: 1  Memory Usage: 10kB
                                       Buffers: shared hit=1474
                                       ->  Seq Scan on date_dim  (cost=0.00..2569.73 rows=30 width=4) (actual time=8.945..19.074 rows=31 loops=1)
                                             Filter: ((d_year = 1999) AND (d_moy = 12))
                                             Rows Removed by Filter: 73018
                                             Buffers: shared hit=1474
                           ->  Index Scan using customer_pkey on customer  (cost=0.43..7.65 rows=1 width=8) (actual time=0.023..0.023 rows=0 loops=524665)
                                 Index Cond: (c_customer_sk = store_sales.ss_customer_sk)
                                 Filter: (c_birth_month = 12)
                                 Rows Removed by Filter: 1
                                 Buffers: shared hit=2073489 read=11
                     ->  Index Scan using customer_address_pkey on customer_address  (cost=0.42..7.65 rows=1 width=15) (actual time=0.025..0.025 rows=0 loops=35255)
                           Index Cond: (ca_address_sk = customer.c_current_addr_sk)
                           Filter: (ca_state = 'FL'::bpchar)
                           Rows Removed by Filter: 1
                           Buffers: shared hit=136548 read=4472
               ->  Index Scan using item_pkey on item  (cost=0.42..7.64 rows=1 width=12) (actual time=0.031..0.031 rows=0 loops=547)
                     Index Cond: (i_item_sk = store_sales.ss_item_sk)
                     Filter: (i_category = 'Men'::bpchar)
                     Rows Removed by Filter: 1
                     Buffers: shared hit=1953 read=235
         ->  Index Scan using store_pkey on store  (cost=0.15..5.72 rows=1 width=15) (actual time=0.009..0.009 rows=1 loops=38)
               Index Cond: (s_store_sk = store_sales.ss_store_sk)
               Buffers: shared hit=73 read=1
 Planning:
   Buffers: shared hit=460
 Planning Time: 5.000 ms
 Execution Time: 83187.357 ms
(48 rows)

