                                                                            QUERY PLAN                                                                            
------------------------------------------------------------------------------------------------------------------------------------------------------------------
 Aggregate  (cost=9671170.05..9671170.06 rows=1 width=40) (actual time=75608.297..75608.302 rows=1 loops=1)
   Buffers: shared hit=199678 read=5139164
   ->  Nested Loop  (cost=19790.25..9671170.02 rows=3 width=14) (actual time=54728.197..75608.233 rows=43 loops=1)
         Join Filter: ("substring"((customer_address.ca_zip)::text, 1, 5) <> "substring"((store.s_zip)::text, 1, 5))
         Rows Removed by Join Filter: 1
         Buffers: shared hit=199678 read=5139164
         ->  Nested Loop  (cost=19790.10..9671152.79 rows=3 width=29) (actual time=54728.176..75607.299 rows=44 loops=1)
               Buffers: shared hit=199594 read=5139160
               ->  Nested Loop  (cost=19789.68..9669079.69 rows=271 width=22) (actual time=54709.301..75555.449 rows=3434 loops=1)
                     Buffers: shared hit=187117 read=5137901
                     ->  Hash Join  (cost=19789.25..9648102.47 rows=2742 width=22) (actual time=54708.946..75069.033 rows=36351 loops=1)
                           Hash Cond: (store_sales.ss_item_sk = item.i_item_sk)
                           Buffers: shared hit=43482 read=5137900
                           ->  Hash Join  (cost=2570.11..9630824.73 rows=22327 width=18) (actual time=54591.920..74887.539 rows=408422 loops=1)
                                 Hash Cond: (store_sales.ss_sold_date_sk = date_dim.d_date_sk)
                                 Buffers: shared hit=41789 read=5125237
                                 ->  Seq Scan on store_sales  (cost=0.00..9485539.52 rows=54364643 width=22) (actual time=0.040..71574.986 rows=53574682 loops=1)
                                       Filter: ((ss_wholesale_cost >= '45'::numeric) AND (ss_wholesale_cost <= '65'::numeric))
                                       Rows Removed by Filter: 234422342
                                       Buffers: shared hit=40315 read=5125237
                                 ->  Hash  (cost=2569.73..2569.73 rows=30 width=4) (actual time=19.022..19.022 rows=31 loops=1)
                                       Buckets: 1024  Batches: 1  Memory Usage: 10kB
                                       Buffers: shared hit=1474
                                       ->  Seq Scan on date_dim  (cost=0.00..2569.73 rows=30 width=4) (actual time=9.080..19.008 rows=31 loops=1)
                                             Filter: ((d_year = 2002) AND (d_moy = 1))
                                             Rows Removed by Filter: 73018
                                             Buffers: shared hit=1474
                           ->  Hash  (cost=16906.00..16906.00 rows=25051 width=12) (actual time=116.884..116.885 rows=24688 loops=1)
                                 Buckets: 32768  Batches: 1  Memory Usage: 1317kB
                                 Buffers: shared hit=1693 read=12663
                                 ->  Seq Scan on item  (cost=0.00..16906.00 rows=25051 width=12) (actual time=0.015..112.396 rows=24688 loops=1)
                                       Filter: (i_category = 'Books'::bpchar)
                                       Rows Removed by Filter: 179312
                                       Buffers: shared hit=1693 read=12663
                     ->  Index Scan using customer_pkey on customer  (cost=0.43..7.65 rows=1 width=8) (actual time=0.013..0.013 rows=0 loops=36351)
                           Index Cond: (c_customer_sk = store_sales.ss_customer_sk)
                           Filter: (c_birth_month = 1)
                           Rows Removed by Filter: 1
                           Buffers: shared hit=143635 read=1
               ->  Index Scan using customer_address_pkey on customer_address  (cost=0.42..7.65 rows=1 width=15) (actual time=0.015..0.015 rows=0 loops=3434)
                     Index Cond: (ca_address_sk = customer.c_current_addr_sk)
                     Filter: (ca_state = 'WA'::bpchar)
                     Rows Removed by Filter: 1
                     Buffers: shared hit=12477 read=1259
         ->  Index Scan using store_pkey on store  (cost=0.15..5.72 rows=1 width=15) (actual time=0.017..0.017 rows=1 loops=44)
               Index Cond: (s_store_sk = store_sales.ss_store_sk)
               Buffers: shared hit=84 read=4
 Planning:
   Buffers: shared hit=460
 Planning Time: 4.834 ms
 Execution Time: 75608.690 ms
(51 rows)

