                                                                            QUERY PLAN                                                                            
------------------------------------------------------------------------------------------------------------------------------------------------------------------
 Aggregate  (cost=9760482.66..9760482.67 rows=1 width=40) (actual time=79681.305..79681.311 rows=1 loops=1)
   Buffers: shared hit=452934 read=5129402
   ->  Nested Loop  (cost=19643.37..9760482.65 rows=2 width=14) (actual time=12142.303..79681.215 rows=57 loops=1)
         Join Filter: ("substring"((customer_address.ca_zip)::text, 1, 5) <> "substring"((store.s_zip)::text, 1, 5))
         Buffers: shared hit=452934 read=5129402
         ->  Nested Loop  (cost=19643.23..9760471.16 rows=2 width=29) (actual time=12142.275..79680.622 rows=57 loops=1)
               Buffers: shared hit=452823 read=5129399
               ->  Nested Loop  (cost=19642.80..9759736.39 rows=96 width=22) (actual time=11933.275..79619.443 rows=3842 loops=1)
                     Buffers: shared hit=438842 read=5128012
                     ->  Hash Join  (cost=19642.37..9741314.41 rows=2408 width=22) (actual time=11932.825..78132.966 rows=97611 loops=1)
                           Hash Cond: (store_sales.ss_item_sk = item.i_item_sk)
                           Buffers: shared hit=53371 read=5128011
                           ->  Hash Join  (cost=2570.11..9724145.22 rows=36926 width=18) (actual time=11822.587..77851.676 rows=1297684 loops=1)
                                 Hash Cond: (store_sales.ss_sold_date_sk = date_dim.d_date_sk)
                                 Buffers: shared hit=39351 read=5127675
                                 ->  Seq Scan on store_sales  (cost=0.00..9485539.52 rows=89913339 width=22) (actual time=0.050..72497.680 rows=89530603 loops=1)
                                       Filter: ((ss_wholesale_cost >= '58'::numeric) AND (ss_wholesale_cost <= '78'::numeric))
                                       Rows Removed by Filter: 198466421
                                       Buffers: shared hit=37877 read=5127675
                                 ->  Hash  (cost=2569.73..2569.73 rows=30 width=4) (actual time=19.821..19.822 rows=31 loops=1)
                                       Buckets: 1024  Batches: 1  Memory Usage: 10kB
                                       Buffers: shared hit=1474
                                       ->  Seq Scan on date_dim  (cost=0.00..2569.73 rows=30 width=4) (actual time=10.206..19.808 rows=31 loops=1)
                                             Filter: ((d_year = 1998) AND (d_moy = 12))
                                             Rows Removed by Filter: 73018
                                             Buffers: shared hit=1474
                           ->  Hash  (cost=16906.00..16906.00 rows=13301 width=12) (actual time=110.143..110.143 rows=13933 loops=1)
                                 Buckets: 16384  Batches: 1  Memory Usage: 727kB
                                 Buffers: shared hit=14020 read=336
                                 ->  Seq Scan on item  (cost=0.00..16906.00 rows=13301 width=12) (actual time=0.015..107.800 rows=13933 loops=1)
                                       Filter: (i_category = 'Men'::bpchar)
                                       Rows Removed by Filter: 190067
                                       Buffers: shared hit=14020 read=336
                     ->  Index Scan using customer_pkey on customer  (cost=0.43..7.65 rows=1 width=8) (actual time=0.015..0.015 rows=0 loops=97611)
                           Index Cond: (c_customer_sk = store_sales.ss_customer_sk)
                           Filter: (c_birth_month = 9)
                           Rows Removed by Filter: 1
                           Buffers: shared hit=385471 read=1
               ->  Index Scan using customer_address_pkey on customer_address  (cost=0.42..7.65 rows=1 width=15) (actual time=0.016..0.016 rows=0 loops=3842)
                     Index Cond: (ca_address_sk = customer.c_current_addr_sk)
                     Filter: (ca_state = 'MI'::bpchar)
                     Rows Removed by Filter: 1
                     Buffers: shared hit=13981 read=1387
         ->  Index Scan using store_pkey on store  (cost=0.15..5.72 rows=1 width=15) (actual time=0.006..0.006 rows=1 loops=57)
               Index Cond: (s_store_sk = store_sales.ss_store_sk)
               Buffers: shared hit=111 read=3
 Planning:
   Buffers: shared hit=460
 Planning Time: 4.455 ms
 Execution Time: 79681.804 ms
(50 rows)

