                                                                            QUERY PLAN                                                                            
------------------------------------------------------------------------------------------------------------------------------------------------------------------
 Aggregate  (cost=9658994.36..9658994.37 rows=1 width=40) (actual time=77901.213..77901.219 rows=1 loops=1)
   Buffers: shared hit=395531 read=5131657
   ->  Hash Join  (cost=20034.16..9658994.04 rows=43 width=14) (actual time=16878.604..77901.067 rows=167 loops=1)
         Hash Cond: (store_sales.ss_store_sk = store.s_store_sk)
         Join Filter: ("substring"((customer_address.ca_zip)::text, 1, 5) <> "substring"((store.s_zip)::text, 1, 5))
         Rows Removed by Join Filter: 2
         Buffers: shared hit=395531 read=5131657
         ->  Nested Loop  (cost=20007.11..9658966.88 rows=43 width=29) (actual time=16878.052..77900.138 rows=170 loops=1)
               Buffers: shared hit=395513 read=5131657
               ->  Nested Loop  (cost=20006.69..9654836.40 rows=540 width=22) (actual time=16871.154..77642.345 rows=10588 loops=1)
                     Buffers: shared hit=356915 read=5127903
                     ->  Hash Join  (cost=20006.26..9625099.53 rows=3887 width=22) (actual time=16871.061..76031.574 rows=76800 loops=1)
                           Hash Cond: (store_sales.ss_item_sk = item.i_item_sk)
                           Buffers: shared hit=53529 read=5127853
                           ->  Hash Join  (cost=2570.11..9607614.30 rows=18696 width=18) (actual time=16753.432..75854.771 rows=214372 loops=1)
                                 Hash Cond: (store_sales.ss_sold_date_sk = date_dim.d_date_sk)
                                 Buffers: shared hit=39406 read=5127620
                                 ->  Seq Scan on store_sales  (cost=0.00..9485539.52 rows=45523068 width=22) (actual time=0.029..72960.026 rows=45442997 loops=1)
                                       Filter: ((ss_wholesale_cost >= '35'::numeric) AND (ss_wholesale_cost <= '55'::numeric))
                                       Rows Removed by Filter: 242554027
                                       Buffers: shared hit=37932 read=5127620
                                 ->  Hash  (cost=2569.73..2569.73 rows=30 width=4) (actual time=19.559..19.560 rows=30 loops=1)
                                       Buckets: 1024  Batches: 1  Memory Usage: 10kB
                                       Buffers: shared hit=1474
                                       ->  Seq Scan on date_dim  (cost=0.00..2569.73 rows=30 width=4) (actual time=8.638..19.548 rows=30 loops=1)
                                             Filter: ((d_year = 1999) AND (d_moy = 4))
                                             Rows Removed by Filter: 73019
                                             Buffers: shared hit=1474
                           ->  Hash  (cost=16906.00..16906.00 rows=42412 width=12) (actual time=117.398..117.399 rows=42041 loops=1)
                                 Buckets: 65536  Batches: 1  Memory Usage: 2319kB
                                 Buffers: shared hit=14123 read=233
                                 ->  Seq Scan on item  (cost=0.00..16906.00 rows=42412 width=12) (actual time=0.015..110.633 rows=42041 loops=1)
                                       Filter: (i_category = 'Electronics'::bpchar)
                                       Rows Removed by Filter: 161959
                                       Buffers: shared hit=14123 read=233
                     ->  Index Scan using customer_pkey on customer  (cost=0.43..7.65 rows=1 width=8) (actual time=0.021..0.021 rows=0 loops=76800)
                           Index Cond: (c_customer_sk = store_sales.ss_customer_sk)
                           Filter: (c_birth_month = 10)
                           Rows Removed by Filter: 1
                           Buffers: shared hit=303386 read=50
               ->  Index Scan using customer_address_pkey on customer_address  (cost=0.42..7.65 rows=1 width=15) (actual time=0.024..0.024 rows=0 loops=10588)
                     Index Cond: (ca_address_sk = customer.c_current_addr_sk)
                     Filter: (ca_state = 'TX'::bpchar)
                     Rows Removed by Filter: 1
                     Buffers: shared hit=38598 read=3754
         ->  Hash  (cost=22.02..22.02 rows=402 width=15) (actual time=0.529..0.530 rows=402 loops=1)
               Buckets: 1024  Batches: 1  Memory Usage: 27kB
               Buffers: shared hit=18
               ->  Seq Scan on store  (cost=0.00..22.02 rows=402 width=15) (actual time=0.021..0.421 rows=402 loops=1)
                     Buffers: shared hit=18
 Planning:
   Buffers: shared hit=460
 Planning Time: 4.631 ms
 Execution Time: 77901.755 ms
(54 rows)

