                                                                            QUERY PLAN                                                                            
------------------------------------------------------------------------------------------------------------------------------------------------------------------
 Aggregate  (cost=9622859.25..9622859.26 rows=1 width=40) (actual time=74559.537..74559.542 rows=1 loops=1)
   Buffers: shared hit=220292 read=5137528
   ->  Nested Loop  (cost=19750.22..9622859.22 rows=4 width=14) (actual time=59040.034..74559.438 rows=66 loops=1)
         Join Filter: ("substring"((customer_address.ca_zip)::text, 1, 5) <> "substring"((store.s_zip)::text, 1, 5))
         Rows Removed by Join Filter: 3
         Buffers: shared hit=220292 read=5137528
         ->  Nested Loop  (cost=19750.07..9622836.24 rows=4 width=29) (actual time=59040.017..74558.766 rows=69 loops=1)
               Buffers: shared hit=220154 read=5137528
               ->  Nested Loop  (cost=19749.65..9621887.53 rows=124 width=22) (actual time=59023.829..74525.897 rows=2668 loops=1)
                     Buffers: shared hit=210410 read=5136600
                     ->  Hash Join  (cost=19749.22..9608254.61 rows=1782 width=22) (actual time=59023.437..74109.011 rows=41944 loops=1)
                           Hash Cond: (store_sales.ss_item_sk = item.i_item_sk)
                           Buffers: shared hit=44868 read=5136514
                           ->  Hash Join  (cost=2570.12..9591031.84 rows=16638 width=18) (actual time=58909.119..73910.148 rows=582513 loops=1)
                                 Hash Cond: (store_sales.ss_sold_date_sk = date_dim.d_date_sk)
                                 Buffers: shared hit=40596 read=5126430
                                 ->  Seq Scan on store_sales  (cost=0.00..9485539.52 rows=39206286 width=22) (actual time=0.055..71378.171 rows=39350281 loops=1)
                                       Filter: ((ss_wholesale_cost >= '30'::numeric) AND (ss_wholesale_cost <= '50'::numeric))
                                       Rows Removed by Filter: 248646743
                                       Buffers: shared hit=39122 read=5126430
                                 ->  Hash  (cost=2569.73..2569.73 rows=31 width=4) (actual time=19.488..19.489 rows=31 loops=1)
                                       Buckets: 1024  Batches: 1  Memory Usage: 10kB
                                       Buffers: shared hit=1474
                                       ->  Seq Scan on date_dim  (cost=0.00..2569.73 rows=31 width=4) (actual time=10.466..19.474 rows=31 loops=1)
                                             Filter: ((d_year = 2002) AND (d_moy = 7))
                                             Rows Removed by Filter: 73018
                                             Buffers: shared hit=1474
                           ->  Hash  (cost=16906.00..16906.00 rows=21848 width=12) (actual time=114.070..114.071 rows=21811 loops=1)
                                 Buckets: 32768  Batches: 1  Memory Usage: 1193kB
                                 Buffers: shared hit=4272 read=10084
                                 ->  Seq Scan on item  (cost=0.00..16906.00 rows=21848 width=12) (actual time=0.020..110.112 rows=21811 loops=1)
                                       Filter: (i_category = 'Sports'::bpchar)
                                       Rows Removed by Filter: 182189
                                       Buffers: shared hit=4272 read=10084
                     ->  Index Scan using customer_pkey on customer  (cost=0.43..7.65 rows=1 width=8) (actual time=0.010..0.010 rows=0 loops=41944)
                           Index Cond: (c_customer_sk = store_sales.ss_customer_sk)
                           Filter: (c_birth_month = 12)
                           Rows Removed by Filter: 1
                           Buffers: shared hit=165542 read=86
               ->  Index Scan using customer_address_pkey on customer_address  (cost=0.42..7.65 rows=1 width=15) (actual time=0.012..0.012 rows=0 loops=2668)
                     Index Cond: (ca_address_sk = customer.c_current_addr_sk)
                     Filter: (ca_state = 'OH'::bpchar)
                     Rows Removed by Filter: 1
                     Buffers: shared hit=9744 read=928
         ->  Index Scan using store_pkey on store  (cost=0.15..5.72 rows=1 width=15) (actual time=0.006..0.006 rows=1 loops=69)
               Index Cond: (s_store_sk = store_sales.ss_store_sk)
               Buffers: shared hit=138
 Planning:
   Buffers: shared hit=460
 Planning Time: 4.664 ms
 Execution Time: 74560.063 ms
(51 rows)

