                                                                            QUERY PLAN                                                                            
------------------------------------------------------------------------------------------------------------------------------------------------------------------
 Aggregate  (cost=9641639.51..9641639.52 rows=1 width=40) (actual time=69776.729..69776.735 rows=1 loops=1)
   Buffers: shared hit=298587 read=5126485
   ->  Nested Loop  (cost=19750.21..9641639.49 rows=2 width=14) (actual time=15520.402..69776.671 rows=28 loops=1)
         Join Filter: ("substring"((customer_address.ca_zip)::text, 1, 5) <> "substring"((store.s_zip)::text, 1, 5))
         Rows Removed by Join Filter: 1
         Buffers: shared hit=298587 read=5126485
         ->  Nested Loop  (cost=19750.06..9641628.01 rows=2 width=29) (actual time=15520.381..69776.290 rows=29 loops=1)
               Buffers: shared hit=298532 read=5126482
               ->  Nested Loop  (cost=19749.64..9641130.41 rows=65 width=22) (actual time=15471.294..69745.528 rows=1938 loops=1)
                     Buffers: shared hit=291626 read=5125636
                     ->  Hash Join  (cost=19749.21..9625699.67 rows=2017 width=22) (actual time=15469.826..68928.690 rows=59687 loops=1)
                           Hash Cond: (store_sales.ss_item_sk = item.i_item_sk)
                           Buffers: shared hit=55981 read=5125401
                           ->  Hash Join  (cost=2570.11..9608471.14 rows=18830 width=18) (actual time=15369.667..68726.188 rows=694904 loops=1)
                                 Hash Cond: (store_sales.ss_sold_date_sk = date_dim.d_date_sk)
                                 Buffers: shared hit=41978 read=5125048
                                 ->  Seq Scan on store_sales  (cost=0.00..9485539.52 rows=45849467 width=22) (actual time=0.045..65825.397 rows=46160898 loops=1)
                                       Filter: ((ss_wholesale_cost >= '80'::numeric) AND (ss_wholesale_cost <= '100'::numeric))
                                       Rows Removed by Filter: 241836126
                                       Buffers: shared hit=40504 read=5125048
                                 ->  Hash  (cost=2569.73..2569.73 rows=30 width=4) (actual time=21.522..21.522 rows=31 loops=1)
                                       Buckets: 1024  Batches: 1  Memory Usage: 10kB
                                       Buffers: shared hit=1474
                                       ->  Seq Scan on date_dim  (cost=0.00..2569.73 rows=30 width=4) (actual time=9.085..21.510 rows=31 loops=1)
                                             Filter: ((d_year = 1999) AND (d_moy = 5))
                                             Rows Removed by Filter: 73018
                                             Buffers: shared hit=1474
                           ->  Hash  (cost=16906.00..16906.00 rows=21848 width=12) (actual time=100.015..100.016 rows=21811 loops=1)
                                 Buckets: 32768  Batches: 1  Memory Usage: 1193kB
                                 Buffers: shared hit=14003 read=353
                                 ->  Seq Scan on item  (cost=0.00..16906.00 rows=21848 width=12) (actual time=0.019..96.694 rows=21811 loops=1)
                                       Filter: (i_category = 'Sports'::bpchar)
                                       Rows Removed by Filter: 182189
                                       Buffers: shared hit=14003 read=353
                     ->  Index Scan using customer_pkey on customer  (cost=0.43..7.65 rows=1 width=8) (actual time=0.013..0.013 rows=0 loops=59687)
                           Index Cond: (c_customer_sk = store_sales.ss_customer_sk)
                           Filter: (c_birth_month = 6)
                           Rows Removed by Filter: 1
                           Buffers: shared hit=235645 read=235
               ->  Index Scan using customer_address_pkey on customer_address  (cost=0.42..7.66 rows=1 width=15) (actual time=0.016..0.016 rows=0 loops=1938)
                     Index Cond: (ca_address_sk = customer.c_current_addr_sk)
                     Filter: (ca_state = 'KS'::bpchar)
                     Rows Removed by Filter: 1
                     Buffers: shared hit=6906 read=846
         ->  Index Scan using store_pkey on store  (cost=0.15..5.72 rows=1 width=15) (actual time=0.008..0.008 rows=1 loops=29)
               Index Cond: (s_store_sk = store_sales.ss_store_sk)
               Buffers: shared hit=55 read=3
 Planning:
   Buffers: shared hit=460
 Planning Time: 3.780 ms
 Execution Time: 69777.183 ms
(51 rows)

