                                                                             QUERY PLAN                                                                              
---------------------------------------------------------------------------------------------------------------------------------------------------------------------
 Aggregate  (cost=9686563.53..9686563.54 rows=1 width=40) (actual time=96386.833..96386.839 rows=1 loops=1)
   Buffers: shared hit=3516171 read=5150445
   ->  Nested Loop  (cost=2571.54..9686563.47 rows=7 width=14) (actual time=60556.092..96386.433 rows=208 loops=1)
         Join Filter: ("substring"((customer_address.ca_zip)::text, 1, 5) <> "substring"((store.s_zip)::text, 1, 5))
         Rows Removed by Join Filter: 9
         Buffers: shared hit=3516171 read=5150445
         ->  Nested Loop  (cost=2571.39..9686523.27 rows=7 width=29) (actual time=60336.820..96382.516 rows=220 loops=1)
               Buffers: shared hit=3515739 read=5150443
               ->  Nested Loop  (cost=2570.97..9686256.03 rows=35 width=25) (actual time=59839.829..96348.893 rows=1159 loops=1)
                     Buffers: shared hit=3511750 read=5149796
                     ->  Nested Loop  (cost=2570.55..9677511.75 rows=1143 width=18) (actual time=59823.669..94704.107 rows=66316 loops=1)
                           Buffers: shared hit=3259704 read=5136578
                           ->  Hash Join  (cost=2570.12..9572786.09 rows=13689 width=18) (actual time=59823.521..75941.327 rows=816960 loops=1)
                                 Hash Cond: (store_sales.ss_sold_date_sk = date_dim.d_date_sk)
                                 Buffers: shared hit=31413 read=5135613
                                 ->  Seq Scan on store_sales  (cost=0.00..9485539.52 rows=32255907 width=22) (actual time=0.035..73624.308 rows=32336064 loops=1)
                                       Filter: ((ss_wholesale_cost >= '20'::numeric) AND (ss_wholesale_cost <= '40'::numeric))
                                       Rows Removed by Filter: 255660960
                                       Buffers: shared hit=29939 read=5135613
                                 ->  Hash  (cost=2569.73..2569.73 rows=31 width=4) (actual time=14.478..14.480 rows=31 loops=1)
                                       Buckets: 1024  Batches: 1  Memory Usage: 10kB
                                       Buffers: shared hit=1474
                                       ->  Seq Scan on date_dim  (cost=0.00..2569.73 rows=31 width=4) (actual time=8.677..14.466 rows=31 loops=1)
                                             Filter: ((d_year = 2002) AND (d_moy = 8))
                                             Rows Removed by Filter: 73018
                                             Buffers: shared hit=1474
                           ->  Index Scan using customer_pkey on customer  (cost=0.43..7.65 rows=1 width=8) (actual time=0.023..0.023 rows=0 loops=816960)
                                 Index Cond: (c_customer_sk = store_sales.ss_customer_sk)
                                 Filter: (c_birth_month = 11)
                                 Rows Removed by Filter: 1
                                 Buffers: shared hit=3228291 read=965
                     ->  Index Scan using customer_address_pkey on customer_address  (cost=0.42..7.65 rows=1 width=15) (actual time=0.024..0.024 rows=0 loops=66316)
                           Index Cond: (ca_address_sk = customer.c_current_addr_sk)
                           Filter: (ca_state = 'IA'::bpchar)
                           Rows Removed by Filter: 1
                           Buffers: shared hit=252046 read=13218
               ->  Index Scan using item_pkey on item  (cost=0.42..7.64 rows=1 width=12) (actual time=0.028..0.028 rows=0 loops=1159)
                     Index Cond: (i_item_sk = store_sales.ss_item_sk)
                     Filter: (i_category = 'Electronics'::bpchar)
                     Rows Removed by Filter: 1
                     Buffers: shared hit=3989 read=647
         ->  Index Scan using store_pkey on store  (cost=0.15..5.72 rows=1 width=15) (actual time=0.012..0.012 rows=1 loops=220)
               Index Cond: (s_store_sk = store_sales.ss_store_sk)
               Buffers: shared hit=432 read=2
 Planning:
   Buffers: shared hit=460
 Planning Time: 2.953 ms
 Execution Time: 96387.164 ms
(48 rows)

