                                                                             QUERY PLAN                                                                             
--------------------------------------------------------------------------------------------------------------------------------------------------------------------
 Aggregate  (cost=9752260.15..9752260.16 rows=1 width=40) (actual time=77244.226..77244.231 rows=1 loops=1)
   Buffers: shared hit=1232790 read=5118964
   ->  Nested Loop  (cost=2571.52..9752260.14 rows=1 width=14) (actual time=21871.166..77244.180 rows=18 loops=1)
         Join Filter: ("substring"((customer_address.ca_zip)::text, 1, 5) <> "substring"((store.s_zip)::text, 1, 5))
         Buffers: shared hit=1232790 read=5118964
         ->  Nested Loop  (cost=2571.37..9752254.40 rows=1 width=29) (actual time=21871.129..77243.866 rows=18 loops=1)
               Buffers: shared hit=1232754 read=5118964
               ->  Nested Loop  (cost=2570.95..9752178.04 rows=10 width=25) (actual time=21711.294..77235.565 rows=238 loops=1)
                     Buffers: shared hit=1232038 read=5118728
                     ->  Nested Loop  (cost=2570.52..9747722.61 rows=582 width=18) (actual time=21707.004..77007.165 rows=9405 loops=1)
                           Buffers: shared hit=1195224 read=5117922
                           ->  Hash Join  (cost=2570.10..9608471.13 rows=18202 width=18) (actual time=21706.864..70214.978 rows=289920 loops=1)
                                 Hash Cond: (store_sales.ss_sold_date_sk = date_dim.d_date_sk)
                                 Buffers: shared hit=49108 read=5117918
                                 ->  Seq Scan on store_sales  (cost=0.00..9485539.52 rows=45849467 width=22) (actual time=0.048..67212.515 rows=46160898 loops=1)
                                       Filter: ((ss_wholesale_cost >= '80'::numeric) AND (ss_wholesale_cost <= '100'::numeric))
                                       Rows Removed by Filter: 241836126
                                       Buffers: shared hit=47634 read=5117918
                                 ->  Hash  (cost=2569.73..2569.73 rows=29 width=4) (actual time=19.324..19.325 rows=30 loops=1)
                                       Buckets: 1024  Batches: 1  Memory Usage: 10kB
                                       Buffers: shared hit=1474
                                       ->  Seq Scan on date_dim  (cost=0.00..2569.73 rows=29 width=4) (actual time=9.572..19.311 rows=30 loops=1)
                                             Filter: ((d_year = 1999) AND (d_moy = 11))
                                             Rows Removed by Filter: 73019
                                             Buffers: shared hit=1474
                           ->  Index Scan using customer_pkey on customer  (cost=0.43..7.65 rows=1 width=8) (actual time=0.023..0.023 rows=0 loops=289920)
                                 Index Cond: (c_customer_sk = store_sales.ss_customer_sk)
                                 Filter: (c_birth_month = 6)
                                 Rows Removed by Filter: 1
                                 Buffers: shared hit=1146116 read=4
                     ->  Index Scan using customer_address_pkey on customer_address  (cost=0.42..7.66 rows=1 width=15) (actual time=0.024..0.024 rows=0 loops=9405)
                           Index Cond: (ca_address_sk = customer.c_current_addr_sk)
                           Filter: (ca_state = 'LA'::bpchar)
                           Rows Removed by Filter: 1
                           Buffers: shared hit=36814 read=806
               ->  Index Scan using item_pkey on item  (cost=0.42..7.64 rows=1 width=12) (actual time=0.034..0.034 rows=0 loops=238)
                     Index Cond: (i_item_sk = store_sales.ss_item_sk)
                     Filter: (i_category = 'Men'::bpchar)
                     Rows Removed by Filter: 1
                     Buffers: shared hit=716 read=236
         ->  Index Scan using store_pkey on store  (cost=0.15..5.72 rows=1 width=15) (actual time=0.010..0.010 rows=1 loops=18)
               Index Cond: (s_store_sk = store_sales.ss_store_sk)
               Buffers: shared hit=36
 Planning:
   Buffers: shared hit=460
 Planning Time: 4.531 ms
 Execution Time: 77244.624 ms
(47 rows)

