                                                                             QUERY PLAN                                                                              
---------------------------------------------------------------------------------------------------------------------------------------------------------------------
 Aggregate  (cost=9733624.61..9733624.62 rows=1 width=40) (actual time=85301.939..85301.944 rows=1 loops=1)
   Buffers: shared hit=1654039 read=5128259
   ->  Nested Loop  (cost=2571.53..9733624.60 rows=2 width=14) (actual time=52945.876..85301.887 rows=20 loops=1)
         Join Filter: ("substring"((customer_address.ca_zip)::text, 1, 5) <> "substring"((store.s_zip)::text, 1, 5))
         Buffers: shared hit=1654039 read=5128259
         ->  Nested Loop  (cost=2571.38..9733613.11 rows=2 width=29) (actual time=52945.838..85301.539 rows=22 loops=1)
               Buffers: shared hit=1653999 read=5128259
               ->  Nested Loop  (cost=2570.96..9733277.14 rows=44 width=25) (actual time=52366.908..85271.491 rows=1039 loops=1)
                     Buffers: shared hit=1650804 read=5127298
                     ->  Nested Loop  (cost=2570.54..9716036.21 rows=2254 width=18) (actual time=52360.251..84046.155 rows=49719 loops=1)
                           Buffers: shared hit=1455944 read=5123282
                           ->  Hash Join  (cost=2570.11..9591863.48 rows=16231 width=18) (actual time=52360.209..75676.499 rows=357277 loops=1)
                                 Hash Cond: (store_sales.ss_sold_date_sk = date_dim.d_date_sk)
                                 Buffers: shared hit=43748 read=5123278
                                 ->  Seq Scan on store_sales  (cost=0.00..9485539.52 rows=39523085 width=22) (actual time=0.062..72976.318 rows=40114371 loops=1)
                                       Filter: ((ss_wholesale_cost >= '23'::numeric) AND (ss_wholesale_cost <= '43'::numeric))
                                       Rows Removed by Filter: 247882653
                                       Buffers: shared hit=42274 read=5123278
                                 ->  Hash  (cost=2569.73..2569.73 rows=30 width=4) (actual time=18.296..18.296 rows=30 loops=1)
                                       Buckets: 1024  Batches: 1  Memory Usage: 10kB
                                       Buffers: shared hit=1474
                                       ->  Seq Scan on date_dim  (cost=0.00..2569.73 rows=30 width=4) (actual time=9.645..18.272 rows=30 loops=1)
                                             Filter: ((d_year = 2001) AND (d_moy = 9))
                                             Rows Removed by Filter: 73019
                                             Buffers: shared hit=1474
                           ->  Index Scan using customer_pkey on customer  (cost=0.43..7.65 rows=1 width=8) (actual time=0.023..0.023 rows=0 loops=357277)
                                 Index Cond: (c_customer_sk = store_sales.ss_customer_sk)
                                 Filter: (c_birth_month = 10)
                                 Rows Removed by Filter: 1
                                 Buffers: shared hit=1412196 read=4
                     ->  Index Scan using customer_address_pkey on customer_address  (cost=0.42..7.65 rows=1 width=15) (actual time=0.024..0.024 rows=0 loops=49719)
                           Index Cond: (ca_address_sk = customer.c_current_addr_sk)
                           Filter: (ca_state = 'CA'::bpchar)
                           Rows Removed by Filter: 1
                           Buffers: shared hit=194860 read=4016
               ->  Index Scan using item_pkey on item  (cost=0.42..7.64 rows=1 width=12) (actual time=0.028..0.028 rows=0 loops=1039)
                     Index Cond: (i_item_sk = store_sales.ss_item_sk)
                     Filter: (i_category = 'Jewelry'::bpchar)
                     Rows Removed by Filter: 1
                     Buffers: shared hit=3195 read=961
         ->  Index Scan using store_pkey on store  (cost=0.15..5.72 rows=1 width=15) (actual time=0.009..0.009 rows=1 loops=22)
               Index Cond: (s_store_sk = store_sales.ss_store_sk)
               Buffers: shared hit=40
 Planning:
   Buffers: shared hit=460
 Planning Time: 4.813 ms
 Execution Time: 85302.442 ms
(47 rows)

