                                                                            QUERY PLAN                                                                            
------------------------------------------------------------------------------------------------------------------------------------------------------------------
 Aggregate  (cost=9639014.91..9639014.92 rows=1 width=40) (actual time=70084.410..70084.416 rows=1 loops=1)
   Buffers: shared hit=312043 read=5133113
   ->  Hash Join  (cost=19715.57..9639014.86 rows=6 width=14) (actual time=35994.689..70084.222 rows=138 loops=1)
         Hash Cond: (store_sales.ss_store_sk = store.s_store_sk)
         Join Filter: ("substring"((customer_address.ca_zip)::text, 1, 5) <> "substring"((store.s_zip)::text, 1, 5))
         Buffers: shared hit=312043 read=5133113
         ->  Nested Loop  (cost=19688.53..9638987.80 rows=6 width=29) (actual time=35993.058..70082.224 rows=138 loops=1)
               Buffers: shared hit=312026 read=5133112
               ->  Nested Loop  (cost=19688.10..9637587.97 rows=183 width=22) (actual time=35937.879..70010.745 rows=6871 loops=1)
                     Buffers: shared hit=286352 read=5131302
                     ->  Hash Join  (cost=19687.67..9625638.14 rows=1562 width=22) (actual time=35937.849..69473.844 rows=59767 loops=1)
                           Hash Cond: (store_sales.ss_item_sk = item.i_item_sk)
                           Buffers: shared hit=50080 read=5131302
                           ->  Hash Join  (cost=2570.11..9608471.14 rows=18830 width=18) (actual time=35812.380..69168.402 rows=1424331 loops=1)
                                 Hash Cond: (store_sales.ss_sold_date_sk = date_dim.d_date_sk)
                                 Buffers: shared hit=35901 read=5131125
                                 ->  Seq Scan on store_sales  (cost=0.00..9485539.52 rows=45849467 width=22) (actual time=0.039..66173.622 rows=46160898 loops=1)
                                       Filter: ((ss_wholesale_cost >= '80'::numeric) AND (ss_wholesale_cost <= '100'::numeric))
                                       Rows Removed by Filter: 241836126
                                       Buffers: shared hit=34427 read=5131125
                                 ->  Hash  (cost=2569.73..2569.73 rows=30 width=4) (actual time=19.302..19.303 rows=31 loops=1)
                                       Buckets: 1024  Batches: 1  Memory Usage: 10kB
                                       Buffers: shared hit=1474
                                       ->  Seq Scan on date_dim  (cost=0.00..2569.73 rows=30 width=4) (actual time=9.062..19.292 rows=31 loops=1)
                                             Filter: ((d_year = 2000) AND (d_moy = 12))
                                             Rows Removed by Filter: 73018
                                             Buffers: shared hit=1474
                           ->  Hash  (cost=16906.00..16906.00 rows=16925 width=12) (actual time=125.286..125.287 rows=17141 loops=1)
                                 Buckets: 32768  Batches: 1  Memory Usage: 993kB
                                 Buffers: shared hit=14179 read=177
                                 ->  Seq Scan on item  (cost=0.00..16906.00 rows=16925 width=12) (actual time=0.019..121.792 rows=17141 loops=1)
                                       Filter: (i_category = 'Home'::bpchar)
                                       Rows Removed by Filter: 186859
                                       Buffers: shared hit=14179 read=177
                     ->  Index Scan using customer_pkey on customer  (cost=0.43..7.65 rows=1 width=8) (actual time=0.009..0.009 rows=0 loops=59767)
                           Index Cond: (c_customer_sk = store_sales.ss_customer_sk)
                           Filter: (c_birth_month = 8)
                           Rows Removed by Filter: 1
                           Buffers: shared hit=236272
               ->  Index Scan using customer_address_pkey on customer_address  (cost=0.42..7.65 rows=1 width=15) (actual time=0.010..0.010 rows=0 loops=6871)
                     Index Cond: (ca_address_sk = customer.c_current_addr_sk)
                     Filter: (ca_state = 'MO'::bpchar)
                     Rows Removed by Filter: 1
                     Buffers: shared hit=25674 read=1810
         ->  Hash  (cost=22.02..22.02 rows=402 width=15) (actual time=1.599..1.600 rows=402 loops=1)
               Buckets: 1024  Batches: 1  Memory Usage: 27kB
               Buffers: shared hit=17 read=1
               ->  Seq Scan on store  (cost=0.00..22.02 rows=402 width=15) (actual time=0.031..1.471 rows=402 loops=1)
                     Buffers: shared hit=17 read=1
 Planning:
   Buffers: shared hit=460
 Planning Time: 4.744 ms
 Execution Time: 70084.933 ms
(53 rows)

