                                                                            QUERY PLAN                                                                            
------------------------------------------------------------------------------------------------------------------------------------------------------------------
 Aggregate  (cost=9623704.96..9623704.97 rows=1 width=40) (actual time=74600.676..74600.681 rows=1 loops=1)
   Buffers: shared hit=150967 read=5125489
   ->  Nested Loop  (cost=19750.21..9623704.93 rows=4 width=14) (actual time=54419.879..74600.617 rows=38 loops=1)
         Join Filter: ("substring"((customer_address.ca_zip)::text, 1, 5) <> "substring"((store.s_zip)::text, 1, 5))
         Rows Removed by Join Filter: 1
         Buffers: shared hit=150967 read=5125489
         ->  Nested Loop  (cost=19750.06..9623681.95 rows=4 width=29) (actual time=54419.859..74600.232 rows=39 loops=1)
               Buffers: shared hit=150890 read=5125488
               ->  Nested Loop  (cost=19749.64..9622381.48 rows=170 width=22) (actual time=54388.367..74573.697 rows=2046 loops=1)
                     Buffers: shared hit=144003 read=5124191
                     ->  Hash Join  (cost=19749.21..9609085.19 rows=1738 width=22) (actual time=54388.313..74351.470 rows=22012 loops=1)
                           Hash Cond: (store_sales.ss_item_sk = item.i_item_sk)
                           Buffers: shared hit=57210 read=5124172
                           ->  Hash Join  (cost=2570.11..9591863.48 rows=16231 width=18) (actual time=54280.028..74198.047 rows=305690 loops=1)
                                 Hash Cond: (store_sales.ss_sold_date_sk = date_dim.d_date_sk)
                                 Buffers: shared hit=42854 read=5124172
                                 ->  Seq Scan on store_sales  (cost=0.00..9485539.52 rows=39523085 width=22) (actual time=0.085..71646.198 rows=40114371 loops=1)
                                       Filter: ((ss_wholesale_cost >= '25'::numeric) AND (ss_wholesale_cost <= '45'::numeric))
                                       Rows Removed by Filter: 247882653
                                       Buffers: shared hit=42813 read=5122739
                                 ->  Hash  (cost=2569.73..2569.73 rows=30 width=4) (actual time=25.120..25.121 rows=31 loops=1)
                                       Buckets: 1024  Batches: 1  Memory Usage: 10kB
                                       Buffers: shared hit=41 read=1433
                                       ->  Seq Scan on date_dim  (cost=0.00..2569.73 rows=30 width=4) (actual time=14.565..25.102 rows=31 loops=1)
                                             Filter: ((d_year = 2002) AND (d_moy = 1))
                                             Rows Removed by Filter: 73018
                                             Buffers: shared hit=41 read=1433
                           ->  Hash  (cost=16906.00..16906.00 rows=21848 width=12) (actual time=108.128..108.129 rows=21811 loops=1)
                                 Buckets: 32768  Batches: 1  Memory Usage: 1193kB
                                 Buffers: shared hit=14356
                                 ->  Seq Scan on item  (cost=0.00..16906.00 rows=21848 width=12) (actual time=0.020..104.054 rows=21811 loops=1)
                                       Filter: (i_category = 'Sports'::bpchar)
                                       Rows Removed by Filter: 182189
                                       Buffers: shared hit=14356
                     ->  Index Scan using customer_pkey on customer  (cost=0.43..7.65 rows=1 width=8) (actual time=0.010..0.010 rows=0 loops=22012)
                           Index Cond: (c_customer_sk = store_sales.ss_customer_sk)
                           Filter: (c_birth_month = 2)
                           Rows Removed by Filter: 1
                           Buffers: shared hit=86793 read=19
               ->  Index Scan using customer_address_pkey on customer_address  (cost=0.42..7.65 rows=1 width=15) (actual time=0.013..0.013 rows=0 loops=2046)
                     Index Cond: (ca_address_sk = customer.c_current_addr_sk)
                     Filter: (ca_state = 'MI'::bpchar)
                     Rows Removed by Filter: 1
                     Buffers: shared hit=6887 read=1297
         ->  Index Scan using store_pkey on store  (cost=0.15..5.72 rows=1 width=15) (actual time=0.006..0.006 rows=1 loops=39)
               Index Cond: (s_store_sk = store_sales.ss_store_sk)
               Buffers: shared hit=77 read=1
 Planning:
   Buffers: shared hit=460
 Planning Time: 5.507 ms
 Execution Time: 74601.361 ms
(51 rows)

