                                                                            QUERY PLAN                                                                            
------------------------------------------------------------------------------------------------------------------------------------------------------------------
 Aggregate  (cost=9626404.22..9626404.23 rows=1 width=40) (actual time=75722.147..75722.152 rows=1 loops=1)
   Buffers: shared hit=450202 read=5136790
   ->  Hash Join  (cost=19838.82..9626404.19 rows=5 width=14) (actual time=141.930..75721.901 rows=226 loops=1)
         Hash Cond: (store_sales.ss_store_sk = store.s_store_sk)
         Join Filter: ("substring"((customer_address.ca_zip)::text, 1, 5) <> "substring"((store.s_zip)::text, 1, 5))
         Rows Removed by Join Filter: 4
         Buffers: shared hit=450202 read=5136790
         ->  Nested Loop  (cost=19811.78..9626377.13 rows=5 width=29) (actual time=140.535..75719.971 rows=232 loops=1)
               Buffers: shared hit=450187 read=5136787
               ->  Nested Loop  (cost=19811.35..9624487.73 rows=247 width=22) (actual time=132.764..75547.094 rows=10706 loops=1)
                     Buffers: shared hit=414866 read=5129284
                     ->  Hash Join  (cost=19810.92..9608314.90 rows=2114 width=22) (actual time=132.615..74276.967 rows=91824 loops=1)
                           Hash Cond: (store_sales.ss_item_sk = item.i_item_sk)
                           Buffers: shared hit=53756 read=5127626
                           ->  Hash Join  (cost=2570.11..9591031.83 rows=16101 width=18) (actual time=19.899..74016.794 rows=861164 loops=1)
                                 Hash Cond: (store_sales.ss_sold_date_sk = date_dim.d_date_sk)
                                 Buffers: shared hit=39400 read=5127626
                                 ->  Seq Scan on store_sales  (cost=0.00..9485539.52 rows=39206286 width=22) (actual time=0.033..71478.925 rows=39350281 loops=1)
                                       Filter: ((ss_wholesale_cost >= '28'::numeric) AND (ss_wholesale_cost <= '48'::numeric))
                                       Rows Removed by Filter: 248646743
                                       Buffers: shared hit=37926 read=5127626
                                 ->  Hash  (cost=2569.73..2569.73 rows=30 width=4) (actual time=19.836..19.837 rows=31 loops=1)
                                       Buckets: 1024  Batches: 1  Memory Usage: 10kB
                                       Buffers: shared hit=1474
                                       ->  Seq Scan on date_dim  (cost=0.00..2569.73 rows=30 width=4) (actual time=9.481..19.825 rows=31 loops=1)
                                             Filter: ((d_year = 1998) AND (d_moy = 1))
                                             Rows Removed by Filter: 73018
                                             Buffers: shared hit=1474
                           ->  Hash  (cost=16906.00..16906.00 rows=26785 width=12) (actual time=112.578..112.579 rows=26695 loops=1)
                                 Buckets: 32768  Batches: 1  Memory Usage: 1403kB
                                 Buffers: shared hit=14356
                                 ->  Seq Scan on item  (cost=0.00..16906.00 rows=26785 width=12) (actual time=0.016..108.501 rows=26695 loops=1)
                                       Filter: (i_category = 'Children'::bpchar)
                                       Rows Removed by Filter: 177305
                                       Buffers: shared hit=14356
                     ->  Index Scan using customer_pkey on customer  (cost=0.43..7.65 rows=1 width=8) (actual time=0.014..0.014 rows=0 loops=91824)
                           Index Cond: (c_customer_sk = store_sales.ss_customer_sk)
                           Filter: (c_birth_month = 8)
                           Rows Removed by Filter: 1
                           Buffers: shared hit=361110 read=1658
               ->  Index Scan using customer_address_pkey on customer_address  (cost=0.42..7.65 rows=1 width=15) (actual time=0.016..0.016 rows=0 loops=10706)
                     Index Cond: (ca_address_sk = customer.c_current_addr_sk)
                     Filter: (ca_state = 'CO'::bpchar)
                     Rows Removed by Filter: 1
                     Buffers: shared hit=35321 read=7503
         ->  Hash  (cost=22.02..22.02 rows=402 width=15) (actual time=1.349..1.350 rows=402 loops=1)
               Buckets: 1024  Batches: 1  Memory Usage: 27kB
               Buffers: shared hit=15 read=3
               ->  Seq Scan on store  (cost=0.00..22.02 rows=402 width=15) (actual time=0.024..1.232 rows=402 loops=1)
                     Buffers: shared hit=15 read=3
 Planning:
   Buffers: shared hit=460
 Planning Time: 4.769 ms
 Execution Time: 75722.695 ms
(54 rows)

