                                                                            QUERY PLAN                                                                            
------------------------------------------------------------------------------------------------------------------------------------------------------------------
 Aggregate  (cost=9772248.43..9772248.44 rows=1 width=40) (actual time=77214.015..77214.022 rows=1 loops=1)
   Buffers: shared hit=240236 read=5121228
   ->  Hash Join  (cost=19838.82..9772248.39 rows=5 width=14) (actual time=16771.826..77213.968 rows=23 loops=1)
         Hash Cond: (store_sales.ss_store_sk = store.s_store_sk)
         Join Filter: ("substring"((customer_address.ca_zip)::text, 1, 5) <> "substring"((store.s_zip)::text, 1, 5))
         Buffers: shared hit=240236 read=5121228
         ->  Nested Loop  (cost=19811.78..9772221.33 rows=5 width=29) (actual time=16770.456..77212.536 rows=23 loops=1)
               Buffers: shared hit=240221 read=5121225
               ->  Nested Loop  (cost=19811.35..9770461.25 rows=230 width=22) (actual time=16770.194..77170.532 rows=2005 loops=1)
                     Buffers: shared hit=233711 read=5119715
                     ->  Hash Join  (cost=19810.92..9734474.11 rows=4704 width=22) (actual time=16768.166..76363.408 rows=43537 loops=1)
                           Hash Cond: (store_sales.ss_item_sk = item.i_item_sk)
                           Buffers: shared hit=65060 read=5116322
                           ->  Hash Join  (cost=2570.11..9717139.25 rows=35830 width=18) (actual time=16662.149..76193.483 rows=409118 loops=1)
                                 Hash Cond: (store_sales.ss_sold_date_sk = date_dim.d_date_sk)
                                 Buffers: shared hit=50708 read=5116318
                                 ->  Seq Scan on store_sales  (cost=0.00..9485539.52 rows=87244546 width=22) (actual time=0.038..71099.234 rows=86810744 loops=1)
                                       Filter: ((ss_wholesale_cost >= '68'::numeric) AND (ss_wholesale_cost <= '88'::numeric))
                                       Rows Removed by Filter: 201186280
                                       Buffers: shared hit=49234 read=5116318
                                 ->  Hash  (cost=2569.73..2569.73 rows=30 width=4) (actual time=19.097..19.098 rows=30 loops=1)
                                       Buckets: 1024  Batches: 1  Memory Usage: 10kB
                                       Buffers: shared hit=1474
                                       ->  Seq Scan on date_dim  (cost=0.00..2569.73 rows=30 width=4) (actual time=9.978..19.085 rows=30 loops=1)
                                             Filter: ((d_year = 1999) AND (d_moy = 4))
                                             Rows Removed by Filter: 73019
                                             Buffers: shared hit=1474
                           ->  Hash  (cost=16906.00..16906.00 rows=26785 width=12) (actual time=105.873..105.874 rows=26695 loops=1)
                                 Buckets: 32768  Batches: 1  Memory Usage: 1403kB
                                 Buffers: shared hit=14352 read=4
                                 ->  Seq Scan on item  (cost=0.00..16906.00 rows=26785 width=12) (actual time=0.014..102.047 rows=26695 loops=1)
                                       Filter: (i_category = 'Children'::bpchar)
                                       Rows Removed by Filter: 177305
                                       Buffers: shared hit=14352 read=4
                     ->  Index Scan using customer_pkey on customer  (cost=0.43..7.65 rows=1 width=8) (actual time=0.018..0.018 rows=0 loops=43537)
                           Index Cond: (c_customer_sk = store_sales.ss_customer_sk)
                           Filter: (c_birth_month = 7)
                           Rows Removed by Filter: 1
                           Buffers: shared hit=168651 read=3393
               ->  Index Scan using customer_address_pkey on customer_address  (cost=0.42..7.65 rows=1 width=15) (actual time=0.021..0.021 rows=0 loops=2005)
                     Index Cond: (ca_address_sk = customer.c_current_addr_sk)
                     Filter: (ca_state = 'OK'::bpchar)
                     Rows Removed by Filter: 1
                     Buffers: shared hit=6510 read=1510
         ->  Hash  (cost=22.02..22.02 rows=402 width=15) (actual time=1.336..1.337 rows=402 loops=1)
               Buckets: 1024  Batches: 1  Memory Usage: 27kB
               Buffers: shared hit=15 read=3
               ->  Seq Scan on store  (cost=0.00..22.02 rows=402 width=15) (actual time=0.029..1.176 rows=402 loops=1)
                     Buffers: shared hit=15 read=3
 Planning:
   Buffers: shared hit=460
 Planning Time: 4.671 ms
 Execution Time: 77214.532 ms
(53 rows)

