                                                                            QUERY PLAN                                                                            
------------------------------------------------------------------------------------------------------------------------------------------------------------------
 Aggregate  (cost=9660952.93..9660952.94 rows=1 width=40) (actual time=71380.506..71380.512 rows=1 loops=1)
   Buffers: shared hit=404585 read=5142319
   ->  Hash Join  (cost=20034.16..9660952.53 rows=53 width=14) (actual time=25572.503..71380.348 rows=163 loops=1)
         Hash Cond: (store_sales.ss_store_sk = store.s_store_sk)
         Join Filter: ("substring"((customer_address.ca_zip)::text, 1, 5) <> "substring"((store.s_zip)::text, 1, 5))
         Rows Removed by Join Filter: 4
         Buffers: shared hit=404585 read=5142319
         ->  Nested Loop  (cost=20007.11..9660925.35 rows=53 width=29) (actual time=25571.689..71379.148 rows=167 loops=1)
               Buffers: shared hit=404567 read=5142319
               ->  Nested Loop  (cost=20006.69..9655907.80 rows=656 width=22) (actual time=25519.164..71093.950 rows=13071 loops=1)
                     Buffers: shared hit=360954 read=5133648
                     ->  Hash Join  (cost=20006.26..9625956.72 rows=3915 width=22) (actual time=25519.113..69571.825 rows=79235 loops=1)
                           Hash Cond: (store_sales.ss_item_sk = item.i_item_sk)
                           Buffers: shared hit=57616 read=5123766
                           ->  Hash Join  (cost=2570.11..9608471.14 rows=18830 width=18) (actual time=25403.920..69382.819 rows=334688 loops=1)
                                 Hash Cond: (store_sales.ss_sold_date_sk = date_dim.d_date_sk)
                                 Buffers: shared hit=43264 read=5123762
                                 ->  Seq Scan on store_sales  (cost=0.00..9485539.52 rows=45849467 width=22) (actual time=0.044..66490.808 rows=46160898 loops=1)
                                       Filter: ((ss_wholesale_cost >= '80'::numeric) AND (ss_wholesale_cost <= '100'::numeric))
                                       Rows Removed by Filter: 241836126
                                       Buffers: shared hit=41790 read=5123762
                                 ->  Hash  (cost=2569.73..2569.73 rows=30 width=4) (actual time=20.118..20.118 rows=30 loops=1)
                                       Buckets: 1024  Batches: 1  Memory Usage: 10kB
                                       Buffers: shared hit=1474
                                       ->  Seq Scan on date_dim  (cost=0.00..2569.73 rows=30 width=4) (actual time=11.479..20.097 rows=30 loops=1)
                                             Filter: ((d_year = 2000) AND (d_moy = 4))
                                             Rows Removed by Filter: 73019
                                             Buffers: shared hit=1474
                           ->  Hash  (cost=16906.00..16906.00 rows=42412 width=12) (actual time=114.955..114.956 rows=42041 loops=1)
                                 Buckets: 65536  Batches: 1  Memory Usage: 2319kB
                                 Buffers: shared hit=14352 read=4
                                 ->  Seq Scan on item  (cost=0.00..16906.00 rows=42412 width=12) (actual time=0.018..107.220 rows=42041 loops=1)
                                       Filter: (i_category = 'Electronics'::bpchar)
                                       Rows Removed by Filter: 161959
                                       Buffers: shared hit=14352 read=4
                     ->  Index Scan using customer_pkey on customer  (cost=0.43..7.65 rows=1 width=8) (actual time=0.019..0.019 rows=0 loops=79235)
                           Index Cond: (c_customer_sk = store_sales.ss_customer_sk)
                           Filter: (c_birth_month = 4)
                           Rows Removed by Filter: 1
                           Buffers: shared hit=303338 read=9882
               ->  Index Scan using customer_address_pkey on customer_address  (cost=0.42..7.65 rows=1 width=15) (actual time=0.022..0.022 rows=0 loops=13071)
                     Index Cond: (ca_address_sk = customer.c_current_addr_sk)
                     Filter: (ca_state = 'TX'::bpchar)
                     Rows Removed by Filter: 1
                     Buffers: shared hit=43613 read=8671
         ->  Hash  (cost=22.02..22.02 rows=402 width=15) (actual time=0.778..0.779 rows=402 loops=1)
               Buckets: 1024  Batches: 1  Memory Usage: 27kB
               Buffers: shared hit=18
               ->  Seq Scan on store  (cost=0.00..22.02 rows=402 width=15) (actual time=0.035..0.615 rows=402 loops=1)
                     Buffers: shared hit=18
 Planning:
   Buffers: shared hit=460
 Planning Time: 7.301 ms
 Execution Time: 71381.170 ms
(54 rows)

