                                                                            QUERY PLAN                                                                            
------------------------------------------------------------------------------------------------------------------------------------------------------------------
 Aggregate  (cost=9719647.58..9719647.59 rows=1 width=40) (actual time=79104.636..79104.641 rows=1 loops=1)
   Buffers: shared hit=466027 read=5144317
   ->  Nested Loop  (cost=19750.22..9719647.56 rows=3 width=14) (actual time=7541.385..79104.513 rows=94 loops=1)
         Join Filter: ("substring"((customer_address.ca_zip)::text, 1, 5) <> "substring"((store.s_zip)::text, 1, 5))
         Rows Removed by Join Filter: 1
         Buffers: shared hit=466027 read=5144317
         ->  Nested Loop  (cost=19750.07..9719630.33 rows=3 width=29) (actual time=7541.363..79102.312 rows=95 loops=1)
               Buffers: shared hit=465841 read=5144313
               ->  Nested Loop  (cost=19749.65..9718413.58 rows=159 width=22) (actual time=7499.456..79022.185 rows=4741 loops=1)
                     Buffers: shared hit=450040 read=5141150
                     ->  Hash Join  (cost=19749.22..9693496.45 rows=3257 width=22) (actual time=7499.322..77402.969 rows=103658 loops=1)
                           Hash Cond: (store_sales.ss_item_sk = item.i_item_sk)
                           Buffers: shared hit=54642 read=5126740
                           ->  Hash Join  (cost=2570.12..9676237.52 rows=30412 width=18) (actual time=7393.485..77120.118 rows=1205614 loops=1)
                                 Hash Cond: (store_sales.ss_sold_date_sk = date_dim.d_date_sk)
                                 Buffers: shared hit=40294 read=5126732
                                 ->  Seq Scan on store_sales  (cost=0.00..9485539.52 rows=71663793 width=22) (actual time=0.048..72769.239 rows=71083444 loops=1)
                                       Filter: ((ss_wholesale_cost >= '52'::numeric) AND (ss_wholesale_cost <= '72'::numeric))
                                       Rows Removed by Filter: 216913580
                                       Buffers: shared hit=38820 read=5126732
                                 ->  Hash  (cost=2569.73..2569.73 rows=31 width=4) (actual time=27.799..27.800 rows=31 loops=1)
                                       Buckets: 1024  Batches: 1  Memory Usage: 10kB
                                       Buffers: shared hit=1474
                                       ->  Seq Scan on date_dim  (cost=0.00..2569.73 rows=31 width=4) (actual time=16.207..27.782 rows=31 loops=1)
                                             Filter: ((d_year = 1998) AND (d_moy = 7))
                                             Rows Removed by Filter: 73018
                                             Buffers: shared hit=1474
                           ->  Hash  (cost=16906.00..16906.00 rows=21848 width=12) (actual time=105.670..105.670 rows=21811 loops=1)
                                 Buckets: 32768  Batches: 1  Memory Usage: 1193kB
                                 Buffers: shared hit=14348 read=8
                                 ->  Seq Scan on item  (cost=0.00..16906.00 rows=21848 width=12) (actual time=0.029..102.391 rows=21811 loops=1)
                                       Filter: (i_category = 'Sports'::bpchar)
                                       Rows Removed by Filter: 182189
                                       Buffers: shared hit=14348 read=8
                     ->  Index Scan using customer_pkey on customer  (cost=0.43..7.65 rows=1 width=8) (actual time=0.015..0.015 rows=0 loops=103658)
                           Index Cond: (c_customer_sk = store_sales.ss_customer_sk)
                           Filter: (c_birth_month = 7)
                           Rows Removed by Filter: 1
                           Buffers: shared hit=395398 read=14410
               ->  Index Scan using customer_address_pkey on customer_address  (cost=0.42..7.65 rows=1 width=15) (actual time=0.017..0.017 rows=0 loops=4741)
                     Index Cond: (ca_address_sk = customer.c_current_addr_sk)
                     Filter: (ca_state = 'NY'::bpchar)
                     Rows Removed by Filter: 1
                     Buffers: shared hit=15801 read=3163
         ->  Index Scan using store_pkey on store  (cost=0.15..5.72 rows=1 width=15) (actual time=0.019..0.019 rows=1 loops=95)
               Index Cond: (s_store_sk = store_sales.ss_store_sk)
               Buffers: shared hit=186 read=4
 Planning:
   Buffers: shared hit=460
 Planning Time: 7.026 ms
 Execution Time: 79105.179 ms
(51 rows)

