                                                                            QUERY PLAN                                                                            
------------------------------------------------------------------------------------------------------------------------------------------------------------------
 Aggregate  (cost=9783405.90..9783405.91 rows=1 width=40) (actual time=81282.621..81282.628 rows=1 loops=1)
   Buffers: shared hit=926859 read=5132753
   ->  Hash Join  (cost=19922.98..9783405.86 rows=5 width=14) (actual time=57153.029..81282.411 rows=190 loops=1)
         Hash Cond: (store_sales.ss_store_sk = store.s_store_sk)
         Join Filter: ("substring"((customer_address.ca_zip)::text, 1, 5) <> "substring"((store.s_zip)::text, 1, 5))
         Rows Removed by Join Filter: 5
         Buffers: shared hit=926859 read=5132753
         ->  Nested Loop  (cost=19895.94..9783378.80 rows=5 width=29) (actual time=57152.342..81281.218 rows=196 loops=1)
               Buffers: shared hit=926841 read=5132753
               ->  Nested Loop  (cost=19895.51..9781098.34 rows=298 width=22) (actual time=57072.973..81064.249 rows=9842 loops=1)
                     Buffers: shared hit=890230 read=5129996
                     ->  Hash Join  (cost=19895.08..9734561.41 rows=6083 width=22) (actual time=57072.940..76730.635 rows=212324 loops=1)
                           Hash Cond: (store_sales.ss_item_sk = item.i_item_sk)
                           Buffers: shared hit=53779 read=5127603
                           ->  Hash Join  (cost=2570.12..9717139.26 rows=37024 width=18) (actual time=56978.693..76423.243 rows=891975 loops=1)
                                 Hash Cond: (store_sales.ss_sold_date_sk = date_dim.d_date_sk)
                                 Buffers: shared hit=39651 read=5127375
                                 ->  Seq Scan on store_sales  (cost=0.00..9485539.52 rows=87244546 width=22) (actual time=0.125..71181.705 rows=86810744 loops=1)
                                       Filter: ((ss_wholesale_cost >= '68'::numeric) AND (ss_wholesale_cost <= '88'::numeric))
                                       Rows Removed by Filter: 201186280
                                       Buffers: shared hit=39610 read=5125942
                                 ->  Hash  (cost=2569.73..2569.73 rows=31 width=4) (actual time=21.743..21.744 rows=31 loops=1)
                                       Buckets: 1024  Batches: 1  Memory Usage: 10kB
                                       Buffers: shared hit=41 read=1433
                                       ->  Seq Scan on date_dim  (cost=0.00..2569.73 rows=31 width=4) (actual time=12.983..21.730 rows=31 loops=1)
                                             Filter: ((d_year = 2002) AND (d_moy = 3))
                                             Rows Removed by Filter: 73018
                                             Buffers: shared hit=41 read=1433
                           ->  Hash  (cost=16906.00..16906.00 rows=33517 width=12) (actual time=94.007..94.008 rows=33627 loops=1)
                                 Buckets: 65536  Batches: 1  Memory Usage: 1957kB
                                 Buffers: shared hit=14128 read=228
                                 ->  Seq Scan on item  (cost=0.00..16906.00 rows=33517 width=12) (actual time=0.025..89.157 rows=33627 loops=1)
                                       Filter: (i_category = 'Shoes'::bpchar)
                                       Rows Removed by Filter: 170373
                                       Buffers: shared hit=14128 read=228
                     ->  Index Scan using customer_pkey on customer  (cost=0.43..7.65 rows=1 width=8) (actual time=0.020..0.020 rows=0 loops=212324)
                           Index Cond: (c_customer_sk = store_sales.ss_customer_sk)
                           Filter: (c_birth_month = 7)
                           Rows Removed by Filter: 1
                           Buffers: shared hit=836451 read=2393
               ->  Index Scan using customer_address_pkey on customer_address  (cost=0.42..7.65 rows=1 width=15) (actual time=0.022..0.022 rows=0 loops=9842)
                     Index Cond: (ca_address_sk = customer.c_current_addr_sk)
                     Filter: (ca_state = 'NY'::bpchar)
                     Rows Removed by Filter: 1
                     Buffers: shared hit=36611 read=2757
         ->  Hash  (cost=22.02..22.02 rows=402 width=15) (actual time=0.658..0.659 rows=402 loops=1)
               Buckets: 1024  Batches: 1  Memory Usage: 27kB
               Buffers: shared hit=18
               ->  Seq Scan on store  (cost=0.00..22.02 rows=402 width=15) (actual time=0.024..0.531 rows=402 loops=1)
                     Buffers: shared hit=18
 Planning:
   Buffers: shared hit=460
 Planning Time: 4.310 ms
 Execution Time: 81283.083 ms
(54 rows)

