                                                                            QUERY PLAN                                                                            
------------------------------------------------------------------------------------------------------------------------------------------------------------------
 Aggregate  (cost=9795844.92..9795844.93 rows=1 width=40) (actual time=80080.015..80080.021 rows=1 loops=1)
   Buffers: shared hit=115085 read=5126275
   ->  Nested Loop  (cost=17019.50..9795844.91 rows=1 width=14) (actual time=9183.555..80079.992 rows=12 loops=1)
         Join Filter: ("substring"((customer_address.ca_zip)::text, 1, 5) <> "substring"((store.s_zip)::text, 1, 5))
         Buffers: shared hit=115085 read=5126275
         ->  Nested Loop  (cost=17019.36..9795839.17 rows=1 width=29) (actual time=9183.532..80079.853 rows=12 loops=1)
               Buffers: shared hit=115061 read=5126275
               ->  Nested Loop  (cost=17018.93..9795127.63 rows=93 width=22) (actual time=8931.132..80068.753 rows=936 loops=1)
                     Buffers: shared hit=111737 read=5125855
                     ->  Nested Loop  (cost=17018.50..9784891.49 rows=1338 width=22) (actual time=8930.639..79931.826 rows=13019 loops=1)
                           Buffers: shared hit=60393 read=5125719
                           ->  Hash Join  (cost=17018.20..9690679.08 rows=3153207 width=26) (actual time=118.282..79460.483 rows=1547255 loops=1)
                                 Hash Cond: (store_sales.ss_item_sk = item.i_item_sk)
                                 Buffers: shared hit=54375 read=5125533
                                 ->  Seq Scan on store_sales  (cost=0.00..9485539.52 rows=71663793 width=22) (actual time=0.200..72708.268 rows=71083444 loops=1)
                                       Filter: ((ss_wholesale_cost >= '51'::numeric) AND (ss_wholesale_cost <= '71'::numeric))
                                       Rows Removed by Filter: 216913580
                                       Buffers: shared hit=40330 read=5125222
                                 ->  Hash  (cost=16906.00..16906.00 rows=8976 width=12) (actual time=117.906..117.907 rows=8826 loops=1)
                                       Buckets: 16384  Batches: 1  Memory Usage: 508kB
                                       Buffers: shared hit=14045 read=311
                                       ->  Seq Scan on item  (cost=0.00..16906.00 rows=8976 width=12) (actual time=0.037..116.227 rows=8826 loops=1)
                                             Filter: (i_category = 'Jewelry'::bpchar)
                                             Rows Removed by Filter: 195174
                                             Buffers: shared hit=14045 read=311
                           ->  Memoize  (cost=0.30..7.51 rows=1 width=4) (actual time=0.000..0.000 rows=0 loops=1547255)
                                 Cache Key: store_sales.ss_sold_date_sk
                                 Cache Mode: logical
                                 Hits: 1545186  Misses: 2069  Evictions: 0  Overflows: 0  Memory Usage: 139kB
                                 Buffers: shared hit=6018 read=186
                                 ->  Index Scan using date_dim_pkey on date_dim  (cost=0.29..7.50 rows=1 width=4) (actual time=0.015..0.015 rows=0 loops=2069)
                                       Index Cond: (d_date_sk = store_sales.ss_sold_date_sk)
                                       Filter: ((d_year = 1998) AND (d_moy = 8))
                                       Rows Removed by Filter: 1
                                       Buffers: shared hit=6018 read=186
                     ->  Index Scan using customer_pkey on customer  (cost=0.43..7.65 rows=1 width=8) (actual time=0.010..0.010 rows=0 loops=13019)
                           Index Cond: (c_customer_sk = store_sales.ss_customer_sk)
                           Filter: (c_birth_month = 12)
                           Rows Removed by Filter: 1
                           Buffers: shared hit=51344 read=136
               ->  Index Scan using customer_address_pkey on customer_address  (cost=0.42..7.65 rows=1 width=15) (actual time=0.012..0.012 rows=0 loops=936)
                     Index Cond: (ca_address_sk = customer.c_current_addr_sk)
                     Filter: (ca_state = 'ID'::bpchar)
                     Rows Removed by Filter: 1
                     Buffers: shared hit=3324 read=420
         ->  Index Scan using store_pkey on store  (cost=0.15..5.72 rows=1 width=15) (actual time=0.007..0.007 rows=1 loops=12)
               Index Cond: (s_store_sk = store_sales.ss_store_sk)
               Buffers: shared hit=24
 Planning:
   Buffers: shared hit=460
 Planning Time: 4.629 ms
 Execution Time: 80080.625 ms
(52 rows)

