                                                                            QUERY PLAN                                                                            
------------------------------------------------------------------------------------------------------------------------------------------------------------------
 Aggregate  (cost=9621807.66..9621807.67 rows=1 width=40) (actual time=76244.149..76244.155 rows=1 loops=1)
   Buffers: shared hit=284380 read=5131536
   ->  Nested Loop  (cost=19688.68..9621807.61 rows=6 width=14) (actual time=39295.892..76243.974 rows=124 loops=1)
         Join Filter: ("substring"((customer_address.ca_zip)::text, 1, 5) <> "substring"((store.s_zip)::text, 1, 5))
         Rows Removed by Join Filter: 2
         Buffers: shared hit=284380 read=5131536
         ->  Nested Loop  (cost=19688.26..9620373.03 rows=187 width=29) (actual time=39209.775..76154.135 rows=7211 loops=1)
               Buffers: shared hit=259275 read=5127797
               ->  Hash Join  (cost=19687.83..9610068.02 rows=1347 width=29) (actual time=39209.419..75646.774 rows=51675 loops=1)
                     Hash Cond: (store_sales.ss_item_sk = item.i_item_sk)
                     Buffers: shared hit=54551 read=5127053
                     ->  Nested Loop  (cost=2570.27..9592907.85 rows=16231 width=25) (actual time=39111.322..75378.292 rows=1222744 loops=1)
                           Buffers: shared hit=40322 read=5126926
                           ->  Hash Join  (cost=2570.11..9591863.48 rows=16231 width=18) (actual time=39111.288..75012.582 rows=1237408 loops=1)
                                 Hash Cond: (store_sales.ss_sold_date_sk = date_dim.d_date_sk)
                                 Buffers: shared hit=40103 read=5126923
                                 ->  Seq Scan on store_sales  (cost=0.00..9485539.52 rows=39523085 width=22) (actual time=0.513..72353.855 rows=40114371 loops=1)
                                       Filter: ((ss_wholesale_cost >= '23'::numeric) AND (ss_wholesale_cost <= '43'::numeric))
                                       Rows Removed by Filter: 247882653
                                       Buffers: shared hit=38756 read=5126796
                                 ->  Hash  (cost=2569.73..2569.73 rows=30 width=4) (actual time=20.759..20.760 rows=31 loops=1)
                                       Buckets: 1024  Batches: 1  Memory Usage: 10kB
                                       Buffers: shared hit=1347 read=127
                                       ->  Seq Scan on date_dim  (cost=0.00..2569.73 rows=30 width=4) (actual time=11.423..20.745 rows=31 loops=1)
                                             Filter: ((d_year = 2000) AND (d_moy = 12))
                                             Rows Removed by Filter: 73018
                                             Buffers: shared hit=1347 read=127
                           ->  Memoize  (cost=0.16..5.73 rows=1 width=15) (actual time=0.000..0.000 rows=1 loops=1237408)
                                 Cache Key: store_sales.ss_store_sk
                                 Cache Mode: logical
                                 Hits: 1237296  Misses: 112  Evictions: 0  Overflows: 0  Memory Usage: 13kB
                                 Buffers: shared hit=219 read=3
                                 ->  Index Scan using store_pkey on store  (cost=0.15..5.72 rows=1 width=15) (actual time=0.004..0.004 rows=1 loops=112)
                                       Index Cond: (s_store_sk = store_sales.ss_store_sk)
                                       Buffers: shared hit=219 read=3
                     ->  Hash  (cost=16906.00..16906.00 rows=16925 width=12) (actual time=97.840..97.841 rows=17141 loops=1)
                           Buckets: 32768  Batches: 1  Memory Usage: 993kB
                           Buffers: shared hit=14229 read=127
                           ->  Seq Scan on item  (cost=0.00..16906.00 rows=16925 width=12) (actual time=0.014..95.288 rows=17141 loops=1)
                                 Filter: (i_category = 'Home'::bpchar)
                                 Rows Removed by Filter: 186859
                                 Buffers: shared hit=14229 read=127
               ->  Index Scan using customer_pkey on customer  (cost=0.43..7.65 rows=1 width=8) (actual time=0.010..0.010 rows=0 loops=51675)
                     Index Cond: (c_customer_sk = store_sales.ss_customer_sk)
                     Filter: (c_birth_month = 10)
                     Rows Removed by Filter: 1
                     Buffers: shared hit=204724 read=744
         ->  Index Scan using customer_address_pkey on customer_address  (cost=0.42..7.65 rows=1 width=15) (actual time=0.012..0.012 rows=0 loops=7211)
               Index Cond: (ca_address_sk = customer.c_current_addr_sk)
               Filter: (ca_state = 'KS'::bpchar)
               Rows Removed by Filter: 1
               Buffers: shared hit=25105 read=3739
 Planning:
   Buffers: shared hit=460
 Planning Time: 4.691 ms
 Execution Time: 76244.694 ms
(56 rows)

