                                                                            QUERY PLAN                                                                            
------------------------------------------------------------------------------------------------------------------------------------------------------------------
 Aggregate  (cost=9638599.76..9638599.77 rows=1 width=40) (actual time=69154.160..69154.165 rows=1 loops=1)
   Buffers: shared hit=124315 read=5125727
   ->  Nested Loop  (cost=19688.67..9638599.73 rows=3 width=14) (actual time=50047.299..69154.114 rows=24 loops=1)
         Join Filter: ("substring"((customer_address.ca_zip)::text, 1, 5) <> "substring"((store.s_zip)::text, 1, 5))
         Buffers: shared hit=124315 read=5125727
         ->  Nested Loop  (cost=19688.53..9638582.50 rows=3 width=29) (actual time=50047.279..69153.852 rows=24 loops=1)
               Buffers: shared hit=124267 read=5125727
               ->  Nested Loop  (cost=19688.10..9637587.97 rows=130 width=22) (actual time=50045.753..69137.293 rows=1240 loops=1)
                     Buffers: shared hit=119969 read=5125065
                     ->  Hash Join  (cost=19687.67..9625638.14 rows=1562 width=22) (actual time=50045.722..68985.853 rows=16102 loops=1)
                           Hash Cond: (store_sales.ss_item_sk = item.i_item_sk)
                           Buffers: shared hit=56423 read=5124959
                           ->  Hash Join  (cost=2570.11..9608471.14 rows=18830 width=18) (actual time=49952.788..68844.597 rows=383955 loops=1)
                                 Hash Cond: (store_sales.ss_sold_date_sk = date_dim.d_date_sk)
                                 Buffers: shared hit=42194 read=5124832
                                 ->  Seq Scan on store_sales  (cost=0.00..9485539.52 rows=45849467 width=22) (actual time=0.698..65981.645 rows=46160898 loops=1)
                                       Filter: ((ss_wholesale_cost >= '80'::numeric) AND (ss_wholesale_cost <= '100'::numeric))
                                       Rows Removed by Filter: 241836126
                                       Buffers: shared hit=42153 read=5123399
                                 ->  Hash  (cost=2569.73..2569.73 rows=30 width=4) (actual time=23.968..23.969 rows=31 loops=1)
                                       Buckets: 1024  Batches: 1  Memory Usage: 10kB
                                       Buffers: shared hit=41 read=1433
                                       ->  Seq Scan on date_dim  (cost=0.00..2569.73 rows=30 width=4) (actual time=14.565..23.953 rows=31 loops=1)
                                             Filter: ((d_year = 2001) AND (d_moy = 12))
                                             Rows Removed by Filter: 73018
                                             Buffers: shared hit=41 read=1433
                           ->  Hash  (cost=16906.00..16906.00 rows=16925 width=12) (actual time=92.763..92.764 rows=17141 loops=1)
                                 Buckets: 32768  Batches: 1  Memory Usage: 993kB
                                 Buffers: shared hit=14229 read=127
                                 ->  Seq Scan on item  (cost=0.00..16906.00 rows=16925 width=12) (actual time=0.012..90.220 rows=17141 loops=1)
                                       Filter: (i_category = 'Home'::bpchar)
                                       Rows Removed by Filter: 186859
                                       Buffers: shared hit=14229 read=127
                     ->  Index Scan using customer_pkey on customer  (cost=0.43..7.65 rows=1 width=8) (actual time=0.009..0.009 rows=0 loops=16102)
                           Index Cond: (c_customer_sk = store_sales.ss_customer_sk)
                           Filter: (c_birth_month = 11)
                           Rows Removed by Filter: 1
                           Buffers: shared hit=63546 read=106
               ->  Index Scan using customer_address_pkey on customer_address  (cost=0.42..7.65 rows=1 width=15) (actual time=0.013..0.013 rows=0 loops=1240)
                     Index Cond: (ca_address_sk = customer.c_current_addr_sk)
                     Filter: (ca_state = 'MS'::bpchar)
                     Rows Removed by Filter: 1
                     Buffers: shared hit=4298 read=662
         ->  Index Scan using store_pkey on store  (cost=0.15..5.72 rows=1 width=15) (actual time=0.006..0.006 rows=1 loops=24)
               Index Cond: (s_store_sk = store_sales.ss_store_sk)
               Buffers: shared hit=48
 Planning:
   Buffers: shared hit=460
 Planning Time: 4.719 ms
 Execution Time: 69154.693 ms
(50 rows)

