                                                                            QUERY PLAN                                                                            
------------------------------------------------------------------------------------------------------------------------------------------------------------------
 Aggregate  (cost=9666295.92..9666295.93 rows=1 width=40) (actual time=76364.791..76364.795 rows=1 loops=1)
   Buffers: shared hit=82521 read=5123611
   ->  Nested Loop  (cost=16953.88..9666295.91 rows=1 width=14) (actual time=3247.284..76364.784 rows=2 loops=1)
         Join Filter: ("substring"((customer_address.ca_zip)::text, 1, 5) <> "substring"((store.s_zip)::text, 1, 5))
         Buffers: shared hit=82521 read=5123611
         ->  Nested Loop  (cost=16953.73..9666290.17 rows=1 width=29) (actual time=3247.264..76364.751 rows=2 loops=1)
               Buffers: shared hit=82517 read=5123611
               ->  Nested Loop  (cost=16953.31..9666198.30 rows=12 width=22) (actual time=2953.455..76362.403 rows=152 loops=1)
                     Buffers: shared hit=81988 read=5123532
                     ->  Nested Loop  (cost=16952.88..9663398.28 rows=366 width=22) (actual time=2947.633..76299.077 rows=4903 loops=1)
                           Buffers: shared hit=62584 read=5123528
                           ->  Hash Join  (cost=16952.58..9626453.11 rows=862501 width=26) (actual time=116.210..76125.339 rows=417286 loops=1)
                                 Hash Cond: (store_sales.ss_item_sk = item.i_item_sk)
                                 Buffers: shared hit=56380 read=5123528
                                 ->  Seq Scan on store_sales  (cost=0.00..9485539.52 rows=47222264 width=22) (actual time=1.508..71755.402 rows=46662186 loops=1)
                                       Filter: ((ss_wholesale_cost >= '48'::numeric) AND (ss_wholesale_cost <= '68'::numeric))
                                       Rows Removed by Filter: 241334838
                                       Buffers: shared hit=42151 read=5123401
                                 ->  Hash  (cost=16906.00..16906.00 rows=3726 width=12) (actual time=114.627..114.628 rows=3713 loops=1)
                                       Buckets: 4096  Batches: 1  Memory Usage: 192kB
                                       Buffers: shared hit=14229 read=127
                                       ->  Seq Scan on item  (cost=0.00..16906.00 rows=3726 width=12) (actual time=0.059..113.951 rows=3713 loops=1)
                                             Filter: (i_category = 'Music'::bpchar)
                                             Rows Removed by Filter: 200287
                                             Buffers: shared hit=14229 read=127
                           ->  Memoize  (cost=0.30..7.51 rows=1 width=4) (actual time=0.000..0.000 rows=0 loops=417286)
                                 Cache Key: store_sales.ss_sold_date_sk
                                 Cache Mode: logical
                                 Hits: 415217  Misses: 2069  Evictions: 0  Overflows: 0  Memory Usage: 139kB
                                 Buffers: shared hit=6204
                                 ->  Index Scan using date_dim_pkey on date_dim  (cost=0.29..7.50 rows=1 width=4) (actual time=0.016..0.016 rows=0 loops=2069)
                                       Index Cond: (d_date_sk = store_sales.ss_sold_date_sk)
                                       Filter: ((d_year = 1998) AND (d_moy = 3))
                                       Rows Removed by Filter: 1
                                       Buffers: shared hit=6204
                     ->  Index Scan using customer_pkey on customer  (cost=0.43..7.65 rows=1 width=8) (actual time=0.013..0.013 rows=0 loops=4903)
                           Index Cond: (c_customer_sk = store_sales.ss_customer_sk)
                           Filter: (c_birth_month = 6)
                           Rows Removed by Filter: 1
                           Buffers: shared hit=19404 read=4
               ->  Index Scan using customer_address_pkey on customer_address  (cost=0.42..7.66 rows=1 width=15) (actual time=0.015..0.015 rows=0 loops=152)
                     Index Cond: (ca_address_sk = customer.c_current_addr_sk)
                     Filter: (ca_state = 'WA'::bpchar)
                     Rows Removed by Filter: 1
                     Buffers: shared hit=529 read=79
         ->  Index Scan using store_pkey on store  (cost=0.15..5.72 rows=1 width=15) (actual time=0.010..0.010 rows=1 loops=2)
               Index Cond: (s_store_sk = store_sales.ss_store_sk)
               Buffers: shared hit=4
 Planning:
   Buffers: shared hit=460
 Planning Time: 4.664 ms
 Execution Time: 76365.413 ms
(52 rows)

