                                                                            QUERY PLAN                                                                            
------------------------------------------------------------------------------------------------------------------------------------------------------------------
 Aggregate  (cost=9697752.76..9697752.77 rows=1 width=40) (actual time=78773.656..78773.661 rows=1 loops=1)
   Buffers: shared hit=77469 read=5121151
   ->  Nested Loop  (cost=16953.88..9697752.75 rows=2 width=14) (actual time=4242.733..78773.647 rows=4 loops=1)
         Join Filter: ("substring"((customer_address.ca_zip)::text, 1, 5) <> "substring"((store.s_zip)::text, 1, 5))
         Buffers: shared hit=77469 read=5121151
         ->  Nested Loop  (cost=16953.73..9697741.26 rows=2 width=29) (actual time=4242.713..78773.598 rows=4 loops=1)
               Buffers: shared hit=77461 read=5121151
               ->  Nested Loop  (cost=16953.31..9697358.79 rows=50 width=22) (actual time=3948.804..78769.178 rows=321 loops=1)
                     Buffers: shared hit=76398 read=5120930
                     ->  Nested Loop  (cost=16952.88..9694076.80 rows=429 width=22) (actual time=3948.675..78733.780 rows=2839 loops=1)
                           Buffers: shared hit=65210 read=5120902
                           ->  Hash Join  (cost=16952.58..9652585.97 rows=1044329 width=26) (actual time=109.446..78536.922 rows=508791 loops=1)
                                 Hash Cond: (store_sales.ss_item_sk = item.i_item_sk)
                                 Buffers: shared hit=59006 read=5120902
                                 ->  Seq Scan on store_sales  (cost=0.00..9485539.52 rows=57177434 width=22) (actual time=0.412..73366.696 rows=56890659 loops=1)
                                       Filter: ((ss_wholesale_cost >= '42'::numeric) AND (ss_wholesale_cost <= '62'::numeric))
                                       Rows Removed by Filter: 231106365
                                       Buffers: shared hit=44777 read=5120775
                                 ->  Hash  (cost=16906.00..16906.00 rows=3726 width=12) (actual time=108.949..108.950 rows=3713 loops=1)
                                       Buckets: 4096  Batches: 1  Memory Usage: 192kB
                                       Buffers: shared hit=14229 read=127
                                       ->  Seq Scan on item  (cost=0.00..16906.00 rows=3726 width=12) (actual time=0.078..108.295 rows=3713 loops=1)
                                             Filter: (i_category = 'Music'::bpchar)
                                             Rows Removed by Filter: 200287
                                             Buffers: shared hit=14229 read=127
                           ->  Memoize  (cost=0.30..7.51 rows=1 width=4) (actual time=0.000..0.000 rows=0 loops=508791)
                                 Cache Key: store_sales.ss_sold_date_sk
                                 Cache Mode: logical
                                 Hits: 506722  Misses: 2069  Evictions: 0  Overflows: 0  Memory Usage: 139kB
                                 Buffers: shared hit=6204
                                 ->  Index Scan using date_dim_pkey on date_dim  (cost=0.29..7.50 rows=1 width=4) (actual time=0.015..0.015 rows=0 loops=2069)
                                       Index Cond: (d_date_sk = store_sales.ss_sold_date_sk)
                                       Filter: ((d_year = 1998) AND (d_moy = 4))
                                       Rows Removed by Filter: 1
                                       Buffers: shared hit=6204
                     ->  Index Scan using customer_pkey on customer  (cost=0.43..7.65 rows=1 width=8) (actual time=0.012..0.012 rows=0 loops=2839)
                           Index Cond: (c_customer_sk = store_sales.ss_customer_sk)
                           Filter: (c_birth_month = 8)
                           Rows Removed by Filter: 1
                           Buffers: shared hit=11188 read=28
               ->  Index Scan using customer_address_pkey on customer_address  (cost=0.42..7.65 rows=1 width=15) (actual time=0.013..0.013 rows=0 loops=321)
                     Index Cond: (ca_address_sk = customer.c_current_addr_sk)
                     Filter: (ca_state = 'VA'::bpchar)
                     Rows Removed by Filter: 1
                     Buffers: shared hit=1063 read=221
         ->  Index Scan using store_pkey on store  (cost=0.15..5.72 rows=1 width=15) (actual time=0.007..0.007 rows=1 loops=4)
               Index Cond: (s_store_sk = store_sales.ss_store_sk)
               Buffers: shared hit=8
 Planning:
   Buffers: shared hit=460
 Planning Time: 4.681 ms
 Execution Time: 78774.282 ms
(52 rows)

