                                                                            QUERY PLAN                                                                            
------------------------------------------------------------------------------------------------------------------------------------------------------------------
 Aggregate  (cost=9679622.90..9679622.91 rows=1 width=40) (actual time=76296.416..76296.422 rows=1 loops=1)
   Buffers: shared hit=366219 read=5127991
   ->  Nested Loop  (cost=19790.26..9679622.87 rows=3 width=14) (actual time=59678.306..76296.284 rows=95 loops=1)
         Join Filter: ("substring"((customer_address.ca_zip)::text, 1, 5) <> "substring"((store.s_zip)::text, 1, 5))
         Rows Removed by Join Filter: 3
         Buffers: shared hit=366219 read=5127991
         ->  Nested Loop  (cost=19790.11..9679605.64 rows=3 width=29) (actual time=59678.287..76295.029 rows=98 loops=1)
               Buffers: shared hit=366026 read=5127988
               ->  Nested Loop  (cost=19789.69..9678289.54 rows=172 width=22) (actual time=59660.653..76225.389 rows=4173 loops=1)
                     Buffers: shared hit=352303 read=5125019
                     ->  Hash Join  (cost=19789.26..9655491.55 rows=2980 width=22) (actual time=59660.435..75160.583 rows=74899 loops=1)
                           Hash Cond: (store_sales.ss_item_sk = item.i_item_sk)
                           Buffers: shared hit=58671 read=5122711
                           ->  Hash Join  (cost=2570.12..9638208.72 rows=24265 width=18) (actual time=59567.903..74937.852 rows=843410 loops=1)
                                 Hash Cond: (store_sales.ss_sold_date_sk = date_dim.d_date_sk)
                                 Buffers: shared hit=44442 read=5122584
                                 ->  Seq Scan on store_sales  (cost=0.00..9485539.52 rows=57177434 width=22) (actual time=0.447..71450.755 rows=56890659 loops=1)
                                       Filter: ((ss_wholesale_cost >= '40'::numeric) AND (ss_wholesale_cost <= '60'::numeric))
                                       Rows Removed by Filter: 231106365
                                       Buffers: shared hit=43095 read=5122457
                                 ->  Hash  (cost=2569.73..2569.73 rows=31 width=4) (actual time=32.484..32.485 rows=31 loops=1)
                                       Buckets: 1024  Batches: 1  Memory Usage: 10kB
                                       Buffers: shared hit=1347 read=127
                                       ->  Seq Scan on date_dim  (cost=0.00..2569.73 rows=31 width=4) (actual time=20.363..32.469 rows=31 loops=1)
                                             Filter: ((d_year = 2002) AND (d_moy = 7))
                                             Rows Removed by Filter: 73018
                                             Buffers: shared hit=1347 read=127
                           ->  Hash  (cost=16906.00..16906.00 rows=25051 width=12) (actual time=92.386..92.386 rows=24688 loops=1)
                                 Buckets: 32768  Batches: 1  Memory Usage: 1317kB
                                 Buffers: shared hit=14229 read=127
                                 ->  Seq Scan on item  (cost=0.00..16906.00 rows=25051 width=12) (actual time=0.012..88.854 rows=24688 loops=1)
                                       Filter: (i_category = 'Books'::bpchar)
                                       Rows Removed by Filter: 179312
                                       Buffers: shared hit=14229 read=127
                     ->  Index Scan using customer_pkey on customer  (cost=0.43..7.65 rows=1 width=8) (actual time=0.014..0.014 rows=0 loops=74899)
                           Index Cond: (c_customer_sk = store_sales.ss_customer_sk)
                           Filter: (c_birth_month = 3)
                           Rows Removed by Filter: 1
                           Buffers: shared hit=293632 read=2308
               ->  Index Scan using customer_address_pkey on customer_address  (cost=0.42..7.65 rows=1 width=15) (actual time=0.016..0.016 rows=0 loops=4173)
                     Index Cond: (ca_address_sk = customer.c_current_addr_sk)
                     Filter: (ca_state = 'LA'::bpchar)
                     Rows Removed by Filter: 1
                     Buffers: shared hit=13723 read=2969
         ->  Index Scan using store_pkey on store  (cost=0.15..5.72 rows=1 width=15) (actual time=0.009..0.009 rows=1 loops=98)
               Index Cond: (s_store_sk = store_sales.ss_store_sk)
               Buffers: shared hit=193 read=3
 Planning:
   Buffers: shared hit=460
 Planning Time: 4.280 ms
 Execution Time: 76296.873 ms
(51 rows)

