                                                                            QUERY PLAN                                                                            
------------------------------------------------------------------------------------------------------------------------------------------------------------------
 Aggregate  (cost=9740803.59..9740803.60 rows=1 width=40) (actual time=74959.918..74959.922 rows=1 loops=1)
   Buffers: shared hit=114240 read=5117630
   ->  Nested Loop  (cost=17019.50..9740803.58 rows=1 width=14) (actual time=52882.350..74959.890 rows=13 loops=1)
         Join Filter: ("substring"((customer_address.ca_zip)::text, 1, 5) <> "substring"((store.s_zip)::text, 1, 5))
         Buffers: shared hit=114240 read=5117630
         ->  Nested Loop  (cost=17019.36..9740797.84 rows=1 width=29) (actual time=52882.331..74959.723 rows=13 loops=1)
               Buffers: shared hit=114214 read=5117630
               ->  Nested Loop  (cost=17018.93..9740468.73 rows=43 width=22) (actual time=52790.017..74953.461 rows=439 loops=1)
                     Buffers: shared hit=112826 read=5117262
                     ->  Nested Loop  (cost=17018.50..9732252.27 rows=1074 width=22) (actual time=52788.617..74834.736 rows=11141 loops=1)
                           Buffers: shared hit=69261 read=5116851
                           ->  Hash Join  (cost=17018.20..9653584.02 rows=2531436 width=26) (actual time=111.226..74431.317 rows=1256692 loops=1)
                                 Hash Cond: (store_sales.ss_item_sk = item.i_item_sk)
                                 Buffers: shared hit=63057 read=5116851
                                 ->  Seq Scan on store_sales  (cost=0.00..9485539.52 rows=57532634 width=22) (actual time=0.576..68693.036 rows=57752041 loops=1)
                                       Filter: ((ss_wholesale_cost >= '76'::numeric) AND (ss_wholesale_cost <= '96'::numeric))
                                       Rows Removed by Filter: 230244983
                                       Buffers: shared hit=48828 read=5116724
                                 ->  Hash  (cost=16906.00..16906.00 rows=8976 width=12) (actual time=110.439..110.439 rows=8826 loops=1)
                                       Buckets: 16384  Batches: 1  Memory Usage: 508kB
                                       Buffers: shared hit=14229 read=127
                                       ->  Seq Scan on item  (cost=0.00..16906.00 rows=8976 width=12) (actual time=0.032..108.841 rows=8826 loops=1)
                                             Filter: (i_category = 'Jewelry'::bpchar)
                                             Rows Removed by Filter: 195174
                                             Buffers: shared hit=14229 read=127
                           ->  Memoize  (cost=0.30..7.51 rows=1 width=4) (actual time=0.000..0.000 rows=0 loops=1256692)
                                 Cache Key: store_sales.ss_sold_date_sk
                                 Cache Mode: logical
                                 Hits: 1254623  Misses: 2069  Evictions: 0  Overflows: 0  Memory Usage: 139kB
                                 Buffers: shared hit=6204
                                 ->  Index Scan using date_dim_pkey on date_dim  (cost=0.29..7.50 rows=1 width=4) (actual time=0.015..0.015 rows=0 loops=2069)
                                       Index Cond: (d_date_sk = store_sales.ss_sold_date_sk)
                                       Filter: ((d_year = 2001) AND (d_moy = 10))
                                       Rows Removed by Filter: 1
                                       Buffers: shared hit=6204
                     ->  Index Scan using customer_pkey on customer  (cost=0.43..7.65 rows=1 width=8) (actual time=0.010..0.010 rows=0 loops=11141)
                           Index Cond: (c_customer_sk = store_sales.ss_customer_sk)
                           Filter: (c_birth_month = 9)
                           Rows Removed by Filter: 1
                           Buffers: shared hit=43565 read=411
               ->  Index Scan using customer_address_pkey on customer_address  (cost=0.42..7.65 rows=1 width=15) (actual time=0.014..0.014 rows=0 loops=439)
                     Index Cond: (ca_address_sk = customer.c_current_addr_sk)
                     Filter: (ca_state = 'NY'::bpchar)
                     Rows Removed by Filter: 1
                     Buffers: shared hit=1388 read=368
         ->  Index Scan using store_pkey on store  (cost=0.15..5.72 rows=1 width=15) (actual time=0.008..0.008 rows=1 loops=13)
               Index Cond: (s_store_sk = store_sales.ss_store_sk)
               Buffers: shared hit=26
 Planning:
   Buffers: shared hit=460
 Planning Time: 4.752 ms
 Execution Time: 74960.574 ms
(52 rows)

