                                                                            QUERY PLAN                                                                            
------------------------------------------------------------------------------------------------------------------------------------------------------------------
 Aggregate  (cost=9637754.72..9637754.73 rows=1 width=40) (actual time=69738.020..69738.027 rows=1 loops=1)
   Buffers: shared hit=204866 read=5118840
   ->  Nested Loop  (cost=19688.67..9637754.71 rows=1 width=14) (actual time=31331.579..69737.987 rows=15 loops=1)
         Join Filter: ("substring"((customer_address.ca_zip)::text, 1, 5) <> "substring"((store.s_zip)::text, 1, 5))
         Rows Removed by Join Filter: 1
         Buffers: shared hit=204866 read=5118840
         ->  Nested Loop  (cost=19688.53..9637748.97 rows=1 width=29) (actual time=31331.557..69737.799 rows=16 loops=1)
               Buffers: shared hit=204834 read=5118840
               ->  Nested Loop  (cost=19688.10..9637587.97 rows=21 width=22) (actual time=31237.211..69731.191 rows=486 loops=1)
                     Buffers: shared hit=203345 read=5118385
                     ->  Hash Join  (cost=19687.67..9625638.14 rows=1562 width=22) (actual time=31229.707..69405.830 rows=35527 loops=1)
                           Hash Cond: (store_sales.ss_item_sk = item.i_item_sk)
                           Buffers: shared hit=65616 read=5115766
                           ->  Hash Join  (cost=2570.11..9608471.14 rows=18830 width=18) (actual time=31122.322..69192.430 rows=853873 loops=1)
                                 Hash Cond: (store_sales.ss_sold_date_sk = date_dim.d_date_sk)
                                 Buffers: shared hit=51387 read=5115639
                                 ->  Seq Scan on store_sales  (cost=0.00..9485539.52 rows=45849467 width=22) (actual time=0.404..66275.416 rows=46160898 loops=1)
                                       Filter: ((ss_wholesale_cost >= '80'::numeric) AND (ss_wholesale_cost <= '100'::numeric))
                                       Rows Removed by Filter: 241836126
                                       Buffers: shared hit=50755 read=5114797
                                 ->  Hash  (cost=2569.73..2569.73 rows=30 width=4) (actual time=30.638..30.639 rows=30 loops=1)
                                       Buckets: 1024  Batches: 1  Memory Usage: 10kB
                                       Buffers: shared hit=632 read=842
                                       ->  Seq Scan on date_dim  (cost=0.00..2569.73 rows=30 width=4) (actual time=21.271..30.624 rows=30 loops=1)
                                             Filter: ((d_year = 2000) AND (d_moy = 9))
                                             Rows Removed by Filter: 73019
                                             Buffers: shared hit=632 read=842
                           ->  Hash  (cost=16906.00..16906.00 rows=16925 width=12) (actual time=107.198..107.198 rows=17141 loops=1)
                                 Buckets: 32768  Batches: 1  Memory Usage: 993kB
                                 Buffers: shared hit=14229 read=127
                                 ->  Seq Scan on item  (cost=0.00..16906.00 rows=16925 width=12) (actual time=0.017..104.517 rows=17141 loops=1)
                                       Filter: (i_category = 'Home'::bpchar)
                                       Rows Removed by Filter: 186859
                                       Buffers: shared hit=14229 read=127
                     ->  Index Scan using customer_pkey on customer  (cost=0.43..7.65 rows=1 width=8) (actual time=0.009..0.009 rows=0 loops=35527)
                           Index Cond: (c_customer_sk = store_sales.ss_customer_sk)
                           Filter: (c_birth_month = 5)
                           Rows Removed by Filter: 1
                           Buffers: shared hit=137729 read=2619
               ->  Index Scan using customer_address_pkey on customer_address  (cost=0.42..7.67 rows=1 width=15) (actual time=0.013..0.013 rows=0 loops=486)
                     Index Cond: (ca_address_sk = customer.c_current_addr_sk)
                     Filter: (ca_state = 'MI'::bpchar)
                     Rows Removed by Filter: 1
                     Buffers: shared hit=1489 read=455
         ->  Index Scan using store_pkey on store  (cost=0.15..5.72 rows=1 width=15) (actual time=0.007..0.007 rows=1 loops=16)
               Index Cond: (s_store_sk = store_sales.ss_store_sk)
               Buffers: shared hit=32
 Planning:
   Buffers: shared hit=460
 Planning Time: 5.384 ms
 Execution Time: 69738.597 ms
(51 rows)

