                                                                            QUERY PLAN                                                                            
------------------------------------------------------------------------------------------------------------------------------------------------------------------
 Aggregate  (cost=9683499.20..9683499.21 rows=1 width=40) (actual time=73345.694..73345.701 rows=1 loops=1)
   Buffers: shared hit=458561 read=5150395
   ->  Hash Join  (cost=19838.82..9683499.14 rows=9 width=14) (actual time=41596.222..73345.455 rows=270 loops=1)
         Hash Cond: (store_sales.ss_store_sk = store.s_store_sk)
         Join Filter: ("substring"((customer_address.ca_zip)::text, 1, 5) <> "substring"((store.s_zip)::text, 1, 5))
         Rows Removed by Join Filter: 6
         Buffers: shared hit=458561 read=5150395
         ->  Nested Loop  (cost=19811.78..9683472.07 rows=9 width=29) (actual time=41594.981..73343.657 rows=279 loops=1)
               Buffers: shared hit=458544 read=5150394
               ->  Nested Loop  (cost=19811.35..9680175.33 rows=431 width=22) (actual time=41592.694..73093.054 rows=13031 loops=1)
                     Buffers: shared hit=417718 read=5139096
                     ->  Hash Join  (cost=19810.92..9656444.00 rows=3102 width=22) (actual time=41592.074..71482.437 rows=94997 loops=1)
                           Hash Cond: (store_sales.ss_item_sk = item.i_item_sk)
                           Buffers: shared hit=54226 read=5127156
                           ->  Hash Join  (cost=2570.11..9639141.16 rows=23628 width=18) (actual time=41491.217..71234.842 rows=884927 loops=1)
                                 Hash Cond: (store_sales.ss_sold_date_sk = date_dim.d_date_sk)
                                 Buffers: shared hit=39997 read=5127029
                                 ->  Seq Scan on store_sales  (cost=0.00..9485539.52 rows=57532634 width=22) (actual time=0.194..67656.026 rows=57752041 loops=1)
                                       Filter: ((ss_wholesale_cost >= '75'::numeric) AND (ss_wholesale_cost <= '95'::numeric))
                                       Rows Removed by Filter: 230244983
                                       Buffers: shared hit=38650 read=5126902
                                 ->  Hash  (cost=2569.73..2569.73 rows=30 width=4) (actual time=21.048..21.049 rows=30 loops=1)
                                       Buckets: 1024  Batches: 1  Memory Usage: 10kB
                                       Buffers: shared hit=1347 read=127
                                       ->  Seq Scan on date_dim  (cost=0.00..2569.73 rows=30 width=4) (actual time=11.453..21.039 rows=30 loops=1)
                                             Filter: ((d_year = 2001) AND (d_moy = 4))
                                             Rows Removed by Filter: 73019
                                             Buffers: shared hit=1347 read=127
                           ->  Hash  (cost=16906.00..16906.00 rows=26785 width=12) (actual time=100.728..100.728 rows=26695 loops=1)
                                 Buckets: 32768  Batches: 1  Memory Usage: 1403kB
                                 Buffers: shared hit=14229 read=127
                                 ->  Seq Scan on item  (cost=0.00..16906.00 rows=26785 width=12) (actual time=0.011..96.654 rows=26695 loops=1)
                                       Filter: (i_category = 'Children'::bpchar)
                                       Rows Removed by Filter: 177305
                                       Buffers: shared hit=14229 read=127
                     ->  Index Scan using customer_pkey on customer  (cost=0.43..7.65 rows=1 width=8) (actual time=0.017..0.017 rows=0 loops=94997)
                           Index Cond: (c_customer_sk = store_sales.ss_customer_sk)
                           Filter: (c_birth_month = 10)
                           Rows Removed by Filter: 1
                           Buffers: shared hit=363492 read=11940
               ->  Index Scan using customer_address_pkey on customer_address  (cost=0.42..7.65 rows=1 width=15) (actual time=0.019..0.019 rows=0 loops=13031)
                     Index Cond: (ca_address_sk = customer.c_current_addr_sk)
                     Filter: (ca_state = 'SD'::bpchar)
                     Rows Removed by Filter: 1
                     Buffers: shared hit=40826 read=11298
         ->  Hash  (cost=22.02..22.02 rows=402 width=15) (actual time=1.208..1.209 rows=402 loops=1)
               Buckets: 1024  Batches: 1  Memory Usage: 27kB
               Buffers: shared hit=17 read=1
               ->  Seq Scan on store  (cost=0.00..22.02 rows=402 width=15) (actual time=0.029..1.047 rows=402 loops=1)
                     Buffers: shared hit=17 read=1
 Planning:
   Buffers: shared hit=460
 Planning Time: 4.633 ms
 Execution Time: 73346.223 ms
(54 rows)

