                                                                            QUERY PLAN                                                                            
------------------------------------------------------------------------------------------------------------------------------------------------------------------
 Aggregate  (cost=9627552.33..9627552.34 rows=1 width=40) (actual time=76059.573..76059.581 rows=1 loops=1)
   Buffers: shared hit=224440 read=5126184
   ->  Hash Join  (cost=19817.16..9627552.24 rows=12 width=14) (actual time=57010.430..76059.460 rows=125 loops=1)
         Hash Cond: (store_sales.ss_store_sk = store.s_store_sk)
         Join Filter: ("substring"((customer_address.ca_zip)::text, 1, 5) <> "substring"((store.s_zip)::text, 1, 5))
         Rows Removed by Join Filter: 6
         Buffers: shared hit=224440 read=5126184
         ->  Nested Loop  (cost=19790.11..9627525.17 rows=12 width=29) (actual time=57009.290..76058.047 rows=131 loops=1)
               Buffers: shared hit=224422 read=5126184
               ->  Nested Loop  (cost=19789.69..9624886.37 rows=345 width=22) (actual time=56978.395..75969.479 rows=6134 loops=1)
                     Buffers: shared hit=204711 read=5121359
                     ->  Hash Join  (cost=19789.26..9609126.66 rows=2060 width=22) (actual time=56978.250..75490.094 rows=36625 loops=1)
                           Hash Cond: (store_sales.ss_item_sk = item.i_item_sk)
                           Buffers: shared hit=65602 read=5115780
                           ->  Hash Join  (cost=2570.12..9591863.49 rows=16773 width=18) (actual time=56882.934..75327.195 rows=410620 loops=1)
                                 Hash Cond: (store_sales.ss_sold_date_sk = date_dim.d_date_sk)
                                 Buffers: shared hit=51373 read=5115653
                                 ->  Seq Scan on store_sales  (cost=0.00..9485539.52 rows=39523085 width=22) (actual time=0.055..72738.470 rows=40114371 loops=1)
                                       Filter: ((ss_wholesale_cost >= '23'::numeric) AND (ss_wholesale_cost <= '43'::numeric))
                                       Rows Removed by Filter: 247882653
                                       Buffers: shared hit=50441 read=5115111
                                 ->  Hash  (cost=2569.73..2569.73 rows=31 width=4) (actual time=31.249..31.250 rows=31 loops=1)
                                       Buckets: 1024  Batches: 1  Memory Usage: 10kB
                                       Buffers: shared hit=932 read=542
                                       ->  Seq Scan on date_dim  (cost=0.00..2569.73 rows=31 width=4) (actual time=18.539..31.238 rows=31 loops=1)
                                             Filter: ((d_year = 2002) AND (d_moy = 3))
                                             Rows Removed by Filter: 73018
                                             Buffers: shared hit=932 read=542
                           ->  Hash  (cost=16906.00..16906.00 rows=25051 width=12) (actual time=95.149..95.149 rows=24688 loops=1)
                                 Buckets: 32768  Batches: 1  Memory Usage: 1317kB
                                 Buffers: shared hit=14229 read=127
                                 ->  Seq Scan on item  (cost=0.00..16906.00 rows=25051 width=12) (actual time=0.012..91.666 rows=24688 loops=1)
                                       Filter: (i_category = 'Books'::bpchar)
                                       Rows Removed by Filter: 179312
                                       Buffers: shared hit=14229 read=127
                     ->  Index Scan using customer_pkey on customer  (cost=0.43..7.65 rows=1 width=8) (actual time=0.013..0.013 rows=0 loops=36625)
                           Index Cond: (c_customer_sk = store_sales.ss_customer_sk)
                           Filter: (c_birth_month = 4)
                           Rows Removed by Filter: 1
                           Buffers: shared hit=139109 read=5579
               ->  Index Scan using customer_address_pkey on customer_address  (cost=0.42..7.65 rows=1 width=15) (actual time=0.014..0.014 rows=0 loops=6134)
                     Index Cond: (ca_address_sk = customer.c_current_addr_sk)
                     Filter: (ca_state = 'MO'::bpchar)
                     Rows Removed by Filter: 1
                     Buffers: shared hit=19711 read=4825
         ->  Hash  (cost=22.02..22.02 rows=402 width=15) (actual time=1.107..1.108 rows=402 loops=1)
               Buckets: 1024  Batches: 1  Memory Usage: 27kB
               Buffers: shared hit=18
               ->  Seq Scan on store  (cost=0.00..22.02 rows=402 width=15) (actual time=0.036..0.893 rows=402 loops=1)
                     Buffers: shared hit=18
 Planning:
   Buffers: shared hit=460
 Planning Time: 5.344 ms
 Execution Time: 76060.141 ms
(54 rows)

