                                                                            QUERY PLAN                                                                            
------------------------------------------------------------------------------------------------------------------------------------------------------------------
 Aggregate  (cost=9765254.54..9765254.55 rows=1 width=40) (actual time=77164.584..77164.589 rows=1 loops=1)
   Buffers: shared hit=96171 read=5111797
   ->  Nested Loop  (cost=16953.88..9765254.52 rows=2 width=14) (actual time=28628.487..77164.568 rows=6 loops=1)
         Join Filter: ("substring"((customer_address.ca_zip)::text, 1, 5) <> "substring"((store.s_zip)::text, 1, 5))
         Buffers: shared hit=96171 read=5111797
         ->  Nested Loop  (cost=16953.73..9765243.04 rows=2 width=29) (actual time=28628.462..77164.477 rows=6 loops=1)
               Buffers: shared hit=96159 read=5111797
               ->  Nested Loop  (cost=16953.31..9764799.35 rows=58 width=22) (actual time=28556.025..77157.592 rows=502 loops=1)
                     Buffers: shared hit=94575 read=5111373
                     ->  Nested Loop  (cost=16952.88..9760285.65 rows=590 width=22) (actual time=28554.898..77096.590 rows=5014 loops=1)
                           Buffers: shared hit=75585 read=5110527
                           ->  Hash Join  (cost=16952.58..9708984.59 rows=1436741 width=26) (actual time=113.509..76845.259 rows=700745 loops=1)
                                 Hash Cond: (store_sales.ss_item_sk = item.i_item_sk)
                                 Buffers: shared hit=69381 read=5110527
                                 ->  Seq Scan on store_sales  (cost=0.00..9485539.52 rows=78662172 width=22) (actual time=0.063..70105.866 rows=78419996 loops=1)
                                       Filter: ((ss_wholesale_cost >= '71'::numeric) AND (ss_wholesale_cost <= '91'::numeric))
                                       Rows Removed by Filter: 209577028
                                       Buffers: shared hit=55152 read=5110400
                                 ->  Hash  (cost=16906.00..16906.00 rows=3726 width=12) (actual time=113.233..113.234 rows=3713 loops=1)
                                       Buckets: 4096  Batches: 1  Memory Usage: 192kB
                                       Buffers: shared hit=14229 read=127
                                       ->  Seq Scan on item  (cost=0.00..16906.00 rows=3726 width=12) (actual time=0.077..112.559 rows=3713 loops=1)
                                             Filter: (i_category = 'Music'::bpchar)
                                             Rows Removed by Filter: 200287
                                             Buffers: shared hit=14229 read=127
                           ->  Memoize  (cost=0.30..7.51 rows=1 width=4) (actual time=0.000..0.000 rows=0 loops=700745)
                                 Cache Key: store_sales.ss_sold_date_sk
                                 Cache Mode: logical
                                 Hits: 698676  Misses: 2069  Evictions: 0  Overflows: 0  Memory Usage: 139kB
                                 Buffers: shared hit=6204
                                 ->  Index Scan using date_dim_pkey on date_dim  (cost=0.29..7.50 rows=1 width=4) (actual time=0.015..0.015 rows=0 loops=2069)
                                       Index Cond: (d_date_sk = store_sales.ss_sold_date_sk)
                                       Filter: ((d_year = 2000) AND (d_moy = 4))
                                       Rows Removed by Filter: 1
                                       Buffers: shared hit=6204
                     ->  Index Scan using customer_pkey on customer  (cost=0.43..7.65 rows=1 width=8) (actual time=0.012..0.012 rows=0 loops=5014)
                           Index Cond: (c_customer_sk = store_sales.ss_customer_sk)
                           Filter: (c_birth_month = 2)
                           Rows Removed by Filter: 1
                           Buffers: shared hit=18990 read=846
               ->  Index Scan using customer_address_pkey on customer_address  (cost=0.42..7.65 rows=1 width=15) (actual time=0.013..0.013 rows=0 loops=502)
                     Index Cond: (ca_address_sk = customer.c_current_addr_sk)
                     Filter: (ca_state = 'IN'::bpchar)
                     Rows Removed by Filter: 1
                     Buffers: shared hit=1584 read=424
         ->  Index Scan using store_pkey on store  (cost=0.15..5.72 rows=1 width=15) (actual time=0.009..0.009 rows=1 loops=6)
               Index Cond: (s_store_sk = store_sales.ss_store_sk)
               Buffers: shared hit=12
 Planning:
   Buffers: shared hit=460
 Planning Time: 4.528 ms
 Execution Time: 77165.122 ms
(52 rows)

