                                                                            QUERY PLAN                                                                            
------------------------------------------------------------------------------------------------------------------------------------------------------------------
 Aggregate  (cost=9668869.69..9668869.70 rows=1 width=40) (actual time=75623.650..75623.657 rows=1 loops=1)
   Buffers: shared hit=220263 read=5128989
   ->  Hash Join  (cost=19777.12..9668869.65 rows=6 width=14) (actual time=27269.215..75623.574 rows=72 loops=1)
         Hash Cond: (store_sales.ss_store_sk = store.s_store_sk)
         Join Filter: ("substring"((customer_address.ca_zip)::text, 1, 5) <> "substring"((store.s_zip)::text, 1, 5))
         Rows Removed by Join Filter: 1
         Buffers: shared hit=220263 read=5128989
         ->  Nested Loop  (cost=19750.07..9668842.59 rows=6 width=29) (actual time=27268.178..75622.365 rows=73 loops=1)
               Buffers: shared hit=220246 read=5128988
               ->  Nested Loop  (cost=19749.65..9666968.38 rows=245 width=22) (actual time=27263.147..75547.443 rows=3703 loops=1)
                     Buffers: shared hit=207133 read=5127289
                     ->  Hash Join  (cost=19749.22..9648064.40 rows=2471 width=22) (actual time=27263.112..74876.396 rows=38720 loops=1)
                           Hash Cond: (store_sales.ss_item_sk = item.i_item_sk)
                           Buffers: shared hit=54115 read=5127267
                           ->  Hash Join  (cost=2570.12..9630824.74 rows=23071 width=18) (actual time=27166.043..74731.953 rows=302074 loops=1)
                                 Hash Cond: (store_sales.ss_sold_date_sk = date_dim.d_date_sk)
                                 Buffers: shared hit=40068 read=5126958
                                 ->  Seq Scan on store_sales  (cost=0.00..9485539.52 rows=54364643 width=22) (actual time=0.056..71434.591 rows=53574682 loops=1)
                                       Filter: ((ss_wholesale_cost >= '47'::numeric) AND (ss_wholesale_cost <= '67'::numeric))
                                       Rows Removed by Filter: 234422342
                                       Buffers: shared hit=38595 read=5126957
                                 ->  Hash  (cost=2569.73..2569.73 rows=31 width=4) (actual time=20.042..20.043 rows=31 loops=1)
                                       Buckets: 1024  Batches: 1  Memory Usage: 10kB
                                       Buffers: shared hit=1473 read=1
                                       ->  Seq Scan on date_dim  (cost=0.00..2569.73 rows=31 width=4) (actual time=10.776..20.029 rows=31 loops=1)
                                             Filter: ((d_year = 2000) AND (d_moy = 3))
                                             Rows Removed by Filter: 73018
                                             Buffers: shared hit=1473 read=1
                           ->  Hash  (cost=16906.00..16906.00 rows=21848 width=12) (actual time=96.919..96.920 rows=21811 loops=1)
                                 Buckets: 32768  Batches: 1  Memory Usage: 1193kB
                                 Buffers: shared hit=14047 read=309
                                 ->  Seq Scan on item  (cost=0.00..16906.00 rows=21848 width=12) (actual time=0.036..93.792 rows=21811 loops=1)
                                       Filter: (i_category = 'Sports'::bpchar)
                                       Rows Removed by Filter: 182189
                                       Buffers: shared hit=14047 read=309
                     ->  Index Scan using customer_pkey on customer  (cost=0.43..7.65 rows=1 width=8) (actual time=0.017..0.017 rows=0 loops=38720)
                           Index Cond: (c_customer_sk = store_sales.ss_customer_sk)
                           Filter: (c_birth_month = 1)
                           Rows Removed by Filter: 1
                           Buffers: shared hit=153018 read=22
               ->  Index Scan using customer_address_pkey on customer_address  (cost=0.42..7.65 rows=1 width=15) (actual time=0.020..0.020 rows=0 loops=3703)
                     Index Cond: (ca_address_sk = customer.c_current_addr_sk)
                     Filter: (ca_state = 'MN'::bpchar)
                     Rows Removed by Filter: 1
                     Buffers: shared hit=13113 read=1699
         ->  Hash  (cost=22.02..22.02 rows=402 width=15) (actual time=1.004..1.005 rows=402 loops=1)
               Buckets: 1024  Batches: 1  Memory Usage: 27kB
               Buffers: shared hit=17 read=1
               ->  Seq Scan on store  (cost=0.00..22.02 rows=402 width=15) (actual time=0.040..0.832 rows=402 loops=1)
                     Buffers: shared hit=17 read=1
 Planning:
   Buffers: shared hit=460
 Planning Time: 5.451 ms
 Execution Time: 75624.195 ms
(54 rows)

