                                                                            QUERY PLAN                                                                            
------------------------------------------------------------------------------------------------------------------------------------------------------------------
 Aggregate  (cost=9638565.43..9638565.44 rows=1 width=40) (actual time=69119.613..69119.619 rows=1 loops=1)
   Buffers: shared hit=121287 read=5131657
   ->  Nested Loop  (cost=19688.66..9638565.40 rows=4 width=14) (actual time=49096.829..69119.563 rows=31 loops=1)
         Join Filter: ("substring"((customer_address.ca_zip)::text, 1, 5) <> "substring"((store.s_zip)::text, 1, 5))
         Buffers: shared hit=121287 read=5131657
         ->  Nested Loop  (cost=19688.51..9638542.43 rows=4 width=29) (actual time=49096.812..69119.256 rows=31 loops=1)
               Buffers: shared hit=121225 read=5131657
               ->  Nested Loop  (cost=19688.09..9637188.49 rows=177 width=22) (actual time=49090.862..69098.870 rows=1890 loops=1)
                     Buffers: shared hit=114236 read=5131086
                     ->  Hash Join  (cost=19687.66..9625636.48 rows=1510 width=22) (actual time=49090.835..68952.002 rows=16177 loops=1)
                           Hash Cond: (store_sales.ss_item_sk = item.i_item_sk)
                           Buffers: shared hit=50296 read=5131086
                           ->  Hash Join  (cost=2570.10..9608471.13 rows=18202 width=18) (actual time=48993.000..68806.771 rows=387098 loops=1)
                                 Hash Cond: (store_sales.ss_sold_date_sk = date_dim.d_date_sk)
                                 Buffers: shared hit=37967 read=5129059
                                 ->  Seq Scan on store_sales  (cost=0.00..9485539.52 rows=45849467 width=22) (actual time=2.620..65957.442 rows=46160898 loops=1)
                                       Filter: ((ss_wholesale_cost >= '80'::numeric) AND (ss_wholesale_cost <= '100'::numeric))
                                       Rows Removed by Filter: 241836126
                                       Buffers: shared hit=36620 read=5128932
                                 ->  Hash  (cost=2569.73..2569.73 rows=29 width=4) (actual time=21.829..21.830 rows=30 loops=1)
                                       Buckets: 1024  Batches: 1  Memory Usage: 10kB
                                       Buffers: shared hit=1347 read=127
                                       ->  Seq Scan on date_dim  (cost=0.00..2569.73 rows=29 width=4) (actual time=11.806..21.818 rows=30 loops=1)
                                             Filter: ((d_year = 2001) AND (d_moy = 11))
                                             Rows Removed by Filter: 73019
                                             Buffers: shared hit=1347 read=127
                           ->  Hash  (cost=16906.00..16906.00 rows=16925 width=12) (actual time=97.672..97.672 rows=17141 loops=1)
                                 Buckets: 32768  Batches: 1  Memory Usage: 993kB
                                 Buffers: shared hit=12329 read=2027
                                 ->  Seq Scan on item  (cost=0.00..16906.00 rows=16925 width=12) (actual time=0.017..94.825 rows=17141 loops=1)
                                       Filter: (i_category = 'Home'::bpchar)
                                       Rows Removed by Filter: 186859
                                       Buffers: shared hit=12329 read=2027
                     ->  Index Scan using customer_pkey on customer  (cost=0.43..7.65 rows=1 width=8) (actual time=0.009..0.009 rows=0 loops=16177)
                           Index Cond: (c_customer_sk = store_sales.ss_customer_sk)
                           Filter: (c_birth_month = 8)
                           Rows Removed by Filter: 1
                           Buffers: shared hit=63940
               ->  Index Scan using customer_address_pkey on customer_address  (cost=0.42..7.65 rows=1 width=15) (actual time=0.011..0.011 rows=0 loops=1890)
                     Index Cond: (ca_address_sk = customer.c_current_addr_sk)
                     Filter: (ca_state = 'MI'::bpchar)
                     Rows Removed by Filter: 1
                     Buffers: shared hit=6989 read=571
         ->  Index Scan using store_pkey on store  (cost=0.15..5.72 rows=1 width=15) (actual time=0.006..0.006 rows=1 loops=31)
               Index Cond: (s_store_sk = store_sales.ss_store_sk)
               Buffers: shared hit=62
 Planning:
   Buffers: shared hit=460
 Planning Time: 3.890 ms
 Execution Time: 69120.080 ms
(50 rows)

