                                                                            QUERY PLAN                                                                            
------------------------------------------------------------------------------------------------------------------------------------------------------------------
 Aggregate  (cost=9753109.73..9753109.74 rows=1 width=40) (actual time=77612.261..77612.267 rows=1 loops=1)
   Buffers: shared hit=365827 read=5128657
   ->  Nested Loop  (cost=19688.67..9753109.72 rows=1 width=14) (actual time=178.216..77612.222 rows=17 loops=1)
         Join Filter: ("substring"((customer_address.ca_zip)::text, 1, 5) <> "substring"((store.s_zip)::text, 1, 5))
         Buffers: shared hit=365827 read=5128657
         ->  Nested Loop  (cost=19688.53..9753103.98 rows=1 width=29) (actual time=178.199..77611.918 rows=17 loops=1)
               Buffers: shared hit=365793 read=5128657
               ->  Nested Loop  (cost=19688.10..9752797.31 rows=40 width=22) (actual time=142.771..77597.330 rows=1079 loops=1)
                     Buffers: shared hit=361826 read=5128308
                     ->  Hash Join  (cost=19687.67..9730443.06 rows=2922 width=22) (actual time=138.504..76794.590 rows=78168 loops=1)
                           Hash Cond: (store_sales.ss_item_sk = item.i_item_sk)
                           Buffers: shared hit=53078 read=5128304
                           ->  Hash Join  (cost=2570.11..9713233.05 rows=35219 width=18) (actual time=33.561..76468.605 rows=1867546 loops=1)
                                 Hash Cond: (store_sales.ss_sold_date_sk = date_dim.d_date_sk)
                                 Buffers: shared hit=38969 read=5128057
                                 ->  Seq Scan on store_sales  (cost=0.00..9485539.52 rows=85756551 width=22) (actual time=1.775..71323.481 rows=85367142 loops=1)
                                       Filter: ((ss_wholesale_cost >= '63'::numeric) AND (ss_wholesale_cost <= '83'::numeric))
                                       Rows Removed by Filter: 202629882
                                       Buffers: shared hit=37622 read=5127930
                                 ->  Hash  (cost=2569.73..2569.73 rows=30 width=4) (actual time=31.752..31.752 rows=31 loops=1)
                                       Buckets: 1024  Batches: 1  Memory Usage: 10kB
                                       Buffers: shared hit=1347 read=127
                                       ->  Seq Scan on date_dim  (cost=0.00..2569.73 rows=30 width=4) (actual time=19.390..31.730 rows=31 loops=1)
                                             Filter: ((d_year = 1998) AND (d_moy = 1))
                                             Rows Removed by Filter: 73018
                                             Buffers: shared hit=1347 read=127
                           ->  Hash  (cost=16906.00..16906.00 rows=16925 width=12) (actual time=104.747..104.748 rows=17141 loops=1)
                                 Buckets: 32768  Batches: 1  Memory Usage: 993kB
                                 Buffers: shared hit=14109 read=247
                                 ->  Seq Scan on item  (cost=0.00..16906.00 rows=16925 width=12) (actual time=0.026..101.656 rows=17141 loops=1)
                                       Filter: (i_category = 'Home'::bpchar)
                                       Rows Removed by Filter: 186859
                                       Buffers: shared hit=14109 read=247
                     ->  Index Scan using customer_pkey on customer  (cost=0.43..7.65 rows=1 width=8) (actual time=0.010..0.010 rows=0 loops=78168)
                           Index Cond: (c_customer_sk = store_sales.ss_customer_sk)
                           Filter: (c_birth_month = 5)
                           Rows Removed by Filter: 1
                           Buffers: shared hit=308748 read=4
               ->  Index Scan using customer_address_pkey on customer_address  (cost=0.42..7.67 rows=1 width=15) (actual time=0.013..0.013 rows=0 loops=1079)
                     Index Cond: (ca_address_sk = customer.c_current_addr_sk)
                     Filter: (ca_state = 'OK'::bpchar)
                     Rows Removed by Filter: 1
                     Buffers: shared hit=3967 read=349
         ->  Index Scan using store_pkey on store  (cost=0.15..5.72 rows=1 width=15) (actual time=0.013..0.013 rows=1 loops=17)
               Index Cond: (s_store_sk = store_sales.ss_store_sk)
               Buffers: shared hit=34
 Planning:
   Buffers: shared hit=460
 Planning Time: 6.963 ms
 Execution Time: 77612.901 ms
(50 rows)

