                                                                            QUERY PLAN                                                                            
------------------------------------------------------------------------------------------------------------------------------------------------------------------
 Aggregate  (cost=9625458.84..9625458.85 rows=1 width=40) (actual time=75219.223..75219.229 rows=1 loops=1)
   Buffers: shared hit=297348 read=5128492
   ->  Nested Loop  (cost=19790.25..9625458.81 rows=4 width=14) (actual time=4219.546..75219.114 rows=78 loops=1)
         Join Filter: ("substring"((customer_address.ca_zip)::text, 1, 5) <> "substring"((store.s_zip)::text, 1, 5))
         Rows Removed by Join Filter: 1
         Buffers: shared hit=297348 read=5128492
         ->  Nested Loop  (cost=19790.10..9625435.84 rows=4 width=29) (actual time=4188.793..75218.331 rows=80 loops=1)
               Buffers: shared hit=297192 read=5128490
               ->  Nested Loop  (cost=19789.68..9624372.36 rows=139 width=22) (actual time=4153.892..75161.082 rows=3830 loops=1)
                     Buffers: shared hit=283651 read=5126711
                     ->  Hash Join  (cost=19789.25..9609125.22 rows=1993 width=22) (actual time=4153.712..74438.380 rows=57990 loops=1)
                           Hash Cond: (store_sales.ss_item_sk = item.i_item_sk)
                           Buffers: shared hit=54677 read=5126705
                           ->  Hash Join  (cost=2570.11..9591863.48 rows=16231 width=18) (actual time=4050.365..74236.015 rows=662473 loops=1)
                                 Hash Cond: (store_sales.ss_sold_date_sk = date_dim.d_date_sk)
                                 Buffers: shared hit=40321 read=5126705
                                 ->  Seq Scan on store_sales  (cost=0.00..9485539.52 rows=39523085 width=22) (actual time=0.048..71686.891 rows=40114371 loops=1)
                                       Filter: ((ss_wholesale_cost >= '27'::numeric) AND (ss_wholesale_cost <= '47'::numeric))
                                       Rows Removed by Filter: 247882653
                                       Buffers: shared hit=38847 read=5126705
                                 ->  Hash  (cost=2569.73..2569.73 rows=30 width=4) (actual time=20.138..20.139 rows=31 loops=1)
                                       Buckets: 1024  Batches: 1  Memory Usage: 10kB
                                       Buffers: shared hit=1474
                                       ->  Seq Scan on date_dim  (cost=0.00..2569.73 rows=30 width=4) (actual time=7.929..20.130 rows=31 loops=1)
                                             Filter: ((d_year = 1998) AND (d_moy = 5))
                                             Rows Removed by Filter: 73018
                                             Buffers: shared hit=1474
                           ->  Hash  (cost=16906.00..16906.00 rows=25051 width=12) (actual time=103.167..103.167 rows=24688 loops=1)
                                 Buckets: 32768  Batches: 1  Memory Usage: 1317kB
                                 Buffers: shared hit=14356
                                 ->  Seq Scan on item  (cost=0.00..16906.00 rows=25051 width=12) (actual time=0.017..99.632 rows=24688 loops=1)
                                       Filter: (i_category = 'Books'::bpchar)
                                       Rows Removed by Filter: 179312
                                       Buffers: shared hit=14356
                     ->  Index Scan using customer_pkey on customer  (cost=0.43..7.65 rows=1 width=8) (actual time=0.012..0.012 rows=0 loops=57990)
                           Index Cond: (c_customer_sk = store_sales.ss_customer_sk)
                           Filter: (c_birth_month = 12)
                           Rows Removed by Filter: 1
                           Buffers: shared hit=228974 read=6
               ->  Index Scan using customer_address_pkey on customer_address  (cost=0.42..7.65 rows=1 width=15) (actual time=0.015..0.015 rows=0 loops=3830)
                     Index Cond: (ca_address_sk = customer.c_current_addr_sk)
                     Filter: (ca_state = 'IN'::bpchar)
                     Rows Removed by Filter: 1
                     Buffers: shared hit=13541 read=1779
         ->  Index Scan using store_pkey on store  (cost=0.15..5.72 rows=1 width=15) (actual time=0.006..0.006 rows=1 loops=80)
               Index Cond: (s_store_sk = store_sales.ss_store_sk)
               Buffers: shared hit=156 read=2
 Planning:
   Buffers: shared hit=460
 Planning Time: 3.227 ms
 Execution Time: 75219.612 ms
(51 rows)

