                                                                              QUERY PLAN                                                                              
----------------------------------------------------------------------------------------------------------------------------------------------------------------------
 Aggregate  (cost=9678495.20..9678495.21 rows=1 width=40) (actual time=100876.380..100876.385 rows=1 loops=1)
   Buffers: shared hit=4159008 read=5166376
   ->  Nested Loop  (cost=2571.50..9678495.19 rows=1 width=14) (actual time=12923.830..100876.058 rows=149 loops=1)
         Join Filter: ("substring"((customer_address.ca_zip)::text, 1, 5) <> "substring"((store.s_zip)::text, 1, 5))
         Rows Removed by Join Filter: 2
         Buffers: shared hit=4159008 read=5166376
         ->  Nested Loop  (cost=2571.36..9678489.45 rows=1 width=29) (actual time=12923.798..100873.803 rows=151 loops=1)
               Buffers: shared hit=4158708 read=5166374
               ->  Nested Loop  (cost=2570.94..9678436.00 rows=7 width=25) (actual time=12766.439..100823.372 rows=1763 loops=1)
                     Buffers: shared hit=4152464 read=5165566
                     ->  Nested Loop  (cost=2570.51..9667375.00 rows=1446 width=18) (actual time=12627.262..98110.073 rows=109693 loops=1)
                           Buffers: shared hit=3731221 read=5148037
                           ->  Hash Join  (cost=2570.08..9572786.06 rows=12364 width=18) (actual time=12627.067..76517.840 rows=939253 loops=1)
                                 Hash Cond: (store_sales.ss_sold_date_sk = date_dim.d_date_sk)
                                 Buffers: shared hit=20462 read=5146564
                                 ->  Seq Scan on store_sales  (cost=0.00..9485539.52 rows=32255907 width=22) (actual time=0.046..74123.328 rows=32336064 loops=1)
                                       Filter: ((ss_wholesale_cost >= '20'::numeric) AND (ss_wholesale_cost <= '40'::numeric))
                                       Rows Removed by Filter: 255660960
                                       Buffers: shared hit=18988 read=5146564
                                 ->  Hash  (cost=2569.73..2569.73 rows=28 width=4) (actual time=15.785..15.786 rows=28 loops=1)
                                       Buckets: 1024  Batches: 1  Memory Usage: 9kB
                                       Buffers: shared hit=1474
                                       ->  Seq Scan on date_dim  (cost=0.00..2569.73 rows=28 width=4) (actual time=9.034..15.772 rows=28 loops=1)
                                             Filter: ((d_year = 1999) AND (d_moy = 2))
                                             Rows Removed by Filter: 73021
                                             Buffers: shared hit=1474
                           ->  Index Scan using customer_pkey on customer  (cost=0.43..7.65 rows=1 width=8) (actual time=0.023..0.023 rows=0 loops=939253)
                                 Index Cond: (c_customer_sk = store_sales.ss_customer_sk)
                                 Filter: (c_birth_month = 8)
                                 Rows Removed by Filter: 1
                                 Buffers: shared hit=3710759 read=1473
                     ->  Index Scan using customer_address_pkey on customer_address  (cost=0.42..7.65 rows=1 width=15) (actual time=0.024..0.024 rows=0 loops=109693)
                           Index Cond: (ca_address_sk = customer.c_current_addr_sk)
                           Filter: (ca_state = 'ME'::bpchar)
                           Rows Removed by Filter: 1
                           Buffers: shared hit=421243 read=17529
               ->  Index Scan using item_pkey on item  (cost=0.42..7.64 rows=1 width=12) (actual time=0.028..0.028 rows=0 loops=1763)
                     Index Cond: (i_item_sk = store_sales.ss_item_sk)
                     Filter: (i_category = 'Books'::bpchar)
                     Rows Removed by Filter: 1
                     Buffers: shared hit=6244 read=808
         ->  Index Scan using store_pkey on store  (cost=0.15..5.72 rows=1 width=15) (actual time=0.009..0.009 rows=1 loops=151)
               Index Cond: (s_store_sk = store_sales.ss_store_sk)
               Buffers: shared hit=300 read=2
 Planning:
   Buffers: shared hit=460
 Planning Time: 3.124 ms
 Execution Time: 100876.706 ms
(48 rows)

