                                                                            QUERY PLAN                                                                            
------------------------------------------------------------------------------------------------------------------------------------------------------------------
 Aggregate  (cost=9733747.03..9733747.04 rows=1 width=40) (actual time=82692.483..82692.489 rows=1 loops=1)
   Buffers: shared hit=979575 read=5147429
   ->  Hash Join  (cost=19922.97..9733746.88 rows=20 width=14) (actual time=5813.016..82692.117 rows=278 loops=1)
         Hash Cond: (store_sales.ss_store_sk = store.s_store_sk)
         Join Filter: ("substring"((customer_address.ca_zip)::text, 1, 5) <> "substring"((store.s_zip)::text, 1, 5))
         Rows Removed by Join Filter: 2
         Buffers: shared hit=979575 read=5147429
         ->  Nested Loop  (cost=19895.93..9733719.79 rows=20 width=29) (actual time=5812.234..82690.589 rows=282 loops=1)
               Buffers: shared hit=979557 read=5147429
               ->  Nested Loop  (cost=19895.50..9730629.07 rows=404 width=22) (actual time=5812.200..82336.199 rows=18254 loops=1)
                     Buffers: shared hit=908649 read=5145321
                     ->  Hash Join  (cost=19895.07..9693639.73 rows=4835 width=22) (actual time=5811.128..78293.585 rows=220809 loops=1)
                           Hash Cond: (store_sales.ss_item_sk = item.i_item_sk)
                           Buffers: shared hit=36065 read=5145317
                           ->  Hash Join  (cost=2570.11..9676237.51 rows=29431 width=18) (actual time=5682.888..77890.033 rows=1533037 loops=1)
                                 Hash Cond: (store_sales.ss_sold_date_sk = date_dim.d_date_sk)
                                 Buffers: shared hit=31928 read=5135098
                                 ->  Seq Scan on store_sales  (cost=0.00..9485539.52 rows=71663793 width=22) (actual time=0.045..73449.783 rows=71083444 loops=1)
                                       Filter: ((ss_wholesale_cost >= '53'::numeric) AND (ss_wholesale_cost <= '73'::numeric))
                                       Rows Removed by Filter: 216913580
                                       Buffers: shared hit=30454 read=5135098
                                 ->  Hash  (cost=2569.73..2569.73 rows=30 width=4) (actual time=20.821..20.822 rows=30 loops=1)
                                       Buckets: 1024  Batches: 1  Memory Usage: 10kB
                                       Buffers: shared hit=1474
                                       ->  Seq Scan on date_dim  (cost=0.00..2569.73 rows=30 width=4) (actual time=10.904..20.810 rows=30 loops=1)
                                             Filter: ((d_year = 1998) AND (d_moy = 6))
                                             Rows Removed by Filter: 73019
                                             Buffers: shared hit=1474
                           ->  Hash  (cost=16906.00..16906.00 rows=33517 width=12) (actual time=128.009..128.010 rows=33627 loops=1)
                                 Buckets: 65536  Batches: 1  Memory Usage: 1957kB
                                 Buffers: shared hit=4137 read=10219
                                 ->  Seq Scan on item  (cost=0.00..16906.00 rows=33517 width=12) (actual time=0.021..121.174 rows=33627 loops=1)
                                       Filter: (i_category = 'Shoes'::bpchar)
                                       Rows Removed by Filter: 170373
                                       Buffers: shared hit=4137 read=10219
                     ->  Index Scan using customer_pkey on customer  (cost=0.43..7.65 rows=1 width=8) (actual time=0.018..0.018 rows=0 loops=220809)
                           Index Cond: (c_customer_sk = store_sales.ss_customer_sk)
                           Filter: (c_birth_month = 11)
                           Rows Removed by Filter: 1
                           Buffers: shared hit=872584 read=4
               ->  Index Scan using customer_address_pkey on customer_address  (cost=0.42..7.65 rows=1 width=15) (actual time=0.019..0.019 rows=0 loops=18254)
                     Index Cond: (ca_address_sk = customer.c_current_addr_sk)
                     Filter: (ca_state = 'VA'::bpchar)
                     Rows Removed by Filter: 1
                     Buffers: shared hit=70908 read=2108
         ->  Hash  (cost=22.02..22.02 rows=402 width=15) (actual time=0.748..0.749 rows=402 loops=1)
               Buckets: 1024  Batches: 1  Memory Usage: 27kB
               Buffers: shared hit=18
               ->  Seq Scan on store  (cost=0.00..22.02 rows=402 width=15) (actual time=0.028..0.610 rows=402 loops=1)
                     Buffers: shared hit=18
 Planning:
   Buffers: shared hit=460
 Planning Time: 4.434 ms
 Execution Time: 82692.977 ms
(54 rows)

