                                                                            QUERY PLAN                                                                            
------------------------------------------------------------------------------------------------------------------------------------------------------------------
 Aggregate  (cost=9709054.01..9709054.02 rows=1 width=40) (actual time=82885.657..82885.662 rows=1 loops=1)
   Buffers: shared hit=984825 read=5134157
   ->  Nested Loop  (cost=19643.38..9709054.00 rows=2 width=14) (actual time=50919.747..82885.411 rows=158 loops=1)
         Join Filter: ("substring"((customer_address.ca_zip)::text, 1, 5) <> "substring"((store.s_zip)::text, 1, 5))
         Rows Removed by Join Filter: 4
         Buffers: shared hit=984825 read=5134157
         ->  Nested Loop  (cost=19643.24..9709042.51 rows=2 width=29) (actual time=50919.728..82882.705 rows=163 loops=1)
               Buffers: shared hit=984505 read=5134153
               ->  Nested Loop  (cost=19642.81..9708560.22 rows=63 width=22) (actual time=50893.917..82747.737 rows=7530 loops=1)
                     Buffers: shared hit=955507 read=5133031
                     ->  Hash Join  (cost=19642.38..9693389.62 rows=1983 width=22) (actual time=50893.436..78822.434 rows=229587 loops=1)
                           Hash Cond: (store_sales.ss_item_sk = item.i_item_sk)
                           Buffers: shared hit=48355 read=5133027
                           ->  Hash Join  (cost=2570.12..9676237.52 rows=30412 width=18) (actual time=50785.883..78426.509 rows=2025634 loops=1)
                                 Hash Cond: (store_sales.ss_sold_date_sk = date_dim.d_date_sk)
                                 Buffers: shared hit=34281 read=5132745
                                 ->  Seq Scan on store_sales  (cost=0.00..9485539.52 rows=71663793 width=22) (actual time=0.066..73930.605 rows=71083444 loops=1)
                                       Filter: ((ss_wholesale_cost >= '53'::numeric) AND (ss_wholesale_cost <= '73'::numeric))
                                       Rows Removed by Filter: 216913580
                                       Buffers: shared hit=32807 read=5132745
                                 ->  Hash  (cost=2569.73..2569.73 rows=31 width=4) (actual time=20.179..20.179 rows=31 loops=1)
                                       Buckets: 1024  Batches: 1  Memory Usage: 10kB
                                       Buffers: shared hit=1474
                                       ->  Seq Scan on date_dim  (cost=0.00..2569.73 rows=31 width=4) (actual time=11.591..20.165 rows=31 loops=1)
                                             Filter: ((d_year = 2001) AND (d_moy = 7))
                                             Rows Removed by Filter: 73018
                                             Buffers: shared hit=1474
                           ->  Hash  (cost=16906.00..16906.00 rows=13301 width=12) (actual time=98.796..98.796 rows=13933 loops=1)
                                 Buckets: 16384  Batches: 1  Memory Usage: 727kB
                                 Buffers: shared hit=14074 read=282
                                 ->  Seq Scan on item  (cost=0.00..16906.00 rows=13301 width=12) (actual time=0.015..96.525 rows=13933 loops=1)
                                       Filter: (i_category = 'Men'::bpchar)
                                       Rows Removed by Filter: 190067
                                       Buffers: shared hit=14074 read=282
                     ->  Index Scan using customer_pkey on customer  (cost=0.43..7.65 rows=1 width=8) (actual time=0.017..0.017 rows=0 loops=229587)
                           Index Cond: (c_customer_sk = store_sales.ss_customer_sk)
                           Filter: (c_birth_month = 6)
                           Rows Removed by Filter: 1
                           Buffers: shared hit=907152 read=4
               ->  Index Scan using customer_address_pkey on customer_address  (cost=0.42..7.66 rows=1 width=15) (actual time=0.018..0.018 rows=0 loops=7530)
                     Index Cond: (ca_address_sk = customer.c_current_addr_sk)
                     Filter: (ca_state = 'MO'::bpchar)
                     Rows Removed by Filter: 1
                     Buffers: shared hit=28998 read=1122
         ->  Index Scan using store_pkey on store  (cost=0.15..5.72 rows=1 width=15) (actual time=0.013..0.013 rows=1 loops=163)
               Index Cond: (s_store_sk = store_sales.ss_store_sk)
               Buffers: shared hit=320 read=4
 Planning:
   Buffers: shared hit=460
 Planning Time: 4.812 ms
 Execution Time: 82886.197 ms
(51 rows)

