                                                                            QUERY PLAN                                                                            
------------------------------------------------------------------------------------------------------------------------------------------------------------------
 Aggregate  (cost=9661935.33..9661935.34 rows=1 width=40) (actual time=71484.528..71484.533 rows=1 loops=1)
   Buffers: shared hit=80184 read=5131524
   ->  Nested Loop  (cost=16953.88..9661935.32 rows=1 width=14) (actual time=42138.507..71484.511 rows=6 loops=1)
         Join Filter: ("substring"((customer_address.ca_zip)::text, 1, 5) <> "substring"((store.s_zip)::text, 1, 5))
         Buffers: shared hit=80184 read=5131524
         ->  Nested Loop  (cost=16953.73..9661929.58 rows=1 width=29) (actual time=42138.483..71484.430 rows=6 loops=1)
               Buffers: shared hit=80172 read=5131524
               ->  Nested Loop  (cost=16953.31..9661799.48 rows=17 width=22) (actual time=42138.449..71480.836 rows=283 loops=1)
                     Buffers: shared hit=79088 read=5131476
                     ->  Nested Loop  (cost=16952.88..9659167.77 rows=344 width=22) (actual time=42135.333..71413.550 rows=6190 loops=1)
                           Buffers: shared hit=54636 read=5131476
                           ->  Hash Join  (cost=16952.58..9622849.45 rows=837427 width=26) (actual time=105.468..71242.269 rows=412858 loops=1)
                                 Hash Cond: (store_sales.ss_item_sk = item.i_item_sk)
                                 Buffers: shared hit=48618 read=5131290
                                 ->  Seq Scan on store_sales  (cost=0.00..9485539.52 rows=45849467 width=22) (actual time=0.032..66883.598 rows=46160898 loops=1)
                                       Filter: ((ss_wholesale_cost >= '80'::numeric) AND (ss_wholesale_cost <= '100'::numeric))
                                       Rows Removed by Filter: 241836126
                                       Buffers: shared hit=34467 read=5131085
                                 ->  Hash  (cost=16906.00..16906.00 rows=3726 width=12) (actual time=105.215..105.216 rows=3713 loops=1)
                                       Buckets: 4096  Batches: 1  Memory Usage: 192kB
                                       Buffers: shared hit=14151 read=205
                                       ->  Seq Scan on item  (cost=0.00..16906.00 rows=3726 width=12) (actual time=0.430..104.565 rows=3713 loops=1)
                                             Filter: (i_category = 'Music'::bpchar)
                                             Rows Removed by Filter: 200287
                                             Buffers: shared hit=14151 read=205
                           ->  Memoize  (cost=0.30..7.51 rows=1 width=4) (actual time=0.000..0.000 rows=0 loops=412858)
                                 Cache Key: store_sales.ss_sold_date_sk
                                 Cache Mode: logical
                                 Hits: 410789  Misses: 2069  Evictions: 0  Overflows: 0  Memory Usage: 139kB
                                 Buffers: shared hit=6018 read=186
                                 ->  Index Scan using date_dim_pkey on date_dim  (cost=0.29..7.50 rows=1 width=4) (actual time=0.015..0.015 rows=0 loops=2069)
                                       Index Cond: (d_date_sk = store_sales.ss_sold_date_sk)
                                       Filter: ((d_year = 2001) AND (d_moy = 4))
                                       Rows Removed by Filter: 1
                                       Buffers: shared hit=6018 read=186
                     ->  Index Scan using customer_pkey on customer  (cost=0.43..7.65 rows=1 width=8) (actual time=0.011..0.011 rows=0 loops=6190)
                           Index Cond: (c_customer_sk = store_sales.ss_customer_sk)
                           Filter: (c_birth_month = 7)
                           Rows Removed by Filter: 1
                           Buffers: shared hit=24452
               ->  Index Scan using customer_address_pkey on customer_address  (cost=0.42..7.65 rows=1 width=15) (actual time=0.012..0.012 rows=0 loops=283)
                     Index Cond: (ca_address_sk = customer.c_current_addr_sk)
                     Filter: (ca_state = 'WI'::bpchar)
                     Rows Removed by Filter: 1
                     Buffers: shared hit=1084 read=48
         ->  Index Scan using store_pkey on store  (cost=0.15..5.72 rows=1 width=15) (actual time=0.008..0.008 rows=1 loops=6)
               Index Cond: (s_store_sk = store_sales.ss_store_sk)
               Buffers: shared hit=12
 Planning:
   Buffers: shared hit=460
 Planning Time: 1.911 ms
 Execution Time: 71484.838 ms
(52 rows)

