                                                                            QUERY PLAN                                                                            
------------------------------------------------------------------------------------------------------------------------------------------------------------------
 Aggregate  (cost=9772871.24..9772871.25 rows=1 width=40) (actual time=77332.858..77332.863 rows=1 loops=1)
   Buffers: shared hit=264209 read=5130031
   ->  Nested Loop  (cost=19811.93..9772871.22 rows=2 width=14) (actual time=27686.652..77332.795 rows=41 loops=1)
         Join Filter: ("substring"((customer_address.ca_zip)::text, 1, 5) <> "substring"((store.s_zip)::text, 1, 5))
         Buffers: shared hit=264209 read=5130031
         ->  Nested Loop  (cost=19811.79..9772859.74 rows=2 width=29) (actual time=27686.633..77332.389 rows=41 loops=1)
               Buffers: shared hit=264127 read=5130031
               ->  Nested Loop  (cost=19811.36..9771665.49 rows=156 width=22) (actual time=27685.965..77296.512 rows=1700 loops=1)
                     Buffers: shared hit=257645 read=5129713
                     ->  Hash Join  (cost=19810.93..9734477.26 rows=4861 width=22) (actual time=27685.025..76373.029 rows=52135 loops=1)
                           Hash Cond: (store_sales.ss_item_sk = item.i_item_sk)
                           Buffers: shared hit=51673 read=5129709
                           ->  Hash Join  (cost=2570.12..9717139.26 rows=37024 width=18) (actual time=27582.752..76190.473 rows=490025 loops=1)
                                 Hash Cond: (store_sales.ss_sold_date_sk = date_dim.d_date_sk)
                                 Buffers: shared hit=37318 read=5129708
                                 ->  Seq Scan on store_sales  (cost=0.00..9485539.52 rows=87244546 width=22) (actual time=0.054..71058.969 rows=86810744 loops=1)
                                       Filter: ((ss_wholesale_cost >= '68'::numeric) AND (ss_wholesale_cost <= '88'::numeric))
                                       Rows Removed by Filter: 201186280
                                       Buffers: shared hit=35971 read=5129581
                                 ->  Hash  (cost=2569.73..2569.73 rows=31 width=4) (actual time=23.473..23.474 rows=31 loops=1)
                                       Buckets: 1024  Batches: 1  Memory Usage: 10kB
                                       Buffers: shared hit=1347 read=127
                                       ->  Seq Scan on date_dim  (cost=0.00..2569.73 rows=31 width=4) (actual time=11.964..23.461 rows=31 loops=1)
                                             Filter: ((d_year = 2000) AND (d_moy = 3))
                                             Rows Removed by Filter: 73018
                                             Buffers: shared hit=1347 read=127
                           ->  Hash  (cost=16906.00..16906.00 rows=26785 width=12) (actual time=102.136..102.137 rows=26695 loops=1)
                                 Buckets: 32768  Batches: 1  Memory Usage: 1403kB
                                 Buffers: shared hit=14355 read=1
                                 ->  Seq Scan on item  (cost=0.00..16906.00 rows=26785 width=12) (actual time=0.017..98.334 rows=26695 loops=1)
                                       Filter: (i_category = 'Children'::bpchar)
                                       Rows Removed by Filter: 177305
                                       Buffers: shared hit=14355 read=1
                     ->  Index Scan using customer_pkey on customer  (cost=0.43..7.65 rows=1 width=8) (actual time=0.017..0.017 rows=0 loops=52135)
                           Index Cond: (c_customer_sk = store_sales.ss_customer_sk)
                           Filter: (c_birth_month = 6)
                           Rows Removed by Filter: 1
                           Buffers: shared hit=205972 read=4
               ->  Index Scan using customer_address_pkey on customer_address  (cost=0.42..7.66 rows=1 width=15) (actual time=0.021..0.021 rows=0 loops=1700)
                     Index Cond: (ca_address_sk = customer.c_current_addr_sk)
                     Filter: (ca_state = 'ND'::bpchar)
                     Rows Removed by Filter: 1
                     Buffers: shared hit=6482 read=318
         ->  Index Scan using store_pkey on store  (cost=0.15..5.72 rows=1 width=15) (actual time=0.006..0.006 rows=1 loops=41)
               Index Cond: (s_store_sk = store_sales.ss_store_sk)
               Buffers: shared hit=82
 Planning:
   Buffers: shared hit=460
 Planning Time: 4.396 ms
 Execution Time: 77333.303 ms
(50 rows)

