                                                                            QUERY PLAN                                                                            
------------------------------------------------------------------------------------------------------------------------------------------------------------------
 Aggregate  (cost=9632409.55..9632409.56 rows=1 width=40) (actual time=75966.200..75966.206 rows=1 loops=1)
   Buffers: shared hit=440210 read=5129958
   ->  Hash Join  (cost=19922.98..9632409.39 rows=22 width=14) (actual time=19055.747..75966.027 rows=108 loops=1)
         Hash Cond: (store_sales.ss_store_sk = store.s_store_sk)
         Join Filter: ("substring"((customer_address.ca_zip)::text, 1, 5) <> "substring"((store.s_zip)::text, 1, 5))
         Rows Removed by Join Filter: 6
         Buffers: shared hit=440210 read=5129958
         ->  Nested Loop  (cost=19895.94..9632382.28 rows=22 width=29) (actual time=19054.854..75964.812 rows=115 loops=1)
               Buffers: shared hit=440192 read=5129958
               ->  Nested Loop  (cost=19895.51..9630316.83 rows=270 width=22) (actual time=19028.093..75810.422 rows=8601 loops=1)
                     Buffers: shared hit=409580 read=5126166
                     ->  Hash Join  (cost=19895.08..9609232.48 rows=2756 width=22) (actual time=19027.984..74402.585 rows=89678 loops=1)
                           Hash Cond: (store_sales.ss_item_sk = item.i_item_sk)
                           Buffers: shared hit=55323 read=5126059
                           ->  Hash Join  (cost=2570.12..9591863.49 rows=16773 width=18) (actual time=18921.115..74190.317 rows=623044 loops=1)
                                 Hash Cond: (store_sales.ss_sold_date_sk = date_dim.d_date_sk)
                                 Buffers: shared hit=40968 read=5126058
                                 ->  Seq Scan on store_sales  (cost=0.00..9485539.52 rows=39523085 width=22) (actual time=0.054..71613.764 rows=40114371 loops=1)
                                       Filter: ((ss_wholesale_cost >= '24'::numeric) AND (ss_wholesale_cost <= '44'::numeric))
                                       Rows Removed by Filter: 247882653
                                       Buffers: shared hit=39494 read=5126058
                                 ->  Hash  (cost=2569.73..2569.73 rows=31 width=4) (actual time=18.053..18.054 rows=31 loops=1)
                                       Buckets: 1024  Batches: 1  Memory Usage: 10kB
                                       Buffers: shared hit=1474
                                       ->  Seq Scan on date_dim  (cost=0.00..2569.73 rows=31 width=4) (actual time=10.529..18.040 rows=31 loops=1)
                                             Filter: ((d_year = 1999) AND (d_moy = 7))
                                             Rows Removed by Filter: 73018
                                             Buffers: shared hit=1474
                           ->  Hash  (cost=16906.00..16906.00 rows=33517 width=12) (actual time=106.587..106.587 rows=33627 loops=1)
                                 Buckets: 65536  Batches: 1  Memory Usage: 1957kB
                                 Buffers: shared hit=14355 read=1
                                 ->  Seq Scan on item  (cost=0.00..16906.00 rows=33517 width=12) (actual time=0.028..101.669 rows=33627 loops=1)
                                       Filter: (i_category = 'Shoes'::bpchar)
                                       Rows Removed by Filter: 170373
                                       Buffers: shared hit=14355 read=1
                     ->  Index Scan using customer_pkey on customer  (cost=0.43..7.65 rows=1 width=8) (actual time=0.015..0.015 rows=0 loops=89678)
                           Index Cond: (c_customer_sk = store_sales.ss_customer_sk)
                           Filter: (c_birth_month = 2)
                           Rows Removed by Filter: 1
                           Buffers: shared hit=354257 read=107
               ->  Index Scan using customer_address_pkey on customer_address  (cost=0.42..7.65 rows=1 width=15) (actual time=0.018..0.018 rows=0 loops=8601)
                     Index Cond: (ca_address_sk = customer.c_current_addr_sk)
                     Filter: (ca_state = 'TX'::bpchar)
                     Rows Removed by Filter: 1
                     Buffers: shared hit=30612 read=3792
         ->  Hash  (cost=22.02..22.02 rows=402 width=15) (actual time=0.857..0.858 rows=402 loops=1)
               Buckets: 1024  Batches: 1  Memory Usage: 27kB
               Buffers: shared hit=18
               ->  Seq Scan on store  (cost=0.00..22.02 rows=402 width=15) (actual time=0.047..0.695 rows=402 loops=1)
                     Buffers: shared hit=18
 Planning:
   Buffers: shared hit=460
 Planning Time: 4.752 ms
 Execution Time: 75966.748 ms
(54 rows)

