                                                                            QUERY PLAN                                                                            
------------------------------------------------------------------------------------------------------------------------------------------------------------------
 Aggregate  (cost=9620136.06..9620136.07 rows=1 width=40) (actual time=77056.204..77056.210 rows=1 loops=1)
   Buffers: shared hit=675645 read=5135243
   ->  Nested Loop  (cost=2571.53..9620136.03 rows=4 width=14) (actual time=12030.363..77056.177 rows=11 loops=1)
         Join Filter: ("substring"((customer_address.ca_zip)::text, 1, 5) <> "substring"((store.s_zip)::text, 1, 5))
         Buffers: shared hit=675645 read=5135243
         ->  Nested Loop  (cost=2571.38..9620113.05 rows=4 width=29) (actual time=12030.342..77056.004 rows=11 loops=1)
               Buffers: shared hit=675623 read=5135243
               ->  Nested Loop  (cost=2570.96..9619164.61 rows=124 width=22) (actual time=12022.735..77025.940 rows=1101 loops=1)
                     Buffers: shared hit=671939 read=5134523
                     ->  Nested Loop  (cost=2570.53..9613488.04 rows=742 width=22) (actual time=12020.526..76838.141 rows=6410 loops=1)
                           Buffers: shared hit=646586 read=5134516
                           ->  Hash Join  (cost=2570.11..9545241.03 rows=8938 width=18) (actual time=12020.243..73540.330 rows=153519 loops=1)
                                 Hash Cond: (store_sales.ss_sold_date_sk = date_dim.d_date_sk)
                                 Buffers: shared hit=40096 read=5126930
                                 ->  Seq Scan on store_sales  (cost=0.00..9485539.52 rows=21763138 width=22) (actual time=0.316..72044.932 rows=21807357 loops=1)
                                       Filter: ((ss_wholesale_cost >= '17'::numeric) AND (ss_wholesale_cost <= '37'::numeric))
                                       Rows Removed by Filter: 266189667
                                       Buffers: shared hit=38623 read=5126929
                                 ->  Hash  (cost=2569.73..2569.73 rows=30 width=4) (actual time=11.506..11.507 rows=31 loops=1)
                                       Buckets: 1024  Batches: 1  Memory Usage: 10kB
                                       Buffers: shared hit=1473 read=1
                                       ->  Seq Scan on date_dim  (cost=0.00..2569.73 rows=30 width=4) (actual time=5.678..11.492 rows=31 loops=1)
                                             Filter: ((d_year = 1999) AND (d_moy = 1))
                                             Rows Removed by Filter: 73018
                                             Buffers: shared hit=1473 read=1
                           ->  Index Scan using item_pkey on item  (cost=0.42..7.64 rows=1 width=12) (actual time=0.021..0.021 rows=0 loops=153519)
                                 Index Cond: (i_item_sk = store_sales.ss_item_sk)
                                 Filter: (i_category = 'Home'::bpchar)
                                 Rows Removed by Filter: 1
                                 Buffers: shared hit=606490 read=7586
                     ->  Index Scan using customer_pkey on customer  (cost=0.43..7.65 rows=1 width=8) (actual time=0.029..0.029 rows=0 loops=6410)
                           Index Cond: (c_customer_sk = store_sales.ss_customer_sk)
                           Filter: (c_birth_month = 4)
                           Rows Removed by Filter: 1
                           Buffers: shared hit=25353 read=7
               ->  Index Scan using customer_address_pkey on customer_address  (cost=0.42..7.65 rows=1 width=15) (actual time=0.027..0.027 rows=0 loops=1101)
                     Index Cond: (ca_address_sk = customer.c_current_addr_sk)
                     Filter: (ca_state = 'TN'::bpchar)
                     Rows Removed by Filter: 1
                     Buffers: shared hit=3684 read=720
         ->  Index Scan using store_pkey on store  (cost=0.15..5.72 rows=1 width=15) (actual time=0.009..0.009 rows=1 loops=11)
               Index Cond: (s_store_sk = store_sales.ss_store_sk)
               Buffers: shared hit=22
 Planning:
   Buffers: shared hit=460
 Planning Time: 1.773 ms
 Execution Time: 77056.437 ms
(47 rows)

