                                                                            QUERY PLAN                                                                            
------------------------------------------------------------------------------------------------------------------------------------------------------------------
 Aggregate  (cost=9637448.01..9637448.02 rows=1 width=40) (actual time=75558.300..75558.305 rows=1 loops=1)
   Buffers: shared hit=269178 read=5128416
   ->  Nested Loop  (cost=19688.68..9637448.00 rows=2 width=14) (actual time=31596.402..75558.248 rows=28 loops=1)
         Join Filter: ("substring"((customer_address.ca_zip)::text, 1, 5) <> "substring"((store.s_zip)::text, 1, 5))
         Buffers: shared hit=269178 read=5128416
         ->  Nested Loop  (cost=19688.54..9637436.51 rows=2 width=29) (actual time=31596.384..75557.947 rows=28 loops=1)
               Buffers: shared hit=269122 read=5128416
               ->  Nested Loop  (cost=19688.11..9637046.08 rows=51 width=22) (actual time=31585.707..75537.849 rows=1809 loops=1)
                     Buffers: shared hit=262598 read=5127704
                     ->  Hash Join  (cost=19687.68..9624782.59 rows=1603 width=22) (actual time=31584.433..75066.242 rows=52857 loops=1)
                           Hash Cond: (store_sales.ss_item_sk = item.i_item_sk)
                           Buffers: shared hit=53779 read=5127603
                           ->  Hash Join  (cost=2570.12..9607614.32 rows=19319 width=18) (actual time=31474.728..74798.016 rows=1255256 loops=1)
                                 Hash Cond: (store_sales.ss_sold_date_sk = date_dim.d_date_sk)
                                 Buffers: shared hit=39647 read=5127379
                                 ->  Seq Scan on store_sales  (cost=0.00..9485539.52 rows=45523068 width=22) (actual time=0.065..71859.646 rows=45442997 loops=1)
                                       Filter: ((ss_wholesale_cost >= '35'::numeric) AND (ss_wholesale_cost <= '55'::numeric))
                                       Rows Removed by Filter: 242554027
                                       Buffers: shared hit=38173 read=5127379
                                 ->  Hash  (cost=2569.73..2569.73 rows=31 width=4) (actual time=20.018..20.019 rows=31 loops=1)
                                       Buckets: 1024  Batches: 1  Memory Usage: 10kB
                                       Buffers: shared hit=1474
                                       ->  Seq Scan on date_dim  (cost=0.00..2569.73 rows=31 width=4) (actual time=10.701..20.004 rows=31 loops=1)
                                             Filter: ((d_year = 2000) AND (d_moy = 8))
                                             Rows Removed by Filter: 73018
                                             Buffers: shared hit=1474
                           ->  Hash  (cost=16906.00..16906.00 rows=16925 width=12) (actual time=109.425..109.426 rows=17141 loops=1)
                                 Buckets: 32768  Batches: 1  Memory Usage: 993kB
                                 Buffers: shared hit=14132 read=224
                                 ->  Seq Scan on item  (cost=0.00..16906.00 rows=16925 width=12) (actual time=0.013..105.944 rows=17141 loops=1)
                                       Filter: (i_category = 'Home'::bpchar)
                                       Rows Removed by Filter: 186859
                                       Buffers: shared hit=14132 read=224
                     ->  Index Scan using customer_pkey on customer  (cost=0.43..7.65 rows=1 width=8) (actual time=0.009..0.009 rows=0 loops=52857)
                           Index Cond: (c_customer_sk = store_sales.ss_customer_sk)
                           Filter: (c_birth_month = 6)
                           Rows Removed by Filter: 1
                           Buffers: shared hit=208819 read=101
               ->  Index Scan using customer_address_pkey on customer_address  (cost=0.42..7.66 rows=1 width=15) (actual time=0.011..0.011 rows=0 loops=1809)
                     Index Cond: (ca_address_sk = customer.c_current_addr_sk)
                     Filter: (ca_state = 'IL'::bpchar)
                     Rows Removed by Filter: 1
                     Buffers: shared hit=6524 read=712
         ->  Index Scan using store_pkey on store  (cost=0.15..5.72 rows=1 width=15) (actual time=0.006..0.006 rows=1 loops=28)
               Index Cond: (s_store_sk = store_sales.ss_store_sk)
               Buffers: shared hit=56
 Planning:
   Buffers: shared hit=460
 Planning Time: 4.667 ms
 Execution Time: 75558.840 ms
(50 rows)

