                                                                            QUERY PLAN                                                                            
------------------------------------------------------------------------------------------------------------------------------------------------------------------
 Aggregate  (cost=9622217.16..9622217.17 rows=1 width=40) (actual time=74950.452..74950.458 rows=1 loops=1)
   Buffers: shared hit=252401 read=5125493
   ->  Nested Loop  (cost=19750.21..9622217.14 rows=3 width=14) (actual time=18102.166..74950.376 rows=46 loops=1)
         Join Filter: ("substring"((customer_address.ca_zip)::text, 1, 5) <> "substring"((store.s_zip)::text, 1, 5))
         Rows Removed by Join Filter: 2
         Buffers: shared hit=252401 read=5125493
         ->  Nested Loop  (cost=19750.06..9622199.91 rows=3 width=29) (actual time=18102.145..74949.895 rows=49 loops=1)
               Buffers: shared hit=252305 read=5125493
               ->  Nested Loop  (cost=19749.64..9621442.38 rows=99 width=22) (actual time=18085.826..74910.338 rows=2676 loops=1)
                     Buffers: shared hit=243000 read=5124094
                     ->  Hash Join  (cost=19749.21..9608253.19 rows=1724 width=22) (actual time=18085.242..74344.475 rows=46981 loops=1)
                           Hash Cond: (store_sales.ss_item_sk = item.i_item_sk)
                           Buffers: shared hit=57541 read=5123841
                           ->  Hash Join  (cost=2570.11..9591031.83 rows=16101 width=18) (actual time=17979.067..74156.370 rows=546741 loops=1)
                                 Hash Cond: (store_sales.ss_sold_date_sk = date_dim.d_date_sk)
                                 Buffers: shared hit=43407 read=5123619
                                 ->  Seq Scan on store_sales  (cost=0.00..9485539.52 rows=39206286 width=22) (actual time=0.066..71612.883 rows=39350281 loops=1)
                                       Filter: ((ss_wholesale_cost >= '30'::numeric) AND (ss_wholesale_cost <= '50'::numeric))
                                       Rows Removed by Filter: 248646743
                                       Buffers: shared hit=41933 read=5123619
                                 ->  Hash  (cost=2569.73..2569.73 rows=30 width=4) (actual time=19.843..19.844 rows=30 loops=1)
                                       Buckets: 1024  Batches: 1  Memory Usage: 10kB
                                       Buffers: shared hit=1474
                                       ->  Seq Scan on date_dim  (cost=0.00..2569.73 rows=30 width=4) (actual time=9.999..19.831 rows=30 loops=1)
                                             Filter: ((d_year = 1999) AND (d_moy = 6))
                                             Rows Removed by Filter: 73019
                                             Buffers: shared hit=1474
                           ->  Hash  (cost=16906.00..16906.00 rows=21848 width=12) (actual time=106.045..106.046 rows=21811 loops=1)
                                 Buckets: 32768  Batches: 1  Memory Usage: 1193kB
                                 Buffers: shared hit=14134 read=222
                                 ->  Seq Scan on item  (cost=0.00..16906.00 rows=21848 width=12) (actual time=0.024..102.838 rows=21811 loops=1)
                                       Filter: (i_category = 'Sports'::bpchar)
                                       Rows Removed by Filter: 182189
                                       Buffers: shared hit=14134 read=222
                     ->  Index Scan using customer_pkey on customer  (cost=0.43..7.65 rows=1 width=8) (actual time=0.012..0.012 rows=0 loops=46981)
                           Index Cond: (c_customer_sk = store_sales.ss_customer_sk)
                           Filter: (c_birth_month = 3)
                           Rows Removed by Filter: 1
                           Buffers: shared hit=185459 read=253
               ->  Index Scan using customer_address_pkey on customer_address  (cost=0.42..7.65 rows=1 width=15) (actual time=0.015..0.015 rows=0 loops=2676)
                     Index Cond: (ca_address_sk = customer.c_current_addr_sk)
                     Filter: (ca_state = 'NE'::bpchar)
                     Rows Removed by Filter: 1
                     Buffers: shared hit=9305 read=1399
         ->  Index Scan using store_pkey on store  (cost=0.15..5.72 rows=1 width=15) (actual time=0.006..0.006 rows=1 loops=49)
               Index Cond: (s_store_sk = store_sales.ss_store_sk)
               Buffers: shared hit=96
 Planning:
   Buffers: shared hit=460
 Planning Time: 4.698 ms
 Execution Time: 74950.974 ms
(51 rows)

