                                                                            QUERY PLAN                                                                            
------------------------------------------------------------------------------------------------------------------------------------------------------------------
 Aggregate  (cost=9633273.53..9633273.54 rows=1 width=40) (actual time=78436.179..78436.187 rows=1 loops=1)
   Buffers: shared hit=843696 read=5150772
   ->  Hash Join  (cost=19922.98..9633273.48 rows=7 width=14) (actual time=34727.726..78435.766 rows=404 loops=1)
         Hash Cond: (store_sales.ss_store_sk = store.s_store_sk)
         Join Filter: ("substring"((customer_address.ca_zip)::text, 1, 5) <> "substring"((store.s_zip)::text, 1, 5))
         Rows Removed by Join Filter: 4
         Buffers: shared hit=843696 read=5150772
         ->  Nested Loop  (cost=19895.94..9633246.41 rows=7 width=29) (actual time=34726.150..78433.214 rows=408 loops=1)
               Buffers: shared hit=843680 read=5150770
               ->  Nested Loop  (cost=19895.51..9630316.83 rows=383 width=22) (actual time=34690.463..77895.456 rows=24893 loops=1)
                     Buffers: shared hit=757658 read=5137220
                     ->  Hash Join  (cost=19895.08..9609232.48 rows=2756 width=22) (actual time=34690.063..74757.313 rows=180607 loops=1)
                           Hash Cond: (store_sales.ss_item_sk = item.i_item_sk)
                           Buffers: shared hit=46363 read=5135019
                           ->  Hash Join  (cost=2570.12..9591863.49 rows=16773 width=18) (actual time=34582.126..74466.810 rows=979264 loops=1)
                                 Hash Cond: (store_sales.ss_sold_date_sk = date_dim.d_date_sk)
                                 Buffers: shared hit=32221 read=5134805
                                 ->  Seq Scan on store_sales  (cost=0.00..9485539.52 rows=39523085 width=22) (actual time=0.074..71815.053 rows=40114371 loops=1)
                                       Filter: ((ss_wholesale_cost >= '24'::numeric) AND (ss_wholesale_cost <= '44'::numeric))
                                       Rows Removed by Filter: 247882653
                                       Buffers: shared hit=30747 read=5134805
                                 ->  Hash  (cost=2569.73..2569.73 rows=31 width=4) (actual time=26.294..26.296 rows=31 loops=1)
                                       Buckets: 1024  Batches: 1  Memory Usage: 10kB
                                       Buffers: shared hit=1474
                                       ->  Seq Scan on date_dim  (cost=0.00..2569.73 rows=31 width=4) (actual time=15.542..26.282 rows=31 loops=1)
                                             Filter: ((d_year = 2000) AND (d_moy = 10))
                                             Rows Removed by Filter: 73018
                                             Buffers: shared hit=1474
                           ->  Hash  (cost=16906.00..16906.00 rows=33517 width=12) (actual time=107.686..107.687 rows=33627 loops=1)
                                 Buckets: 65536  Batches: 1  Memory Usage: 1957kB
                                 Buffers: shared hit=14142 read=214
                                 ->  Seq Scan on item  (cost=0.00..16906.00 rows=33517 width=12) (actual time=0.022..102.495 rows=33627 loops=1)
                                       Filter: (i_category = 'Shoes'::bpchar)
                                       Rows Removed by Filter: 170373
                                       Buffers: shared hit=14142 read=214
                     ->  Index Scan using customer_pkey on customer  (cost=0.43..7.65 rows=1 width=8) (actual time=0.017..0.017 rows=0 loops=180607)
                           Index Cond: (c_customer_sk = store_sales.ss_customer_sk)
                           Filter: (c_birth_month = 10)
                           Rows Removed by Filter: 1
                           Buffers: shared hit=711295 read=2201
               ->  Index Scan using customer_address_pkey on customer_address  (cost=0.42..7.65 rows=1 width=15) (actual time=0.021..0.021 rows=0 loops=24893)
                     Index Cond: (ca_address_sk = customer.c_current_addr_sk)
                     Filter: (ca_state = 'FL'::bpchar)
                     Rows Removed by Filter: 1
                     Buffers: shared hit=86022 read=13550
         ->  Hash  (cost=22.02..22.02 rows=402 width=15) (actual time=1.539..1.540 rows=402 loops=1)
               Buckets: 1024  Batches: 1  Memory Usage: 27kB
               Buffers: shared hit=16 read=2
               ->  Seq Scan on store  (cost=0.00..22.02 rows=402 width=15) (actual time=0.038..1.317 rows=402 loops=1)
                     Buffers: shared hit=16 read=2
 Planning:
   Buffers: shared hit=460
 Planning Time: 5.660 ms
 Execution Time: 78436.763 ms
(54 rows)

