                                                                            QUERY PLAN                                                                            
------------------------------------------------------------------------------------------------------------------------------------------------------------------
 Aggregate  (cost=9669369.11..9669369.12 rows=1 width=40) (actual time=76912.264..76912.269 rows=1 loops=1)
   Buffers: shared hit=463987 read=5125487
   ->  Nested Loop  (cost=19790.25..9669369.10 rows=1 width=14) (actual time=45206.358..76912.200 rows=33 loops=1)
         Join Filter: ("substring"((customer_address.ca_zip)::text, 1, 5) <> "substring"((store.s_zip)::text, 1, 5))
         Rows Removed by Join Filter: 1
         Buffers: shared hit=463987 read=5125487
         ->  Nested Loop  (cost=19790.10..9669363.36 rows=1 width=29) (actual time=45206.334..76911.109 rows=34 loops=1)
               Buffers: shared hit=463920 read=5125486
               ->  Nested Loop  (cost=19789.68..9669079.69 rows=37 width=22) (actual time=45070.397..76883.795 rows=1503 loops=1)
                     Buffers: shared hit=458729 read=5124665
                     ->  Hash Join  (cost=19789.25..9648102.47 rows=2742 width=22) (actual time=45063.697..75496.250 rows=101766 loops=1)
                           Hash Cond: (store_sales.ss_item_sk = item.i_item_sk)
                           Buffers: shared hit=58606 read=5122776
                           ->  Hash Join  (cost=2570.11..9630824.73 rows=22327 width=18) (actual time=44962.485..75219.414 rows=1142365 loops=1)
                                 Hash Cond: (store_sales.ss_sold_date_sk = date_dim.d_date_sk)
                                 Buffers: shared hit=44463 read=5122563
                                 ->  Seq Scan on store_sales  (cost=0.00..9485539.52 rows=54364643 width=22) (actual time=0.063..71846.582 rows=53574682 loops=1)
                                       Filter: ((ss_wholesale_cost >= '46'::numeric) AND (ss_wholesale_cost <= '66'::numeric))
                                       Rows Removed by Filter: 234422342
                                       Buffers: shared hit=42989 read=5122563
                                 ->  Hash  (cost=2569.73..2569.73 rows=30 width=4) (actual time=19.878..19.878 rows=31 loops=1)
                                       Buckets: 1024  Batches: 1  Memory Usage: 10kB
                                       Buffers: shared hit=1474
                                       ->  Seq Scan on date_dim  (cost=0.00..2569.73 rows=30 width=4) (actual time=10.187..19.864 rows=31 loops=1)
                                             Filter: ((d_year = 2001) AND (d_moy = 5))
                                             Rows Removed by Filter: 73018
                                             Buffers: shared hit=1474
                           ->  Hash  (cost=16906.00..16906.00 rows=25051 width=12) (actual time=101.046..101.046 rows=24688 loops=1)
                                 Buckets: 32768  Batches: 1  Memory Usage: 1317kB
                                 Buffers: shared hit=14143 read=213
                                 ->  Seq Scan on item  (cost=0.00..16906.00 rows=25051 width=12) (actual time=0.013..97.411 rows=24688 loops=1)
                                       Filter: (i_category = 'Books'::bpchar)
                                       Rows Removed by Filter: 179312
                                       Buffers: shared hit=14143 read=213
                     ->  Index Scan using customer_pkey on customer  (cost=0.43..7.65 rows=1 width=8) (actual time=0.013..0.013 rows=0 loops=101766)
                           Index Cond: (c_customer_sk = store_sales.ss_customer_sk)
                           Filter: (c_birth_month = 5)
                           Rows Removed by Filter: 1
                           Buffers: shared hit=400123 read=1889
               ->  Index Scan using customer_address_pkey on customer_address  (cost=0.42..7.67 rows=1 width=15) (actual time=0.018..0.018 rows=0 loops=1503)
                     Index Cond: (ca_address_sk = customer.c_current_addr_sk)
                     Filter: (ca_state = 'MN'::bpchar)
                     Rows Removed by Filter: 1
                     Buffers: shared hit=5191 read=821
         ->  Index Scan using store_pkey on store  (cost=0.15..5.72 rows=1 width=15) (actual time=0.027..0.027 rows=1 loops=34)
               Index Cond: (s_store_sk = store_sales.ss_store_sk)
               Buffers: shared hit=67 read=1
 Planning:
   Buffers: shared hit=460
 Planning Time: 4.966 ms
 Execution Time: 76912.799 ms
(51 rows)

