                                                                            QUERY PLAN                                                                            
------------------------------------------------------------------------------------------------------------------------------------------------------------------
 Aggregate  (cost=9753215.46..9753215.47 rows=1 width=40) (actual time=79067.951..79067.957 rows=1 loops=1)
   Buffers: shared hit=672650 read=5134718
   ->  Nested Loop  (cost=19643.37..9753215.46 rows=1 width=14) (actual time=44276.339..79067.749 rows=154 loops=1)
         Join Filter: ("substring"((customer_address.ca_zip)::text, 1, 5) <> "substring"((store.s_zip)::text, 1, 5))
         Rows Removed by Join Filter: 3
         Buffers: shared hit=672650 read=5134718
         ->  Nested Loop  (cost=19643.23..9753209.71 rows=1 width=29) (actual time=44276.322..79066.270 rows=159 loops=1)
               Buffers: shared hit=672340 read=5134714
               ->  Nested Loop  (cost=19642.80..9752176.72 rows=135 width=22) (actual time=44253.796..78890.644 rows=8500 loops=1)
                     Buffers: shared hit=643094 read=5129960
                     ->  Hash Join  (cost=19642.37..9734305.56 rows=2336 width=22) (actual time=44252.748..76153.982 rows=149665 loops=1)
                           Hash Cond: (store_sales.ss_item_sk = item.i_item_sk)
                           Buffers: shared hit=54420 read=5126962
                           ->  Hash Join  (cost=2570.11..9717139.25 rows=35830 width=18) (actual time=44152.949..75855.433 rows=1328357 loops=1)
                                 Hash Cond: (store_sales.ss_sold_date_sk = date_dim.d_date_sk)
                                 Buffers: shared hit=40277 read=5126749
                                 ->  Seq Scan on store_sales  (cost=0.00..9485539.52 rows=87244546 width=22) (actual time=0.549..70671.351 rows=86810744 loops=1)
                                       Filter: ((ss_wholesale_cost >= '66'::numeric) AND (ss_wholesale_cost <= '86'::numeric))
                                       Rows Removed by Filter: 201186280
                                       Buffers: shared hit=38930 read=5126622
                                 ->  Hash  (cost=2569.73..2569.73 rows=30 width=4) (actual time=21.260..21.261 rows=30 loops=1)
                                       Buckets: 1024  Batches: 1  Memory Usage: 10kB
                                       Buffers: shared hit=1347 read=127
                                       ->  Seq Scan on date_dim  (cost=0.00..2569.73 rows=30 width=4) (actual time=11.771..21.247 rows=30 loops=1)
                                             Filter: ((d_year = 2001) AND (d_moy = 4))
                                             Rows Removed by Filter: 73019
                                             Buffers: shared hit=1347 read=127
                           ->  Hash  (cost=16906.00..16906.00 rows=13301 width=12) (actual time=99.715..99.715 rows=13933 loops=1)
                                 Buckets: 16384  Batches: 1  Memory Usage: 727kB
                                 Buffers: shared hit=14143 read=213
                                 ->  Seq Scan on item  (cost=0.00..16906.00 rows=13301 width=12) (actual time=0.011..97.635 rows=13933 loops=1)
                                       Filter: (i_category = 'Men'::bpchar)
                                       Rows Removed by Filter: 190067
                                       Buffers: shared hit=14143 read=213
                     ->  Index Scan using customer_pkey on customer  (cost=0.43..7.65 rows=1 width=8) (actual time=0.018..0.018 rows=0 loops=149665)
                           Index Cond: (c_customer_sk = store_sales.ss_customer_sk)
                           Filter: (c_birth_month = 3)
                           Rows Removed by Filter: 1
                           Buffers: shared hit=588674 read=2998
               ->  Index Scan using customer_address_pkey on customer_address  (cost=0.42..7.65 rows=1 width=15) (actual time=0.020..0.020 rows=0 loops=8500)
                     Index Cond: (ca_address_sk = customer.c_current_addr_sk)
                     Filter: (ca_state = 'CT'::bpchar)
                     Rows Removed by Filter: 1
                     Buffers: shared hit=29246 read=4754
         ->  Index Scan using store_pkey on store  (cost=0.15..5.72 rows=1 width=15) (actual time=0.006..0.006 rows=1 loops=159)
               Index Cond: (s_store_sk = store_sales.ss_store_sk)
               Buffers: shared hit=310 read=4
 Planning:
   Buffers: shared hit=460
 Planning Time: 4.480 ms
 Execution Time: 79068.450 ms
(51 rows)

