                                                                            QUERY PLAN                                                                            
------------------------------------------------------------------------------------------------------------------------------------------------------------------
 Aggregate  (cost=9791463.16..9791463.17 rows=1 width=40) (actual time=89561.669..89561.676 rows=1 loops=1)
   Buffers: shared hit=1913285 read=5141635
   ->  Hash Join  (cost=19922.98..9791463.11 rows=7 width=14) (actual time=32913.584..89561.194 rows=380 loops=1)
         Hash Cond: (store_sales.ss_store_sk = store.s_store_sk)
         Join Filter: ("substring"((customer_address.ca_zip)::text, 1, 5) <> "substring"((store.s_zip)::text, 1, 5))
         Rows Removed by Join Filter: 13
         Buffers: shared hit=1913285 read=5141635
         ->  Nested Loop  (cost=19895.94..9791436.05 rows=7 width=29) (actual time=32912.177..89558.743 rows=397 loops=1)
               Buffers: shared hit=1913269 read=5141633
               ->  Nested Loop  (cost=19895.51..9789530.25 rows=249 width=22) (actual time=32839.393..89176.249 rows=17978 loops=1)
                     Buffers: shared hit=1850082 read=5132908
                     ->  Hash Join  (cost=19895.08..9741570.35 rows=6269 width=22) (actual time=32837.788..80239.858 rows=455943 loops=1)
                           Hash Cond: (store_sales.ss_item_sk = item.i_item_sk)
                           Buffers: shared hit=48479 read=5132903
                           ->  Hash Join  (cost=2570.12..9724145.23 rows=38157 width=18) (actual time=32725.778..79606.917 rows=2472622 loops=1)
                                 Hash Cond: (store_sales.ss_sold_date_sk = date_dim.d_date_sk)
                                 Buffers: shared hit=34666 read=5132360
                                 ->  Seq Scan on store_sales  (cost=0.00..9485539.52 rows=89913339 width=22) (actual time=0.160..73934.482 rows=89530603 loops=1)
                                       Filter: ((ss_wholesale_cost >= '55'::numeric) AND (ss_wholesale_cost <= '75'::numeric))
                                       Rows Removed by Filter: 198466421
                                       Buffers: shared hit=33319 read=5132233
                                 ->  Hash  (cost=2569.73..2569.73 rows=31 width=4) (actual time=19.560..19.561 rows=31 loops=1)
                                       Buckets: 1024  Batches: 1  Memory Usage: 10kB
                                       Buffers: shared hit=1347 read=127
                                       ->  Seq Scan on date_dim  (cost=0.00..2569.73 rows=31 width=4) (actual time=10.135..19.549 rows=31 loops=1)
                                             Filter: ((d_year = 2000) AND (d_moy = 8))
                                             Rows Removed by Filter: 73018
                                             Buffers: shared hit=1347 read=127
                           ->  Hash  (cost=16906.00..16906.00 rows=33517 width=12) (actual time=111.731..111.732 rows=33627 loops=1)
                                 Buckets: 65536  Batches: 1  Memory Usage: 1957kB
                                 Buffers: shared hit=13813 read=543
                                 ->  Seq Scan on item  (cost=0.00..16906.00 rows=33517 width=12) (actual time=0.028..105.915 rows=33627 loops=1)
                                       Filter: (i_category = 'Shoes'::bpchar)
                                       Rows Removed by Filter: 170373
                                       Buffers: shared hit=13813 read=543
                     ->  Index Scan using customer_pkey on customer  (cost=0.43..7.65 rows=1 width=8) (actual time=0.019..0.019 rows=0 loops=455943)
                           Index Cond: (c_customer_sk = store_sales.ss_customer_sk)
                           Filter: (c_birth_month = 9)
                           Rows Removed by Filter: 1
                           Buffers: shared hit=1801603 read=5
               ->  Index Scan using customer_address_pkey on customer_address  (cost=0.42..7.65 rows=1 width=15) (actual time=0.021..0.021 rows=0 loops=17978)
                     Index Cond: (ca_address_sk = customer.c_current_addr_sk)
                     Filter: (ca_state = 'NE'::bpchar)
                     Rows Removed by Filter: 1
                     Buffers: shared hit=63187 read=8725
         ->  Hash  (cost=22.02..22.02 rows=402 width=15) (actual time=1.373..1.374 rows=402 loops=1)
               Buckets: 1024  Batches: 1  Memory Usage: 27kB
               Buffers: shared hit=16 read=2
               ->  Seq Scan on store  (cost=0.00..22.02 rows=402 width=15) (actual time=0.028..1.233 rows=402 loops=1)
                     Buffers: shared hit=16 read=2
 Planning:
   Buffers: shared hit=460
 Planning Time: 4.711 ms
 Execution Time: 89562.215 ms
(54 rows)

