                                                                            QUERY PLAN                                                                            
------------------------------------------------------------------------------------------------------------------------------------------------------------------
 Aggregate  (cost=9751359.37..9751359.38 rows=1 width=40) (actual time=79816.623..79816.629 rows=1 loops=1)
   Buffers: shared hit=673954 read=5144006
   ->  Hash Join  (cost=19641.47..9751359.32 rows=7 width=14) (actual time=20694.546..79816.308 rows=276 loops=1)
         Hash Cond: (store_sales.ss_store_sk = store.s_store_sk)
         Join Filter: ("substring"((customer_address.ca_zip)::text, 1, 5) <> "substring"((store.s_zip)::text, 1, 5))
         Rows Removed by Join Filter: 1
         Buffers: shared hit=673954 read=5144006
         ->  Nested Loop  (cost=19614.42..9751332.25 rows=7 width=29) (actual time=20693.902..79814.970 rows=278 loops=1)
               Buffers: shared hit=673936 read=5144006
               ->  Nested Loop  (cost=19614.00..9749549.95 rows=233 width=22) (actual time=20683.624..79511.580 rows=16930 loops=1)
                     Buffers: shared hit=617098 read=5133124
                     ->  Hash Join  (cost=19613.57..9734279.90 rows=1996 width=22) (actual time=20683.569..77266.097 rows=143935 loops=1)
                           Hash Cond: (store_sales.ss_item_sk = item.i_item_sk)
                           Buffers: shared hit=48261 read=5133121
                           ->  Hash Join  (cost=2570.12..9717139.26 rows=37024 width=18) (actual time=20586.313..76916.730 rows=2109430 loops=1)
                                 Hash Cond: (store_sales.ss_sold_date_sk = date_dim.d_date_sk)
                                 Buffers: shared hit=34107 read=5132919
                                 ->  Seq Scan on store_sales  (cost=0.00..9485539.52 rows=87244546 width=22) (actual time=0.034..71560.517 rows=86810744 loops=1)
                                       Filter: ((ss_wholesale_cost >= '66'::numeric) AND (ss_wholesale_cost <= '86'::numeric))
                                       Rows Removed by Filter: 201186280
                                       Buffers: shared hit=32633 read=5132919
                                 ->  Hash  (cost=2569.73..2569.73 rows=31 width=4) (actual time=27.852..27.853 rows=31 loops=1)
                                       Buckets: 1024  Batches: 1  Memory Usage: 10kB
                                       Buffers: shared hit=1474
                                       ->  Seq Scan on date_dim  (cost=0.00..2569.73 rows=31 width=4) (actual time=9.890..27.836 rows=31 loops=1)
                                             Filter: ((d_year = 1999) AND (d_moy = 8))
                                             Rows Removed by Filter: 73018
                                             Buffers: shared hit=1474
                           ->  Hash  (cost=16906.00..16906.00 rows=10996 width=12) (actual time=97.139..97.140 rows=11037 loops=1)
                                 Buckets: 16384  Batches: 1  Memory Usage: 603kB
                                 Buffers: shared hit=14154 read=202
                                 ->  Seq Scan on item  (cost=0.00..16906.00 rows=10996 width=12) (actual time=0.034..95.456 rows=11037 loops=1)
                                       Filter: (i_category = 'Women'::bpchar)
                                       Rows Removed by Filter: 192963
                                       Buffers: shared hit=14154 read=202
                     ->  Index Scan using customer_pkey on customer  (cost=0.43..7.65 rows=1 width=8) (actual time=0.015..0.015 rows=0 loops=143935)
                           Index Cond: (c_customer_sk = store_sales.ss_customer_sk)
                           Filter: (c_birth_month = 8)
                           Rows Removed by Filter: 1
                           Buffers: shared hit=568837 read=3
               ->  Index Scan using customer_address_pkey on customer_address  (cost=0.42..7.65 rows=1 width=15) (actual time=0.018..0.018 rows=0 loops=16930)
                     Index Cond: (ca_address_sk = customer.c_current_addr_sk)
                     Filter: (ca_state = 'IL'::bpchar)
                     Rows Removed by Filter: 1
                     Buffers: shared hit=56838 read=10882
         ->  Hash  (cost=22.02..22.02 rows=402 width=15) (actual time=0.617..0.618 rows=402 loops=1)
               Buckets: 1024  Batches: 1  Memory Usage: 27kB
               Buffers: shared hit=18
               ->  Seq Scan on store  (cost=0.00..22.02 rows=402 width=15) (actual time=0.024..0.495 rows=402 loops=1)
                     Buffers: shared hit=18
 Planning:
   Buffers: shared hit=460
 Planning Time: 4.664 ms
 Execution Time: 79817.070 ms
(54 rows)

