                                                                            QUERY PLAN                                                                            
------------------------------------------------------------------------------------------------------------------------------------------------------------------
 Aggregate  (cost=9684621.66..9684621.67 rows=1 width=40) (actual time=96003.524..96003.528 rows=1 loops=1)
   Buffers: shared hit=3430923 read=5127375
   ->  Nested Loop  (cost=2571.54..9684621.65 rows=1 width=14) (actual time=20239.153..96003.377 rows=56 loops=1)
         Join Filter: ("substring"((customer_address.ca_zip)::text, 1, 5) <> "substring"((store.s_zip)::text, 1, 5))
         Rows Removed by Join Filter: 2
         Buffers: shared hit=3430923 read=5127375
         ->  Nested Loop  (cost=2571.39..9684615.91 rows=1 width=29) (actual time=20239.124..96002.473 rows=58 loops=1)
               Buffers: shared hit=3430807 read=5127375
               ->  Nested Loop  (cost=2570.97..9684141.55 rows=62 width=22) (actual time=20212.688..95885.899 rows=4046 loops=1)
                     Buffers: shared hit=3417420 read=5124578
                     ->  Nested Loop  (cost=2570.54..9677309.79 rows=893 width=22) (actual time=20211.394..94428.744 rows=58844 loops=1)
                           Buffers: shared hit=3185187 read=5124447
                           ->  Hash Join  (cost=2570.12..9572786.09 rows=13689 width=18) (actual time=20211.100..76292.106 rows=785652 loops=1)
                                 Hash Cond: (store_sales.ss_sold_date_sk = date_dim.d_date_sk)
                                 Buffers: shared hit=43804 read=5123222
                                 ->  Seq Scan on store_sales  (cost=0.00..9485539.52 rows=32255907 width=22) (actual time=0.059..73934.626 rows=32336064 loops=1)
                                       Filter: ((ss_wholesale_cost >= '20'::numeric) AND (ss_wholesale_cost <= '40'::numeric))
                                       Rows Removed by Filter: 255660960
                                       Buffers: shared hit=42330 read=5123222
                                 ->  Hash  (cost=2569.73..2569.73 rows=31 width=4) (actual time=20.529..20.530 rows=31 loops=1)
                                       Buckets: 1024  Batches: 1  Memory Usage: 10kB
                                       Buffers: shared hit=1474
                                       ->  Seq Scan on date_dim  (cost=0.00..2569.73 rows=31 width=4) (actual time=10.862..20.511 rows=31 loops=1)
                                             Filter: ((d_year = 1999) AND (d_moy = 8))
                                             Rows Removed by Filter: 73018
                                             Buffers: shared hit=1474
                           ->  Index Scan using item_pkey on item  (cost=0.42..7.64 rows=1 width=12) (actual time=0.023..0.023 rows=0 loops=785652)
                                 Index Cond: (i_item_sk = store_sales.ss_item_sk)
                                 Filter: (i_category = 'Men'::bpchar)
                                 Rows Removed by Filter: 1
                                 Buffers: shared hit=3141383 read=1225
                     ->  Index Scan using customer_pkey on customer  (cost=0.43..7.65 rows=1 width=8) (actual time=0.024..0.024 rows=0 loops=58844)
                           Index Cond: (c_customer_sk = store_sales.ss_customer_sk)
                           Filter: (c_birth_month = 12)
                           Rows Removed by Filter: 1
                           Buffers: shared hit=232233 read=131
               ->  Index Scan using customer_address_pkey on customer_address  (cost=0.42..7.65 rows=1 width=15) (actual time=0.028..0.028 rows=0 loops=4046)
                     Index Cond: (ca_address_sk = customer.c_current_addr_sk)
                     Filter: (ca_state = 'WA'::bpchar)
                     Rows Removed by Filter: 1
                     Buffers: shared hit=13387 read=2797
         ->  Index Scan using store_pkey on store  (cost=0.15..5.72 rows=1 width=15) (actual time=0.009..0.009 rows=1 loops=58)
               Index Cond: (s_store_sk = store_sales.ss_store_sk)
               Buffers: shared hit=116
 Planning:
   Buffers: shared hit=460
 Planning Time: 4.525 ms
 Execution Time: 96003.991 ms
(48 rows)

