                                                                            QUERY PLAN                                                                            
------------------------------------------------------------------------------------------------------------------------------------------------------------------
 Aggregate  (cost=9684820.49..9684820.50 rows=1 width=40) (actual time=87967.678..87967.683 rows=1 loops=1)
   Buffers: shared hit=2411287 read=5125769
   ->  Nested Loop  (cost=2571.54..9684820.48 rows=1 width=14) (actual time=6832.096..87967.502 rows=75 loops=1)
         Join Filter: ("substring"((customer_address.ca_zip)::text, 1, 5) <> "substring"((store.s_zip)::text, 1, 5))
         Buffers: shared hit=2411287 read=5125769
         ->  Nested Loop  (cost=2571.39..9684814.74 rows=1 width=29) (actual time=6832.067..87966.337 rows=75 loops=1)
               Buffers: shared hit=2411138 read=5125768
               ->  Nested Loop  (cost=2570.97..9684141.55 rows=88 width=22) (actual time=6801.377..87854.820 rows=4018 loops=1)
                     Buffers: shared hit=2397982 read=5122852
                     ->  Nested Loop  (cost=2570.54..9677309.79 rows=893 width=22) (actual time=6801.344..86797.816 rows=41290 loops=1)
                           Buffers: shared hit=2234894 read=5122712
                           ->  Hash Join  (cost=2570.12..9572786.09 rows=13689 width=18) (actual time=6788.306..74418.105 rows=547645 loops=1)
                                 Hash Cond: (store_sales.ss_sold_date_sk = date_dim.d_date_sk)
                                 Buffers: shared hit=44320 read=5122706
                                 ->  Seq Scan on store_sales  (cost=0.00..9485539.52 rows=32255907 width=22) (actual time=0.029..72179.512 rows=32336064 loops=1)
                                       Filter: ((ss_wholesale_cost >= '19'::numeric) AND (ss_wholesale_cost <= '39'::numeric))
                                       Rows Removed by Filter: 255660960
                                       Buffers: shared hit=42846 read=5122706
                                 ->  Hash  (cost=2569.73..2569.73 rows=31 width=4) (actual time=10.639..10.640 rows=31 loops=1)
                                       Buckets: 1024  Batches: 1  Memory Usage: 10kB
                                       Buffers: shared hit=1474
                                       ->  Seq Scan on date_dim  (cost=0.00..2569.73 rows=31 width=4) (actual time=5.231..10.628 rows=31 loops=1)
                                             Filter: ((d_year = 1998) AND (d_moy = 7))
                                             Rows Removed by Filter: 73018
                                             Buffers: shared hit=1474
                           ->  Index Scan using item_pkey on item  (cost=0.42..7.64 rows=1 width=12) (actual time=0.022..0.022 rows=0 loops=547645)
                                 Index Cond: (i_item_sk = store_sales.ss_item_sk)
                                 Filter: (i_category = 'Men'::bpchar)
                                 Rows Removed by Filter: 1
                                 Buffers: shared hit=2190574 read=6
                     ->  Index Scan using customer_pkey on customer  (cost=0.43..7.65 rows=1 width=8) (actual time=0.025..0.025 rows=0 loops=41290)
                           Index Cond: (c_customer_sk = store_sales.ss_customer_sk)
                           Filter: (c_birth_month = 1)
                           Rows Removed by Filter: 1
                           Buffers: shared hit=163088 read=140
               ->  Index Scan using customer_address_pkey on customer_address  (cost=0.42..7.65 rows=1 width=15) (actual time=0.027..0.027 rows=0 loops=4018)
                     Index Cond: (ca_address_sk = customer.c_current_addr_sk)
                     Filter: (ca_state = 'OR'::bpchar)
                     Rows Removed by Filter: 1
                     Buffers: shared hit=13156 read=2916
         ->  Index Scan using store_pkey on store  (cost=0.15..5.72 rows=1 width=15) (actual time=0.009..0.009 rows=1 loops=75)
               Index Cond: (s_store_sk = store_sales.ss_store_sk)
               Buffers: shared hit=149 read=1
 Planning:
   Buffers: shared hit=460
 Planning Time: 1.778 ms
 Execution Time: 87967.912 ms
(47 rows)

