                                                                             QUERY PLAN                                                                              
---------------------------------------------------------------------------------------------------------------------------------------------------------------------
 Aggregate  (cost=9723490.07..9723490.08 rows=1 width=40) (actual time=95791.765..95791.770 rows=1 loops=1)
   Buffers: shared hit=3318231 read=5143639
   ->  Nested Loop  (cost=2571.54..9723490.06 rows=1 width=14) (actual time=64127.348..95791.616 rows=59 loops=1)
         Join Filter: ("substring"((customer_address.ca_zip)::text, 1, 5) <> "substring"((store.s_zip)::text, 1, 5))
         Rows Removed by Join Filter: 1
         Buffers: shared hit=3318231 read=5143639
         ->  Nested Loop  (cost=2571.39..9723484.31 rows=1 width=29) (actual time=64127.311..95790.643 rows=60 loops=1)
               Buffers: shared hit=3318112 read=5143638
               ->  Nested Loop  (cost=2570.97..9723369.78 rows=15 width=25) (actual time=64032.701..95772.667 rows=485 loops=1)
                     Buffers: shared hit=3316172 read=5143638
                     ->  Nested Loop  (cost=2570.55..9718318.26 rows=660 width=18) (actual time=63964.171..94941.564 rows=31876 loops=1)
                           Buffers: shared hit=3197707 read=5134599
                           ->  Hash Join  (cost=2570.12..9591031.84 rows=16638 width=18) (actual time=63963.822..76201.385 rows=800942 loops=1)
                                 Hash Cond: (store_sales.ss_sold_date_sk = date_dim.d_date_sk)
                                 Buffers: shared hit=33652 read=5133374
                                 ->  Seq Scan on store_sales  (cost=0.00..9485539.52 rows=39206286 width=22) (actual time=0.071..73443.914 rows=39350281 loops=1)
                                       Filter: ((ss_wholesale_cost >= '31'::numeric) AND (ss_wholesale_cost <= '51'::numeric))
                                       Rows Removed by Filter: 248646743
                                       Buffers: shared hit=32178 read=5133374
                                 ->  Hash  (cost=2569.73..2569.73 rows=31 width=4) (actual time=19.662..19.662 rows=31 loops=1)
                                       Buckets: 1024  Batches: 1  Memory Usage: 10kB
                                       Buffers: shared hit=1474
                                       ->  Seq Scan on date_dim  (cost=0.00..2569.73 rows=31 width=4) (actual time=11.988..19.643 rows=31 loops=1)
                                             Filter: ((d_year = 2002) AND (d_moy = 10))
                                             Rows Removed by Filter: 73018
                                             Buffers: shared hit=1474
                           ->  Index Scan using customer_pkey on customer  (cost=0.43..7.65 rows=1 width=8) (actual time=0.023..0.023 rows=0 loops=800942)
                                 Index Cond: (c_customer_sk = store_sales.ss_customer_sk)
                                 Filter: (c_birth_month = 9)
                                 Rows Removed by Filter: 1
                                 Buffers: shared hit=3164055 read=1225
                     ->  Index Scan using customer_address_pkey on customer_address  (cost=0.42..7.65 rows=1 width=15) (actual time=0.026..0.026 rows=0 loops=31876)
                           Index Cond: (ca_address_sk = customer.c_current_addr_sk)
                           Filter: (ca_state = 'OK'::bpchar)
                           Rows Removed by Filter: 1
                           Buffers: shared hit=118465 read=9039
               ->  Index Scan using item_pkey on item  (cost=0.42..7.64 rows=1 width=12) (actual time=0.036..0.036 rows=0 loops=485)
                     Index Cond: (i_item_sk = store_sales.ss_item_sk)
                     Filter: (i_category = 'Men'::bpchar)
                     Rows Removed by Filter: 1
                     Buffers: shared hit=1940
         ->  Index Scan using store_pkey on store  (cost=0.15..5.72 rows=1 width=15) (actual time=0.009..0.009 rows=1 loops=60)
               Index Cond: (s_store_sk = store_sales.ss_store_sk)
               Buffers: shared hit=119 read=1
 Planning:
   Buffers: shared hit=460
 Planning Time: 6.067 ms
 Execution Time: 95792.283 ms
(48 rows)

