                                                                            QUERY PLAN                                                                            
------------------------------------------------------------------------------------------------------------------------------------------------------------------
 Aggregate  (cost=9780852.41..9780852.42 rows=1 width=40) (actual time=78996.684..78996.690 rows=1 loops=1)
   Buffers: shared hit=359930 read=5131486
   ->  Hash Join  (cost=19817.16..9780852.31 rows=14 width=14) (actual time=54751.385..78996.567 rows=115 loops=1)
         Hash Cond: (store_sales.ss_store_sk = store.s_store_sk)
         Join Filter: ("substring"((customer_address.ca_zip)::text, 1, 5) <> "substring"((store.s_zip)::text, 1, 5))
         Rows Removed by Join Filter: 3
         Buffers: shared hit=359930 read=5131486
         ->  Nested Loop  (cost=19790.11..9780825.23 rows=14 width=29) (actual time=54749.289..78994.197 rows=119 loops=1)
               Buffers: shared hit=359914 read=5131484
               ->  Nested Loop  (cost=19789.69..9777313.95 rows=459 width=22) (actual time=54740.150..78863.611 rows=6995 loops=1)
                     Buffers: shared hit=335165 read=5128253
                     ->  Hash Join  (cost=19789.26..9741464.53 rows=4686 width=22) (actual time=54739.441..77595.260 rows=71380 loops=1)
                           Hash Cond: (store_sales.ss_item_sk = item.i_item_sk)
                           Buffers: shared hit=53160 read=5128222
                           ->  Hash Join  (cost=2570.12..9724145.23 rows=38157 width=18) (actual time=54609.685..77346.561 rows=800440 loops=1)
                                 Hash Cond: (store_sales.ss_sold_date_sk = date_dim.d_date_sk)
                                 Buffers: shared hit=39113 read=5127913
                                 ->  Seq Scan on store_sales  (cost=0.00..9485539.52 rows=89913339 width=22) (actual time=0.074..72089.047 rows=89530603 loops=1)
                                       Filter: ((ss_wholesale_cost >= '55'::numeric) AND (ss_wholesale_cost <= '75'::numeric))
                                       Rows Removed by Filter: 198466421
                                       Buffers: shared hit=37766 read=5127786
                                 ->  Hash  (cost=2569.73..2569.73 rows=31 width=4) (actual time=26.072..26.073 rows=31 loops=1)
                                       Buckets: 1024  Batches: 1  Memory Usage: 10kB
                                       Buffers: shared hit=1347 read=127
                                       ->  Seq Scan on date_dim  (cost=0.00..2569.73 rows=31 width=4) (actual time=15.577..26.058 rows=31 loops=1)
                                             Filter: ((d_year = 2001) AND (d_moy = 10))
                                             Rows Removed by Filter: 73018
                                             Buffers: shared hit=1347 read=127
                           ->  Hash  (cost=16906.00..16906.00 rows=25051 width=12) (actual time=129.620..129.621 rows=24688 loops=1)
                                 Buckets: 32768  Batches: 1  Memory Usage: 1317kB
                                 Buffers: shared hit=14047 read=309
                                 ->  Seq Scan on item  (cost=0.00..16906.00 rows=25051 width=12) (actual time=0.014..124.006 rows=24688 loops=1)
                                       Filter: (i_category = 'Books'::bpchar)
                                       Rows Removed by Filter: 179312
                                       Buffers: shared hit=14047 read=309
                     ->  Index Scan using customer_pkey on customer  (cost=0.43..7.65 rows=1 width=8) (actual time=0.018..0.018 rows=0 loops=71380)
                           Index Cond: (c_customer_sk = store_sales.ss_customer_sk)
                           Filter: (c_birth_month = 2)
                           Rows Removed by Filter: 1
                           Buffers: shared hit=282005 read=31
               ->  Index Scan using customer_address_pkey on customer_address  (cost=0.42..7.65 rows=1 width=15) (actual time=0.018..0.018 rows=0 loops=6995)
                     Index Cond: (ca_address_sk = customer.c_current_addr_sk)
                     Filter: (ca_state = 'IL'::bpchar)
                     Rows Removed by Filter: 1
                     Buffers: shared hit=24749 read=3231
         ->  Hash  (cost=22.02..22.02 rows=402 width=15) (actual time=2.061..2.062 rows=402 loops=1)
               Buckets: 1024  Batches: 1  Memory Usage: 27kB
               Buffers: shared hit=16 read=2
               ->  Seq Scan on store  (cost=0.00..22.02 rows=402 width=15) (actual time=0.036..1.838 rows=402 loops=1)
                     Buffers: shared hit=16 read=2
 Planning:
   Buffers: shared hit=460
 Planning Time: 5.365 ms
 Execution Time: 78997.222 ms
(54 rows)

