                                                                            QUERY PLAN                                                                            
------------------------------------------------------------------------------------------------------------------------------------------------------------------
 Aggregate  (cost=9672240.44..9672240.45 rows=1 width=40) (actual time=75549.460..75549.466 rows=1 loops=1)
   Buffers: shared hit=264510 read=5126246
   ->  Nested Loop  (cost=19811.93..9672240.41 rows=4 width=14) (actual time=52761.665..75549.400 rows=43 loops=1)
         Join Filter: ("substring"((customer_address.ca_zip)::text, 1, 5) <> "substring"((store.s_zip)::text, 1, 5))
         Buffers: shared hit=264510 read=5126246
         ->  Nested Loop  (cost=19811.79..9672217.44 rows=4 width=29) (actual time=52761.647..75548.997 rows=43 loops=1)
               Buffers: shared hit=264424 read=5126246
               ->  Nested Loop  (cost=19811.36..9671298.98 rows=120 width=22) (actual time=52760.735..75511.435 rows=1951 loops=1)
                     Buffers: shared hit=257480 read=5125386
                     ->  Hash Join  (cost=19810.93..9648126.11 rows=3029 width=22) (actual time=52760.199..74754.037 rows=51003 loops=1)
                           Hash Cond: (store_sales.ss_item_sk = item.i_item_sk)
                           Buffers: shared hit=56020 read=5125362
                           ->  Hash Join  (cost=2570.12..9630824.74 rows=23071 width=18) (actual time=52660.474..74577.942 rows=479277 loops=1)
                                 Hash Cond: (store_sales.ss_sold_date_sk = date_dim.d_date_sk)
                                 Buffers: shared hit=41923 read=5125103
                                 ->  Seq Scan on store_sales  (cost=0.00..9485539.52 rows=54364643 width=22) (actual time=0.047..71305.208 rows=53574682 loops=1)
                                       Filter: ((ss_wholesale_cost >= '47'::numeric) AND (ss_wholesale_cost <= '67'::numeric))
                                       Rows Removed by Filter: 234422342
                                       Buffers: shared hit=40449 read=5125103
                                 ->  Hash  (cost=2569.73..2569.73 rows=31 width=4) (actual time=18.680..18.681 rows=31 loops=1)
                                       Buckets: 1024  Batches: 1  Memory Usage: 10kB
                                       Buffers: shared hit=1474
                                       ->  Seq Scan on date_dim  (cost=0.00..2569.73 rows=31 width=4) (actual time=9.698..18.668 rows=31 loops=1)
                                             Filter: ((d_year = 2001) AND (d_moy = 10))
                                             Rows Removed by Filter: 73018
                                             Buffers: shared hit=1474
                           ->  Hash  (cost=16906.00..16906.00 rows=26785 width=12) (actual time=99.526..99.527 rows=26695 loops=1)
                                 Buckets: 32768  Batches: 1  Memory Usage: 1403kB
                                 Buffers: shared hit=14097 read=259
                                 ->  Seq Scan on item  (cost=0.00..16906.00 rows=26785 width=12) (actual time=0.010..95.724 rows=26695 loops=1)
                                       Filter: (i_category = 'Children'::bpchar)
                                       Rows Removed by Filter: 177305
                                       Buffers: shared hit=14097 read=259
                     ->  Index Scan using customer_pkey on customer  (cost=0.43..7.65 rows=1 width=8) (actual time=0.015..0.015 rows=0 loops=51003)
                           Index Cond: (c_customer_sk = store_sales.ss_customer_sk)
                           Filter: (c_birth_month = 9)
                           Rows Removed by Filter: 1
                           Buffers: shared hit=201460 read=24
               ->  Index Scan using customer_address_pkey on customer_address  (cost=0.42..7.65 rows=1 width=15) (actual time=0.019..0.019 rows=0 loops=1951)
                     Index Cond: (ca_address_sk = customer.c_current_addr_sk)
                     Filter: (ca_state = 'IA'::bpchar)
                     Rows Removed by Filter: 1
                     Buffers: shared hit=6944 read=860
         ->  Index Scan using store_pkey on store  (cost=0.15..5.72 rows=1 width=15) (actual time=0.005..0.005 rows=1 loops=43)
               Index Cond: (s_store_sk = store_sales.ss_store_sk)
               Buffers: shared hit=86
 Planning:
   Buffers: shared hit=460
 Planning Time: 4.701 ms
 Execution Time: 75549.882 ms
(50 rows)

