                                                                            QUERY PLAN                                                                            
------------------------------------------------------------------------------------------------------------------------------------------------------------------
 Aggregate  (cost=9744074.76..9744074.77 rows=1 width=40) (actual time=87203.188..87203.194 rows=1 loops=1)
   Buffers: shared hit=1819364 read=5134084
   ->  Hash Join  (cost=20034.17..9744074.71 rows=7 width=14) (actual time=7365.086..87202.789 rows=341 loops=1)
         Hash Cond: (store_sales.ss_store_sk = store.s_store_sk)
         Join Filter: ("substring"((customer_address.ca_zip)::text, 1, 5) <> "substring"((store.s_zip)::text, 1, 5))
         Rows Removed by Join Filter: 3
         Buffers: shared hit=1819364 read=5134084
         ->  Nested Loop  (cost=20007.12..9744047.64 rows=7 width=29) (actual time=7363.443..87200.237 rows=345 loops=1)
               Buffers: shared hit=1819348 read=5134082
               ->  Nested Loop  (cost=20006.70..9742126.54 rows=251 width=22) (actual time=7306.960..86809.314 rows=16775 loops=1)
                     Buffers: shared hit=1756238 read=5130092
                     ->  Hash Join  (cost=20006.27..9693753.50 rows=6323 width=22) (actual time=7306.811..77692.878 rows=431401 loops=1)
                           Hash Cond: (store_sales.ss_item_sk = item.i_item_sk)
                           Buffers: shared hit=51368 read=5130014
                           ->  Hash Join  (cost=2570.12..9676237.52 rows=30412 width=18) (actual time=7189.196..77223.948 rows=1205614 loops=1)
                                 Hash Cond: (store_sales.ss_sold_date_sk = date_dim.d_date_sk)
                                 Buffers: shared hit=37220 read=5129806
                                 ->  Seq Scan on store_sales  (cost=0.00..9485539.52 rows=71663793 width=22) (actual time=0.056..72711.832 rows=71083444 loops=1)
                                       Filter: ((ss_wholesale_cost >= '51'::numeric) AND (ss_wholesale_cost <= '71'::numeric))
                                       Rows Removed by Filter: 216913580
                                       Buffers: shared hit=35746 read=5129806
                                 ->  Hash  (cost=2569.73..2569.73 rows=31 width=4) (actual time=18.832..18.833 rows=31 loops=1)
                                       Buckets: 1024  Batches: 1  Memory Usage: 10kB
                                       Buffers: shared hit=1474
                                       ->  Seq Scan on date_dim  (cost=0.00..2569.73 rows=31 width=4) (actual time=9.904..18.818 rows=31 loops=1)
                                             Filter: ((d_year = 1998) AND (d_moy = 7))
                                             Rows Removed by Filter: 73018
                                             Buffers: shared hit=1474
                           ->  Hash  (cost=16906.00..16906.00 rows=42412 width=12) (actual time=117.384..117.384 rows=42041 loops=1)
                                 Buckets: 65536  Batches: 1  Memory Usage: 2319kB
                                 Buffers: shared hit=14148 read=208
                                 ->  Seq Scan on item  (cost=0.00..16906.00 rows=42412 width=12) (actual time=0.019..111.184 rows=42041 loops=1)
                                       Filter: (i_category = 'Electronics'::bpchar)
                                       Rows Removed by Filter: 161959
                                       Buffers: shared hit=14148 read=208
                     ->  Index Scan using customer_pkey on customer  (cost=0.43..7.65 rows=1 width=8) (actual time=0.021..0.021 rows=0 loops=431401)
                           Index Cond: (c_customer_sk = store_sales.ss_customer_sk)
                           Filter: (c_birth_month = 9)
                           Rows Removed by Filter: 1
                           Buffers: shared hit=1704870 read=78
               ->  Index Scan using customer_address_pkey on customer_address  (cost=0.42..7.65 rows=1 width=15) (actual time=0.023..0.023 rows=0 loops=16775)
                     Index Cond: (ca_address_sk = customer.c_current_addr_sk)
                     Filter: (ca_state = 'OH'::bpchar)
                     Rows Removed by Filter: 1
                     Buffers: shared hit=63110 read=3990
         ->  Hash  (cost=22.02..22.02 rows=402 width=15) (actual time=1.609..1.609 rows=402 loops=1)
               Buckets: 1024  Batches: 1  Memory Usage: 27kB
               Buffers: shared hit=16 read=2
               ->  Seq Scan on store  (cost=0.00..22.02 rows=402 width=15) (actual time=0.031..1.444 rows=402 loops=1)
                     Buffers: shared hit=16 read=2
 Planning:
   Buffers: shared hit=460
 Planning Time: 4.751 ms
 Execution Time: 87203.738 ms
(54 rows)

