                                                                             QUERY PLAN                                                                              
---------------------------------------------------------------------------------------------------------------------------------------------------------------------
 Aggregate  (cost=9732978.80..9732978.81 rows=1 width=40) (actual time=93519.291..93519.297 rows=1 loops=1)
   Buffers: shared hit=2935089 read=5149387
   ->  Nested Loop  (cost=2571.54..9732978.80 rows=1 width=14) (actual time=51102.338..93519.224 rows=24 loops=1)
         Join Filter: ("substring"((customer_address.ca_zip)::text, 1, 5) <> "substring"((store.s_zip)::text, 1, 5))
         Rows Removed by Join Filter: 1
         Buffers: shared hit=2935089 read=5149387
         ->  Nested Loop  (cost=2571.39..9732973.05 rows=1 width=29) (actual time=51102.300..93518.808 rows=26 loops=1)
               Buffers: shared hit=2935039 read=5149387
               ->  Nested Loop  (cost=2570.97..9732889.06 rows=11 width=25) (actual time=51065.247..93475.213 rows=1632 loops=1)
                     Buffers: shared hit=2928707 read=5149191
                     ->  Nested Loop  (cost=2570.55..9720182.71 rows=1661 width=18) (actual time=51062.900..91933.983 rows=64595 loops=1)
                           Buffers: shared hit=2680581 read=5138937
                           ->  Hash Join  (cost=2570.12..9591863.49 rows=16773 width=18) (actual time=51062.824..76355.316 rows=671243 loops=1)
                                 Hash Cond: (store_sales.ss_sold_date_sk = date_dim.d_date_sk)
                                 Buffers: shared hit=28105 read=5138921
                                 ->  Seq Scan on store_sales  (cost=0.00..9485539.52 rows=39523085 width=22) (actual time=0.086..73605.769 rows=40114371 loops=1)
                                       Filter: ((ss_wholesale_cost >= '25'::numeric) AND (ss_wholesale_cost <= '45'::numeric))
                                       Rows Removed by Filter: 247882653
                                       Buffers: shared hit=26631 read=5138921
                                 ->  Hash  (cost=2569.73..2569.73 rows=31 width=4) (actual time=20.432..20.433 rows=31 loops=1)
                                       Buckets: 1024  Batches: 1  Memory Usage: 10kB
                                       Buffers: shared hit=1474
                                       ->  Seq Scan on date_dim  (cost=0.00..2569.73 rows=31 width=4) (actual time=11.506..20.413 rows=31 loops=1)
                                             Filter: ((d_year = 2001) AND (d_moy = 8))
                                             Rows Removed by Filter: 73018
                                             Buffers: shared hit=1474
                           ->  Index Scan using customer_pkey on customer  (cost=0.43..7.65 rows=1 width=8) (actual time=0.023..0.023 rows=0 loops=671243)
                                 Index Cond: (c_customer_sk = store_sales.ss_customer_sk)
                                 Filter: (c_birth_month = 1)
                                 Rows Removed by Filter: 1
                                 Buffers: shared hit=2652476 read=16
                     ->  Index Scan using customer_address_pkey on customer_address  (cost=0.42..7.65 rows=1 width=15) (actual time=0.023..0.023 rows=0 loops=64595)
                           Index Cond: (ca_address_sk = customer.c_current_addr_sk)
                           Filter: (ca_state = 'WY'::bpchar)
                           Rows Removed by Filter: 1
                           Buffers: shared hit=248126 read=10254
               ->  Index Scan using item_pkey on item  (cost=0.42..7.64 rows=1 width=12) (actual time=0.026..0.026 rows=0 loops=1632)
                     Index Cond: (i_item_sk = store_sales.ss_item_sk)
                     Filter: (i_category = 'Jewelry'::bpchar)
                     Rows Removed by Filter: 1
                     Buffers: shared hit=6332 read=196
         ->  Index Scan using store_pkey on store  (cost=0.15..5.72 rows=1 width=15) (actual time=0.009..0.009 rows=1 loops=26)
               Index Cond: (s_store_sk = store_sales.ss_store_sk)
               Buffers: shared hit=50
 Planning:
   Buffers: shared hit=460
 Planning Time: 4.574 ms
 Execution Time: 93519.805 ms
(48 rows)

