                                                                            QUERY PLAN                                                                            
------------------------------------------------------------------------------------------------------------------------------------------------------------------
 Aggregate  (cost=9646099.95..9646099.96 rows=1 width=40) (actual time=70757.093..70757.098 rows=1 loops=1)
   Buffers: shared hit=364550 read=5131568
   ->  Nested Loop  (cost=19811.93..9646099.93 rows=3 width=14) (actual time=17638.031..70757.009 rows=45 loops=1)
         Join Filter: ("substring"((customer_address.ca_zip)::text, 1, 5) <> "substring"((store.s_zip)::text, 1, 5))
         Rows Removed by Join Filter: 3
         Buffers: shared hit=364550 read=5131568
         ->  Nested Loop  (cost=19811.79..9646082.70 rows=3 width=29) (actual time=17638.010..70756.516 rows=49 loops=1)
               Buffers: shared hit=364454 read=5131568
               ->  Nested Loop  (cost=19811.36..9645309.66 rows=101 width=22) (actual time=17628.110..70703.068 rows=2906 loops=1)
                     Buffers: shared hit=353326 read=5131072
                     ->  Hash Join  (cost=19810.93..9625763.04 rows=2555 width=22) (actual time=17626.690..69528.691 rows=76675 loops=1)
                           Hash Cond: (store_sales.ss_item_sk = item.i_item_sk)
                           Buffers: shared hit=50311 read=5131071
                           ->  Hash Join  (cost=2570.12..9608471.16 rows=19457 width=18) (actual time=17520.632..69307.351 rows=717745 loops=1)
                                 Hash Cond: (store_sales.ss_sold_date_sk = date_dim.d_date_sk)
                                 Buffers: shared hit=36264 read=5130762
                                 ->  Seq Scan on store_sales  (cost=0.00..9485539.52 rows=45849467 width=22) (actual time=0.405..66384.744 rows=46160898 loops=1)
                                       Filter: ((ss_wholesale_cost >= '80'::numeric) AND (ss_wholesale_cost <= '100'::numeric))
                                       Rows Removed by Filter: 241836126
                                       Buffers: shared hit=34790 read=5130762
                                 ->  Hash  (cost=2569.73..2569.73 rows=31 width=4) (actual time=26.557..26.558 rows=31 loops=1)
                                       Buckets: 1024  Batches: 1  Memory Usage: 10kB
                                       Buffers: shared hit=1474
                                       ->  Seq Scan on date_dim  (cost=0.00..2569.73 rows=31 width=4) (actual time=15.390..26.544 rows=31 loops=1)
                                             Filter: ((d_year = 1999) AND (d_moy = 7))
                                             Rows Removed by Filter: 73018
                                             Buffers: shared hit=1474
                           ->  Hash  (cost=16906.00..16906.00 rows=26785 width=12) (actual time=105.900..105.900 rows=26695 loops=1)
                                 Buckets: 32768  Batches: 1  Memory Usage: 1403kB
                                 Buffers: shared hit=14047 read=309
                                 ->  Seq Scan on item  (cost=0.00..16906.00 rows=26785 width=12) (actual time=0.011..102.009 rows=26695 loops=1)
                                       Filter: (i_category = 'Children'::bpchar)
                                       Rows Removed by Filter: 177305
                                       Buffers: shared hit=14047 read=309
                     ->  Index Scan using customer_pkey on customer  (cost=0.43..7.65 rows=1 width=8) (actual time=0.015..0.015 rows=0 loops=76675)
                           Index Cond: (c_customer_sk = store_sales.ss_customer_sk)
                           Filter: (c_birth_month = 9)
                           Rows Removed by Filter: 1
                           Buffers: shared hit=303015 read=1
               ->  Index Scan using customer_address_pkey on customer_address  (cost=0.42..7.65 rows=1 width=15) (actual time=0.018..0.018 rows=0 loops=2906)
                     Index Cond: (ca_address_sk = customer.c_current_addr_sk)
                     Filter: (ca_state = 'IN'::bpchar)
                     Rows Removed by Filter: 1
                     Buffers: shared hit=11128 read=496
         ->  Index Scan using store_pkey on store  (cost=0.15..5.72 rows=1 width=15) (actual time=0.006..0.006 rows=1 loops=49)
               Index Cond: (s_store_sk = store_sales.ss_store_sk)
               Buffers: shared hit=96
 Planning:
   Buffers: shared hit=460
 Planning Time: 5.430 ms
 Execution Time: 70757.649 ms
(51 rows)

