                                                                            QUERY PLAN                                                                            
------------------------------------------------------------------------------------------------------------------------------------------------------------------
 Aggregate  (cost=9763017.69..9763017.70 rows=1 width=40) (actual time=78348.673..78348.678 rows=1 loops=1)
   Buffers: shared hit=231628 read=5132580
   ->  Hash Join  (cost=19670.28..9763017.64 rows=6 width=14) (actual time=9994.452..78348.573 rows=91 loops=1)
         Hash Cond: (store_sales.ss_store_sk = store.s_store_sk)
         Join Filter: ("substring"((customer_address.ca_zip)::text, 1, 5) <> "substring"((store.s_zip)::text, 1, 5))
         Buffers: shared hit=231628 read=5132580
         ->  Nested Loop  (cost=19643.24..9762990.58 rows=6 width=29) (actual time=9988.191..78346.029 rows=95 loops=1)
               Buffers: shared hit=231612 read=5132578
               ->  Nested Loop  (cost=19642.81..9760351.66 rows=345 width=22) (actual time=9962.785..78252.614 rows=5597 loops=1)
                     Buffers: shared hit=210592 read=5131210
                     ->  Hash Join  (cost=19642.38..9741317.65 rows=2488 width=22) (actual time=9962.735..77610.888 rows=40605 loops=1)
                           Hash Cond: (store_sales.ss_item_sk = item.i_item_sk)
                           Buffers: shared hit=50172 read=5131210
                           ->  Hash Join  (cost=2570.12..9724145.23 rows=38157 width=18) (actual time=9848.697..77424.966 rows=537211 loops=1)
                                 Hash Cond: (store_sales.ss_sold_date_sk = date_dim.d_date_sk)
                                 Buffers: shared hit=36063 read=5130963
                                 ->  Seq Scan on store_sales  (cost=0.00..9485539.52 rows=89913339 width=22) (actual time=0.402..72171.123 rows=89530603 loops=1)
                                       Filter: ((ss_wholesale_cost >= '57'::numeric) AND (ss_wholesale_cost <= '77'::numeric))
                                       Rows Removed by Filter: 198466421
                                       Buffers: shared hit=34589 read=5130963
                                 ->  Hash  (cost=2569.73..2569.73 rows=31 width=4) (actual time=21.022..21.023 rows=31 loops=1)
                                       Buckets: 1024  Batches: 1  Memory Usage: 10kB
                                       Buffers: shared hit=1474
                                       ->  Seq Scan on date_dim  (cost=0.00..2569.73 rows=31 width=4) (actual time=8.617..21.006 rows=31 loops=1)
                                             Filter: ((d_year = 1998) AND (d_moy = 10))
                                             Rows Removed by Filter: 73018
                                             Buffers: shared hit=1474
                           ->  Hash  (cost=16906.00..16906.00 rows=13301 width=12) (actual time=113.919..113.920 rows=13933 loops=1)
                                 Buckets: 16384  Batches: 1  Memory Usage: 727kB
                                 Buffers: shared hit=14109 read=247
                                 ->  Seq Scan on item  (cost=0.00..16906.00 rows=13301 width=12) (actual time=0.018..111.464 rows=13933 loops=1)
                                       Filter: (i_category = 'Men'::bpchar)
                                       Rows Removed by Filter: 190067
                                       Buffers: shared hit=14109 read=247
                     ->  Index Scan using customer_pkey on customer  (cost=0.43..7.65 rows=1 width=8) (actual time=0.016..0.016 rows=0 loops=40605)
                           Index Cond: (c_customer_sk = store_sales.ss_customer_sk)
                           Filter: (c_birth_month = 10)
                           Rows Removed by Filter: 1
                           Buffers: shared hit=160420
               ->  Index Scan using customer_address_pkey on customer_address  (cost=0.42..7.65 rows=1 width=15) (actual time=0.016..0.016 rows=0 loops=5597)
                     Index Cond: (ca_address_sk = customer.c_current_addr_sk)
                     Filter: (ca_state = 'NY'::bpchar)
                     Rows Removed by Filter: 1
                     Buffers: shared hit=21020 read=1368
         ->  Hash  (cost=22.02..22.02 rows=402 width=15) (actual time=2.310..2.311 rows=402 loops=1)
               Buckets: 1024  Batches: 1  Memory Usage: 27kB
               Buffers: shared hit=16 read=2
               ->  Seq Scan on store  (cost=0.00..22.02 rows=402 width=15) (actual time=0.022..2.196 rows=402 loops=1)
                     Buffers: shared hit=16 read=2
 Planning:
   Buffers: shared hit=460
 Planning Time: 4.045 ms
 Execution Time: 78349.073 ms
(53 rows)

