                                                                            QUERY PLAN                                                                            
------------------------------------------------------------------------------------------------------------------------------------------------------------------
 Aggregate  (cost=9645428.85..9645428.86 rows=1 width=40) (actual time=70261.680..70261.688 rows=1 loops=1)
   Buffers: shared hit=363382 read=5130146
   ->  Nested Loop  (cost=19811.92..9645428.84 rows=1 width=14) (actual time=40715.269..70261.573 rows=74 loops=1)
         Join Filter: ("substring"((customer_address.ca_zip)::text, 1, 5) <> "substring"((store.s_zip)::text, 1, 5))
         Rows Removed by Join Filter: 1
         Buffers: shared hit=363382 read=5130146
         ->  Nested Loop  (cost=19811.78..9645423.10 rows=1 width=29) (actual time=40715.249..70260.033 rows=75 loops=1)
               Buffers: shared hit=363232 read=5130146
               ->  Nested Loop  (cost=19811.35..9644673.02 rows=98 width=22) (actual time=40674.657..70212.449 rows=2920 loops=1)
                     Buffers: shared hit=352276 read=5129422
                     ->  Hash Join  (cost=19810.92..9625761.39 rows=2472 width=22) (actual time=40674.238..69074.419 rows=75944 loops=1)
                           Hash Cond: (store_sales.ss_item_sk = item.i_item_sk)
                           Buffers: shared hit=51960 read=5129422
                           ->  Hash Join  (cost=2570.11..9608471.14 rows=18830 width=18) (actual time=40569.629..68856.810 rows=707163 loops=1)
                                 Hash Cond: (store_sales.ss_sold_date_sk = date_dim.d_date_sk)
                                 Buffers: shared hit=37822 read=5129204
                                 ->  Seq Scan on store_sales  (cost=0.00..9485539.52 rows=45849467 width=22) (actual time=0.055..65984.798 rows=46160898 loops=1)
                                       Filter: ((ss_wholesale_cost >= '80'::numeric) AND (ss_wholesale_cost <= '100'::numeric))
                                       Rows Removed by Filter: 241836126
                                       Buffers: shared hit=36348 read=5129204
                                 ->  Hash  (cost=2569.73..2569.73 rows=30 width=4) (actual time=20.069..20.071 rows=30 loops=1)
                                       Buckets: 1024  Batches: 1  Memory Usage: 10kB
                                       Buffers: shared hit=1474
                                       ->  Seq Scan on date_dim  (cost=0.00..2569.73 rows=30 width=4) (actual time=10.584..20.058 rows=30 loops=1)
                                             Filter: ((d_year = 2001) AND (d_moy = 4))
                                             Rows Removed by Filter: 73019
                                             Buffers: shared hit=1474
                           ->  Hash  (cost=16906.00..16906.00 rows=26785 width=12) (actual time=104.474..104.474 rows=26695 loops=1)
                                 Buckets: 32768  Batches: 1  Memory Usage: 1403kB
                                 Buffers: shared hit=14138 read=218
                                 ->  Seq Scan on item  (cost=0.00..16906.00 rows=26785 width=12) (actual time=0.012..100.637 rows=26695 loops=1)
                                       Filter: (i_category = 'Children'::bpchar)
                                       Rows Removed by Filter: 177305
                                       Buffers: shared hit=14138 read=218
                     ->  Index Scan using customer_pkey on customer  (cost=0.43..7.65 rows=1 width=8) (actual time=0.015..0.015 rows=0 loops=75944)
                           Index Cond: (c_customer_sk = store_sales.ss_customer_sk)
                           Filter: (c_birth_month = 9)
                           Rows Removed by Filter: 1
                           Buffers: shared hit=300316
               ->  Index Scan using customer_address_pkey on customer_address  (cost=0.42..7.65 rows=1 width=15) (actual time=0.016..0.016 rows=0 loops=2920)
                     Index Cond: (ca_address_sk = customer.c_current_addr_sk)
                     Filter: (ca_state = 'WY'::bpchar)
                     Rows Removed by Filter: 1
                     Buffers: shared hit=10956 read=724
         ->  Index Scan using store_pkey on store  (cost=0.15..5.72 rows=1 width=15) (actual time=0.017..0.017 rows=1 loops=75)
               Index Cond: (s_store_sk = store_sales.ss_store_sk)
               Buffers: shared hit=150
 Planning:
   Buffers: shared hit=460
 Planning Time: 4.569 ms
 Execution Time: 70262.148 ms
(51 rows)

