                                                                             QUERY PLAN                                                                             
--------------------------------------------------------------------------------------------------------------------------------------------------------------------
 Aggregate  (cost=9636360.28..9636360.29 rows=1 width=40) (actual time=82797.592..82797.598 rows=1 loops=1)
   Buffers: shared hit=1620269 read=5129197
   ->  Nested Loop  (cost=2571.50..9636360.27 rows=1 width=14) (actual time=1990.901..82797.552 rows=16 loops=1)
         Join Filter: ("substring"((customer_address.ca_zip)::text, 1, 5) <> "substring"((store.s_zip)::text, 1, 5))
         Buffers: shared hit=1620269 read=5129197
         ->  Nested Loop  (cost=2571.36..9636354.53 rows=1 width=29) (actual time=1990.870..82797.306 rows=16 loops=1)
               Buffers: shared hit=1620238 read=5129196
               ->  Nested Loop  (cost=2570.94..9636316.35 rows=5 width=25) (actual time=1765.662..82794.678 rows=145 loops=1)
                     Buffers: shared hit=1619716 read=5129138
                     ->  Nested Loop  (cost=2570.51..9635258.36 rows=138 width=18) (actual time=1677.487..82660.205 rows=5362 loops=1)
                           Buffers: shared hit=1599381 read=5128025
                           ->  Hash Join  (cost=2570.08..9557614.85 rows=10149 width=18) (actual time=1675.885..73945.015 rows=394942 loops=1)
                                 Hash Cond: (store_sales.ss_sold_date_sk = date_dim.d_date_sk)
                                 Buffers: shared hit=39002 read=5128024
                                 ->  Seq Scan on store_sales  (cost=0.00..9485539.52 rows=26476724 width=22) (actual time=0.060..72040.723 rows=26847589 loops=1)
                                       Filter: ((ss_wholesale_cost >= '16'::numeric) AND (ss_wholesale_cost <= '36'::numeric))
                                       Rows Removed by Filter: 261149435
                                       Buffers: shared hit=37528 read=5128024
                                 ->  Hash  (cost=2569.73..2569.73 rows=28 width=4) (actual time=20.634..20.635 rows=28 loops=1)
                                       Buckets: 1024  Batches: 1  Memory Usage: 9kB
                                       Buffers: shared hit=1474
                                       ->  Seq Scan on date_dim  (cost=0.00..2569.73 rows=28 width=4) (actual time=10.227..20.619 rows=28 loops=1)
                                             Filter: ((d_year = 1998) AND (d_moy = 2))
                                             Rows Removed by Filter: 73021
                                             Buffers: shared hit=1474
                           ->  Index Scan using customer_pkey on customer  (cost=0.43..7.65 rows=1 width=8) (actual time=0.022..0.022 rows=0 loops=394942)
                                 Index Cond: (c_customer_sk = store_sales.ss_customer_sk)
                                 Filter: (c_birth_month = 5)
                                 Rows Removed by Filter: 1
                                 Buffers: shared hit=1560379 read=1
                     ->  Index Scan using customer_address_pkey on customer_address  (cost=0.42..7.67 rows=1 width=15) (actual time=0.025..0.025 rows=0 loops=5362)
                           Index Cond: (ca_address_sk = customer.c_current_addr_sk)
                           Filter: (ca_state = 'KY'::bpchar)
                           Rows Removed by Filter: 1
                           Buffers: shared hit=20335 read=1113
               ->  Index Scan using item_pkey on item  (cost=0.42..7.64 rows=1 width=12) (actual time=0.017..0.017 rows=0 loops=145)
                     Index Cond: (i_item_sk = store_sales.ss_item_sk)
                     Filter: (i_category = 'Children'::bpchar)
                     Rows Removed by Filter: 1
                     Buffers: shared hit=522 read=58
         ->  Index Scan using store_pkey on store  (cost=0.15..5.72 rows=1 width=15) (actual time=0.009..0.009 rows=1 loops=16)
               Index Cond: (s_store_sk = store_sales.ss_store_sk)
               Buffers: shared hit=31 read=1
 Planning:
   Buffers: shared hit=460
 Planning Time: 4.438 ms
 Execution Time: 82798.047 ms
(47 rows)

