                                                                            QUERY PLAN                                                                            
------------------------------------------------------------------------------------------------------------------------------------------------------------------
 Aggregate  (cost=9746445.51..9746445.52 rows=1 width=40) (actual time=79192.872..79192.878 rows=1 loops=1)
   Buffers: shared hit=511900 read=5131508
   ->  Nested Loop  (cost=19614.57..9746445.48 rows=4 width=14) (actual time=15659.560..79192.683 rows=156 loops=1)
         Join Filter: ("substring"((customer_address.ca_zip)::text, 1, 5) <> "substring"((store.s_zip)::text, 1, 5))
         Rows Removed by Join Filter: 1
         Buffers: shared hit=511900 read=5131508
         ->  Nested Loop  (cost=19614.42..9746422.51 rows=4 width=29) (actual time=15659.536..79190.691 rows=157 loops=1)
               Buffers: shared hit=511586 read=5131508
               ->  Nested Loop  (cost=19614.00..9745381.98 rows=136 width=22) (actual time=15642.780..79064.472 rows=7336 loops=1)
                     Buffers: shared hit=487116 read=5126634
                     ->  Hash Join  (cost=19613.57..9730372.04 rows=1962 width=22) (actual time=15642.312..77388.912 rows=109394 loops=1)
                           Hash Cond: (store_sales.ss_item_sk = item.i_item_sk)
                           Buffers: shared hit=54813 read=5126569
                           ->  Hash Join  (cost=2570.12..9713233.06 rows=36393 width=18) (actual time=15531.447..77086.292 rows=1602773 loops=1)
                                 Hash Cond: (store_sales.ss_sold_date_sk = date_dim.d_date_sk)
                                 Buffers: shared hit=40700 read=5126326
                                 ->  Seq Scan on store_sales  (cost=0.00..9485539.52 rows=85756551 width=22) (actual time=0.052..71919.570 rows=85367142 loops=1)
                                       Filter: ((ss_wholesale_cost >= '62'::numeric) AND (ss_wholesale_cost <= '82'::numeric))
                                       Rows Removed by Filter: 202629882
                                       Buffers: shared hit=39226 read=5126326
                                 ->  Hash  (cost=2569.73..2569.73 rows=31 width=4) (actual time=21.145..21.145 rows=31 loops=1)
                                       Buckets: 1024  Batches: 1  Memory Usage: 10kB
                                       Buffers: shared hit=1474
                                       ->  Seq Scan on date_dim  (cost=0.00..2569.73 rows=31 width=4) (actual time=11.174..21.128 rows=31 loops=1)
                                             Filter: ((d_year = 1999) AND (d_moy = 3))
                                             Rows Removed by Filter: 73018
                                             Buffers: shared hit=1474
                           ->  Hash  (cost=16906.00..16906.00 rows=10996 width=12) (actual time=110.754..110.754 rows=11037 loops=1)
                                 Buckets: 16384  Batches: 1  Memory Usage: 603kB
                                 Buffers: shared hit=14113 read=243
                                 ->  Seq Scan on item  (cost=0.00..16906.00 rows=10996 width=12) (actual time=0.033..108.799 rows=11037 loops=1)
                                       Filter: (i_category = 'Women'::bpchar)
                                       Rows Removed by Filter: 192963
                                       Buffers: shared hit=14113 read=243
                     ->  Index Scan using customer_pkey on customer  (cost=0.43..7.65 rows=1 width=8) (actual time=0.015..0.015 rows=0 loops=109394)
                           Index Cond: (c_customer_sk = store_sales.ss_customer_sk)
                           Filter: (c_birth_month = 12)
                           Rows Removed by Filter: 1
                           Buffers: shared hit=432303 read=65
               ->  Index Scan using customer_address_pkey on customer_address  (cost=0.42..7.65 rows=1 width=15) (actual time=0.017..0.017 rows=0 loops=7336)
                     Index Cond: (ca_address_sk = customer.c_current_addr_sk)
                     Filter: (ca_state = 'TN'::bpchar)
                     Rows Removed by Filter: 1
                     Buffers: shared hit=24470 read=4874
         ->  Index Scan using store_pkey on store  (cost=0.15..5.72 rows=1 width=15) (actual time=0.009..0.009 rows=1 loops=157)
               Index Cond: (s_store_sk = store_sales.ss_store_sk)
               Buffers: shared hit=314
 Planning:
   Buffers: shared hit=460
 Planning Time: 4.001 ms
 Execution Time: 79193.295 ms
(51 rows)

