                                                                             QUERY PLAN                                                                              
---------------------------------------------------------------------------------------------------------------------------------------------------------------------
 Aggregate  (cost=9685744.27..9685744.28 rows=1 width=40) (actual time=94486.919..94486.925 rows=1 loops=1)
   Buffers: shared hit=3191151 read=5141407
   ->  Nested Loop  (cost=2571.53..9685744.26 rows=1 width=14) (actual time=62164.391..94486.626 rows=150 loops=1)
         Join Filter: ("substring"((customer_address.ca_zip)::text, 1, 5) <> "substring"((store.s_zip)::text, 1, 5))
         Rows Removed by Join Filter: 2
         Buffers: shared hit=3191151 read=5141407
         ->  Nested Loop  (cost=2571.38..9685738.51 rows=1 width=29) (actual time=62164.377..94484.514 rows=152 loops=1)
               Buffers: shared hit=3190847 read=5141407
               ->  Nested Loop  (cost=2570.96..9685669.79 rows=9 width=25) (actual time=62164.355..94466.873 rows=608 loops=1)
                     Buffers: shared hit=3188415 read=5141407
                     ->  Nested Loop  (cost=2570.54..9681490.81 rows=546 width=18) (actual time=62156.561..93722.710 rows=30312 loops=1)
                           Buffers: shared hit=3075767 read=5132807
                           ->  Hash Join  (cost=2570.11..9576137.85 rows=13771 width=18) (actual time=62156.162..76138.446 rows=769705 loops=1)
                                 Hash Cond: (store_sales.ss_sold_date_sk = date_dim.d_date_sk)
                                 Buffers: shared hit=34532 read=5132494
                                 ->  Seq Scan on store_sales  (cost=0.00..9485539.52 rows=33532703 width=22) (actual time=0.050..73718.674 rows=33748947 loops=1)
                                       Filter: ((ss_wholesale_cost >= '33'::numeric) AND (ss_wholesale_cost <= '53'::numeric))
                                       Rows Removed by Filter: 254248077
                                       Buffers: shared hit=33058 read=5132494
                                 ->  Hash  (cost=2569.73..2569.73 rows=30 width=4) (actual time=19.552..19.553 rows=30 loops=1)
                                       Buckets: 1024  Batches: 1  Memory Usage: 10kB
                                       Buffers: shared hit=1474
                                       ->  Seq Scan on date_dim  (cost=0.00..2569.73 rows=30 width=4) (actual time=10.633..19.539 rows=30 loops=1)
                                             Filter: ((d_year = 2002) AND (d_moy = 9))
                                             Rows Removed by Filter: 73019
                                             Buffers: shared hit=1474
                           ->  Index Scan using customer_pkey on customer  (cost=0.43..7.65 rows=1 width=8) (actual time=0.023..0.023 rows=0 loops=769705)
                                 Index Cond: (c_customer_sk = store_sales.ss_customer_sk)
                                 Filter: (c_birth_month = 9)
                                 Rows Removed by Filter: 1
                                 Buffers: shared hit=3041235 read=313
                     ->  Index Scan using customer_address_pkey on customer_address  (cost=0.42..7.65 rows=1 width=15) (actual time=0.024..0.024 rows=0 loops=30312)
                           Index Cond: (ca_address_sk = customer.c_current_addr_sk)
                           Filter: (ca_state = 'NY'::bpchar)
                           Rows Removed by Filter: 1
                           Buffers: shared hit=112648 read=8600
               ->  Index Scan using item_pkey on item  (cost=0.42..7.64 rows=1 width=12) (actual time=0.028..0.028 rows=0 loops=608)
                     Index Cond: (i_item_sk = store_sales.ss_item_sk)
                     Filter: (i_category = 'Shoes'::bpchar)
                     Rows Removed by Filter: 1
                     Buffers: shared hit=2432
         ->  Index Scan using store_pkey on store  (cost=0.15..5.72 rows=1 width=15) (actual time=0.008..0.008 rows=1 loops=152)
               Index Cond: (s_store_sk = store_sales.ss_store_sk)
               Buffers: shared hit=304
 Planning:
   Buffers: shared hit=460
 Planning Time: 5.670 ms
 Execution Time: 94487.293 ms
(48 rows)

