                                                                            QUERY PLAN                                                                            
------------------------------------------------------------------------------------------------------------------------------------------------------------------
 Aggregate  (cost=9623014.77..9623014.78 rows=1 width=40) (actual time=74503.725..74503.731 rows=1 loops=1)
   Buffers: shared hit=277432 read=5129420
   ->  Hash Join  (cost=19777.11..9623014.65 rows=16 width=14) (actual time=27666.438..74503.608 rows=97 loops=1)
         Hash Cond: (store_sales.ss_store_sk = store.s_store_sk)
         Join Filter: ("substring"((customer_address.ca_zip)::text, 1, 5) <> "substring"((store.s_zip)::text, 1, 5))
         Rows Removed by Join Filter: 6
         Buffers: shared hit=277432 read=5129420
         ->  Nested Loop  (cost=19750.06..9622987.56 rows=16 width=29) (actual time=27665.628..74502.549 rows=103 loops=1)
               Buffers: shared hit=277414 read=5129420
               ->  Nested Loop  (cost=19749.64..9621442.38 rows=202 width=22) (actual time=27662.665..74399.456 rows=6002 loops=1)
                     Buffers: shared hit=256401 read=5126425
                     ->  Hash Join  (cost=19749.21..9608253.19 rows=1724 width=22) (actual time=27662.323..73588.577 rows=51013 loops=1)
                           Hash Cond: (store_sales.ss_item_sk = item.i_item_sk)
                           Buffers: shared hit=54965 read=5126417
                           ->  Hash Join  (cost=2570.11..9591031.83 rows=16101 width=18) (actual time=27560.776..73421.290 rows=399142 loops=1)
                                 Hash Cond: (store_sales.ss_sold_date_sk = date_dim.d_date_sk)
                                 Buffers: shared hit=40811 read=5126215
                                 ->  Seq Scan on store_sales  (cost=0.00..9485539.52 rows=39206286 width=22) (actual time=0.051..70933.987 rows=39350281 loops=1)
                                       Filter: ((ss_wholesale_cost >= '30'::numeric) AND (ss_wholesale_cost <= '50'::numeric))
                                       Rows Removed by Filter: 248646743
                                       Buffers: shared hit=39337 read=5126215
                                 ->  Hash  (cost=2569.73..2569.73 rows=30 width=4) (actual time=18.851..18.852 rows=31 loops=1)
                                       Buckets: 1024  Batches: 1  Memory Usage: 10kB
                                       Buffers: shared hit=1474
                                       ->  Seq Scan on date_dim  (cost=0.00..2569.73 rows=30 width=4) (actual time=9.867..18.839 rows=31 loops=1)
                                             Filter: ((d_year = 2000) AND (d_moy = 5))
                                             Rows Removed by Filter: 73018
                                             Buffers: shared hit=1474
                           ->  Hash  (cost=16906.00..16906.00 rows=21848 width=12) (actual time=101.400..101.401 rows=21811 loops=1)
                                 Buckets: 32768  Batches: 1  Memory Usage: 1193kB
                                 Buffers: shared hit=14154 read=202
                                 ->  Seq Scan on item  (cost=0.00..16906.00 rows=21848 width=12) (actual time=0.028..98.210 rows=21811 loops=1)
                                       Filter: (i_category = 'Sports'::bpchar)
                                       Rows Removed by Filter: 182189
                                       Buffers: shared hit=14154 read=202
                     ->  Index Scan using customer_pkey on customer  (cost=0.43..7.65 rows=1 width=8) (actual time=0.016..0.016 rows=0 loops=51013)
                           Index Cond: (c_customer_sk = store_sales.ss_customer_sk)
                           Filter: (c_birth_month = 8)
                           Rows Removed by Filter: 1
                           Buffers: shared hit=201436 read=8
               ->  Index Scan using customer_address_pkey on customer_address  (cost=0.42..7.65 rows=1 width=15) (actual time=0.017..0.017 rows=0 loops=6002)
                     Index Cond: (ca_address_sk = customer.c_current_addr_sk)
                     Filter: (ca_state = 'TX'::bpchar)
                     Rows Removed by Filter: 1
                     Buffers: shared hit=21013 read=2995
         ->  Hash  (cost=22.02..22.02 rows=402 width=15) (actual time=0.778..0.778 rows=402 loops=1)
               Buckets: 1024  Batches: 1  Memory Usage: 27kB
               Buffers: shared hit=18
               ->  Seq Scan on store  (cost=0.00..22.02 rows=402 width=15) (actual time=0.029..0.617 rows=402 loops=1)
                     Buffers: shared hit=18
 Planning:
   Buffers: shared hit=460
 Planning Time: 4.637 ms
 Execution Time: 74504.242 ms
(54 rows)

