                                                                             QUERY PLAN                                                                             
--------------------------------------------------------------------------------------------------------------------------------------------------------------------
 Aggregate  (cost=9724975.67..9724975.68 rows=1 width=40) (actual time=92134.022..92134.028 rows=1 loops=1)
   Buffers: shared hit=2576273 read=5128319
   ->  Nested Loop  (cost=2571.50..9724975.66 rows=1 width=14) (actual time=2940.013..92133.968 rows=21 loops=1)
         Join Filter: ("substring"((customer_address.ca_zip)::text, 1, 5) <> "substring"((store.s_zip)::text, 1, 5))
         Buffers: shared hit=2576273 read=5128319
         ->  Nested Loop  (cost=2571.36..9724969.92 rows=1 width=29) (actual time=2939.977..92133.618 rows=21 loops=1)
               Buffers: shared hit=2576231 read=5128319
               ->  Nested Loop  (cost=2570.94..9724924.10 rows=6 width=25) (actual time=1975.139..92128.116 rows=248 loops=1)
                     Buffers: shared hit=2575239 read=5128319
                     ->  Nested Loop  (cost=2570.51..9723229.78 rows=221 width=18) (actual time=1726.979..91926.743 rows=8493 loops=1)
                           Buffers: shared hit=2543504 read=5126082
                           ->  Hash Join  (cost=2570.08..9599171.84 rows=16216 width=18) (actual time=1725.593..77193.609 rows=633301 loops=1)
                                 Hash Cond: (store_sales.ss_sold_date_sk = date_dim.d_date_sk)
                                 Buffers: shared hit=40946 read=5126080
                                 ->  Seq Scan on store_sales  (cost=0.00..9485539.52 rows=42307078 width=22) (actual time=0.060..74295.422 rows=43022880 loops=1)
                                       Filter: ((ss_wholesale_cost >= '3'::numeric) AND (ss_wholesale_cost <= '23'::numeric))
                                       Rows Removed by Filter: 244974144
                                       Buffers: shared hit=39472 read=5126080
                                 ->  Hash  (cost=2569.73..2569.73 rows=28 width=4) (actual time=22.023..22.024 rows=28 loops=1)
                                       Buckets: 1024  Batches: 1  Memory Usage: 9kB
                                       Buffers: shared hit=1474
                                       ->  Seq Scan on date_dim  (cost=0.00..2569.73 rows=28 width=4) (actual time=10.856..22.009 rows=28 loops=1)
                                             Filter: ((d_year = 1998) AND (d_moy = 2))
                                             Rows Removed by Filter: 73021
                                             Buffers: shared hit=1474
                           ->  Index Scan using customer_pkey on customer  (cost=0.43..7.65 rows=1 width=8) (actual time=0.023..0.023 rows=0 loops=633301)
                                 Index Cond: (c_customer_sk = store_sales.ss_customer_sk)
                                 Filter: (c_birth_month = 5)
                                 Rows Removed by Filter: 1
                                 Buffers: shared hit=2502558 read=2
                     ->  Index Scan using customer_address_pkey on customer_address  (cost=0.42..7.67 rows=1 width=15) (actual time=0.023..0.023 rows=0 loops=8493)
                           Index Cond: (ca_address_sk = customer.c_current_addr_sk)
                           Filter: (ca_state = 'NE'::bpchar)
                           Rows Removed by Filter: 1
                           Buffers: shared hit=31735 read=2237
               ->  Index Scan using item_pkey on item  (cost=0.42..7.64 rows=1 width=12) (actual time=0.021..0.021 rows=0 loops=248)
                     Index Cond: (i_item_sk = store_sales.ss_item_sk)
                     Filter: (i_category = 'Men'::bpchar)
                     Rows Removed by Filter: 1
                     Buffers: shared hit=992
         ->  Index Scan using store_pkey on store  (cost=0.15..5.72 rows=1 width=15) (actual time=0.010..0.010 rows=1 loops=21)
               Index Cond: (s_store_sk = store_sales.ss_store_sk)
               Buffers: shared hit=42
 Planning:
   Buffers: shared hit=460
 Planning Time: 4.041 ms
 Execution Time: 92134.483 ms
(47 rows)

