                                                                             QUERY PLAN                                                                              
---------------------------------------------------------------------------------------------------------------------------------------------------------------------
 Aggregate  (cost=9718242.28..9718242.29 rows=1 width=40) (actual time=97559.129..97559.134 rows=1 loops=1)
   Buffers: shared hit=3463010 read=5138322
   ->  Nested Loop  (cost=2571.53..9718242.28 rows=1 width=14) (actual time=45355.619..97559.008 rows=41 loops=1)
         Join Filter: ("substring"((customer_address.ca_zip)::text, 1, 5) <> "substring"((store.s_zip)::text, 1, 5))
         Buffers: shared hit=3463010 read=5138322
         ->  Nested Loop  (cost=2571.38..9718236.53 rows=1 width=29) (actual time=45355.584..97558.333 rows=41 loops=1)
               Buffers: shared hit=3462928 read=5138322
               ->  Nested Loop  (cost=2570.96..9718152.54 rows=11 width=25) (actual time=45302.395..97543.760 rows=441 loops=1)
                     Buffers: shared hit=3461164 read=5138322
                     ->  Nested Loop  (cost=2570.54..9714210.01 rows=515 width=18) (actual time=45300.779..96819.393 rows=27772 loops=1)
                           Buffers: shared hit=3356971 read=5131427
                           ->  Hash Join  (cost=2570.11..9591031.83 rows=16101 width=18) (actual time=45300.485..77323.274 rows=840745 loops=1)
                                 Hash Cond: (store_sales.ss_sold_date_sk = date_dim.d_date_sk)
                                 Buffers: shared hit=35599 read=5131427
                                 ->  Seq Scan on store_sales  (cost=0.00..9485539.52 rows=39206286 width=22) (actual time=0.098..74521.166 rows=39350281 loops=1)
                                       Filter: ((ss_wholesale_cost >= '32'::numeric) AND (ss_wholesale_cost <= '52'::numeric))
                                       Rows Removed by Filter: 248646743
                                       Buffers: shared hit=34125 read=5131427
                                 ->  Hash  (cost=2569.73..2569.73 rows=30 width=4) (actual time=22.472..22.473 rows=31 loops=1)
                                       Buckets: 1024  Batches: 1  Memory Usage: 10kB
                                       Buffers: shared hit=1474
                                       ->  Seq Scan on date_dim  (cost=0.00..2569.73 rows=30 width=4) (actual time=13.194..22.453 rows=31 loops=1)
                                             Filter: ((d_year = 2001) AND (d_moy = 5))
                                             Rows Removed by Filter: 73018
                                             Buffers: shared hit=1474
                           ->  Index Scan using customer_pkey on customer  (cost=0.43..7.65 rows=1 width=8) (actual time=0.023..0.023 rows=0 loops=840745)
                                 Index Cond: (c_customer_sk = store_sales.ss_customer_sk)
                                 Filter: (c_birth_month = 6)
                                 Rows Removed by Filter: 1
                                 Buffers: shared hit=3321372
                     ->  Index Scan using customer_address_pkey on customer_address  (cost=0.42..7.66 rows=1 width=15) (actual time=0.026..0.026 rows=0 loops=27772)
                           Index Cond: (ca_address_sk = customer.c_current_addr_sk)
                           Filter: (ca_state = 'AL'::bpchar)
                           Rows Removed by Filter: 1
                           Buffers: shared hit=104193 read=6895
               ->  Index Scan using item_pkey on item  (cost=0.42..7.64 rows=1 width=12) (actual time=0.032..0.032 rows=0 loops=441)
                     Index Cond: (i_item_sk = store_sales.ss_item_sk)
                     Filter: (i_category = 'Men'::bpchar)
                     Rows Removed by Filter: 1
                     Buffers: shared hit=1764
         ->  Index Scan using store_pkey on store  (cost=0.15..5.72 rows=1 width=15) (actual time=0.009..0.009 rows=1 loops=41)
               Index Cond: (s_store_sk = store_sales.ss_store_sk)
               Buffers: shared hit=82
 Planning:
   Buffers: shared hit=460
 Planning Time: 4.682 ms
 Execution Time: 97559.704 ms
(47 rows)

