                                                                             QUERY PLAN                                                                              
---------------------------------------------------------------------------------------------------------------------------------------------------------------------
 Aggregate  (cost=9719441.15..9719441.16 rows=1 width=40) (actual time=91860.136..91860.141 rows=1 loops=1)
   Buffers: shared hit=2588741 read=5148851
   ->  Nested Loop  (cost=2571.50..9719441.13 rows=3 width=14) (actual time=2189.304..91859.941 rows=84 loops=1)
         Join Filter: ("substring"((customer_address.ca_zip)::text, 1, 5) <> "substring"((store.s_zip)::text, 1, 5))
         Rows Removed by Join Filter: 3
         Buffers: shared hit=2588741 read=5148851
         ->  Nested Loop  (cost=2571.36..9719423.90 rows=3 width=29) (actual time=2189.279..91858.566 rows=87 loops=1)
               Buffers: shared hit=2588571 read=5148847
               ->  Nested Loop  (cost=2570.94..9719103.21 rows=42 width=25) (actual time=1690.440..91823.925 rows=1140 loops=1)
                     Buffers: shared hit=2584096 read=5148762
                     ->  Nested Loop  (cost=2570.51..9707758.51 rows=1483 width=18) (actual time=1683.187..90374.966 rows=57547 loops=1)
                           Buffers: shared hit=2364577 read=5138093
                           ->  Hash Join  (cost=2570.08..9591863.45 rows=15149 width=18) (actual time=1682.973..76597.815 rows=591131 loops=1)
                                 Hash Cond: (store_sales.ss_sold_date_sk = date_dim.d_date_sk)
                                 Buffers: shared hit=28934 read=5138092
                                 ->  Seq Scan on store_sales  (cost=0.00..9485539.52 rows=39523085 width=22) (actual time=0.073..73849.989 rows=40114371 loops=1)
                                       Filter: ((ss_wholesale_cost >= '24'::numeric) AND (ss_wholesale_cost <= '44'::numeric))
                                       Rows Removed by Filter: 247882653
                                       Buffers: shared hit=28613 read=5136939
                                 ->  Hash  (cost=2569.73..2569.73 rows=28 width=4) (actual time=25.437..25.438 rows=28 loops=1)
                                       Buckets: 1024  Batches: 1  Memory Usage: 9kB
                                       Buffers: shared hit=321 read=1153
                                       ->  Seq Scan on date_dim  (cost=0.00..2569.73 rows=28 width=4) (actual time=13.907..25.422 rows=28 loops=1)
                                             Filter: ((d_year = 1998) AND (d_moy = 2))
                                             Rows Removed by Filter: 73021
                                             Buffers: shared hit=321 read=1153
                           ->  Index Scan using customer_pkey on customer  (cost=0.43..7.65 rows=1 width=8) (actual time=0.023..0.023 rows=0 loops=591131)
                                 Index Cond: (c_customer_sk = store_sales.ss_customer_sk)
                                 Filter: (c_birth_month = 2)
                                 Rows Removed by Filter: 1
                                 Buffers: shared hit=2335643 read=1
                     ->  Index Scan using customer_address_pkey on customer_address  (cost=0.42..7.65 rows=1 width=15) (actual time=0.025..0.025 rows=0 loops=57547)
                           Index Cond: (ca_address_sk = customer.c_current_addr_sk)
                           Filter: (ca_state = 'OH'::bpchar)
                           Rows Removed by Filter: 1
                           Buffers: shared hit=219519 read=10669
               ->  Index Scan using item_pkey on item  (cost=0.42..7.64 rows=1 width=12) (actual time=0.030..0.030 rows=0 loops=1140)
                     Index Cond: (i_item_sk = store_sales.ss_item_sk)
                     Filter: (i_category = 'Men'::bpchar)
                     Rows Removed by Filter: 1
                     Buffers: shared hit=4475 read=85
         ->  Index Scan using store_pkey on store  (cost=0.15..5.72 rows=1 width=15) (actual time=0.009..0.009 rows=1 loops=87)
               Index Cond: (s_store_sk = store_sales.ss_store_sk)
               Buffers: shared hit=170 read=4
 Planning:
   Buffers: shared hit=460
 Planning Time: 6.507 ms
 Execution Time: 91860.684 ms
(48 rows)

