                                                                            QUERY PLAN                                                                            
------------------------------------------------------------------------------------------------------------------------------------------------------------------
 Aggregate  (cost=9773705.73..9773705.74 rows=1 width=40) (actual time=79359.848..79359.854 rows=1 loops=1)
   Buffers: shared hit=309261 read=5138971
   ->  Nested Loop  (cost=19750.22..9773705.72 rows=2 width=14) (actual time=8767.471..79359.771 rows=48 loops=1)
         Join Filter: ("substring"((customer_address.ca_zip)::text, 1, 5) <> "substring"((store.s_zip)::text, 1, 5))
         Rows Removed by Join Filter: 1
         Buffers: shared hit=309261 read=5138971
         ->  Nested Loop  (cost=19750.07..9773694.23 rows=2 width=29) (actual time=8767.451..79359.297 rows=49 loops=1)
               Buffers: shared hit=309165 read=5138969
               ->  Nested Loop  (cost=19749.65..9772691.37 rows=131 width=22) (actual time=8709.132..79326.325 rows=2112 loops=1)
                     Buffers: shared hit=301269 read=5138417
                     ->  Hash Join  (cost=19749.22..9741424.49 rows=4087 width=22) (actual time=8707.872..78227.265 rows=65340 loops=1)
                           Hash Cond: (store_sales.ss_item_sk = item.i_item_sk)
                           Buffers: shared hit=42967 read=5138415
                           ->  Hash Join  (cost=2570.12..9724145.23 rows=38157 width=18) (actual time=8592.782..78006.001 rows=758433 loops=1)
                                 Hash Cond: (store_sales.ss_sold_date_sk = date_dim.d_date_sk)
                                 Buffers: shared hit=37604 read=5129422
                                 ->  Seq Scan on store_sales  (cost=0.00..9485539.52 rows=89913339 width=22) (actual time=0.064..72724.355 rows=89530603 loops=1)
                                       Filter: ((ss_wholesale_cost >= '57'::numeric) AND (ss_wholesale_cost <= '77'::numeric))
                                       Rows Removed by Filter: 198466421
                                       Buffers: shared hit=36130 read=5129422
                                 ->  Hash  (cost=2569.73..2569.73 rows=31 width=4) (actual time=18.598..18.599 rows=31 loops=1)
                                       Buckets: 1024  Batches: 1  Memory Usage: 10kB
                                       Buffers: shared hit=1474
                                       ->  Seq Scan on date_dim  (cost=0.00..2569.73 rows=31 width=4) (actual time=9.458..18.585 rows=31 loops=1)
                                             Filter: ((d_year = 1998) AND (d_moy = 8))
                                             Rows Removed by Filter: 73018
                                             Buffers: shared hit=1474
                           ->  Hash  (cost=16906.00..16906.00 rows=21848 width=12) (actual time=114.933..114.934 rows=21811 loops=1)
                                 Buckets: 32768  Batches: 1  Memory Usage: 1193kB
                                 Buffers: shared hit=5363 read=8993
                                 ->  Seq Scan on item  (cost=0.00..16906.00 rows=21848 width=12) (actual time=0.023..111.111 rows=21811 loops=1)
                                       Filter: (i_category = 'Sports'::bpchar)
                                       Rows Removed by Filter: 182189
                                       Buffers: shared hit=5363 read=8993
                     ->  Index Scan using customer_pkey on customer  (cost=0.43..7.65 rows=1 width=8) (actual time=0.017..0.017 rows=0 loops=65340)
                           Index Cond: (c_customer_sk = store_sales.ss_customer_sk)
                           Filter: (c_birth_month = 6)
                           Rows Removed by Filter: 1
                           Buffers: shared hit=258302 read=2
               ->  Index Scan using customer_address_pkey on customer_address  (cost=0.42..7.66 rows=1 width=15) (actual time=0.015..0.015 rows=0 loops=2112)
                     Index Cond: (ca_address_sk = customer.c_current_addr_sk)
                     Filter: (ca_state = 'NY'::bpchar)
                     Rows Removed by Filter: 1
                     Buffers: shared hit=7896 read=552
         ->  Index Scan using store_pkey on store  (cost=0.15..5.72 rows=1 width=15) (actual time=0.006..0.006 rows=1 loops=49)
               Index Cond: (s_store_sk = store_sales.ss_store_sk)
               Buffers: shared hit=96 read=2
 Planning:
   Buffers: shared hit=460
 Planning Time: 4.675 ms
 Execution Time: 79360.380 ms
(51 rows)

