                                                                            QUERY PLAN                                                                            
------------------------------------------------------------------------------------------------------------------------------------------------------------------
 Aggregate  (cost=9739488.99..9739489.00 rows=1 width=40) (actual time=76108.929..76108.934 rows=1 loops=1)
   Buffers: shared hit=406894 read=5133310
   ->  Hash Join  (cost=19777.08..9739488.93 rows=8 width=14) (actual time=41566.800..76108.771 rows=153 loops=1)
         Hash Cond: (store_sales.ss_store_sk = store.s_store_sk)
         Join Filter: ("substring"((customer_address.ca_zip)::text, 1, 5) <> "substring"((store.s_zip)::text, 1, 5))
         Buffers: shared hit=406894 read=5133310
         ->  Nested Loop  (cost=19750.04..9739461.87 rows=8 width=29) (actual time=41565.304..76106.922 rows=154 loops=1)
               Buffers: shared hit=406880 read=5133306
               ->  Nested Loop  (cost=19749.61..9736570.40 rows=378 width=22) (actual time=41521.791..75910.735 rows=9492 loops=1)
                     Buffers: shared hit=372129 read=5130089
                     ->  Hash Join  (cost=19749.18..9711867.49 rows=3229 width=22) (actual time=41521.138..74382.874 rows=81112 loops=1)
                           Hash Cond: (store_sales.ss_item_sk = item.i_item_sk)
                           Buffers: shared hit=51418 read=5129964
                           ->  Hash Join  (cost=2570.08..9694609.24 rows=30152 width=18) (actual time=41421.974..74167.439 rows=713264 loops=1)
                                 Hash Cond: (store_sales.ss_sold_date_sk = date_dim.d_date_sk)
                                 Buffers: shared hit=37306 read=5129720
                                 ->  Seq Scan on store_sales  (cost=0.00..9485539.52 rows=78662172 width=22) (actual time=0.033..69479.923 rows=78419996 loops=1)
                                       Filter: ((ss_wholesale_cost >= '73'::numeric) AND (ss_wholesale_cost <= '93'::numeric))
                                       Rows Removed by Filter: 209577028
                                       Buffers: shared hit=35832 read=5129720
                                 ->  Hash  (cost=2569.73..2569.73 rows=28 width=4) (actual time=19.783..19.784 rows=28 loops=1)
                                       Buckets: 1024  Batches: 1  Memory Usage: 9kB
                                       Buffers: shared hit=1474
                                       ->  Seq Scan on date_dim  (cost=0.00..2569.73 rows=28 width=4) (actual time=8.899..19.775 rows=28 loops=1)
                                             Filter: ((d_year = 2001) AND (d_moy = 2))
                                             Rows Removed by Filter: 73021
                                             Buffers: shared hit=1474
                           ->  Hash  (cost=16906.00..16906.00 rows=21848 width=12) (actual time=99.024..99.024 rows=21811 loops=1)
                                 Buckets: 32768  Batches: 1  Memory Usage: 1193kB
                                 Buffers: shared hit=14112 read=244
                                 ->  Seq Scan on item  (cost=0.00..16906.00 rows=21848 width=12) (actual time=0.024..95.832 rows=21811 loops=1)
                                       Filter: (i_category = 'Sports'::bpchar)
                                       Rows Removed by Filter: 182189
                                       Buffers: shared hit=14112 read=244
                     ->  Index Scan using customer_pkey on customer  (cost=0.43..7.65 rows=1 width=8) (actual time=0.019..0.019 rows=0 loops=81112)
                           Index Cond: (c_customer_sk = store_sales.ss_customer_sk)
                           Filter: (c_birth_month = 8)
                           Rows Removed by Filter: 1
                           Buffers: shared hit=320711 read=125
               ->  Index Scan using customer_address_pkey on customer_address  (cost=0.42..7.65 rows=1 width=15) (actual time=0.020..0.020 rows=0 loops=9492)
                     Index Cond: (ca_address_sk = customer.c_current_addr_sk)
                     Filter: (ca_state = 'AL'::bpchar)
                     Rows Removed by Filter: 1
                     Buffers: shared hit=34751 read=3217
         ->  Hash  (cost=22.02..22.02 rows=402 width=15) (actual time=1.463..1.464 rows=402 loops=1)
               Buckets: 1024  Batches: 1  Memory Usage: 27kB
               Buffers: shared hit=14 read=4
               ->  Seq Scan on store  (cost=0.00..22.02 rows=402 width=15) (actual time=0.032..1.349 rows=402 loops=1)
                     Buffers: shared hit=14 read=4
 Planning:
   Buffers: shared hit=460
 Planning Time: 4.760 ms
 Execution Time: 76109.464 ms
(53 rows)

