                                                                            QUERY PLAN                                                                            
------------------------------------------------------------------------------------------------------------------------------------------------------------------
 Aggregate  (cost=9645043.80..9645043.81 rows=1 width=40) (actual time=87320.934..87320.939 rows=1 loops=1)
   Buffers: shared hit=2236676 read=5128772
   ->  Nested Loop  (cost=2571.54..9645043.79 rows=1 width=14) (actual time=65510.415..87320.922 rows=3 loops=1)
         Join Filter: ("substring"((customer_address.ca_zip)::text, 1, 5) <> "substring"((store.s_zip)::text, 1, 5))
         Buffers: shared hit=2236676 read=5128772
         ->  Nested Loop  (cost=2571.39..9645038.05 rows=1 width=29) (actual time=65510.380..87320.855 rows=3 loops=1)
               Buffers: shared hit=2236670 read=5128772
               ->  Nested Loop  (cost=2570.97..9644976.82 rows=8 width=22) (actual time=63324.081..87315.206 rows=185 loops=1)
                     Buffers: shared hit=2236025 read=5128677
                     ->  Nested Loop  (cost=2570.54..9643408.49 rows=205 width=22) (actual time=63095.927..87188.878 rows=4826 loops=1)
                           Buffers: shared hit=2216913 read=5128665
                           ->  Hash Join  (cost=2570.12..9557614.89 rows=11236 width=18) (actual time=63089.339..74935.321 rows=544638 loops=1)
                                 Hash Cond: (store_sales.ss_sold_date_sk = date_dim.d_date_sk)
                                 Buffers: shared hit=40135 read=5126891
                                 ->  Seq Scan on store_sales  (cost=0.00..9485539.52 rows=26476724 width=22) (actual time=0.062..72994.881 rows=26847589 loops=1)
                                       Filter: ((ss_wholesale_cost >= '16'::numeric) AND (ss_wholesale_cost <= '36'::numeric))
                                       Rows Removed by Filter: 261149435
                                       Buffers: shared hit=38661 read=5126891
                                 ->  Hash  (cost=2569.73..2569.73 rows=31 width=4) (actual time=20.294..20.295 rows=31 loops=1)
                                       Buckets: 1024  Batches: 1  Memory Usage: 10kB
                                       Buffers: shared hit=1474
                                       ->  Seq Scan on date_dim  (cost=0.00..2569.73 rows=31 width=4) (actual time=11.094..20.275 rows=31 loops=1)
                                             Filter: ((d_year = 2002) AND (d_moy = 10))
                                             Rows Removed by Filter: 73018
                                             Buffers: shared hit=1474
                           ->  Index Scan using item_pkey on item  (cost=0.42..7.64 rows=1 width=12) (actual time=0.022..0.022 rows=0 loops=544638)
                                 Index Cond: (i_item_sk = store_sales.ss_item_sk)
                                 Filter: (i_category = 'Music'::bpchar)
                                 Rows Removed by Filter: 1
                                 Buffers: shared hit=2176778 read=1774
                     ->  Index Scan using customer_pkey on customer  (cost=0.43..7.65 rows=1 width=8) (actual time=0.026..0.026 rows=0 loops=4826)
                           Index Cond: (c_customer_sk = store_sales.ss_customer_sk)
                           Filter: (c_birth_month = 9)
                           Rows Removed by Filter: 1
                           Buffers: shared hit=19112 read=12
               ->  Index Scan using customer_address_pkey on customer_address  (cost=0.42..7.65 rows=1 width=15) (actual time=0.029..0.029 rows=0 loops=185)
                     Index Cond: (ca_address_sk = customer.c_current_addr_sk)
                     Filter: (ca_state = 'MO'::bpchar)
                     Rows Removed by Filter: 1
                     Buffers: shared hit=645 read=95
         ->  Index Scan using store_pkey on store  (cost=0.15..5.72 rows=1 width=15) (actual time=0.014..0.015 rows=1 loops=3)
               Index Cond: (s_store_sk = store_sales.ss_store_sk)
               Buffers: shared hit=6
 Planning:
   Buffers: shared hit=460
 Planning Time: 4.783 ms
 Execution Time: 87321.439 ms
(47 rows)

