                                                                            QUERY PLAN                                                                            
------------------------------------------------------------------------------------------------------------------------------------------------------------------
 Aggregate  (cost=9774053.23..9774053.24 rows=1 width=40) (actual time=80219.028..80219.035 rows=1 loops=1)
   Buffers: shared hit=733053 read=5140671
   ->  Hash Join  (cost=19838.82..9774053.14 rows=12 width=14) (actual time=58688.092..80218.740 rows=303 loops=1)
         Hash Cond: (store_sales.ss_store_sk = store.s_store_sk)
         Join Filter: ("substring"((customer_address.ca_zip)::text, 1, 5) <> "substring"((store.s_zip)::text, 1, 5))
         Rows Removed by Join Filter: 9
         Buffers: shared hit=733053 read=5140671
         ->  Nested Loop  (cost=19811.78..9774026.06 rows=12 width=29) (actual time=58686.697..80216.614 rows=315 loops=1)
               Buffers: shared hit=733039 read=5140667
               ->  Nested Loop  (cost=19811.35..9770461.25 rows=466 width=22) (actual time=58678.217..79888.875 rows=15385 loops=1)
                     Buffers: shared hit=679498 read=5132668
                     ->  Hash Join  (cost=19810.92..9734474.11 rows=4704 width=22) (actual time=58677.842..76841.792 rows=159621 loops=1)
                           Hash Cond: (store_sales.ss_item_sk = item.i_item_sk)
                           Buffers: shared hit=51044 read=5130338
                           ->  Hash Join  (cost=2570.11..9717139.25 rows=35830 width=18) (actual time=58571.793..76528.033 rows=1073933 loops=1)
                                 Hash Cond: (store_sales.ss_sold_date_sk = date_dim.d_date_sk)
                                 Buffers: shared hit=36689 read=5130337
                                 ->  Seq Scan on store_sales  (cost=0.00..9485539.52 rows=87244546 width=22) (actual time=0.047..71343.566 rows=86810744 loops=1)
                                       Filter: ((ss_wholesale_cost >= '67'::numeric) AND (ss_wholesale_cost <= '87'::numeric))
                                       Rows Removed by Filter: 201186280
                                       Buffers: shared hit=35326 read=5130226
                                 ->  Hash  (cost=2569.73..2569.73 rows=30 width=4) (actual time=19.004..19.005 rows=31 loops=1)
                                       Buckets: 1024  Batches: 1  Memory Usage: 10kB
                                       Buffers: shared hit=1363 read=111
                                       ->  Seq Scan on date_dim  (cost=0.00..2569.73 rows=30 width=4) (actual time=10.347..18.989 rows=31 loops=1)
                                             Filter: ((d_year = 2002) AND (d_moy = 5))
                                             Rows Removed by Filter: 73018
                                             Buffers: shared hit=1363 read=111
                           ->  Hash  (cost=16906.00..16906.00 rows=26785 width=12) (actual time=105.897..105.898 rows=26695 loops=1)
                                 Buckets: 32768  Batches: 1  Memory Usage: 1403kB
                                 Buffers: shared hit=14355 read=1
                                 ->  Seq Scan on item  (cost=0.00..16906.00 rows=26785 width=12) (actual time=0.015..101.822 rows=26695 loops=1)
                                       Filter: (i_category = 'Children'::bpchar)
                                       Rows Removed by Filter: 177305
                                       Buffers: shared hit=14355 read=1
                     ->  Index Scan using customer_pkey on customer  (cost=0.43..7.65 rows=1 width=8) (actual time=0.019..0.019 rows=0 loops=159621)
                           Index Cond: (c_customer_sk = store_sales.ss_customer_sk)
                           Filter: (c_birth_month = 1)
                           Rows Removed by Filter: 1
                           Buffers: shared hit=628454 read=2330
               ->  Index Scan using customer_address_pkey on customer_address  (cost=0.42..7.65 rows=1 width=15) (actual time=0.021..0.021 rows=0 loops=15385)
                     Index Cond: (ca_address_sk = customer.c_current_addr_sk)
                     Filter: (ca_state = 'MS'::bpchar)
                     Rows Removed by Filter: 1
                     Buffers: shared hit=53541 read=7999
         ->  Hash  (cost=22.02..22.02 rows=402 width=15) (actual time=1.361..1.362 rows=402 loops=1)
               Buckets: 1024  Batches: 1  Memory Usage: 27kB
               Buffers: shared hit=14 read=4
               ->  Seq Scan on store  (cost=0.00..22.02 rows=402 width=15) (actual time=0.029..1.200 rows=402 loops=1)
                     Buffers: shared hit=14 read=4
 Planning:
   Buffers: shared hit=460
 Planning Time: 4.690 ms
 Execution Time: 80219.546 ms
(54 rows)

