                                                                            QUERY PLAN                                                                            
------------------------------------------------------------------------------------------------------------------------------------------------------------------
 Aggregate  (cost=9628472.25..9628472.26 rows=1 width=40) (actual time=75810.828..75810.834 rows=1 loops=1)
   Buffers: shared hit=166709 read=5125479
   ->  Nested Loop  (cost=19688.67..9628472.24 rows=2 width=14) (actual time=55435.575..75810.785 rows=27 loops=1)
         Join Filter: ("substring"((customer_address.ca_zip)::text, 1, 5) <> "substring"((store.s_zip)::text, 1, 5))
         Buffers: shared hit=166709 read=5125479
         ->  Nested Loop  (cost=19688.53..9628460.75 rows=2 width=29) (actual time=55435.555..75810.512 rows=27 loops=1)
               Buffers: shared hit=166656 read=5125478
               ->  Nested Loop  (cost=19688.10..9627366.83 rows=143 width=22) (actual time=55397.327..75774.469 rows=2382 loops=1)
                     Buffers: shared hit=158562 read=5124044
                     ->  Hash Join  (cost=19687.67..9616335.03 rows=1442 width=22) (actual time=55396.834..75427.142 rows=25617 loops=1)
                           Hash Cond: (store_sales.ss_item_sk = item.i_item_sk)
                           Buffers: shared hit=57994 read=5123388
                           ->  Hash Join  (cost=2570.11..9599171.86 rows=17375 width=18) (actual time=55295.621..75279.657 rows=326816 loops=1)
                                 Hash Cond: (store_sales.ss_sold_date_sk = date_dim.d_date_sk)
                                 Buffers: shared hit=43639 read=5123387
                                 ->  Seq Scan on store_sales  (cost=0.00..9485539.52 rows=42307078 width=22) (actual time=0.369..72576.740 rows=43022880 loops=1)
                                       Filter: ((ss_wholesale_cost >= '4'::numeric) AND (ss_wholesale_cost <= '24'::numeric))
                                       Rows Removed by Filter: 244974144
                                       Buffers: shared hit=43471 read=5122081
                                 ->  Hash  (cost=2569.73..2569.73 rows=30 width=4) (actual time=24.410..24.410 rows=31 loops=1)
                                       Buckets: 1024  Batches: 1  Memory Usage: 10kB
                                       Buffers: shared hit=168 read=1306
                                       ->  Seq Scan on date_dim  (cost=0.00..2569.73 rows=30 width=4) (actual time=14.616..24.397 rows=31 loops=1)
                                             Filter: ((d_year = 2002) AND (d_moy = 1))
                                             Rows Removed by Filter: 73018
                                             Buffers: shared hit=168 read=1306
                           ->  Hash  (cost=16906.00..16906.00 rows=16925 width=12) (actual time=101.061..101.062 rows=17141 loops=1)
                                 Buckets: 32768  Batches: 1  Memory Usage: 993kB
                                 Buffers: shared hit=14355 read=1
                                 ->  Seq Scan on item  (cost=0.00..16906.00 rows=16925 width=12) (actual time=0.022..98.449 rows=17141 loops=1)
                                       Filter: (i_category = 'Home'::bpchar)
                                       Rows Removed by Filter: 186859
                                       Buffers: shared hit=14355 read=1
                     ->  Index Scan using customer_pkey on customer  (cost=0.43..7.65 rows=1 width=8) (actual time=0.013..0.013 rows=0 loops=25617)
                           Index Cond: (c_customer_sk = store_sales.ss_customer_sk)
                           Filter: (c_birth_month = 1)
                           Rows Removed by Filter: 1
                           Buffers: shared hit=100568 read=656
               ->  Index Scan using customer_address_pkey on customer_address  (cost=0.42..7.65 rows=1 width=15) (actual time=0.015..0.015 rows=0 loops=2382)
                     Index Cond: (ca_address_sk = customer.c_current_addr_sk)
                     Filter: (ca_state = 'WA'::bpchar)
                     Rows Removed by Filter: 1
                     Buffers: shared hit=8094 read=1434
         ->  Index Scan using store_pkey on store  (cost=0.15..5.72 rows=1 width=15) (actual time=0.006..0.006 rows=1 loops=27)
               Index Cond: (s_store_sk = store_sales.ss_store_sk)
               Buffers: shared hit=53 read=1
 Planning:
   Buffers: shared hit=460
 Planning Time: 4.973 ms
 Execution Time: 75811.356 ms
(50 rows)

