                                                                            QUERY PLAN                                                                            
------------------------------------------------------------------------------------------------------------------------------------------------------------------
 Aggregate  (cost=9822712.11..9822712.12 rows=1 width=40) (actual time=91664.858..91664.863 rows=1 loops=1)
   Buffers: shared hit=2552941 read=5134255
   ->  Nested Loop  (cost=2571.53..9822712.03 rows=11 width=14) (actual time=29224.248..91664.669 rows=80 loops=1)
         Join Filter: ("substring"((customer_address.ca_zip)::text, 1, 5) <> "substring"((store.s_zip)::text, 1, 5))
         Rows Removed by Join Filter: 1
         Buffers: shared hit=2552941 read=5134255
         ->  Nested Loop  (cost=2571.38..9822648.85 rows=11 width=29) (actual time=29224.210..91663.384 rows=84 loops=1)
               Buffers: shared hit=2552781 read=5134253
               ->  Nested Loop  (cost=2570.96..9821570.29 rows=141 width=22) (actual time=28975.577..91504.472 rows=4611 loops=1)
                     Buffers: shared hit=2537506 read=5131084
                     ->  Nested Loop  (cost=2570.54..9801633.75 rows=2611 width=18) (actual time=28975.552..89834.625 rows=66196 loops=1)
                           Buffers: shared hit=2272728 read=5131078
                           ->  Hash Join  (cost=2570.11..9630824.73 rows=22327 width=18) (actual time=28954.950..76231.326 rows=566144 loops=1)
                                 Hash Cond: (store_sales.ss_sold_date_sk = date_dim.d_date_sk)
                                 Buffers: shared hit=40268 read=5126758
                                 ->  Seq Scan on store_sales  (cost=0.00..9485539.52 rows=54364643 width=22) (actual time=0.319..72737.701 rows=53574682 loops=1)
                                       Filter: ((ss_wholesale_cost >= '46'::numeric) AND (ss_wholesale_cost <= '66'::numeric))
                                       Rows Removed by Filter: 234422342
                                       Buffers: shared hit=38921 read=5126631
                                 ->  Hash  (cost=2569.73..2569.73 rows=30 width=4) (actual time=20.966..20.967 rows=30 loops=1)
                                       Buckets: 1024  Batches: 1  Memory Usage: 10kB
                                       Buffers: shared hit=1347 read=127
                                       ->  Seq Scan on date_dim  (cost=0.00..2569.73 rows=30 width=4) (actual time=12.971..20.955 rows=30 loops=1)
                                             Filter: ((d_year = 2000) AND (d_moy = 6))
                                             Rows Removed by Filter: 73019
                                             Buffers: shared hit=1347 read=127
                           ->  Index Scan using customer_pkey on customer  (cost=0.43..7.65 rows=1 width=8) (actual time=0.024..0.024 rows=0 loops=566144)
                                 Index Cond: (c_customer_sk = store_sales.ss_customer_sk)
                                 Filter: (c_birth_month = 8)
                                 Rows Removed by Filter: 1
                                 Buffers: shared hit=2232460 read=4320
                     ->  Index Scan using item_pkey on item  (cost=0.42..7.64 rows=1 width=12) (actual time=0.025..0.025 rows=0 loops=66196)
                           Index Cond: (i_item_sk = store_sales.ss_item_sk)
                           Filter: (i_category = 'Women'::bpchar)
                           Rows Removed by Filter: 1
                           Buffers: shared hit=264778 read=6
               ->  Index Scan using customer_address_pkey on customer_address  (cost=0.42..7.65 rows=1 width=15) (actual time=0.034..0.034 rows=0 loops=4611)
                     Index Cond: (ca_address_sk = customer.c_current_addr_sk)
                     Filter: (ca_state = 'TX'::bpchar)
                     Rows Removed by Filter: 1
                     Buffers: shared hit=15275 read=3169
         ->  Index Scan using store_pkey on store  (cost=0.15..5.72 rows=1 width=15) (actual time=0.009..0.009 rows=1 loops=84)
               Index Cond: (s_store_sk = store_sales.ss_store_sk)
               Buffers: shared hit=160 read=2
 Planning:
   Buffers: shared hit=460
 Planning Time: 5.525 ms
 Execution Time: 91665.369 ms
(48 rows)

