                                                                             QUERY PLAN                                                                              
---------------------------------------------------------------------------------------------------------------------------------------------------------------------
 Aggregate  (cost=9647112.09..9647112.10 rows=1 width=40) (actual time=85419.294..85419.301 rows=1 loops=1)
   Buffers: shared hit=1877559 read=5137251
   ->  Nested Loop  (cost=2571.54..9647112.06 rows=3 width=14) (actual time=50132.568..85419.122 rows=87 loops=1)
         Join Filter: ("substring"((customer_address.ca_zip)::text, 1, 5) <> "substring"((store.s_zip)::text, 1, 5))
         Rows Removed by Join Filter: 1
         Buffers: shared hit=1877559 read=5137251
         ->  Nested Loop  (cost=2571.39..9647094.83 rows=3 width=29) (actual time=50132.544..85417.916 rows=88 loops=1)
               Buffers: shared hit=1877384 read=5137250
               ->  Nested Loop  (cost=2570.97..9646987.94 rows=14 width=25) (actual time=50132.442..85409.076 rows=371 loops=1)
                     Buffers: shared hit=1875900 read=5137250
                     ->  Nested Loop  (cost=2570.55..9643574.33 rows=446 width=18) (actual time=50084.766..84990.182 rows=17372 loops=1)
                           Buffers: shared hit=1813436 read=5130226
                           ->  Hash Join  (cost=2570.12..9557614.89 rows=11236 width=18) (actual time=50084.118..74926.137 rows=449721 loops=1)
                                 Hash Cond: (store_sales.ss_sold_date_sk = date_dim.d_date_sk)
                                 Buffers: shared hit=37921 read=5129105
                                 ->  Seq Scan on store_sales  (cost=0.00..9485539.52 rows=26476724 width=22) (actual time=0.031..73000.985 rows=26847589 loops=1)
                                       Filter: ((ss_wholesale_cost >= '16'::numeric) AND (ss_wholesale_cost <= '36'::numeric))
                                       Rows Removed by Filter: 261149435
                                       Buffers: shared hit=36447 read=5129105
                                 ->  Hash  (cost=2569.73..2569.73 rows=31 width=4) (actual time=14.166..14.167 rows=31 loops=1)
                                       Buckets: 1024  Batches: 1  Memory Usage: 10kB
                                       Buffers: shared hit=1474
                                       ->  Seq Scan on date_dim  (cost=0.00..2569.73 rows=31 width=4) (actual time=7.532..14.157 rows=31 loops=1)
                                             Filter: ((d_year = 2001) AND (d_moy = 8))
                                             Rows Removed by Filter: 73018
                                             Buffers: shared hit=1474
                           ->  Index Scan using customer_pkey on customer  (cost=0.43..7.65 rows=1 width=8) (actual time=0.022..0.022 rows=0 loops=449721)
                                 Index Cond: (c_customer_sk = store_sales.ss_customer_sk)
                                 Filter: (c_birth_month = 9)
                                 Rows Removed by Filter: 1
                                 Buffers: shared hit=1775515 read=1121
                     ->  Index Scan using customer_address_pkey on customer_address  (cost=0.42..7.65 rows=1 width=15) (actual time=0.024..0.024 rows=0 loops=17372)
                           Index Cond: (ca_address_sk = customer.c_current_addr_sk)
                           Filter: (ca_state = 'IA'::bpchar)
                           Rows Removed by Filter: 1
                           Buffers: shared hit=62464 read=7024
               ->  Index Scan using item_pkey on item  (cost=0.42..7.64 rows=1 width=12) (actual time=0.023..0.023 rows=0 loops=371)
                     Index Cond: (i_item_sk = store_sales.ss_item_sk)
                     Filter: (i_category = 'Electronics'::bpchar)
                     Rows Removed by Filter: 1
                     Buffers: shared hit=1484
         ->  Index Scan using store_pkey on store  (cost=0.15..5.72 rows=1 width=15) (actual time=0.008..0.008 rows=1 loops=88)
               Index Cond: (s_store_sk = store_sales.ss_store_sk)
               Buffers: shared hit=175 read=1
 Planning:
   Buffers: shared hit=460
 Planning Time: 1.883 ms
 Execution Time: 85419.568 ms
(48 rows)

