                                                                            QUERY PLAN                                                                            
------------------------------------------------------------------------------------------------------------------------------------------------------------------
 Aggregate  (cost=9646141.15..9646141.16 rows=1 width=40) (actual time=79423.799..79423.803 rows=1 loops=1)
   Buffers: shared hit=739201 read=5132651
   ->  Nested Loop  (cost=19750.20..9646141.12 rows=4 width=14) (actual time=37271.584..79423.559 rows=168 loops=1)
         Join Filter: ("substring"((customer_address.ca_zip)::text, 1, 5) <> "substring"((store.s_zip)::text, 1, 5))
         Rows Removed by Join Filter: 1
         Buffers: shared hit=739201 read=5132651
         ->  Nested Loop  (cost=19750.05..9646118.15 rows=4 width=29) (actual time=37252.947..79421.090 rows=170 loops=1)
               Buffers: shared hit=738870 read=5132644
               ->  Nested Loop  (cost=19749.62..9645230.55 rows=116 width=22) (actual time=37251.189..79254.547 rows=9294 loops=1)
                     Buffers: shared hit=706453 read=5127885
                     ->  Hash Join  (cost=19749.20..9629807.47 rows=2016 width=22) (actual time=37250.501..76537.239 rows=165348 loops=1)
                           Hash Cond: (store_sales.ss_item_sk = item.i_item_sk)
                           Buffers: shared hit=53531 read=5127851
                           ->  Hash Join  (cost=2570.10..9612578.96 rows=18823 width=18) (actual time=37139.593..76219.915 rows=1295876 loops=1)
                                 Hash Cond: (store_sales.ss_sold_date_sk = date_dim.d_date_sk)
                                 Buffers: shared hit=39489 read=5127537
                                 ->  Seq Scan on store_sales  (cost=0.00..9485539.52 rows=47414263 width=22) (actual time=1.080..73120.751 rows=48370740 loops=1)
                                       Filter: ((ss_wholesale_cost >= '9'::numeric) AND (ss_wholesale_cost <= '29'::numeric))
                                       Rows Removed by Filter: 239626284
                                       Buffers: shared hit=38015 read=5127537
                                 ->  Hash  (cost=2569.73..2569.73 rows=29 width=4) (actual time=22.087..22.088 rows=30 loops=1)
                                       Buckets: 1024  Batches: 1  Memory Usage: 10kB
                                       Buffers: shared hit=1474
                                       ->  Seq Scan on date_dim  (cost=0.00..2569.73 rows=29 width=4) (actual time=12.873..22.073 rows=30 loops=1)
                                             Filter: ((d_year = 2000) AND (d_moy = 11))
                                             Rows Removed by Filter: 73019
                                             Buffers: shared hit=1474
                           ->  Hash  (cost=16906.00..16906.00 rows=21848 width=12) (actual time=110.738..110.739 rows=21811 loops=1)
                                 Buckets: 32768  Batches: 1  Memory Usage: 1193kB
                                 Buffers: shared hit=14042 read=314
                                 ->  Seq Scan on item  (cost=0.00..16906.00 rows=21848 width=12) (actual time=0.028..107.196 rows=21811 loops=1)
                                       Filter: (i_category = 'Sports'::bpchar)
                                       Rows Removed by Filter: 182189
                                       Buffers: shared hit=14042 read=314
                     ->  Index Scan using customer_pkey on customer  (cost=0.43..7.65 rows=1 width=8) (actual time=0.016..0.016 rows=0 loops=165348)
                           Index Cond: (c_customer_sk = store_sales.ss_customer_sk)
                           Filter: (c_birth_month = 3)
                           Rows Removed by Filter: 1
                           Buffers: shared hit=652922 read=34
               ->  Index Scan using customer_address_pkey on customer_address  (cost=0.42..7.65 rows=1 width=15) (actual time=0.018..0.018 rows=0 loops=9294)
                     Index Cond: (ca_address_sk = customer.c_current_addr_sk)
                     Filter: (ca_state = 'NC'::bpchar)
                     Rows Removed by Filter: 1
                     Buffers: shared hit=32417 read=4759
         ->  Index Scan using store_pkey on store  (cost=0.15..5.72 rows=1 width=15) (actual time=0.011..0.011 rows=1 loops=170)
               Index Cond: (s_store_sk = store_sales.ss_store_sk)
               Buffers: shared hit=331 read=7
 Planning:
   Buffers: shared hit=460
 Planning Time: 4.741 ms
 Execution Time: 79424.347 ms
(51 rows)

