                                                                            QUERY PLAN                                                                            
------------------------------------------------------------------------------------------------------------------------------------------------------------------
 Aggregate  (cost=9679861.96..9679861.97 rows=1 width=40) (actual time=80507.325..80507.330 rows=1 loops=1)
   Buffers: shared hit=1103087 read=5126093
   ->  Nested Loop  (cost=2571.53..9679861.95 rows=1 width=14) (actual time=56256.796..80507.291 rows=15 loops=1)
         Join Filter: ("substring"((customer_address.ca_zip)::text, 1, 5) <> "substring"((store.s_zip)::text, 1, 5))
         Rows Removed by Join Filter: 2
         Buffers: shared hit=1103087 read=5126093
         ->  Nested Loop  (cost=2571.38..9679856.21 rows=1 width=29) (actual time=56256.755..80507.015 rows=17 loops=1)
               Buffers: shared hit=1103053 read=5126093
               ->  Nested Loop  (cost=2570.96..9679397.19 rows=60 width=22) (actual time=56030.992..80492.791 rows=535 loops=1)
                     Buffers: shared hit=1101233 read=5125773
                     ->  Nested Loop  (cost=2570.53..9673934.84 rows=714 width=22) (actual time=56026.154..80303.434 rows=6995 loops=1)
                           Buffers: shared hit=1073543 read=5125771
                           ->  Hash Join  (cost=2570.11..9572786.08 rows=13247 width=18) (actual time=56025.247..74421.320 rows=258072 loops=1)
                                 Hash Cond: (store_sales.ss_sold_date_sk = date_dim.d_date_sk)
                                 Buffers: shared hit=42789 read=5124237
                                 ->  Seq Scan on store_sales  (cost=0.00..9485539.52 rows=32255907 width=22) (actual time=0.828..72253.396 rows=32336064 loops=1)
                                       Filter: ((ss_wholesale_cost >= '21'::numeric) AND (ss_wholesale_cost <= '41'::numeric))
                                       Rows Removed by Filter: 255660960
                                       Buffers: shared hit=41315 read=5124237
                                 ->  Hash  (cost=2569.73..2569.73 rows=30 width=4) (actual time=19.723..19.723 rows=30 loops=1)
                                       Buckets: 1024  Batches: 1  Memory Usage: 10kB
                                       Buffers: shared hit=1474
                                       ->  Seq Scan on date_dim  (cost=0.00..2569.73 rows=30 width=4) (actual time=11.541..19.703 rows=30 loops=1)
                                             Filter: ((d_year = 2002) AND (d_moy = 4))
                                             Rows Removed by Filter: 73019
                                             Buffers: shared hit=1474
                           ->  Index Scan using item_pkey on item  (cost=0.42..7.64 rows=1 width=12) (actual time=0.022..0.022 rows=0 loops=258072)
                                 Index Cond: (i_item_sk = store_sales.ss_item_sk)
                                 Filter: (i_category = 'Women'::bpchar)
                                 Rows Removed by Filter: 1
                                 Buffers: shared hit=1030754 read=1534
                     ->  Index Scan using customer_pkey on customer  (cost=0.43..7.65 rows=1 width=8) (actual time=0.027..0.027 rows=0 loops=6995)
                           Index Cond: (c_customer_sk = store_sales.ss_customer_sk)
                           Filter: (c_birth_month = 11)
                           Rows Removed by Filter: 1
                           Buffers: shared hit=27690 read=2
               ->  Index Scan using customer_address_pkey on customer_address  (cost=0.42..7.65 rows=1 width=15) (actual time=0.026..0.026 rows=0 loops=535)
                     Index Cond: (ca_address_sk = customer.c_current_addr_sk)
                     Filter: (ca_state = 'CO'::bpchar)
                     Rows Removed by Filter: 1
                     Buffers: shared hit=1820 read=320
         ->  Index Scan using store_pkey on store  (cost=0.15..5.72 rows=1 width=15) (actual time=0.010..0.010 rows=1 loops=17)
               Index Cond: (s_store_sk = store_sales.ss_store_sk)
               Buffers: shared hit=34
 Planning:
   Buffers: shared hit=460
 Planning Time: 4.805 ms
 Execution Time: 80507.835 ms
(48 rows)

