                                                                            QUERY PLAN                                                                            
------------------------------------------------------------------------------------------------------------------------------------------------------------------
 Aggregate  (cost=9647114.29..9647114.30 rows=1 width=40) (actual time=76925.482..76925.488 rows=1 loops=1)
   Buffers: shared hit=251529 read=5126797
   ->  Nested Loop  (cost=19750.21..9647114.26 rows=4 width=14) (actual time=54939.220..76925.414 rows=62 loops=1)
         Join Filter: ("substring"((customer_address.ca_zip)::text, 1, 5) <> "substring"((store.s_zip)::text, 1, 5))
         Rows Removed by Join Filter: 2
         Buffers: shared hit=251529 read=5126797
         ->  Nested Loop  (cost=19750.06..9647091.29 rows=4 width=29) (actual time=54939.201..76924.572 rows=64 loops=1)
               Buffers: shared hit=251402 read=5126796
               ->  Nested Loop  (cost=19749.64..9645760.14 rows=174 width=22) (actual time=54869.378..76856.493 rows=3784 loops=1)
                     Buffers: shared hit=238378 read=5124684
                     ->  Hash Join  (cost=19749.21..9629809.18 rows=2085 width=22) (actual time=54869.263..76131.222 rows=45992 loops=1)
                           Hash Cond: (store_sales.ss_item_sk = item.i_item_sk)
                           Buffers: shared hit=56703 read=5124679
                           ->  Hash Join  (cost=2570.11..9612578.97 rows=19472 width=18) (actual time=54770.098..75968.532 rows=401869 loops=1)
                                 Hash Cond: (store_sales.ss_sold_date_sk = date_dim.d_date_sk)
                                 Buffers: shared hit=42568 read=5124458
                                 ->  Seq Scan on store_sales  (cost=0.00..9485539.52 rows=47414263 width=22) (actual time=0.063..72983.499 rows=48370740 loops=1)
                                       Filter: ((ss_wholesale_cost >= '8'::numeric) AND (ss_wholesale_cost <= '28'::numeric))
                                       Rows Removed by Filter: 239626284
                                       Buffers: shared hit=41094 read=5124458
                                 ->  Hash  (cost=2569.73..2569.73 rows=30 width=4) (actual time=21.998..21.999 rows=31 loops=1)
                                       Buckets: 1024  Batches: 1  Memory Usage: 10kB
                                       Buffers: shared hit=1474
                                       ->  Seq Scan on date_dim  (cost=0.00..2569.73 rows=30 width=4) (actual time=12.456..21.987 rows=31 loops=1)
                                             Filter: ((d_year = 2001) AND (d_moy = 12))
                                             Rows Removed by Filter: 73018
                                             Buffers: shared hit=1474
                           ->  Hash  (cost=16906.00..16906.00 rows=21848 width=12) (actual time=98.936..98.937 rows=21811 loops=1)
                                 Buckets: 32768  Batches: 1  Memory Usage: 1193kB
                                 Buffers: shared hit=14135 read=221
                                 ->  Seq Scan on item  (cost=0.00..16906.00 rows=21848 width=12) (actual time=0.019..95.742 rows=21811 loops=1)
                                       Filter: (i_category = 'Sports'::bpchar)
                                       Rows Removed by Filter: 182189
                                       Buffers: shared hit=14135 read=221
                     ->  Index Scan using customer_pkey on customer  (cost=0.43..7.65 rows=1 width=8) (actual time=0.016..0.016 rows=0 loops=45992)
                           Index Cond: (c_customer_sk = store_sales.ss_customer_sk)
                           Filter: (c_birth_month = 11)
                           Rows Removed by Filter: 1
                           Buffers: shared hit=181675 read=5
               ->  Index Scan using customer_address_pkey on customer_address  (cost=0.42..7.65 rows=1 width=15) (actual time=0.018..0.018 rows=0 loops=3784)
                     Index Cond: (ca_address_sk = customer.c_current_addr_sk)
                     Filter: (ca_state = 'MI'::bpchar)
                     Rows Removed by Filter: 1
                     Buffers: shared hit=13024 read=2112
         ->  Index Scan using store_pkey on store  (cost=0.15..5.72 rows=1 width=15) (actual time=0.010..0.010 rows=1 loops=64)
               Index Cond: (s_store_sk = store_sales.ss_store_sk)
               Buffers: shared hit=127 read=1
 Planning:
   Buffers: shared hit=460
 Planning Time: 4.942 ms
 Execution Time: 76926.031 ms
(51 rows)

