                                                                            QUERY PLAN                                                                            
------------------------------------------------------------------------------------------------------------------------------------------------------------------
 Aggregate  (cost=9626474.03..9626474.04 rows=1 width=40) (actual time=74842.058..74842.064 rows=1 loops=1)
   Buffers: shared hit=310517 read=5128571
   ->  Hash Join  (cost=19817.16..9626473.99 rows=5 width=14) (actual time=7053.811..74841.910 rows=130 loops=1)
         Hash Cond: (store_sales.ss_store_sk = store.s_store_sk)
         Join Filter: ("substring"((customer_address.ca_zip)::text, 1, 5) <> "substring"((store.s_zip)::text, 1, 5))
         Rows Removed by Join Filter: 3
         Buffers: shared hit=310517 read=5128571
         ->  Nested Loop  (cost=19790.11..9626446.93 rows=5 width=29) (actual time=7050.898..74838.680 rows=133 loops=1)
               Buffers: shared hit=310501 read=5128569
               ->  Nested Loop  (cost=19789.69..9624886.37 rows=204 width=22) (actual time=7021.381..74761.587 rows=5732 loops=1)
                     Buffers: shared hit=290993 read=5125149
                     ->  Hash Join  (cost=19789.26..9609126.66 rows=2060 width=22) (actual time=7021.236..74087.561 rows=59448 loops=1)
                           Hash Cond: (store_sales.ss_item_sk = item.i_item_sk)
                           Buffers: shared hit=56242 read=5125140
                           ->  Hash Join  (cost=2570.12..9591863.49 rows=16773 width=18) (actual time=6906.876..73866.800 rows=680711 loops=1)
                                 Hash Cond: (store_sales.ss_sold_date_sk = date_dim.d_date_sk)
                                 Buffers: shared hit=42089 read=5124937
                                 ->  Seq Scan on store_sales  (cost=0.00..9485539.52 rows=39523085 width=22) (actual time=0.043..71274.331 rows=40114371 loops=1)
                                       Filter: ((ss_wholesale_cost >= '26'::numeric) AND (ss_wholesale_cost <= '46'::numeric))
                                       Rows Removed by Filter: 247882653
                                       Buffers: shared hit=40658 read=5124894
                                 ->  Hash  (cost=2569.73..2569.73 rows=31 width=4) (actual time=21.887..21.888 rows=31 loops=1)
                                       Buckets: 1024  Batches: 1  Memory Usage: 10kB
                                       Buffers: shared hit=1431 read=43
                                       ->  Seq Scan on date_dim  (cost=0.00..2569.73 rows=31 width=4) (actual time=11.536..21.872 rows=31 loops=1)
                                             Filter: ((d_year = 1998) AND (d_moy = 7))
                                             Rows Removed by Filter: 73018
                                             Buffers: shared hit=1431 read=43
                           ->  Hash  (cost=16906.00..16906.00 rows=25051 width=12) (actual time=114.213..114.214 rows=24688 loops=1)
                                 Buckets: 32768  Batches: 1  Memory Usage: 1317kB
                                 Buffers: shared hit=14153 read=203
                                 ->  Seq Scan on item  (cost=0.00..16906.00 rows=25051 width=12) (actual time=0.018..110.016 rows=24688 loops=1)
                                       Filter: (i_category = 'Books'::bpchar)
                                       Rows Removed by Filter: 179312
                                       Buffers: shared hit=14153 read=203
                     ->  Index Scan using customer_pkey on customer  (cost=0.43..7.65 rows=1 width=8) (actual time=0.011..0.011 rows=0 loops=59448)
                           Index Cond: (c_customer_sk = store_sales.ss_customer_sk)
                           Filter: (c_birth_month = 1)
                           Rows Removed by Filter: 1
                           Buffers: shared hit=234751 read=9
               ->  Index Scan using customer_address_pkey on customer_address  (cost=0.42..7.65 rows=1 width=15) (actual time=0.013..0.013 rows=0 loops=5732)
                     Index Cond: (ca_address_sk = customer.c_current_addr_sk)
                     Filter: (ca_state = 'MS'::bpchar)
                     Rows Removed by Filter: 1
                     Buffers: shared hit=19508 read=3420
         ->  Hash  (cost=22.02..22.02 rows=402 width=15) (actual time=2.880..2.880 rows=402 loops=1)
               Buckets: 1024  Batches: 1  Memory Usage: 27kB
               Buffers: shared hit=16 read=2
               ->  Seq Scan on store  (cost=0.00..22.02 rows=402 width=15) (actual time=0.029..2.714 rows=402 loops=1)
                     Buffers: shared hit=16 read=2
 Planning:
   Buffers: shared hit=460
 Planning Time: 4.940 ms
 Execution Time: 74842.581 ms
(54 rows)

