                                                                             QUERY PLAN                                                                              
---------------------------------------------------------------------------------------------------------------------------------------------------------------------
 Aggregate  (cost=9743437.68..9743437.69 rows=1 width=40) (actual time=84328.642..84328.647 rows=1 loops=1)
   Buffers: shared hit=1364590 read=5136706
   ->  Nested Loop  (cost=2571.53..9743437.67 rows=2 width=14) (actual time=28164.583..84328.562 rows=35 loops=1)
         Join Filter: ("substring"((customer_address.ca_zip)::text, 1, 5) <> "substring"((store.s_zip)::text, 1, 5))
         Buffers: shared hit=1364590 read=5136706
         ->  Nested Loop  (cost=2571.38..9743426.18 rows=2 width=29) (actual time=28164.555..84328.033 rows=35 loops=1)
               Buffers: shared hit=1364520 read=5136706
               ->  Nested Loop  (cost=2570.96..9743197.11 rows=30 width=25) (actual time=27951.734..84316.403 rows=363 loops=1)
                     Buffers: shared hit=1363193 read=5136581
                     ->  Nested Loop  (cost=2570.54..9732096.55 rows=1451 width=18) (actual time=27943.383..83673.198 rows=25181 loops=1)
                           Buffers: shared hit=1269129 read=5129921
                           ->  Hash Join  (cost=2570.11..9599171.86 rows=17375 width=18) (actual time=27943.168..76431.159 rows=311703 loops=1)
                                 Hash Cond: (store_sales.ss_sold_date_sk = date_dim.d_date_sk)
                                 Buffers: shared hit=37152 read=5129874
                                 ->  Seq Scan on store_sales  (cost=0.00..9485539.52 rows=42307078 width=22) (actual time=0.035..73633.876 rows=43022880 loops=1)
                                       Filter: ((ss_wholesale_cost >= '5'::numeric) AND (ss_wholesale_cost <= '25'::numeric))
                                       Rows Removed by Filter: 244974144
                                       Buffers: shared hit=35678 read=5129874
                                 ->  Hash  (cost=2569.73..2569.73 rows=30 width=4) (actual time=20.490..20.491 rows=30 loops=1)
                                       Buckets: 1024  Batches: 1  Memory Usage: 10kB
                                       Buffers: shared hit=1474
                                       ->  Seq Scan on date_dim  (cost=0.00..2569.73 rows=30 width=4) (actual time=10.579..20.478 rows=30 loops=1)
                                             Filter: ((d_year = 2000) AND (d_moy = 4))
                                             Rows Removed by Filter: 73019
                                             Buffers: shared hit=1474
                           ->  Index Scan using customer_pkey on customer  (cost=0.43..7.65 rows=1 width=8) (actual time=0.023..0.023 rows=0 loops=311703)
                                 Index Cond: (c_customer_sk = store_sales.ss_customer_sk)
                                 Filter: (c_birth_month = 11)
                                 Rows Removed by Filter: 1
                                 Buffers: shared hit=1231977 read=47
                     ->  Index Scan using customer_address_pkey on customer_address  (cost=0.42..7.65 rows=1 width=15) (actual time=0.025..0.025 rows=0 loops=25181)
                           Index Cond: (ca_address_sk = customer.c_current_addr_sk)
                           Filter: (ca_state = 'WI'::bpchar)
                           Rows Removed by Filter: 1
                           Buffers: shared hit=94064 read=6660
               ->  Index Scan using item_pkey on item  (cost=0.42..7.64 rows=1 width=12) (actual time=0.031..0.031 rows=0 loops=363)
                     Index Cond: (i_item_sk = store_sales.ss_item_sk)
                     Filter: (i_category = 'Men'::bpchar)
                     Rows Removed by Filter: 1
                     Buffers: shared hit=1327 read=125
         ->  Index Scan using store_pkey on store  (cost=0.15..5.72 rows=1 width=15) (actual time=0.009..0.009 rows=1 loops=35)
               Index Cond: (s_store_sk = store_sales.ss_store_sk)
               Buffers: shared hit=70
 Planning:
   Buffers: shared hit=460
 Planning Time: 4.926 ms
 Execution Time: 84329.019 ms
(47 rows)

