                                                                            QUERY PLAN                                                                            
------------------------------------------------------------------------------------------------------------------------------------------------------------------
 Aggregate  (cost=9757404.58..9757404.59 rows=1 width=40) (actual time=78726.323..78726.329 rows=1 loops=1)
   Buffers: shared hit=785922 read=5139102
   ->  Hash Join  (cost=19922.97..9757404.36 rows=30 width=14) (actual time=51768.121..78726.043 rows=334 loops=1)
         Hash Cond: (store_sales.ss_store_sk = store.s_store_sk)
         Join Filter: ("substring"((customer_address.ca_zip)::text, 1, 5) <> "substring"((store.s_zip)::text, 1, 5))
         Rows Removed by Join Filter: 7
         Buffers: shared hit=785922 read=5139102
         ->  Nested Loop  (cost=19895.93..9757377.23 rows=30 width=29) (actual time=51767.315..78724.489 rows=346 loops=1)
               Buffers: shared hit=785904 read=5139102
               ->  Nested Loop  (cost=19895.50..9752626.97 rows=621 width=22) (actual time=51715.014..78286.143 rows=19691 loops=1)
                     Buffers: shared hit=713304 read=5132938
                     ->  Hash Join  (cost=19895.07..9712019.03 rows=5308 width=22) (actual time=51714.935..74835.912 rows=168341 loops=1)
                           Hash Cond: (store_sales.ss_item_sk = item.i_item_sk)
                           Buffers: shared hit=48648 read=5132734
                           ->  Hash Join  (cost=2570.11..9694609.27 rows=32305 width=18) (actual time=51606.595..74560.288 rows=701618 loops=1)
                                 Hash Cond: (store_sales.ss_sold_date_sk = date_dim.d_date_sk)
                                 Buffers: shared hit=35187 read=5131839
                                 ->  Seq Scan on store_sales  (cost=0.00..9485539.52 rows=78662172 width=22) (actual time=0.036..69825.399 rows=78419996 loops=1)
                                       Filter: ((ss_wholesale_cost >= '73'::numeric) AND (ss_wholesale_cost <= '93'::numeric))
                                       Rows Removed by Filter: 209577028
                                       Buffers: shared hit=33713 read=5131839
                                 ->  Hash  (cost=2569.73..2569.73 rows=30 width=4) (actual time=20.163..20.163 rows=30 loops=1)
                                       Buckets: 1024  Batches: 1  Memory Usage: 10kB
                                       Buffers: shared hit=1474
                                       ->  Seq Scan on date_dim  (cost=0.00..2569.73 rows=30 width=4) (actual time=10.953..20.154 rows=30 loops=1)
                                             Filter: ((d_year = 2001) AND (d_moy = 9))
                                             Rows Removed by Filter: 73019
                                             Buffers: shared hit=1474
                           ->  Hash  (cost=16906.00..16906.00 rows=33517 width=12) (actual time=108.089..108.090 rows=33627 loops=1)
                                 Buckets: 65536  Batches: 1  Memory Usage: 1957kB
                                 Buffers: shared hit=13461 read=895
                                 ->  Seq Scan on item  (cost=0.00..16906.00 rows=33517 width=12) (actual time=0.017..102.612 rows=33627 loops=1)
                                       Filter: (i_category = 'Shoes'::bpchar)
                                       Rows Removed by Filter: 170373
                                       Buffers: shared hit=13461 read=895
                     ->  Index Scan using customer_pkey on customer  (cost=0.43..7.65 rows=1 width=8) (actual time=0.020..0.020 rows=0 loops=168341)
                           Index Cond: (c_customer_sk = store_sales.ss_customer_sk)
                           Filter: (c_birth_month = 8)
                           Rows Removed by Filter: 1
                           Buffers: shared hit=664656 read=204
               ->  Index Scan using customer_address_pkey on customer_address  (cost=0.42..7.65 rows=1 width=15) (actual time=0.022..0.022 rows=0 loops=19691)
                     Index Cond: (ca_address_sk = customer.c_current_addr_sk)
                     Filter: (ca_state = 'GA'::bpchar)
                     Rows Removed by Filter: 1
                     Buffers: shared hit=72600 read=6164
         ->  Hash  (cost=22.02..22.02 rows=402 width=15) (actual time=0.774..0.774 rows=402 loops=1)
               Buckets: 1024  Batches: 1  Memory Usage: 27kB
               Buffers: shared hit=18
               ->  Seq Scan on store  (cost=0.00..22.02 rows=402 width=15) (actual time=0.030..0.615 rows=402 loops=1)
                     Buffers: shared hit=18
 Planning:
   Buffers: shared hit=460
 Planning Time: 4.952 ms
 Execution Time: 78726.867 ms
(54 rows)

