                                                                            QUERY PLAN                                                                            
------------------------------------------------------------------------------------------------------------------------------------------------------------------
 Aggregate  (cost=9761085.13..9761085.14 rows=1 width=40) (actual time=100108.169..100108.174 rows=1 loops=1)
   Buffers: shared hit=3806705 read=5137405
   ->  Nested Loop  (cost=2571.54..9761085.01 rows=16 width=14) (actual time=15193.741..100107.771 rows=167 loops=1)
         Join Filter: ("substring"((customer_address.ca_zip)::text, 1, 5) <> "substring"((store.s_zip)::text, 1, 5))
         Rows Removed by Join Filter: 3
         Buffers: shared hit=3806705 read=5137405
         ->  Nested Loop  (cost=2571.39..9760993.12 rows=16 width=29) (actual time=15193.707..100101.338 rows=172 loops=1)
               Buffers: shared hit=3806365 read=5137405
               ->  Nested Loop  (cost=2570.97..9759493.98 rows=196 width=22) (actual time=15089.611..99790.636 rows=10312 loops=1)
                     Buffers: shared hit=3771058 read=5131464
                     ->  Nested Loop  (cost=2570.55..9736526.11 rows=3008 width=18) (actual time=15089.463..96484.156 rows=135515 loops=1)
                           Buffers: shared hit=3229022 read=5131440
                           ->  Hash Join  (cost=2570.12..9599171.87 rows=17954 width=18) (actual time=15089.419..77315.854 rows=808073 loops=1)
                                 Hash Cond: (store_sales.ss_sold_date_sk = date_dim.d_date_sk)
                                 Buffers: shared hit=37617 read=5129409
                                 ->  Seq Scan on store_sales  (cost=0.00..9485539.52 rows=42307078 width=22) (actual time=0.047..74358.193 rows=43022880 loops=1)
                                       Filter: ((ss_wholesale_cost >= '2'::numeric) AND (ss_wholesale_cost <= '22'::numeric))
                                       Rows Removed by Filter: 244974144
                                       Buffers: shared hit=36143 read=5129409
                                 ->  Hash  (cost=2569.73..2569.73 rows=31 width=4) (actual time=18.435..18.436 rows=31 loops=1)
                                       Buckets: 1024  Batches: 1  Memory Usage: 10kB
                                       Buffers: shared hit=1474
                                       ->  Seq Scan on date_dim  (cost=0.00..2569.73 rows=31 width=4) (actual time=10.039..18.422 rows=31 loops=1)
                                             Filter: ((d_year = 1999) AND (d_moy = 3))
                                             Rows Removed by Filter: 73018
                                             Buffers: shared hit=1474
                           ->  Index Scan using customer_pkey on customer  (cost=0.43..7.65 rows=1 width=8) (actual time=0.023..0.023 rows=0 loops=808073)
                                 Index Cond: (c_customer_sk = store_sales.ss_customer_sk)
                                 Filter: (c_birth_month = 4)
                                 Rows Removed by Filter: 1
                                 Buffers: shared hit=3191405 read=2031
                     ->  Index Scan using item_pkey on item  (cost=0.42..7.64 rows=1 width=12) (actual time=0.024..0.024 rows=0 loops=135515)
                           Index Cond: (i_item_sk = store_sales.ss_item_sk)
                           Filter: (i_category = 'Men'::bpchar)
                           Rows Removed by Filter: 1
                           Buffers: shared hit=542036 read=24
               ->  Index Scan using customer_address_pkey on customer_address  (cost=0.42..7.65 rows=1 width=15) (actual time=0.030..0.030 rows=0 loops=10312)
                     Index Cond: (ca_address_sk = customer.c_current_addr_sk)
                     Filter: (ca_state = 'TX'::bpchar)
                     Rows Removed by Filter: 1
                     Buffers: shared hit=35307 read=5941
         ->  Index Scan using store_pkey on store  (cost=0.15..5.72 rows=1 width=15) (actual time=0.031..0.031 rows=1 loops=172)
               Index Cond: (s_store_sk = store_sales.ss_store_sk)
               Buffers: shared hit=340
 Planning:
   Buffers: shared hit=460
 Planning Time: 3.550 ms
 Execution Time: 100108.537 ms
(48 rows)

