                                                                            QUERY PLAN                                                                            
------------------------------------------------------------------------------------------------------------------------------------------------------------------
 Aggregate  (cost=9676019.36..9676019.37 rows=1 width=40) (actual time=73466.613..73466.618 rows=1 loops=1)
   Buffers: shared hit=357121 read=5123245
   ->  Nested Loop  (cost=19750.21..9676019.35 rows=1 width=14) (actual time=16211.040..73466.580 rows=14 loops=1)
         Join Filter: ("substring"((customer_address.ca_zip)::text, 1, 5) <> "substring"((store.s_zip)::text, 1, 5))
         Buffers: shared hit=357121 read=5123245
         ->  Nested Loop  (cost=19750.06..9676013.61 rows=1 width=29) (actual time=16211.006..73466.404 rows=14 loops=1)
               Buffers: shared hit=357093 read=5123245
               ->  Nested Loop  (cost=19749.64..9675745.28 rows=35 width=22) (actual time=16126.061..73448.361 rows=980 loops=1)
                     Buffers: shared hit=353800 read=5122618
                     ->  Hash Join  (cost=19749.21..9656382.28 rows=2531 width=22) (actual time=16123.339..72354.917 rows=74656 loops=1)
                           Hash Cond: (store_sales.ss_item_sk = item.i_item_sk)
                           Buffers: shared hit=58798 read=5122584
                           ->  Hash Join  (cost=2570.11..9639141.16 rows=23628 width=18) (actual time=16012.519..72118.137 rows=869456 loops=1)
                                 Hash Cond: (store_sales.ss_sold_date_sk = date_dim.d_date_sk)
                                 Buffers: shared hit=44757 read=5122269
                                 ->  Seq Scan on store_sales  (cost=0.00..9485539.52 rows=57532634 width=22) (actual time=0.061..68526.269 rows=57752041 loops=1)
                                       Filter: ((ss_wholesale_cost >= '78'::numeric) AND (ss_wholesale_cost <= '98'::numeric))
                                       Rows Removed by Filter: 230244983
                                       Buffers: shared hit=43283 read=5122269
                                 ->  Hash  (cost=2569.73..2569.73 rows=30 width=4) (actual time=20.841..20.842 rows=31 loops=1)
                                       Buckets: 1024  Batches: 1  Memory Usage: 10kB
                                       Buffers: shared hit=1474
                                       ->  Seq Scan on date_dim  (cost=0.00..2569.73 rows=30 width=4) (actual time=11.702..20.830 rows=31 loops=1)
                                             Filter: ((d_year = 1999) AND (d_moy = 5))
                                             Rows Removed by Filter: 73018
                                             Buffers: shared hit=1474
                           ->  Hash  (cost=16906.00..16906.00 rows=21848 width=12) (actual time=110.657..110.658 rows=21811 loops=1)
                                 Buckets: 32768  Batches: 1  Memory Usage: 1193kB
                                 Buffers: shared hit=14041 read=315
                                 ->  Seq Scan on item  (cost=0.00..16906.00 rows=21848 width=12) (actual time=0.017..107.100 rows=21811 loops=1)
                                       Filter: (i_category = 'Sports'::bpchar)
                                       Rows Removed by Filter: 182189
                                       Buffers: shared hit=14041 read=315
                     ->  Index Scan using customer_pkey on customer  (cost=0.43..7.65 rows=1 width=8) (actual time=0.014..0.014 rows=0 loops=74656)
                           Index Cond: (c_customer_sk = store_sales.ss_customer_sk)
                           Filter: (c_birth_month = 5)
                           Rows Removed by Filter: 1
                           Buffers: shared hit=295002 read=34
               ->  Index Scan using customer_address_pkey on customer_address  (cost=0.42..7.67 rows=1 width=15) (actual time=0.018..0.018 rows=0 loops=980)
                     Index Cond: (ca_address_sk = customer.c_current_addr_sk)
                     Filter: (ca_state = 'IL'::bpchar)
                     Rows Removed by Filter: 1
                     Buffers: shared hit=3293 read=627
         ->  Index Scan using store_pkey on store  (cost=0.15..5.72 rows=1 width=15) (actual time=0.008..0.008 rows=1 loops=14)
               Index Cond: (s_store_sk = store_sales.ss_store_sk)
               Buffers: shared hit=28
 Planning:
   Buffers: shared hit=460
 Planning Time: 5.176 ms
 Execution Time: 73467.144 ms
(50 rows)

