                                                                            QUERY PLAN                                                                            
------------------------------------------------------------------------------------------------------------------------------------------------------------------
 Aggregate  (cost=9627793.45..9627793.46 rows=1 width=40) (actual time=77213.466..77213.472 rows=1 loops=1)
   Buffers: shared hit=551720 read=5137266
   ->  Nested Loop  (cost=19811.91..9627793.43 rows=3 width=14) (actual time=36845.943..77213.180 rows=221 loops=1)
         Join Filter: ("substring"((customer_address.ca_zip)::text, 1, 5) <> "substring"((store.s_zip)::text, 1, 5))
         Rows Removed by Join Filter: 5
         Buffers: shared hit=551720 read=5137266
         ->  Nested Loop  (cost=19811.76..9627776.20 rows=3 width=29) (actual time=36845.921..77210.025 rows=229 loops=1)
               Buffers: shared hit=551271 read=5137263
               ->  Nested Loop  (cost=19811.34..9626215.64 rows=204 width=22) (actual time=36835.065..77036.208 rows=11345 loops=1)
                     Buffers: shared hit=513047 read=5130107
                     ->  Hash Join  (cost=19810.91..9610279.97 rows=2083 width=22) (actual time=36835.001..75414.964 rows=116858 loops=1)
                           Hash Cond: (store_sales.ss_item_sk = item.i_item_sk)
                           Buffers: shared hit=51437 read=5129945
                           ->  Hash Join  (cost=2570.10..9592997.52 rows=15862 width=18) (actual time=36727.885..75117.924 rows=1090515 loops=1)
                                 Hash Cond: (store_sales.ss_sold_date_sk = date_dim.d_date_sk)
                                 Buffers: shared hit=37283 read=5129743
                                 ->  Seq Scan on store_sales  (cost=0.00..9485539.52 rows=39955084 width=22) (actual time=0.047..72413.071 rows=40694154 loops=1)
                                       Filter: ((ss_wholesale_cost >= '7'::numeric) AND (ss_wholesale_cost <= '27'::numeric))
                                       Rows Removed by Filter: 247302870
                                       Buffers: shared hit=37242 read=5128310
                                 ->  Hash  (cost=2569.73..2569.73 rows=29 width=4) (actual time=21.791..21.792 rows=30 loops=1)
                                       Buckets: 1024  Batches: 1  Memory Usage: 10kB
                                       Buffers: shared hit=41 read=1433
                                       ->  Seq Scan on date_dim  (cost=0.00..2569.73 rows=29 width=4) (actual time=12.310..21.780 rows=30 loops=1)
                                             Filter: ((d_year = 2000) AND (d_moy = 11))
                                             Rows Removed by Filter: 73019
                                             Buffers: shared hit=41 read=1433
                           ->  Hash  (cost=16906.00..16906.00 rows=26785 width=12) (actual time=106.962..106.963 rows=26695 loops=1)
                                 Buckets: 32768  Batches: 1  Memory Usage: 1403kB
                                 Buffers: shared hit=14154 read=202
                                 ->  Seq Scan on item  (cost=0.00..16906.00 rows=26785 width=12) (actual time=0.010..102.918 rows=26695 loops=1)
                                       Filter: (i_category = 'Children'::bpchar)
                                       Rows Removed by Filter: 177305
                                       Buffers: shared hit=14154 read=202
                     ->  Index Scan using customer_pkey on customer  (cost=0.43..7.65 rows=1 width=8) (actual time=0.014..0.014 rows=0 loops=116858)
                           Index Cond: (c_customer_sk = store_sales.ss_customer_sk)
                           Filter: (c_birth_month = 2)
                           Rows Removed by Filter: 1
                           Buffers: shared hit=461610 read=162
               ->  Index Scan using customer_address_pkey on customer_address  (cost=0.42..7.65 rows=1 width=15) (actual time=0.015..0.015 rows=0 loops=11345)
                     Index Cond: (ca_address_sk = customer.c_current_addr_sk)
                     Filter: (ca_state = 'ND'::bpchar)
                     Rows Removed by Filter: 1
                     Buffers: shared hit=38224 read=7156
         ->  Index Scan using store_pkey on store  (cost=0.15..5.72 rows=1 width=15) (actual time=0.010..0.010 rows=1 loops=229)
               Index Cond: (s_store_sk = store_sales.ss_store_sk)
               Buffers: shared hit=449 read=3
 Planning:
   Buffers: shared hit=421 read=39
 Planning Time: 4.760 ms
 Execution Time: 77213.862 ms
(51 rows)

