                                                                            QUERY PLAN                                                                            
------------------------------------------------------------------------------------------------------------------------------------------------------------------
 Aggregate  (cost=9651747.16..9651747.17 rows=1 width=40) (actual time=78875.381..78875.388 rows=1 loops=1)
   Buffers: shared hit=653146 read=5136878
   ->  Hash Join  (cost=19838.82..9651747.06 rows=14 width=14) (actual time=47221.709..78875.082 rows=289 loops=1)
         Hash Cond: (store_sales.ss_store_sk = store.s_store_sk)
         Join Filter: ("substring"((customer_address.ca_zip)::text, 1, 5) <> "substring"((store.s_zip)::text, 1, 5))
         Rows Removed by Join Filter: 7
         Buffers: shared hit=653146 read=5136878
         ->  Nested Loop  (cost=19811.78..9651719.97 rows=14 width=29) (actual time=47218.766..78871.447 rows=297 loops=1)
               Buffers: shared hit=653129 read=5136877
               ->  Nested Loop  (cost=19811.35..9649432.81 rows=299 width=22) (actual time=47168.089..78607.919 rows=16058 loops=1)
                     Buffers: shared hit=593150 read=5132624
                     ->  Hash Join  (cost=19810.92..9629870.89 rows=2557 width=22) (actual time=47167.798..76504.983 rows=137723 loops=1)
                           Hash Cond: (store_sales.ss_item_sk = item.i_item_sk)
                           Buffers: shared hit=48770 read=5132612
                           ->  Hash Join  (cost=2570.11..9612578.97 rows=19472 width=18) (actual time=47067.047..76191.701 rows=1282814 loops=1)
                                 Hash Cond: (store_sales.ss_sold_date_sk = date_dim.d_date_sk)
                                 Buffers: shared hit=34729 read=5132297
                                 ->  Seq Scan on store_sales  (cost=0.00..9485539.52 rows=47414263 width=22) (actual time=0.045..73076.533 rows=48370740 loops=1)
                                       Filter: ((ss_wholesale_cost >= '9'::numeric) AND (ss_wholesale_cost <= '29'::numeric))
                                       Rows Removed by Filter: 239626284
                                       Buffers: shared hit=33255 read=5132297
                                 ->  Hash  (cost=2569.73..2569.73 rows=30 width=4) (actual time=18.707..18.708 rows=30 loops=1)
                                       Buckets: 1024  Batches: 1  Memory Usage: 10kB
                                       Buffers: shared hit=1474
                                       ->  Seq Scan on date_dim  (cost=0.00..2569.73 rows=30 width=4) (actual time=10.390..18.696 rows=30 loops=1)
                                             Filter: ((d_year = 2001) AND (d_moy = 6))
                                             Rows Removed by Filter: 73019
                                             Buffers: shared hit=1474
                           ->  Hash  (cost=16906.00..16906.00 rows=26785 width=12) (actual time=100.613..100.614 rows=26695 loops=1)
                                 Buckets: 32768  Batches: 1  Memory Usage: 1403kB
                                 Buffers: shared hit=14041 read=315
                                 ->  Seq Scan on item  (cost=0.00..16906.00 rows=26785 width=12) (actual time=0.011..96.488 rows=26695 loops=1)
                                       Filter: (i_category = 'Children'::bpchar)
                                       Rows Removed by Filter: 177305
                                       Buffers: shared hit=14041 read=315
                     ->  Index Scan using customer_pkey on customer  (cost=0.43..7.65 rows=1 width=8) (actual time=0.015..0.015 rows=0 loops=137723)
                           Index Cond: (c_customer_sk = store_sales.ss_customer_sk)
                           Filter: (c_birth_month = 8)
                           Rows Removed by Filter: 1
                           Buffers: shared hit=544380 read=12
               ->  Index Scan using customer_address_pkey on customer_address  (cost=0.42..7.65 rows=1 width=15) (actual time=0.016..0.016 rows=0 loops=16058)
                     Index Cond: (ca_address_sk = customer.c_current_addr_sk)
                     Filter: (ca_state = 'GA'::bpchar)
                     Rows Removed by Filter: 1
                     Buffers: shared hit=59979 read=4253
         ->  Hash  (cost=22.02..22.02 rows=402 width=15) (actual time=2.908..2.909 rows=402 loops=1)
               Buckets: 1024  Batches: 1  Memory Usage: 27kB
               Buffers: shared hit=17 read=1
               ->  Seq Scan on store  (cost=0.00..22.02 rows=402 width=15) (actual time=0.029..2.748 rows=402 loops=1)
                     Buffers: shared hit=17 read=1
 Planning:
   Buffers: shared hit=460
 Planning Time: 4.819 ms
 Execution Time: 78875.920 ms
(54 rows)

