                                                                            QUERY PLAN                                                                            
------------------------------------------------------------------------------------------------------------------------------------------------------------------
 Aggregate  (cost=9743509.95..9743509.96 rows=1 width=40) (actual time=78921.287..78921.292 rows=1 loops=1)
   Buffers: shared hit=555072 read=5134896
   ->  Hash Join  (cost=20034.15..9743509.89 rows=8 width=14) (actual time=53960.622..78921.099 rows=234 loops=1)
         Hash Cond: (store_sales.ss_store_sk = store.s_store_sk)
         Join Filter: ("substring"((customer_address.ca_zip)::text, 1, 5) <> "substring"((store.s_zip)::text, 1, 5))
         Rows Removed by Join Filter: 8
         Buffers: shared hit=555072 read=5134896
         ->  Nested Loop  (cost=20007.10..9743482.82 rows=8 width=29) (actual time=53947.382..78919.753 rows=244 loops=1)
               Buffers: shared hit=555054 read=5134896
               ->  Nested Loop  (cost=20006.68..9739000.03 rows=586 width=22) (actual time=53926.633..78673.449 rows=11536 loops=1)
                     Buffers: shared hit=511707 read=5132099
                     ->  Hash Join  (cost=20006.25..9693748.33 rows=5915 width=22) (actual time=53926.185..76381.241 rows=117017 loops=1)
                           Hash Cond: (store_sales.ss_item_sk = item.i_item_sk)
                           Buffers: shared hit=49295 read=5132087
                           ->  Hash Join  (cost=2570.10..9676237.50 rows=28450 width=18) (actual time=53827.622..76149.848 rows=596616 loops=1)
                                 Hash Cond: (store_sales.ss_sold_date_sk = date_dim.d_date_sk)
                                 Buffers: shared hit=35149 read=5131877
                                 ->  Seq Scan on store_sales  (cost=0.00..9485539.52 rows=71663793 width=22) (actual time=0.050..71878.475 rows=71083444 loops=1)
                                       Filter: ((ss_wholesale_cost >= '52'::numeric) AND (ss_wholesale_cost <= '72'::numeric))
                                       Rows Removed by Filter: 216913580
                                       Buffers: shared hit=35108 read=5130444
                                 ->  Hash  (cost=2569.73..2569.73 rows=29 width=4) (actual time=22.957..22.957 rows=30 loops=1)
                                       Buckets: 1024  Batches: 1  Memory Usage: 10kB
                                       Buffers: shared hit=41 read=1433
                                       ->  Seq Scan on date_dim  (cost=0.00..2569.73 rows=29 width=4) (actual time=13.751..22.939 rows=30 loops=1)
                                             Filter: ((d_year = 2001) AND (d_moy = 11))
                                             Rows Removed by Filter: 73019
                                             Buffers: shared hit=41 read=1433
                           ->  Hash  (cost=16906.00..16906.00 rows=42412 width=12) (actual time=98.324..98.325 rows=42041 loops=1)
                                 Buckets: 65536  Batches: 1  Memory Usage: 2319kB
                                 Buffers: shared hit=14146 read=210
                                 ->  Seq Scan on item  (cost=0.00..16906.00 rows=42412 width=12) (actual time=0.013..92.451 rows=42041 loops=1)
                                       Filter: (i_category = 'Electronics'::bpchar)
                                       Rows Removed by Filter: 161959
                                       Buffers: shared hit=14146 read=210
                     ->  Index Scan using customer_pkey on customer  (cost=0.43..7.65 rows=1 width=8) (actual time=0.019..0.019 rows=0 loops=117017)
                           Index Cond: (c_customer_sk = store_sales.ss_customer_sk)
                           Filter: (c_birth_month = 1)
                           Rows Removed by Filter: 1
                           Buffers: shared hit=462412 read=12
               ->  Index Scan using customer_address_pkey on customer_address  (cost=0.42..7.65 rows=1 width=15) (actual time=0.021..0.021 rows=0 loops=11536)
                     Index Cond: (ca_address_sk = customer.c_current_addr_sk)
                     Filter: (ca_state = 'OR'::bpchar)
                     Rows Removed by Filter: 1
                     Buffers: shared hit=43347 read=2797
         ->  Hash  (cost=22.02..22.02 rows=402 width=15) (actual time=0.799..0.800 rows=402 loops=1)
               Buckets: 1024  Batches: 1  Memory Usage: 27kB
               Buffers: shared hit=18
               ->  Seq Scan on store  (cost=0.00..22.02 rows=402 width=15) (actual time=0.034..0.635 rows=402 loops=1)
                     Buffers: shared hit=18
 Planning:
   Buffers: shared hit=421 read=39
 Planning Time: 7.013 ms
 Execution Time: 78921.872 ms
(54 rows)

