                                                                            QUERY PLAN                                                                            
------------------------------------------------------------------------------------------------------------------------------------------------------------------
 Aggregate  (cost=9803218.44..9803218.45 rows=1 width=40) (actual time=92759.436..92759.442 rows=1 loops=1)
   Buffers: shared hit=2464961 read=5143971
   ->  Hash Join  (cost=20034.15..9803218.37 rows=10 width=14) (actual time=38296.444..92758.644 rows=863 loops=1)
         Hash Cond: (store_sales.ss_store_sk = store.s_store_sk)
         Join Filter: ("substring"((customer_address.ca_zip)::text, 1, 5) <> "substring"((store.s_zip)::text, 1, 5))
         Rows Removed by Join Filter: 22
         Buffers: shared hit=2464961 read=5143971
         ->  Nested Loop  (cost=20007.10..9803191.30 rows=10 width=29) (actual time=38295.527..92755.648 rows=891 loops=1)
               Buffers: shared hit=2464944 read=5143970
               ->  Nested Loop  (cost=20006.68..9798448.12 rows=620 width=22) (actual time=38293.692..91724.738 rows=46201 loops=1)
                     Buffers: shared hit=2286686 read=5137424
                     ->  Hash Join  (cost=20006.25..9741675.05 rows=7421 width=22) (actual time=38293.138..80074.622 rows=567396 loops=1)
                           Hash Cond: (store_sales.ss_item_sk = item.i_item_sk)
                           Buffers: shared hit=43985 read=5137397
                           ->  Hash Join  (cost=2570.10..9724145.20 rows=35695 width=18) (actual time=38170.049..79363.968 rows=2397781 loops=1)
                                 Hash Cond: (store_sales.ss_sold_date_sk = date_dim.d_date_sk)
                                 Buffers: shared hit=29837 read=5137189
                                 ->  Seq Scan on store_sales  (cost=0.00..9485539.52 rows=89913339 width=22) (actual time=0.034..73685.579 rows=89530603 loops=1)
                                       Filter: ((ss_wholesale_cost >= '58'::numeric) AND (ss_wholesale_cost <= '78'::numeric))
                                       Rows Removed by Filter: 198466421
                                       Buffers: shared hit=28363 read=5137189
                                 ->  Hash  (cost=2569.73..2569.73 rows=29 width=4) (actual time=20.449..20.450 rows=30 loops=1)
                                       Buckets: 1024  Batches: 1  Memory Usage: 10kB
                                       Buffers: shared hit=1474
                                       ->  Seq Scan on date_dim  (cost=0.00..2569.73 rows=29 width=4) (actual time=9.956..20.435 rows=30 loops=1)
                                             Filter: ((d_year = 2000) AND (d_moy = 11))
                                             Rows Removed by Filter: 73019
                                             Buffers: shared hit=1474
                           ->  Hash  (cost=16906.00..16906.00 rows=42412 width=12) (actual time=122.850..122.850 rows=42041 loops=1)
                                 Buckets: 65536  Batches: 1  Memory Usage: 2319kB
                                 Buffers: shared hit=14148 read=208
                                 ->  Seq Scan on item  (cost=0.00..16906.00 rows=42412 width=12) (actual time=0.011..115.340 rows=42041 loops=1)
                                       Filter: (i_category = 'Electronics'::bpchar)
                                       Rows Removed by Filter: 161959
                                       Buffers: shared hit=14148 read=208
                     ->  Index Scan using customer_pkey on customer  (cost=0.43..7.65 rows=1 width=8) (actual time=0.020..0.020 rows=0 loops=567396)
                           Index Cond: (c_customer_sk = store_sales.ss_customer_sk)
                           Filter: (c_birth_month = 11)
                           Rows Removed by Filter: 1
                           Buffers: shared hit=2242701 read=27
               ->  Index Scan using customer_address_pkey on customer_address  (cost=0.42..7.65 rows=1 width=15) (actual time=0.022..0.022 rows=0 loops=46201)
                     Index Cond: (ca_address_sk = customer.c_current_addr_sk)
                     Filter: (ca_state = 'NY'::bpchar)
                     Rows Removed by Filter: 1
                     Buffers: shared hit=178258 read=6546
         ->  Hash  (cost=22.02..22.02 rows=402 width=15) (actual time=0.885..0.885 rows=402 loops=1)
               Buckets: 1024  Batches: 1  Memory Usage: 27kB
               Buffers: shared hit=17 read=1
               ->  Seq Scan on store  (cost=0.00..22.02 rows=402 width=15) (actual time=0.030..0.725 rows=402 loops=1)
                     Buffers: shared hit=17 read=1
 Planning:
   Buffers: shared hit=460
 Planning Time: 4.996 ms
 Execution Time: 92760.000 ms
(54 rows)

