                                                                            QUERY PLAN                                                                            
------------------------------------------------------------------------------------------------------------------------------------------------------------------
 Aggregate  (cost=9639727.98..9639727.99 rows=1 width=40) (actual time=68939.555..68939.561 rows=1 loops=1)
   Buffers: shared hit=124201 read=5131023
   ->  Hash Join  (cost=19715.58..9639727.90 rows=11 width=14) (actual time=7766.114..68939.491 rows=39 loops=1)
         Hash Cond: (store_sales.ss_store_sk = store.s_store_sk)
         Join Filter: ("substring"((customer_address.ca_zip)::text, 1, 5) <> "substring"((store.s_zip)::text, 1, 5))
         Rows Removed by Join Filter: 1
         Buffers: shared hit=124201 read=5131023
         ->  Nested Loop  (cost=19688.54..9639700.83 rows=11 width=29) (actual time=7765.323..68938.581 rows=40 loops=1)
               Buffers: shared hit=124183 read=5131023
               ->  Nested Loop  (cost=19688.11..9637987.44 rows=224 width=22) (actual time=7682.817..68913.522 rows=2256 loops=1)
                     Buffers: shared hit=115671 read=5130511
                     ->  Hash Join  (cost=19687.68..9625639.79 rows=1614 width=22) (actual time=7681.789..68742.226 rows=16388 loops=1)
                           Hash Cond: (store_sales.ss_item_sk = item.i_item_sk)
                           Buffers: shared hit=50872 read=5130510
                           ->  Hash Join  (cost=2570.12..9608471.16 rows=19457 width=18) (actual time=7568.967..68575.373 rows=391722 loops=1)
                                 Hash Cond: (store_sales.ss_sold_date_sk = date_dim.d_date_sk)
                                 Buffers: shared hit=36724 read=5130302
                                 ->  Seq Scan on store_sales  (cost=0.00..9485539.52 rows=45849467 width=22) (actual time=0.034..65681.353 rows=46160898 loops=1)
                                       Filter: ((ss_wholesale_cost >= '80'::numeric) AND (ss_wholesale_cost <= '100'::numeric))
                                       Rows Removed by Filter: 241836126
                                       Buffers: shared hit=35250 read=5130302
                                 ->  Hash  (cost=2569.73..2569.73 rows=31 width=4) (actual time=26.070..26.071 rows=31 loops=1)
                                       Buckets: 1024  Batches: 1  Memory Usage: 10kB
                                       Buffers: shared hit=1474
                                       ->  Seq Scan on date_dim  (cost=0.00..2569.73 rows=31 width=4) (actual time=10.466..26.053 rows=31 loops=1)
                                             Filter: ((d_year = 1998) AND (d_moy = 8))
                                             Rows Removed by Filter: 73018
                                             Buffers: shared hit=1474
                           ->  Hash  (cost=16906.00..16906.00 rows=16925 width=12) (actual time=112.660..112.660 rows=17141 loops=1)
                                 Buckets: 32768  Batches: 1  Memory Usage: 993kB
                                 Buffers: shared hit=14148 read=208
                                 ->  Seq Scan on item  (cost=0.00..16906.00 rows=16925 width=12) (actual time=0.012..109.478 rows=17141 loops=1)
                                       Filter: (i_category = 'Home'::bpchar)
                                       Rows Removed by Filter: 186859
                                       Buffers: shared hit=14148 read=208
                     ->  Index Scan using customer_pkey on customer  (cost=0.43..7.65 rows=1 width=8) (actual time=0.010..0.010 rows=0 loops=16388)
                           Index Cond: (c_customer_sk = store_sales.ss_customer_sk)
                           Filter: (c_birth_month = 10)
                           Rows Removed by Filter: 1
                           Buffers: shared hit=64799 read=1
               ->  Index Scan using customer_address_pkey on customer_address  (cost=0.42..7.65 rows=1 width=15) (actual time=0.011..0.011 rows=0 loops=2256)
                     Index Cond: (ca_address_sk = customer.c_current_addr_sk)
                     Filter: (ca_state = 'VA'::bpchar)
                     Rows Removed by Filter: 1
                     Buffers: shared hit=8512 read=512
         ->  Hash  (cost=22.02..22.02 rows=402 width=15) (actual time=0.758..0.759 rows=402 loops=1)
               Buckets: 1024  Batches: 1  Memory Usage: 27kB
               Buffers: shared hit=18
               ->  Seq Scan on store  (cost=0.00..22.02 rows=402 width=15) (actual time=0.028..0.602 rows=402 loops=1)
                     Buffers: shared hit=18
 Planning:
   Buffers: shared hit=460
 Planning Time: 4.679 ms
 Execution Time: 68940.063 ms
(54 rows)

