                                                                            QUERY PLAN                                                                            
------------------------------------------------------------------------------------------------------------------------------------------------------------------
 Aggregate  (cost=9772228.87..9772228.88 rows=1 width=40) (actual time=82178.297..82178.303 rows=1 loops=1)
   Buffers: shared hit=890422 read=5139942
   ->  Hash Join  (cost=19838.83..9772228.72 rows=20 width=14) (actual time=61311.228..82177.896 rows=435 loops=1)
         Hash Cond: (store_sales.ss_store_sk = store.s_store_sk)
         Join Filter: ("substring"((customer_address.ca_zip)::text, 1, 5) <> "substring"((store.s_zip)::text, 1, 5))
         Rows Removed by Join Filter: 21
         Buffers: shared hit=890422 read=5139942
         ->  Nested Loop  (cost=19811.79..9772201.63 rows=20 width=29) (actual time=61310.431..82176.109 rows=457 loops=1)
               Buffers: shared hit=890404 read=5139942
               ->  Nested Loop  (cost=19811.36..9767122.66 rows=664 width=22) (actual time=61306.025..81610.572 rows=26407 loops=1)
                     Buffers: shared hit=790877 read=5133841
                     ->  Hash Join  (cost=19810.93..9730569.40 rows=4778 width=22) (actual time=61305.839..77925.070 rows=188181 loops=1)
                           Hash Cond: (store_sales.ss_item_sk = item.i_item_sk)
                           Buffers: shared hit=47554 read=5133828
                           ->  Hash Join  (cost=2570.12..9713233.06 rows=36393 width=18) (actual time=61209.589..77576.389 rows=1263388 loops=1)
                                 Hash Cond: (store_sales.ss_sold_date_sk = date_dim.d_date_sk)
                                 Buffers: shared hit=33406 read=5133620
                                 ->  Seq Scan on store_sales  (cost=0.00..9485539.52 rows=85756551 width=22) (actual time=0.034..72384.585 rows=85367142 loops=1)
                                       Filter: ((ss_wholesale_cost >= '63'::numeric) AND (ss_wholesale_cost <= '83'::numeric))
                                       Rows Removed by Filter: 202629882
                                       Buffers: shared hit=31932 read=5133620
                                 ->  Hash  (cost=2569.73..2569.73 rows=31 width=4) (actual time=20.033..20.034 rows=31 loops=1)
                                       Buckets: 1024  Batches: 1  Memory Usage: 10kB
                                       Buffers: shared hit=1474
                                       ->  Seq Scan on date_dim  (cost=0.00..2569.73 rows=31 width=4) (actual time=10.354..20.022 rows=31 loops=1)
                                             Filter: ((d_year = 2002) AND (d_moy = 7))
                                             Rows Removed by Filter: 73018
                                             Buffers: shared hit=1474
                           ->  Hash  (cost=16906.00..16906.00 rows=26785 width=12) (actual time=96.116..96.117 rows=26695 loops=1)
                                 Buckets: 32768  Batches: 1  Memory Usage: 1403kB
                                 Buffers: shared hit=14148 read=208
                                 ->  Seq Scan on item  (cost=0.00..16906.00 rows=26785 width=12) (actual time=0.012..92.384 rows=26695 loops=1)
                                       Filter: (i_category = 'Children'::bpchar)
                                       Rows Removed by Filter: 177305
                                       Buffers: shared hit=14148 read=208
                     ->  Index Scan using customer_pkey on customer  (cost=0.43..7.65 rows=1 width=8) (actual time=0.019..0.019 rows=0 loops=188181)
                           Index Cond: (c_customer_sk = store_sales.ss_customer_sk)
                           Filter: (c_birth_month = 10)
                           Rows Removed by Filter: 1
                           Buffers: shared hit=743323 read=13
               ->  Index Scan using customer_address_pkey on customer_address  (cost=0.42..7.65 rows=1 width=15) (actual time=0.021..0.021 rows=0 loops=26407)
                     Index Cond: (ca_address_sk = customer.c_current_addr_sk)
                     Filter: (ca_state = 'IL'::bpchar)
                     Rows Removed by Filter: 1
                     Buffers: shared hit=99527 read=6101
         ->  Hash  (cost=22.02..22.02 rows=402 width=15) (actual time=0.766..0.767 rows=402 loops=1)
               Buckets: 1024  Batches: 1  Memory Usage: 27kB
               Buffers: shared hit=18
               ->  Seq Scan on store  (cost=0.00..22.02 rows=402 width=15) (actual time=0.029..0.610 rows=402 loops=1)
                     Buffers: shared hit=18
 Planning:
   Buffers: shared hit=460
 Planning Time: 4.703 ms
 Execution Time: 82178.839 ms
(54 rows)

