                                                                             QUERY PLAN                                                                              
---------------------------------------------------------------------------------------------------------------------------------------------------------------------
 Aggregate  (cost=9724103.88..9724103.89 rows=1 width=40) (actual time=85000.376..85000.381 rows=1 loops=1)
   Buffers: shared hit=1660184 read=5141100
   ->  Nested Loop  (cost=2571.52..9724103.86 rows=2 width=14) (actual time=65676.134..85000.151 rows=134 loops=1)
         Join Filter: ("substring"((customer_address.ca_zip)::text, 1, 5) <> "substring"((store.s_zip)::text, 1, 5))
         Rows Removed by Join Filter: 5
         Buffers: shared hit=1660184 read=5141100
         ->  Nested Loop  (cost=2571.37..9724092.38 rows=2 width=29) (actual time=65676.106..84997.731 rows=139 loops=1)
               Buffers: shared hit=1659908 read=5141098
               ->  Nested Loop  (cost=2570.95..9724031.29 rows=8 width=25) (actual time=65676.074..84978.766 rows=732 loops=1)
                     Buffers: shared hit=1656985 read=5141093
                     ->  Nested Loop  (cost=2570.52..9710109.42 rows=1820 width=18) (actual time=65648.050..83920.597 rows=42952 loops=1)
                           Buffers: shared hit=1492397 read=5133873
                           ->  Hash Join  (cost=2570.10..9591031.81 rows=15565 width=18) (actual time=65647.705..75310.135 rows=369166 loops=1)
                                 Hash Cond: (store_sales.ss_sold_date_sk = date_dim.d_date_sk)
                                 Buffers: shared hit=33158 read=5133868
                                 ->  Seq Scan on store_sales  (cost=0.00..9485539.52 rows=39206286 width=22) (actual time=0.358..72681.436 rows=39350281 loops=1)
                                       Filter: ((ss_wholesale_cost >= '28'::numeric) AND (ss_wholesale_cost <= '48'::numeric))
                                       Rows Removed by Filter: 248646743
                                       Buffers: shared hit=32579 read=5132973
                                 ->  Hash  (cost=2569.73..2569.73 rows=29 width=4) (actual time=22.823..22.824 rows=30 loops=1)
                                       Buckets: 1024  Batches: 1  Memory Usage: 10kB
                                       Buffers: shared hit=579 read=895
                                       ->  Seq Scan on date_dim  (cost=0.00..2569.73 rows=29 width=4) (actual time=11.608..22.810 rows=30 loops=1)
                                             Filter: ((d_year = 2002) AND (d_moy = 11))
                                             Rows Removed by Filter: 73019
                                             Buffers: shared hit=579 read=895
                           ->  Index Scan using customer_pkey on customer  (cost=0.43..7.65 rows=1 width=8) (actual time=0.023..0.023 rows=0 loops=369166)
                                 Index Cond: (c_customer_sk = store_sales.ss_customer_sk)
                                 Filter: (c_birth_month = 8)
                                 Rows Removed by Filter: 1
                                 Buffers: shared hit=1459239 read=5
                     ->  Index Scan using customer_address_pkey on customer_address  (cost=0.42..7.65 rows=1 width=15) (actual time=0.024..0.024 rows=0 loops=42952)
                           Index Cond: (ca_address_sk = customer.c_current_addr_sk)
                           Filter: (ca_state = 'MA'::bpchar)
                           Rows Removed by Filter: 1
                           Buffers: shared hit=164588 read=7220
               ->  Index Scan using item_pkey on item  (cost=0.42..7.64 rows=1 width=12) (actual time=0.025..0.025 rows=0 loops=732)
                     Index Cond: (i_item_sk = store_sales.ss_item_sk)
                     Filter: (i_category = 'Electronics'::bpchar)
                     Rows Removed by Filter: 1
                     Buffers: shared hit=2923 read=5
         ->  Index Scan using store_pkey on store  (cost=0.15..5.72 rows=1 width=15) (actual time=0.012..0.012 rows=1 loops=139)
               Index Cond: (s_store_sk = store_sales.ss_store_sk)
               Buffers: shared hit=276 read=2
 Planning:
   Buffers: shared hit=460
 Planning Time: 4.539 ms
 Execution Time: 85000.823 ms
(48 rows)

