                                                                             QUERY PLAN                                                                              
---------------------------------------------------------------------------------------------------------------------------------------------------------------------
 Aggregate  (cost=9726191.79..9726191.80 rows=1 width=40) (actual time=84860.589..84860.594 rows=1 loops=1)
   Buffers: shared hit=1524262 read=5137890
   ->  Nested Loop  (cost=2571.52..9726191.75 rows=5 width=14) (actual time=54004.871..84860.309 rows=196 loops=1)
         Join Filter: ("substring"((customer_address.ca_zip)::text, 1, 5) <> "substring"((store.s_zip)::text, 1, 5))
         Rows Removed by Join Filter: 1
         Buffers: shared hit=1524262 read=5137890
         ->  Nested Loop  (cost=2571.37..9726163.04 rows=5 width=29) (actual time=54004.838..84855.972 rows=201 loops=1)
               Buffers: shared hit=1523871 read=5137887
               ->  Nested Loop  (cost=2570.95..9725933.97 rows=30 width=25) (actual time=53947.001..84837.374 rows=785 loops=1)
                     Buffers: shared hit=1520733 read=5137885
                     ->  Nested Loop  (cost=2570.52..9711897.36 rows=1835 width=18) (actual time=53908.776..83866.799 rows=39731 loops=1)
                           Buffers: shared hit=1363840 read=5135854
                           ->  Hash Join  (cost=2570.10..9591863.47 rows=15690 width=18) (actual time=53908.568..76057.337 rows=337236 loops=1)
                                 Hash Cond: (store_sales.ss_sold_date_sk = date_dim.d_date_sk)
                                 Buffers: shared hit=31172 read=5135854
                                 ->  Seq Scan on store_sales  (cost=0.00..9485539.52 rows=39523085 width=22) (actual time=1.622..73377.055 rows=40114371 loops=1)
                                       Filter: ((ss_wholesale_cost >= '23'::numeric) AND (ss_wholesale_cost <= '43'::numeric))
                                       Rows Removed by Filter: 247882653
                                       Buffers: shared hit=29825 read=5135727
                                 ->  Hash  (cost=2569.73..2569.73 rows=29 width=4) (actual time=22.839..22.840 rows=30 loops=1)
                                       Buckets: 1024  Batches: 1  Memory Usage: 10kB
                                       Buffers: shared hit=1347 read=127
                                       ->  Seq Scan on date_dim  (cost=0.00..2569.73 rows=29 width=4) (actual time=12.238..22.828 rows=30 loops=1)
                                             Filter: ((d_year = 2001) AND (d_moy = 11))
                                             Rows Removed by Filter: 73019
                                             Buffers: shared hit=1347 read=127
                           ->  Index Scan using customer_pkey on customer  (cost=0.43..7.65 rows=1 width=8) (actual time=0.023..0.023 rows=0 loops=337236)
                                 Index Cond: (c_customer_sk = store_sales.ss_customer_sk)
                                 Filter: (c_birth_month = 8)
                                 Rows Removed by Filter: 1
                                 Buffers: shared hit=1332668
                     ->  Index Scan using customer_address_pkey on customer_address  (cost=0.42..7.65 rows=1 width=15) (actual time=0.024..0.024 rows=0 loops=39731)
                           Index Cond: (ca_address_sk = customer.c_current_addr_sk)
                           Filter: (ca_state = 'NY'::bpchar)
                           Rows Removed by Filter: 1
                           Buffers: shared hit=156893 read=2031
               ->  Index Scan using item_pkey on item  (cost=0.42..7.64 rows=1 width=12) (actual time=0.023..0.023 rows=0 loops=785)
                     Index Cond: (i_item_sk = store_sales.ss_item_sk)
                     Filter: (i_category = 'Shoes'::bpchar)
                     Rows Removed by Filter: 1
                     Buffers: shared hit=3138 read=2
         ->  Index Scan using store_pkey on store  (cost=0.15..5.72 rows=1 width=15) (actual time=0.017..0.017 rows=1 loops=201)
               Index Cond: (s_store_sk = store_sales.ss_store_sk)
               Buffers: shared hit=391 read=3
 Planning:
   Buffers: shared hit=460
 Planning Time: 4.836 ms
 Execution Time: 84861.090 ms
(48 rows)

