                                                                            QUERY PLAN                                                                            
------------------------------------------------------------------------------------------------------------------------------------------------------------------
 Aggregate  (cost=9780169.29..9780169.30 rows=1 width=40) (actual time=78925.045..78925.051 rows=1 loops=1)
   Buffers: shared hit=150265 read=5134597
   ->  Hash Join  (cost=17046.40..9780169.21 rows=11 width=14) (actual time=27458.092..78924.992 rows=29 loops=1)
         Hash Cond: (store_sales.ss_store_sk = store.s_store_sk)
         Join Filter: ("substring"((customer_address.ca_zip)::text, 1, 5) <> "substring"((store.s_zip)::text, 1, 5))
         Buffers: shared hit=150265 read=5134597
         ->  Nested Loop  (cost=17019.36..9780142.13 rows=11 width=29) (actual time=27455.516..78922.321 rows=30 loops=1)
               Buffers: shared hit=150248 read=5134596
               ->  Nested Loop  (cost=17018.93..9779117.12 rows=134 width=22) (actual time=27432.162..78896.775 rows=2556 loops=1)
                     Buffers: shared hit=140264 read=5134356
                     ->  Nested Loop  (cost=17018.50..9770372.79 rows=1143 width=22) (actual time=27431.198..78692.627 rows=22432 loops=1)
                           Buffers: shared hit=51756 read=5134356
                           ->  Hash Join  (cost=17018.20..9680447.70 rows=2981713 width=26) (actual time=131.285..78229.399 rows=1468260 loops=1)
                                 Hash Cond: (store_sales.ss_item_sk = item.i_item_sk)
                                 Buffers: shared hit=45712 read=5134196
                                 ->  Seq Scan on store_sales  (cost=0.00..9485539.52 rows=67766203 width=22) (actual time=0.510..71793.899 rows=67554234 loops=1)
                                       Filter: ((ss_wholesale_cost >= '59'::numeric) AND (ss_wholesale_cost <= '79'::numeric))
                                       Rows Removed by Filter: 220442790
                                       Buffers: shared hit=31755 read=5133797
                                 ->  Hash  (cost=16906.00..16906.00 rows=8976 width=12) (actual time=130.544..130.545 rows=8826 loops=1)
                                       Buckets: 16384  Batches: 1  Memory Usage: 508kB
                                       Buffers: shared hit=13957 read=399
                                       ->  Seq Scan on item  (cost=0.00..16906.00 rows=8976 width=12) (actual time=0.028..128.865 rows=8826 loops=1)
                                             Filter: (i_category = 'Jewelry'::bpchar)
                                             Rows Removed by Filter: 195174
                                             Buffers: shared hit=13957 read=399
                           ->  Memoize  (cost=0.30..7.51 rows=1 width=4) (actual time=0.000..0.000 rows=0 loops=1468260)
                                 Cache Key: store_sales.ss_sold_date_sk
                                 Cache Mode: logical
                                 Hits: 1466191  Misses: 2069  Evictions: 0  Overflows: 0  Memory Usage: 139kB
                                 Buffers: shared hit=6044 read=160
                                 ->  Index Scan using date_dim_pkey on date_dim  (cost=0.29..7.50 rows=1 width=4) (actual time=0.015..0.015 rows=0 loops=2069)
                                       Index Cond: (d_date_sk = store_sales.ss_sold_date_sk)
                                       Filter: ((d_year = 2000) AND (d_moy = 2))
                                       Rows Removed by Filter: 1
                                       Buffers: shared hit=6044 read=160
                     ->  Index Scan using customer_pkey on customer  (cost=0.43..7.65 rows=1 width=8) (actual time=0.009..0.009 rows=0 loops=22432)
                           Index Cond: (c_customer_sk = store_sales.ss_customer_sk)
                           Filter: (c_birth_month = 8)
                           Rows Removed by Filter: 1
                           Buffers: shared hit=88508
               ->  Index Scan using customer_address_pkey on customer_address  (cost=0.42..7.65 rows=1 width=15) (actual time=0.010..0.010 rows=0 loops=2556)
                     Index Cond: (ca_address_sk = customer.c_current_addr_sk)
                     Filter: (ca_state = 'TX'::bpchar)
                     Rows Removed by Filter: 1
                     Buffers: shared hit=9984 read=240
         ->  Hash  (cost=22.02..22.02 rows=402 width=15) (actual time=2.547..2.548 rows=402 loops=1)
               Buckets: 1024  Batches: 1  Memory Usage: 27kB
               Buffers: shared hit=17 read=1
               ->  Seq Scan on store  (cost=0.00..22.02 rows=402 width=15) (actual time=0.026..2.421 rows=402 loops=1)
                     Buffers: shared hit=17 read=1
 Planning:
   Buffers: shared hit=460
 Planning Time: 4.750 ms
 Execution Time: 78925.608 ms
(55 rows)

