                                                                             QUERY PLAN                                                                              
---------------------------------------------------------------------------------------------------------------------------------------------------------------------
 Aggregate  (cost=9824627.63..9824627.64 rows=1 width=40) (actual time=85822.610..85822.614 rows=1 loops=1)
   Buffers: shared hit=2313941 read=5139403
   ->  Nested Loop  (cost=2571.50..9824627.62 rows=1 width=14) (actual time=40477.405..85822.560 rows=17 loops=1)
         Join Filter: ("substring"((customer_address.ca_zip)::text, 1, 5) <> "substring"((store.s_zip)::text, 1, 5))
         Buffers: shared hit=2313941 read=5139403
         ->  Nested Loop  (cost=2571.36..9824621.88 rows=1 width=29) (actual time=40477.368..85822.259 rows=17 loops=1)
               Buffers: shared hit=2313907 read=5139403
               ->  Nested Loop  (cost=2570.94..9824362.27 rows=34 width=25) (actual time=39542.835..85794.775 rows=1013 loops=1)
                     Buffers: shared hit=2309855 read=5139403
                     ->  Nested Loop  (cost=2570.51..9807853.94 rows=2158 width=18) (actual time=39512.263..84483.988 rows=51616 loops=1)
                           Buffers: shared hit=2107496 read=5135298
                           ->  Hash Join  (cost=2570.08..9639141.14 rows=22053 width=18) (actual time=39512.128..71904.094 rows=525345 loops=1)
                                 Hash Cond: (store_sales.ss_sold_date_sk = date_dim.d_date_sk)
                                 Buffers: shared hit=31801 read=5135225
                                 ->  Seq Scan on store_sales  (cost=0.00..9485539.52 rows=57532634 width=22) (actual time=0.077..68217.410 rows=57752041 loops=1)
                                       Filter: ((ss_wholesale_cost >= '79'::numeric) AND (ss_wholesale_cost <= '99'::numeric))
                                       Rows Removed by Filter: 230244983
                                       Buffers: shared hit=30327 read=5135225
                                 ->  Hash  (cost=2569.73..2569.73 rows=28 width=4) (actual time=21.840..21.841 rows=28 loops=1)
                                       Buckets: 1024  Batches: 1  Memory Usage: 9kB
                                       Buffers: shared hit=1474
                                       ->  Seq Scan on date_dim  (cost=0.00..2569.73 rows=28 width=4) (actual time=12.869..21.830 rows=28 loops=1)
                                             Filter: ((d_year = 2001) AND (d_moy = 2))
                                             Rows Removed by Filter: 73021
                                             Buffers: shared hit=1474
                           ->  Index Scan using customer_pkey on customer  (cost=0.43..7.65 rows=1 width=8) (actual time=0.024..0.024 rows=0 loops=525345)
                                 Index Cond: (c_customer_sk = store_sales.ss_customer_sk)
                                 Filter: (c_birth_month = 2)
                                 Rows Removed by Filter: 1
                                 Buffers: shared hit=2075695 read=73
                     ->  Index Scan using customer_address_pkey on customer_address  (cost=0.42..7.65 rows=1 width=15) (actual time=0.025..0.025 rows=0 loops=51616)
                           Index Cond: (ca_address_sk = customer.c_current_addr_sk)
                           Filter: (ca_state = 'MT'::bpchar)
                           Rows Removed by Filter: 1
                           Buffers: shared hit=202359 read=4105
               ->  Index Scan using item_pkey on item  (cost=0.42..7.64 rows=1 width=12) (actual time=0.026..0.026 rows=0 loops=1013)
                     Index Cond: (i_item_sk = store_sales.ss_item_sk)
                     Filter: (i_category = 'Jewelry'::bpchar)
                     Rows Removed by Filter: 1
                     Buffers: shared hit=4052
         ->  Index Scan using store_pkey on store  (cost=0.15..5.72 rows=1 width=15) (actual time=0.010..0.010 rows=1 loops=17)
               Index Cond: (s_store_sk = store_sales.ss_store_sk)
               Buffers: shared hit=34
 Planning:
   Buffers: shared hit=460
 Planning Time: 6.700 ms
 Execution Time: 85823.146 ms
(47 rows)

