                                                                            QUERY PLAN                                                                            
------------------------------------------------------------------------------------------------------------------------------------------------------------------
 Aggregate  (cost=9638274.20..9638274.21 rows=1 width=40) (actual time=74787.222..74787.228 rows=1 loops=1)
   Buffers: shared hit=252917 read=5132735
   ->  Hash Join  (cost=19715.58..9638274.17 rows=5 width=14) (actual time=34741.116..74787.079 rows=95 loops=1)
         Hash Cond: (store_sales.ss_store_sk = store.s_store_sk)
         Join Filter: ("substring"((customer_address.ca_zip)::text, 1, 5) <> "substring"((store.s_zip)::text, 1, 5))
         Rows Removed by Join Filter: 2
         Buffers: shared hit=252917 read=5132735
         ->  Nested Loop  (cost=19688.54..9638247.11 rows=5 width=29) (actual time=34739.409..74785.104 rows=97 loops=1)
               Buffers: shared hit=252900 read=5132734
               ->  Nested Loop  (cost=19688.11..9637046.08 rows=157 width=22) (actual time=34735.742..74739.206 rows=4656 loops=1)
                     Buffers: shared hit=235104 read=5131906
                     ->  Hash Join  (cost=19687.68..9624782.59 rows=1603 width=22) (actual time=34735.046..74335.113 rows=46932 loops=1)
                           Hash Cond: (store_sales.ss_item_sk = item.i_item_sk)
                           Buffers: shared hit=49476 read=5131906
                           ->  Hash Join  (cost=2570.12..9607614.32 rows=19319 width=18) (actual time=34631.162..74090.772 rows=1110536 loops=1)
                                 Hash Cond: (store_sales.ss_sold_date_sk = date_dim.d_date_sk)
                                 Buffers: shared hit=35495 read=5131531
                                 ->  Seq Scan on store_sales  (cost=0.00..9485539.52 rows=45523068 width=22) (actual time=0.084..71203.332 rows=45442997 loops=1)
                                       Filter: ((ss_wholesale_cost >= '37'::numeric) AND (ss_wholesale_cost <= '57'::numeric))
                                       Rows Removed by Filter: 242554027
                                       Buffers: shared hit=34021 read=5131531
                                 ->  Hash  (cost=2569.73..2569.73 rows=31 width=4) (actual time=21.121..21.122 rows=31 loops=1)
                                       Buckets: 1024  Batches: 1  Memory Usage: 10kB
                                       Buffers: shared hit=1474
                                       ->  Seq Scan on date_dim  (cost=0.00..2569.73 rows=31 width=4) (actual time=12.021..21.110 rows=31 loops=1)
                                             Filter: ((d_year = 2000) AND (d_moy = 10))
                                             Rows Removed by Filter: 73018
                                             Buffers: shared hit=1474
                           ->  Hash  (cost=16906.00..16906.00 rows=16925 width=12) (actual time=103.498..103.498 rows=17141 loops=1)
                                 Buckets: 32768  Batches: 1  Memory Usage: 993kB
                                 Buffers: shared hit=13981 read=375
                                 ->  Seq Scan on item  (cost=0.00..16906.00 rows=16925 width=12) (actual time=0.013..100.892 rows=17141 loops=1)
                                       Filter: (i_category = 'Home'::bpchar)
                                       Rows Removed by Filter: 186859
                                       Buffers: shared hit=13981 read=375
                     ->  Index Scan using customer_pkey on customer  (cost=0.43..7.65 rows=1 width=8) (actual time=0.008..0.008 rows=0 loops=46932)
                           Index Cond: (c_customer_sk = store_sales.ss_customer_sk)
                           Filter: (c_birth_month = 2)
                           Rows Removed by Filter: 1
                           Buffers: shared hit=185628
               ->  Index Scan using customer_address_pkey on customer_address  (cost=0.42..7.65 rows=1 width=15) (actual time=0.010..0.010 rows=0 loops=4656)
                     Index Cond: (ca_address_sk = customer.c_current_addr_sk)
                     Filter: (ca_state = 'IA'::bpchar)
                     Rows Removed by Filter: 1
                     Buffers: shared hit=17796 read=828
         ->  Hash  (cost=22.02..22.02 rows=402 width=15) (actual time=1.675..1.676 rows=402 loops=1)
               Buckets: 1024  Batches: 1  Memory Usage: 27kB
               Buffers: shared hit=17 read=1
               ->  Seq Scan on store  (cost=0.00..22.02 rows=402 width=15) (actual time=0.029..1.511 rows=402 loops=1)
                     Buffers: shared hit=17 read=1
 Planning:
   Buffers: shared hit=460
 Planning Time: 4.797 ms
 Execution Time: 74787.739 ms
(54 rows)

