                                                                            QUERY PLAN                                                                            
------------------------------------------------------------------------------------------------------------------------------------------------------------------
 Aggregate  (cost=9628327.52..9628327.53 rows=1 width=40) (actual time=84560.562..84560.567 rows=1 loops=1)
   Buffers: shared hit=1844805 read=5130005
   ->  Nested Loop  (cost=2571.54..9628327.51 rows=1 width=14) (actual time=15754.822..84560.515 rows=15 loops=1)
         Join Filter: ("substring"((customer_address.ca_zip)::text, 1, 5) <> "substring"((store.s_zip)::text, 1, 5))
         Rows Removed by Join Filter: 1
         Buffers: shared hit=1844805 read=5130005
         ->  Nested Loop  (cost=2571.39..9628321.77 rows=1 width=29) (actual time=15754.785..84560.230 rows=16 loops=1)
               Buffers: shared hit=1844773 read=5130005
               ->  Nested Loop  (cost=2570.97..9628084.66 rows=31 width=22) (actual time=14595.468..84540.555 rows=730 loops=1)
                     Buffers: shared hit=1842051 read=5129807
                     ->  Nested Loop  (cost=2570.54..9626684.64 rows=183 width=22) (actual time=14587.800..84433.943 rows=3985 loops=1)
                           Buffers: shared hit=1826311 read=5129807
                           ->  Hash Join  (cost=2570.12..9550130.10 rows=10026 width=18) (actual time=14586.587..74469.946 rows=447273 loops=1)
                                 Hash Cond: (store_sales.ss_sold_date_sk = date_dim.d_date_sk)
                                 Buffers: shared hit=37903 read=5129123
                                 ->  Seq Scan on store_sales  (cost=0.00..9485539.52 rows=23625531 width=22) (actual time=0.046..72728.622 rows=23806627 loops=1)
                                       Filter: ((ss_wholesale_cost >= '22'::numeric) AND (ss_wholesale_cost <= '42'::numeric))
                                       Rows Removed by Filter: 264190397
                                       Buffers: shared hit=36429 read=5129123
                                 ->  Hash  (cost=2569.73..2569.73 rows=31 width=4) (actual time=19.860..19.861 rows=31 loops=1)
                                       Buckets: 1024  Batches: 1  Memory Usage: 10kB
                                       Buffers: shared hit=1474
                                       ->  Seq Scan on date_dim  (cost=0.00..2569.73 rows=31 width=4) (actual time=10.896..19.845 rows=31 loops=1)
                                             Filter: ((d_year = 1999) AND (d_moy = 3))
                                             Rows Removed by Filter: 73018
                                             Buffers: shared hit=1474
                           ->  Index Scan using item_pkey on item  (cost=0.42..7.64 rows=1 width=12) (actual time=0.022..0.022 rows=0 loops=447273)
                                 Index Cond: (i_item_sk = store_sales.ss_item_sk)
                                 Filter: (i_category = 'Music'::bpchar)
                                 Rows Removed by Filter: 1
                                 Buffers: shared hit=1788408 read=684
                     ->  Index Scan using customer_pkey on customer  (cost=0.43..7.65 rows=1 width=8) (actual time=0.026..0.026 rows=0 loops=3985)
                           Index Cond: (c_customer_sk = store_sales.ss_customer_sk)
                           Filter: (c_birth_month = 4)
                           Rows Removed by Filter: 1
                           Buffers: shared hit=15740
               ->  Index Scan using customer_address_pkey on customer_address  (cost=0.42..7.65 rows=1 width=15) (actual time=0.026..0.026 rows=0 loops=730)
                     Index Cond: (ca_address_sk = customer.c_current_addr_sk)
                     Filter: (ca_state = 'MO'::bpchar)
                     Rows Removed by Filter: 1
                     Buffers: shared hit=2722 read=198
         ->  Index Scan using store_pkey on store  (cost=0.15..5.72 rows=1 width=15) (actual time=0.011..0.011 rows=1 loops=16)
               Index Cond: (s_store_sk = store_sales.ss_store_sk)
               Buffers: shared hit=32
 Planning:
   Buffers: shared hit=460
 Planning Time: 4.744 ms
 Execution Time: 84560.982 ms
(48 rows)

