                                                                            QUERY PLAN                                                                            
------------------------------------------------------------------------------------------------------------------------------------------------------------------
 Aggregate  (cost=9670311.67..9670311.68 rows=1 width=40) (actual time=75148.499..75148.504 rows=1 loops=1)
   Buffers: shared hit=203445 read=5123005
   ->  Nested Loop  (cost=19790.25..9670311.64 rows=4 width=14) (actual time=27659.681..75148.466 rows=20 loops=1)
         Join Filter: ("substring"((customer_address.ca_zip)::text, 1, 5) <> "substring"((store.s_zip)::text, 1, 5))
         Buffers: shared hit=203445 read=5123005
         ->  Nested Loop  (cost=19790.10..9670288.67 rows=4 width=29) (actual time=27659.660..75148.249 rows=20 loops=1)
               Buffers: shared hit=203405 read=5123005
               ->  Nested Loop  (cost=19789.68..9669079.69 rows=158 width=22) (actual time=27322.258..75119.187 rows=1931 loops=1)
                     Buffers: shared hit=196850 read=5121836
                     ->  Hash Join  (cost=19789.25..9648102.47 rows=2742 width=22) (actual time=27320.440..74637.311 rows=34755 loops=1)
                           Hash Cond: (store_sales.ss_item_sk = item.i_item_sk)
                           Buffers: shared hit=62156 read=5119226
                           ->  Hash Join  (cost=2570.11..9630824.73 rows=22327 width=18) (actual time=27206.953..74465.341 rows=388782 loops=1)
                                 Hash Cond: (store_sales.ss_sold_date_sk = date_dim.d_date_sk)
                                 Buffers: shared hit=47966 read=5119060
                                 ->  Seq Scan on store_sales  (cost=0.00..9485539.52 rows=54364643 width=22) (actual time=0.300..71228.101 rows=53574682 loops=1)
                                       Filter: ((ss_wholesale_cost >= '47'::numeric) AND (ss_wholesale_cost <= '67'::numeric))
                                       Rows Removed by Filter: 234422342
                                       Buffers: shared hit=46611 read=5118941
                                 ->  Hash  (cost=2569.73..2569.73 rows=30 width=4) (actual time=22.200..22.201 rows=30 loops=1)
                                       Buckets: 1024  Batches: 1  Memory Usage: 10kB
                                       Buffers: shared hit=1355 read=119
                                       ->  Seq Scan on date_dim  (cost=0.00..2569.73 rows=30 width=4) (actual time=12.134..22.187 rows=30 loops=1)
                                             Filter: ((d_year = 2000) AND (d_moy = 4))
                                             Rows Removed by Filter: 73019
                                             Buffers: shared hit=1355 read=119
                           ->  Hash  (cost=16906.00..16906.00 rows=25051 width=12) (actual time=113.353..113.354 rows=24688 loops=1)
                                 Buckets: 32768  Batches: 1  Memory Usage: 1317kB
                                 Buffers: shared hit=14190 read=166
                                 ->  Seq Scan on item  (cost=0.00..16906.00 rows=25051 width=12) (actual time=0.011..109.718 rows=24688 loops=1)
                                       Filter: (i_category = 'Books'::bpchar)
                                       Rows Removed by Filter: 179312
                                       Buffers: shared hit=14190 read=166
                     ->  Index Scan using customer_pkey on customer  (cost=0.43..7.65 rows=1 width=8) (actual time=0.014..0.014 rows=0 loops=34755)
                           Index Cond: (c_customer_sk = store_sales.ss_customer_sk)
                           Filter: (c_birth_month = 3)
                           Rows Removed by Filter: 1
                           Buffers: shared hit=134694 read=2610
               ->  Index Scan using customer_address_pkey on customer_address  (cost=0.42..7.65 rows=1 width=15) (actual time=0.015..0.015 rows=0 loops=1931)
                     Index Cond: (ca_address_sk = customer.c_current_addr_sk)
                     Filter: (ca_state = 'AR'::bpchar)
                     Rows Removed by Filter: 1
                     Buffers: shared hit=6555 read=1169
         ->  Index Scan using store_pkey on store  (cost=0.15..5.72 rows=1 width=15) (actual time=0.006..0.006 rows=1 loops=20)
               Index Cond: (s_store_sk = store_sales.ss_store_sk)
               Buffers: shared hit=40
 Planning:
   Buffers: shared hit=460
 Planning Time: 4.519 ms
 Execution Time: 75148.992 ms
(50 rows)

