                                                                             QUERY PLAN                                                                              
---------------------------------------------------------------------------------------------------------------------------------------------------------------------
 Aggregate  (cost=9684285.23..9684285.24 rows=1 width=40) (actual time=98363.948..98363.953 rows=1 loops=1)
   Buffers: shared hit=3702576 read=5185110
   ->  Nested Loop  (cost=2571.53..9684285.22 rows=2 width=14) (actual time=47711.581..98363.750 rows=88 loops=1)
         Join Filter: ("substring"((customer_address.ca_zip)::text, 1, 5) <> "substring"((store.s_zip)::text, 1, 5))
         Rows Removed by Join Filter: 2
         Buffers: shared hit=3702576 read=5185110
         ->  Nested Loop  (cost=2571.38..9684273.73 rows=2 width=29) (actual time=47711.549..98361.869 rows=90 loops=1)
               Buffers: shared hit=3702397 read=5185109
               ->  Nested Loop  (cost=2570.96..9684159.20 rows=15 width=25) (actual time=47038.363..98337.261 rows=1031 loops=1)
                     Buffers: shared hit=3698432 read=5184950
                     ->  Nested Loop  (cost=2570.54..9674130.28 rows=1311 width=18) (actual time=47029.127..96372.804 rows=81759 loops=1)
                           Buffers: shared hit=3390181 read=5166165
                           ->  Hash Join  (cost=2570.11..9572786.08 rows=13247 width=18) (actual time=47028.986..76973.212 rows=857536 loops=1)
                                 Hash Cond: (store_sales.ss_sold_date_sk = date_dim.d_date_sk)
                                 Buffers: shared hit=21863 read=5145163
                                 ->  Seq Scan on store_sales  (cost=0.00..9485539.52 rows=32255907 width=22) (actual time=0.234..74586.196 rows=32336064 loops=1)
                                       Filter: ((ss_wholesale_cost >= '18'::numeric) AND (ss_wholesale_cost <= '38'::numeric))
                                       Rows Removed by Filter: 255660960
                                       Buffers: shared hit=20508 read=5145044
                                 ->  Hash  (cost=2569.73..2569.73 rows=30 width=4) (actual time=22.728..22.729 rows=30 loops=1)
                                       Buckets: 1024  Batches: 1  Memory Usage: 10kB
                                       Buffers: shared hit=1355 read=119
                                       ->  Seq Scan on date_dim  (cost=0.00..2569.73 rows=30 width=4) (actual time=13.360..22.713 rows=30 loops=1)
                                             Filter: ((d_year = 2001) AND (d_moy = 6))
                                             Rows Removed by Filter: 73019
                                             Buffers: shared hit=1355 read=119
                           ->  Index Scan using customer_pkey on customer  (cost=0.43..7.65 rows=1 width=8) (actual time=0.022..0.022 rows=0 loops=857536)
                                 Index Cond: (c_customer_sk = store_sales.ss_customer_sk)
                                 Filter: (c_birth_month = 1)
                                 Rows Removed by Filter: 1
                                 Buffers: shared hit=3368318 read=21002
                     ->  Index Scan using customer_address_pkey on customer_address  (cost=0.42..7.65 rows=1 width=15) (actual time=0.024..0.024 rows=0 loops=81759)
                           Index Cond: (ca_address_sk = customer.c_current_addr_sk)
                           Filter: (ca_state = 'WA'::bpchar)
                           Rows Removed by Filter: 1
                           Buffers: shared hit=308251 read=18785
               ->  Index Scan using item_pkey on item  (cost=0.42..7.64 rows=1 width=12) (actual time=0.023..0.023 rows=0 loops=1031)
                     Index Cond: (i_item_sk = store_sales.ss_item_sk)
                     Filter: (i_category = 'Books'::bpchar)
                     Rows Removed by Filter: 1
                     Buffers: shared hit=3965 read=159
         ->  Index Scan using store_pkey on store  (cost=0.15..5.72 rows=1 width=15) (actual time=0.014..0.014 rows=1 loops=90)
               Index Cond: (s_store_sk = store_sales.ss_store_sk)
               Buffers: shared hit=179 read=1
 Planning:
   Buffers: shared hit=460
 Planning Time: 5.515 ms
 Execution Time: 98364.346 ms
(48 rows)

