                                                                            QUERY PLAN                                                                            
------------------------------------------------------------------------------------------------------------------------------------------------------------------
 Aggregate  (cost=9687886.29..9687886.30 rows=1 width=40) (actual time=80958.656..80958.662 rows=1 loops=1)
   Buffers: shared hit=1023943 read=5137057
   ->  Hash Join  (cost=19922.98..9687886.22 rows=9 width=14) (actual time=30112.714..80958.333 rows=254 loops=1)
         Hash Cond: (store_sales.ss_store_sk = store.s_store_sk)
         Join Filter: ("substring"((customer_address.ca_zip)::text, 1, 5) <> "substring"((store.s_zip)::text, 1, 5))
         Rows Removed by Join Filter: 7
         Buffers: shared hit=1023943 read=5137057
         ->  Nested Loop  (cost=19895.94..9687859.16 rows=9 width=29) (actual time=30112.157..80957.021 rows=262 loops=1)
               Buffers: shared hit=1023926 read=5137056
               ->  Nested Loop  (cost=19895.51..9686099.26 rows=230 width=22) (actual time=30087.034..80675.441 rows=13428 loops=1)
                     Buffers: shared hit=972940 read=5134330
                     ->  Hash Join  (cost=19895.08..9655597.38 rows=3987 width=22) (actual time=30087.000..76361.155 rows=234413 loops=1)
                           Hash Cond: (store_sales.ss_item_sk = item.i_item_sk)
                           Buffers: shared hit=47515 read=5133867
                           ->  Hash Join  (cost=2570.12..9638208.72 rows=24265 width=18) (actual time=29968.232..75990.869 rows=1272920 loops=1)
                                 Hash Cond: (store_sales.ss_sold_date_sk = date_dim.d_date_sk)
                                 Buffers: shared hit=33474 read=5133552
                                 ->  Seq Scan on store_sales  (cost=0.00..9485539.52 rows=57177434 width=22) (actual time=0.027..72363.109 rows=56890659 loops=1)
                                       Filter: ((ss_wholesale_cost >= '40'::numeric) AND (ss_wholesale_cost <= '60'::numeric))
                                       Rows Removed by Filter: 231106365
                                       Buffers: shared hit=32598 read=5132954
                                 ->  Hash  (cost=2569.73..2569.73 rows=31 width=4) (actual time=19.315..19.316 rows=31 loops=1)
                                       Buckets: 1024  Batches: 1  Memory Usage: 10kB
                                       Buffers: shared hit=876 read=598
                                       ->  Seq Scan on date_dim  (cost=0.00..2569.73 rows=31 width=4) (actual time=9.510..19.302 rows=31 loops=1)
                                             Filter: ((d_year = 2000) AND (d_moy = 7))
                                             Rows Removed by Filter: 73018
                                             Buffers: shared hit=876 read=598
                           ->  Hash  (cost=16906.00..16906.00 rows=33517 width=12) (actual time=118.531..118.532 rows=33627 loops=1)
                                 Buckets: 65536  Batches: 1  Memory Usage: 1957kB
                                 Buffers: shared hit=14041 read=315
                                 ->  Seq Scan on item  (cost=0.00..16906.00 rows=33517 width=12) (actual time=0.033..113.357 rows=33627 loops=1)
                                       Filter: (i_category = 'Shoes'::bpchar)
                                       Rows Removed by Filter: 170373
                                       Buffers: shared hit=14041 read=315
                     ->  Index Scan using customer_pkey on customer  (cost=0.43..7.65 rows=1 width=8) (actual time=0.018..0.018 rows=0 loops=234413)
                           Index Cond: (c_customer_sk = store_sales.ss_customer_sk)
                           Filter: (c_birth_month = 3)
                           Rows Removed by Filter: 1
                           Buffers: shared hit=925425 read=463
               ->  Index Scan using customer_address_pkey on customer_address  (cost=0.42..7.65 rows=1 width=15) (actual time=0.021..0.021 rows=0 loops=13428)
                     Index Cond: (ca_address_sk = customer.c_current_addr_sk)
                     Filter: (ca_state = 'KY'::bpchar)
                     Rows Removed by Filter: 1
                     Buffers: shared hit=50986 read=2726
         ->  Hash  (cost=22.02..22.02 rows=402 width=15) (actual time=0.533..0.534 rows=402 loops=1)
               Buckets: 1024  Batches: 1  Memory Usage: 27kB
               Buffers: shared hit=17 read=1
               ->  Seq Scan on store  (cost=0.00..22.02 rows=402 width=15) (actual time=0.021..0.420 rows=402 loops=1)
                     Buffers: shared hit=17 read=1
 Planning:
   Buffers: shared hit=421 read=39
 Planning Time: 3.458 ms
 Execution Time: 80959.058 ms
(54 rows)

