                                                                            QUERY PLAN                                                                            
------------------------------------------------------------------------------------------------------------------------------------------------------------------
 Aggregate  (cost=9695271.07..9695271.08 rows=1 width=40) (actual time=74407.192..74407.197 rows=1 loops=1)
   Buffers: shared hit=333221 read=5128703
   ->  Nested Loop  (cost=19790.25..9695271.06 rows=1 width=14) (actual time=56406.442..74407.096 rows=58 loops=1)
         Join Filter: ("substring"((customer_address.ca_zip)::text, 1, 5) <> "substring"((store.s_zip)::text, 1, 5))
         Rows Removed by Join Filter: 1
         Buffers: shared hit=333221 read=5128703
         ->  Nested Loop  (cost=19790.10..9695265.32 rows=1 width=29) (actual time=56406.420..74406.468 rows=59 loops=1)
               Buffers: shared hit=333103 read=5128703
               ->  Nested Loop  (cost=19789.68..9694492.13 rows=101 width=22) (actual time=56337.324..74366.100 rows=2295 loops=1)
                     Buffers: shared hit=324657 read=5127969
                     ->  Hash Join  (cost=19789.25..9670263.52 rows=3167 width=22) (actual time=56336.469..73379.332 rows=68646 loops=1)
                           Hash Cond: (store_sales.ss_item_sk = item.i_item_sk)
                           Buffers: shared hit=53565 read=5127817
                           ->  Hash Join  (cost=2570.11..9652976.68 rows=25792 width=18) (actual time=56238.038..73161.287 rows=771379 loops=1)
                                 Hash Cond: (store_sales.ss_sold_date_sk = date_dim.d_date_sk)
                                 Buffers: shared hit=39438 read=5127588
                                 ->  Seq Scan on store_sales  (cost=0.00..9485539.52 rows=62803017 width=22) (actual time=0.051..69356.922 rows=62389486 loops=1)
                                       Filter: ((ss_wholesale_cost >= '69'::numeric) AND (ss_wholesale_cost <= '89'::numeric))
                                       Rows Removed by Filter: 225607538
                                       Buffers: shared hit=37964 read=5127588
                                 ->  Hash  (cost=2569.73..2569.73 rows=30 width=4) (actual time=25.877..25.878 rows=31 loops=1)
                                       Buckets: 1024  Batches: 1  Memory Usage: 10kB
                                       Buffers: shared hit=1474
                                       ->  Seq Scan on date_dim  (cost=0.00..2569.73 rows=30 width=4) (actual time=12.766..25.864 rows=31 loops=1)
                                             Filter: ((d_year = 2002) AND (d_moy = 5))
                                             Rows Removed by Filter: 73018
                                             Buffers: shared hit=1474
                           ->  Hash  (cost=16906.00..16906.00 rows=25051 width=12) (actual time=98.266..98.267 rows=24688 loops=1)
                                 Buckets: 32768  Batches: 1  Memory Usage: 1317kB
                                 Buffers: shared hit=14127 read=229
                                 ->  Seq Scan on item  (cost=0.00..16906.00 rows=25051 width=12) (actual time=0.012..94.749 rows=24688 loops=1)
                                       Filter: (i_category = 'Books'::bpchar)
                                       Rows Removed by Filter: 179312
                                       Buffers: shared hit=14127 read=229
                     ->  Index Scan using customer_pkey on customer  (cost=0.43..7.65 rows=1 width=8) (actual time=0.014..0.014 rows=0 loops=68646)
                           Index Cond: (c_customer_sk = store_sales.ss_customer_sk)
                           Filter: (c_birth_month = 6)
                           Rows Removed by Filter: 1
                           Buffers: shared hit=271092 read=152
               ->  Index Scan using customer_address_pkey on customer_address  (cost=0.42..7.66 rows=1 width=15) (actual time=0.017..0.017 rows=0 loops=2295)
                     Index Cond: (ca_address_sk = customer.c_current_addr_sk)
                     Filter: (ca_state = 'SC'::bpchar)
                     Rows Removed by Filter: 1
                     Buffers: shared hit=8446 read=734
         ->  Index Scan using store_pkey on store  (cost=0.15..5.72 rows=1 width=15) (actual time=0.006..0.006 rows=1 loops=59)
               Index Cond: (s_store_sk = store_sales.ss_store_sk)
               Buffers: shared hit=118
 Planning:
   Buffers: shared hit=460
 Planning Time: 4.810 ms
 Execution Time: 74407.725 ms
(51 rows)

