                                                                            QUERY PLAN                                                                            
------------------------------------------------------------------------------------------------------------------------------------------------------------------
 Aggregate  (cost=9785165.31..9785165.32 rows=1 width=40) (actual time=82179.148..82179.154 rows=1 loops=1)
   Buffers: shared hit=769124 read=5141688
   ->  Hash Join  (cost=19838.83..9785165.16 rows=20 width=14) (actual time=7531.101..82178.810 rows=387 loops=1)
         Hash Cond: (store_sales.ss_store_sk = store.s_store_sk)
         Join Filter: ("substring"((customer_address.ca_zip)::text, 1, 5) <> "substring"((store.s_zip)::text, 1, 5))
         Rows Removed by Join Filter: 9
         Buffers: shared hit=769124 read=5141688
         ->  Nested Loop  (cost=19811.79..9785138.07 rows=20 width=29) (actual time=7530.502..82177.373 rows=396 loops=1)
               Buffers: shared hit=769106 read=5141688
               ->  Nested Loop  (cost=19811.36..9779814.34 rows=696 width=22) (actual time=7510.176..81747.479 rows=22575 loops=1)
                     Buffers: shared hit=687340 read=5133154
                     ->  Hash Join  (cost=19810.93..9741486.20 rows=5010 width=22) (actual time=7510.041..78800.859 rows=161651 loops=1)
                           Hash Cond: (store_sales.ss_item_sk = item.i_item_sk)
                           Buffers: shared hit=48482 read=5132900
                           ->  Hash Join  (cost=2570.12..9724145.23 rows=38157 width=18) (actual time=7396.633..78434.082 rows=1517526 loops=1)
                                 Hash Cond: (store_sales.ss_sold_date_sk = date_dim.d_date_sk)
                                 Buffers: shared hit=34339 read=5132687
                                 ->  Seq Scan on store_sales  (cost=0.00..9485539.52 rows=89913339 width=22) (actual time=0.024..73034.165 rows=89530603 loops=1)
                                       Filter: ((ss_wholesale_cost >= '57'::numeric) AND (ss_wholesale_cost <= '77'::numeric))
                                       Rows Removed by Filter: 198466421
                                       Buffers: shared hit=32865 read=5132687
                                 ->  Hash  (cost=2569.73..2569.73 rows=31 width=4) (actual time=19.170..19.171 rows=31 loops=1)
                                       Buckets: 1024  Batches: 1  Memory Usage: 10kB
                                       Buffers: shared hit=1474
                                       ->  Seq Scan on date_dim  (cost=0.00..2569.73 rows=31 width=4) (actual time=10.597..19.160 rows=31 loops=1)
                                             Filter: ((d_year = 1998) AND (d_moy = 7))
                                             Rows Removed by Filter: 73018
                                             Buffers: shared hit=1474
                           ->  Hash  (cost=16906.00..16906.00 rows=26785 width=12) (actual time=113.277..113.278 rows=26695 loops=1)
                                 Buckets: 32768  Batches: 1  Memory Usage: 1403kB
                                 Buffers: shared hit=14143 read=213
                                 ->  Seq Scan on item  (cost=0.00..16906.00 rows=26785 width=12) (actual time=0.016..109.369 rows=26695 loops=1)
                                       Filter: (i_category = 'Children'::bpchar)
                                       Rows Removed by Filter: 177305
                                       Buffers: shared hit=14143 read=213
                     ->  Index Scan using customer_pkey on customer  (cost=0.43..7.65 rows=1 width=8) (actual time=0.018..0.018 rows=0 loops=161651)
                           Index Cond: (c_customer_sk = store_sales.ss_customer_sk)
                           Filter: (c_birth_month = 10)
                           Rows Removed by Filter: 1
                           Buffers: shared hit=638858 read=254
               ->  Index Scan using customer_address_pkey on customer_address  (cost=0.42..7.65 rows=1 width=15) (actual time=0.019..0.019 rows=0 loops=22575)
                     Index Cond: (ca_address_sk = customer.c_current_addr_sk)
                     Filter: (ca_state = 'OH'::bpchar)
                     Rows Removed by Filter: 1
                     Buffers: shared hit=81766 read=8534
         ->  Hash  (cost=22.02..22.02 rows=402 width=15) (actual time=0.575..0.575 rows=402 loops=1)
               Buckets: 1024  Batches: 1  Memory Usage: 27kB
               Buffers: shared hit=18
               ->  Seq Scan on store  (cost=0.00..22.02 rows=402 width=15) (actual time=0.022..0.464 rows=402 loops=1)
                     Buffers: shared hit=18
 Planning:
   Buffers: shared hit=460
 Planning Time: 4.516 ms
 Execution Time: 82179.546 ms
(54 rows)

