                                                                             QUERY PLAN                                                                              
---------------------------------------------------------------------------------------------------------------------------------------------------------------------
 Aggregate  (cost=9720358.80..9720358.81 rows=1 width=40) (actual time=90550.721..90550.726 rows=1 loops=1)
   Buffers: shared hit=2542595 read=5134619
   ->  Nested Loop  (cost=2571.53..9720358.77 rows=5 width=14) (actual time=43969.188..90550.652 rows=26 loops=1)
         Join Filter: ("substring"((customer_address.ca_zip)::text, 1, 5) <> "substring"((store.s_zip)::text, 1, 5))
         Buffers: shared hit=2542595 read=5134619
         ->  Nested Loop  (cost=2571.38..9720330.05 rows=5 width=29) (actual time=43969.156..90550.222 rows=26 loops=1)
               Buffers: shared hit=2542543 read=5134619
               ->  Nested Loop  (cost=2570.96..9720009.35 rows=42 width=25) (actual time=43926.634..90543.459 rows=306 loops=1)
                     Buffers: shared hit=2541319 read=5134619
                     ->  Nested Loop  (cost=2570.54..9716036.21 rows=519 width=18) (actual time=43680.896..90026.907 rows=20098 loops=1)
                           Buffers: shared hit=2465610 read=5129936
                           ->  Hash Join  (cost=2570.11..9591863.48 rows=16231 width=18) (actual time=43680.752..75685.807 rows=614575 loops=1)
                                 Hash Cond: (store_sales.ss_sold_date_sk = date_dim.d_date_sk)
                                 Buffers: shared hit=37240 read=5129786
                                 ->  Seq Scan on store_sales  (cost=0.00..9485539.52 rows=39523085 width=22) (actual time=0.043..72934.125 rows=40114371 loops=1)
                                       Filter: ((ss_wholesale_cost >= '27'::numeric) AND (ss_wholesale_cost <= '47'::numeric))
                                       Rows Removed by Filter: 247882653
                                       Buffers: shared hit=35766 read=5129786
                                 ->  Hash  (cost=2569.73..2569.73 rows=30 width=4) (actual time=19.214..19.215 rows=30 loops=1)
                                       Buckets: 1024  Batches: 1  Memory Usage: 10kB
                                       Buffers: shared hit=1474
                                       ->  Seq Scan on date_dim  (cost=0.00..2569.73 rows=30 width=4) (actual time=10.550..19.203 rows=30 loops=1)
                                             Filter: ((d_year = 2001) AND (d_moy = 4))
                                             Rows Removed by Filter: 73019
                                             Buffers: shared hit=1474
                           ->  Index Scan using customer_pkey on customer  (cost=0.43..7.65 rows=1 width=8) (actual time=0.023..0.023 rows=0 loops=614575)
                                 Index Cond: (c_customer_sk = store_sales.ss_customer_sk)
                                 Filter: (c_birth_month = 6)
                                 Rows Removed by Filter: 1
                                 Buffers: shared hit=2428370 read=150
                     ->  Index Scan using customer_address_pkey on customer_address  (cost=0.42..7.66 rows=1 width=15) (actual time=0.025..0.025 rows=0 loops=20098)
                           Index Cond: (ca_address_sk = customer.c_current_addr_sk)
                           Filter: (ca_state = 'TX'::bpchar)
                           Rows Removed by Filter: 1
                           Buffers: shared hit=75709 read=4683
               ->  Index Scan using item_pkey on item  (cost=0.42..7.64 rows=1 width=12) (actual time=0.021..0.021 rows=0 loops=306)
                     Index Cond: (i_item_sk = store_sales.ss_item_sk)
                     Filter: (i_category = 'Children'::bpchar)
                     Rows Removed by Filter: 1
                     Buffers: shared hit=1224
         ->  Index Scan using store_pkey on store  (cost=0.15..5.72 rows=1 width=15) (actual time=0.010..0.010 rows=1 loops=26)
               Index Cond: (s_store_sk = store_sales.ss_store_sk)
               Buffers: shared hit=52
 Planning:
   Buffers: shared hit=460
 Planning Time: 3.867 ms
 Execution Time: 90551.132 ms
(47 rows)

