                                                                            QUERY PLAN                                                                            
------------------------------------------------------------------------------------------------------------------------------------------------------------------
 Aggregate  (cost=9771919.61..9771919.62 rows=1 width=40) (actual time=80292.809..80292.815 rows=1 loops=1)
   Buffers: shared hit=864477 read=5133399
   ->  Hash Join  (cost=19838.82..9771919.57 rows=5 width=14) (actual time=45777.765..80292.569 rows=188 loops=1)
         Hash Cond: (store_sales.ss_store_sk = store.s_store_sk)
         Join Filter: ("substring"((customer_address.ca_zip)::text, 1, 5) <> "substring"((store.s_zip)::text, 1, 5))
         Rows Removed by Join Filter: 3
         Buffers: shared hit=864477 read=5133399
         ->  Nested Loop  (cost=19811.78..9771892.51 rows=5 width=29) (actual time=45775.044..80289.323 rows=191 loops=1)
               Buffers: shared hit=864462 read=5133396
               ->  Nested Loop  (cost=19811.35..9770461.25 rows=187 width=22) (actual time=45747.679..80144.494 rows=7859 loops=1)
                     Buffers: shared hit=836555 read=5129867
                     ->  Hash Join  (cost=19810.92..9734474.11 rows=4704 width=22) (actual time=45747.448..76655.382 rows=198677 loops=1)
                           Hash Cond: (store_sales.ss_item_sk = item.i_item_sk)
                           Buffers: shared hit=51544 read=5129838
                           ->  Hash Join  (cost=2570.11..9717139.25 rows=35830 width=18) (actual time=45628.516..76235.440 rows=1851132 loops=1)
                                 Hash Cond: (store_sales.ss_sold_date_sk = date_dim.d_date_sk)
                                 Buffers: shared hit=39259 read=5127767
                                 ->  Seq Scan on store_sales  (cost=0.00..9485539.52 rows=87244546 width=22) (actual time=0.031..70997.183 rows=86810744 loops=1)
                                       Filter: ((ss_wholesale_cost >= '66'::numeric) AND (ss_wholesale_cost <= '86'::numeric))
                                       Rows Removed by Filter: 201186280
                                       Buffers: shared hit=37785 read=5127767
                                 ->  Hash  (cost=2569.73..2569.73 rows=30 width=4) (actual time=19.426..19.427 rows=31 loops=1)
                                       Buckets: 1024  Batches: 1  Memory Usage: 10kB
                                       Buffers: shared hit=1474
                                       ->  Seq Scan on date_dim  (cost=0.00..2569.73 rows=30 width=4) (actual time=10.670..19.415 rows=31 loops=1)
                                             Filter: ((d_year = 2001) AND (d_moy = 5))
                                             Rows Removed by Filter: 73018
                                             Buffers: shared hit=1474
                           ->  Hash  (cost=16906.00..16906.00 rows=26785 width=12) (actual time=118.793..118.794 rows=26695 loops=1)
                                 Buckets: 32768  Batches: 1  Memory Usage: 1403kB
                                 Buffers: shared hit=12285 read=2071
                                 ->  Seq Scan on item  (cost=0.00..16906.00 rows=26785 width=12) (actual time=0.010..114.382 rows=26695 loops=1)
                                       Filter: (i_category = 'Children'::bpchar)
                                       Rows Removed by Filter: 177305
                                       Buffers: shared hit=12285 read=2071
                     ->  Index Scan using customer_pkey on customer  (cost=0.43..7.65 rows=1 width=8) (actual time=0.017..0.017 rows=0 loops=198677)
                           Index Cond: (c_customer_sk = store_sales.ss_customer_sk)
                           Filter: (c_birth_month = 9)
                           Rows Removed by Filter: 1
                           Buffers: shared hit=785011 read=29
               ->  Index Scan using customer_address_pkey on customer_address  (cost=0.42..7.65 rows=1 width=15) (actual time=0.018..0.018 rows=0 loops=7859)
                     Index Cond: (ca_address_sk = customer.c_current_addr_sk)
                     Filter: (ca_state = 'TN'::bpchar)
                     Rows Removed by Filter: 1
                     Buffers: shared hit=27907 read=3529
         ->  Hash  (cost=22.02..22.02 rows=402 width=15) (actual time=2.677..2.678 rows=402 loops=1)
               Buckets: 1024  Batches: 1  Memory Usage: 27kB
               Buffers: shared hit=15 read=3
               ->  Seq Scan on store  (cost=0.00..22.02 rows=402 width=15) (actual time=0.042..2.445 rows=402 loops=1)
                     Buffers: shared hit=15 read=3
 Planning:
   Buffers: shared hit=460
 Planning Time: 5.480 ms
 Execution Time: 80293.455 ms
(54 rows)

