                                                                            QUERY PLAN                                                                            
------------------------------------------------------------------------------------------------------------------------------------------------------------------
 Aggregate  (cost=9779093.48..9779093.49 rows=1 width=40) (actual time=80499.798..80499.804 rows=1 loops=1)
   Buffers: shared hit=603934 read=5129506
   ->  Hash Join  (cost=19817.16..9779093.45 rows=5 width=14) (actual time=7259.360..80499.658 rows=94 loops=1)
         Hash Cond: (store_sales.ss_store_sk = store.s_store_sk)
         Join Filter: ("substring"((customer_address.ca_zip)::text, 1, 5) <> "substring"((store.s_zip)::text, 1, 5))
         Rows Removed by Join Filter: 3
         Buffers: shared hit=603934 read=5129506
         ->  Nested Loop  (cost=19790.11..9779066.39 rows=5 width=29) (actual time=7258.721..80498.736 rows=97 loops=1)
               Buffers: shared hit=603916 read=5129506
               ->  Nested Loop  (cost=19789.69..9777313.95 rows=229 width=22) (actual time=7257.890..80377.398 rows=6190 loops=1)
                     Buffers: shared hit=582008 read=5126654
                     ->  Hash Join  (cost=19789.26..9741464.53 rows=4686 width=22) (actual time=7257.694..78082.656 rows=133475 loops=1)
                           Hash Cond: (store_sales.ss_item_sk = item.i_item_sk)
                           Buffers: shared hit=54743 read=5126639
                           ->  Hash Join  (cost=2570.12..9724145.23 rows=38157 width=18) (actual time=7145.471..77757.316 rows=1517526 loops=1)
                                 Hash Cond: (store_sales.ss_sold_date_sk = date_dim.d_date_sk)
                                 Buffers: shared hit=40699 read=5126327
                                 ->  Seq Scan on store_sales  (cost=0.00..9485539.52 rows=89913339 width=22) (actual time=0.027..72438.342 rows=89530603 loops=1)
                                       Filter: ((ss_wholesale_cost >= '57'::numeric) AND (ss_wholesale_cost <= '77'::numeric))
                                       Rows Removed by Filter: 198466421
                                       Buffers: shared hit=39225 read=5126327
                                 ->  Hash  (cost=2569.73..2569.73 rows=31 width=4) (actual time=19.371..19.373 rows=31 loops=1)
                                       Buckets: 1024  Batches: 1  Memory Usage: 10kB
                                       Buffers: shared hit=1474
                                       ->  Seq Scan on date_dim  (cost=0.00..2569.73 rows=31 width=4) (actual time=10.871..19.357 rows=31 loops=1)
                                             Filter: ((d_year = 1998) AND (d_moy = 7))
                                             Rows Removed by Filter: 73018
                                             Buffers: shared hit=1474
                           ->  Hash  (cost=16906.00..16906.00 rows=25051 width=12) (actual time=112.069..112.069 rows=24688 loops=1)
                                 Buckets: 32768  Batches: 1  Memory Usage: 1317kB
                                 Buffers: shared hit=14044 read=312
                                 ->  Seq Scan on item  (cost=0.00..16906.00 rows=25051 width=12) (actual time=0.021..108.354 rows=24688 loops=1)
                                       Filter: (i_category = 'Books'::bpchar)
                                       Rows Removed by Filter: 179312
                                       Buffers: shared hit=14044 read=312
                     ->  Index Scan using customer_pkey on customer  (cost=0.43..7.65 rows=1 width=8) (actual time=0.017..0.017 rows=0 loops=133475)
                           Index Cond: (c_customer_sk = store_sales.ss_customer_sk)
                           Filter: (c_birth_month = 7)
                           Rows Removed by Filter: 1
                           Buffers: shared hit=527265 read=15
               ->  Index Scan using customer_address_pkey on customer_address  (cost=0.42..7.65 rows=1 width=15) (actual time=0.019..0.019 rows=0 loops=6190)
                     Index Cond: (ca_address_sk = customer.c_current_addr_sk)
                     Filter: (ca_state = 'AL'::bpchar)
                     Rows Removed by Filter: 1
                     Buffers: shared hit=21908 read=2852
         ->  Hash  (cost=22.02..22.02 rows=402 width=15) (actual time=0.612..0.612 rows=402 loops=1)
               Buckets: 1024  Batches: 1  Memory Usage: 27kB
               Buffers: shared hit=18
               ->  Seq Scan on store  (cost=0.00..22.02 rows=402 width=15) (actual time=0.024..0.493 rows=402 loops=1)
                     Buffers: shared hit=18
 Planning:
   Buffers: shared hit=460
 Planning Time: 4.559 ms
 Execution Time: 80500.235 ms
(54 rows)

