                                                                            QUERY PLAN                                                                            
------------------------------------------------------------------------------------------------------------------------------------------------------------------
 Aggregate  (cost=9643228.21..9643228.22 rows=1 width=40) (actual time=70202.688..70202.694 rows=1 loops=1)
   Buffers: shared hit=256279 read=5129069
   ->  Nested Loop  (cost=19750.22..9643228.18 rows=4 width=14) (actual time=49094.582..70202.597 rows=71 loops=1)
         Join Filter: ("substring"((customer_address.ca_zip)::text, 1, 5) <> "substring"((store.s_zip)::text, 1, 5))
         Rows Removed by Join Filter: 2
         Buffers: shared hit=256279 read=5129069
         ->  Nested Loop  (cost=19750.07..9643205.20 rows=4 width=29) (actual time=49094.537..70201.937 rows=73 loops=1)
               Buffers: shared hit=256135 read=5129067
               ->  Nested Loop  (cost=19749.65..9641644.64 rows=204 width=22) (actual time=48993.403..70116.537 rows=4566 loops=1)
                     Buffers: shared hit=240391 read=5126547
                     ->  Hash Join  (cost=19749.22..9625701.33 rows=2084 width=22) (actual time=48993.203..69348.035 rows=46972 loops=1)
                           Hash Cond: (store_sales.ss_item_sk = item.i_item_sk)
                           Buffers: shared hit=54838 read=5126544
                           ->  Hash Join  (cost=2570.12..9608471.16 rows=19457 width=18) (actual time=48890.383..69182.378 rows=411783 loops=1)
                                 Hash Cond: (store_sales.ss_sold_date_sk = date_dim.d_date_sk)
                                 Buffers: shared hit=41521 read=5125505
                                 ->  Seq Scan on store_sales  (cost=0.00..9485539.52 rows=45849467 width=22) (actual time=0.049..66343.910 rows=46160898 loops=1)
                                       Filter: ((ss_wholesale_cost >= '80'::numeric) AND (ss_wholesale_cost <= '100'::numeric))
                                       Rows Removed by Filter: 241836126
                                       Buffers: shared hit=40047 read=5125505
                                 ->  Hash  (cost=2569.73..2569.73 rows=31 width=4) (actual time=19.580..19.580 rows=31 loops=1)
                                       Buckets: 1024  Batches: 1  Memory Usage: 10kB
                                       Buffers: shared hit=1474
                                       ->  Seq Scan on date_dim  (cost=0.00..2569.73 rows=31 width=4) (actual time=11.570..19.569 rows=31 loops=1)
                                             Filter: ((d_year = 2001) AND (d_moy = 10))
                                             Rows Removed by Filter: 73018
                                             Buffers: shared hit=1474
                           ->  Hash  (cost=16906.00..16906.00 rows=21848 width=12) (actual time=102.681..102.681 rows=21811 loops=1)
                                 Buckets: 32768  Batches: 1  Memory Usage: 1193kB
                                 Buffers: shared hit=13317 read=1039
                                 ->  Seq Scan on item  (cost=0.00..16906.00 rows=21848 width=12) (actual time=0.019..99.367 rows=21811 loops=1)
                                       Filter: (i_category = 'Sports'::bpchar)
                                       Rows Removed by Filter: 182189
                                       Buffers: shared hit=13317 read=1039
                     ->  Index Scan using customer_pkey on customer  (cost=0.43..7.65 rows=1 width=8) (actual time=0.016..0.016 rows=0 loops=46972)
                           Index Cond: (c_customer_sk = store_sales.ss_customer_sk)
                           Filter: (c_birth_month = 2)
                           Rows Removed by Filter: 1
                           Buffers: shared hit=185553 read=3
               ->  Index Scan using customer_address_pkey on customer_address  (cost=0.42..7.65 rows=1 width=15) (actual time=0.018..0.018 rows=0 loops=4566)
                     Index Cond: (ca_address_sk = customer.c_current_addr_sk)
                     Filter: (ca_state = 'FL'::bpchar)
                     Rows Removed by Filter: 1
                     Buffers: shared hit=15744 read=2520
         ->  Index Scan using store_pkey on store  (cost=0.15..5.72 rows=1 width=15) (actual time=0.006..0.006 rows=1 loops=73)
               Index Cond: (s_store_sk = store_sales.ss_store_sk)
               Buffers: shared hit=144 read=2
 Planning:
   Buffers: shared hit=460
 Planning Time: 4.687 ms
 Execution Time: 70203.209 ms
(51 rows)

