                                                                            QUERY PLAN                                                                            
------------------------------------------------------------------------------------------------------------------------------------------------------------------
 Aggregate  (cost=9679951.83..9679951.84 rows=1 width=40) (actual time=86791.979..86791.984 rows=1 loops=1)
   Buffers: shared hit=1982758 read=5127464
   ->  Nested Loop  (cost=2571.53..9679951.82 rows=2 width=14) (actual time=25665.686..86791.895 rows=31 loops=1)
         Join Filter: ("substring"((customer_address.ca_zip)::text, 1, 5) <> "substring"((store.s_zip)::text, 1, 5))
         Rows Removed by Join Filter: 1
         Buffers: shared hit=1982758 read=5127464
         ->  Nested Loop  (cost=2571.38..9679940.33 rows=2 width=29) (actual time=25665.650..86791.364 rows=32 loops=1)
               Buffers: shared hit=1982694 read=5127464
               ->  Nested Loop  (cost=2570.96..9679397.19 rows=71 width=22) (actual time=24790.540..86702.850 rows=2980 loops=1)
                     Buffers: shared hit=1972918 read=5125320
                     ->  Nested Loop  (cost=2570.53..9673934.84 rows=714 width=22) (actual time=24789.188..85910.486 rows=31288 loops=1)
                           Buffers: shared hit=1849237 read=5125313
                           ->  Hash Join  (cost=2570.11..9572786.08 rows=13247 width=18) (actual time=24789.143..75644.110 rows=451881 loops=1)
                                 Hash Cond: (store_sales.ss_sold_date_sk = date_dim.d_date_sk)
                                 Buffers: shared hit=43489 read=5123537
                                 ->  Seq Scan on store_sales  (cost=0.00..9485539.52 rows=32255907 width=22) (actual time=0.040..73411.052 rows=32336064 loops=1)
                                       Filter: ((ss_wholesale_cost >= '20'::numeric) AND (ss_wholesale_cost <= '40'::numeric))
                                       Rows Removed by Filter: 255660960
                                       Buffers: shared hit=42015 read=5123537
                                 ->  Hash  (cost=2569.73..2569.73 rows=30 width=4) (actual time=19.835..19.836 rows=31 loops=1)
                                       Buckets: 1024  Batches: 1  Memory Usage: 10kB
                                       Buffers: shared hit=1474
                                       ->  Seq Scan on date_dim  (cost=0.00..2569.73 rows=30 width=4) (actual time=10.881..19.821 rows=31 loops=1)
                                             Filter: ((d_year = 2000) AND (d_moy = 1))
                                             Rows Removed by Filter: 73018
                                             Buffers: shared hit=1474
                           ->  Index Scan using item_pkey on item  (cost=0.42..7.64 rows=1 width=12) (actual time=0.022..0.022 rows=0 loops=451881)
                                 Index Cond: (i_item_sk = store_sales.ss_item_sk)
                                 Filter: (i_category = 'Women'::bpchar)
                                 Rows Removed by Filter: 1
                                 Buffers: shared hit=1805748 read=1776
                     ->  Index Scan using customer_pkey on customer  (cost=0.43..7.65 rows=1 width=8) (actual time=0.025..0.025 rows=0 loops=31288)
                           Index Cond: (c_customer_sk = store_sales.ss_customer_sk)
                           Filter: (c_birth_month = 1)
                           Rows Removed by Filter: 1
                           Buffers: shared hit=123681 read=7
               ->  Index Scan using customer_address_pkey on customer_address  (cost=0.42..7.65 rows=1 width=15) (actual time=0.029..0.029 rows=0 loops=2980)
                     Index Cond: (ca_address_sk = customer.c_current_addr_sk)
                     Filter: (ca_state = 'AR'::bpchar)
                     Rows Removed by Filter: 1
                     Buffers: shared hit=9776 read=2144
         ->  Index Scan using store_pkey on store  (cost=0.15..5.72 rows=1 width=15) (actual time=0.010..0.010 rows=1 loops=32)
               Index Cond: (s_store_sk = store_sales.ss_store_sk)
               Buffers: shared hit=64
 Planning:
   Buffers: shared hit=460
 Planning Time: 4.797 ms
 Execution Time: 86792.364 ms
(48 rows)

