                                                                             QUERY PLAN                                                                              
---------------------------------------------------------------------------------------------------------------------------------------------------------------------
 Aggregate  (cost=9720207.53..9720207.54 rows=1 width=40) (actual time=94883.460..94883.466 rows=1 loops=1)
   Buffers: shared hit=3248076 read=5128938
   ->  Nested Loop  (cost=2571.54..9720207.51 rows=2 width=14) (actual time=63988.475..94883.397 rows=26 loops=1)
         Join Filter: ("substring"((customer_address.ca_zip)::text, 1, 5) <> "substring"((store.s_zip)::text, 1, 5))
         Buffers: shared hit=3248076 read=5128938
         ->  Nested Loop  (cost=2571.39..9720196.03 rows=2 width=29) (actual time=63988.448..94882.983 rows=26 loops=1)
               Buffers: shared hit=3248025 read=5128937
               ->  Nested Loop  (cost=2570.97..9720058.59 rows=18 width=25) (actual time=63941.492..94879.412 rows=175 loops=1)
                     Buffers: shared hit=3247325 read=5128937
                     ->  Nested Loop  (cost=2570.55..9718318.26 rows=227 width=18) (actual time=63833.694..94598.395 rows=10989 loops=1)
                           Buffers: shared hit=3207216 read=5125090
                           ->  Hash Join  (cost=2570.12..9591031.84 rows=16638 width=18) (actual time=63829.857..76107.093 rows=800942 loops=1)
                                 Hash Cond: (store_sales.ss_sold_date_sk = date_dim.d_date_sk)
                                 Buffers: shared hit=42226 read=5124800
                                 ->  Seq Scan on store_sales  (cost=0.00..9485539.52 rows=39206286 width=22) (actual time=0.052..73356.194 rows=39350281 loops=1)
                                       Filter: ((ss_wholesale_cost >= '30'::numeric) AND (ss_wholesale_cost <= '50'::numeric))
                                       Rows Removed by Filter: 248646743
                                       Buffers: shared hit=40752 read=5124800
                                 ->  Hash  (cost=2569.73..2569.73 rows=31 width=4) (actual time=21.011..21.012 rows=31 loops=1)
                                       Buckets: 1024  Batches: 1  Memory Usage: 10kB
                                       Buffers: shared hit=1474
                                       ->  Seq Scan on date_dim  (cost=0.00..2569.73 rows=31 width=4) (actual time=13.144..20.997 rows=31 loops=1)
                                             Filter: ((d_year = 2002) AND (d_moy = 10))
                                             Rows Removed by Filter: 73018
                                             Buffers: shared hit=1474
                           ->  Index Scan using customer_pkey on customer  (cost=0.43..7.65 rows=1 width=8) (actual time=0.023..0.023 rows=0 loops=800942)
                                 Index Cond: (c_customer_sk = store_sales.ss_customer_sk)
                                 Filter: (c_birth_month = 5)
                                 Rows Removed by Filter: 1
                                 Buffers: shared hit=3164990 read=290
                     ->  Index Scan using customer_address_pkey on customer_address  (cost=0.42..7.67 rows=1 width=15) (actual time=0.025..0.025 rows=0 loops=10989)
                           Index Cond: (ca_address_sk = customer.c_current_addr_sk)
                           Filter: (ca_state = 'TX'::bpchar)
                           Rows Removed by Filter: 1
                           Buffers: shared hit=40109 read=3847
               ->  Index Scan using item_pkey on item  (cost=0.42..7.64 rows=1 width=12) (actual time=0.019..0.019 rows=0 loops=175)
                     Index Cond: (i_item_sk = store_sales.ss_item_sk)
                     Filter: (i_category = 'Children'::bpchar)
                     Rows Removed by Filter: 1
                     Buffers: shared hit=700
         ->  Index Scan using store_pkey on store  (cost=0.15..5.72 rows=1 width=15) (actual time=0.009..0.009 rows=1 loops=26)
               Index Cond: (s_store_sk = store_sales.ss_store_sk)
               Buffers: shared hit=51 read=1
 Planning:
   Buffers: shared hit=460
 Planning Time: 4.623 ms
 Execution Time: 94883.944 ms
(47 rows)

