                                                                            QUERY PLAN                                                                            
------------------------------------------------------------------------------------------------------------------------------------------------------------------
 Aggregate  (cost=9667630.37..9667630.38 rows=1 width=40) (actual time=72937.501..72937.507 rows=1 loops=1)
   Buffers: shared hit=328957 read=5123769
   ->  Nested Loop  (cost=19643.35..9667630.36 rows=1 width=14) (actual time=52805.085..72937.419 rows=50 loops=1)
         Join Filter: ("substring"((customer_address.ca_zip)::text, 1, 5) <> "substring"((store.s_zip)::text, 1, 5))
         Buffers: shared hit=328957 read=5123769
         ->  Nested Loop  (cost=19643.20..9667624.62 rows=1 width=29) (actual time=52805.066..72936.912 rows=50 loops=1)
               Buffers: shared hit=328857 read=5123769
               ->  Nested Loop  (cost=19642.78..9667272.47 rows=46 width=22) (actual time=52798.758..72893.945 rows=2147 loops=1)
                     Buffers: shared hit=321746 read=5122292
                     ->  Hash Join  (cost=19642.35..9656271.29 rows=1438 width=22) (actual time=52798.650..71750.749 rows=66515 loops=1)
                           Hash Cond: (store_sales.ss_item_sk = item.i_item_sk)
                           Buffers: shared hit=59119 read=5122263
                           ->  Hash Join  (cost=2570.08..9639141.14 rows=22053 width=18) (actual time=52699.581..71567.768 rows=564793 loops=1)
                                 Hash Cond: (store_sales.ss_sold_date_sk = date_dim.d_date_sk)
                                 Buffers: shared hit=45087 read=5121939
                                 ->  Seq Scan on store_sales  (cost=0.00..9485539.52 rows=57532634 width=22) (actual time=0.717..68000.262 rows=57752041 loops=1)
                                       Filter: ((ss_wholesale_cost >= '75'::numeric) AND (ss_wholesale_cost <= '95'::numeric))
                                       Rows Removed by Filter: 230244983
                                       Buffers: shared hit=43613 read=5121939
                                 ->  Hash  (cost=2569.73..2569.73 rows=28 width=4) (actual time=28.189..28.190 rows=28 loops=1)
                                       Buckets: 1024  Batches: 1  Memory Usage: 9kB
                                       Buffers: shared hit=1474
                                       ->  Seq Scan on date_dim  (cost=0.00..2569.73 rows=28 width=4) (actual time=16.737..28.175 rows=28 loops=1)
                                             Filter: ((d_year = 2002) AND (d_moy = 2))
                                             Rows Removed by Filter: 73021
                                             Buffers: shared hit=1474
                           ->  Hash  (cost=16906.00..16906.00 rows=13301 width=12) (actual time=98.985..98.985 rows=13933 loops=1)
                                 Buckets: 16384  Batches: 1  Memory Usage: 727kB
                                 Buffers: shared hit=14032 read=324
                                 ->  Seq Scan on item  (cost=0.00..16906.00 rows=13301 width=12) (actual time=0.011..96.934 rows=13933 loops=1)
                                       Filter: (i_category = 'Men'::bpchar)
                                       Rows Removed by Filter: 190067
                                       Buffers: shared hit=14032 read=324
                     ->  Index Scan using customer_pkey on customer  (cost=0.43..7.65 rows=1 width=8) (actual time=0.017..0.017 rows=0 loops=66515)
                           Index Cond: (c_customer_sk = store_sales.ss_customer_sk)
                           Filter: (c_birth_month = 6)
                           Rows Removed by Filter: 1
                           Buffers: shared hit=262627 read=29
               ->  Index Scan using customer_address_pkey on customer_address  (cost=0.42..7.66 rows=1 width=15) (actual time=0.020..0.020 rows=0 loops=2147)
                     Index Cond: (ca_address_sk = customer.c_current_addr_sk)
                     Filter: (ca_state = 'NY'::bpchar)
                     Rows Removed by Filter: 1
                     Buffers: shared hit=7111 read=1477
         ->  Index Scan using store_pkey on store  (cost=0.15..5.72 rows=1 width=15) (actual time=0.006..0.006 rows=1 loops=50)
               Index Cond: (s_store_sk = store_sales.ss_store_sk)
               Buffers: shared hit=100
 Planning:
   Buffers: shared hit=460
 Planning Time: 5.081 ms
 Execution Time: 72937.924 ms
(50 rows)

