                                                                            QUERY PLAN                                                                            
------------------------------------------------------------------------------------------------------------------------------------------------------------------
 Aggregate  (cost=9642998.79..9642998.80 rows=1 width=40) (actual time=69094.106..69094.111 rows=1 loops=1)
   Buffers: shared hit=195207 read=5128025
   ->  Nested Loop  (cost=19750.22..9642998.76 rows=4 width=14) (actual time=25150.271..69094.045 rows=58 loops=1)
         Join Filter: ("substring"((customer_address.ca_zip)::text, 1, 5) <> "substring"((store.s_zip)::text, 1, 5))
         Rows Removed by Join Filter: 3
         Buffers: shared hit=195207 read=5128025
         ->  Nested Loop  (cost=19750.07..9642975.79 rows=4 width=29) (actual time=25150.255..69093.060 rows=61 loops=1)
               Buffers: shared hit=195086 read=5128024
               ->  Nested Loop  (cost=19749.65..9641644.64 rows=174 width=22) (actual time=25144.854..69040.104 rows=2698 loops=1)
                     Buffers: shared hit=185632 read=5126686
                     ->  Hash Join  (cost=19749.22..9625701.33 rows=2084 width=22) (actual time=25144.128..68464.449 rows=33142 loops=1)
                           Hash Cond: (store_sales.ss_item_sk = item.i_item_sk)
                           Buffers: shared hit=54703 read=5126679
                           ->  Hash Join  (cost=2570.12..9608471.16 rows=19457 width=18) (actual time=25035.264..68315.700 rows=260457 loops=1)
                                 Hash Cond: (store_sales.ss_sold_date_sk = date_dim.d_date_sk)
                                 Buffers: shared hit=40623 read=5126403
                                 ->  Seq Scan on store_sales  (cost=0.00..9485539.52 rows=45849467 width=22) (actual time=0.834..65500.601 rows=46160898 loops=1)
                                       Filter: ((ss_wholesale_cost >= '80'::numeric) AND (ss_wholesale_cost <= '100'::numeric))
                                       Rows Removed by Filter: 241836126
                                       Buffers: shared hit=39687 read=5125865
                                 ->  Hash  (cost=2569.73..2569.73 rows=31 width=4) (actual time=15.278..15.279 rows=31 loops=1)
                                       Buckets: 1024  Batches: 1  Memory Usage: 10kB
                                       Buffers: shared hit=936 read=538
                                       ->  Seq Scan on date_dim  (cost=0.00..2569.73 rows=31 width=4) (actual time=8.559..15.266 rows=31 loops=1)
                                             Filter: ((d_year = 2000) AND (d_moy = 3))
                                             Rows Removed by Filter: 73018
                                             Buffers: shared hit=936 read=538
                           ->  Hash  (cost=16906.00..16906.00 rows=21848 width=12) (actual time=108.723..108.724 rows=21811 loops=1)
                                 Buckets: 32768  Batches: 1  Memory Usage: 1193kB
                                 Buffers: shared hit=14080 read=276
                                 ->  Seq Scan on item  (cost=0.00..16906.00 rows=21848 width=12) (actual time=0.030..105.343 rows=21811 loops=1)
                                       Filter: (i_category = 'Sports'::bpchar)
                                       Rows Removed by Filter: 182189
                                       Buffers: shared hit=14080 read=276
                     ->  Index Scan using customer_pkey on customer  (cost=0.43..7.65 rows=1 width=8) (actual time=0.017..0.017 rows=0 loops=33142)
                           Index Cond: (c_customer_sk = store_sales.ss_customer_sk)
                           Filter: (c_birth_month = 11)
                           Rows Removed by Filter: 1
                           Buffers: shared hit=130929 read=7
               ->  Index Scan using customer_address_pkey on customer_address  (cost=0.42..7.65 rows=1 width=15) (actual time=0.019..0.019 rows=0 loops=2698)
                     Index Cond: (ca_address_sk = customer.c_current_addr_sk)
                     Filter: (ca_state = 'CO'::bpchar)
                     Rows Removed by Filter: 1
                     Buffers: shared hit=9454 read=1338
         ->  Index Scan using store_pkey on store  (cost=0.15..5.72 rows=1 width=15) (actual time=0.013..0.013 rows=1 loops=61)
               Index Cond: (s_store_sk = store_sales.ss_store_sk)
               Buffers: shared hit=121 read=1
 Planning:
   Buffers: shared hit=460
 Planning Time: 3.329 ms
 Execution Time: 69094.482 ms
(51 rows)

