                                                                            QUERY PLAN                                                                            
------------------------------------------------------------------------------------------------------------------------------------------------------------------
 Aggregate  (cost=9677171.16..9677171.17 rows=1 width=40) (actual time=77575.325..77575.331 rows=1 loops=1)
   Buffers: shared hit=510214 read=5128248
   ->  Nested Loop  (cost=19896.07..9677171.15 rows=1 width=14) (actual time=11827.778..77575.204 rows=81 loops=1)
         Join Filter: ("substring"((customer_address.ca_zip)::text, 1, 5) <> "substring"((store.s_zip)::text, 1, 5))
         Rows Removed by Join Filter: 1
         Buffers: shared hit=510214 read=5128248
         ->  Nested Loop  (cost=19895.93..9677165.41 rows=1 width=29) (actual time=11827.753..77574.387 rows=82 loops=1)
               Buffers: shared hit=510050 read=5128248
               ->  Nested Loop  (cost=19895.50..9676269.73 rows=117 width=22) (actual time=11684.427..77501.984 rows=3634 loops=1)
                     Buffers: shared hit=497265 read=5126497
                     ->  Hash Join  (cost=19895.07..9648208.30 rows=3668 width=22) (actual time=11683.978..75500.212 rows=111966 loops=1)
                           Hash Cond: (store_sales.ss_item_sk = item.i_item_sk)
                           Buffers: shared hit=54902 read=5126480
                           ->  Hash Join  (cost=2570.11..9630824.73 rows=22327 width=18) (actual time=11566.522..75248.161 rows=775481 loops=1)
                                 Hash Cond: (store_sales.ss_sold_date_sk = date_dim.d_date_sk)
                                 Buffers: shared hit=40826 read=5126200
                                 ->  Seq Scan on store_sales  (cost=0.00..9485539.52 rows=54364643 width=22) (actual time=0.683..71874.363 rows=53574682 loops=1)
                                       Filter: ((ss_wholesale_cost >= '46'::numeric) AND (ss_wholesale_cost <= '66'::numeric))
                                       Rows Removed by Filter: 234422342
                                       Buffers: shared hit=39479 read=5126073
                                 ->  Hash  (cost=2569.73..2569.73 rows=30 width=4) (actual time=25.260..25.261 rows=31 loops=1)
                                       Buckets: 1024  Batches: 1  Memory Usage: 10kB
                                       Buffers: shared hit=1347 read=127
                                       ->  Seq Scan on date_dim  (cost=0.00..2569.73 rows=30 width=4) (actual time=14.514..25.248 rows=31 loops=1)
                                             Filter: ((d_year = 1998) AND (d_moy = 12))
                                             Rows Removed by Filter: 73018
                                             Buffers: shared hit=1347 read=127
                           ->  Hash  (cost=16906.00..16906.00 rows=33517 width=12) (actual time=117.215..117.215 rows=33627 loops=1)
                                 Buckets: 65536  Batches: 1  Memory Usage: 1957kB
                                 Buffers: shared hit=14076 read=280
                                 ->  Seq Scan on item  (cost=0.00..16906.00 rows=33517 width=12) (actual time=0.028..111.765 rows=33627 loops=1)
                                       Filter: (i_category = 'Shoes'::bpchar)
                                       Rows Removed by Filter: 170373
                                       Buffers: shared hit=14076 read=280
                     ->  Index Scan using customer_pkey on customer  (cost=0.43..7.65 rows=1 width=8) (actual time=0.018..0.018 rows=0 loops=111966)
                           Index Cond: (c_customer_sk = store_sales.ss_customer_sk)
                           Filter: (c_birth_month = 6)
                           Rows Removed by Filter: 1
                           Buffers: shared hit=442363 read=17
               ->  Index Scan using customer_address_pkey on customer_address  (cost=0.42..7.66 rows=1 width=15) (actual time=0.020..0.020 rows=0 loops=3634)
                     Index Cond: (ca_address_sk = customer.c_current_addr_sk)
                     Filter: (ca_state = 'WY'::bpchar)
                     Rows Removed by Filter: 1
                     Buffers: shared hit=12785 read=1751
         ->  Index Scan using store_pkey on store  (cost=0.15..5.72 rows=1 width=15) (actual time=0.006..0.006 rows=1 loops=82)
               Index Cond: (s_store_sk = store_sales.ss_store_sk)
               Buffers: shared hit=164
 Planning:
   Buffers: shared hit=460
 Planning Time: 4.532 ms
 Execution Time: 77575.808 ms
(51 rows)

