                                                                             QUERY PLAN                                                                              
---------------------------------------------------------------------------------------------------------------------------------------------------------------------
 Aggregate  (cost=9648622.40..9648622.41 rows=1 width=40) (actual time=85347.262..85347.268 rows=1 loops=1)
   Buffers: shared hit=1924754 read=5140520
   ->  Nested Loop  (cost=2571.54..9648622.40 rows=1 width=14) (actual time=7099.543..85347.167 rows=41 loops=1)
         Join Filter: ("substring"((customer_address.ca_zip)::text, 1, 5) <> "substring"((store.s_zip)::text, 1, 5))
         Rows Removed by Join Filter: 1
         Buffers: shared hit=1924754 read=5140520
         ->  Nested Loop  (cost=2571.39..9648616.65 rows=1 width=29) (actual time=7099.513..85345.978 rows=42 loops=1)
               Buffers: shared hit=1924670 read=5140520
               ->  Nested Loop  (cost=2570.97..9648532.66 rows=11 width=25) (actual time=7099.485..85332.951 rows=465 loops=1)
                     Buffers: shared hit=1923034 read=5140296
                     ->  Nested Loop  (cost=2570.55..9643574.33 rows=648 width=18) (actual time=7091.337..84708.006 rows=25184 loops=1)
                           Buffers: shared hit=1830707 read=5131887
                           ->  Hash Join  (cost=2570.12..9557614.89 rows=11236 width=18) (actual time=7077.329..74547.081 rows=454355 loops=1)
                                 Hash Cond: (store_sales.ss_sold_date_sk = date_dim.d_date_sk)
                                 Buffers: shared hit=35220 read=5131806
                                 ->  Seq Scan on store_sales  (cost=0.00..9485539.52 rows=26476724 width=22) (actual time=0.449..72648.272 rows=26847589 loops=1)
                                       Filter: ((ss_wholesale_cost >= '16'::numeric) AND (ss_wholesale_cost <= '36'::numeric))
                                       Rows Removed by Filter: 261149435
                                       Buffers: shared hit=33873 read=5131679
                                 ->  Hash  (cost=2569.73..2569.73 rows=31 width=4) (actual time=28.543..28.544 rows=31 loops=1)
                                       Buckets: 1024  Batches: 1  Memory Usage: 10kB
                                       Buffers: shared hit=1347 read=127
                                       ->  Seq Scan on date_dim  (cost=0.00..2569.73 rows=31 width=4) (actual time=13.074..28.525 rows=31 loops=1)
                                             Filter: ((d_year = 1998) AND (d_moy = 7))
                                             Rows Removed by Filter: 73018
                                             Buffers: shared hit=1347 read=127
                           ->  Index Scan using customer_pkey on customer  (cost=0.43..7.65 rows=1 width=8) (actual time=0.022..0.022 rows=0 loops=454355)
                                 Index Cond: (c_customer_sk = store_sales.ss_customer_sk)
                                 Filter: (c_birth_month = 3)
                                 Rows Removed by Filter: 1
                                 Buffers: shared hit=1795487 read=81
                     ->  Index Scan using customer_address_pkey on customer_address  (cost=0.42..7.65 rows=1 width=15) (actual time=0.024..0.024 rows=0 loops=25184)
                           Index Cond: (ca_address_sk = customer.c_current_addr_sk)
                           Filter: (ca_state = 'NY'::bpchar)
                           Rows Removed by Filter: 1
                           Buffers: shared hit=92327 read=8409
               ->  Index Scan using item_pkey on item  (cost=0.42..7.64 rows=1 width=12) (actual time=0.027..0.027 rows=0 loops=465)
                     Index Cond: (i_item_sk = store_sales.ss_item_sk)
                     Filter: (i_category = 'Men'::bpchar)
                     Rows Removed by Filter: 1
                     Buffers: shared hit=1636 read=224
         ->  Index Scan using store_pkey on store  (cost=0.15..5.72 rows=1 width=15) (actual time=0.022..0.022 rows=1 loops=42)
               Index Cond: (s_store_sk = store_sales.ss_store_sk)
               Buffers: shared hit=84
 Planning:
   Buffers: shared hit=460
 Planning Time: 4.831 ms
 Execution Time: 85347.668 ms
(48 rows)

