                                                                            QUERY PLAN                                                                            
------------------------------------------------------------------------------------------------------------------------------------------------------------------
 Aggregate  (cost=9643738.67..9643738.68 rows=1 width=40) (actual time=73204.463..73204.469 rows=1 loops=1)
   Buffers: shared hit=681415 read=5147463
   ->  Nested Loop  (cost=19750.21..9643738.64 rows=4 width=14) (actual time=43588.832..73204.152 rows=367 loops=1)
         Join Filter: ("substring"((customer_address.ca_zip)::text, 1, 5) <> "substring"((store.s_zip)::text, 1, 5))
         Rows Removed by Join Filter: 9
         Buffers: shared hit=681415 read=5147463
         ->  Nested Loop  (cost=19750.06..9643715.67 rows=4 width=29) (actual time=43581.135..73200.313 rows=378 loops=1)
               Buffers: shared hit=680663 read=5147463
               ->  Nested Loop  (cost=19749.64..9641130.41 rows=338 width=22) (actual time=43556.608..72751.898 rows=23604 loops=1)
                     Buffers: shared hit=597731 read=5135979
                     ->  Hash Join  (cost=19749.21..9625699.67 rows=2017 width=22) (actual time=43556.579..70373.460 rows=139730 loops=1)
                           Hash Cond: (store_sales.ss_item_sk = item.i_item_sk)
                           Buffers: shared hit=45436 read=5135946
                           ->  Hash Join  (cost=2570.11..9608471.14 rows=18830 width=18) (actual time=43455.538..70079.962 rows=1225786 loops=1)
                                 Hash Cond: (store_sales.ss_sold_date_sk = date_dim.d_date_sk)
                                 Buffers: shared hit=31417 read=5135609
                                 ->  Seq Scan on store_sales  (cost=0.00..9485539.52 rows=45849467 width=22) (actual time=0.982..67086.949 rows=46160898 loops=1)
                                       Filter: ((ss_wholesale_cost >= '80'::numeric) AND (ss_wholesale_cost <= '100'::numeric))
                                       Rows Removed by Filter: 241836126
                                       Buffers: shared hit=30070 read=5135482
                                 ->  Hash  (cost=2569.73..2569.73 rows=30 width=4) (actual time=19.863..19.864 rows=30 loops=1)
                                       Buckets: 1024  Batches: 1  Memory Usage: 10kB
                                       Buffers: shared hit=1347 read=127
                                       ->  Seq Scan on date_dim  (cost=0.00..2569.73 rows=30 width=4) (actual time=9.372..19.853 rows=30 loops=1)
                                             Filter: ((d_year = 2001) AND (d_moy = 6))
                                             Rows Removed by Filter: 73019
                                             Buffers: shared hit=1347 read=127
                           ->  Hash  (cost=16906.00..16906.00 rows=21848 width=12) (actual time=100.912..100.912 rows=21811 loops=1)
                                 Buckets: 32768  Batches: 1  Memory Usage: 1193kB
                                 Buffers: shared hit=14019 read=337
                                 ->  Seq Scan on item  (cost=0.00..16906.00 rows=21848 width=12) (actual time=0.018..97.756 rows=21811 loops=1)
                                       Filter: (i_category = 'Sports'::bpchar)
                                       Rows Removed by Filter: 182189
                                       Buffers: shared hit=14019 read=337
                     ->  Index Scan using customer_pkey on customer  (cost=0.43..7.65 rows=1 width=8) (actual time=0.017..0.017 rows=0 loops=139730)
                           Index Cond: (c_customer_sk = store_sales.ss_customer_sk)
                           Filter: (c_birth_month = 4)
                           Rows Removed by Filter: 1
                           Buffers: shared hit=552295 read=33
               ->  Index Scan using customer_address_pkey on customer_address  (cost=0.42..7.65 rows=1 width=15) (actual time=0.019..0.019 rows=0 loops=23604)
                     Index Cond: (ca_address_sk = customer.c_current_addr_sk)
                     Filter: (ca_state = 'ID'::bpchar)
                     Rows Removed by Filter: 1
                     Buffers: shared hit=82932 read=11484
         ->  Index Scan using store_pkey on store  (cost=0.15..5.72 rows=1 width=15) (actual time=0.007..0.007 rows=1 loops=378)
               Index Cond: (s_store_sk = store_sales.ss_store_sk)
               Buffers: shared hit=752
 Planning:
   Buffers: shared hit=460
 Planning Time: 3.103 ms
 Execution Time: 73204.836 ms
(51 rows)

