                                                                            QUERY PLAN                                                                            
------------------------------------------------------------------------------------------------------------------------------------------------------------------
 Aggregate  (cost=9699461.64..9699461.65 rows=1 width=40) (actual time=73378.973..73378.978 rows=1 loops=1)
   Buffers: shared hit=564696 read=5137012
   ->  Hash Join  (cost=20034.16..9699461.51 rows=18 width=14) (actual time=3592.182..73378.753 rows=271 loops=1)
         Hash Cond: (store_sales.ss_store_sk = store.s_store_sk)
         Join Filter: ("substring"((customer_address.ca_zip)::text, 1, 5) <> "substring"((store.s_zip)::text, 1, 5))
         Rows Removed by Join Filter: 2
         Buffers: shared hit=564696 read=5137012
         ->  Nested Loop  (cost=20007.11..9699434.42 rows=18 width=29) (actual time=3591.380..73377.323 rows=274 loops=1)
               Buffers: shared hit=564678 read=5137012
               ->  Nested Loop  (cost=20006.69..9694217.77 rows=682 width=22) (actual time=3581.908..73026.906 rows=16159 loops=1)
                     Buffers: shared hit=504575 read=5132479
                     ->  Hash Join  (cost=20006.26..9656639.33 rows=4912 width=22) (actual time=3581.713..70623.427 rows=115336 loops=1)
                           Hash Cond: (store_sales.ss_item_sk = item.i_item_sk)
                           Buffers: shared hit=48915 read=5132467
                           ->  Hash Join  (cost=2570.11..9639141.16 rows=23628 width=18) (actual time=3458.752..70409.047 rows=322251 loops=1)
                                 Hash Cond: (store_sales.ss_sold_date_sk = date_dim.d_date_sk)
                                 Buffers: shared hit=34822 read=5132204
                                 ->  Seq Scan on store_sales  (cost=0.00..9485539.52 rows=57532634 width=22) (actual time=0.046..66878.777 rows=57752041 loops=1)
                                       Filter: ((ss_wholesale_cost >= '78'::numeric) AND (ss_wholesale_cost <= '98'::numeric))
                                       Rows Removed by Filter: 230244983
                                       Buffers: shared hit=34073 read=5131479
                                 ->  Hash  (cost=2569.73..2569.73 rows=30 width=4) (actual time=20.766..20.766 rows=30 loops=1)
                                       Buckets: 1024  Batches: 1  Memory Usage: 10kB
                                       Buffers: shared hit=749 read=725
                                       ->  Seq Scan on date_dim  (cost=0.00..2569.73 rows=30 width=4) (actual time=10.821..20.754 rows=30 loops=1)
                                             Filter: ((d_year = 1998) AND (d_moy = 4))
                                             Rows Removed by Filter: 73019
                                             Buffers: shared hit=749 read=725
                           ->  Hash  (cost=16906.00..16906.00 rows=42412 width=12) (actual time=122.715..122.715 rows=42041 loops=1)
                                 Buckets: 65536  Batches: 1  Memory Usage: 2319kB
                                 Buffers: shared hit=14093 read=263
                                 ->  Seq Scan on item  (cost=0.00..16906.00 rows=42412 width=12) (actual time=0.024..116.397 rows=42041 loops=1)
                                       Filter: (i_category = 'Electronics'::bpchar)
                                       Rows Removed by Filter: 161959
                                       Buffers: shared hit=14093 read=263
                     ->  Index Scan using customer_pkey on customer  (cost=0.43..7.65 rows=1 width=8) (actual time=0.021..0.021 rows=0 loops=115336)
                           Index Cond: (c_customer_sk = store_sales.ss_customer_sk)
                           Filter: (c_birth_month = 10)
                           Rows Removed by Filter: 1
                           Buffers: shared hit=455660 read=12
               ->  Index Scan using customer_address_pkey on customer_address  (cost=0.42..7.65 rows=1 width=15) (actual time=0.021..0.021 rows=0 loops=16159)
                     Index Cond: (ca_address_sk = customer.c_current_addr_sk)
                     Filter: (ca_state = 'IN'::bpchar)
                     Rows Removed by Filter: 1
                     Buffers: shared hit=60103 read=4533
         ->  Hash  (cost=22.02..22.02 rows=402 width=15) (actual time=0.768..0.769 rows=402 loops=1)
               Buckets: 1024  Batches: 1  Memory Usage: 27kB
               Buffers: shared hit=18
               ->  Seq Scan on store  (cost=0.00..22.02 rows=402 width=15) (actual time=0.029..0.611 rows=402 loops=1)
                     Buffers: shared hit=18
 Planning:
   Buffers: shared hit=421 read=39
 Planning Time: 5.183 ms
 Execution Time: 73379.495 ms
(54 rows)

