                                                                            QUERY PLAN                                                                            
------------------------------------------------------------------------------------------------------------------------------------------------------------------
 Aggregate  (cost=9623961.42..9623961.43 rows=1 width=40) (actual time=76783.138..76783.144 rows=1 loops=1)
   Buffers: shared hit=578669 read=5135875
   ->  Hash Join  (cost=19777.11..9623961.37 rows=7 width=14) (actual time=46619.603..76782.852 rows=326 loops=1)
         Hash Cond: (store_sales.ss_store_sk = store.s_store_sk)
         Join Filter: ("substring"((customer_address.ca_zip)::text, 1, 5) <> "substring"((store.s_zip)::text, 1, 5))
         Rows Removed by Join Filter: 10
         Buffers: shared hit=578669 read=5135875
         ->  Nested Loop  (cost=19750.06..9623934.31 rows=7 width=29) (actual time=46612.350..76781.024 rows=337 loops=1)
               Buffers: shared hit=578651 read=5135875
               ->  Nested Loop  (cost=19749.64..9622381.48 rows=203 width=22) (actual time=46560.229..76551.461 rows=14058 loops=1)
                     Buffers: shared hit=524211 read=5134083
                     ->  Hash Join  (cost=19749.21..9609085.19 rows=1738 width=22) (actual time=46560.080..74781.387 rows=120730 loops=1)
                           Hash Cond: (store_sales.ss_item_sk = item.i_item_sk)
                           Buffers: shared hit=47343 read=5134039
                           ->  Hash Join  (cost=2570.11..9591863.48 rows=16231 width=18) (actual time=46461.520..74511.785 rows=1062532 loops=1)
                                 Hash Cond: (store_sales.ss_sold_date_sk = date_dim.d_date_sk)
                                 Buffers: shared hit=33309 read=5133717
                                 ->  Seq Scan on store_sales  (cost=0.00..9485539.52 rows=39523085 width=22) (actual time=0.180..71837.600 rows=40114371 loops=1)
                                       Filter: ((ss_wholesale_cost >= '23'::numeric) AND (ss_wholesale_cost <= '43'::numeric))
                                       Rows Removed by Filter: 247882653
                                       Buffers: shared hit=32132 read=5133420
                                 ->  Hash  (cost=2569.73..2569.73 rows=30 width=4) (actual time=29.020..29.021 rows=30 loops=1)
                                       Buckets: 1024  Batches: 1  Memory Usage: 10kB
                                       Buffers: shared hit=1177 read=297
                                       ->  Seq Scan on date_dim  (cost=0.00..2569.73 rows=30 width=4) (actual time=17.803..29.009 rows=30 loops=1)
                                             Filter: ((d_year = 2001) AND (d_moy = 6))
                                             Rows Removed by Filter: 73019
                                             Buffers: shared hit=1177 read=297
                           ->  Hash  (cost=16906.00..16906.00 rows=21848 width=12) (actual time=98.387..98.387 rows=21811 loops=1)
                                 Buckets: 32768  Batches: 1  Memory Usage: 1193kB
                                 Buffers: shared hit=14034 read=322
                                 ->  Seq Scan on item  (cost=0.00..16906.00 rows=21848 width=12) (actual time=0.026..95.253 rows=21811 loops=1)
                                       Filter: (i_category = 'Sports'::bpchar)
                                       Rows Removed by Filter: 182189
                                       Buffers: shared hit=14034 read=322
                     ->  Index Scan using customer_pkey on customer  (cost=0.43..7.65 rows=1 width=8) (actual time=0.014..0.014 rows=0 loops=120730)
                           Index Cond: (c_customer_sk = store_sales.ss_customer_sk)
                           Filter: (c_birth_month = 8)
                           Rows Removed by Filter: 1
                           Buffers: shared hit=476868 read=44
               ->  Index Scan using customer_address_pkey on customer_address  (cost=0.42..7.65 rows=1 width=15) (actual time=0.016..0.016 rows=0 loops=14058)
                     Index Cond: (ca_address_sk = customer.c_current_addr_sk)
                     Filter: (ca_state = 'MO'::bpchar)
                     Rows Removed by Filter: 1
                     Buffers: shared hit=54440 read=1792
         ->  Hash  (cost=22.02..22.02 rows=402 width=15) (actual time=1.075..1.076 rows=402 loops=1)
               Buckets: 1024  Batches: 1  Memory Usage: 27kB
               Buffers: shared hit=18
               ->  Seq Scan on store  (cost=0.00..22.02 rows=402 width=15) (actual time=0.036..0.859 rows=402 loops=1)
                     Buffers: shared hit=18
 Planning:
   Buffers: shared hit=460
 Planning Time: 5.440 ms
 Execution Time: 76783.666 ms
(54 rows)

