                                                                            QUERY PLAN                                                                            
------------------------------------------------------------------------------------------------------------------------------------------------------------------
 Aggregate  (cost=9637976.49..9637976.50 rows=1 width=40) (actual time=69547.409..69547.414 rows=1 loops=1)
   Buffers: shared hit=222294 read=5133732
   ->  Nested Loop  (cost=19688.67..9637976.48 rows=1 width=14) (actual time=272.454..69547.360 rows=29 loops=1)
         Join Filter: ("substring"((customer_address.ca_zip)::text, 1, 5) <> "substring"((store.s_zip)::text, 1, 5))
         Rows Removed by Join Filter: 1
         Buffers: shared hit=222294 read=5133732
         ->  Nested Loop  (cost=19688.53..9637970.74 rows=1 width=29) (actual time=272.427..69547.036 rows=30 loops=1)
               Buffers: shared hit=222234 read=5133732
               ->  Nested Loop  (cost=19688.10..9637587.97 rows=50 width=22) (actual time=145.769..69531.629 rows=1425 loops=1)
                     Buffers: shared hit=216726 read=5133540
                     ->  Hash Join  (cost=19687.67..9625638.14 rows=1562 width=22) (actual time=145.461..69126.989 rows=42710 loops=1)
                           Hash Cond: (store_sales.ss_item_sk = item.i_item_sk)
                           Buffers: shared hit=47849 read=5133533
                           ->  Hash Join  (cost=2570.11..9608471.14 rows=18830 width=18) (actual time=22.754..68875.252 rows=1011053 loops=1)
                                 Hash Cond: (store_sales.ss_sold_date_sk = date_dim.d_date_sk)
                                 Buffers: shared hit=33493 read=5133533
                                 ->  Seq Scan on store_sales  (cost=0.00..9485539.52 rows=45849467 width=22) (actual time=0.044..65937.062 rows=46160898 loops=1)
                                       Filter: ((ss_wholesale_cost >= '80'::numeric) AND (ss_wholesale_cost <= '100'::numeric))
                                       Rows Removed by Filter: 241836126
                                       Buffers: shared hit=32146 read=5133406
                                 ->  Hash  (cost=2569.73..2569.73 rows=30 width=4) (actual time=22.685..22.687 rows=31 loops=1)
                                       Buckets: 1024  Batches: 1  Memory Usage: 10kB
                                       Buffers: shared hit=1347 read=127
                                       ->  Seq Scan on date_dim  (cost=0.00..2569.73 rows=30 width=4) (actual time=11.528..22.674 rows=31 loops=1)
                                             Filter: ((d_year = 1998) AND (d_moy = 1))
                                             Rows Removed by Filter: 73018
                                             Buffers: shared hit=1347 read=127
                           ->  Hash  (cost=16906.00..16906.00 rows=16925 width=12) (actual time=122.544..122.545 rows=17141 loops=1)
                                 Buckets: 32768  Batches: 1  Memory Usage: 993kB
                                 Buffers: shared hit=14356
                                 ->  Seq Scan on item  (cost=0.00..16906.00 rows=16925 width=12) (actual time=0.019..119.683 rows=17141 loops=1)
                                       Filter: (i_category = 'Home'::bpchar)
                                       Rows Removed by Filter: 186859
                                       Buffers: shared hit=14356
                     ->  Index Scan using customer_pkey on customer  (cost=0.43..7.65 rows=1 width=8) (actual time=0.009..0.009 rows=0 loops=42710)
                           Index Cond: (c_customer_sk = store_sales.ss_customer_sk)
                           Filter: (c_birth_month = 6)
                           Rows Removed by Filter: 1
                           Buffers: shared hit=168877 read=7
               ->  Index Scan using customer_address_pkey on customer_address  (cost=0.42..7.66 rows=1 width=15) (actual time=0.010..0.010 rows=0 loops=1425)
                     Index Cond: (ca_address_sk = customer.c_current_addr_sk)
                     Filter: (ca_state = 'WV'::bpchar)
                     Rows Removed by Filter: 1
                     Buffers: shared hit=5508 read=192
         ->  Index Scan using store_pkey on store  (cost=0.15..5.72 rows=1 width=15) (actual time=0.006..0.006 rows=1 loops=30)
               Index Cond: (s_store_sk = store_sales.ss_store_sk)
               Buffers: shared hit=60
 Planning:
   Buffers: shared hit=460
 Planning Time: 4.692 ms
 Execution Time: 69547.941 ms
(51 rows)

