                                                                            QUERY PLAN                                                                            
------------------------------------------------------------------------------------------------------------------------------------------------------------------
 Aggregate  (cost=9675313.97..9675313.98 rows=1 width=40) (actual time=76430.664..76430.669 rows=1 loops=1)
   Buffers: shared hit=430621 read=5132009
   ->  Nested Loop  (cost=19750.21..9675313.95 rows=2 width=14) (actual time=62853.461..76430.582 rows=47 loops=1)
         Join Filter: ("substring"((customer_address.ca_zip)::text, 1, 5) <> "substring"((store.s_zip)::text, 1, 5))
         Rows Removed by Join Filter: 3
         Buffers: shared hit=430621 read=5132009
         ->  Nested Loop  (cost=19750.06..9675302.47 rows=2 width=29) (actual time=62724.095..76429.813 rows=51 loops=1)
               Buffers: shared hit=430522 read=5132008
               ->  Nested Loop  (cost=19749.64..9674690.03 rows=80 width=22) (actual time=62696.177..76385.047 rows=3069 loops=1)
                     Buffers: shared hit=418835 read=5131419
                     ->  Hash Join  (cost=19749.21..9655449.44 rows=2515 width=22) (actual time=62696.061..75249.458 rows=93308 loops=1)
                           Hash Cond: (store_sales.ss_item_sk = item.i_item_sk)
                           Buffers: shared hit=49993 read=5131389
                           ->  Hash Join  (cost=2570.11..9638208.70 rows=23482 width=18) (actual time=62586.166..74958.559 rows=1297999 loops=1)
                                 Hash Cond: (store_sales.ss_sold_date_sk = date_dim.d_date_sk)
                                 Buffers: shared hit=35669 read=5131357
                                 ->  Seq Scan on store_sales  (cost=0.00..9485539.52 rows=57177434 width=22) (actual time=0.056..71462.443 rows=56890659 loops=1)
                                       Filter: ((ss_wholesale_cost >= '39'::numeric) AND (ss_wholesale_cost <= '59'::numeric))
                                       Rows Removed by Filter: 231106365
                                       Buffers: shared hit=34195 read=5131357
                                 ->  Hash  (cost=2569.73..2569.73 rows=30 width=4) (actual time=19.568..19.569 rows=30 loops=1)
                                       Buckets: 1024  Batches: 1  Memory Usage: 10kB
                                       Buffers: shared hit=1474
                                       ->  Seq Scan on date_dim  (cost=0.00..2569.73 rows=30 width=4) (actual time=10.372..19.555 rows=30 loops=1)
                                             Filter: ((d_year = 2002) AND (d_moy = 9))
                                             Rows Removed by Filter: 73019
                                             Buffers: shared hit=1474
                           ->  Hash  (cost=16906.00..16906.00 rows=21848 width=12) (actual time=109.764..109.764 rows=21811 loops=1)
                                 Buckets: 32768  Batches: 1  Memory Usage: 1193kB
                                 Buffers: shared hit=14324 read=32
                                 ->  Seq Scan on item  (cost=0.00..16906.00 rows=21848 width=12) (actual time=0.018..105.954 rows=21811 loops=1)
                                       Filter: (i_category = 'Sports'::bpchar)
                                       Rows Removed by Filter: 182189
                                       Buffers: shared hit=14324 read=32
                     ->  Index Scan using customer_pkey on customer  (cost=0.43..7.65 rows=1 width=8) (actual time=0.012..0.012 rows=0 loops=93308)
                           Index Cond: (c_customer_sk = store_sales.ss_customer_sk)
                           Filter: (c_birth_month = 6)
                           Rows Removed by Filter: 1
                           Buffers: shared hit=368842 read=30
               ->  Index Scan using customer_address_pkey on customer_address  (cost=0.42..7.66 rows=1 width=15) (actual time=0.014..0.014 rows=0 loops=3069)
                     Index Cond: (ca_address_sk = customer.c_current_addr_sk)
                     Filter: (ca_state = 'IL'::bpchar)
                     Rows Removed by Filter: 1
                     Buffers: shared hit=11687 read=589
         ->  Index Scan using store_pkey on store  (cost=0.15..5.72 rows=1 width=15) (actual time=0.011..0.011 rows=1 loops=51)
               Index Cond: (s_store_sk = store_sales.ss_store_sk)
               Buffers: shared hit=99 read=1
 Planning:
   Buffers: shared hit=460
 Planning Time: 4.662 ms
 Execution Time: 76431.201 ms
(51 rows)

