                                                                            QUERY PLAN                                                                            
------------------------------------------------------------------------------------------------------------------------------------------------------------------
 Aggregate  (cost=9749214.16..9749214.17 rows=1 width=40) (actual time=79490.380..79490.387 rows=1 loops=1)
   Buffers: shared hit=481671 read=5131593
   ->  Hash Join  (cost=19670.27..9749214.12 rows=5 width=14) (actual time=68747.247..79490.215 rows=138 loops=1)
         Hash Cond: (store_sales.ss_store_sk = store.s_store_sk)
         Join Filter: ("substring"((customer_address.ca_zip)::text, 1, 5) <> "substring"((store.s_zip)::text, 1, 5))
         Rows Removed by Join Filter: 4
         Buffers: shared hit=481671 read=5131593
         ->  Nested Loop  (cost=19643.23..9749187.06 rows=5 width=29) (actual time=68745.570..79488.180 rows=142 loops=1)
               Buffers: shared hit=481655 read=5131591
               ->  Nested Loop  (cost=19642.80..9747962.91 rows=160 width=22) (actual time=68649.604..79355.441 rows=6782 loops=1)
                     Buffers: shared hit=456235 read=5129883
                     ->  Hash Join  (cost=19642.37..9730397.76 rows=2296 width=22) (actual time=68649.490..77456.896 rows=102373 loops=1)
                           Hash Cond: (store_sales.ss_item_sk = item.i_item_sk)
                           Buffers: shared hit=51610 read=5129772
                           ->  Hash Join  (cost=2570.11..9713233.05 rows=35219 width=18) (actual time=68551.269..77225.028 rows=875168 loops=1)
                                 Hash Cond: (store_sales.ss_sold_date_sk = date_dim.d_date_sk)
                                 Buffers: shared hit=37286 read=5129740
                                 ->  Seq Scan on store_sales  (cost=0.00..9485539.52 rows=85756551 width=22) (actual time=0.042..72125.271 rows=85367142 loops=1)
                                       Filter: ((ss_wholesale_cost >= '60'::numeric) AND (ss_wholesale_cost <= '80'::numeric))
                                       Rows Removed by Filter: 202629882
                                       Buffers: shared hit=35812 read=5129740
                                 ->  Hash  (cost=2569.73..2569.73 rows=30 width=4) (actual time=19.949..19.950 rows=31 loops=1)
                                       Buckets: 1024  Batches: 1  Memory Usage: 10kB
                                       Buffers: shared hit=1474
                                       ->  Seq Scan on date_dim  (cost=0.00..2569.73 rows=30 width=4) (actual time=9.907..19.935 rows=31 loops=1)
                                             Filter: ((d_year = 2002) AND (d_moy = 12))
                                             Rows Removed by Filter: 73018
                                             Buffers: shared hit=1474
                           ->  Hash  (cost=16906.00..16906.00 rows=13301 width=12) (actual time=98.116..98.117 rows=13933 loops=1)
                                 Buckets: 16384  Batches: 1  Memory Usage: 727kB
                                 Buffers: shared hit=14324 read=32
                                 ->  Seq Scan on item  (cost=0.00..16906.00 rows=13301 width=12) (actual time=0.015..96.039 rows=13933 loops=1)
                                       Filter: (i_category = 'Men'::bpchar)
                                       Rows Removed by Filter: 190067
                                       Buffers: shared hit=14324 read=32
                     ->  Index Scan using customer_pkey on customer  (cost=0.43..7.65 rows=1 width=8) (actual time=0.018..0.018 rows=0 loops=102373)
                           Index Cond: (c_customer_sk = store_sales.ss_customer_sk)
                           Filter: (c_birth_month = 12)
                           Rows Removed by Filter: 1
                           Buffers: shared hit=404625 read=111
               ->  Index Scan using customer_address_pkey on customer_address  (cost=0.42..7.65 rows=1 width=15) (actual time=0.019..0.019 rows=0 loops=6782)
                     Index Cond: (ca_address_sk = customer.c_current_addr_sk)
                     Filter: (ca_state = 'NE'::bpchar)
                     Rows Removed by Filter: 1
                     Buffers: shared hit=25420 read=1708
         ->  Hash  (cost=22.02..22.02 rows=402 width=15) (actual time=1.645..1.645 rows=402 loops=1)
               Buckets: 1024  Batches: 1  Memory Usage: 27kB
               Buffers: shared hit=16 read=2
               ->  Seq Scan on store  (cost=0.00..22.02 rows=402 width=15) (actual time=0.029..1.467 rows=402 loops=1)
                     Buffers: shared hit=16 read=2
 Planning:
   Buffers: shared hit=460
 Planning Time: 4.988 ms
 Execution Time: 79490.914 ms
(54 rows)

