                                                                            QUERY PLAN                                                                            
------------------------------------------------------------------------------------------------------------------------------------------------------------------
 Aggregate  (cost=9693684.12..9693684.13 rows=1 width=40) (actual time=83380.855..83380.860 rows=1 loops=1)
   Buffers: shared hit=1510384 read=5129080
   ->  Nested Loop  (cost=2571.52..9693684.11 rows=1 width=14) (actual time=65737.165..83380.740 rows=47 loops=1)
         Join Filter: ("substring"((customer_address.ca_zip)::text, 1, 5) <> "substring"((store.s_zip)::text, 1, 5))
         Buffers: shared hit=1510384 read=5129080
         ->  Nested Loop  (cost=2571.37..9693678.37 rows=1 width=29) (actual time=65737.141..83380.018 rows=47 loops=1)
               Buffers: shared hit=1510292 read=5129078
               ->  Nested Loop  (cost=2570.94..9693196.36 rows=63 width=22) (actual time=65092.033..83292.986 rows=2669 loops=1)
                     Buffers: shared hit=1500562 read=5128132
                     ->  Nested Loop  (cost=2570.52..9686257.49 rows=907 width=22) (actual time=65092.016..82346.103 rows=38118 loops=1)
                           Buffers: shared hit=1350173 read=5128037
                           ->  Hash Join  (cost=2570.10..9580069.25 rows=13907 width=18) (actual time=65091.941..74733.391 rows=327796 loops=1)
                                 Hash Cond: (store_sales.ss_sold_date_sk = date_dim.d_date_sk)
                                 Buffers: shared hit=39505 read=5127521
                                 ->  Seq Scan on store_sales  (cost=0.00..9485539.52 rows=35030299 width=22) (actual time=0.056..72373.866 rows=34914290 loops=1)
                                       Filter: ((ss_wholesale_cost >= '38'::numeric) AND (ss_wholesale_cost <= '58'::numeric))
                                       Rows Removed by Filter: 253082734
                                       Buffers: shared hit=38031 read=5127521
                                 ->  Hash  (cost=2569.73..2569.73 rows=29 width=4) (actual time=18.767..18.768 rows=30 loops=1)
                                       Buckets: 1024  Batches: 1  Memory Usage: 10kB
                                       Buffers: shared hit=1474
                                       ->  Seq Scan on date_dim  (cost=0.00..2569.73 rows=29 width=4) (actual time=9.761..18.747 rows=30 loops=1)
                                             Filter: ((d_year = 2002) AND (d_moy = 11))
                                             Rows Removed by Filter: 73019
                                             Buffers: shared hit=1474
                           ->  Index Scan using item_pkey on item  (cost=0.42..7.64 rows=1 width=12) (actual time=0.023..0.023 rows=0 loops=327796)
                                 Index Cond: (i_item_sk = store_sales.ss_item_sk)
                                 Filter: (i_category = 'Men'::bpchar)
                                 Rows Removed by Filter: 1
                                 Buffers: shared hit=1310668 read=516
                     ->  Index Scan using customer_pkey on customer  (cost=0.43..7.65 rows=1 width=8) (actual time=0.024..0.024 rows=0 loops=38118)
                           Index Cond: (c_customer_sk = store_sales.ss_customer_sk)
                           Filter: (c_birth_month = 12)
                           Rows Removed by Filter: 1
                           Buffers: shared hit=150389 read=95
               ->  Index Scan using customer_address_pkey on customer_address  (cost=0.42..7.65 rows=1 width=15) (actual time=0.032..0.032 rows=0 loops=2669)
                     Index Cond: (ca_address_sk = customer.c_current_addr_sk)
                     Filter: (ca_state = 'PA'::bpchar)
                     Rows Removed by Filter: 1
                     Buffers: shared hit=9730 read=946
         ->  Index Scan using store_pkey on store  (cost=0.15..5.72 rows=1 width=15) (actual time=0.009..0.009 rows=1 loops=47)
               Index Cond: (s_store_sk = store_sales.ss_store_sk)
               Buffers: shared hit=92 read=2
 Planning:
   Buffers: shared hit=460
 Planning Time: 4.654 ms
 Execution Time: 83381.350 ms
(47 rows)

