                                                                            QUERY PLAN                                                                            
------------------------------------------------------------------------------------------------------------------------------------------------------------------
 Aggregate  (cost=9690078.54..9690078.55 rows=1 width=40) (actual time=79729.121..79729.128 rows=1 loops=1)
   Buffers: shared hit=676755 read=5148173
   ->  Hash Join  (cost=19922.97..9690078.43 rows=14 width=14) (actual time=67689.063..79728.770 rows=497 loops=1)
         Hash Cond: (store_sales.ss_store_sk = store.s_store_sk)
         Join Filter: ("substring"((customer_address.ca_zip)::text, 1, 5) <> "substring"((store.s_zip)::text, 1, 5))
         Rows Removed by Join Filter: 18
         Buffers: shared hit=676755 read=5148173
         ->  Nested Loop  (cost=19895.93..9690051.35 rows=14 width=29) (actual time=67688.326..79727.025 rows=517 loops=1)
               Buffers: shared hit=676737 read=5148173
               ->  Nested Loop  (cost=19895.50..9685110.30 rows=646 width=22) (actual time=67668.207..79201.785 rows=23336 loops=1)
                     Buffers: shared hit=594864 read=5136702
                     ->  Hash Join  (cost=19895.07..9655595.31 rows=3858 width=22) (actual time=67668.071..76423.366 rows=139177 loops=1)
                           Hash Cond: (store_sales.ss_item_sk = item.i_item_sk)
                           Buffers: shared hit=48377 read=5133005
                           ->  Hash Join  (cost=2570.11..9638208.70 rows=23482 width=18) (actual time=67556.621..76177.613 rows=583270 loops=1)
                                 Hash Cond: (store_sales.ss_sold_date_sk = date_dim.d_date_sk)
                                 Buffers: shared hit=34232 read=5132794
                                 ->  Seq Scan on store_sales  (cost=0.00..9485539.52 rows=57177434 width=22) (actual time=0.040..72651.939 rows=56890659 loops=1)
                                       Filter: ((ss_wholesale_cost >= '41'::numeric) AND (ss_wholesale_cost <= '61'::numeric))
                                       Rows Removed by Filter: 231106365
                                       Buffers: shared hit=32758 read=5132794
                                 ->  Hash  (cost=2569.73..2569.73 rows=30 width=4) (actual time=20.145..20.146 rows=31 loops=1)
                                       Buckets: 1024  Batches: 1  Memory Usage: 10kB
                                       Buffers: shared hit=1474
                                       ->  Seq Scan on date_dim  (cost=0.00..2569.73 rows=30 width=4) (actual time=10.817..20.134 rows=31 loops=1)
                                             Filter: ((d_year = 2002) AND (d_moy = 12))
                                             Rows Removed by Filter: 73018
                                             Buffers: shared hit=1474
                           ->  Hash  (cost=16906.00..16906.00 rows=33517 width=12) (actual time=111.209..111.209 rows=33627 loops=1)
                                 Buckets: 65536  Batches: 1  Memory Usage: 1957kB
                                 Buffers: shared hit=14145 read=211
                                 ->  Seq Scan on item  (cost=0.00..16906.00 rows=33517 width=12) (actual time=0.019..104.986 rows=33627 loops=1)
                                       Filter: (i_category = 'Shoes'::bpchar)
                                       Rows Removed by Filter: 170373
                                       Buffers: shared hit=14145 read=211
                     ->  Index Scan using customer_pkey on customer  (cost=0.43..7.65 rows=1 width=8) (actual time=0.020..0.020 rows=0 loops=139177)
                           Index Cond: (c_customer_sk = store_sales.ss_customer_sk)
                           Filter: (c_birth_month = 4)
                           Rows Removed by Filter: 1
                           Buffers: shared hit=546487 read=3697
               ->  Index Scan using customer_address_pkey on customer_address  (cost=0.42..7.65 rows=1 width=15) (actual time=0.022..0.022 rows=0 loops=23336)
                     Index Cond: (ca_address_sk = customer.c_current_addr_sk)
                     Filter: (ca_state = 'SD'::bpchar)
                     Rows Removed by Filter: 1
                     Buffers: shared hit=81873 read=11471
         ->  Hash  (cost=22.02..22.02 rows=402 width=15) (actual time=0.707..0.708 rows=402 loops=1)
               Buckets: 1024  Batches: 1  Memory Usage: 27kB
               Buffers: shared hit=18
               ->  Seq Scan on store  (cost=0.00..22.02 rows=402 width=15) (actual time=0.026..0.561 rows=402 loops=1)
                     Buffers: shared hit=18
 Planning:
   Buffers: shared hit=460
 Planning Time: 4.462 ms
 Execution Time: 79729.626 ms
(54 rows)

