                                                                              QUERY PLAN                                                                              
----------------------------------------------------------------------------------------------------------------------------------------------------------------------
 Aggregate  (cost=9728976.53..9728976.54 rows=1 width=40) (actual time=109261.097..109261.102 rows=1 loops=1)
   Buffers: shared hit=5378504 read=5158230
   ->  Nested Loop  (cost=2571.53..9728976.52 rows=2 width=14) (actual time=38453.595..109260.724 rows=171 loops=1)
         Join Filter: ("substring"((customer_address.ca_zip)::text, 1, 5) <> "substring"((store.s_zip)::text, 1, 5))
         Rows Removed by Join Filter: 3
         Buffers: shared hit=5378504 read=5158230
         ->  Nested Loop  (cost=2571.38..9728965.03 rows=2 width=29) (actual time=38453.569..109256.966 rows=175 loops=1)
               Buffers: shared hit=5378159 read=5158227
               ->  Nested Loop  (cost=2570.96..9728613.80 rows=46 width=25) (actual time=38453.503..109189.784 rows=2527 loops=1)
                     Buffers: shared hit=5368256 read=5158022
                     ->  Nested Loop  (cost=2570.54..9714210.01 rows=1883 width=18) (actual time=38426.015..105720.508 rows=140857 loops=1)
                           Buffers: shared hit=4816176 read=5146674
                           ->  Hash Join  (cost=2570.11..9591031.83 rows=16101 width=18) (actual time=38425.980..77082.501 rows=1213421 loops=1)
                                 Hash Cond: (store_sales.ss_sold_date_sk = date_dim.d_date_sk)
                                 Buffers: shared hit=22561 read=5144465
                                 ->  Seq Scan on store_sales  (cost=0.00..9485539.52 rows=39206286 width=22) (actual time=0.511..74200.009 rows=39350281 loops=1)
                                       Filter: ((ss_wholesale_cost >= '32'::numeric) AND (ss_wholesale_cost <= '52'::numeric))
                                       Rows Removed by Filter: 248646743
                                       Buffers: shared hit=21214 read=5144338
                                 ->  Hash  (cost=2569.73..2569.73 rows=30 width=4) (actual time=19.860..19.861 rows=31 loops=1)
                                       Buckets: 1024  Batches: 1  Memory Usage: 10kB
                                       Buffers: shared hit=1347 read=127
                                       ->  Seq Scan on date_dim  (cost=0.00..2569.73 rows=30 width=4) (actual time=10.696..19.847 rows=31 loops=1)
                                             Filter: ((d_year = 2000) AND (d_moy = 12))
                                             Rows Removed by Filter: 73018
                                             Buffers: shared hit=1347 read=127
                           ->  Index Scan using customer_pkey on customer  (cost=0.43..7.65 rows=1 width=8) (actual time=0.023..0.023 rows=0 loops=1213421)
                                 Index Cond: (c_customer_sk = store_sales.ss_customer_sk)
                                 Filter: (c_birth_month = 8)
                                 Rows Removed by Filter: 1
                                 Buffers: shared hit=4793615 read=2209
                     ->  Index Scan using customer_address_pkey on customer_address  (cost=0.42..7.65 rows=1 width=15) (actual time=0.024..0.024 rows=0 loops=140857)
                           Index Cond: (ca_address_sk = customer.c_current_addr_sk)
                           Filter: (ca_state = 'MI'::bpchar)
                           Rows Removed by Filter: 1
                           Buffers: shared hit=552080 read=11348
               ->  Index Scan using item_pkey on item  (cost=0.42..7.64 rows=1 width=12) (actual time=0.026..0.026 rows=0 loops=2527)
                     Index Cond: (i_item_sk = store_sales.ss_item_sk)
                     Filter: (i_category = 'Women'::bpchar)
                     Rows Removed by Filter: 1
                     Buffers: shared hit=9903 read=205
         ->  Index Scan using store_pkey on store  (cost=0.15..5.72 rows=1 width=15) (actual time=0.015..0.015 rows=1 loops=175)
               Index Cond: (s_store_sk = store_sales.ss_store_sk)
               Buffers: shared hit=345 read=3
 Planning:
   Buffers: shared hit=460
 Planning Time: 4.727 ms
 Execution Time: 109261.625 ms
(48 rows)

