                                                                             QUERY PLAN                                                                              
---------------------------------------------------------------------------------------------------------------------------------------------------------------------
 Aggregate  (cost=9768015.35..9768015.36 rows=1 width=40) (actual time=105807.112..105807.117 rows=1 loops=1)
   Buffers: shared hit=5587119 read=5140419
   ->  Nested Loop  (cost=2571.54..9768015.33 rows=2 width=14) (actual time=45169.930..105807.008 rows=38 loops=1)
         Join Filter: ("substring"((customer_address.ca_zip)::text, 1, 5) <> "substring"((store.s_zip)::text, 1, 5))
         Buffers: shared hit=5587119 read=5140419
         ->  Nested Loop  (cost=2571.39..9768003.85 rows=2 width=29) (actual time=45169.902..105806.352 rows=38 loops=1)
               Buffers: shared hit=5587043 read=5140419
               ->  Nested Loop  (cost=2570.97..9767667.88 rows=44 width=25) (actual time=45169.788..105764.474 rows=1629 loops=1)
                     Buffers: shared hit=5580959 read=5139987
                     ->  Nested Loop  (cost=2570.55..9757323.81 rows=1352 width=18) (actual time=45094.865..103627.787 rows=88120 loops=1)
                           Buffers: shared hit=5231002 read=5137464
                           ->  Hash Join  (cost=2570.12..9608471.16 rows=19457 width=18) (actual time=45094.695..72329.528 rows=1316208 loops=1)
                                 Hash Cond: (store_sales.ss_sold_date_sk = date_dim.d_date_sk)
                                 Buffers: shared hit=29572 read=5137454
                                 ->  Seq Scan on store_sales  (cost=0.00..9485539.52 rows=45849467 width=22) (actual time=1.047..68993.649 rows=46160898 loops=1)
                                       Filter: ((ss_wholesale_cost >= '80'::numeric) AND (ss_wholesale_cost <= '100'::numeric))
                                       Rows Removed by Filter: 241836126
                                       Buffers: shared hit=28225 read=5137327
                                 ->  Hash  (cost=2569.73..2569.73 rows=31 width=4) (actual time=21.401..21.402 rows=31 loops=1)
                                       Buckets: 1024  Batches: 1  Memory Usage: 10kB
                                       Buffers: shared hit=1347 read=127
                                       ->  Seq Scan on date_dim  (cost=0.00..2569.73 rows=31 width=4) (actual time=10.520..21.389 rows=31 loops=1)
                                             Filter: ((d_year = 2001) AND (d_moy = 7))
                                             Rows Removed by Filter: 73018
                                             Buffers: shared hit=1347 read=127
                           ->  Index Scan using customer_pkey on customer  (cost=0.43..7.65 rows=1 width=8) (actual time=0.023..0.023 rows=0 loops=1316208)
                                 Index Cond: (c_customer_sk = store_sales.ss_customer_sk)
                                 Filter: (c_birth_month = 12)
                                 Rows Removed by Filter: 1
                                 Buffers: shared hit=5201430 read=10
                     ->  Index Scan using customer_address_pkey on customer_address  (cost=0.42..7.65 rows=1 width=15) (actual time=0.024..0.024 rows=0 loops=88120)
                           Index Cond: (ca_address_sk = customer.c_current_addr_sk)
                           Filter: (ca_state = 'NC'::bpchar)
                           Rows Removed by Filter: 1
                           Buffers: shared hit=349957 read=2523
               ->  Index Scan using item_pkey on item  (cost=0.42..7.64 rows=1 width=12) (actual time=0.025..0.025 rows=0 loops=1629)
                     Index Cond: (i_item_sk = store_sales.ss_item_sk)
                     Filter: (i_category = 'Jewelry'::bpchar)
                     Rows Removed by Filter: 1
                     Buffers: shared hit=6084 read=432
         ->  Index Scan using store_pkey on store  (cost=0.15..5.72 rows=1 width=15) (actual time=0.010..0.010 rows=1 loops=38)
               Index Cond: (s_store_sk = store_sales.ss_store_sk)
               Buffers: shared hit=76
 Planning:
   Buffers: shared hit=460
 Planning Time: 4.781 ms
 Execution Time: 105807.496 ms
(47 rows)

