                                                                            QUERY PLAN                                                                            
------------------------------------------------------------------------------------------------------------------------------------------------------------------
 Aggregate  (cost=9697381.49..9697381.50 rows=1 width=40) (actual time=74644.142..74644.148 rows=1 loops=1)
   Buffers: shared hit=682121 read=5137375
   ->  Hash Join  (cost=20034.16..9697381.45 rows=5 width=14) (actual time=55491.042..74643.909 rows=203 loops=1)
         Hash Cond: (store_sales.ss_store_sk = store.s_store_sk)
         Join Filter: ("substring"((customer_address.ca_zip)::text, 1, 5) <> "substring"((store.s_zip)::text, 1, 5))
         Rows Removed by Join Filter: 5
         Buffers: shared hit=682121 read=5137375
         ->  Nested Loop  (cost=20007.11..9697354.39 rows=5 width=29) (actual time=55490.412..74642.754 rows=208 loops=1)
               Buffers: shared hit=682103 read=5137375
               ->  Nested Loop  (cost=20006.69..9694217.77 rows=410 width=22) (actual time=55483.233..74406.267 rows=12282 loops=1)
                     Buffers: shared hit=634216 read=5136134
                     ->  Hash Join  (cost=20006.26..9656639.33 rows=4912 width=22) (actual time=55482.905..71492.977 rows=148975 loops=1)
                           Hash Cond: (store_sales.ss_item_sk = item.i_item_sk)
                           Buffers: shared hit=45248 read=5136134
                           ->  Hash Join  (cost=2570.11..9639141.16 rows=23628 width=18) (actual time=55372.185..71214.934 rows=758868 loops=1)
                                 Hash Cond: (store_sales.ss_sold_date_sk = date_dim.d_date_sk)
                                 Buffers: shared hit=33078 read=5133948
                                 ->  Seq Scan on store_sales  (cost=0.00..9485539.52 rows=57532634 width=22) (actual time=1.202..67604.862 rows=57752041 loops=1)
                                       Filter: ((ss_wholesale_cost >= '79'::numeric) AND (ss_wholesale_cost <= '99'::numeric))
                                       Rows Removed by Filter: 230244983
                                       Buffers: shared hit=31731 read=5133821
                                 ->  Hash  (cost=2569.73..2569.73 rows=30 width=4) (actual time=21.745..21.746 rows=30 loops=1)
                                       Buckets: 1024  Batches: 1  Memory Usage: 10kB
                                       Buffers: shared hit=1347 read=127
                                       ->  Seq Scan on date_dim  (cost=0.00..2569.73 rows=30 width=4) (actual time=10.581..21.734 rows=30 loops=1)
                                             Filter: ((d_year = 2002) AND (d_moy = 6))
                                             Rows Removed by Filter: 73019
                                             Buffers: shared hit=1347 read=127
                           ->  Hash  (cost=16906.00..16906.00 rows=42412 width=12) (actual time=110.484..110.485 rows=42041 loops=1)
                                 Buckets: 65536  Batches: 1  Memory Usage: 2319kB
                                 Buffers: shared hit=12170 read=2186
                                 ->  Seq Scan on item  (cost=0.00..16906.00 rows=42412 width=12) (actual time=0.022..103.922 rows=42041 loops=1)
                                       Filter: (i_category = 'Electronics'::bpchar)
                                       Rows Removed by Filter: 161959
                                       Buffers: shared hit=12170 read=2186
                     ->  Index Scan using customer_pkey on customer  (cost=0.43..7.65 rows=1 width=8) (actual time=0.019..0.019 rows=0 loops=148975)
                           Index Cond: (c_customer_sk = store_sales.ss_customer_sk)
                           Filter: (c_birth_month = 11)
                           Rows Removed by Filter: 1
                           Buffers: shared hit=588968
               ->  Index Scan using customer_address_pkey on customer_address  (cost=0.42..7.65 rows=1 width=15) (actual time=0.019..0.019 rows=0 loops=12282)
                     Index Cond: (ca_address_sk = customer.c_current_addr_sk)
                     Filter: (ca_state = 'ID'::bpchar)
                     Rows Removed by Filter: 1
                     Buffers: shared hit=47887 read=1241
         ->  Hash  (cost=22.02..22.02 rows=402 width=15) (actual time=0.605..0.606 rows=402 loops=1)
               Buckets: 1024  Batches: 1  Memory Usage: 27kB
               Buffers: shared hit=18
               ->  Seq Scan on store  (cost=0.00..22.02 rows=402 width=15) (actual time=0.024..0.497 rows=402 loops=1)
                     Buffers: shared hit=18
 Planning:
   Buffers: shared hit=460
 Planning Time: 4.340 ms
 Execution Time: 74644.568 ms
(54 rows)

