                                                                            QUERY PLAN                                                                            
------------------------------------------------------------------------------------------------------------------------------------------------------------------
 Aggregate  (cost=9641462.84..9641462.85 rows=1 width=40) (actual time=76278.069..76278.074 rows=1 loops=1)
   Buffers: shared hit=405032 read=5134064
   ->  Nested Loop  (cost=19750.22..9641462.82 rows=3 width=14) (actual time=50479.184..76277.959 rows=65 loops=1)
         Join Filter: ("substring"((customer_address.ca_zip)::text, 1, 5) <> "substring"((store.s_zip)::text, 1, 5))
         Rows Removed by Join Filter: 2
         Buffers: shared hit=405032 read=5134064
         ->  Nested Loop  (cost=19750.07..9641445.59 rows=3 width=29) (actual time=50479.168..76276.928 rows=68 loops=1)
               Buffers: shared hit=404898 read=5134064
               ->  Nested Loop  (cost=19749.65..9640672.68 rows=101 width=22) (actual time=50475.108..76199.142 rows=4018 loops=1)
                     Buffers: shared hit=389476 read=5133414
                     ->  Hash Join  (cost=19749.22..9624844.13 rows=2069 width=22) (actual time=50474.941..74802.390 rows=86442 loops=1)
                           Hash Cond: (store_sales.ss_item_sk = item.i_item_sk)
                           Buffers: shared hit=47969 read=5133413
                           ->  Hash Join  (cost=2570.12..9607614.32 rows=19319 width=18) (actual time=50368.296..74579.929 rows=759308 loops=1)
                                 Hash Cond: (store_sales.ss_sold_date_sk = date_dim.d_date_sk)
                                 Buffers: shared hit=34883 read=5132143
                                 ->  Seq Scan on store_sales  (cost=0.00..9485539.52 rows=45523068 width=22) (actual time=0.570..71715.119 rows=45442997 loops=1)
                                       Filter: ((ss_wholesale_cost >= '35'::numeric) AND (ss_wholesale_cost <= '55'::numeric))
                                       Rows Removed by Filter: 242554027
                                       Buffers: shared hit=33536 read=5132016
                                 ->  Hash  (cost=2569.73..2569.73 rows=31 width=4) (actual time=21.704..21.705 rows=31 loops=1)
                                       Buckets: 1024  Batches: 1  Memory Usage: 10kB
                                       Buffers: shared hit=1347 read=127
                                       ->  Seq Scan on date_dim  (cost=0.00..2569.73 rows=31 width=4) (actual time=12.167..21.689 rows=31 loops=1)
                                             Filter: ((d_year = 2001) AND (d_moy = 8))
                                             Rows Removed by Filter: 73018
                                             Buffers: shared hit=1347 read=127
                           ->  Hash  (cost=16906.00..16906.00 rows=21848 width=12) (actual time=106.507..106.507 rows=21811 loops=1)
                                 Buckets: 32768  Batches: 1  Memory Usage: 1193kB
                                 Buffers: shared hit=13086 read=1270
                                 ->  Seq Scan on item  (cost=0.00..16906.00 rows=21848 width=12) (actual time=0.023..102.861 rows=21811 loops=1)
                                       Filter: (i_category = 'Sports'::bpchar)
                                       Rows Removed by Filter: 182189
                                       Buffers: shared hit=13086 read=1270
                     ->  Index Scan using customer_pkey on customer  (cost=0.43..7.65 rows=1 width=8) (actual time=0.016..0.016 rows=0 loops=86442)
                           Index Cond: (c_customer_sk = store_sales.ss_customer_sk)
                           Filter: (c_birth_month = 7)
                           Rows Removed by Filter: 1
                           Buffers: shared hit=341507 read=1
               ->  Index Scan using customer_address_pkey on customer_address  (cost=0.42..7.65 rows=1 width=15) (actual time=0.019..0.019 rows=0 loops=4018)
                     Index Cond: (ca_address_sk = customer.c_current_addr_sk)
                     Filter: (ca_state = 'IL'::bpchar)
                     Rows Removed by Filter: 1
                     Buffers: shared hit=15422 read=650
         ->  Index Scan using store_pkey on store  (cost=0.15..5.72 rows=1 width=15) (actual time=0.011..0.011 rows=1 loops=68)
               Index Cond: (s_store_sk = store_sales.ss_store_sk)
               Buffers: shared hit=134
 Planning:
   Buffers: shared hit=460
 Planning Time: 4.767 ms
 Execution Time: 76278.612 ms
(51 rows)

