                                                                             QUERY PLAN                                                                              
---------------------------------------------------------------------------------------------------------------------------------------------------------------------
 Aggregate  (cost=9688039.58..9688039.59 rows=1 width=40) (actual time=89878.888..89878.893 rows=1 loops=1)
   Buffers: shared hit=2606310 read=5141148
   ->  Nested Loop  (cost=2571.54..9688039.56 rows=3 width=14) (actual time=41545.469..89878.428 rows=292 loops=1)
         Join Filter: ("substring"((customer_address.ca_zip)::text, 1, 5) <> "substring"((store.s_zip)::text, 1, 5))
         Rows Removed by Join Filter: 6
         Buffers: shared hit=2606310 read=5141148
         ->  Nested Loop  (cost=2571.39..9688022.33 rows=3 width=29) (actual time=41545.441..89874.171 rows=301 loops=1)
               Buffers: shared hit=2605714 read=5141148
               ->  Nested Loop  (cost=2570.97..9687877.26 rows=19 width=25) (actual time=41545.368..89835.692 rows=1381 loops=1)
                     Buffers: shared hit=2600841 read=5140497
                     ->  Nested Loop  (cost=2570.55..9677511.75 rows=1355 width=18) (actual time=41506.945..88445.852 rows=56969 loops=1)
                           Buffers: shared hit=2377859 read=5135603
                           ->  Hash Join  (cost=2570.12..9572786.09 rows=13689 width=18) (actual time=41506.898..74765.789 rows=593685 loops=1)
                                 Hash Cond: (store_sales.ss_sold_date_sk = date_dim.d_date_sk)
                                 Buffers: shared hit=31425 read=5135601
                                 ->  Seq Scan on store_sales  (cost=0.00..9485539.52 rows=32255907 width=22) (actual time=0.819..72480.359 rows=32336064 loops=1)
                                       Filter: ((ss_wholesale_cost >= '20'::numeric) AND (ss_wholesale_cost <= '40'::numeric))
                                       Rows Removed by Filter: 255660960
                                       Buffers: shared hit=30078 read=5135474
                                 ->  Hash  (cost=2569.73..2569.73 rows=31 width=4) (actual time=22.769..22.770 rows=31 loops=1)
                                       Buckets: 1024  Batches: 1  Memory Usage: 10kB
                                       Buffers: shared hit=1347 read=127
                                       ->  Seq Scan on date_dim  (cost=0.00..2569.73 rows=31 width=4) (actual time=13.147..22.751 rows=31 loops=1)
                                             Filter: ((d_year = 2001) AND (d_moy = 3))
                                             Rows Removed by Filter: 73018
                                             Buffers: shared hit=1347 read=127
                           ->  Index Scan using customer_pkey on customer  (cost=0.43..7.65 rows=1 width=8) (actual time=0.023..0.023 rows=0 loops=593685)
                                 Index Cond: (c_customer_sk = store_sales.ss_customer_sk)
                                 Filter: (c_birth_month = 1)
                                 Rows Removed by Filter: 1
                                 Buffers: shared hit=2346434 read=2
                     ->  Index Scan using customer_address_pkey on customer_address  (cost=0.42..7.65 rows=1 width=15) (actual time=0.024..0.024 rows=0 loops=56969)
                           Index Cond: (ca_address_sk = customer.c_current_addr_sk)
                           Filter: (ca_state = 'SC'::bpchar)
                           Rows Removed by Filter: 1
                           Buffers: shared hit=222982 read=4894
               ->  Index Scan using item_pkey on item  (cost=0.42..7.64 rows=1 width=12) (actual time=0.027..0.027 rows=0 loops=1381)
                     Index Cond: (i_item_sk = store_sales.ss_item_sk)
                     Filter: (i_category = 'Shoes'::bpchar)
                     Rows Removed by Filter: 1
                     Buffers: shared hit=4873 read=651
         ->  Index Scan using store_pkey on store  (cost=0.15..5.72 rows=1 width=15) (actual time=0.009..0.009 rows=1 loops=301)
               Index Cond: (s_store_sk = store_sales.ss_store_sk)
               Buffers: shared hit=596
 Planning:
   Buffers: shared hit=460
 Planning Time: 4.975 ms
 Execution Time: 89879.333 ms
(48 rows)

