                                                                             QUERY PLAN                                                                             
--------------------------------------------------------------------------------------------------------------------------------------------------------------------
 Aggregate  (cost=9643604.52..9643604.53 rows=1 width=40) (actual time=76013.265..76013.270 rows=1 loops=1)
   Buffers: shared hit=554409 read=5128783
   ->  Nested Loop  (cost=2571.53..9643604.52 rows=1 width=14) (actual time=16431.043..76013.242 rows=7 loops=1)
         Join Filter: ("substring"((customer_address.ca_zip)::text, 1, 5) <> "substring"((store.s_zip)::text, 1, 5))
         Buffers: shared hit=554409 read=5128783
         ->  Nested Loop  (cost=2571.38..9643598.77 rows=1 width=29) (actual time=16431.002..76013.101 rows=7 loops=1)
               Buffers: shared hit=554395 read=5128783
               ->  Nested Loop  (cost=2570.96..9643468.97 rows=17 width=25) (actual time=16187.574..76010.895 rows=71 loops=1)
                     Buffers: shared hit=554148 read=5128746
                     ->  Nested Loop  (cost=2570.54..9640804.89 rows=348 width=18) (actual time=16097.437..75918.899 rows=3990 loops=1)
                           Buffers: shared hit=538543 read=5128391
                           ->  Hash Join  (cost=2570.11..9557614.88 rows=10874 width=18) (actual time=16096.809..73065.469 rows=126417 loops=1)
                                 Hash Cond: (store_sales.ss_sold_date_sk = date_dim.d_date_sk)
                                 Buffers: shared hit=38635 read=5128391
                                 ->  Seq Scan on store_sales  (cost=0.00..9485539.52 rows=26476724 width=22) (actual time=0.535..71261.303 rows=26847589 loops=1)
                                       Filter: ((ss_wholesale_cost >= '15'::numeric) AND (ss_wholesale_cost <= '35'::numeric))
                                       Rows Removed by Filter: 261149435
                                       Buffers: shared hit=37288 read=5128264
                                 ->  Hash  (cost=2569.73..2569.73 rows=30 width=4) (actual time=19.596..19.597 rows=30 loops=1)
                                       Buckets: 1024  Batches: 1  Memory Usage: 10kB
                                       Buffers: shared hit=1347 read=127
                                       ->  Seq Scan on date_dim  (cost=0.00..2569.73 rows=30 width=4) (actual time=10.297..19.581 rows=30 loops=1)
                                             Filter: ((d_year = 1999) AND (d_moy = 4))
                                             Rows Removed by Filter: 73019
                                             Buffers: shared hit=1347 read=127
                           ->  Index Scan using customer_pkey on customer  (cost=0.43..7.65 rows=1 width=8) (actual time=0.022..0.022 rows=0 loops=126417)
                                 Index Cond: (c_customer_sk = store_sales.ss_customer_sk)
                                 Filter: (c_birth_month = 6)
                                 Rows Removed by Filter: 1
                                 Buffers: shared hit=499908
                     ->  Index Scan using customer_address_pkey on customer_address  (cost=0.42..7.66 rows=1 width=15) (actual time=0.023..0.023 rows=0 loops=3990)
                           Index Cond: (ca_address_sk = customer.c_current_addr_sk)
                           Filter: (ca_state = 'VA'::bpchar)
                           Rows Removed by Filter: 1
                           Buffers: shared hit=15605 read=355
               ->  Index Scan using item_pkey on item  (cost=0.42..7.64 rows=1 width=12) (actual time=0.030..0.030 rows=0 loops=71)
                     Index Cond: (i_item_sk = store_sales.ss_item_sk)
                     Filter: (i_category = 'Men'::bpchar)
                     Rows Removed by Filter: 1
                     Buffers: shared hit=247 read=37
         ->  Index Scan using store_pkey on store  (cost=0.15..5.72 rows=1 width=15) (actual time=0.013..0.013 rows=1 loops=7)
               Index Cond: (s_store_sk = store_sales.ss_store_sk)
               Buffers: shared hit=14
 Planning:
   Buffers: shared hit=460
 Planning Time: 4.777 ms
 Execution Time: 76013.768 ms
(47 rows)

