                                                                            QUERY PLAN                                                                            
------------------------------------------------------------------------------------------------------------------------------------------------------------------
 Aggregate  (cost=9642249.09..9642249.10 rows=1 width=40) (actual time=78311.576..78311.581 rows=1 loops=1)
   Buffers: shared hit=796210 read=5158298
   ->  Nested Loop  (cost=2571.53..9642249.09 rows=1 width=14) (actual time=30422.303..78311.571 rows=1 loops=1)
         Join Filter: ("substring"((customer_address.ca_zip)::text, 1, 5) <> "substring"((store.s_zip)::text, 1, 5))
         Buffers: shared hit=796210 read=5158298
         ->  Nested Loop  (cost=2571.38..9642243.34 rows=1 width=29) (actual time=30422.257..78311.524 rows=1 loops=1)
               Buffers: shared hit=796208 read=5158298
               ->  Nested Loop  (cost=2570.96..9642166.82 rows=10 width=22) (actual time=27098.497..78308.933 rows=92 loops=1)
                     Buffers: shared hit=795852 read=5158286
                     ->  Nested Loop  (cost=2570.53..9640644.40 rows=199 width=22) (actual time=26824.247..78259.128 rows=1784 loops=1)
                           Buffers: shared hit=788760 read=5158286
                           ->  Hash Join  (cost=2570.11..9557614.88 rows=10874 width=18) (actual time=26823.407..73976.000 rows=195005 loops=1)
                                 Hash Cond: (store_sales.ss_sold_date_sk = date_dim.d_date_sk)
                                 Buffers: shared hit=28470 read=5138556
                                 ->  Seq Scan on store_sales  (cost=0.00..9485539.52 rows=26476724 width=22) (actual time=0.118..72153.149 rows=26847589 loops=1)
                                       Filter: ((ss_wholesale_cost >= '13'::numeric) AND (ss_wholesale_cost <= '33'::numeric))
                                       Rows Removed by Filter: 261149435
                                       Buffers: shared hit=27123 read=5138429
                                 ->  Hash  (cost=2569.73..2569.73 rows=30 width=4) (actual time=21.828..21.828 rows=30 loops=1)
                                       Buckets: 1024  Batches: 1  Memory Usage: 10kB
                                       Buffers: shared hit=1347 read=127
                                       ->  Seq Scan on date_dim  (cost=0.00..2569.73 rows=30 width=4) (actual time=9.542..21.816 rows=30 loops=1)
                                             Filter: ((d_year = 2000) AND (d_moy = 4))
                                             Rows Removed by Filter: 73019
                                             Buffers: shared hit=1347 read=127
                           ->  Index Scan using item_pkey on item  (cost=0.42..7.64 rows=1 width=12) (actual time=0.022..0.022 rows=0 loops=195005)
                                 Index Cond: (i_item_sk = store_sales.ss_item_sk)
                                 Filter: (i_category = 'Music'::bpchar)
                                 Rows Removed by Filter: 1
                                 Buffers: shared hit=760290 read=19730
                     ->  Index Scan using customer_pkey on customer  (cost=0.43..7.65 rows=1 width=8) (actual time=0.027..0.027 rows=0 loops=1784)
                           Index Cond: (c_customer_sk = store_sales.ss_customer_sk)
                           Filter: (c_birth_month = 7)
                           Rows Removed by Filter: 1
                           Buffers: shared hit=7092
               ->  Index Scan using customer_address_pkey on customer_address  (cost=0.42..7.65 rows=1 width=15) (actual time=0.027..0.027 rows=0 loops=92)
                     Index Cond: (ca_address_sk = customer.c_current_addr_sk)
                     Filter: (ca_state = 'SD'::bpchar)
                     Rows Removed by Filter: 1
                     Buffers: shared hit=356 read=12
         ->  Index Scan using store_pkey on store  (cost=0.15..5.72 rows=1 width=15) (actual time=0.037..0.037 rows=1 loops=1)
               Index Cond: (s_store_sk = store_sales.ss_store_sk)
               Buffers: shared hit=2
 Planning:
   Buffers: shared hit=460
 Planning Time: 4.615 ms
 Execution Time: 78311.941 ms
(47 rows)

