                                                                            QUERY PLAN                                                                            
------------------------------------------------------------------------------------------------------------------------------------------------------------------
 Aggregate  (cost=9696998.50..9696998.51 rows=1 width=40) (actual time=77378.228..77378.235 rows=1 loops=1)
   Buffers: shared hit=633675 read=5142245
   ->  Hash Join  (cost=19641.47..9696998.46 rows=6 width=14) (actual time=31388.206..77377.907 rows=270 loops=1)
         Hash Cond: (store_sales.ss_store_sk = store.s_store_sk)
         Join Filter: ("substring"((customer_address.ca_zip)::text, 1, 5) <> "substring"((store.s_zip)::text, 1, 5))
         Rows Removed by Join Filter: 5
         Buffers: shared hit=633675 read=5142245
         ->  Nested Loop  (cost=19614.42..9696971.40 rows=6 width=29) (actual time=31387.394..77376.434 rows=276 loops=1)
               Buffers: shared hit=633657 read=5142245
               ->  Nested Loop  (cost=19614.00..9694982.73 rows=260 width=22) (actual time=31384.205..77052.731 rows=21711 loops=1)
                     Buffers: shared hit=552892 read=5136166
                     ->  Hash Join  (cost=19613.57..9683124.72 rows=1550 width=22) (actual time=31384.130..75220.441 rows=128488 loops=1)
                           Hash Cond: (store_sales.ss_item_sk = item.i_item_sk)
                           Buffers: shared hit=45237 read=5136145
                           ->  Hash Join  (cost=2570.12..9666005.78 rows=28758 width=18) (actual time=31288.508..74886.148 rows=1863379 loops=1)
                                 Hash Cond: (store_sales.ss_sold_date_sk = date_dim.d_date_sk)
                                 Buffers: shared hit=32027 read=5134999
                                 ->  Seq Scan on store_sales  (cost=0.00..9485539.52 rows=67766203 width=22) (actual time=0.328..70690.103 rows=67554234 loops=1)
                                       Filter: ((ss_wholesale_cost >= '59'::numeric) AND (ss_wholesale_cost <= '79'::numeric))
                                       Rows Removed by Filter: 220442790
                                       Buffers: shared hit=30680 read=5134872
                                 ->  Hash  (cost=2569.73..2569.73 rows=31 width=4) (actual time=21.424..21.425 rows=31 loops=1)
                                       Buckets: 1024  Batches: 1  Memory Usage: 10kB
                                       Buffers: shared hit=1347 read=127
                                       ->  Seq Scan on date_dim  (cost=0.00..2569.73 rows=31 width=4) (actual time=10.427..21.409 rows=31 loops=1)
                                             Filter: ((d_year = 2000) AND (d_moy = 8))
                                             Rows Removed by Filter: 73018
                                             Buffers: shared hit=1347 read=127
                           ->  Hash  (cost=16906.00..16906.00 rows=10996 width=12) (actual time=95.537..95.539 rows=11037 loops=1)
                                 Buckets: 16384  Batches: 1  Memory Usage: 603kB
                                 Buffers: shared hit=13210 read=1146
                                 ->  Seq Scan on item  (cost=0.00..16906.00 rows=10996 width=12) (actual time=0.033..93.841 rows=11037 loops=1)
                                       Filter: (i_category = 'Women'::bpchar)
                                       Rows Removed by Filter: 192963
                                       Buffers: shared hit=13210 read=1146
                     ->  Index Scan using customer_pkey on customer  (cost=0.43..7.65 rows=1 width=8) (actual time=0.014..0.014 rows=0 loops=128488)
                           Index Cond: (c_customer_sk = store_sales.ss_customer_sk)
                           Filter: (c_birth_month = 4)
                           Rows Removed by Filter: 1
                           Buffers: shared hit=507655 read=21
               ->  Index Scan using customer_address_pkey on customer_address  (cost=0.42..7.65 rows=1 width=15) (actual time=0.015..0.015 rows=0 loops=21711)
                     Index Cond: (ca_address_sk = customer.c_current_addr_sk)
                     Filter: (ca_state = 'AR'::bpchar)
                     Rows Removed by Filter: 1
                     Buffers: shared hit=80765 read=6079
         ->  Hash  (cost=22.02..22.02 rows=402 width=15) (actual time=0.780..0.781 rows=402 loops=1)
               Buckets: 1024  Batches: 1  Memory Usage: 27kB
               Buffers: shared hit=18
               ->  Seq Scan on store  (cost=0.00..22.02 rows=402 width=15) (actual time=0.029..0.622 rows=402 loops=1)
                     Buffers: shared hit=18
 Planning:
   Buffers: shared hit=460
 Planning Time: 4.671 ms
 Execution Time: 77378.754 ms
(54 rows)

