                                                                             QUERY PLAN                                                                              
---------------------------------------------------------------------------------------------------------------------------------------------------------------------
 Aggregate  (cost=9612204.77..9612204.78 rows=1 width=40) (actual time=76778.922..76778.927 rows=1 loops=1)
   Buffers: shared hit=614820 read=5133430
   ->  Nested Loop  (cost=2571.52..9612204.76 rows=2 width=14) (actual time=22817.010..76778.863 rows=26 loops=1)
         Join Filter: ("substring"((customer_address.ca_zip)::text, 1, 5) <> "substring"((store.s_zip)::text, 1, 5))
         Buffers: shared hit=614820 read=5133430
         ->  Nested Loop  (cost=2571.37..9612193.27 rows=2 width=29) (actual time=22803.419..76778.475 rows=27 loops=1)
               Buffers: shared hit=614768 read=5133430
               ->  Nested Loop  (cost=2570.95..9612086.37 rows=14 width=25) (actual time=22803.392..76772.484 rows=241 loops=1)
                     Buffers: shared hit=613808 read=5133426
                     ->  Nested Loop  (cost=2570.52..9605905.31 rows=808 width=18) (actual time=22740.331..76463.362 rows=13222 loops=1)
                           Buffers: shared hit=563405 read=5130941
                           ->  Hash Join  (cost=2570.10..9542720.89 rows=8259 width=18) (actual time=22740.243..73592.937 rows=133494 loops=1)
                                 Hash Cond: (store_sales.ss_sold_date_sk = date_dim.d_date_sk)
                                 Buffers: shared hit=36104 read=5130922
                                 ->  Seq Scan on store_sales  (cost=0.00..9485539.52 rows=20803140 width=22) (actual time=0.489..72109.320 rows=21246255 loops=1)
                                       Filter: ((ss_wholesale_cost >= '12'::numeric) AND (ss_wholesale_cost <= '32'::numeric))
                                       Rows Removed by Filter: 266750769
                                       Buffers: shared hit=34757 read=5130795
                                 ->  Hash  (cost=2569.73..2569.73 rows=29 width=4) (actual time=20.515..20.516 rows=30 loops=1)
                                       Buckets: 1024  Batches: 1  Memory Usage: 10kB
                                       Buffers: shared hit=1347 read=127
                                       ->  Seq Scan on date_dim  (cost=0.00..2569.73 rows=29 width=4) (actual time=10.032..20.502 rows=30 loops=1)
                                             Filter: ((d_year = 1999) AND (d_moy = 11))
                                             Rows Removed by Filter: 73019
                                             Buffers: shared hit=1347 read=127
                           ->  Index Scan using customer_pkey on customer  (cost=0.43..7.65 rows=1 width=8) (actual time=0.021..0.021 rows=0 loops=133494)
                                 Index Cond: (c_customer_sk = store_sales.ss_customer_sk)
                                 Filter: (c_birth_month = 2)
                                 Rows Removed by Filter: 1
                                 Buffers: shared hit=527301 read=19
                     ->  Index Scan using customer_address_pkey on customer_address  (cost=0.42..7.65 rows=1 width=15) (actual time=0.023..0.023 rows=0 loops=13222)
                           Index Cond: (ca_address_sk = customer.c_current_addr_sk)
                           Filter: (ca_state = 'PA'::bpchar)
                           Rows Removed by Filter: 1
                           Buffers: shared hit=50403 read=2485
               ->  Index Scan using item_pkey on item  (cost=0.42..7.64 rows=1 width=12) (actual time=0.024..0.024 rows=0 loops=241)
                     Index Cond: (i_item_sk = store_sales.ss_item_sk)
                     Filter: (i_category = 'Books'::bpchar)
                     Rows Removed by Filter: 1
                     Buffers: shared hit=960 read=4
         ->  Index Scan using store_pkey on store  (cost=0.15..5.72 rows=1 width=15) (actual time=0.008..0.008 rows=1 loops=27)
               Index Cond: (s_store_sk = store_sales.ss_store_sk)
               Buffers: shared hit=52
 Planning:
   Buffers: shared hit=460
 Planning Time: 4.684 ms
 Execution Time: 76779.409 ms
(47 rows)

