                                                                            QUERY PLAN                                                                            
------------------------------------------------------------------------------------------------------------------------------------------------------------------
 Aggregate  (cost=9626834.54..9626834.55 rows=1 width=40) (actual time=75877.120..75877.125 rows=1 loops=1)
   Buffers: shared hit=389614 read=5132544
   ->  Nested Loop  (cost=19811.92..9626834.51 rows=4 width=14) (actual time=33538.766..75876.984 rows=108 loops=1)
         Join Filter: ("substring"((customer_address.ca_zip)::text, 1, 5) <> "substring"((store.s_zip)::text, 1, 5))
         Rows Removed by Join Filter: 4
         Buffers: shared hit=389614 read=5132544
         ->  Nested Loop  (cost=19811.78..9626811.53 rows=4 width=29) (actual time=33538.747..75875.426 rows=112 loops=1)
               Buffers: shared hit=389390 read=5132544
               ->  Nested Loop  (cost=19811.35..9625449.78 rows=178 width=22) (actual time=33464.710..75760.144 rows=6599 loops=1)
                     Buffers: shared hit=365107 read=5130431
                     ->  Hash Join  (cost=19810.92..9609146.90 rows=2131 width=22) (actual time=33463.969..74566.723 rows=79514 loops=1)
                           Hash Cond: (store_sales.ss_item_sk = item.i_item_sk)
                           Buffers: shared hit=51108 read=5130274
                           ->  Hash Join  (cost=2570.11..9591863.48 rows=16231 width=18) (actual time=33362.339..74343.694 rows=743691 loops=1)
                                 Hash Cond: (store_sales.ss_sold_date_sk = date_dim.d_date_sk)
                                 Buffers: shared hit=37010 read=5130016
                                 ->  Seq Scan on store_sales  (cost=0.00..9485539.52 rows=39523085 width=22) (actual time=0.048..71782.120 rows=40114371 loops=1)
                                       Filter: ((ss_wholesale_cost >= '23'::numeric) AND (ss_wholesale_cost <= '43'::numeric))
                                       Rows Removed by Filter: 247882653
                                       Buffers: shared hit=35537 read=5130015
                                 ->  Hash  (cost=2569.73..2569.73 rows=30 width=4) (actual time=20.644..20.645 rows=30 loops=1)
                                       Buckets: 1024  Batches: 1  Memory Usage: 10kB
                                       Buffers: shared hit=1473 read=1
                                       ->  Seq Scan on date_dim  (cost=0.00..2569.73 rows=30 width=4) (actual time=10.764..20.632 rows=30 loops=1)
                                             Filter: ((d_year = 2000) AND (d_moy = 9))
                                             Rows Removed by Filter: 73019
                                             Buffers: shared hit=1473 read=1
                           ->  Hash  (cost=16906.00..16906.00 rows=26785 width=12) (actual time=101.480..101.480 rows=26695 loops=1)
                                 Buckets: 32768  Batches: 1  Memory Usage: 1403kB
                                 Buffers: shared hit=14098 read=258
                                 ->  Seq Scan on item  (cost=0.00..16906.00 rows=26785 width=12) (actual time=0.010..97.567 rows=26695 loops=1)
                                       Filter: (i_category = 'Children'::bpchar)
                                       Rows Removed by Filter: 177305
                                       Buffers: shared hit=14098 read=258
                     ->  Index Scan using customer_pkey on customer  (cost=0.43..7.65 rows=1 width=8) (actual time=0.015..0.015 rows=0 loops=79514)
                           Index Cond: (c_customer_sk = store_sales.ss_customer_sk)
                           Filter: (c_birth_month = 11)
                           Rows Removed by Filter: 1
                           Buffers: shared hit=313999 read=157
               ->  Index Scan using customer_address_pkey on customer_address  (cost=0.42..7.65 rows=1 width=15) (actual time=0.017..0.017 rows=0 loops=6599)
                     Index Cond: (ca_address_sk = customer.c_current_addr_sk)
                     Filter: (ca_state = 'WI'::bpchar)
                     Rows Removed by Filter: 1
                     Buffers: shared hit=24283 read=2113
         ->  Index Scan using store_pkey on store  (cost=0.15..5.72 rows=1 width=15) (actual time=0.010..0.010 rows=1 loops=112)
               Index Cond: (s_store_sk = store_sales.ss_store_sk)
               Buffers: shared hit=224
 Planning:
   Buffers: shared hit=460
 Planning Time: 4.087 ms
 Execution Time: 75877.480 ms
(51 rows)

