                                                                             QUERY PLAN                                                                              
---------------------------------------------------------------------------------------------------------------------------------------------------------------------
 Aggregate  (cost=9653393.86..9653393.87 rows=1 width=40) (actual time=79076.956..79076.961 rows=1 loops=1)
   Buffers: shared hit=1020167 read=5133745
   ->  Nested Loop  (cost=2571.53..9653393.71 rows=20 width=14) (actual time=39940.607..79076.801 rows=104 loops=1)
         Join Filter: ("substring"((customer_address.ca_zip)::text, 1, 5) <> "substring"((store.s_zip)::text, 1, 5))
         Rows Removed by Join Filter: 1
         Buffers: shared hit=1020167 read=5133745
         ->  Nested Loop  (cost=2571.38..9653278.85 rows=20 width=29) (actual time=39940.573..79075.405 rows=106 loops=1)
               Buffers: shared hit=1019960 read=5133742
               ->  Nested Loop  (cost=2570.96..9652354.94 rows=121 width=25) (actual time=39917.052..79060.742 rows=445 loops=1)
                     Buffers: shared hit=1018378 read=5133544
                     ->  Nested Loop  (cost=2570.54..9640804.89 rows=1510 width=18) (actual time=39861.331..78364.084 rows=30435 loops=1)
                           Buffers: shared hit=899566 read=5130616
                           ->  Hash Join  (cost=2570.11..9557614.88 rows=10874 width=18) (actual time=39861.060..73400.803 rows=218396 loops=1)
                                 Hash Cond: (store_sales.ss_sold_date_sk = date_dim.d_date_sk)
                                 Buffers: shared hit=36413 read=5130613
                                 ->  Seq Scan on store_sales  (cost=0.00..9485539.52 rows=26476724 width=22) (actual time=0.100..71544.240 rows=26847589 loops=1)
                                       Filter: ((ss_wholesale_cost >= '16'::numeric) AND (ss_wholesale_cost <= '36'::numeric))
                                       Rows Removed by Filter: 261149435
                                       Buffers: shared hit=35065 read=5130487
                                 ->  Hash  (cost=2569.73..2569.73 rows=30 width=4) (actual time=19.107..19.108 rows=31 loops=1)
                                       Buckets: 1024  Batches: 1  Memory Usage: 10kB
                                       Buffers: shared hit=1348 read=126
                                       ->  Seq Scan on date_dim  (cost=0.00..2569.73 rows=30 width=4) (actual time=8.574..19.096 rows=31 loops=1)
                                             Filter: ((d_year = 2001) AND (d_moy = 1))
                                             Rows Removed by Filter: 73018
                                             Buffers: shared hit=1348 read=126
                           ->  Index Scan using customer_pkey on customer  (cost=0.43..7.65 rows=1 width=8) (actual time=0.022..0.022 rows=0 loops=218396)
                                 Index Cond: (c_customer_sk = store_sales.ss_customer_sk)
                                 Filter: (c_birth_month = 10)
                                 Rows Removed by Filter: 1
                                 Buffers: shared hit=863153 read=3
                     ->  Index Scan using customer_address_pkey on customer_address  (cost=0.42..7.65 rows=1 width=15) (actual time=0.023..0.023 rows=0 loops=30435)
                           Index Cond: (ca_address_sk = customer.c_current_addr_sk)
                           Filter: (ca_state = 'TX'::bpchar)
                           Rows Removed by Filter: 1
                           Buffers: shared hit=118812 read=2928
               ->  Index Scan using item_pkey on item  (cost=0.42..7.64 rows=1 width=12) (actual time=0.032..0.032 rows=0 loops=445)
                     Index Cond: (i_item_sk = store_sales.ss_item_sk)
                     Filter: (i_category = 'Shoes'::bpchar)
                     Rows Removed by Filter: 1
                     Buffers: shared hit=1582 read=198
         ->  Index Scan using store_pkey on store  (cost=0.15..5.72 rows=1 width=15) (actual time=0.008..0.008 rows=1 loops=106)
               Index Cond: (s_store_sk = store_sales.ss_store_sk)
               Buffers: shared hit=207 read=3
 Planning:
   Buffers: shared hit=460
 Planning Time: 2.273 ms
 Execution Time: 79077.225 ms
(48 rows)

