                                                                            QUERY PLAN                                                                            
------------------------------------------------------------------------------------------------------------------------------------------------------------------
 Aggregate  (cost=9625128.06..9625128.07 rows=1 width=40) (actual time=75610.213..75610.219 rows=1 loops=1)
   Buffers: shared hit=381495 read=5138395
   ->  Nested Loop  (cost=19790.25..9625128.05 rows=1 width=14) (actual time=62252.791..75610.105 rows=66 loops=1)
         Join Filter: ("substring"((customer_address.ca_zip)::text, 1, 5) <> "substring"((store.s_zip)::text, 1, 5))
         Rows Removed by Join Filter: 4
         Buffers: shared hit=381495 read=5138395
         ->  Nested Loop  (cost=19790.10..9625122.31 rows=1 width=29) (actual time=62252.773..75609.414 rows=70 loops=1)
               Buffers: shared hit=381357 read=5138393
               ->  Nested Loop  (cost=19789.68..9624372.36 rows=98 width=22) (actual time=62168.777..75558.628 rows=3733 loops=1)
                     Buffers: shared hit=367001 read=5137817
                     ->  Hash Join  (cost=19789.25..9609125.22 rows=1993 width=22) (actual time=62168.690..74499.384 rows=81821 loops=1)
                           Hash Cond: (store_sales.ss_item_sk = item.i_item_sk)
                           Buffers: shared hit=43568 read=5137814
                           ->  Hash Join  (cost=2570.11..9591863.48 rows=16231 width=18) (actual time=62035.372..74222.277 rows=916387 loops=1)
                                 Hash Cond: (store_sales.ss_sold_date_sk = date_dim.d_date_sk)
                                 Buffers: shared hit=35871 read=5131155
                                 ->  Seq Scan on store_sales  (cost=0.00..9485539.52 rows=39523085 width=22) (actual time=0.132..71637.921 rows=40114371 loops=1)
                                       Filter: ((ss_wholesale_cost >= '26'::numeric) AND (ss_wholesale_cost <= '46'::numeric))
                                       Rows Removed by Filter: 247882653
                                       Buffers: shared hit=35736 read=5129816
                                 ->  Hash  (cost=2569.73..2569.73 rows=30 width=4) (actual time=21.158..21.159 rows=30 loops=1)
                                       Buckets: 1024  Batches: 1  Memory Usage: 10kB
                                       Buffers: shared hit=135 read=1339
                                       ->  Seq Scan on date_dim  (cost=0.00..2569.73 rows=30 width=4) (actual time=12.286..21.146 rows=30 loops=1)
                                             Filter: ((d_year = 2002) AND (d_moy = 9))
                                             Rows Removed by Filter: 73019
                                             Buffers: shared hit=135 read=1339
                           ->  Hash  (cost=16906.00..16906.00 rows=25051 width=12) (actual time=133.145..133.145 rows=24688 loops=1)
                                 Buckets: 32768  Batches: 1  Memory Usage: 1317kB
                                 Buffers: shared hit=7697 read=6659
                                 ->  Seq Scan on item  (cost=0.00..16906.00 rows=25051 width=12) (actual time=0.023..127.468 rows=24688 loops=1)
                                       Filter: (i_category = 'Books'::bpchar)
                                       Rows Removed by Filter: 179312
                                       Buffers: shared hit=7697 read=6659
                     ->  Index Scan using customer_pkey on customer  (cost=0.43..7.65 rows=1 width=8) (actual time=0.013..0.013 rows=0 loops=81821)
                           Index Cond: (c_customer_sk = store_sales.ss_customer_sk)
                           Filter: (c_birth_month = 7)
                           Rows Removed by Filter: 1
                           Buffers: shared hit=323433 read=3
               ->  Index Scan using customer_address_pkey on customer_address  (cost=0.42..7.65 rows=1 width=15) (actual time=0.013..0.013 rows=0 loops=3733)
                     Index Cond: (ca_address_sk = customer.c_current_addr_sk)
                     Filter: (ca_state = 'NM'::bpchar)
                     Rows Removed by Filter: 1
                     Buffers: shared hit=14356 read=576
         ->  Index Scan using store_pkey on store  (cost=0.15..5.72 rows=1 width=15) (actual time=0.006..0.006 rows=1 loops=70)
               Index Cond: (s_store_sk = store_sales.ss_store_sk)
               Buffers: shared hit=138 read=2
 Planning:
   Buffers: shared hit=460
 Planning Time: 4.684 ms
 Execution Time: 75610.700 ms
(51 rows)

