                                                                            QUERY PLAN                                                                            
------------------------------------------------------------------------------------------------------------------------------------------------------------------
 Aggregate  (cost=9684179.87..9684179.88 rows=1 width=40) (actual time=72045.262..72045.268 rows=1 loops=1)
   Buffers: shared hit=368981 read=5136275
   ->  Hash Join  (cost=19838.82..9684179.74 rows=17 width=14) (actual time=22627.717..72045.082 rows=238 loops=1)
         Hash Cond: (store_sales.ss_store_sk = store.s_store_sk)
         Join Filter: ("substring"((customer_address.ca_zip)::text, 1, 5) <> "substring"((store.s_zip)::text, 1, 5))
         Rows Removed by Join Filter: 2
         Buffers: shared hit=368981 read=5136275
         ->  Nested Loop  (cost=19811.78..9684152.65 rows=17 width=29) (actual time=22626.862..72043.763 rows=243 loops=1)
               Buffers: shared hit=368965 read=5136273
               ->  Nested Loop  (cost=19811.35..9680175.33 rows=520 width=22) (actual time=22622.865..71815.096 rows=11897 loops=1)
                     Buffers: shared hit=323088 read=5134562
                     ->  Hash Join  (cost=19810.92..9656444.00 rows=3102 width=22) (actual time=22622.654..70590.680 rows=69910 loops=1)
                           Hash Cond: (store_sales.ss_item_sk = item.i_item_sk)
                           Buffers: shared hit=46822 read=5134560
                           ->  Hash Join  (cost=2570.11..9639141.16 rows=23628 width=18) (actual time=22509.731..70366.003 rows=655401 loops=1)
                                 Hash Cond: (store_sales.ss_sold_date_sk = date_dim.d_date_sk)
                                 Buffers: shared hit=32697 read=5134329
                                 ->  Seq Scan on store_sales  (cost=0.00..9485539.52 rows=57532634 width=22) (actual time=0.038..66832.808 rows=57752041 loops=1)
                                       Filter: ((ss_wholesale_cost >= '77'::numeric) AND (ss_wholesale_cost <= '97'::numeric))
                                       Rows Removed by Filter: 230244983
                                       Buffers: shared hit=31436 read=5134116
                                 ->  Hash  (cost=2569.73..2569.73 rows=30 width=4) (actual time=19.936..19.937 rows=31 loops=1)
                                       Buckets: 1024  Batches: 1  Memory Usage: 10kB
                                       Buffers: shared hit=1261 read=213
                                       ->  Seq Scan on date_dim  (cost=0.00..2569.73 rows=30 width=4) (actual time=9.011..19.923 rows=31 loops=1)
                                             Filter: ((d_year = 1999) AND (d_moy = 12))
                                             Rows Removed by Filter: 73018
                                             Buffers: shared hit=1261 read=213
                           ->  Hash  (cost=16906.00..16906.00 rows=26785 width=12) (actual time=112.788..112.789 rows=26695 loops=1)
                                 Buckets: 32768  Batches: 1  Memory Usage: 1403kB
                                 Buffers: shared hit=14125 read=231
                                 ->  Seq Scan on item  (cost=0.00..16906.00 rows=26785 width=12) (actual time=0.018..108.480 rows=26695 loops=1)
                                       Filter: (i_category = 'Children'::bpchar)
                                       Rows Removed by Filter: 177305
                                       Buffers: shared hit=14125 read=231
                     ->  Index Scan using customer_pkey on customer  (cost=0.43..7.65 rows=1 width=8) (actual time=0.017..0.017 rows=0 loops=69910)
                           Index Cond: (c_customer_sk = store_sales.ss_customer_sk)
                           Filter: (c_birth_month = 4)
                           Rows Removed by Filter: 1
                           Buffers: shared hit=276266 read=2
               ->  Index Scan using customer_address_pkey on customer_address  (cost=0.42..7.65 rows=1 width=15) (actual time=0.019..0.019 rows=0 loops=11897)
                     Index Cond: (ca_address_sk = customer.c_current_addr_sk)
                     Filter: (ca_state = 'KS'::bpchar)
                     Rows Removed by Filter: 1
                     Buffers: shared hit=45877 read=1711
         ->  Hash  (cost=22.02..22.02 rows=402 width=15) (actual time=0.825..0.826 rows=402 loops=1)
               Buckets: 1024  Batches: 1  Memory Usage: 27kB
               Buffers: shared hit=16 read=2
               ->  Seq Scan on store  (cost=0.00..22.02 rows=402 width=15) (actual time=0.036..0.663 rows=402 loops=1)
                     Buffers: shared hit=16 read=2
 Planning:
   Buffers: shared hit=421 read=39
 Planning Time: 6.169 ms
 Execution Time: 72045.737 ms
(54 rows)

