                                                                             QUERY PLAN                                                                             
--------------------------------------------------------------------------------------------------------------------------------------------------------------------
 Aggregate  (cost=9714986.51..9714986.52 rows=1 width=40) (actual time=80989.767..80989.772 rows=1 loops=1)
   Buffers: shared hit=1052081 read=5133361
   ->  Nested Loop  (cost=2571.52..9714986.49 rows=3 width=14) (actual time=23940.023..80989.689 rows=34 loops=1)
         Join Filter: ("substring"((customer_address.ca_zip)::text, 1, 5) <> "substring"((store.s_zip)::text, 1, 5))
         Buffers: shared hit=1052081 read=5133361
         ->  Nested Loop  (cost=2571.37..9714969.26 rows=3 width=29) (actual time=23939.982..80989.150 rows=35 loops=1)
               Buffers: shared hit=1052013 read=5133361
               ->  Nested Loop  (cost=2570.95..9714831.82 rows=18 width=25) (actual time=23534.705..80982.545 rows=266 loops=1)
                     Buffers: shared hit=1051081 read=5133229
                     ->  Nested Loop  (cost=2570.52..9710109.42 rows=617 width=18) (actual time=23506.245..80748.343 rows=9733 loops=1)
                           Buffers: shared hit=1012994 read=5132384
                           ->  Hash Join  (cost=2570.10..9591031.81 rows=15565 width=18) (actual time=23506.202..74965.062 rows=247625 loops=1)
                                 Hash Cond: (store_sales.ss_sold_date_sk = date_dim.d_date_sk)
                                 Buffers: shared hit=34644 read=5132382
                                 ->  Seq Scan on store_sales  (cost=0.00..9485539.52 rows=39206286 width=22) (actual time=0.077..72390.597 rows=39350281 loops=1)
                                       Filter: ((ss_wholesale_cost >= '31'::numeric) AND (ss_wholesale_cost <= '51'::numeric))
                                       Rows Removed by Filter: 248646743
                                       Buffers: shared hit=33170 read=5132382
                                 ->  Hash  (cost=2569.73..2569.73 rows=29 width=4) (actual time=19.216..19.217 rows=30 loops=1)
                                       Buckets: 1024  Batches: 1  Memory Usage: 10kB
                                       Buffers: shared hit=1474
                                       ->  Seq Scan on date_dim  (cost=0.00..2569.73 rows=29 width=4) (actual time=11.565..19.199 rows=30 loops=1)
                                             Filter: ((d_year = 1999) AND (d_moy = 11))
                                             Rows Removed by Filter: 73019
                                             Buffers: shared hit=1474
                           ->  Index Scan using customer_pkey on customer  (cost=0.43..7.65 rows=1 width=8) (actual time=0.023..0.023 rows=0 loops=247625)
                                 Index Cond: (c_customer_sk = store_sales.ss_customer_sk)
                                 Filter: (c_birth_month = 9)
                                 Rows Removed by Filter: 1
                                 Buffers: shared hit=978350 read=2
                     ->  Index Scan using customer_address_pkey on customer_address  (cost=0.42..7.65 rows=1 width=15) (actual time=0.024..0.024 rows=0 loops=9733)
                           Index Cond: (ca_address_sk = customer.c_current_addr_sk)
                           Filter: (ca_state = 'NE'::bpchar)
                           Rows Removed by Filter: 1
                           Buffers: shared hit=38087 read=845
               ->  Index Scan using item_pkey on item  (cost=0.42..7.64 rows=1 width=12) (actual time=0.024..0.024 rows=0 loops=266)
                     Index Cond: (i_item_sk = store_sales.ss_item_sk)
                     Filter: (i_category = 'Shoes'::bpchar)
                     Rows Removed by Filter: 1
                     Buffers: shared hit=932 read=132
         ->  Index Scan using store_pkey on store  (cost=0.15..5.72 rows=1 width=15) (actual time=0.009..0.009 rows=1 loops=35)
               Index Cond: (s_store_sk = store_sales.ss_store_sk)
               Buffers: shared hit=68
 Planning:
   Buffers: shared hit=460
 Planning Time: 4.842 ms
 Execution Time: 80990.258 ms
(47 rows)

