                                                                            QUERY PLAN                                                                            
------------------------------------------------------------------------------------------------------------------------------------------------------------------
 Aggregate  (cost=9650912.53..9650912.54 rows=1 width=40) (actual time=71284.501..71284.508 rows=1 loops=1)
   Buffers: shared hit=493403 read=5146201
   ->  Hash Join  (cost=19922.97..9650912.43 rows=14 width=14) (actual time=3962.088..71284.365 rows=89 loops=1)
         Hash Cond: (store_sales.ss_store_sk = store.s_store_sk)
         Join Filter: ("substring"((customer_address.ca_zip)::text, 1, 5) <> "substring"((store.s_zip)::text, 1, 5))
         Rows Removed by Join Filter: 1
         Buffers: shared hit=493403 read=5146201
         ->  Nested Loop  (cost=19895.93..9650885.35 rows=14 width=29) (actual time=3961.486..71283.500 rows=92 loops=1)
               Buffers: shared hit=493385 read=5146201
               ->  Nested Loop  (cost=19895.50..9649515.69 rows=179 width=22) (actual time=3906.784..71156.892 rows=6198 loops=1)
                     Buffers: shared hit=469574 read=5145220
                     ->  Hash Join  (cost=19895.07..9625845.54 rows=3094 width=22) (actual time=3905.980..69197.489 rows=109717 loops=1)
                           Hash Cond: (store_sales.ss_item_sk = item.i_item_sk)
                           Buffers: shared hit=36169 read=5145213
                           ->  Hash Join  (cost=2570.11..9608471.14 rows=18830 width=18) (actual time=3780.731..68937.165 rows=763364 loops=1)
                                 Hash Cond: (store_sales.ss_sold_date_sk = date_dim.d_date_sk)
                                 Buffers: shared hit=35024 read=5132002
                                 ->  Seq Scan on store_sales  (cost=0.00..9485539.52 rows=45849467 width=22) (actual time=0.029..66039.202 rows=46160898 loops=1)
                                       Filter: ((ss_wholesale_cost >= '80'::numeric) AND (ss_wholesale_cost <= '100'::numeric))
                                       Rows Removed by Filter: 241836126
                                       Buffers: shared hit=33550 read=5132002
                                 ->  Hash  (cost=2569.73..2569.73 rows=30 width=4) (actual time=19.330..19.331 rows=31 loops=1)
                                       Buckets: 1024  Batches: 1  Memory Usage: 10kB
                                       Buffers: shared hit=1474
                                       ->  Seq Scan on date_dim  (cost=0.00..2569.73 rows=30 width=4) (actual time=8.652..19.318 rows=31 loops=1)
                                             Filter: ((d_year = 1998) AND (d_moy = 5))
                                             Rows Removed by Filter: 73018
                                             Buffers: shared hit=1474
                           ->  Hash  (cost=16906.00..16906.00 rows=33517 width=12) (actual time=124.979..124.980 rows=33627 loops=1)
                                 Buckets: 65536  Batches: 1  Memory Usage: 1957kB
                                 Buffers: shared hit=1145 read=13211
                                 ->  Seq Scan on item  (cost=0.00..16906.00 rows=33517 width=12) (actual time=0.024..118.435 rows=33627 loops=1)
                                       Filter: (i_category = 'Shoes'::bpchar)
                                       Rows Removed by Filter: 170373
                                       Buffers: shared hit=1145 read=13211
                     ->  Index Scan using customer_pkey on customer  (cost=0.43..7.65 rows=1 width=8) (actual time=0.018..0.018 rows=0 loops=109717)
                           Index Cond: (c_customer_sk = store_sales.ss_customer_sk)
                           Filter: (c_birth_month = 3)
                           Rows Removed by Filter: 1
                           Buffers: shared hit=433405 read=7
               ->  Index Scan using customer_address_pkey on customer_address  (cost=0.42..7.65 rows=1 width=15) (actual time=0.020..0.020 rows=0 loops=6198)
                     Index Cond: (ca_address_sk = customer.c_current_addr_sk)
                     Filter: (ca_state = 'TX'::bpchar)
                     Rows Removed by Filter: 1
                     Buffers: shared hit=23811 read=981
         ->  Hash  (cost=22.02..22.02 rows=402 width=15) (actual time=0.573..0.574 rows=402 loops=1)
               Buckets: 1024  Batches: 1  Memory Usage: 27kB
               Buffers: shared hit=18
               ->  Seq Scan on store  (cost=0.00..22.02 rows=402 width=15) (actual time=0.023..0.467 rows=402 loops=1)
                     Buffers: shared hit=18
 Planning:
   Buffers: shared hit=460
 Planning Time: 4.681 ms
 Execution Time: 71285.047 ms
(54 rows)

