                                                                            QUERY PLAN                                                                            
------------------------------------------------------------------------------------------------------------------------------------------------------------------
 Aggregate  (cost=9697233.94..9697233.95 rows=1 width=40) (actual time=73141.456..73141.462 rows=1 loops=1)
   Buffers: shared hit=464392 read=5134248
   ->  Hash Join  (cost=20034.15..9697233.61 rows=45 width=14) (actual time=50360.187..73141.280 rows=170 loops=1)
         Hash Cond: (store_sales.ss_store_sk = store.s_store_sk)
         Join Filter: ("substring"((customer_address.ca_zip)::text, 1, 5) <> "substring"((store.s_zip)::text, 1, 5))
         Rows Removed by Join Filter: 1
         Buffers: shared hit=464392 read=5134248
         ->  Nested Loop  (cost=20007.10..9697206.44 rows=45 width=29) (actual time=50359.266..73139.947 rows=171 loops=1)
               Buffers: shared hit=464374 read=5134248
               ->  Nested Loop  (cost=20006.68..9692961.04 rows=555 width=22) (actual time=50334.364..72912.837 rows=11125 loops=1)
                     Buffers: shared hit=421548 read=5132574
                     ->  Hash Join  (cost=20006.25..9656637.25 rows=4748 width=22) (actual time=50334.263..71067.068 rows=94299 loops=1)
                           Hash Cond: (store_sales.ss_item_sk = item.i_item_sk)
                           Buffers: shared hit=48818 read=5132564
                           ->  Hash Join  (cost=2570.10..9639141.15 rows=22840 width=18) (actual time=50226.901..70853.850 rows=483742 loops=1)
                                 Hash Cond: (store_sales.ss_sold_date_sk = date_dim.d_date_sk)
                                 Buffers: shared hit=34950 read=5132076
                                 ->  Seq Scan on store_sales  (cost=0.00..9485539.52 rows=57532634 width=22) (actual time=0.041..67260.512 rows=57752041 loops=1)
                                       Filter: ((ss_wholesale_cost >= '78'::numeric) AND (ss_wholesale_cost <= '98'::numeric))
                                       Rows Removed by Filter: 230244983
                                       Buffers: shared hit=33476 read=5132076
                                 ->  Hash  (cost=2569.73..2569.73 rows=29 width=4) (actual time=27.485..27.486 rows=30 loops=1)
                                       Buckets: 1024  Batches: 1  Memory Usage: 10kB
                                       Buffers: shared hit=1474
                                       ->  Seq Scan on date_dim  (cost=0.00..2569.73 rows=29 width=4) (actual time=17.447..27.469 rows=30 loops=1)
                                             Filter: ((d_year = 2001) AND (d_moy = 11))
                                             Rows Removed by Filter: 73019
                                             Buffers: shared hit=1474
                           ->  Hash  (cost=16906.00..16906.00 rows=42412 width=12) (actual time=107.132..107.132 rows=42041 loops=1)
                                 Buckets: 65536  Batches: 1  Memory Usage: 2319kB
                                 Buffers: shared hit=13868 read=488
                                 ->  Seq Scan on item  (cost=0.00..16906.00 rows=42412 width=12) (actual time=0.015..100.909 rows=42041 loops=1)
                                       Filter: (i_category = 'Electronics'::bpchar)
                                       Rows Removed by Filter: 161959
                                       Buffers: shared hit=13868 read=488
                     ->  Index Scan using customer_pkey on customer  (cost=0.43..7.65 rows=1 width=8) (actual time=0.019..0.019 rows=0 loops=94299)
                           Index Cond: (c_customer_sk = store_sales.ss_customer_sk)
                           Filter: (c_birth_month = 8)
                           Rows Removed by Filter: 1
                           Buffers: shared hit=372730 read=10
               ->  Index Scan using customer_address_pkey on customer_address  (cost=0.42..7.65 rows=1 width=15) (actual time=0.020..0.020 rows=0 loops=11125)
                     Index Cond: (ca_address_sk = customer.c_current_addr_sk)
                     Filter: (ca_state = 'TX'::bpchar)
                     Rows Removed by Filter: 1
                     Buffers: shared hit=42826 read=1674
         ->  Hash  (cost=22.02..22.02 rows=402 width=15) (actual time=0.890..0.890 rows=402 loops=1)
               Buckets: 1024  Batches: 1  Memory Usage: 27kB
               Buffers: shared hit=18
               ->  Seq Scan on store  (cost=0.00..22.02 rows=402 width=15) (actual time=0.030..0.700 rows=402 loops=1)
                     Buffers: shared hit=18
 Planning:
   Buffers: shared hit=460
 Planning Time: 5.265 ms
 Execution Time: 73141.996 ms
(54 rows)

