                                                                            QUERY PLAN                                                                            
------------------------------------------------------------------------------------------------------------------------------------------------------------------
 Aggregate  (cost=9792698.67..9792698.68 rows=1 width=40) (actual time=85335.704..85335.710 rows=1 loops=1)
   Buffers: shared hit=1483908 read=5138020
   ->  Hash Join  (cost=20034.17..9792698.58 rows=12 width=14) (actual time=65791.671..85335.320 rows=288 loops=1)
         Hash Cond: (store_sales.ss_store_sk = store.s_store_sk)
         Join Filter: ("substring"((customer_address.ca_zip)::text, 1, 5) <> "substring"((store.s_zip)::text, 1, 5))
         Rows Removed by Join Filter: 6
         Buffers: shared hit=1483908 read=5138020
         ->  Nested Loop  (cost=20007.12..9792671.51 rows=12 width=29) (actual time=65791.022..85333.827 rows=297 loops=1)
               Buffers: shared hit=1483890 read=5138020
               ->  Nested Loop  (cost=20006.70..9788647.11 rows=526 width=22) (actual time=65778.766..84819.820 rows=22927 loops=1)
                     Buffers: shared hit=1396641 read=5133561
                     ->  Hash Join  (cost=20006.27..9730764.74 rows=7566 width=22) (actual time=65778.655..77847.580 rows=341358 loops=1)
                           Hash Cond: (store_sales.ss_item_sk = item.i_item_sk)
                           Buffers: shared hit=47832 read=5133550
                           ->  Hash Join  (cost=2570.12..9713233.06 rows=36393 width=18) (actual time=65656.518..77328.550 rows=1738837 loops=1)
                                 Hash Cond: (store_sales.ss_sold_date_sk = date_dim.d_date_sk)
                                 Buffers: shared hit=33702 read=5133324
                                 ->  Seq Scan on store_sales  (cost=0.00..9485539.52 rows=85756551 width=22) (actual time=0.028..72031.932 rows=85367142 loops=1)
                                       Filter: ((ss_wholesale_cost >= '60'::numeric) AND (ss_wholesale_cost <= '80'::numeric))
                                       Rows Removed by Filter: 202629882
                                       Buffers: shared hit=32228 read=5133324
                                 ->  Hash  (cost=2569.73..2569.73 rows=31 width=4) (actual time=19.277..19.277 rows=31 loops=1)
                                       Buckets: 1024  Batches: 1  Memory Usage: 10kB
                                       Buffers: shared hit=1474
                                       ->  Seq Scan on date_dim  (cost=0.00..2569.73 rows=31 width=4) (actual time=9.354..19.264 rows=31 loops=1)
                                             Filter: ((d_year = 2002) AND (d_moy = 10))
                                             Rows Removed by Filter: 73018
                                             Buffers: shared hit=1474
                           ->  Hash  (cost=16906.00..16906.00 rows=42412 width=12) (actual time=121.854..121.855 rows=42041 loops=1)
                                 Buckets: 65536  Batches: 1  Memory Usage: 2319kB
                                 Buffers: shared hit=14130 read=226
                                 ->  Seq Scan on item  (cost=0.00..16906.00 rows=42412 width=12) (actual time=0.019..113.998 rows=42041 loops=1)
                                       Filter: (i_category = 'Electronics'::bpchar)
                                       Rows Removed by Filter: 161959
                                       Buffers: shared hit=14130 read=226
                     ->  Index Scan using customer_pkey on customer  (cost=0.43..7.65 rows=1 width=8) (actual time=0.020..0.020 rows=0 loops=341358)
                           Index Cond: (c_customer_sk = store_sales.ss_customer_sk)
                           Filter: (c_birth_month = 12)
                           Rows Removed by Filter: 1
                           Buffers: shared hit=1348809 read=11
               ->  Index Scan using customer_address_pkey on customer_address  (cost=0.42..7.65 rows=1 width=15) (actual time=0.022..0.022 rows=0 loops=22927)
                     Index Cond: (ca_address_sk = customer.c_current_addr_sk)
                     Filter: (ca_state = 'AR'::bpchar)
                     Rows Removed by Filter: 1
                     Buffers: shared hit=87249 read=4459
         ->  Hash  (cost=22.02..22.02 rows=402 width=15) (actual time=0.616..0.617 rows=402 loops=1)
               Buckets: 1024  Batches: 1  Memory Usage: 27kB
               Buffers: shared hit=18
               ->  Seq Scan on store  (cost=0.00..22.02 rows=402 width=15) (actual time=0.029..0.505 rows=402 loops=1)
                     Buffers: shared hit=18
 Planning:
   Buffers: shared hit=460
 Planning Time: 4.683 ms
 Execution Time: 85336.240 ms
(54 rows)

