                                                                            QUERY PLAN                                                                            
------------------------------------------------------------------------------------------------------------------------------------------------------------------
 Aggregate  (cost=9643631.45..9643631.46 rows=1 width=40) (actual time=80522.350..80522.355 rows=1 loops=1)
   Buffers: shared hit=1032723 read=5151159
   ->  Nested Loop  (cost=2571.52..9643631.45 rows=1 width=14) (actual time=53483.222..80522.268 rows=30 loops=1)
         Join Filter: ("substring"((customer_address.ca_zip)::text, 1, 5) <> "substring"((store.s_zip)::text, 1, 5))
         Rows Removed by Join Filter: 2
         Buffers: shared hit=1032723 read=5151159
         ->  Nested Loop  (cost=2571.37..9643625.70 rows=1 width=29) (actual time=53483.195..80521.749 rows=32 loops=1)
               Buffers: shared hit=1032659 read=5151159
               ->  Nested Loop  (cost=2570.94..9643113.15 rows=67 width=22) (actual time=53134.660..80454.182 rows=2490 loops=1)
                     Buffers: shared hit=1023464 read=5150394
                     ->  Nested Loop  (cost=2570.52..9637872.66 rows=685 width=22) (actual time=53134.405..79837.535 rows=25636 loops=1)
                           Buffers: shared hit=922249 read=5150393
                           ->  Hash Join  (cost=2570.10..9557614.87 rows=10511 width=18) (actual time=53134.271..74718.429 rows=226404 loops=1)
                                 Hash Cond: (store_sales.ss_sold_date_sk = date_dim.d_date_sk)
                                 Buffers: shared hit=29477 read=5137549
                                 ->  Seq Scan on store_sales  (cost=0.00..9485539.52 rows=26476724 width=22) (actual time=0.049..72873.318 rows=26847589 loops=1)
                                       Filter: ((ss_wholesale_cost >= '15'::numeric) AND (ss_wholesale_cost <= '35'::numeric))
                                       Rows Removed by Filter: 261149435
                                       Buffers: shared hit=28003 read=5137549
                                 ->  Hash  (cost=2569.73..2569.73 rows=29 width=4) (actual time=20.254..20.255 rows=30 loops=1)
                                       Buckets: 1024  Batches: 1  Memory Usage: 10kB
                                       Buffers: shared hit=1474
                                       ->  Seq Scan on date_dim  (cost=0.00..2569.73 rows=29 width=4) (actual time=11.347..20.232 rows=30 loops=1)
                                             Filter: ((d_year = 2001) AND (d_moy = 11))
                                             Rows Removed by Filter: 73019
                                             Buffers: shared hit=1474
                           ->  Index Scan using item_pkey on item  (cost=0.42..7.64 rows=1 width=12) (actual time=0.022..0.022 rows=0 loops=226404)
                                 Index Cond: (i_item_sk = store_sales.ss_item_sk)
                                 Filter: (i_category = 'Men'::bpchar)
                                 Rows Removed by Filter: 1
                                 Buffers: shared hit=892772 read=12844
                     ->  Index Scan using customer_pkey on customer  (cost=0.43..7.65 rows=1 width=8) (actual time=0.024..0.024 rows=0 loops=25636)
                           Index Cond: (c_customer_sk = store_sales.ss_customer_sk)
                           Filter: (c_birth_month = 2)
                           Rows Removed by Filter: 1
                           Buffers: shared hit=101215 read=1
               ->  Index Scan using customer_address_pkey on customer_address  (cost=0.42..7.65 rows=1 width=15) (actual time=0.027..0.027 rows=0 loops=2490)
                     Index Cond: (ca_address_sk = customer.c_current_addr_sk)
                     Filter: (ca_state = 'RI'::bpchar)
                     Rows Removed by Filter: 1
                     Buffers: shared hit=9195 read=765
         ->  Index Scan using store_pkey on store  (cost=0.15..5.72 rows=1 width=15) (actual time=0.010..0.010 rows=1 loops=32)
               Index Cond: (s_store_sk = store_sales.ss_store_sk)
               Buffers: shared hit=64
 Planning:
   Buffers: shared hit=460
 Planning Time: 4.567 ms
 Execution Time: 80522.810 ms
(48 rows)

