                                                                            QUERY PLAN                                                                            
------------------------------------------------------------------------------------------------------------------------------------------------------------------
 Aggregate  (cost=9708923.11..9708923.12 rows=1 width=40) (actual time=77682.645..77682.651 rows=1 loops=1)
   Buffers: shared hit=209525 read=5128831
   ->  Nested Loop  (cost=19643.37..9708923.10 rows=1 width=14) (actual time=12706.027..77682.579 rows=44 loops=1)
         Join Filter: ("substring"((customer_address.ca_zip)::text, 1, 5) <> "substring"((store.s_zip)::text, 1, 5))
         Rows Removed by Join Filter: 1
         Buffers: shared hit=209525 read=5128831
         ->  Nested Loop  (cost=19643.23..9708917.36 rows=1 width=29) (actual time=12706.007..77682.138 rows=45 loops=1)
               Buffers: shared hit=209435 read=5128831
               ->  Nested Loop  (cost=19642.80..9708068.01 rows=111 width=22) (actual time=12656.341..77647.998 rows=2079 loops=1)
                     Buffers: shared hit=201853 read=5128097
                     ->  Hash Join  (cost=19642.37..9693387.03 rows=1919 width=22) (actual time=12656.159..77120.033 rows=37583 loops=1)
                           Hash Cond: (store_sales.ss_item_sk = item.i_item_sk)
                           Buffers: shared hit=53290 read=5128092
                           ->  Hash Join  (cost=2570.11..9676237.51 rows=29431 width=18) (actual time=12542.519..76941.421 rows=498589 loops=1)
                                 Hash Cond: (store_sales.ss_sold_date_sk = date_dim.d_date_sk)
                                 Buffers: shared hit=39738 read=5127288
                                 ->  Seq Scan on store_sales  (cost=0.00..9485539.52 rows=71663793 width=22) (actual time=0.039..72664.969 rows=71083444 loops=1)
                                       Filter: ((ss_wholesale_cost >= '53'::numeric) AND (ss_wholesale_cost <= '73'::numeric))
                                       Rows Removed by Filter: 216913580
                                       Buffers: shared hit=38264 read=5127288
                                 ->  Hash  (cost=2569.73..2569.73 rows=30 width=4) (actual time=19.347..19.348 rows=31 loops=1)
                                       Buckets: 1024  Batches: 1  Memory Usage: 10kB
                                       Buffers: shared hit=1474
                                       ->  Seq Scan on date_dim  (cost=0.00..2569.73 rows=30 width=4) (actual time=9.813..19.336 rows=31 loops=1)
                                             Filter: ((d_year = 1999) AND (d_moy = 1))
                                             Rows Removed by Filter: 73018
                                             Buffers: shared hit=1474
                           ->  Hash  (cost=16906.00..16906.00 rows=13301 width=12) (actual time=113.562..113.563 rows=13933 loops=1)
                                 Buckets: 16384  Batches: 1  Memory Usage: 727kB
                                 Buffers: shared hit=13552 read=804
                                 ->  Seq Scan on item  (cost=0.00..16906.00 rows=13301 width=12) (actual time=0.016..111.426 rows=13933 loops=1)
                                       Filter: (i_category = 'Men'::bpchar)
                                       Rows Removed by Filter: 190067
                                       Buffers: shared hit=13552 read=804
                     ->  Index Scan using customer_pkey on customer  (cost=0.43..7.65 rows=1 width=8) (actual time=0.014..0.014 rows=0 loops=37583)
                           Index Cond: (c_customer_sk = store_sales.ss_customer_sk)
                           Filter: (c_birth_month = 3)
                           Rows Removed by Filter: 1
                           Buffers: shared hit=148563 read=5
               ->  Index Scan using customer_address_pkey on customer_address  (cost=0.42..7.65 rows=1 width=15) (actual time=0.016..0.016 rows=0 loops=2079)
                     Index Cond: (ca_address_sk = customer.c_current_addr_sk)
                     Filter: (ca_state = 'AK'::bpchar)
                     Rows Removed by Filter: 1
                     Buffers: shared hit=7582 read=734
         ->  Index Scan using store_pkey on store  (cost=0.15..5.72 rows=1 width=15) (actual time=0.006..0.006 rows=1 loops=45)
               Index Cond: (s_store_sk = store_sales.ss_store_sk)
               Buffers: shared hit=90
 Planning:
   Buffers: shared hit=460
 Planning Time: 3.712 ms
 Execution Time: 77683.037 ms
(51 rows)

