                                                                            QUERY PLAN                                                                            
------------------------------------------------------------------------------------------------------------------------------------------------------------------
 Aggregate  (cost=9644341.36..9644341.37 rows=1 width=40) (actual time=70375.385..70375.392 rows=1 loops=1)
   Buffers: shared hit=265934 read=5131602
   ->  Hash Join  (cost=19777.12..9644341.15 rows=28 width=14) (actual time=48688.815..70375.256 rows=109 loops=1)
         Hash Cond: (store_sales.ss_store_sk = store.s_store_sk)
         Join Filter: ("substring"((customer_address.ca_zip)::text, 1, 5) <> "substring"((store.s_zip)::text, 1, 5))
         Rows Removed by Join Filter: 1
         Buffers: shared hit=265934 read=5131602
         ->  Nested Loop  (cost=19750.07..9644314.03 rows=28 width=29) (actual time=48688.419..70374.597 rows=110 loops=1)
               Buffers: shared hit=265916 read=5131602
               ->  Nested Loop  (cost=19749.65..9641644.64 rows=349 width=22) (actual time=48680.249..70240.698 rows=7645 loops=1)
                     Buffers: shared hit=239368 read=5127570
                     ->  Hash Join  (cost=19749.22..9625701.33 rows=2084 width=22) (actual time=48680.217..69448.277 rows=46972 loops=1)
                           Hash Cond: (store_sales.ss_item_sk = item.i_item_sk)
                           Buffers: shared hit=53836 read=5127546
                           ->  Hash Join  (cost=2570.12..9608471.16 rows=19457 width=18) (actual time=48568.343..69269.099 rows=411783 loops=1)
                                 Hash Cond: (store_sales.ss_sold_date_sk = date_dim.d_date_sk)
                                 Buffers: shared hit=39712 read=5127314
                                 ->  Seq Scan on store_sales  (cost=0.00..9485539.52 rows=45849467 width=22) (actual time=0.020..66402.744 rows=46160898 loops=1)
                                       Filter: ((ss_wholesale_cost >= '80'::numeric) AND (ss_wholesale_cost <= '100'::numeric))
                                       Rows Removed by Filter: 241836126
                                       Buffers: shared hit=38238 read=5127314
                                 ->  Hash  (cost=2569.73..2569.73 rows=31 width=4) (actual time=11.116..11.117 rows=31 loops=1)
                                       Buckets: 1024  Batches: 1  Memory Usage: 10kB
                                       Buffers: shared hit=1474
                                       ->  Seq Scan on date_dim  (cost=0.00..2569.73 rows=31 width=4) (actual time=5.594..11.108 rows=31 loops=1)
                                             Filter: ((d_year = 2001) AND (d_moy = 10))
                                             Rows Removed by Filter: 73018
                                             Buffers: shared hit=1474
                           ->  Hash  (cost=16906.00..16906.00 rows=21848 width=12) (actual time=111.738..111.739 rows=21811 loops=1)
                                 Buckets: 32768  Batches: 1  Memory Usage: 1193kB
                                 Buffers: shared hit=14124 read=232
                                 ->  Seq Scan on item  (cost=0.00..16906.00 rows=21848 width=12) (actual time=0.028..108.189 rows=21811 loops=1)
                                       Filter: (i_category = 'Sports'::bpchar)
                                       Rows Removed by Filter: 182189
                                       Buffers: shared hit=14124 read=232
                     ->  Index Scan using customer_pkey on customer  (cost=0.43..7.65 rows=1 width=8) (actual time=0.017..0.017 rows=0 loops=46972)
                           Index Cond: (c_customer_sk = store_sales.ss_customer_sk)
                           Filter: (c_birth_month = 4)
                           Rows Removed by Filter: 1
                           Buffers: shared hit=185532 read=24
               ->  Index Scan using customer_address_pkey on customer_address  (cost=0.42..7.65 rows=1 width=15) (actual time=0.017..0.017 rows=0 loops=7645)
                     Index Cond: (ca_address_sk = customer.c_current_addr_sk)
                     Filter: (ca_state = 'TX'::bpchar)
                     Rows Removed by Filter: 1
                     Buffers: shared hit=26548 read=4032
         ->  Hash  (cost=22.02..22.02 rows=402 width=15) (actual time=0.376..0.377 rows=402 loops=1)
               Buckets: 1024  Batches: 1  Memory Usage: 27kB
               Buffers: shared hit=18
               ->  Seq Scan on store  (cost=0.00..22.02 rows=402 width=15) (actual time=0.014..0.319 rows=402 loops=1)
                     Buffers: shared hit=18
 Planning:
   Buffers: shared hit=460
 Planning Time: 1.984 ms
 Execution Time: 70375.650 ms
(54 rows)

