                                                                            QUERY PLAN                                                                            
------------------------------------------------------------------------------------------------------------------------------------------------------------------
 Aggregate  (cost=9669594.14..9669594.15 rows=1 width=40) (actual time=72713.711..72713.717 rows=1 loops=1)
   Buffers: shared hit=337364 read=5138026
   ->  Nested Loop  (cost=19643.36..9669594.12 rows=3 width=14) (actual time=62629.175..72713.550 rows=240 loops=1)
         Join Filter: ("substring"((customer_address.ca_zip)::text, 1, 5) <> "substring"((store.s_zip)::text, 1, 5))
         Rows Removed by Join Filter: 2
         Buffers: shared hit=337364 read=5138026
         ->  Nested Loop  (cost=19643.21..9669576.89 rows=3 width=29) (actual time=62629.155..72710.871 rows=244 loops=1)
               Buffers: shared hit=336882 read=5138024
               ->  Nested Loop  (cost=19642.79..9667664.71 rows=250 width=22) (actual time=62627.595..72505.318 rows=10593 loops=1)
                     Buffers: shared hit=301798 read=5130736
                     ->  Hash Join  (cost=19642.36..9656273.37 rows=1489 width=22) (actual time=62626.441..71359.065 rows=63573 loops=1)
                           Hash Cond: (store_sales.ss_item_sk = item.i_item_sk)
                           Buffers: shared hit=56039 read=5125343
                           ->  Hash Join  (cost=2570.10..9639141.15 rows=22840 width=18) (actual time=62534.085..71185.930 rows=541822 loops=1)
                                 Hash Cond: (store_sales.ss_sold_date_sk = date_dim.d_date_sk)
                                 Buffers: shared hit=41683 read=5125343
                                 ->  Seq Scan on store_sales  (cost=0.00..9485539.52 rows=57532634 width=22) (actual time=0.051..67657.359 rows=57752041 loops=1)
                                       Filter: ((ss_wholesale_cost >= '79'::numeric) AND (ss_wholesale_cost <= '99'::numeric))
                                       Rows Removed by Filter: 230244983
                                       Buffers: shared hit=41642 read=5123910
                                 ->  Hash  (cost=2569.73..2569.73 rows=29 width=4) (actual time=24.840..24.841 rows=30 loops=1)
                                       Buckets: 1024  Batches: 1  Memory Usage: 10kB
                                       Buffers: shared hit=41 read=1433
                                       ->  Seq Scan on date_dim  (cost=0.00..2569.73 rows=29 width=4) (actual time=15.649..24.828 rows=30 loops=1)
                                             Filter: ((d_year = 2002) AND (d_moy = 11))
                                             Rows Removed by Filter: 73019
                                             Buffers: shared hit=41 read=1433
                           ->  Hash  (cost=16906.00..16906.00 rows=13301 width=12) (actual time=92.259..92.260 rows=13933 loops=1)
                                 Buckets: 16384  Batches: 1  Memory Usage: 727kB
                                 Buffers: shared hit=14356
                                 ->  Seq Scan on item  (cost=0.00..16906.00 rows=13301 width=12) (actual time=0.011..90.252 rows=13933 loops=1)
                                       Filter: (i_category = 'Men'::bpchar)
                                       Rows Removed by Filter: 190067
                                       Buffers: shared hit=14356
                     ->  Index Scan using customer_pkey on customer  (cost=0.43..7.65 rows=1 width=8) (actual time=0.018..0.018 rows=0 loops=63573)
                           Index Cond: (c_customer_sk = store_sales.ss_customer_sk)
                           Filter: (c_birth_month = 4)
                           Rows Removed by Filter: 1
                           Buffers: shared hit=245759 read=5393
               ->  Index Scan using customer_address_pkey on customer_address  (cost=0.42..7.65 rows=1 width=15) (actual time=0.019..0.019 rows=0 loops=10593)
                     Index Cond: (ca_address_sk = customer.c_current_addr_sk)
                     Filter: (ca_state = 'SC'::bpchar)
                     Rows Removed by Filter: 1
                     Buffers: shared hit=35084 read=7288
         ->  Index Scan using store_pkey on store  (cost=0.15..5.72 rows=1 width=15) (actual time=0.009..0.009 rows=1 loops=244)
               Index Cond: (s_store_sk = store_sales.ss_store_sk)
               Buffers: shared hit=482 read=2
 Planning:
   Buffers: shared hit=460
 Planning Time: 5.822 ms
 Execution Time: 72714.200 ms
(51 rows)

