                                                                            QUERY PLAN                                                                            
------------------------------------------------------------------------------------------------------------------------------------------------------------------
 Aggregate  (cost=9763933.65..9763933.66 rows=1 width=40) (actual time=79856.633..79856.638 rows=1 loops=1)
   Buffers: shared hit=498210 read=5129418
   ->  Nested Loop  (cost=19688.65..9763933.63 rows=2 width=14) (actual time=13669.722..79856.521 rows=59 loops=1)
         Join Filter: ("substring"((customer_address.ca_zip)::text, 1, 5) <> "substring"((store.s_zip)::text, 1, 5))
         Buffers: shared hit=498210 read=5129418
         ->  Nested Loop  (cost=19688.50..9763922.14 rows=2 width=29) (actual time=13669.700..79855.919 rows=59 loops=1)
               Buffers: shared hit=498093 read=5129417
               ->  Nested Loop  (cost=19688.08..9763225.50 rows=91 width=22) (actual time=13665.406..79813.127 rows=3507 loops=1)
                     Buffers: shared hit=485706 read=5127776
                     ->  Hash Join  (cost=19687.65..9741353.22 rows=2859 width=22) (actual time=13659.082..78774.378 rows=109351 loops=1)
                           Hash Cond: (store_sales.ss_item_sk = item.i_item_sk)
                           Buffers: shared hit=54472 read=5126910
                           ->  Hash Join  (cost=2570.08..9724145.19 rows=34464 width=18) (actual time=13483.027..78328.958 rows=2597382 loops=1)
                                 Hash Cond: (store_sales.ss_sold_date_sk = date_dim.d_date_sk)
                                 Buffers: shared hit=40948 read=5126078
                                 ->  Seq Scan on store_sales  (cost=0.00..9485539.52 rows=89913339 width=22) (actual time=0.055..72813.160 rows=89530603 loops=1)
                                       Filter: ((ss_wholesale_cost >= '57'::numeric) AND (ss_wholesale_cost <= '77'::numeric))
                                       Rows Removed by Filter: 198466421
                                       Buffers: shared hit=39474 read=5126078
                                 ->  Hash  (cost=2569.73..2569.73 rows=28 width=4) (actual time=32.527..32.528 rows=28 loops=1)
                                       Buckets: 1024  Batches: 1  Memory Usage: 9kB
                                       Buffers: shared hit=1474
                                       ->  Seq Scan on date_dim  (cost=0.00..2569.73 rows=28 width=4) (actual time=19.599..32.516 rows=28 loops=1)
                                             Filter: ((d_year = 1999) AND (d_moy = 2))
                                             Rows Removed by Filter: 73021
                                             Buffers: shared hit=1474
                           ->  Hash  (cost=16906.00..16906.00 rows=16925 width=12) (actual time=121.871..121.871 rows=17141 loops=1)
                                 Buckets: 32768  Batches: 1  Memory Usage: 993kB
                                 Buffers: shared hit=13524 read=832
                                 ->  Seq Scan on item  (cost=0.00..16906.00 rows=16925 width=12) (actual time=0.017..118.891 rows=17141 loops=1)
                                       Filter: (i_category = 'Home'::bpchar)
                                       Rows Removed by Filter: 186859
                                       Buffers: shared hit=13524 read=832
                     ->  Index Scan using customer_pkey on customer  (cost=0.43..7.65 rows=1 width=8) (actual time=0.009..0.009 rows=0 loops=109351)
                           Index Cond: (c_customer_sk = store_sales.ss_customer_sk)
                           Filter: (c_birth_month = 6)
                           Rows Removed by Filter: 1
                           Buffers: shared hit=431234 read=866
               ->  Index Scan using customer_address_pkey on customer_address  (cost=0.42..7.66 rows=1 width=15) (actual time=0.012..0.012 rows=0 loops=3507)
                     Index Cond: (ca_address_sk = customer.c_current_addr_sk)
                     Filter: (ca_state = 'MN'::bpchar)
                     Rows Removed by Filter: 1
                     Buffers: shared hit=12387 read=1641
         ->  Index Scan using store_pkey on store  (cost=0.15..5.72 rows=1 width=15) (actual time=0.006..0.006 rows=1 loops=59)
               Index Cond: (s_store_sk = store_sales.ss_store_sk)
               Buffers: shared hit=117 read=1
 Planning:
   Buffers: shared hit=460
 Planning Time: 4.427 ms
 Execution Time: 79857.141 ms
(50 rows)

