                                                                            QUERY PLAN                                                                            
------------------------------------------------------------------------------------------------------------------------------------------------------------------
 Aggregate  (cost=9661212.39..9661212.40 rows=1 width=40) (actual time=77282.218..77282.223 rows=1 loops=1)
   Buffers: shared hit=79966 read=5123074
   ->  Nested Loop  (cost=16953.88..9661212.38 rows=1 width=14) (actual time=54280.275..77282.203 rows=6 loops=1)
         Join Filter: ("substring"((customer_address.ca_zip)::text, 1, 5) <> "substring"((store.s_zip)::text, 1, 5))
         Buffers: shared hit=79966 read=5123074
         ->  Nested Loop  (cost=16953.73..9661206.64 rows=1 width=29) (actual time=54280.257..77282.124 rows=6 loops=1)
               Buffers: shared hit=79954 read=5123074
               ->  Nested Loop  (cost=16953.31..9660770.66 rows=57 width=22) (actual time=54125.156..77274.438 rows=602 loops=1)
                     Buffers: shared hit=77891 read=5122729
                     ->  Nested Loop  (cost=16952.88..9658161.90 rows=341 width=22) (actual time=54125.119..77230.158 rows=3671 loops=1)
                           Buffers: shared hit=63425 read=5122687
                           ->  Hash Join  (cost=16952.58..9621992.63 rows=831465 width=26) (actual time=133.754..77063.416 rows=406212 loops=1)
                                 Hash Cond: (store_sales.ss_item_sk = item.i_item_sk)
                                 Buffers: shared hit=57221 read=5122687
                                 ->  Seq Scan on store_sales  (cost=0.00..9485539.52 rows=45523068 width=22) (actual time=0.060..72743.086 rows=45442997 loops=1)
                                       Filter: ((ss_wholesale_cost >= '36'::numeric) AND (ss_wholesale_cost <= '56'::numeric))
                                       Rows Removed by Filter: 242554027
                                       Buffers: shared hit=43071 read=5122481
                                 ->  Hash  (cost=16906.00..16906.00 rows=3726 width=12) (actual time=133.535..133.536 rows=3713 loops=1)
                                       Buckets: 4096  Batches: 1  Memory Usage: 192kB
                                       Buffers: shared hit=14150 read=206
                                       ->  Seq Scan on item  (cost=0.00..16906.00 rows=3726 width=12) (actual time=0.101..132.733 rows=3713 loops=1)
                                             Filter: (i_category = 'Music'::bpchar)
                                             Rows Removed by Filter: 200287
                                             Buffers: shared hit=14150 read=206
                           ->  Memoize  (cost=0.30..7.51 rows=1 width=4) (actual time=0.000..0.000 rows=0 loops=406212)
                                 Cache Key: store_sales.ss_sold_date_sk
                                 Cache Mode: logical
                                 Hits: 404143  Misses: 2069  Evictions: 0  Overflows: 0  Memory Usage: 139kB
                                 Buffers: shared hit=6204
                                 ->  Index Scan using date_dim_pkey on date_dim  (cost=0.29..7.50 rows=1 width=4) (actual time=0.014..0.014 rows=0 loops=2069)
                                       Index Cond: (d_date_sk = store_sales.ss_sold_date_sk)
                                       Filter: ((d_year = 2001) AND (d_moy = 9))
                                       Rows Removed by Filter: 1
                                       Buffers: shared hit=6204
                     ->  Index Scan using customer_pkey on customer  (cost=0.43..7.65 rows=1 width=8) (actual time=0.012..0.012 rows=0 loops=3671)
                           Index Cond: (c_customer_sk = store_sales.ss_customer_sk)
                           Filter: (c_birth_month = 4)
                           Rows Removed by Filter: 1
                           Buffers: shared hit=14466 read=42
               ->  Index Scan using customer_address_pkey on customer_address  (cost=0.42..7.65 rows=1 width=15) (actual time=0.012..0.012 rows=0 loops=602)
                     Index Cond: (ca_address_sk = customer.c_current_addr_sk)
                     Filter: (ca_state = 'NY'::bpchar)
                     Rows Removed by Filter: 1
                     Buffers: shared hit=2063 read=345
         ->  Index Scan using store_pkey on store  (cost=0.15..5.72 rows=1 width=15) (actual time=0.008..0.008 rows=1 loops=6)
               Index Cond: (s_store_sk = store_sales.ss_store_sk)
               Buffers: shared hit=12
 Planning:
   Buffers: shared hit=460
 Planning Time: 4.845 ms
 Execution Time: 77282.869 ms
(52 rows)

