                                                                            QUERY PLAN                                                                            
------------------------------------------------------------------------------------------------------------------------------------------------------------------
 Aggregate  (cost=9747925.53..9747925.54 rows=1 width=40) (actual time=80685.391..80685.397 rows=1 loops=1)
   Buffers: shared hit=797837 read=5152735
   ->  Hash Join  (cost=19641.47..9747925.47 rows=8 width=14) (actual time=49842.271..80684.988 rows=463 loops=1)
         Hash Cond: (store_sales.ss_store_sk = store.s_store_sk)
         Join Filter: ("substring"((customer_address.ca_zip)::text, 1, 5) <> "substring"((store.s_zip)::text, 1, 5))
         Rows Removed by Join Filter: 7
         Buffers: shared hit=797837 read=5152735
         ->  Nested Loop  (cost=19614.42..9747898.40 rows=8 width=29) (actual time=49840.971..80682.677 rows=475 loops=1)
               Buffers: shared hit=797820 read=5152734
               ->  Nested Loop  (cost=19614.00..9745381.98 rows=329 width=22) (actual time=49839.818..80196.264 rows=27849 loops=1)
                     Buffers: shared hit=699349 read=5139809
                     ->  Hash Join  (cost=19613.57..9730372.04 rows=1962 width=22) (actual time=49839.778..77625.446 rows=166511 loops=1)
                           Hash Cond: (store_sales.ss_item_sk = item.i_item_sk)
                           Buffers: shared hit=41955 read=5139427
                           ->  Hash Join  (cost=2570.12..9713233.06 rows=36393 width=18) (actual time=49739.246..77215.543 rows=2430554 loops=1)
                                 Hash Cond: (store_sales.ss_sold_date_sk = date_dim.d_date_sk)
                                 Buffers: shared hit=28895 read=5138131
                                 ->  Seq Scan on store_sales  (cost=0.00..9485539.52 rows=85756551 width=22) (actual time=0.595..71936.840 rows=85367142 loops=1)
                                       Filter: ((ss_wholesale_cost >= '62'::numeric) AND (ss_wholesale_cost <= '82'::numeric))
                                       Rows Removed by Filter: 202629882
                                       Buffers: shared hit=27939 read=5137613
                                 ->  Hash  (cost=2569.73..2569.73 rows=31 width=4) (actual time=22.050..22.051 rows=31 loops=1)
                                       Buckets: 1024  Batches: 1  Memory Usage: 10kB
                                       Buffers: shared hit=956 read=518
                                       ->  Seq Scan on date_dim  (cost=0.00..2569.73 rows=31 width=4) (actual time=11.878..22.039 rows=31 loops=1)
                                             Filter: ((d_year = 2001) AND (d_moy = 7))
                                             Rows Removed by Filter: 73018
                                             Buffers: shared hit=956 read=518
                           ->  Hash  (cost=16906.00..16906.00 rows=10996 width=12) (actual time=100.402..100.403 rows=11037 loops=1)
                                 Buckets: 16384  Batches: 1  Memory Usage: 603kB
                                 Buffers: shared hit=13060 read=1296
                                 ->  Seq Scan on item  (cost=0.00..16906.00 rows=10996 width=12) (actual time=0.030..98.710 rows=11037 loops=1)
                                       Filter: (i_category = 'Women'::bpchar)
                                       Rows Removed by Filter: 192963
                                       Buffers: shared hit=13060 read=1296
                     ->  Index Scan using customer_pkey on customer  (cost=0.43..7.65 rows=1 width=8) (actual time=0.015..0.015 rows=0 loops=166511)
                           Index Cond: (c_customer_sk = store_sales.ss_customer_sk)
                           Filter: (c_birth_month = 4)
                           Rows Removed by Filter: 1
                           Buffers: shared hit=657394 read=382
               ->  Index Scan using customer_address_pkey on customer_address  (cost=0.42..7.65 rows=1 width=15) (actual time=0.017..0.017 rows=0 loops=27849)
                     Index Cond: (ca_address_sk = customer.c_current_addr_sk)
                     Filter: (ca_state = 'OK'::bpchar)
                     Rows Removed by Filter: 1
                     Buffers: shared hit=98471 read=12925
         ->  Hash  (cost=22.02..22.02 rows=402 width=15) (actual time=1.267..1.268 rows=402 loops=1)
               Buckets: 1024  Batches: 1  Memory Usage: 27kB
               Buffers: shared hit=17 read=1
               ->  Seq Scan on store  (cost=0.00..22.02 rows=402 width=15) (actual time=0.031..1.112 rows=402 loops=1)
                     Buffers: shared hit=17 read=1
 Planning:
   Buffers: shared hit=460
 Planning Time: 5.104 ms
 Execution Time: 80685.923 ms
(54 rows)

