                                                                            QUERY PLAN                                                                            
------------------------------------------------------------------------------------------------------------------------------------------------------------------
 Aggregate  (cost=9668217.27..9668217.28 rows=1 width=40) (actual time=78124.305..78124.311 rows=1 loops=1)
   Buffers: shared hit=525162 read=5129358
   ->  Nested Loop  (cost=19790.26..9668217.24 rows=4 width=14) (actual time=20851.161..78124.201 rows=68 loops=1)
         Join Filter: ("substring"((customer_address.ca_zip)::text, 1, 5) <> "substring"((store.s_zip)::text, 1, 5))
         Rows Removed by Join Filter: 1
         Buffers: shared hit=525162 read=5129358
         ->  Nested Loop  (cost=19790.11..9668194.27 rows=4 width=29) (actual time=20851.146..78123.044 rows=69 loops=1)
               Buffers: shared hit=525027 read=5129355
               ->  Nested Loop  (cost=19789.69..9667512.94 rows=89 width=22) (actual time=20850.982..78054.616 rows=3810 loops=1)
                     Buffers: shared hit=511383 read=5127759
                     ->  Hash Join  (cost=19789.26..9646137.90 rows=2794 width=22) (actual time=20849.200..76446.456 rows=115808 loops=1)
                           Hash Cond: (store_sales.ss_item_sk = item.i_item_sk)
                           Buffers: shared hit=53883 read=5127499
                           ->  Hash Join  (cost=2570.12..9628859.04 rows=22753 width=18) (actual time=20736.575..76144.485 rows=1316922 loops=1)
                                 Hash Cond: (store_sales.ss_sold_date_sk = date_dim.d_date_sk)
                                 Buffers: shared hit=39798 read=5127228
                                 ->  Seq Scan on store_sales  (cost=0.00..9485539.52 rows=53615846 width=22) (actual time=0.097..72745.496 rows=54283934 loops=1)
                                       Filter: ((ss_wholesale_cost >= '0'::numeric) AND (ss_wholesale_cost <= '20'::numeric))
                                       Rows Removed by Filter: 233713090
                                       Buffers: shared hit=38388 read=5127164
                                 ->  Hash  (cost=2569.73..2569.73 rows=31 width=4) (actual time=21.729..21.730 rows=31 loops=1)
                                       Buckets: 1024  Batches: 1  Memory Usage: 10kB
                                       Buffers: shared hit=1410 read=64
                                       ->  Seq Scan on date_dim  (cost=0.00..2569.73 rows=31 width=4) (actual time=11.406..21.717 rows=31 loops=1)
                                             Filter: ((d_year = 1999) AND (d_moy = 8))
                                             Rows Removed by Filter: 73018
                                             Buffers: shared hit=1410 read=64
                           ->  Hash  (cost=16906.00..16906.00 rows=25051 width=12) (actual time=112.448..112.449 rows=24688 loops=1)
                                 Buckets: 32768  Batches: 1  Memory Usage: 1317kB
                                 Buffers: shared hit=14085 read=271
                                 ->  Seq Scan on item  (cost=0.00..16906.00 rows=25051 width=12) (actual time=0.013..108.135 rows=24688 loops=1)
                                       Filter: (i_category = 'Books'::bpchar)
                                       Rows Removed by Filter: 179312
                                       Buffers: shared hit=14085 read=271
                     ->  Index Scan using customer_pkey on customer  (cost=0.43..7.65 rows=1 width=8) (actual time=0.014..0.014 rows=0 loops=115808)
                           Index Cond: (c_customer_sk = store_sales.ss_customer_sk)
                           Filter: (c_birth_month = 6)
                           Rows Removed by Filter: 1
                           Buffers: shared hit=457500 read=260
               ->  Index Scan using customer_address_pkey on customer_address  (cost=0.42..7.66 rows=1 width=15) (actual time=0.018..0.018 rows=0 loops=3810)
                     Index Cond: (ca_address_sk = customer.c_current_addr_sk)
                     Filter: (ca_state = 'KY'::bpchar)
                     Rows Removed by Filter: 1
                     Buffers: shared hit=13644 read=1596
         ->  Index Scan using store_pkey on store  (cost=0.15..5.72 rows=1 width=15) (actual time=0.012..0.012 rows=1 loops=69)
               Index Cond: (s_store_sk = store_sales.ss_store_sk)
               Buffers: shared hit=135 read=3
 Planning:
   Buffers: shared hit=460
 Planning Time: 6.594 ms
 Execution Time: 78125.013 ms
(51 rows)

