                                                                            QUERY PLAN                                                                            
------------------------------------------------------------------------------------------------------------------------------------------------------------------
 Aggregate  (cost=9634783.05..9634783.06 rows=1 width=40) (actual time=76241.884..76241.889 rows=1 loops=1)
   Buffers: shared hit=213181 read=5124189
   ->  Nested Loop  (cost=19811.92..9634783.03 rows=3 width=14) (actual time=41663.606..76241.857 rows=12 loops=1)
         Join Filter: ("substring"((customer_address.ca_zip)::text, 1, 5) <> "substring"((store.s_zip)::text, 1, 5))
         Rows Removed by Join Filter: 2
         Buffers: shared hit=213181 read=5124189
         ->  Nested Loop  (cost=19811.78..9634765.80 rows=3 width=29) (actual time=41663.588..76241.703 rows=14 loops=1)
               Buffers: shared hit=213153 read=5124189
               ->  Nested Loop  (cost=19811.35..9633908.71 rows=112 width=22) (actual time=41642.180..76209.847 rows=1794 loops=1)
                     Buffers: shared hit=207024 read=5123142
                     ->  Hash Join  (cost=19810.92..9616458.28 rows=2281 width=22) (actual time=41640.646..75667.701 rows=37606 loops=1)
                           Hash Cond: (store_sales.ss_item_sk = item.i_item_sk)
                           Buffers: shared hit=58321 read=5123061
                           ->  Hash Join  (cost=2570.11..9599171.86 rows=17375 width=18) (actual time=41537.339..75508.386 rows=349545 loops=1)
                                 Hash Cond: (store_sales.ss_sold_date_sk = date_dim.d_date_sk)
                                 Buffers: shared hit=44274 read=5122752
                                 ->  Seq Scan on store_sales  (cost=0.00..9485539.52 rows=42307078 width=22) (actual time=0.898..72831.024 rows=43022880 loops=1)
                                       Filter: ((ss_wholesale_cost >= '3'::numeric) AND (ss_wholesale_cost <= '23'::numeric))
                                       Rows Removed by Filter: 244974144
                                       Buffers: shared hit=42800 read=5122752
                                 ->  Hash  (cost=2569.73..2569.73 rows=30 width=4) (actual time=19.867..19.868 rows=31 loops=1)
                                       Buckets: 1024  Batches: 1  Memory Usage: 10kB
                                       Buffers: shared hit=1474
                                       ->  Seq Scan on date_dim  (cost=0.00..2569.73 rows=30 width=4) (actual time=10.934..19.853 rows=31 loops=1)
                                             Filter: ((d_year = 2001) AND (d_moy = 1))
                                             Rows Removed by Filter: 73018
                                             Buffers: shared hit=1474
                           ->  Hash  (cost=16906.00..16906.00 rows=26785 width=12) (actual time=103.124..103.125 rows=26695 loops=1)
                                 Buckets: 32768  Batches: 1  Memory Usage: 1403kB
                                 Buffers: shared hit=14047 read=309
                                 ->  Seq Scan on item  (cost=0.00..16906.00 rows=26785 width=12) (actual time=0.022..99.336 rows=26695 loops=1)
                                       Filter: (i_category = 'Children'::bpchar)
                                       Rows Removed by Filter: 177305
                                       Buffers: shared hit=14047 read=309
                     ->  Index Scan using customer_pkey on customer  (cost=0.43..7.65 rows=1 width=8) (actual time=0.014..0.014 rows=0 loops=37606)
                           Index Cond: (c_customer_sk = store_sales.ss_customer_sk)
                           Filter: (c_birth_month = 7)
                           Rows Removed by Filter: 1
                           Buffers: shared hit=148703 read=81
               ->  Index Scan using customer_address_pkey on customer_address  (cost=0.42..7.65 rows=1 width=15) (actual time=0.018..0.018 rows=0 loops=1794)
                     Index Cond: (ca_address_sk = customer.c_current_addr_sk)
                     Filter: (ca_state = 'AR'::bpchar)
                     Rows Removed by Filter: 1
                     Buffers: shared hit=6129 read=1047
         ->  Index Scan using store_pkey on store  (cost=0.15..5.72 rows=1 width=15) (actual time=0.006..0.007 rows=1 loops=14)
               Index Cond: (s_store_sk = store_sales.ss_store_sk)
               Buffers: shared hit=28
 Planning:
   Buffers: shared hit=460
 Planning Time: 4.428 ms
 Execution Time: 76242.335 ms
(51 rows)

