                                                                             QUERY PLAN                                                                              
---------------------------------------------------------------------------------------------------------------------------------------------------------------------
 Aggregate  (cost=9765177.63..9765177.64 rows=1 width=40) (actual time=83911.076..83911.082 rows=1 loops=1)
   Buffers: shared hit=2203848 read=5145270
   ->  Nested Loop  (cost=2571.53..9765177.59 rows=5 width=14) (actual time=20566.265..83910.955 rows=47 loops=1)
         Join Filter: ("substring"((customer_address.ca_zip)::text, 1, 5) <> "substring"((store.s_zip)::text, 1, 5))
         Rows Removed by Join Filter: 1
         Buffers: shared hit=2203848 read=5145270
         ->  Nested Loop  (cost=2571.38..9765148.88 rows=5 width=29) (actual time=20566.231..83910.159 rows=48 loops=1)
               Buffers: shared hit=2203753 read=5145269
               ->  Nested Loop  (cost=2570.96..9764560.93 rows=77 width=25) (actual time=20297.375..83891.631 rows=694 loops=1)
                     Buffers: shared hit=2200977 read=5145269
                     ->  Nested Loop  (cost=2570.54..9752527.03 rows=1573 width=18) (actual time=20296.329..82810.736 rows=40971 loops=1)
                           Buffers: shared hit=2046668 read=5135694
                           ->  Hash Join  (cost=2570.11..9608471.14 rows=18830 width=18) (actual time=20271.659..70480.747 rows=509970 loops=1)
                                 Hash Cond: (store_sales.ss_sold_date_sk = date_dim.d_date_sk)
                                 Buffers: shared hit=31885 read=5135141
                                 ->  Seq Scan on store_sales  (cost=0.00..9485539.52 rows=45849467 width=22) (actual time=0.383..67430.050 rows=46160898 loops=1)
                                       Filter: ((ss_wholesale_cost >= '80'::numeric) AND (ss_wholesale_cost <= '100'::numeric))
                                       Rows Removed by Filter: 241836126
                                       Buffers: shared hit=30411 read=5135141
                                 ->  Hash  (cost=2569.73..2569.73 rows=30 width=4) (actual time=15.292..15.294 rows=30 loops=1)
                                       Buckets: 1024  Batches: 1  Memory Usage: 10kB
                                       Buffers: shared hit=1474
                                       ->  Seq Scan on date_dim  (cost=0.00..2569.73 rows=30 width=4) (actual time=6.827..15.281 rows=30 loops=1)
                                             Filter: ((d_year = 1999) AND (d_moy = 9))
                                             Rows Removed by Filter: 73019
                                             Buffers: shared hit=1474
                           ->  Index Scan using customer_pkey on customer  (cost=0.43..7.65 rows=1 width=8) (actual time=0.024..0.024 rows=0 loops=509970)
                                 Index Cond: (c_customer_sk = store_sales.ss_customer_sk)
                                 Filter: (c_birth_month = 11)
                                 Rows Removed by Filter: 1
                                 Buffers: shared hit=2014783 read=553
                     ->  Index Scan using customer_address_pkey on customer_address  (cost=0.42..7.65 rows=1 width=15) (actual time=0.026..0.026 rows=0 loops=40971)
                           Index Cond: (ca_address_sk = customer.c_current_addr_sk)
                           Filter: (ca_state = 'VA'::bpchar)
                           Rows Removed by Filter: 1
                           Buffers: shared hit=154309 read=9575
               ->  Index Scan using item_pkey on item  (cost=0.42..7.64 rows=1 width=12) (actual time=0.026..0.026 rows=0 loops=694)
                     Index Cond: (i_item_sk = store_sales.ss_item_sk)
                     Filter: (i_category = 'Men'::bpchar)
                     Rows Removed by Filter: 1
                     Buffers: shared hit=2776
         ->  Index Scan using store_pkey on store  (cost=0.15..5.72 rows=1 width=15) (actual time=0.010..0.010 rows=1 loops=48)
               Index Cond: (s_store_sk = store_sales.ss_store_sk)
               Buffers: shared hit=95 read=1
 Planning:
   Buffers: shared hit=460
 Planning Time: 2.260 ms
 Execution Time: 83911.342 ms
(48 rows)

