                                                                             QUERY PLAN                                                                              
---------------------------------------------------------------------------------------------------------------------------------------------------------------------
 Aggregate  (cost=9735765.46..9735765.47 rows=1 width=40) (actual time=93162.277..93162.282 rows=1 loops=1)
   Buffers: shared hit=2771322 read=5145928
   ->  Nested Loop  (cost=2571.50..9735765.46 rows=1 width=14) (actual time=2063.289..93162.254 rows=8 loops=1)
         Join Filter: ("substring"((customer_address.ca_zip)::text, 1, 5) <> "substring"((store.s_zip)::text, 1, 5))
         Buffers: shared hit=2771322 read=5145928
         ->  Nested Loop  (cost=2571.36..9735759.71 rows=1 width=29) (actual time=2063.262..93162.113 rows=8 loops=1)
               Buffers: shared hit=2771306 read=5145928
               ->  Nested Loop  (cost=2570.94..9735507.74 rows=33 width=25) (actual time=1701.060..93139.283 rows=869 loops=1)
                     Buffers: shared hit=2767830 read=5145928
                     ->  Nested Loop  (cost=2570.51..9723229.78 rows=1605 width=18) (actual time=1689.485..91692.854 rows=61043 loops=1)
                           Buffers: shared hit=2530216 read=5139370
                           ->  Hash Join  (cost=2570.08..9599171.84 rows=16216 width=18) (actual time=1689.439..77066.585 rows=633301 loops=1)
                                 Hash Cond: (store_sales.ss_sold_date_sk = date_dim.d_date_sk)
                                 Buffers: shared hit=27829 read=5139197
                                 ->  Seq Scan on store_sales  (cost=0.00..9485539.52 rows=42307078 width=22) (actual time=2.211..74152.525 rows=43022880 loops=1)
                                       Filter: ((ss_wholesale_cost >= '2'::numeric) AND (ss_wholesale_cost <= '22'::numeric))
                                       Rows Removed by Filter: 244974144
                                       Buffers: shared hit=26482 read=5139070
                                 ->  Hash  (cost=2569.73..2569.73 rows=28 width=4) (actual time=21.781..21.782 rows=28 loops=1)
                                       Buckets: 1024  Batches: 1  Memory Usage: 9kB
                                       Buffers: shared hit=1347 read=127
                                       ->  Seq Scan on date_dim  (cost=0.00..2569.73 rows=28 width=4) (actual time=13.186..21.771 rows=28 loops=1)
                                             Filter: ((d_year = 1998) AND (d_moy = 2))
                                             Rows Removed by Filter: 73021
                                             Buffers: shared hit=1347 read=127
                           ->  Index Scan using customer_pkey on customer  (cost=0.43..7.65 rows=1 width=8) (actual time=0.023..0.023 rows=0 loops=633301)
                                 Index Cond: (c_customer_sk = store_sales.ss_customer_sk)
                                 Filter: (c_birth_month = 1)
                                 Rows Removed by Filter: 1
                                 Buffers: shared hit=2502387 read=173
                     ->  Index Scan using customer_address_pkey on customer_address  (cost=0.42..7.65 rows=1 width=15) (actual time=0.023..0.023 rows=0 loops=61043)
                           Index Cond: (ca_address_sk = customer.c_current_addr_sk)
                           Filter: (ca_state = 'WI'::bpchar)
                           Rows Removed by Filter: 1
                           Buffers: shared hit=237614 read=6558
               ->  Index Scan using item_pkey on item  (cost=0.42..7.64 rows=1 width=12) (actual time=0.026..0.026 rows=0 loops=869)
                     Index Cond: (i_item_sk = store_sales.ss_item_sk)
                     Filter: (i_category = 'Jewelry'::bpchar)
                     Rows Removed by Filter: 1
                     Buffers: shared hit=3476
         ->  Index Scan using store_pkey on store  (cost=0.15..5.72 rows=1 width=15) (actual time=0.010..0.010 rows=1 loops=8)
               Index Cond: (s_store_sk = store_sales.ss_store_sk)
               Buffers: shared hit=16
 Planning:
   Buffers: shared hit=460
 Planning Time: 4.699 ms
 Execution Time: 93162.769 ms
(47 rows)

