                                                                            QUERY PLAN                                                                            
------------------------------------------------------------------------------------------------------------------------------------------------------------------
 Aggregate  (cost=9728677.64..9728677.65 rows=1 width=40) (actual time=75509.744..75509.749 rows=1 loops=1)
   Buffers: shared hit=423559 read=5141387
   ->  Nested Loop  (cost=19643.37..9728677.62 rows=2 width=14) (actual time=28559.448..75509.644 rows=71 loops=1)
         Join Filter: ("substring"((customer_address.ca_zip)::text, 1, 5) <> "substring"((store.s_zip)::text, 1, 5))
         Rows Removed by Join Filter: 1
         Buffers: shared hit=423559 read=5141387
         ->  Nested Loop  (cost=19643.23..9728666.13 rows=2 width=29) (actual time=28559.429..75508.398 rows=72 loops=1)
               Buffers: shared hit=423415 read=5141387
               ->  Nested Loop  (cost=19642.80..9727877.92 rows=103 width=22) (actual time=28436.864..75424.631 rows=4315 loops=1)
                     Buffers: shared hit=406667 read=5140875
                     ->  Hash Join  (cost=19642.37..9711766.33 rows=2106 width=22) (actual time=28436.032..73783.695 rows=92695 loops=1)
                           Hash Cond: (store_sales.ss_item_sk = item.i_item_sk)
                           Buffers: shared hit=40513 read=5140869
                           ->  Hash Join  (cost=2570.11..9694609.27 rows=32305 width=18) (actual time=28315.595..73541.554 rows=827701 loops=1)
                                 Hash Cond: (store_sales.ss_sold_date_sk = date_dim.d_date_sk)
                                 Buffers: shared hit=33034 read=5133992
                                 ->  Seq Scan on store_sales  (cost=0.00..9485539.52 rows=78662172 width=22) (actual time=0.191..68883.177 rows=78419996 loops=1)
                                       Filter: ((ss_wholesale_cost >= '70'::numeric) AND (ss_wholesale_cost <= '90'::numeric))
                                       Rows Removed by Filter: 209577028
                                       Buffers: shared hit=31687 read=5133865
                                 ->  Hash  (cost=2569.73..2569.73 rows=30 width=4) (actual time=21.304..21.305 rows=30 loops=1)
                                       Buckets: 1024  Batches: 1  Memory Usage: 10kB
                                       Buffers: shared hit=1347 read=127
                                       ->  Seq Scan on date_dim  (cost=0.00..2569.73 rows=30 width=4) (actual time=12.087..21.291 rows=30 loops=1)
                                             Filter: ((d_year = 2000) AND (d_moy = 6))
                                             Rows Removed by Filter: 73019
                                             Buffers: shared hit=1347 read=127
                           ->  Hash  (cost=16906.00..16906.00 rows=13301 width=12) (actual time=120.339..120.339 rows=13933 loops=1)
                                 Buckets: 16384  Batches: 1  Memory Usage: 727kB
                                 Buffers: shared hit=7479 read=6877
                                 ->  Seq Scan on item  (cost=0.00..16906.00 rows=13301 width=12) (actual time=0.018..117.695 rows=13933 loops=1)
                                       Filter: (i_category = 'Men'::bpchar)
                                       Rows Removed by Filter: 190067
                                       Buffers: shared hit=7479 read=6877
                     ->  Index Scan using customer_pkey on customer  (cost=0.43..7.65 rows=1 width=8) (actual time=0.017..0.017 rows=0 loops=92695)
                           Index Cond: (c_customer_sk = store_sales.ss_customer_sk)
                           Filter: (c_birth_month = 7)
                           Rows Removed by Filter: 1
                           Buffers: shared hit=366154 read=6
               ->  Index Scan using customer_address_pkey on customer_address  (cost=0.42..7.65 rows=1 width=15) (actual time=0.019..0.019 rows=0 loops=4315)
                     Index Cond: (ca_address_sk = customer.c_current_addr_sk)
                     Filter: (ca_state = 'OK'::bpchar)
                     Rows Removed by Filter: 1
                     Buffers: shared hit=16748 read=512
         ->  Index Scan using store_pkey on store  (cost=0.15..5.72 rows=1 width=15) (actual time=0.013..0.013 rows=1 loops=72)
               Index Cond: (s_store_sk = store_sales.ss_store_sk)
               Buffers: shared hit=144
 Planning:
   Buffers: shared hit=460
 Planning Time: 4.671 ms
 Execution Time: 75510.270 ms
(51 rows)

