                                                                              QUERY PLAN                                                                              
----------------------------------------------------------------------------------------------------------------------------------------------------------------------
 Aggregate  (cost=9773082.57..9773082.58 rows=1 width=40) (actual time=101585.858..101585.863 rows=1 loops=1)
   Buffers: shared hit=4124955 read=5136415
   ->  Nested Loop  (cost=2571.54..9773082.54 rows=3 width=14) (actual time=64476.043..101585.689 rows=75 loops=1)
         Join Filter: ("substring"((customer_address.ca_zip)::text, 1, 5) <> "substring"((store.s_zip)::text, 1, 5))
         Rows Removed by Join Filter: 1
         Buffers: shared hit=4124955 read=5136415
         ->  Nested Loop  (cost=2571.39..9773065.31 rows=3 width=29) (actual time=64476.008..101583.128 rows=76 loops=1)
               Buffers: shared hit=4124804 read=5136414
               ->  Nested Loop  (cost=2570.97..9772691.17 rows=49 width=25) (actual time=64464.361..101518.412 rows=2335 loops=1)
                     Buffers: shared hit=4116330 read=5135548
                     ->  Nested Loop  (cost=2570.55..9755411.22 rows=2259 width=18) (actual time=64422.326..98813.480 rows=107811 loops=1)
                           Buffers: shared hit=3689069 read=5131565
                           ->  Hash Join  (cost=2570.12..9607614.32 rows=19319 width=18) (actual time=64422.218..76834.269 rows=924558 loops=1)
                                 Hash Cond: (store_sales.ss_sold_date_sk = date_dim.d_date_sk)
                                 Buffers: shared hit=35472 read=5131554
                                 ->  Seq Scan on store_sales  (cost=0.00..9485539.52 rows=45523068 width=22) (actual time=0.202..73664.211 rows=45442997 loops=1)
                                       Filter: ((ss_wholesale_cost >= '34'::numeric) AND (ss_wholesale_cost <= '54'::numeric))
                                       Rows Removed by Filter: 242554027
                                       Buffers: shared hit=34125 read=5131427
                                 ->  Hash  (cost=2569.73..2569.73 rows=31 width=4) (actual time=31.038..31.039 rows=31 loops=1)
                                       Buckets: 1024  Batches: 1  Memory Usage: 10kB
                                       Buffers: shared hit=1347 read=127
                                       ->  Seq Scan on date_dim  (cost=0.00..2569.73 rows=31 width=4) (actual time=18.575..31.026 rows=31 loops=1)
                                             Filter: ((d_year = 2002) AND (d_moy = 10))
                                             Rows Removed by Filter: 73018
                                             Buffers: shared hit=1347 read=127
                           ->  Index Scan using customer_pkey on customer  (cost=0.43..7.65 rows=1 width=8) (actual time=0.023..0.023 rows=0 loops=924558)
                                 Index Cond: (c_customer_sk = store_sales.ss_customer_sk)
                                 Filter: (c_birth_month = 8)
                                 Rows Removed by Filter: 1
                                 Buffers: shared hit=3653597 read=11
                     ->  Index Scan using customer_address_pkey on customer_address  (cost=0.42..7.65 rows=1 width=15) (actual time=0.025..0.025 rows=0 loops=107811)
                           Index Cond: (ca_address_sk = customer.c_current_addr_sk)
                           Filter: (ca_state = 'CO'::bpchar)
                           Rows Removed by Filter: 1
                           Buffers: shared hit=427261 read=3983
               ->  Index Scan using item_pkey on item  (cost=0.42..7.64 rows=1 width=12) (actual time=0.027..0.027 rows=0 loops=2335)
                     Index Cond: (i_item_sk = store_sales.ss_item_sk)
                     Filter: (i_category = 'Women'::bpchar)
                     Rows Removed by Filter: 1
                     Buffers: shared hit=8474 read=866
         ->  Index Scan using store_pkey on store  (cost=0.15..5.72 rows=1 width=15) (actual time=0.027..0.027 rows=1 loops=76)
               Index Cond: (s_store_sk = store_sales.ss_store_sk)
               Buffers: shared hit=151 read=1
 Planning:
   Buffers: shared hit=460
 Planning Time: 5.355 ms
 Execution Time: 101586.377 ms
(48 rows)

