                                                                            QUERY PLAN                                                                            
------------------------------------------------------------------------------------------------------------------------------------------------------------------
 Aggregate  (cost=9645446.94..9645446.95 rows=1 width=40) (actual time=79211.972..79211.979 rows=1 loops=1)
   Buffers: shared hit=890984 read=5158716
   ->  Nested Loop  (cost=2571.53..9645446.94 rows=1 width=14) (actual time=56833.908..79211.959 rows=3 loops=1)
         Join Filter: ("substring"((customer_address.ca_zip)::text, 1, 5) <> "substring"((store.s_zip)::text, 1, 5))
         Buffers: shared hit=890984 read=5158716
         ->  Nested Loop  (cost=2571.38..9645441.19 rows=1 width=29) (actual time=56833.868..79211.883 rows=3 loops=1)
               Buffers: shared hit=890978 read=5158716
               ->  Nested Loop  (cost=2570.96..9645127.50 rows=41 width=22) (actual time=56065.082..79200.451 rows=360 loops=1)
                     Buffers: shared hit=889560 read=5158694
                     ->  Nested Loop  (cost=2570.53..9640644.39 rows=586 width=22) (actual time=56064.965..79038.601 rows=5805 loops=1)
                           Buffers: shared hit=866573 read=5158693
                           ->  Hash Join  (cost=2570.11..9557614.88 rows=10874 width=18) (actual time=56064.287..74268.568 rows=214560 loops=1)
                                 Hash Cond: (store_sales.ss_sold_date_sk = date_dim.d_date_sk)
                                 Buffers: shared hit=29384 read=5137642
                                 ->  Seq Scan on store_sales  (cost=0.00..9485539.52 rows=26476724 width=22) (actual time=0.162..72422.230 rows=26847589 loops=1)
                                       Filter: ((ss_wholesale_cost >= '16'::numeric) AND (ss_wholesale_cost <= '36'::numeric))
                                       Rows Removed by Filter: 261149435
                                       Buffers: shared hit=28037 read=5137515
                                 ->  Hash  (cost=2569.73..2569.73 rows=30 width=4) (actual time=20.391..20.392 rows=30 loops=1)
                                       Buckets: 1024  Batches: 1  Memory Usage: 10kB
                                       Buffers: shared hit=1347 read=127
                                       ->  Seq Scan on date_dim  (cost=0.00..2569.73 rows=30 width=4) (actual time=11.701..20.379 rows=30 loops=1)
                                             Filter: ((d_year = 2002) AND (d_moy = 4))
                                             Rows Removed by Filter: 73019
                                             Buffers: shared hit=1347 read=127
                           ->  Index Scan using item_pkey on item  (cost=0.42..7.64 rows=1 width=12) (actual time=0.022..0.022 rows=0 loops=214560)
                                 Index Cond: (i_item_sk = store_sales.ss_item_sk)
                                 Filter: (i_category = 'Women'::bpchar)
                                 Rows Removed by Filter: 1
                                 Buffers: shared hit=837189 read=21051
                     ->  Index Scan using customer_pkey on customer  (cost=0.43..7.65 rows=1 width=8) (actual time=0.027..0.027 rows=0 loops=5805)
                           Index Cond: (c_customer_sk = store_sales.ss_customer_sk)
                           Filter: (c_birth_month = 12)
                           Rows Removed by Filter: 1
                           Buffers: shared hit=22987 read=1
               ->  Index Scan using customer_address_pkey on customer_address  (cost=0.42..7.65 rows=1 width=15) (actual time=0.031..0.031 rows=0 loops=360)
                     Index Cond: (ca_address_sk = customer.c_current_addr_sk)
                     Filter: (ca_state = 'MN'::bpchar)
                     Rows Removed by Filter: 1
                     Buffers: shared hit=1418 read=22
         ->  Index Scan using store_pkey on store  (cost=0.15..5.72 rows=1 width=15) (actual time=0.018..0.018 rows=1 loops=3)
               Index Cond: (s_store_sk = store_sales.ss_store_sk)
               Buffers: shared hit=6
 Planning:
   Buffers: shared hit=460
 Planning Time: 4.675 ms
 Execution Time: 79212.484 ms
(47 rows)

