                                                                            QUERY PLAN                                                                            
------------------------------------------------------------------------------------------------------------------------------------------------------------------
 Aggregate  (cost=9778749.07..9778749.08 rows=1 width=40) (actual time=79689.190..79689.196 rows=1 loops=1)
   Buffers: shared hit=379609 read=5135535
   ->  Nested Loop  (cost=19790.26..9778749.05 rows=2 width=14) (actual time=58741.097..79689.115 rows=43 loops=1)
         Join Filter: ("substring"((customer_address.ca_zip)::text, 1, 5) <> "substring"((store.s_zip)::text, 1, 5))
         Buffers: shared hit=379609 read=5135535
         ->  Nested Loop  (cost=19790.11..9778737.57 rows=2 width=29) (actual time=58741.077..79688.290 rows=43 loops=1)
               Buffers: shared hit=379524 read=5135534
               ->  Nested Loop  (cost=19789.69..9777313.95 rows=186 width=22) (actual time=58728.493..79627.068 rows=3163 loops=1)
                     Buffers: shared hit=367176 read=5135230
                     ->  Hash Join  (cost=19789.26..9741464.53 rows=4686 width=22) (actual time=58727.978..78254.882 rows=81237 loops=1)
                           Hash Cond: (store_sales.ss_item_sk = item.i_item_sk)
                           Buffers: shared hit=46152 read=5135230
                           ->  Hash Join  (cost=2570.12..9724145.23 rows=38157 width=18) (actual time=58600.486..77989.761 rows=919052 loops=1)
                                 Hash Cond: (store_sales.ss_sold_date_sk = date_dim.d_date_sk)
                                 Buffers: shared hit=32862 read=5134164
                                 ->  Seq Scan on store_sales  (cost=0.00..9485539.52 rows=89913339 width=22) (actual time=0.172..72684.974 rows=89530603 loops=1)
                                       Filter: ((ss_wholesale_cost >= '58'::numeric) AND (ss_wholesale_cost <= '78'::numeric))
                                       Rows Removed by Filter: 198466421
                                       Buffers: shared hit=31579 read=5133973
                                 ->  Hash  (cost=2569.73..2569.73 rows=31 width=4) (actual time=21.343..21.344 rows=31 loops=1)
                                       Buckets: 1024  Batches: 1  Memory Usage: 10kB
                                       Buffers: shared hit=1283 read=191
                                       ->  Seq Scan on date_dim  (cost=0.00..2569.73 rows=31 width=4) (actual time=12.029..21.331 rows=31 loops=1)
                                             Filter: ((d_year = 2002) AND (d_moy = 3))
                                             Rows Removed by Filter: 73018
                                             Buffers: shared hit=1283 read=191
                           ->  Hash  (cost=16906.00..16906.00 rows=25051 width=12) (actual time=127.346..127.347 rows=24688 loops=1)
                                 Buckets: 32768  Batches: 1  Memory Usage: 1317kB
                                 Buffers: shared hit=13290 read=1066
                                 ->  Seq Scan on item  (cost=0.00..16906.00 rows=25051 width=12) (actual time=0.021..123.220 rows=24688 loops=1)
                                       Filter: (i_category = 'Books'::bpchar)
                                       Rows Removed by Filter: 179312
                                       Buffers: shared hit=13290 read=1066
                     ->  Index Scan using customer_pkey on customer  (cost=0.43..7.65 rows=1 width=8) (actual time=0.017..0.017 rows=0 loops=81237)
                           Index Cond: (c_customer_sk = store_sales.ss_customer_sk)
                           Filter: (c_birth_month = 9)
                           Rows Removed by Filter: 1
                           Buffers: shared hit=321024
               ->  Index Scan using customer_address_pkey on customer_address  (cost=0.42..7.65 rows=1 width=15) (actual time=0.019..0.019 rows=0 loops=3163)
                     Index Cond: (ca_address_sk = customer.c_current_addr_sk)
                     Filter: (ca_state = 'WA'::bpchar)
                     Rows Removed by Filter: 1
                     Buffers: shared hit=12348 read=304
         ->  Index Scan using store_pkey on store  (cost=0.15..5.72 rows=1 width=15) (actual time=0.015..0.015 rows=1 loops=43)
               Index Cond: (s_store_sk = store_sales.ss_store_sk)
               Buffers: shared hit=85 read=1
 Planning:
   Buffers: shared hit=460
 Planning Time: 4.369 ms
 Execution Time: 79689.671 ms
(50 rows)

