                                                                            QUERY PLAN                                                                            
------------------------------------------------------------------------------------------------------------------------------------------------------------------
 Aggregate  (cost=9645519.74..9645519.75 rows=1 width=40) (actual time=69649.580..69649.586 rows=1 loops=1)
   Buffers: shared hit=239153 read=5133907
   ->  Hash Join  (cost=19817.15..9645519.69 rows=7 width=14) (actual time=26634.235..69649.452 rows=113 loops=1)
         Hash Cond: (store_sales.ss_store_sk = store.s_store_sk)
         Join Filter: ("substring"((customer_address.ca_zip)::text, 1, 5) <> "substring"((store.s_zip)::text, 1, 5))
         Buffers: shared hit=239153 read=5133907
         ->  Nested Loop  (cost=19790.10..9645492.63 rows=7 width=29) (actual time=26633.580..69648.520 rows=114 loops=1)
               Buffers: shared hit=239135 read=5133907
               ->  Nested Loop  (cost=19789.68..9643427.30 rows=270 width=22) (actual time=26626.680..69570.179 rows=4968 loops=1)
                     Buffers: shared hit=219808 read=5133362
                     ->  Hash Join  (cost=19789.25..9625739.71 rows=2312 width=22) (actual time=26626.496..68930.236 rows=43450 loops=1)
                           Hash Cond: (store_sales.ss_item_sk = item.i_item_sk)
                           Buffers: shared hit=48021 read=5133361
                           ->  Hash Join  (cost=2570.11..9608471.14 rows=18830 width=18) (actual time=26511.550..68736.233 rows=486968 loops=1)
                                 Hash Cond: (store_sales.ss_sold_date_sk = date_dim.d_date_sk)
                                 Buffers: shared hit=33895 read=5133131
                                 ->  Seq Scan on store_sales  (cost=0.00..9485539.52 rows=45849467 width=22) (actual time=0.813..65845.564 rows=46160898 loops=1)
                                       Filter: ((ss_wholesale_cost >= '80'::numeric) AND (ss_wholesale_cost <= '100'::numeric))
                                       Rows Removed by Filter: 241836126
                                       Buffers: shared hit=32548 read=5133004
                                 ->  Hash  (cost=2569.73..2569.73 rows=30 width=4) (actual time=20.620..20.621 rows=30 loops=1)
                                       Buckets: 1024  Batches: 1  Memory Usage: 10kB
                                       Buffers: shared hit=1347 read=127
                                       ->  Seq Scan on date_dim  (cost=0.00..2569.73 rows=30 width=4) (actual time=10.969..20.611 rows=30 loops=1)
                                             Filter: ((d_year = 2000) AND (d_moy = 6))
                                             Rows Removed by Filter: 73019
                                             Buffers: shared hit=1347 read=127
                           ->  Hash  (cost=16906.00..16906.00 rows=25051 width=12) (actual time=114.800..114.801 rows=24688 loops=1)
                                 Buckets: 32768  Batches: 1  Memory Usage: 1317kB
                                 Buffers: shared hit=14126 read=230
                                 ->  Seq Scan on item  (cost=0.00..16906.00 rows=25051 width=12) (actual time=0.023..111.104 rows=24688 loops=1)
                                       Filter: (i_category = 'Books'::bpchar)
                                       Rows Removed by Filter: 179312
                                       Buffers: shared hit=14126 read=230
                     ->  Index Scan using customer_pkey on customer  (cost=0.43..7.65 rows=1 width=8) (actual time=0.014..0.014 rows=0 loops=43450)
                           Index Cond: (c_customer_sk = store_sales.ss_customer_sk)
                           Filter: (c_birth_month = 8)
                           Rows Removed by Filter: 1
                           Buffers: shared hit=171787 read=1
               ->  Index Scan using customer_address_pkey on customer_address  (cost=0.42..7.65 rows=1 width=15) (actual time=0.016..0.016 rows=0 loops=4968)
                     Index Cond: (ca_address_sk = customer.c_current_addr_sk)
                     Filter: (ca_state = 'MN'::bpchar)
                     Rows Removed by Filter: 1
                     Buffers: shared hit=19327 read=545
         ->  Hash  (cost=22.02..22.02 rows=402 width=15) (actual time=0.620..0.620 rows=402 loops=1)
               Buckets: 1024  Batches: 1  Memory Usage: 27kB
               Buffers: shared hit=18
               ->  Seq Scan on store  (cost=0.00..22.02 rows=402 width=15) (actual time=0.044..0.508 rows=402 loops=1)
                     Buffers: shared hit=18
 Planning:
   Buffers: shared hit=460
 Planning Time: 4.686 ms
 Execution Time: 69650.110 ms
(53 rows)

