                                                                            QUERY PLAN                                                                            
------------------------------------------------------------------------------------------------------------------------------------------------------------------
 Aggregate  (cost=9750166.10..9750166.11 rows=1 width=40) (actual time=78594.525..78594.531 rows=1 loops=1)
   Buffers: shared hit=496647 read=5131359
   ->  Nested Loop  (cost=19614.57..9750166.09 rows=2 width=14) (actual time=43596.860..78594.390 rows=83 loops=1)
         Join Filter: ("substring"((customer_address.ca_zip)::text, 1, 5) <> "substring"((store.s_zip)::text, 1, 5))
         Rows Removed by Join Filter: 1
         Buffers: shared hit=496647 read=5131359
         ->  Nested Loop  (cost=19614.42..9750154.60 rows=2 width=29) (actual time=43596.841..78593.122 rows=85 loops=1)
               Buffers: shared hit=496479 read=5131359
               ->  Nested Loop  (cost=19614.00..9749549.95 rows=79 width=22) (actual time=43521.250..78510.819 rows=4330 loops=1)
                     Buffers: shared hit=480353 read=5130165
                     ->  Hash Join  (cost=19613.57..9734279.90 rows=1996 width=22) (actual time=43521.083..76749.207 rows=108564 loops=1)
                           Hash Cond: (store_sales.ss_item_sk = item.i_item_sk)
                           Buffers: shared hit=51335 read=5130047
                           ->  Hash Join  (cost=2570.12..9717139.26 rows=37024 width=18) (actual time=43406.231..76433.769 rows=1591555 loops=1)
                                 Hash Cond: (store_sales.ss_sold_date_sk = date_dim.d_date_sk)
                                 Buffers: shared hit=37442 read=5129584
                                 ->  Seq Scan on store_sales  (cost=0.00..9485539.52 rows=87244546 width=22) (actual time=1.026..71199.161 rows=86810744 loops=1)
                                       Filter: ((ss_wholesale_cost >= '66'::numeric) AND (ss_wholesale_cost <= '86'::numeric))
                                       Rows Removed by Filter: 201186280
                                       Buffers: shared hit=36095 read=5129457
                                 ->  Hash  (cost=2569.73..2569.73 rows=31 width=4) (actual time=29.118..29.119 rows=31 loops=1)
                                       Buckets: 1024  Batches: 1  Memory Usage: 10kB
                                       Buffers: shared hit=1347 read=127
                                       ->  Seq Scan on date_dim  (cost=0.00..2569.73 rows=31 width=4) (actual time=17.554..29.105 rows=31 loops=1)
                                             Filter: ((d_year = 2001) AND (d_moy = 3))
                                             Rows Removed by Filter: 73018
                                             Buffers: shared hit=1347 read=127
                           ->  Hash  (cost=16906.00..16906.00 rows=10996 width=12) (actual time=114.727..114.728 rows=11037 loops=1)
                                 Buckets: 16384  Batches: 1  Memory Usage: 603kB
                                 Buffers: shared hit=13893 read=463
                                 ->  Seq Scan on item  (cost=0.00..16906.00 rows=10996 width=12) (actual time=0.037..112.783 rows=11037 loops=1)
                                       Filter: (i_category = 'Women'::bpchar)
                                       Rows Removed by Filter: 192963
                                       Buffers: shared hit=13893 read=463
                     ->  Index Scan using customer_pkey on customer  (cost=0.43..7.65 rows=1 width=8) (actual time=0.016..0.016 rows=0 loops=108564)
                           Index Cond: (c_customer_sk = store_sales.ss_customer_sk)
                           Filter: (c_birth_month = 9)
                           Rows Removed by Filter: 1
                           Buffers: shared hit=429018 read=118
               ->  Index Scan using customer_address_pkey on customer_address  (cost=0.42..7.65 rows=1 width=15) (actual time=0.019..0.019 rows=0 loops=4330)
                     Index Cond: (ca_address_sk = customer.c_current_addr_sk)
                     Filter: (ca_state = 'CO'::bpchar)
                     Rows Removed by Filter: 1
                     Buffers: shared hit=16126 read=1194
         ->  Index Scan using store_pkey on store  (cost=0.15..5.72 rows=1 width=15) (actual time=0.011..0.011 rows=1 loops=85)
               Index Cond: (s_store_sk = store_sales.ss_store_sk)
               Buffers: shared hit=168
 Planning:
   Buffers: shared hit=460
 Planning Time: 4.906 ms
 Execution Time: 78594.926 ms
(51 rows)

