                                                                            QUERY PLAN                                                                            
------------------------------------------------------------------------------------------------------------------------------------------------------------------
 Aggregate  (cost=9794335.19..9794335.20 rows=1 width=40) (actual time=85059.985..85059.990 rows=1 loops=1)
   Buffers: shared hit=1514562 read=5148934
   ->  Hash Join  (cost=20034.17..9794335.07 rows=16 width=14) (actual time=65497.014..85059.477 rows=522 loops=1)
         Hash Cond: (store_sales.ss_store_sk = store.s_store_sk)
         Join Filter: ("substring"((customer_address.ca_zip)::text, 1, 5) <> "substring"((store.s_zip)::text, 1, 5))
         Rows Removed by Join Filter: 12
         Buffers: shared hit=1514562 read=5148934
         ->  Nested Loop  (cost=20007.12..9794307.98 rows=16 width=29) (actual time=65495.499..85056.685 rows=536 loops=1)
               Buffers: shared hit=1514545 read=5148933
               ->  Nested Loop  (cost=20006.70..9788647.11 rows=740 width=22) (actual time=65479.933..84339.618 rows=33319 loops=1)
                     Buffers: shared hit=1394783 read=5135419
                     ->  Hash Join  (cost=20006.27..9730764.74 rows=7566 width=22) (actual time=65479.345..77654.708 rows=341358 loops=1)
                           Hash Cond: (store_sales.ss_item_sk = item.i_item_sk)
                           Buffers: shared hit=46771 read=5134611
                           ->  Hash Join  (cost=2570.12..9713233.06 rows=36393 width=18) (actual time=65371.132..77156.082 rows=1738837 loops=1)
                                 Hash Cond: (store_sales.ss_sold_date_sk = date_dim.d_date_sk)
                                 Buffers: shared hit=32635 read=5134391
                                 ->  Seq Scan on store_sales  (cost=0.00..9485539.52 rows=85756551 width=22) (actual time=0.187..71870.624 rows=85367142 loops=1)
                                       Filter: ((ss_wholesale_cost >= '63'::numeric) AND (ss_wholesale_cost <= '83'::numeric))
                                       Rows Removed by Filter: 202629882
                                       Buffers: shared hit=31288 read=5134264
                                 ->  Hash  (cost=2569.73..2569.73 rows=31 width=4) (actual time=21.627..21.628 rows=31 loops=1)
                                       Buckets: 1024  Batches: 1  Memory Usage: 10kB
                                       Buffers: shared hit=1347 read=127
                                       ->  Seq Scan on date_dim  (cost=0.00..2569.73 rows=31 width=4) (actual time=12.568..21.610 rows=31 loops=1)
                                             Filter: ((d_year = 2002) AND (d_moy = 10))
                                             Rows Removed by Filter: 73018
                                             Buffers: shared hit=1347 read=127
                           ->  Hash  (cost=16906.00..16906.00 rows=42412 width=12) (actual time=107.942..107.943 rows=42041 loops=1)
                                 Buckets: 65536  Batches: 1  Memory Usage: 2319kB
                                 Buffers: shared hit=14136 read=220
                                 ->  Seq Scan on item  (cost=0.00..16906.00 rows=42412 width=12) (actual time=0.014..101.336 rows=42041 loops=1)
                                       Filter: (i_category = 'Electronics'::bpchar)
                                       Rows Removed by Filter: 161959
                                       Buffers: shared hit=14136 read=220
                     ->  Index Scan using customer_pkey on customer  (cost=0.43..7.65 rows=1 width=8) (actual time=0.019..0.019 rows=0 loops=341358)
                           Index Cond: (c_customer_sk = store_sales.ss_customer_sk)
                           Filter: (c_birth_month = 2)
                           Rows Removed by Filter: 1
                           Buffers: shared hit=1348012 read=808
               ->  Index Scan using customer_address_pkey on customer_address  (cost=0.42..7.65 rows=1 width=15) (actual time=0.021..0.021 rows=0 loops=33319)
                     Index Cond: (ca_address_sk = customer.c_current_addr_sk)
                     Filter: (ca_state = 'AL'::bpchar)
                     Rows Removed by Filter: 1
                     Buffers: shared hit=119762 read=13514
         ->  Hash  (cost=22.02..22.02 rows=402 width=15) (actual time=1.475..1.476 rows=402 loops=1)
               Buckets: 1024  Batches: 1  Memory Usage: 27kB
               Buffers: shared hit=17 read=1
               ->  Seq Scan on store  (cost=0.00..22.02 rows=402 width=15) (actual time=0.044..1.221 rows=402 loops=1)
                     Buffers: shared hit=17 read=1
 Planning:
   Buffers: shared hit=460
 Planning Time: 6.231 ms
 Execution Time: 85060.659 ms
(54 rows)

