                                                                             QUERY PLAN                                                                              
---------------------------------------------------------------------------------------------------------------------------------------------------------------------
 Aggregate  (cost=9758379.99..9758380.00 rows=1 width=40) (actual time=92347.416..92347.422 rows=1 loops=1)
   Buffers: shared hit=3539225 read=5138083
   ->  Nested Loop  (cost=2571.53..9758379.98 rows=1 width=14) (actual time=31282.679..92347.383 rows=11 loops=1)
         Join Filter: ("substring"((customer_address.ca_zip)::text, 1, 5) <> "substring"((store.s_zip)::text, 1, 5))
         Buffers: shared hit=3539225 read=5138083
         ->  Nested Loop  (cost=2571.38..9758374.24 rows=1 width=29) (actual time=31282.655..92347.186 rows=11 loops=1)
               Buffers: shared hit=3539203 read=5138083
               ->  Nested Loop  (cost=2570.96..9758244.43 rows=17 width=25) (actual time=31112.751..92334.260 rows=489 loops=1)
                     Buffers: shared hit=3537252 read=5138078
                     ->  Nested Loop  (cost=2570.54..9752527.03 rows=747 width=18) (actual time=31048.791..91472.417 rows=33628 loops=1)
                           Buffers: shared hit=3407748 read=5133070
                           ->  Hash Join  (cost=2570.11..9608471.14 rows=18830 width=18) (actual time=31047.862..71068.243 rows=853873 loops=1)
                                 Hash Cond: (store_sales.ss_sold_date_sk = date_dim.d_date_sk)
                                 Buffers: shared hit=34145 read=5132881
                                 ->  Seq Scan on store_sales  (cost=0.00..9485539.52 rows=45849467 width=22) (actual time=0.058..67922.049 rows=46160898 loops=1)
                                       Filter: ((ss_wholesale_cost >= '80'::numeric) AND (ss_wholesale_cost <= '100'::numeric))
                                       Rows Removed by Filter: 241836126
                                       Buffers: shared hit=32672 read=5132880
                                 ->  Hash  (cost=2569.73..2569.73 rows=30 width=4) (actual time=20.784..20.785 rows=30 loops=1)
                                       Buckets: 1024  Batches: 1  Memory Usage: 10kB
                                       Buffers: shared hit=1473 read=1
                                       ->  Seq Scan on date_dim  (cost=0.00..2569.73 rows=30 width=4) (actual time=11.661..20.771 rows=30 loops=1)
                                             Filter: ((d_year = 2000) AND (d_moy = 9))
                                             Rows Removed by Filter: 73019
                                             Buffers: shared hit=1473 read=1
                           ->  Index Scan using customer_pkey on customer  (cost=0.43..7.65 rows=1 width=8) (actual time=0.024..0.024 rows=0 loops=853873)
                                 Index Cond: (c_customer_sk = store_sales.ss_customer_sk)
                                 Filter: (c_birth_month = 9)
                                 Rows Removed by Filter: 1
                                 Buffers: shared hit=3373603 read=189
                     ->  Index Scan using customer_address_pkey on customer_address  (cost=0.42..7.65 rows=1 width=15) (actual time=0.025..0.025 rows=0 loops=33628)
                           Index Cond: (ca_address_sk = customer.c_current_addr_sk)
                           Filter: (ca_state = 'AR'::bpchar)
                           Rows Removed by Filter: 1
                           Buffers: shared hit=129504 read=5008
               ->  Index Scan using item_pkey on item  (cost=0.42..7.64 rows=1 width=12) (actual time=0.025..0.025 rows=0 loops=489)
                     Index Cond: (i_item_sk = store_sales.ss_item_sk)
                     Filter: (i_category = 'Jewelry'::bpchar)
                     Rows Removed by Filter: 1
                     Buffers: shared hit=1951 read=5
         ->  Index Scan using store_pkey on store  (cost=0.15..5.72 rows=1 width=15) (actual time=0.010..0.010 rows=1 loops=11)
               Index Cond: (s_store_sk = store_sales.ss_store_sk)
               Buffers: shared hit=22
 Planning:
   Buffers: shared hit=460
 Planning Time: 4.744 ms
 Execution Time: 92347.886 ms
(47 rows)

