                                                                             QUERY PLAN                                                                              
---------------------------------------------------------------------------------------------------------------------------------------------------------------------
 Aggregate  (cost=9772083.84..9772083.85 rows=1 width=40) (actual time=94305.196..94305.202 rows=1 loops=1)
   Buffers: shared hit=3793739 read=5145129
   ->  Nested Loop  (cost=2571.54..9772083.82 rows=2 width=14) (actual time=13772.799..94304.928 rows=118 loops=1)
         Join Filter: ("substring"((customer_address.ca_zip)::text, 1, 5) <> "substring"((store.s_zip)::text, 1, 5))
         Rows Removed by Join Filter: 1
         Buffers: shared hit=3793739 read=5145129
         ->  Nested Loop  (cost=2571.39..9772072.33 rows=2 width=29) (actual time=13772.769..94301.620 rows=120 loops=1)
               Buffers: shared hit=3793503 read=5145127
               ->  Nested Loop  (cost=2570.97..9771889.08 rows=24 width=25) (actual time=13772.698..94252.281 rows=1710 loops=1)
                     Buffers: shared hit=3786706 read=5145084
                     ->  Nested Loop  (cost=2570.55..9757323.81 rows=1904 width=18) (actual time=13751.658..92146.096 rows=84229 loops=1)
                           Buffers: shared hit=3456948 read=5137926
                           ->  Hash Join  (cost=2570.12..9608471.16 rows=19457 width=18) (actual time=13751.417..71092.795 rows=867340 loops=1)
                                 Hash Cond: (store_sales.ss_sold_date_sk = date_dim.d_date_sk)
                                 Buffers: shared hit=29111 read=5137915
                                 ->  Seq Scan on store_sales  (cost=0.00..9485539.52 rows=45849467 width=22) (actual time=0.063..67917.257 rows=46160898 loops=1)
                                       Filter: ((ss_wholesale_cost >= '80'::numeric) AND (ss_wholesale_cost <= '100'::numeric))
                                       Rows Removed by Filter: 241836126
                                       Buffers: shared hit=27637 read=5137915
                                 ->  Hash  (cost=2569.73..2569.73 rows=31 width=4) (actual time=21.333..21.334 rows=31 loops=1)
                                       Buckets: 1024  Batches: 1  Memory Usage: 10kB
                                       Buffers: shared hit=1474
                                       ->  Seq Scan on date_dim  (cost=0.00..2569.73 rows=31 width=4) (actual time=11.771..21.314 rows=31 loops=1)
                                             Filter: ((d_year = 1999) AND (d_moy = 3))
                                             Rows Removed by Filter: 73018
                                             Buffers: shared hit=1474
                           ->  Index Scan using customer_pkey on customer  (cost=0.43..7.65 rows=1 width=8) (actual time=0.024..0.024 rows=0 loops=867340)
                                 Index Cond: (c_customer_sk = store_sales.ss_customer_sk)
                                 Filter: (c_birth_month = 2)
                                 Rows Removed by Filter: 1
                                 Buffers: shared hit=3427837 read=11
                     ->  Index Scan using customer_address_pkey on customer_address  (cost=0.42..7.65 rows=1 width=15) (actual time=0.025..0.025 rows=0 loops=84229)
                           Index Cond: (ca_address_sk = customer.c_current_addr_sk)
                           Filter: (ca_state = 'OR'::bpchar)
                           Rows Removed by Filter: 1
                           Buffers: shared hit=329758 read=7158
               ->  Index Scan using item_pkey on item  (cost=0.42..7.64 rows=1 width=12) (actual time=0.028..0.028 rows=0 loops=1710)
                     Index Cond: (i_item_sk = store_sales.ss_item_sk)
                     Filter: (i_category = 'Men'::bpchar)
                     Rows Removed by Filter: 1
                     Buffers: shared hit=6797 read=43
         ->  Index Scan using store_pkey on store  (cost=0.15..5.72 rows=1 width=15) (actual time=0.021..0.021 rows=1 loops=120)
               Index Cond: (s_store_sk = store_sales.ss_store_sk)
               Buffers: shared hit=236 read=2
 Planning:
   Buffers: shared hit=460
 Planning Time: 4.502 ms
 Execution Time: 94305.658 ms
(48 rows)

