                                                                            QUERY PLAN                                                                            
------------------------------------------------------------------------------------------------------------------------------------------------------------------
 Aggregate  (cost=9795980.89..9795980.90 rows=1 width=40) (actual time=80063.979..80063.985 rows=1 loops=1)
   Buffers: shared hit=196232 read=5135006
   ->  Hash Join  (cost=17046.40..9795980.80 rows=12 width=14) (actual time=5867.573..80063.877 rows=58 loops=1)
         Hash Cond: (store_sales.ss_store_sk = store.s_store_sk)
         Join Filter: ("substring"((customer_address.ca_zip)::text, 1, 5) <> "substring"((store.s_zip)::text, 1, 5))
         Rows Removed by Join Filter: 2
         Buffers: shared hit=196232 read=5135006
         ->  Nested Loop  (cost=17019.36..9795953.73 rows=12 width=29) (actual time=5866.068..80062.179 rows=60 loops=1)
               Buffers: shared hit=196216 read=5135004
               ->  Nested Loop  (cost=17018.93..9794798.67 rows=151 width=22) (actual time=5857.756..80018.837 rows=3913 loops=1)
                     Buffers: shared hit=181159 read=5134409
                     ->  Nested Loop  (cost=17018.50..9784891.49 rows=1295 width=22) (actual time=5857.731..79711.477 rows=32767 loops=1)
                           Buffers: shared hit=51703 read=5134409
                           ->  Hash Join  (cost=17018.20..9690679.08 rows=3153207 width=26) (actual time=127.035..79229.556 rows=1547255 loops=1)
                                 Hash Cond: (store_sales.ss_item_sk = item.i_item_sk)
                                 Buffers: shared hit=45685 read=5134223
                                 ->  Seq Scan on store_sales  (cost=0.00..9485539.52 rows=71663793 width=22) (actual time=0.447..72503.897 rows=71083444 loops=1)
                                       Filter: ((ss_wholesale_cost >= '52'::numeric) AND (ss_wholesale_cost <= '72'::numeric))
                                       Rows Removed by Filter: 216913580
                                       Buffers: shared hit=32606 read=5132946
                                 ->  Hash  (cost=16906.00..16906.00 rows=8976 width=12) (actual time=126.429..126.430 rows=8826 loops=1)
                                       Buckets: 16384  Batches: 1  Memory Usage: 508kB
                                       Buffers: shared hit=13079 read=1277
                                       ->  Seq Scan on item  (cost=0.00..16906.00 rows=8976 width=12) (actual time=0.025..124.534 rows=8826 loops=1)
                                             Filter: (i_category = 'Jewelry'::bpchar)
                                             Rows Removed by Filter: 195174
                                             Buffers: shared hit=13079 read=1277
                           ->  Memoize  (cost=0.30..7.51 rows=1 width=4) (actual time=0.000..0.000 rows=0 loops=1547255)
                                 Cache Key: store_sales.ss_sold_date_sk
                                 Cache Mode: logical
                                 Hits: 1545186  Misses: 2069  Evictions: 0  Overflows: 0  Memory Usage: 139kB
                                 Buffers: shared hit=6018 read=186
                                 ->  Index Scan using date_dim_pkey on date_dim  (cost=0.29..7.50 rows=1 width=4) (actual time=0.015..0.015 rows=0 loops=2069)
                                       Index Cond: (d_date_sk = store_sales.ss_sold_date_sk)
                                       Filter: ((d_year = 1998) AND (d_moy = 6))
                                       Rows Removed by Filter: 1
                                       Buffers: shared hit=6018 read=186
                     ->  Index Scan using customer_pkey on customer  (cost=0.43..7.65 rows=1 width=8) (actual time=0.009..0.009 rows=0 loops=32767)
                           Index Cond: (c_customer_sk = store_sales.ss_customer_sk)
                           Filter: (c_birth_month = 8)
                           Rows Removed by Filter: 1
                           Buffers: shared hit=129456
               ->  Index Scan using customer_address_pkey on customer_address  (cost=0.42..7.65 rows=1 width=15) (actual time=0.011..0.011 rows=0 loops=3913)
                     Index Cond: (ca_address_sk = customer.c_current_addr_sk)
                     Filter: (ca_state = 'TX'::bpchar)
                     Rows Removed by Filter: 1
                     Buffers: shared hit=15057 read=595
         ->  Hash  (cost=22.02..22.02 rows=402 width=15) (actual time=1.476..1.476 rows=402 loops=1)
               Buckets: 1024  Batches: 1  Memory Usage: 27kB
               Buffers: shared hit=16 read=2
               ->  Seq Scan on store  (cost=0.00..22.02 rows=402 width=15) (actual time=0.026..1.327 rows=402 loops=1)
                     Buffers: shared hit=16 read=2
 Planning:
   Buffers: shared hit=460
 Planning Time: 4.678 ms
 Execution Time: 80064.541 ms
(56 rows)

