                                                                             QUERY PLAN                                                                              
---------------------------------------------------------------------------------------------------------------------------------------------------------------------
 Aggregate  (cost=9750610.50..9750610.51 rows=1 width=40) (actual time=86009.475..86009.479 rows=1 loops=1)
   Buffers: shared hit=1614111 read=5138675
   ->  Nested Loop  (cost=2571.54..9750610.48 rows=3 width=14) (actual time=9081.223..86009.428 rows=15 loops=1)
         Join Filter: ("substring"((customer_address.ca_zip)::text, 1, 5) <> "substring"((store.s_zip)::text, 1, 5))
         Rows Removed by Join Filter: 1
         Buffers: shared hit=1614111 read=5138675
         ->  Nested Loop  (cost=2571.39..9750593.25 rows=3 width=29) (actual time=9081.183..86009.135 rows=16 loops=1)
               Buffers: shared hit=1614079 read=5138675
               ->  Nested Loop  (cost=2570.97..9750119.84 rows=62 width=25) (actual time=8296.573..85989.026 rows=764 loops=1)
                     Buffers: shared hit=1611054 read=5138644
                     ->  Nested Loop  (cost=2570.55..9736526.11 rows=1777 width=18) (actual time=8261.550..85162.546 rows=35204 loops=1)
                           Buffers: shared hit=1472768 read=5136114
                           ->  Hash Join  (cost=2570.12..9599171.87 rows=17954 width=18) (actual time=8261.177..76542.033 rows=364821 loops=1)
                                 Hash Cond: (store_sales.ss_sold_date_sk = date_dim.d_date_sk)
                                 Buffers: shared hit=30912 read=5136114
                                 ->  Seq Scan on store_sales  (cost=0.00..9485539.52 rows=42307078 width=22) (actual time=0.057..73687.523 rows=43022880 loops=1)
                                       Filter: ((ss_wholesale_cost >= '4'::numeric) AND (ss_wholesale_cost <= '24'::numeric))
                                       Rows Removed by Filter: 244974144
                                       Buffers: shared hit=30807 read=5134745
                                 ->  Hash  (cost=2569.73..2569.73 rows=31 width=4) (actual time=25.959..25.960 rows=31 loops=1)
                                       Buckets: 1024  Batches: 1  Memory Usage: 10kB
                                       Buffers: shared hit=105 read=1369
                                       ->  Seq Scan on date_dim  (cost=0.00..2569.73 rows=31 width=4) (actual time=16.015..25.945 rows=31 loops=1)
                                             Filter: ((d_year = 1998) AND (d_moy = 8))
                                             Rows Removed by Filter: 73018
                                             Buffers: shared hit=105 read=1369
                           ->  Index Scan using customer_pkey on customer  (cost=0.43..7.65 rows=1 width=8) (actual time=0.023..0.023 rows=0 loops=364821)
                                 Index Cond: (c_customer_sk = store_sales.ss_customer_sk)
                                 Filter: (c_birth_month = 1)
                                 Rows Removed by Filter: 1
                                 Buffers: shared hit=1441856
                     ->  Index Scan using customer_address_pkey on customer_address  (cost=0.42..7.65 rows=1 width=15) (actual time=0.023..0.023 rows=0 loops=35204)
                           Index Cond: (ca_address_sk = customer.c_current_addr_sk)
                           Filter: (ca_state = 'MO'::bpchar)
                           Rows Removed by Filter: 1
                           Buffers: shared hit=138286 read=2530
               ->  Index Scan using item_pkey on item  (cost=0.42..7.64 rows=1 width=12) (actual time=0.026..0.026 rows=0 loops=764)
                     Index Cond: (i_item_sk = store_sales.ss_item_sk)
                     Filter: (i_category = 'Jewelry'::bpchar)
                     Rows Removed by Filter: 1
                     Buffers: shared hit=3025 read=31
         ->  Index Scan using store_pkey on store  (cost=0.15..5.72 rows=1 width=15) (actual time=0.011..0.011 rows=1 loops=16)
               Index Cond: (s_store_sk = store_sales.ss_store_sk)
               Buffers: shared hit=32
 Planning:
   Buffers: shared hit=460
 Planning Time: 4.475 ms
 Execution Time: 86009.901 ms
(48 rows)

