                                                                            QUERY PLAN                                                                            
------------------------------------------------------------------------------------------------------------------------------------------------------------------
 Aggregate  (cost=9632744.20..9632744.21 rows=1 width=40) (actual time=75908.189..75908.195 rows=1 loops=1)
   Buffers: shared hit=189730 read=5138252
   ->  Nested Loop  (cost=19790.22..9632744.17 rows=4 width=14) (actual time=42097.812..75908.120 rows=60 loops=1)
         Join Filter: ("substring"((customer_address.ca_zip)::text, 1, 5) <> "substring"((store.s_zip)::text, 1, 5))
         Rows Removed by Join Filter: 2
         Buffers: shared hit=189730 read=5138252
         ->  Nested Loop  (cost=19790.08..9632721.20 rows=4 width=29) (actual time=42097.794..75907.106 rows=62 loops=1)
               Buffers: shared hit=189612 read=5138246
               ->  Nested Loop  (cost=19789.65..9631665.37 rows=138 width=22) (actual time=42061.219..75872.078 rows=2338 loops=1)
                     Buffers: shared hit=180634 read=5137872
                     ->  Hash Join  (cost=19789.22..9616433.54 rows=1991 width=22) (actual time=42059.851..75396.768 rows=34672 loops=1)
                           Hash Cond: (store_sales.ss_item_sk = item.i_item_sk)
                           Buffers: shared hit=43510 read=5137872
                           ->  Hash Join  (cost=2570.08..9599171.84 rows=16216 width=18) (actual time=41930.650..75207.581 rows=391519 loops=1)
                                 Hash Cond: (store_sales.ss_sold_date_sk = date_dim.d_date_sk)
                                 Buffers: shared hit=34391 read=5132635
                                 ->  Seq Scan on store_sales  (cost=0.00..9485539.52 rows=42307078 width=22) (actual time=0.046..72534.950 rows=43022880 loops=1)
                                       Filter: ((ss_wholesale_cost >= '2'::numeric) AND (ss_wholesale_cost <= '22'::numeric))
                                       Rows Removed by Filter: 244974144
                                       Buffers: shared hit=32917 read=5132635
                                 ->  Hash  (cost=2569.73..2569.73 rows=28 width=4) (actual time=20.139..20.140 rows=28 loops=1)
                                       Buckets: 1024  Batches: 1  Memory Usage: 9kB
                                       Buffers: shared hit=1474
                                       ->  Seq Scan on date_dim  (cost=0.00..2569.73 rows=28 width=4) (actual time=11.347..20.130 rows=28 loops=1)
                                             Filter: ((d_year = 2001) AND (d_moy = 2))
                                             Rows Removed by Filter: 73021
                                             Buffers: shared hit=1474
                           ->  Hash  (cost=16906.00..16906.00 rows=25051 width=12) (actual time=129.060..129.061 rows=24688 loops=1)
                                 Buckets: 32768  Batches: 1  Memory Usage: 1317kB
                                 Buffers: shared hit=9119 read=5237
                                 ->  Seq Scan on item  (cost=0.00..16906.00 rows=25051 width=12) (actual time=0.017..124.161 rows=24688 loops=1)
                                       Filter: (i_category = 'Books'::bpchar)
                                       Rows Removed by Filter: 179312
                                       Buffers: shared hit=9119 read=5237
                     ->  Index Scan using customer_pkey on customer  (cost=0.43..7.65 rows=1 width=8) (actual time=0.014..0.014 rows=0 loops=34672)
                           Index Cond: (c_customer_sk = store_sales.ss_customer_sk)
                           Filter: (c_birth_month = 12)
                           Rows Removed by Filter: 1
                           Buffers: shared hit=137124
               ->  Index Scan using customer_address_pkey on customer_address  (cost=0.42..7.65 rows=1 width=15) (actual time=0.015..0.015 rows=0 loops=2338)
                     Index Cond: (ca_address_sk = customer.c_current_addr_sk)
                     Filter: (ca_state = 'TN'::bpchar)
                     Rows Removed by Filter: 1
                     Buffers: shared hit=8978 read=374
         ->  Index Scan using store_pkey on store  (cost=0.15..5.72 rows=1 width=15) (actual time=0.013..0.013 rows=1 loops=62)
               Index Cond: (s_store_sk = store_sales.ss_store_sk)
               Buffers: shared hit=118 read=6
 Planning:
   Buffers: shared hit=460
 Planning Time: 3.880 ms
 Execution Time: 75908.628 ms
(51 rows)

