                                                                            QUERY PLAN                                                                            
------------------------------------------------------------------------------------------------------------------------------------------------------------------
 Aggregate  (cost=9634152.13..9634152.14 rows=1 width=40) (actual time=76045.062..76045.067 rows=1 loops=1)
   Buffers: shared hit=199678 read=5132484
   ->  Nested Loop  (cost=19811.92..9634152.12 rows=1 width=14) (actual time=41343.277..76045.043 rows=7 loops=1)
         Join Filter: ("substring"((customer_address.ca_zip)::text, 1, 5) <> "substring"((store.s_zip)::text, 1, 5))
         Rows Removed by Join Filter: 3
         Buffers: shared hit=199678 read=5132484
         ->  Nested Loop  (cost=19811.78..9634146.38 rows=1 width=29) (actual time=41342.855..76044.519 rows=10 loops=1)
               Buffers: shared hit=199659 read=5132483
               ->  Nested Loop  (cost=19811.35..9633908.71 rows=31 width=22) (actual time=41307.794..76036.667 rows=494 loops=1)
                     Buffers: shared hit=197783 read=5132383
                     ->  Hash Join  (cost=19810.92..9616458.28 rows=2281 width=22) (actual time=41306.715..75445.887 rows=37606 loops=1)
                           Hash Cond: (store_sales.ss_item_sk = item.i_item_sk)
                           Buffers: shared hit=48999 read=5132383
                           ->  Hash Join  (cost=2570.11..9599171.86 rows=17375 width=18) (actual time=41190.256..75273.293 rows=349545 loops=1)
                                 Hash Cond: (store_sales.ss_sold_date_sk = date_dim.d_date_sk)
                                 Buffers: shared hit=35618 read=5131408
                                 ->  Seq Scan on store_sales  (cost=0.00..9485539.52 rows=42307078 width=22) (actual time=0.066..72584.271 rows=43022880 loops=1)
                                       Filter: ((ss_wholesale_cost >= '4'::numeric) AND (ss_wholesale_cost <= '24'::numeric))
                                       Rows Removed by Filter: 244974144
                                       Buffers: shared hit=34144 read=5131408
                                 ->  Hash  (cost=2569.73..2569.73 rows=30 width=4) (actual time=22.033..22.034 rows=31 loops=1)
                                       Buckets: 1024  Batches: 1  Memory Usage: 10kB
                                       Buffers: shared hit=1474
                                       ->  Seq Scan on date_dim  (cost=0.00..2569.73 rows=30 width=4) (actual time=13.126..22.019 rows=31 loops=1)
                                             Filter: ((d_year = 2001) AND (d_moy = 1))
                                             Rows Removed by Filter: 73018
                                             Buffers: shared hit=1474
                           ->  Hash  (cost=16906.00..16906.00 rows=26785 width=12) (actual time=116.262..116.262 rows=26695 loops=1)
                                 Buckets: 32768  Batches: 1  Memory Usage: 1403kB
                                 Buffers: shared hit=13381 read=975
                                 ->  Seq Scan on item  (cost=0.00..16906.00 rows=26785 width=12) (actual time=0.020..111.323 rows=26695 loops=1)
                                       Filter: (i_category = 'Children'::bpchar)
                                       Rows Removed by Filter: 177305
                                       Buffers: shared hit=13381 read=975
                     ->  Index Scan using customer_pkey on customer  (cost=0.43..7.65 rows=1 width=8) (actual time=0.016..0.016 rows=0 loops=37606)
                           Index Cond: (c_customer_sk = store_sales.ss_customer_sk)
                           Filter: (c_birth_month = 5)
                           Rows Removed by Filter: 1
                           Buffers: shared hit=148784
               ->  Index Scan using customer_address_pkey on customer_address  (cost=0.42..7.67 rows=1 width=15) (actual time=0.016..0.016 rows=0 loops=494)
                     Index Cond: (ca_address_sk = customer.c_current_addr_sk)
                     Filter: (ca_state = 'CA'::bpchar)
                     Rows Removed by Filter: 1
                     Buffers: shared hit=1876 read=100
         ->  Index Scan using store_pkey on store  (cost=0.15..5.72 rows=1 width=15) (actual time=0.047..0.047 rows=1 loops=10)
               Index Cond: (s_store_sk = store_sales.ss_store_sk)
               Buffers: shared hit=19 read=1
 Planning:
   Buffers: shared hit=460
 Planning Time: 4.756 ms
 Execution Time: 76045.646 ms
(51 rows)

