                                                                            QUERY PLAN                                                                            
------------------------------------------------------------------------------------------------------------------------------------------------------------------
 Aggregate  (cost=9643330.77..9643330.78 rows=1 width=40) (actual time=77452.537..77452.543 rows=1 loops=1)
   Buffers: shared hit=426350 read=5131442
   ->  Nested Loop  (cost=19688.67..9643330.75 rows=2 width=14) (actual time=63688.348..77452.390 rows=133 loops=1)
         Join Filter: ("substring"((customer_address.ca_zip)::text, 1, 5) <> "substring"((store.s_zip)::text, 1, 5))
         Rows Removed by Join Filter: 4
         Buffers: shared hit=426350 read=5131442
         ->  Nested Loop  (cost=19688.53..9643319.26 rows=2 width=29) (actual time=63688.333..77450.994 rows=137 loops=1)
               Buffers: shared hit=426079 read=5131439
               ->  Nested Loop  (cost=19688.10..9642110.59 rows=158 width=22) (actual time=63683.290..77313.493 rows=8353 loops=1)
                     Buffers: shared hit=397502 read=5126604
                     ->  Hash Join  (cost=19687.67..9629747.64 rows=1616 width=22) (actual time=63682.531..76182.830 rows=86777 loops=1)
                           Hash Cond: (store_sales.ss_item_sk = item.i_item_sk)
                           Buffers: shared hit=55033 read=5126349
                           ->  Hash Join  (cost=2570.11..9612578.97 rows=19472 width=18) (actual time=63571.078..75922.892 rows=1103432 loops=1)
                                 Hash Cond: (store_sales.ss_sold_date_sk = date_dim.d_date_sk)
                                 Buffers: shared hit=40891 read=5126135
                                 ->  Seq Scan on store_sales  (cost=0.00..9485539.52 rows=47414263 width=22) (actual time=0.065..72857.602 rows=48370740 loops=1)
                                       Filter: ((ss_wholesale_cost >= '10'::numeric) AND (ss_wholesale_cost <= '30'::numeric))
                                       Rows Removed by Filter: 239626284
                                       Buffers: shared hit=39417 read=5126135
                                 ->  Hash  (cost=2569.73..2569.73 rows=30 width=4) (actual time=22.897..22.898 rows=30 loops=1)
                                       Buckets: 1024  Batches: 1  Memory Usage: 10kB
                                       Buffers: shared hit=1474
                                       ->  Seq Scan on date_dim  (cost=0.00..2569.73 rows=30 width=4) (actual time=13.872..22.882 rows=30 loops=1)
                                             Filter: ((d_year = 2002) AND (d_moy = 9))
                                             Rows Removed by Filter: 73019
                                             Buffers: shared hit=1474
                           ->  Hash  (cost=16906.00..16906.00 rows=16925 width=12) (actual time=111.287..111.288 rows=17141 loops=1)
                                 Buckets: 32768  Batches: 1  Memory Usage: 993kB
                                 Buffers: shared hit=14142 read=214
                                 ->  Seq Scan on item  (cost=0.00..16906.00 rows=16925 width=12) (actual time=0.018..107.930 rows=17141 loops=1)
                                       Filter: (i_category = 'Home'::bpchar)
                                       Rows Removed by Filter: 186859
                                       Buffers: shared hit=14142 read=214
                     ->  Index Scan using customer_pkey on customer  (cost=0.43..7.65 rows=1 width=8) (actual time=0.013..0.013 rows=0 loops=86777)
                           Index Cond: (c_customer_sk = store_sales.ss_customer_sk)
                           Filter: (c_birth_month = 2)
                           Rows Removed by Filter: 1
                           Buffers: shared hit=342469 read=255
               ->  Index Scan using customer_address_pkey on customer_address  (cost=0.42..7.65 rows=1 width=15) (actual time=0.016..0.016 rows=0 loops=8353)
                     Index Cond: (ca_address_sk = customer.c_current_addr_sk)
                     Filter: (ca_state = 'ID'::bpchar)
                     Rows Removed by Filter: 1
                     Buffers: shared hit=28577 read=4835
         ->  Index Scan using store_pkey on store  (cost=0.15..5.72 rows=1 width=15) (actual time=0.007..0.007 rows=1 loops=137)
               Index Cond: (s_store_sk = store_sales.ss_store_sk)
               Buffers: shared hit=271 read=3
 Planning:
   Buffers: shared hit=460
 Planning Time: 4.755 ms
 Execution Time: 77453.084 ms
(51 rows)

