                                                                             QUERY PLAN                                                                             
--------------------------------------------------------------------------------------------------------------------------------------------------------------------
 Aggregate  (cost=9729458.94..9729458.95 rows=1 width=40) (actual time=84692.360..84692.366 rows=1 loops=1)
   Buffers: shared hit=1490236 read=5124028
   ->  Nested Loop  (cost=2571.52..9729458.93 rows=1 width=14) (actual time=55551.159..84692.338 rows=9 loops=1)
         Join Filter: ("substring"((customer_address.ca_zip)::text, 1, 5) <> "substring"((store.s_zip)::text, 1, 5))
         Buffers: shared hit=1490236 read=5124028
         ->  Nested Loop  (cost=2571.37..9729453.19 rows=1 width=29) (actual time=55551.124..84692.198 rows=9 loops=1)
               Buffers: shared hit=1490218 read=5124028
               ->  Nested Loop  (cost=2570.95..9729422.64 rows=4 width=25) (actual time=53891.478..84689.099 rows=94 loops=1)
                     Buffers: shared hit=1489918 read=5123952
                     ->  Nested Loop  (cost=2570.52..9727666.99 rows=229 width=18) (actual time=53814.144..84545.221 rows=5242 loops=1)
                           Buffers: shared hit=1470414 read=5122488
                           ->  Hash Join  (cost=2570.10..9599171.85 rows=16796 width=18) (actual time=53799.519..76086.848 rows=360842 loops=1)
                                 Hash Cond: (store_sales.ss_sold_date_sk = date_dim.d_date_sk)
                                 Buffers: shared hit=44916 read=5122110
                                 ->  Seq Scan on store_sales  (cost=0.00..9485539.52 rows=42307078 width=22) (actual time=0.067..73285.569 rows=43022880 loops=1)
                                       Filter: ((ss_wholesale_cost >= '5'::numeric) AND (ss_wholesale_cost <= '25'::numeric))
                                       Rows Removed by Filter: 244974144
                                       Buffers: shared hit=43442 read=5122110
                                 ->  Hash  (cost=2569.73..2569.73 rows=29 width=4) (actual time=22.238..22.239 rows=30 loops=1)
                                       Buckets: 1024  Batches: 1  Memory Usage: 10kB
                                       Buffers: shared hit=1474
                                       ->  Seq Scan on date_dim  (cost=0.00..2569.73 rows=29 width=4) (actual time=13.322..22.220 rows=30 loops=1)
                                             Filter: ((d_year = 2001) AND (d_moy = 11))
                                             Rows Removed by Filter: 73019
                                             Buffers: shared hit=1474
                           ->  Index Scan using customer_pkey on customer  (cost=0.43..7.65 rows=1 width=8) (actual time=0.023..0.023 rows=0 loops=360842)
                                 Index Cond: (c_customer_sk = store_sales.ss_customer_sk)
                                 Filter: (c_birth_month = 5)
                                 Rows Removed by Filter: 1
                                 Buffers: shared hit=1425498 read=378
                     ->  Index Scan using customer_address_pkey on customer_address  (cost=0.42..7.67 rows=1 width=15) (actual time=0.027..0.027 rows=0 loops=5242)
                           Index Cond: (ca_address_sk = customer.c_current_addr_sk)
                           Filter: (ca_state = 'FL'::bpchar)
                           Rows Removed by Filter: 1
                           Buffers: shared hit=19504 read=1464
               ->  Index Scan using item_pkey on item  (cost=0.42..7.64 rows=1 width=12) (actual time=0.032..0.032 rows=0 loops=94)
                     Index Cond: (i_item_sk = store_sales.ss_item_sk)
                     Filter: (i_category = 'Men'::bpchar)
                     Rows Removed by Filter: 1
                     Buffers: shared hit=300 read=76
         ->  Index Scan using store_pkey on store  (cost=0.15..5.72 rows=1 width=15) (actual time=0.010..0.010 rows=1 loops=9)
               Index Cond: (s_store_sk = store_sales.ss_store_sk)
               Buffers: shared hit=18
 Planning:
   Buffers: shared hit=460
 Planning Time: 4.787 ms
 Execution Time: 84692.875 ms
(47 rows)

