                                                                             QUERY PLAN                                                                              
---------------------------------------------------------------------------------------------------------------------------------------------------------------------
 Aggregate  (cost=9772288.11..9772288.12 rows=1 width=40) (actual time=93031.771..93031.776 rows=1 loops=1)
   Buffers: shared hit=3704973 read=5144979
   ->  Nested Loop  (cost=2571.54..9772288.09 rows=3 width=14) (actual time=39479.424..93031.525 rows=106 loops=1)
         Join Filter: ("substring"((customer_address.ca_zip)::text, 1, 5) <> "substring"((store.s_zip)::text, 1, 5))
         Rows Removed by Join Filter: 3
         Buffers: shared hit=3704973 read=5144979
         ->  Nested Loop  (cost=2571.39..9772270.86 rows=3 width=29) (actual time=39479.388..93029.225 rows=109 loops=1)
               Buffers: shared hit=3704759 read=5144975
               ->  Nested Loop  (cost=2570.97..9771889.08 rows=50 width=25) (actual time=39479.352..92978.043 rows=1754 loops=1)
                     Buffers: shared hit=3699175 read=5143543
                     ->  Nested Loop  (cost=2570.55..9757323.81 rows=1904 width=18) (actual time=39419.200..90913.182 rows=82284 loops=1)
                           Buffers: shared hit=3383871 read=5129711
                           ->  Hash Join  (cost=2570.12..9608471.16 rows=19457 width=18) (actual time=39418.853..70795.730 rows=846952 loops=1)
                                 Hash Cond: (store_sales.ss_sold_date_sk = date_dim.d_date_sk)
                                 Buffers: shared hit=37487 read=5129539
                                 ->  Seq Scan on store_sales  (cost=0.00..9485539.52 rows=45849467 width=22) (actual time=0.044..67646.106 rows=46160898 loops=1)
                                       Filter: ((ss_wholesale_cost >= '80'::numeric) AND (ss_wholesale_cost <= '100'::numeric))
                                       Rows Removed by Filter: 241836126
                                       Buffers: shared hit=36013 read=5129539
                                 ->  Hash  (cost=2569.73..2569.73 rows=31 width=4) (actual time=19.371..19.372 rows=31 loops=1)
                                       Buckets: 1024  Batches: 1  Memory Usage: 10kB
                                       Buffers: shared hit=1474
                                       ->  Seq Scan on date_dim  (cost=0.00..2569.73 rows=31 width=4) (actual time=11.440..19.355 rows=31 loops=1)
                                             Filter: ((d_year = 2001) AND (d_moy = 3))
                                             Rows Removed by Filter: 73018
                                             Buffers: shared hit=1474
                           ->  Index Scan using customer_pkey on customer  (cost=0.43..7.65 rows=1 width=8) (actual time=0.023..0.023 rows=0 loops=846952)
                                 Index Cond: (c_customer_sk = store_sales.ss_customer_sk)
                                 Filter: (c_birth_month = 2)
                                 Rows Removed by Filter: 1
                                 Buffers: shared hit=3346384 read=172
                     ->  Index Scan using customer_address_pkey on customer_address  (cost=0.42..7.65 rows=1 width=15) (actual time=0.025..0.025 rows=0 loops=82284)
                           Index Cond: (ca_address_sk = customer.c_current_addr_sk)
                           Filter: (ca_state = 'MN'::bpchar)
                           Rows Removed by Filter: 1
                           Buffers: shared hit=315304 read=13832
               ->  Index Scan using item_pkey on item  (cost=0.42..7.64 rows=1 width=12) (actual time=0.028..0.028 rows=0 loops=1754)
                     Index Cond: (i_item_sk = store_sales.ss_item_sk)
                     Filter: (i_category = 'Women'::bpchar)
                     Rows Removed by Filter: 1
                     Buffers: shared hit=5584 read=1432
         ->  Index Scan using store_pkey on store  (cost=0.15..5.72 rows=1 width=15) (actual time=0.014..0.014 rows=1 loops=109)
               Index Cond: (s_store_sk = store_sales.ss_store_sk)
               Buffers: shared hit=214 read=4
 Planning:
   Buffers: shared hit=460
 Planning Time: 2.666 ms
 Execution Time: 93032.073 ms
(48 rows)

