                                                                            QUERY PLAN                                                                            
------------------------------------------------------------------------------------------------------------------------------------------------------------------
 Aggregate  (cost=9783635.89..9783635.90 rows=1 width=40) (actual time=78777.099..78777.105 rows=1 loops=1)
   Buffers: shared hit=284273 read=5146927
   ->  Hash Join  (cost=19838.83..9783635.74 rows=20 width=14) (actual time=9838.618..78776.988 rows=114 loops=1)
         Hash Cond: (store_sales.ss_store_sk = store.s_store_sk)
         Join Filter: ("substring"((customer_address.ca_zip)::text, 1, 5) <> "substring"((store.s_zip)::text, 1, 5))
         Rows Removed by Join Filter: 1
         Buffers: shared hit=284273 read=5146927
         ->  Nested Loop  (cost=19811.79..9783608.65 rows=20 width=29) (actual time=9836.443..78774.556 rows=117 loops=1)
               Buffers: shared hit=284257 read=5146925
               ->  Nested Loop  (cost=19811.36..9779814.34 rows=496 width=22) (actual time=9825.131..78662.822 rows=5685 loops=1)
                     Buffers: shared hit=262783 read=5145659
                     ->  Hash Join  (cost=19810.93..9741486.20 rows=5010 width=22) (actual time=9824.508..77597.428 rows=57462 loops=1)
                           Hash Cond: (store_sales.ss_item_sk = item.i_item_sk)
                           Buffers: shared hit=35730 read=5145652
                           ->  Hash Join  (cost=2570.12..9724145.23 rows=38157 width=18) (actual time=9706.297..77390.314 rows=537211 loops=1)
                                 Hash Cond: (store_sales.ss_sold_date_sk = date_dim.d_date_sk)
                                 Buffers: shared hit=35546 read=5131480
                                 ->  Seq Scan on store_sales  (cost=0.00..9485539.52 rows=89913339 width=22) (actual time=0.055..72126.275 rows=89530603 loops=1)
                                       Filter: ((ss_wholesale_cost >= '57'::numeric) AND (ss_wholesale_cost <= '77'::numeric))
                                       Rows Removed by Filter: 198466421
                                       Buffers: shared hit=34072 read=5131480
                                 ->  Hash  (cost=2569.73..2569.73 rows=31 width=4) (actual time=21.331..21.332 rows=31 loops=1)
                                       Buckets: 1024  Batches: 1  Memory Usage: 10kB
                                       Buffers: shared hit=1474
                                       ->  Seq Scan on date_dim  (cost=0.00..2569.73 rows=31 width=4) (actual time=12.152..21.319 rows=31 loops=1)
                                             Filter: ((d_year = 1998) AND (d_moy = 10))
                                             Rows Removed by Filter: 73018
                                             Buffers: shared hit=1474
                           ->  Hash  (cost=16906.00..16906.00 rows=26785 width=12) (actual time=118.048..118.049 rows=26695 loops=1)
                                 Buckets: 32768  Batches: 1  Memory Usage: 1403kB
                                 Buffers: shared hit=184 read=14172
                                 ->  Seq Scan on item  (cost=0.00..16906.00 rows=26785 width=12) (actual time=0.014..113.182 rows=26695 loops=1)
                                       Filter: (i_category = 'Children'::bpchar)
                                       Rows Removed by Filter: 177305
                                       Buffers: shared hit=184 read=14172
                     ->  Index Scan using customer_pkey on customer  (cost=0.43..7.65 rows=1 width=8) (actual time=0.018..0.018 rows=0 loops=57462)
                           Index Cond: (c_customer_sk = store_sales.ss_customer_sk)
                           Filter: (c_birth_month = 1)
                           Rows Removed by Filter: 1
                           Buffers: shared hit=227053 read=7
               ->  Index Scan using customer_address_pkey on customer_address  (cost=0.42..7.65 rows=1 width=15) (actual time=0.019..0.019 rows=0 loops=5685)
                     Index Cond: (ca_address_sk = customer.c_current_addr_sk)
                     Filter: (ca_state = 'KY'::bpchar)
                     Rows Removed by Filter: 1
                     Buffers: shared hit=21474 read=1266
         ->  Hash  (cost=22.02..22.02 rows=402 width=15) (actual time=2.142..2.143 rows=402 loops=1)
               Buckets: 1024  Batches: 1  Memory Usage: 27kB
               Buffers: shared hit=16 read=2
               ->  Seq Scan on store  (cost=0.00..22.02 rows=402 width=15) (actual time=0.029..1.980 rows=402 loops=1)
                     Buffers: shared hit=16 read=2
 Planning:
   Buffers: shared hit=460
 Planning Time: 4.683 ms
 Execution Time: 78777.629 ms
(54 rows)

