                                                                            QUERY PLAN                                                                            
------------------------------------------------------------------------------------------------------------------------------------------------------------------
 Aggregate  (cost=9789544.05..9789544.06 rows=1 width=40) (actual time=81228.890..81228.897 rows=1 loops=1)
   Buffers: shared hit=760039 read=5133417
   ->  Hash Join  (cost=20034.16..9789544.01 rows=6 width=14) (actual time=68487.424..81228.687 rows=157 loops=1)
         Hash Cond: (store_sales.ss_store_sk = store.s_store_sk)
         Join Filter: ("substring"((customer_address.ca_zip)::text, 1, 5) <> "substring"((store.s_zip)::text, 1, 5))
         Rows Removed by Join Filter: 2
         Buffers: shared hit=760039 read=5133417
         ->  Nested Loop  (cost=20007.11..9789516.95 rows=6 width=29) (actual time=68486.620..81227.451 rows=159 loops=1)
               Buffers: shared hit=760021 read=5133417
               ->  Nested Loop  (cost=20006.69..9786777.34 rows=358 width=22) (actual time=68486.592..81043.303 rows=8069 loops=1)
                     Buffers: shared hit=729337 read=5131825
                     ->  Hash Join  (cost=20006.26..9730761.65 rows=7322 width=22) (actual time=68486.523..77612.702 rows=172017 loops=1)
                           Hash Cond: (store_sales.ss_item_sk = item.i_item_sk)
                           Buffers: shared hit=49582 read=5131800
                           ->  Hash Join  (cost=2570.11..9713233.05 rows=35219 width=18) (actual time=68385.681..77315.801 rows=875168 loops=1)
                                 Hash Cond: (store_sales.ss_sold_date_sk = date_dim.d_date_sk)
                                 Buffers: shared hit=35457 read=5131569
                                 ->  Seq Scan on store_sales  (cost=0.00..9485539.52 rows=85756551 width=22) (actual time=0.052..72163.132 rows=85367142 loops=1)
                                       Filter: ((ss_wholesale_cost >= '63'::numeric) AND (ss_wholesale_cost <= '83'::numeric))
                                       Rows Removed by Filter: 202629882
                                       Buffers: shared hit=33983 read=5131569
                                 ->  Hash  (cost=2569.73..2569.73 rows=30 width=4) (actual time=20.448..20.449 rows=31 loops=1)
                                       Buckets: 1024  Batches: 1  Memory Usage: 10kB
                                       Buffers: shared hit=1474
                                       ->  Seq Scan on date_dim  (cost=0.00..2569.73 rows=30 width=4) (actual time=12.130..20.436 rows=31 loops=1)
                                             Filter: ((d_year = 2002) AND (d_moy = 12))
                                             Rows Removed by Filter: 73018
                                             Buffers: shared hit=1474
                           ->  Hash  (cost=16906.00..16906.00 rows=42412 width=12) (actual time=100.601..100.602 rows=42041 loops=1)
                                 Buckets: 65536  Batches: 1  Memory Usage: 2319kB
                                 Buffers: shared hit=14125 read=231
                                 ->  Seq Scan on item  (cost=0.00..16906.00 rows=42412 width=12) (actual time=0.017..94.437 rows=42041 loops=1)
                                       Filter: (i_category = 'Electronics'::bpchar)
                                       Rows Removed by Filter: 161959
                                       Buffers: shared hit=14125 read=231
                     ->  Index Scan using customer_pkey on customer  (cost=0.43..7.65 rows=1 width=8) (actual time=0.020..0.020 rows=0 loops=172017)
                           Index Cond: (c_customer_sk = store_sales.ss_customer_sk)
                           Filter: (c_birth_month = 7)
                           Rows Removed by Filter: 1
                           Buffers: shared hit=679755 read=25
               ->  Index Scan using customer_address_pkey on customer_address  (cost=0.42..7.65 rows=1 width=15) (actual time=0.022..0.022 rows=0 loops=8069)
                     Index Cond: (ca_address_sk = customer.c_current_addr_sk)
                     Filter: (ca_state = 'NY'::bpchar)
                     Rows Removed by Filter: 1
                     Buffers: shared hit=30684 read=1592
         ->  Hash  (cost=22.02..22.02 rows=402 width=15) (actual time=0.773..0.774 rows=402 loops=1)
               Buckets: 1024  Batches: 1  Memory Usage: 27kB
               Buffers: shared hit=18
               ->  Seq Scan on store  (cost=0.00..22.02 rows=402 width=15) (actual time=0.029..0.616 rows=402 loops=1)
                     Buffers: shared hit=18
 Planning:
   Buffers: shared hit=460
 Planning Time: 4.649 ms
 Execution Time: 81229.417 ms
(54 rows)

