                                                                            QUERY PLAN                                                                            
------------------------------------------------------------------------------------------------------------------------------------------------------------------
 Aggregate  (cost=9772182.99..9772183.00 rows=1 width=40) (actual time=80263.679..80263.686 rows=1 loops=1)
   Buffers: shared hit=750436 read=5130146
   ->  Nested Loop  (cost=19811.93..9772182.98 rows=2 width=14) (actual time=15570.898..80263.585 rows=52 loops=1)
         Join Filter: ("substring"((customer_address.ca_zip)::text, 1, 5) <> "substring"((store.s_zip)::text, 1, 5))
         Buffers: shared hit=750436 read=5130146
         ->  Nested Loop  (cost=19811.79..9772171.49 rows=2 width=29) (actual time=15570.874..80262.626 rows=52 loops=1)
               Buffers: shared hit=750332 read=5130146
               ->  Nested Loop  (cost=19811.36..9771665.49 rows=66 width=22) (actual time=15471.376..80217.686 rows=2440 loops=1)
                     Buffers: shared hit=741148 read=5129570
                     ->  Hash Join  (cost=19810.93..9734477.26 rows=4861 width=22) (actual time=15470.093..77140.242 rows=174438 loops=1)
                           Hash Cond: (store_sales.ss_item_sk = item.i_item_sk)
                           Buffers: shared hit=51844 read=5129538
                           ->  Hash Join  (cost=2570.12..9717139.26 rows=37024 width=18) (actual time=15370.332..76780.910 rows=1629783 loops=1)
                                 Hash Cond: (store_sales.ss_sold_date_sk = date_dim.d_date_sk)
                                 Buffers: shared hit=37712 read=5129314
                                 ->  Seq Scan on store_sales  (cost=0.00..9485539.52 rows=87244546 width=22) (actual time=0.063..71566.992 rows=86810744 loops=1)
                                       Filter: ((ss_wholesale_cost >= '68'::numeric) AND (ss_wholesale_cost <= '88'::numeric))
                                       Rows Removed by Filter: 201186280
                                       Buffers: shared hit=36238 read=5129314
                                 ->  Hash  (cost=2569.73..2569.73 rows=31 width=4) (actual time=20.795..20.796 rows=31 loops=1)
                                       Buckets: 1024  Batches: 1  Memory Usage: 10kB
                                       Buffers: shared hit=1474
                                       ->  Seq Scan on date_dim  (cost=0.00..2569.73 rows=31 width=4) (actual time=12.105..20.779 rows=31 loops=1)
                                             Filter: ((d_year = 1999) AND (d_moy = 3))
                                             Rows Removed by Filter: 73018
                                             Buffers: shared hit=1474
                           ->  Hash  (cost=16906.00..16906.00 rows=26785 width=12) (actual time=99.630..99.631 rows=26695 loops=1)
                                 Buckets: 32768  Batches: 1  Memory Usage: 1403kB
                                 Buffers: shared hit=14132 read=224
                                 ->  Seq Scan on item  (cost=0.00..16906.00 rows=26785 width=12) (actual time=0.014..95.744 rows=26695 loops=1)
                                       Filter: (i_category = 'Children'::bpchar)
                                       Rows Removed by Filter: 177305
                                       Buffers: shared hit=14132 read=224
                     ->  Index Scan using customer_pkey on customer  (cost=0.43..7.65 rows=1 width=8) (actual time=0.017..0.017 rows=0 loops=174438)
                           Index Cond: (c_customer_sk = store_sales.ss_customer_sk)
                           Filter: (c_birth_month = 5)
                           Rows Removed by Filter: 1
                           Buffers: shared hit=689304 read=32
               ->  Index Scan using customer_address_pkey on customer_address  (cost=0.42..7.67 rows=1 width=15) (actual time=0.018..0.018 rows=0 loops=2440)
                     Index Cond: (ca_address_sk = customer.c_current_addr_sk)
                     Filter: (ca_state = 'NE'::bpchar)
                     Rows Removed by Filter: 1
                     Buffers: shared hit=9184 read=576
         ->  Index Scan using store_pkey on store  (cost=0.15..5.72 rows=1 width=15) (actual time=0.014..0.014 rows=1 loops=52)
               Index Cond: (s_store_sk = store_sales.ss_store_sk)
               Buffers: shared hit=104
 Planning:
   Buffers: shared hit=460
 Planning Time: 4.668 ms
 Execution Time: 80264.235 ms
(50 rows)

