                                                                             QUERY PLAN                                                                              
---------------------------------------------------------------------------------------------------------------------------------------------------------------------
 Aggregate  (cost=9774409.56..9774409.57 rows=1 width=40) (actual time=96833.540..96833.546 rows=1 loops=1)
   Buffers: shared hit=3196881 read=5145891
   ->  Nested Loop  (cost=2571.53..9774409.55 rows=2 width=14) (actual time=45859.255..96833.457 rows=31 loops=1)
         Join Filter: ("substring"((customer_address.ca_zip)::text, 1, 5) <> "substring"((store.s_zip)::text, 1, 5))
         Rows Removed by Join Filter: 2
         Buffers: shared hit=3196881 read=5145891
         ->  Nested Loop  (cost=2571.38..9774398.06 rows=2 width=29) (actual time=45859.208..96832.881 rows=35 loops=1)
               Buffers: shared hit=3196815 read=5145891
               ->  Nested Loop  (cost=2570.96..9773993.37 rows=53 width=25) (actual time=44394.266..96802.438 rows=1140 loops=1)
                     Buffers: shared hit=3192797 read=5145349
                     ->  Nested Loop  (cost=2570.54..9761546.35 rows=1627 width=18) (actual time=44365.359..95305.505 rows=60921 loops=1)
                           Buffers: shared hit=2955718 read=5138744
                           ->  Hash Join  (cost=2570.11..9612578.97 rows=19472 width=18) (actual time=44365.161..77623.977 rows=740972 loops=1)
                                 Hash Cond: (store_sales.ss_sold_date_sk = date_dim.d_date_sk)
                                 Buffers: shared hit=28310 read=5138716
                                 ->  Seq Scan on store_sales  (cost=0.00..9485539.52 rows=47414263 width=22) (actual time=0.062..74366.487 rows=48370740 loops=1)
                                       Filter: ((ss_wholesale_cost >= '8'::numeric) AND (ss_wholesale_cost <= '28'::numeric))
                                       Rows Removed by Filter: 239626284
                                       Buffers: shared hit=26836 read=5138716
                                 ->  Hash  (cost=2569.73..2569.73 rows=30 width=4) (actual time=33.745..33.746 rows=30 loops=1)
                                       Buckets: 1024  Batches: 1  Memory Usage: 10kB
                                       Buffers: shared hit=1474
                                       ->  Seq Scan on date_dim  (cost=0.00..2569.73 rows=30 width=4) (actual time=13.027..33.730 rows=30 loops=1)
                                             Filter: ((d_year = 2001) AND (d_moy = 4))
                                             Rows Removed by Filter: 73019
                                             Buffers: shared hit=1474
                           ->  Index Scan using customer_pkey on customer  (cost=0.43..7.65 rows=1 width=8) (actual time=0.023..0.023 rows=0 loops=740972)
                                 Index Cond: (c_customer_sk = store_sales.ss_customer_sk)
                                 Filter: (c_birth_month = 11)
                                 Rows Removed by Filter: 1
                                 Buffers: shared hit=2927408 read=28
                     ->  Index Scan using customer_address_pkey on customer_address  (cost=0.42..7.65 rows=1 width=15) (actual time=0.024..0.024 rows=0 loops=60921)
                           Index Cond: (ca_address_sk = customer.c_current_addr_sk)
                           Filter: (ca_state = 'NC'::bpchar)
                           Rows Removed by Filter: 1
                           Buffers: shared hit=237079 read=6605
               ->  Index Scan using item_pkey on item  (cost=0.42..7.64 rows=1 width=12) (actual time=0.026..0.026 rows=0 loops=1140)
                     Index Cond: (i_item_sk = store_sales.ss_item_sk)
                     Filter: (i_category = 'Jewelry'::bpchar)
                     Rows Removed by Filter: 1
                     Buffers: shared hit=4018 read=542
         ->  Index Scan using store_pkey on store  (cost=0.15..5.72 rows=1 width=15) (actual time=0.009..0.009 rows=1 loops=35)
               Index Cond: (s_store_sk = store_sales.ss_store_sk)
               Buffers: shared hit=66
 Planning:
   Buffers: shared hit=460
 Planning Time: 4.683 ms
 Execution Time: 96834.056 ms
(48 rows)

