                                                                             QUERY PLAN                                                                              
---------------------------------------------------------------------------------------------------------------------------------------------------------------------
 Aggregate  (cost=9745639.88..9745639.89 rows=1 width=40) (actual time=89132.788..89132.794 rows=1 loops=1)
   Buffers: shared hit=2006504 read=5134644
   ->  Nested Loop  (cost=2571.53..9745639.87 rows=2 width=14) (actual time=31938.147..89132.753 rows=13 loops=1)
         Join Filter: ("substring"((customer_address.ca_zip)::text, 1, 5) <> "substring"((store.s_zip)::text, 1, 5))
         Buffers: shared hit=2006504 read=5134644
         ->  Nested Loop  (cost=2571.38..9745628.38 rows=2 width=29) (actual time=31938.111..89132.529 rows=13 loops=1)
               Buffers: shared hit=2006478 read=5134644
               ->  Nested Loop  (cost=2570.96..9745254.24 rows=49 width=25) (actual time=29678.054..89109.613 rows=883 loops=1)
                     Buffers: shared hit=2003440 read=5134150
                     ->  Nested Loop  (cost=2570.54..9732096.55 rows=1720 width=18) (actual time=29655.467..88082.847 rows=43743 loops=1)
                           Buffers: shared hit=1832426 read=5130192
                           ->  Hash Join  (cost=2570.11..9599171.86 rows=17375 width=18) (actual time=29655.198..77307.001 rows=454328 loops=1)
                                 Hash Cond: (store_sales.ss_sold_date_sk = date_dim.d_date_sk)
                                 Buffers: shared hit=36837 read=5130189
                                 ->  Seq Scan on store_sales  (cost=0.00..9485539.52 rows=42307078 width=22) (actual time=0.062..74437.451 rows=43022880 loops=1)
                                       Filter: ((ss_wholesale_cost >= '5'::numeric) AND (ss_wholesale_cost <= '25'::numeric))
                                       Rows Removed by Filter: 244974144
                                       Buffers: shared hit=35363 read=5130189
                                 ->  Hash  (cost=2569.73..2569.73 rows=30 width=4) (actual time=21.681..21.682 rows=30 loops=1)
                                       Buckets: 1024  Batches: 1  Memory Usage: 10kB
                                       Buffers: shared hit=1474
                                       ->  Seq Scan on date_dim  (cost=0.00..2569.73 rows=30 width=4) (actual time=12.648..21.664 rows=30 loops=1)
                                             Filter: ((d_year = 2000) AND (d_moy = 6))
                                             Rows Removed by Filter: 73019
                                             Buffers: shared hit=1474
                           ->  Index Scan using customer_pkey on customer  (cost=0.43..7.65 rows=1 width=8) (actual time=0.023..0.023 rows=0 loops=454328)
                                 Index Cond: (c_customer_sk = store_sales.ss_customer_sk)
                                 Filter: (c_birth_month = 1)
                                 Rows Removed by Filter: 1
                                 Buffers: shared hit=1795589 read=3
                     ->  Index Scan using customer_address_pkey on customer_address  (cost=0.42..7.65 rows=1 width=15) (actual time=0.023..0.023 rows=0 loops=43743)
                           Index Cond: (ca_address_sk = customer.c_current_addr_sk)
                           Filter: (ca_state = 'OH'::bpchar)
                           Rows Removed by Filter: 1
                           Buffers: shared hit=171014 read=3958
               ->  Index Scan using item_pkey on item  (cost=0.42..7.64 rows=1 width=12) (actual time=0.025..0.025 rows=0 loops=883)
                     Index Cond: (i_item_sk = store_sales.ss_item_sk)
                     Filter: (i_category = 'Jewelry'::bpchar)
                     Rows Removed by Filter: 1
                     Buffers: shared hit=3038 read=494
         ->  Index Scan using store_pkey on store  (cost=0.15..5.72 rows=1 width=15) (actual time=0.010..0.010 rows=1 loops=13)
               Index Cond: (s_store_sk = store_sales.ss_store_sk)
               Buffers: shared hit=26
 Planning:
   Buffers: shared hit=460
 Planning Time: 4.733 ms
 Execution Time: 89133.281 ms
(47 rows)

