                                                                            QUERY PLAN                                                                            
------------------------------------------------------------------------------------------------------------------------------------------------------------------
 Aggregate  (cost=9688908.72..9688908.73 rows=1 width=40) (actual time=77412.558..77412.562 rows=1 loops=1)
   Buffers: shared hit=89141 read=5131447
   ->  Nested Loop  (cost=16953.88..9688908.70 rows=2 width=14) (actual time=4357.802..77412.527 rows=14 loops=1)
         Join Filter: ("substring"((customer_address.ca_zip)::text, 1, 5) <> "substring"((store.s_zip)::text, 1, 5))
         Buffers: shared hit=89141 read=5131447
         ->  Nested Loop  (cost=16953.73..9688897.22 rows=2 width=29) (actual time=4357.779..77412.355 rows=15 loops=1)
               Buffers: shared hit=89114 read=5131446
               ->  Nested Loop  (cost=16953.31..9688530.05 rows=48 width=22) (actual time=4280.994..77400.864 rows=881 loops=1)
                     Buffers: shared hit=85784 read=5131252
                     ->  Nested Loop  (cost=16952.88..9685408.71 rows=408 width=22) (actual time=4278.747..77305.450 rows=7845 loops=1)
                           Buffers: shared hit=54860 read=5131252
                           ->  Hash Join  (cost=16952.58..9645202.24 rows=992954 width=26) (actual time=115.665..77115.741 rows=479021 loops=1)
                                 Hash Cond: (store_sales.ss_item_sk = item.i_item_sk)
                                 Buffers: shared hit=48842 read=5131066
                                 ->  Seq Scan on store_sales  (cost=0.00..9485539.52 rows=54364643 width=22) (actual time=0.046..72194.085 rows=53574682 loops=1)
                                       Filter: ((ss_wholesale_cost >= '45'::numeric) AND (ss_wholesale_cost <= '65'::numeric))
                                       Rows Removed by Filter: 234422342
                                       Buffers: shared hit=34706 read=5130846
                                 ->  Hash  (cost=16906.00..16906.00 rows=3726 width=12) (actual time=115.536..115.537 rows=3713 loops=1)
                                       Buckets: 4096  Batches: 1  Memory Usage: 192kB
                                       Buffers: shared hit=14136 read=220
                                       ->  Seq Scan on item  (cost=0.00..16906.00 rows=3726 width=12) (actual time=0.677..114.837 rows=3713 loops=1)
                                             Filter: (i_category = 'Music'::bpchar)
                                             Rows Removed by Filter: 200287
                                             Buffers: shared hit=14136 read=220
                           ->  Memoize  (cost=0.30..7.51 rows=1 width=4) (actual time=0.000..0.000 rows=0 loops=479021)
                                 Cache Key: store_sales.ss_sold_date_sk
                                 Cache Mode: logical
                                 Hits: 476952  Misses: 2069  Evictions: 0  Overflows: 0  Memory Usage: 139kB
                                 Buffers: shared hit=6018 read=186
                                 ->  Index Scan using date_dim_pkey on date_dim  (cost=0.29..7.50 rows=1 width=4) (actual time=0.015..0.015 rows=0 loops=2069)
                                       Index Cond: (d_date_sk = store_sales.ss_sold_date_sk)
                                       Filter: ((d_year = 1998) AND (d_moy = 5))
                                       Rows Removed by Filter: 1
                                       Buffers: shared hit=6018 read=186
                     ->  Index Scan using customer_pkey on customer  (cost=0.43..7.65 rows=1 width=8) (actual time=0.012..0.012 rows=0 loops=7845)
                           Index Cond: (c_customer_sk = store_sales.ss_customer_sk)
                           Filter: (c_birth_month = 8)
                           Rows Removed by Filter: 1
                           Buffers: shared hit=30924
               ->  Index Scan using customer_address_pkey on customer_address  (cost=0.42..7.65 rows=1 width=15) (actual time=0.013..0.013 rows=0 loops=881)
                     Index Cond: (ca_address_sk = customer.c_current_addr_sk)
                     Filter: (ca_state = 'VA'::bpchar)
                     Rows Removed by Filter: 1
                     Buffers: shared hit=3330 read=194
         ->  Index Scan using store_pkey on store  (cost=0.15..5.72 rows=1 width=15) (actual time=0.007..0.007 rows=1 loops=15)
               Index Cond: (s_store_sk = store_sales.ss_store_sk)
               Buffers: shared hit=27 read=1
 Planning:
   Buffers: shared hit=460
 Planning Time: 4.702 ms
 Execution Time: 77413.139 ms
(52 rows)

