                                                                             QUERY PLAN                                                                              
---------------------------------------------------------------------------------------------------------------------------------------------------------------------
 Aggregate  (cost=9727809.14..9727809.15 rows=1 width=40) (actual time=87292.192..87292.197 rows=1 loops=1)
   Buffers: shared hit=1945341 read=5138791
   ->  Nested Loop  (cost=2571.54..9727809.13 rows=1 width=14) (actual time=2984.132..87292.157 rows=13 loops=1)
         Join Filter: ("substring"((customer_address.ca_zip)::text, 1, 5) <> "substring"((store.s_zip)::text, 1, 5))
         Buffers: shared hit=1945341 read=5138791
         ->  Nested Loop  (cost=2571.39..9727803.39 rows=1 width=29) (actual time=2984.107..87291.947 rows=14 loops=1)
               Buffers: shared hit=1945315 read=5138791
               ->  Nested Loop  (cost=2570.97..9727589.59 rows=28 width=25) (actual time=2917.770..87276.072 rows=520 loops=1)
                     Buffers: shared hit=1943477 read=5138549
                     ->  Nested Loop  (cost=2570.55..9720182.71 rows=968 width=18) (actual time=2897.513..86608.388 rows=26079 loops=1)
                           Buffers: shared hit=1843522 read=5134188
                           ->  Hash Join  (cost=2570.12..9591863.49 rows=16773 width=18) (actual time=2897.418..75896.772 rows=458239 loops=1)
                                 Hash Cond: (store_sales.ss_sold_date_sk = date_dim.d_date_sk)
                                 Buffers: shared hit=33426 read=5133600
                                 ->  Seq Scan on store_sales  (cost=0.00..9485539.52 rows=39523085 width=22) (actual time=0.507..73208.689 rows=40114371 loops=1)
                                       Filter: ((ss_wholesale_cost >= '24'::numeric) AND (ss_wholesale_cost <= '44'::numeric))
                                       Rows Removed by Filter: 247882653
                                       Buffers: shared hit=32079 read=5133473
                                 ->  Hash  (cost=2569.73..2569.73 rows=31 width=4) (actual time=20.336..20.337 rows=31 loops=1)
                                       Buckets: 1024  Batches: 1  Memory Usage: 10kB
                                       Buffers: shared hit=1347 read=127
                                       ->  Seq Scan on date_dim  (cost=0.00..2569.73 rows=31 width=4) (actual time=11.771..20.322 rows=31 loops=1)
                                             Filter: ((d_year = 1998) AND (d_moy = 3))
                                             Rows Removed by Filter: 73018
                                             Buffers: shared hit=1347 read=127
                           ->  Index Scan using customer_pkey on customer  (cost=0.43..7.65 rows=1 width=8) (actual time=0.023..0.023 rows=0 loops=458239)
                                 Index Cond: (c_customer_sk = store_sales.ss_customer_sk)
                                 Filter: (c_birth_month = 3)
                                 Rows Removed by Filter: 1
                                 Buffers: shared hit=1810096 read=588
                     ->  Index Scan using customer_address_pkey on customer_address  (cost=0.42..7.65 rows=1 width=15) (actual time=0.025..0.025 rows=0 loops=26079)
                           Index Cond: (ca_address_sk = customer.c_current_addr_sk)
                           Filter: (ca_state = 'OH'::bpchar)
                           Rows Removed by Filter: 1
                           Buffers: shared hit=99955 read=4361
               ->  Index Scan using item_pkey on item  (cost=0.42..7.64 rows=1 width=12) (actual time=0.030..0.030 rows=0 loops=520)
                     Index Cond: (i_item_sk = store_sales.ss_item_sk)
                     Filter: (i_category = 'Jewelry'::bpchar)
                     Rows Removed by Filter: 1
                     Buffers: shared hit=1838 read=242
         ->  Index Scan using store_pkey on store  (cost=0.15..5.72 rows=1 width=15) (actual time=0.009..0.009 rows=1 loops=14)
               Index Cond: (s_store_sk = store_sales.ss_store_sk)
               Buffers: shared hit=26
 Planning:
   Buffers: shared hit=460
 Planning Time: 6.412 ms
 Execution Time: 87292.689 ms
(47 rows)

