                                                                            QUERY PLAN                                                                            
------------------------------------------------------------------------------------------------------------------------------------------------------------------
 Aggregate  (cost=9697733.72..9697733.73 rows=1 width=40) (actual time=81139.175..81139.182 rows=1 loops=1)
   Buffers: shared hit=1618896 read=5141620
   ->  Nested Loop  (cost=20007.27..9697733.70 rows=3 width=14) (actual time=30157.437..81138.797 rows=269 loops=1)
         Join Filter: ("substring"((customer_address.ca_zip)::text, 1, 5) <> "substring"((store.s_zip)::text, 1, 5))
         Rows Removed by Join Filter: 2
         Buffers: shared hit=1618896 read=5141620
         ->  Nested Loop  (cost=20007.12..9697716.47 rows=3 width=29) (actual time=30157.409..81135.646 rows=272 loops=1)
               Buffers: shared hit=1618357 read=5141617
               ->  Nested Loop  (cost=20006.70..9695474.51 rows=293 width=22) (actual time=30133.789..80666.208 rows=21143 loops=1)
                     Buffers: shared hit=1541811 read=5133591
                     ->  Hash Join  (cost=20006.27..9656641.41 rows=5076 width=22) (actual time=30133.563..73246.053 rows=378009 loops=1)
                           Hash Cond: (store_sales.ss_item_sk = item.i_item_sk)
                           Buffers: shared hit=48670 read=5132712
                           ->  Hash Join  (cost=2570.12..9639141.17 rows=24415 width=18) (actual time=30002.838..72760.961 rows=1595460 loops=1)
                                 Hash Cond: (store_sales.ss_sold_date_sk = date_dim.d_date_sk)
                                 Buffers: shared hit=34554 read=5132472
                                 ->  Seq Scan on store_sales  (cost=0.00..9485539.52 rows=57532634 width=22) (actual time=0.666..68972.427 rows=57752041 loops=1)
                                       Filter: ((ss_wholesale_cost >= '77'::numeric) AND (ss_wholesale_cost <= '97'::numeric))
                                       Rows Removed by Filter: 230244983
                                       Buffers: shared hit=33207 read=5132345
                                 ->  Hash  (cost=2569.73..2569.73 rows=31 width=4) (actual time=20.409..20.411 rows=31 loops=1)
                                       Buckets: 1024  Batches: 1  Memory Usage: 10kB
                                       Buffers: shared hit=1347 read=127
                                       ->  Seq Scan on date_dim  (cost=0.00..2569.73 rows=31 width=4) (actual time=12.622..20.399 rows=31 loops=1)
                                             Filter: ((d_year = 2000) AND (d_moy = 8))
                                             Rows Removed by Filter: 73018
                                             Buffers: shared hit=1347 read=127
                           ->  Hash  (cost=16906.00..16906.00 rows=42412 width=12) (actual time=115.223..115.224 rows=42041 loops=1)
                                 Buckets: 65536  Batches: 1  Memory Usage: 2319kB
                                 Buffers: shared hit=14116 read=240
                                 ->  Seq Scan on item  (cost=0.00..16906.00 rows=42412 width=12) (actual time=0.016..108.395 rows=42041 loops=1)
                                       Filter: (i_category = 'Electronics'::bpchar)
                                       Rows Removed by Filter: 161959
                                       Buffers: shared hit=14116 read=240
                     ->  Index Scan using customer_pkey on customer  (cost=0.43..7.65 rows=1 width=8) (actual time=0.019..0.019 rows=0 loops=378009)
                           Index Cond: (c_customer_sk = store_sales.ss_customer_sk)
                           Filter: (c_birth_month = 3)
                           Rows Removed by Filter: 1
                           Buffers: shared hit=1493141 read=879
               ->  Index Scan using customer_address_pkey on customer_address  (cost=0.42..7.65 rows=1 width=15) (actual time=0.022..0.022 rows=0 loops=21143)
                     Index Cond: (ca_address_sk = customer.c_current_addr_sk)
                     Filter: (ca_state = 'WA'::bpchar)
                     Rows Removed by Filter: 1
                     Buffers: shared hit=76546 read=8026
         ->  Index Scan using store_pkey on store  (cost=0.15..5.72 rows=1 width=15) (actual time=0.007..0.007 rows=1 loops=272)
               Index Cond: (s_store_sk = store_sales.ss_store_sk)
               Buffers: shared hit=539 read=3
 Planning:
   Buffers: shared hit=460
 Planning Time: 4.707 ms
 Execution Time: 81139.723 ms
(51 rows)

