                                                                            QUERY PLAN                                                                            
------------------------------------------------------------------------------------------------------------------------------------------------------------------
 Aggregate  (cost=9720605.72..9720605.73 rows=1 width=40) (actual time=81178.296..81178.302 rows=1 loops=1)
   Buffers: shared hit=1102737 read=5126807
   ->  Nested Loop  (cost=2571.52..9720605.67 rows=6 width=14) (actual time=23811.820..81178.239 rows=20 loops=1)
         Join Filter: ("substring"((customer_address.ca_zip)::text, 1, 5) <> "substring"((store.s_zip)::text, 1, 5))
         Rows Removed by Join Filter: 1
         Buffers: shared hit=1102737 read=5126807
         ->  Nested Loop  (cost=2571.37..9720571.21 rows=6 width=29) (actual time=23811.795..81177.883 rows=21 loops=1)
               Buffers: shared hit=1102695 read=5126807
               ->  Nested Loop  (cost=2570.94..9720035.69 rows=70 width=22) (actual time=23677.480..81135.938 rows=1329 loops=1)
                     Buffers: shared hit=1098097 read=5126089
                     ->  Nested Loop  (cost=2570.52..9710109.42 rows=1300 width=18) (actual time=23674.270..80670.572 rows=19702 loops=1)
                           Buffers: shared hit=1020189 read=5125189
                           ->  Hash Join  (cost=2570.10..9591031.81 rows=15565 width=18) (actual time=23674.030..75009.165 rows=247625 loops=1)
                                 Hash Cond: (store_sales.ss_sold_date_sk = date_dim.d_date_sk)
                                 Buffers: shared hit=41946 read=5125080
                                 ->  Seq Scan on store_sales  (cost=0.00..9485539.52 rows=39206286 width=22) (actual time=1.450..72430.659 rows=39350281 loops=1)
                                       Filter: ((ss_wholesale_cost >= '28'::numeric) AND (ss_wholesale_cost <= '48'::numeric))
                                       Rows Removed by Filter: 248646743
                                       Buffers: shared hit=40599 read=5124953
                                 ->  Hash  (cost=2569.73..2569.73 rows=29 width=4) (actual time=19.308..19.309 rows=30 loops=1)
                                       Buckets: 1024  Batches: 1  Memory Usage: 10kB
                                       Buffers: shared hit=1347 read=127
                                       ->  Seq Scan on date_dim  (cost=0.00..2569.73 rows=29 width=4) (actual time=11.897..19.295 rows=30 loops=1)
                                             Filter: ((d_year = 1999) AND (d_moy = 11))
                                             Rows Removed by Filter: 73019
                                             Buffers: shared hit=1347 read=127
                           ->  Index Scan using customer_pkey on customer  (cost=0.43..7.65 rows=1 width=8) (actual time=0.023..0.023 rows=0 loops=247625)
                                 Index Cond: (c_customer_sk = store_sales.ss_customer_sk)
                                 Filter: (c_birth_month = 11)
                                 Rows Removed by Filter: 1
                                 Buffers: shared hit=978243 read=109
                     ->  Index Scan using item_pkey on item  (cost=0.42..7.64 rows=1 width=12) (actual time=0.023..0.023 rows=0 loops=19702)
                           Index Cond: (i_item_sk = store_sales.ss_item_sk)
                           Filter: (i_category = 'Women'::bpchar)
                           Rows Removed by Filter: 1
                           Buffers: shared hit=77908 read=900
               ->  Index Scan using customer_address_pkey on customer_address  (cost=0.42..7.65 rows=1 width=15) (actual time=0.031..0.031 rows=0 loops=1329)
                     Index Cond: (ca_address_sk = customer.c_current_addr_sk)
                     Filter: (ca_state = 'TX'::bpchar)
                     Rows Removed by Filter: 1
                     Buffers: shared hit=4598 read=718
         ->  Index Scan using store_pkey on store  (cost=0.15..5.72 rows=1 width=15) (actual time=0.010..0.010 rows=1 loops=21)
               Index Cond: (s_store_sk = store_sales.ss_store_sk)
               Buffers: shared hit=42
 Planning:
   Buffers: shared hit=460
 Planning Time: 4.993 ms
 Execution Time: 81178.812 ms
(48 rows)

