                                                                            QUERY PLAN                                                                            
------------------------------------------------------------------------------------------------------------------------------------------------------------------
 Aggregate  (cost=9753109.73..9753109.74 rows=1 width=40) (actual time=78148.125..78148.130 rows=1 loops=1)
   Buffers: shared hit=200794 read=5127750
   ->  Nested Loop  (cost=19688.67..9753109.72 rows=1 width=14) (actual time=29483.695..78148.107 rows=7 loops=1)
         Join Filter: ("substring"((customer_address.ca_zip)::text, 1, 5) <> "substring"((store.s_zip)::text, 1, 5))
         Buffers: shared hit=200794 read=5127750
         ->  Nested Loop  (cost=19688.53..9753103.98 rows=1 width=29) (actual time=29483.672..78148.011 rows=7 loops=1)
               Buffers: shared hit=200780 read=5127750
               ->  Nested Loop  (cost=19688.10..9752797.31 rows=40 width=22) (actual time=29234.725..78140.781 rows=542 loops=1)
                     Buffers: shared hit=198897 read=5127465
                     ->  Hash Join  (cost=19687.67..9730443.06 rows=2922 width=22) (actual time=29225.964..77749.952 rows=36671 loops=1)
                           Hash Cond: (store_sales.ss_item_sk = item.i_item_sk)
                           Buffers: shared hit=53940 read=5127442
                           ->  Hash Join  (cost=2570.11..9713233.05 rows=35219 width=18) (actual time=29105.175..77520.595 rows=865700 loops=1)
                                 Hash Cond: (store_sales.ss_sold_date_sk = date_dim.d_date_sk)
                                 Buffers: shared hit=43662 read=5123364
                                 ->  Seq Scan on store_sales  (cost=0.00..9485539.52 rows=85756551 width=22) (actual time=0.497..72436.515 rows=85367142 loops=1)
                                       Filter: ((ss_wholesale_cost >= '61'::numeric) AND (ss_wholesale_cost <= '81'::numeric))
                                       Rows Removed by Filter: 202629882
                                       Buffers: shared hit=42315 read=5123237
                                 ->  Hash  (cost=2569.73..2569.73 rows=30 width=4) (actual time=28.027..28.028 rows=31 loops=1)
                                       Buckets: 1024  Batches: 1  Memory Usage: 10kB
                                       Buffers: shared hit=1347 read=127
                                       ->  Seq Scan on date_dim  (cost=0.00..2569.73 rows=30 width=4) (actual time=16.925..28.014 rows=31 loops=1)
                                             Filter: ((d_year = 2000) AND (d_moy = 5))
                                             Rows Removed by Filter: 73018
                                             Buffers: shared hit=1347 read=127
                           ->  Hash  (cost=16906.00..16906.00 rows=16925 width=12) (actual time=120.634..120.635 rows=17141 loops=1)
                                 Buckets: 32768  Batches: 1  Memory Usage: 993kB
                                 Buffers: shared hit=10278 read=4078
                                 ->  Seq Scan on item  (cost=0.00..16906.00 rows=16925 width=12) (actual time=0.016..117.008 rows=17141 loops=1)
                                       Filter: (i_category = 'Home'::bpchar)
                                       Rows Removed by Filter: 186859
                                       Buffers: shared hit=10278 read=4078
                     ->  Index Scan using customer_pkey on customer  (cost=0.43..7.65 rows=1 width=8) (actual time=0.010..0.010 rows=0 loops=36671)
                           Index Cond: (c_customer_sk = store_sales.ss_customer_sk)
                           Filter: (c_birth_month = 5)
                           Rows Removed by Filter: 1
                           Buffers: shared hit=144957 read=23
               ->  Index Scan using customer_address_pkey on customer_address  (cost=0.42..7.67 rows=1 width=15) (actual time=0.013..0.013 rows=0 loops=542)
                     Index Cond: (ca_address_sk = customer.c_current_addr_sk)
                     Filter: (ca_state = 'NC'::bpchar)
                     Rows Removed by Filter: 1
                     Buffers: shared hit=1883 read=285
         ->  Index Scan using store_pkey on store  (cost=0.15..5.72 rows=1 width=15) (actual time=0.008..0.008 rows=1 loops=7)
               Index Cond: (s_store_sk = store_sales.ss_store_sk)
               Buffers: shared hit=14
 Planning:
   Buffers: shared hit=460
 Planning Time: 5.485 ms
 Execution Time: 78148.527 ms
(50 rows)

