                                                                            QUERY PLAN                                                                            
------------------------------------------------------------------------------------------------------------------------------------------------------------------
 Aggregate  (cost=9642747.92..9642747.93 rows=1 width=40) (actual time=75746.911..75746.917 rows=1 loops=1)
   Buffers: shared hit=433124 read=5139340
   ->  Hash Join  (cost=19777.11..9642747.84 rows=10 width=14) (actual time=5513.169..75746.642 rows=311 loops=1)
         Hash Cond: (store_sales.ss_store_sk = store.s_store_sk)
         Join Filter: ("substring"((customer_address.ca_zip)::text, 1, 5) <> "substring"((store.s_zip)::text, 1, 5))
         Rows Removed by Join Filter: 9
         Buffers: shared hit=433124 read=5139340
         ->  Nested Loop  (cost=19750.06..9642720.77 rows=10 width=29) (actual time=5512.327..75745.158 rows=321 loops=1)
               Buffers: shared hit=433106 read=5139340
               ->  Nested Loop  (cost=19749.64..9640158.46 rows=335 width=22) (actual time=5481.642..75533.277 rows=14165 loops=1)
                     Buffers: shared hit=383949 read=5131837
                     ->  Hash Join  (cost=19749.21..9624842.48 rows=2002 width=22) (actual time=5481.444..74409.707 rows=84632 loops=1)
                           Hash Cond: (store_sales.ss_item_sk = item.i_item_sk)
                           Buffers: shared hit=50176 read=5131206
                           ->  Hash Join  (cost=2570.11..9607614.30 rows=18696 width=18) (actual time=5373.814..74153.945 rows=978569 loops=1)
                                 Hash Cond: (store_sales.ss_sold_date_sk = date_dim.d_date_sk)
                                 Buffers: shared hit=36063 read=5130963
                                 ->  Seq Scan on store_sales  (cost=0.00..9485539.52 rows=45523068 width=22) (actual time=0.048..71264.055 rows=45442997 loops=1)
                                       Filter: ((ss_wholesale_cost >= '34'::numeric) AND (ss_wholesale_cost <= '54'::numeric))
                                       Rows Removed by Filter: 242554027
                                       Buffers: shared hit=34590 read=5130962
                                 ->  Hash  (cost=2569.73..2569.73 rows=30 width=4) (actual time=20.851..20.852 rows=30 loops=1)
                                       Buckets: 1024  Batches: 1  Memory Usage: 10kB
                                       Buffers: shared hit=1473 read=1
                                       ->  Seq Scan on date_dim  (cost=0.00..2569.73 rows=30 width=4) (actual time=12.668..20.842 rows=30 loops=1)
                                             Filter: ((d_year = 1998) AND (d_moy = 6))
                                             Rows Removed by Filter: 73019
                                             Buffers: shared hit=1473 read=1
                           ->  Hash  (cost=16906.00..16906.00 rows=21848 width=12) (actual time=107.488..107.489 rows=21811 loops=1)
                                 Buckets: 32768  Batches: 1  Memory Usage: 1193kB
                                 Buffers: shared hit=14113 read=243
                                 ->  Seq Scan on item  (cost=0.00..16906.00 rows=21848 width=12) (actual time=0.023..103.968 rows=21811 loops=1)
                                       Filter: (i_category = 'Sports'::bpchar)
                                       Rows Removed by Filter: 182189
                                       Buffers: shared hit=14113 read=243
                     ->  Index Scan using customer_pkey on customer  (cost=0.43..7.65 rows=1 width=8) (actual time=0.013..0.013 rows=0 loops=84632)
                           Index Cond: (c_customer_sk = store_sales.ss_customer_sk)
                           Filter: (c_birth_month = 4)
                           Rows Removed by Filter: 1
                           Buffers: shared hit=333773 read=631
               ->  Index Scan using customer_address_pkey on customer_address  (cost=0.42..7.65 rows=1 width=15) (actual time=0.015..0.015 rows=0 loops=14165)
                     Index Cond: (ca_address_sk = customer.c_current_addr_sk)
                     Filter: (ca_state = 'NE'::bpchar)
                     Rows Removed by Filter: 1
                     Buffers: shared hit=49157 read=7503
         ->  Hash  (cost=22.02..22.02 rows=402 width=15) (actual time=0.809..0.810 rows=402 loops=1)
               Buckets: 1024  Batches: 1  Memory Usage: 27kB
               Buffers: shared hit=18
               ->  Seq Scan on store  (cost=0.00..22.02 rows=402 width=15) (actual time=0.031..0.651 rows=402 loops=1)
                     Buffers: shared hit=18
 Planning:
   Buffers: shared hit=460
 Planning Time: 4.722 ms
 Execution Time: 75747.446 ms
(54 rows)

