                                                                            QUERY PLAN                                                                            
------------------------------------------------------------------------------------------------------------------------------------------------------------------
 Aggregate  (cost=9697924.54..9697924.55 rows=1 width=40) (actual time=76317.019..76317.025 rows=1 loops=1)
   Buffers: shared hit=876299 read=5142781
   ->  Hash Join  (cost=20034.16..9697924.42 rows=15 width=14) (actual time=23547.815..76316.700 rows=276 loops=1)
         Hash Cond: (store_sales.ss_store_sk = store.s_store_sk)
         Join Filter: ("substring"((customer_address.ca_zip)::text, 1, 5) <> "substring"((store.s_zip)::text, 1, 5))
         Rows Removed by Join Filter: 8
         Buffers: shared hit=876299 read=5142781
         ->  Nested Loop  (cost=20007.11..9697897.34 rows=15 width=29) (actual time=23546.422..76314.556 rows=285 loops=1)
               Buffers: shared hit=876282 read=5142780
               ->  Nested Loop  (cost=20006.69..9694217.77 rows=481 width=22) (actual time=23469.015..75914.554 rows=18631 loops=1)
                     Buffers: shared hit=808664 read=5135874
                     ->  Hash Join  (cost=20006.26..9656639.33 rows=4912 width=22) (actual time=23443.914..72035.387 rows=193070 loops=1)
                           Hash Cond: (store_sales.ss_item_sk = item.i_item_sk)
                           Buffers: shared hit=47450 read=5133932
                           ->  Hash Join  (cost=2570.11..9639141.16 rows=23628 width=18) (actual time=23340.636..71737.274 rows=805760 loops=1)
                                 Hash Cond: (store_sales.ss_sold_date_sk = date_dim.d_date_sk)
                                 Buffers: shared hit=33323 read=5133703
                                 ->  Seq Scan on store_sales  (cost=0.00..9485539.52 rows=57532634 width=22) (actual time=0.045..68098.333 rows=57752041 loops=1)
                                       Filter: ((ss_wholesale_cost >= '76'::numeric) AND (ss_wholesale_cost <= '96'::numeric))
                                       Rows Removed by Filter: 230244983
                                       Buffers: shared hit=31849 read=5133703
                                 ->  Hash  (cost=2569.73..2569.73 rows=30 width=4) (actual time=19.795..19.796 rows=31 loops=1)
                                       Buckets: 1024  Batches: 1  Memory Usage: 10kB
                                       Buffers: shared hit=1474
                                       ->  Seq Scan on date_dim  (cost=0.00..2569.73 rows=30 width=4) (actual time=10.984..19.785 rows=31 loops=1)
                                             Filter: ((d_year = 2000) AND (d_moy = 1))
                                             Rows Removed by Filter: 73018
                                             Buffers: shared hit=1474
                           ->  Hash  (cost=16906.00..16906.00 rows=42412 width=12) (actual time=103.023..103.024 rows=42041 loops=1)
                                 Buckets: 65536  Batches: 1  Memory Usage: 2319kB
                                 Buffers: shared hit=14127 read=229
                                 ->  Seq Scan on item  (cost=0.00..16906.00 rows=42412 width=12) (actual time=0.018..96.435 rows=42041 loops=1)
                                       Filter: (i_category = 'Electronics'::bpchar)
                                       Rows Removed by Filter: 161959
                                       Buffers: shared hit=14127 read=229
                     ->  Index Scan using customer_pkey on customer  (cost=0.43..7.65 rows=1 width=8) (actual time=0.020..0.020 rows=0 loops=193070)
                           Index Cond: (c_customer_sk = store_sales.ss_customer_sk)
                           Filter: (c_birth_month = 2)
                           Rows Removed by Filter: 1
                           Buffers: shared hit=761214 read=1942
               ->  Index Scan using customer_address_pkey on customer_address  (cost=0.42..7.65 rows=1 width=15) (actual time=0.021..0.021 rows=0 loops=18631)
                     Index Cond: (ca_address_sk = customer.c_current_addr_sk)
                     Filter: (ca_state = 'IL'::bpchar)
                     Rows Removed by Filter: 1
                     Buffers: shared hit=67618 read=6906
         ->  Hash  (cost=22.02..22.02 rows=402 width=15) (actual time=1.360..1.361 rows=402 loops=1)
               Buckets: 1024  Batches: 1  Memory Usage: 27kB
               Buffers: shared hit=17 read=1
               ->  Seq Scan on store  (cost=0.00..22.02 rows=402 width=15) (actual time=0.029..1.196 rows=402 loops=1)
                     Buffers: shared hit=17 read=1
 Planning:
   Buffers: shared hit=460
 Planning Time: 4.690 ms
 Execution Time: 76317.572 ms
(54 rows)

