                                                                            QUERY PLAN                                                                            
------------------------------------------------------------------------------------------------------------------------------------------------------------------
 Aggregate  (cost=9638355.41..9638355.42 rows=1 width=40) (actual time=69239.415..69239.421 rows=1 loops=1)
   Buffers: shared hit=126514 read=5125202
   ->  Hash Join  (cost=19715.56..9638355.37 rows=5 width=14) (actual time=49377.963..69239.360 rows=29 loops=1)
         Hash Cond: (store_sales.ss_store_sk = store.s_store_sk)
         Join Filter: ("substring"((customer_address.ca_zip)::text, 1, 5) <> "substring"((store.s_zip)::text, 1, 5))
         Rows Removed by Join Filter: 1
         Buffers: shared hit=126514 read=5125202
         ->  Nested Loop  (cost=19688.51..9638328.31 rows=5 width=29) (actual time=49377.033..69238.338 rows=30 loops=1)
               Buffers: shared hit=126496 read=5125202
               ->  Nested Loop  (cost=19688.09..9637188.49 rows=149 width=22) (actual time=49373.685..69220.701 rows=1594 loops=1)
                     Buffers: shared hit=120885 read=5124437
                     ->  Hash Join  (cost=19687.66..9625636.48 rows=1510 width=22) (actual time=49373.468..69069.699 rows=16177 loops=1)
                           Hash Cond: (store_sales.ss_item_sk = item.i_item_sk)
                           Buffers: shared hit=57110 read=5124272
                           ->  Hash Join  (cost=2570.10..9608471.13 rows=18202 width=18) (actual time=49272.789..68920.364 rows=387098 loops=1)
                                 Hash Cond: (store_sales.ss_sold_date_sk = date_dim.d_date_sk)
                                 Buffers: shared hit=42960 read=5124066
                                 ->  Seq Scan on store_sales  (cost=0.00..9485539.52 rows=45849467 width=22) (actual time=0.042..66042.163 rows=46160898 loops=1)
                                       Filter: ((ss_wholesale_cost >= '80'::numeric) AND (ss_wholesale_cost <= '100'::numeric))
                                       Rows Removed by Filter: 241836126
                                       Buffers: shared hit=41486 read=5124066
                                 ->  Hash  (cost=2569.73..2569.73 rows=29 width=4) (actual time=27.081..27.081 rows=30 loops=1)
                                       Buckets: 1024  Batches: 1  Memory Usage: 10kB
                                       Buffers: shared hit=1474
                                       ->  Seq Scan on date_dim  (cost=0.00..2569.73 rows=29 width=4) (actual time=18.002..27.064 rows=30 loops=1)
                                             Filter: ((d_year = 2001) AND (d_moy = 11))
                                             Rows Removed by Filter: 73019
                                             Buffers: shared hit=1474
                           ->  Hash  (cost=16906.00..16906.00 rows=16925 width=12) (actual time=100.518..100.519 rows=17141 loops=1)
                                 Buckets: 32768  Batches: 1  Memory Usage: 993kB
                                 Buffers: shared hit=14150 read=206
                                 ->  Seq Scan on item  (cost=0.00..16906.00 rows=16925 width=12) (actual time=0.016..97.194 rows=17141 loops=1)
                                       Filter: (i_category = 'Home'::bpchar)
                                       Rows Removed by Filter: 186859
                                       Buffers: shared hit=14150 read=206
                     ->  Index Scan using customer_pkey on customer  (cost=0.43..7.65 rows=1 width=8) (actual time=0.009..0.009 rows=0 loops=16177)
                           Index Cond: (c_customer_sk = store_sales.ss_customer_sk)
                           Filter: (c_birth_month = 1)
                           Rows Removed by Filter: 1
                           Buffers: shared hit=63775 read=165
               ->  Index Scan using customer_address_pkey on customer_address  (cost=0.42..7.65 rows=1 width=15) (actual time=0.011..0.011 rows=0 loops=1594)
                     Index Cond: (ca_address_sk = customer.c_current_addr_sk)
                     Filter: (ca_state = 'NC'::bpchar)
                     Rows Removed by Filter: 1
                     Buffers: shared hit=5611 read=765
         ->  Hash  (cost=22.02..22.02 rows=402 width=15) (actual time=0.899..0.899 rows=402 loops=1)
               Buckets: 1024  Batches: 1  Memory Usage: 27kB
               Buffers: shared hit=18
               ->  Seq Scan on store  (cost=0.00..22.02 rows=402 width=15) (actual time=0.032..0.709 rows=402 loops=1)
                     Buffers: shared hit=18
 Planning:
   Buffers: shared hit=460
 Planning Time: 5.655 ms
 Execution Time: 69239.940 ms
(54 rows)

