                                                                            QUERY PLAN                                                                            
------------------------------------------------------------------------------------------------------------------------------------------------------------------
 Aggregate  (cost=9733768.89..9733768.90 rows=1 width=40) (actual time=83930.459..83930.465 rows=1 loops=1)
   Buffers: shared hit=1211731 read=5150361
   ->  Nested Loop  (cost=19896.08..9733768.86 rows=4 width=14) (actual time=52211.929..83930.163 rows=249 loops=1)
         Join Filter: ("substring"((customer_address.ca_zip)::text, 1, 5) <> "substring"((store.s_zip)::text, 1, 5))
         Rows Removed by Join Filter: 16
         Buffers: shared hit=1211731 read=5150361
         ->  Nested Loop  (cost=19895.94..9733745.89 rows=4 width=29) (actual time=52211.909..83926.119 rows=269 loops=1)
               Buffers: shared hit=1211203 read=5150359
               ->  Nested Loop  (cost=19895.51..9731871.01 rows=245 width=22) (actual time=52157.617..83620.823 rows=13232 loops=1)
                     Buffers: shared hit=1161975 read=5146659
                     ->  Hash Join  (cost=19895.08..9693642.32 rows=4997 width=22) (actual time=52156.486..77905.936 rows=285252 loops=1)
                           Hash Cond: (store_sales.ss_item_sk = item.i_item_sk)
                           Buffers: shared hit=36220 read=5145162
                           ->  Hash Join  (cost=2570.12..9676237.52 rows=30412 width=18) (actual time=52025.332..77495.715 rows=1188620 loops=1)
                                 Hash Cond: (store_sales.ss_sold_date_sk = date_dim.d_date_sk)
                                 Buffers: shared hit=35534 read=5131492
                                 ->  Seq Scan on store_sales  (cost=0.00..9485539.52 rows=71663793 width=22) (actual time=0.588..73092.699 rows=71083444 loops=1)
                                       Filter: ((ss_wholesale_cost >= '49'::numeric) AND (ss_wholesale_cost <= '69'::numeric))
                                       Rows Removed by Filter: 216913580
                                       Buffers: shared hit=34060 read=5131492
                                 ->  Hash  (cost=2569.73..2569.73 rows=31 width=4) (actual time=19.990..19.992 rows=31 loops=1)
                                       Buckets: 1024  Batches: 1  Memory Usage: 10kB
                                       Buffers: shared hit=1474
                                       ->  Seq Scan on date_dim  (cost=0.00..2569.73 rows=31 width=4) (actual time=11.352..19.980 rows=31 loops=1)
                                             Filter: ((d_year = 2001) AND (d_moy = 8))
                                             Rows Removed by Filter: 73018
                                             Buffers: shared hit=1474
                           ->  Hash  (cost=16906.00..16906.00 rows=33517 width=12) (actual time=130.911..130.911 rows=33627 loops=1)
                                 Buckets: 65536  Batches: 1  Memory Usage: 1957kB
                                 Buffers: shared hit=686 read=13670
                                 ->  Seq Scan on item  (cost=0.00..16906.00 rows=33517 width=12) (actual time=0.022..123.918 rows=33627 loops=1)
                                       Filter: (i_category = 'Shoes'::bpchar)
                                       Rows Removed by Filter: 170373
                                       Buffers: shared hit=686 read=13670
                     ->  Index Scan using customer_pkey on customer  (cost=0.43..7.65 rows=1 width=8) (actual time=0.020..0.020 rows=0 loops=285252)
                           Index Cond: (c_customer_sk = store_sales.ss_customer_sk)
                           Filter: (c_birth_month = 7)
                           Rows Removed by Filter: 1
                           Buffers: shared hit=1125755 read=1497
               ->  Index Scan using customer_address_pkey on customer_address  (cost=0.42..7.65 rows=1 width=15) (actual time=0.023..0.023 rows=0 loops=13232)
                     Index Cond: (ca_address_sk = customer.c_current_addr_sk)
                     Filter: (ca_state = 'NY'::bpchar)
                     Rows Removed by Filter: 1
                     Buffers: shared hit=49228 read=3700
         ->  Index Scan using store_pkey on store  (cost=0.15..5.72 rows=1 width=15) (actual time=0.011..0.011 rows=1 loops=269)
               Index Cond: (s_store_sk = store_sales.ss_store_sk)
               Buffers: shared hit=528 read=2
 Planning:
   Buffers: shared hit=460
 Planning Time: 4.667 ms
 Execution Time: 83931.005 ms
(51 rows)

