                                                                            QUERY PLAN                                                                            
------------------------------------------------------------------------------------------------------------------------------------------------------------------
 Aggregate  (cost=9663008.75..9663008.76 rows=1 width=40) (actual time=83460.567..83460.574 rows=1 loops=1)
   Buffers: shared hit=1184385 read=5144827
   ->  Hash Join  (cost=20034.13..9663008.62 rows=18 width=14) (actual time=1804.497..83459.904 rows=633 loops=1)
         Hash Cond: (store_sales.ss_store_sk = store.s_store_sk)
         Join Filter: ("substring"((customer_address.ca_zip)::text, 1, 5) <> "substring"((store.s_zip)::text, 1, 5))
         Rows Removed by Join Filter: 6
         Buffers: shared hit=1184385 read=5144827
         ->  Nested Loop  (cost=20007.09..9662981.52 rows=18 width=29) (actual time=1803.868..83457.556 rows=641 loops=1)
               Buffers: shared hit=1184367 read=5144827
               ->  Nested Loop  (cost=20006.66..9658965.78 rows=525 width=22) (actual time=1800.955..82644.683 rows=35655 loops=1)
                     Buffers: shared hit=1049367 read=5137207
                     ->  Hash Join  (cost=20006.24..9630062.80 rows=3778 width=22) (actual time=1800.919..77283.010 rows=254459 loops=1)
                           Hash Cond: (store_sales.ss_item_sk = item.i_item_sk)
                           Buffers: shared hit=44675 read=5136707
                           ->  Hash Join  (cost=2570.08..9612578.94 rows=18174 width=18) (actual time=1692.488..76964.486 rows=711929 loops=1)
                                 Hash Cond: (store_sales.ss_sold_date_sk = date_dim.d_date_sk)
                                 Buffers: shared hit=30575 read=5136451
                                 ->  Seq Scan on store_sales  (cost=0.00..9485539.52 rows=47414263 width=22) (actual time=0.034..73868.262 rows=48370740 loops=1)
                                       Filter: ((ss_wholesale_cost >= '10'::numeric) AND (ss_wholesale_cost <= '30'::numeric))
                                       Rows Removed by Filter: 239626284
                                       Buffers: shared hit=29101 read=5136451
                                 ->  Hash  (cost=2569.73..2569.73 rows=28 width=4) (actual time=19.750..19.750 rows=28 loops=1)
                                       Buckets: 1024  Batches: 1  Memory Usage: 9kB
                                       Buffers: shared hit=1474
                                       ->  Seq Scan on date_dim  (cost=0.00..2569.73 rows=28 width=4) (actual time=10.834..19.737 rows=28 loops=1)
                                             Filter: ((d_year = 1998) AND (d_moy = 2))
                                             Rows Removed by Filter: 73021
                                             Buffers: shared hit=1474
                           ->  Hash  (cost=16906.00..16906.00 rows=42412 width=12) (actual time=108.185..108.186 rows=42041 loops=1)
                                 Buckets: 65536  Batches: 1  Memory Usage: 2319kB
                                 Buffers: shared hit=14100 read=256
                                 ->  Seq Scan on item  (cost=0.00..16906.00 rows=42412 width=12) (actual time=0.016..101.902 rows=42041 loops=1)
                                       Filter: (i_category = 'Electronics'::bpchar)
                                       Rows Removed by Filter: 161959
                                       Buffers: shared hit=14100 read=256
                     ->  Index Scan using customer_pkey on customer  (cost=0.43..7.65 rows=1 width=8) (actual time=0.021..0.021 rows=0 loops=254459)
                           Index Cond: (c_customer_sk = store_sales.ss_customer_sk)
                           Filter: (c_birth_month = 10)
                           Rows Removed by Filter: 1
                           Buffers: shared hit=1004692 read=500
               ->  Index Scan using customer_address_pkey on customer_address  (cost=0.42..7.65 rows=1 width=15) (actual time=0.022..0.022 rows=0 loops=35655)
                     Index Cond: (ca_address_sk = customer.c_current_addr_sk)
                     Filter: (ca_state = 'KS'::bpchar)
                     Rows Removed by Filter: 1
                     Buffers: shared hit=135000 read=7620
         ->  Hash  (cost=22.02..22.02 rows=402 width=15) (actual time=0.603..0.604 rows=402 loops=1)
               Buckets: 1024  Batches: 1  Memory Usage: 27kB
               Buffers: shared hit=18
               ->  Seq Scan on store  (cost=0.00..22.02 rows=402 width=15) (actual time=0.025..0.496 rows=402 loops=1)
                     Buffers: shared hit=18
 Planning:
   Buffers: shared hit=421 read=39
 Planning Time: 5.346 ms
 Execution Time: 83460.999 ms
(54 rows)

