                                                                            QUERY PLAN                                                                            
------------------------------------------------------------------------------------------------------------------------------------------------------------------
 Aggregate  (cost=9684285.03..9684285.04 rows=1 width=40) (actual time=73697.189..73697.195 rows=1 loops=1)
   Buffers: shared hit=163049 read=5129967
   ->  Nested Loop  (cost=19643.37..9684285.00 rows=4 width=14) (actual time=8928.518..73697.147 rows=33 loops=1)
         Join Filter: ("substring"((customer_address.ca_zip)::text, 1, 5) <> "substring"((store.s_zip)::text, 1, 5))
         Buffers: shared hit=163049 read=5129967
         ->  Nested Loop  (cost=19643.23..9684262.03 rows=4 width=29) (actual time=8928.496..73696.834 rows=34 loops=1)
               Buffers: shared hit=162983 read=5129967
               ->  Nested Loop  (cost=19642.80..9682984.51 rows=167 width=22) (actual time=8848.159..73648.295 rows=2399 loops=1)
                     Buffers: shared hit=154021 read=5129333
                     ->  Hash Join  (cost=19642.37..9670116.65 rows=1682 width=22) (actual time=8847.807..73203.858 rows=25771 loops=1)
                           Hash Cond: (store_sales.ss_item_sk = item.i_item_sk)
                           Buffers: shared hit=52106 read=5129276
                           ->  Hash Join  (cost=2570.11..9652976.68 rows=25792 width=18) (actual time=8751.310..73063.112 rows=342503 loops=1)
                                 Hash Cond: (store_sales.ss_sold_date_sk = date_dim.d_date_sk)
                                 Buffers: shared hit=38002 read=5129024
                                 ->  Seq Scan on store_sales  (cost=0.00..9485539.52 rows=62803017 width=22) (actual time=0.050..69303.649 rows=62389486 loops=1)
                                       Filter: ((ss_wholesale_cost >= '69'::numeric) AND (ss_wholesale_cost <= '89'::numeric))
                                       Rows Removed by Filter: 225607538
                                       Buffers: shared hit=36528 read=5129024
                                 ->  Hash  (cost=2569.73..2569.73 rows=30 width=4) (actual time=21.397..21.398 rows=30 loops=1)
                                       Buckets: 1024  Batches: 1  Memory Usage: 10kB
                                       Buffers: shared hit=1474
                                       ->  Seq Scan on date_dim  (cost=0.00..2569.73 rows=30 width=4) (actual time=12.646..21.383 rows=30 loops=1)
                                             Filter: ((d_year = 1998) AND (d_moy = 9))
                                             Rows Removed by Filter: 73019
                                             Buffers: shared hit=1474
                           ->  Hash  (cost=16906.00..16906.00 rows=13301 width=12) (actual time=96.396..96.397 rows=13933 loops=1)
                                 Buckets: 16384  Batches: 1  Memory Usage: 727kB
                                 Buffers: shared hit=14104 read=252
                                 ->  Seq Scan on item  (cost=0.00..16906.00 rows=13301 width=12) (actual time=0.016..94.247 rows=13933 loops=1)
                                       Filter: (i_category = 'Men'::bpchar)
                                       Rows Removed by Filter: 190067
                                       Buffers: shared hit=14104 read=252
                     ->  Index Scan using customer_pkey on customer  (cost=0.43..7.65 rows=1 width=8) (actual time=0.017..0.017 rows=0 loops=25771)
                           Index Cond: (c_customer_sk = store_sales.ss_customer_sk)
                           Filter: (c_birth_month = 1)
                           Rows Removed by Filter: 1
                           Buffers: shared hit=101915 read=57
               ->  Index Scan using customer_address_pkey on customer_address  (cost=0.42..7.65 rows=1 width=15) (actual time=0.020..0.020 rows=0 loops=2399)
                     Index Cond: (ca_address_sk = customer.c_current_addr_sk)
                     Filter: (ca_state = 'OK'::bpchar)
                     Rows Removed by Filter: 1
                     Buffers: shared hit=8962 read=634
         ->  Index Scan using store_pkey on store  (cost=0.15..5.72 rows=1 width=15) (actual time=0.005..0.005 rows=1 loops=34)
               Index Cond: (s_store_sk = store_sales.ss_store_sk)
               Buffers: shared hit=66
 Planning:
   Buffers: shared hit=460
 Planning Time: 4.827 ms
 Execution Time: 73697.740 ms
(50 rows)

