                                                                             QUERY PLAN                                                                              
---------------------------------------------------------------------------------------------------------------------------------------------------------------------
 Aggregate  (cost=9767515.64..9767515.65 rows=1 width=40) (actual time=75349.943..75349.948 rows=1 loops=1)
   Buffers: shared hit=976936 read=5135544
   ->  Nested Loop  (cost=2571.53..9767515.60 rows=6 width=14) (actual time=15299.358..75349.866 rows=31 loops=1)
         Join Filter: ("substring"((customer_address.ca_zip)::text, 1, 5) <> "substring"((store.s_zip)::text, 1, 5))
         Buffers: shared hit=976936 read=5135544
         ->  Nested Loop  (cost=2571.38..9767481.14 rows=6 width=29) (actual time=15299.327..75349.371 rows=31 loops=1)
               Buffers: shared hit=976874 read=5135544
               ->  Nested Loop  (cost=2570.96..9766786.30 rows=91 width=25) (actual time=15255.906..75338.828 rows=319 loops=1)
                     Buffers: shared hit=975770 read=5135372
                     ->  Nested Loop  (cost=2570.54..9752527.03 rows=1864 width=18) (actual time=15190.519..74824.047 rows=20722 loops=1)
                           Buffers: shared hit=896276 read=5131978
                           ->  Hash Join  (cost=2570.11..9608471.14 rows=18830 width=18) (actual time=15190.448..69632.284 rows=217940 loops=1)
                                 Hash Cond: (store_sales.ss_sold_date_sk = date_dim.d_date_sk)
                                 Buffers: shared hit=35296 read=5131730
                                 ->  Seq Scan on store_sales  (cost=0.00..9485539.52 rows=45849467 width=22) (actual time=0.056..66662.959 rows=46160898 loops=1)
                                       Filter: ((ss_wholesale_cost >= '80'::numeric) AND (ss_wholesale_cost <= '100'::numeric))
                                       Rows Removed by Filter: 241836126
                                       Buffers: shared hit=35254 read=5130298
                                 ->  Hash  (cost=2569.73..2569.73 rows=30 width=4) (actual time=24.940..24.941 rows=30 loops=1)
                                       Buckets: 1024  Batches: 1  Memory Usage: 10kB
                                       Buffers: shared hit=42 read=1432
                                       ->  Seq Scan on date_dim  (cost=0.00..2569.73 rows=30 width=4) (actual time=14.653..24.927 rows=30 loops=1)
                                             Filter: ((d_year = 1999) AND (d_moy = 4))
                                             Rows Removed by Filter: 73019
                                             Buffers: shared hit=42 read=1432
                           ->  Index Scan using customer_pkey on customer  (cost=0.43..7.65 rows=1 width=8) (actual time=0.023..0.023 rows=0 loops=217940)
                                 Index Cond: (c_customer_sk = store_sales.ss_customer_sk)
                                 Filter: (c_birth_month = 1)
                                 Rows Removed by Filter: 1
                                 Buffers: shared hit=860980 read=248
                     ->  Index Scan using customer_address_pkey on customer_address  (cost=0.42..7.65 rows=1 width=15) (actual time=0.024..0.024 rows=0 loops=20722)
                           Index Cond: (ca_address_sk = customer.c_current_addr_sk)
                           Filter: (ca_state = 'VA'::bpchar)
                           Rows Removed by Filter: 1
                           Buffers: shared hit=79494 read=3394
               ->  Index Scan using item_pkey on item  (cost=0.42..7.64 rows=1 width=12) (actual time=0.032..0.032 rows=0 loops=319)
                     Index Cond: (i_item_sk = store_sales.ss_item_sk)
                     Filter: (i_category = 'Men'::bpchar)
                     Rows Removed by Filter: 1
                     Buffers: shared hit=1104 read=172
         ->  Index Scan using store_pkey on store  (cost=0.15..5.72 rows=1 width=15) (actual time=0.009..0.009 rows=1 loops=31)
               Index Cond: (s_store_sk = store_sales.ss_store_sk)
               Buffers: shared hit=62
 Planning:
   Buffers: shared hit=460
 Planning Time: 4.911 ms
 Execution Time: 75350.467 ms
(47 rows)

