                                                                             QUERY PLAN                                                                              
---------------------------------------------------------------------------------------------------------------------------------------------------------------------
 Aggregate  (cost=9773067.29..9773067.30 rows=1 width=40) (actual time=99803.010..99803.015 rows=1 loops=1)
   Buffers: shared hit=3789014 read=5154242
   ->  Nested Loop  (cost=2571.54..9773067.27 rows=3 width=14) (actual time=15068.564..99802.705 rows=138 loops=1)
         Join Filter: ("substring"((customer_address.ca_zip)::text, 1, 5) <> "substring"((store.s_zip)::text, 1, 5))
         Rows Removed by Join Filter: 1
         Buffers: shared hit=3789014 read=5154242
         ->  Nested Loop  (cost=2571.39..9773050.04 rows=3 width=29) (actual time=15068.533..99798.860 rows=140 loops=1)
               Buffers: shared hit=3788737 read=5154241
               ->  Nested Loop  (cost=2570.97..9772691.17 rows=47 width=25) (actual time=15050.798..99755.899 rows=1568 loops=1)
                     Buffers: shared hit=3783105 read=5153601
                     ->  Nested Loop  (cost=2570.55..9755411.22 rows=2259 width=18) (actual time=15013.167..97310.145 rows=99322 loops=1)
                           Buffers: shared hit=3397226 read=5142192
                           ->  Hash Join  (cost=2570.12..9607614.32 rows=19319 width=18) (actual time=15012.901..77253.445 rows=853418 loops=1)
                                 Hash Cond: (store_sales.ss_sold_date_sk = date_dim.d_date_sk)
                                 Buffers: shared hit=25785 read=5141241
                                 ->  Seq Scan on store_sales  (cost=0.00..9485539.52 rows=45523068 width=22) (actual time=0.054..74127.345 rows=45442997 loops=1)
                                       Filter: ((ss_wholesale_cost >= '37'::numeric) AND (ss_wholesale_cost <= '57'::numeric))
                                       Rows Removed by Filter: 242554027
                                       Buffers: shared hit=24311 read=5141241
                                 ->  Hash  (cost=2569.73..2569.73 rows=31 width=4) (actual time=19.946..19.947 rows=31 loops=1)
                                       Buckets: 1024  Batches: 1  Memory Usage: 10kB
                                       Buffers: shared hit=1474
                                       ->  Seq Scan on date_dim  (cost=0.00..2569.73 rows=31 width=4) (actual time=10.707..19.931 rows=31 loops=1)
                                             Filter: ((d_year = 1999) AND (d_moy = 3))
                                             Rows Removed by Filter: 73018
                                             Buffers: shared hit=1474
                           ->  Index Scan using customer_pkey on customer  (cost=0.43..7.65 rows=1 width=8) (actual time=0.023..0.023 rows=0 loops=853418)
                                 Index Cond: (c_customer_sk = store_sales.ss_customer_sk)
                                 Filter: (c_birth_month = 8)
                                 Rows Removed by Filter: 1
                                 Buffers: shared hit=3371441 read=951
                     ->  Index Scan using customer_address_pkey on customer_address  (cost=0.42..7.65 rows=1 width=15) (actual time=0.024..0.024 rows=0 loops=99322)
                           Index Cond: (ca_address_sk = customer.c_current_addr_sk)
                           Filter: (ca_state = 'WI'::bpchar)
                           Rows Removed by Filter: 1
                           Buffers: shared hit=385879 read=11409
               ->  Index Scan using item_pkey on item  (cost=0.42..7.64 rows=1 width=12) (actual time=0.027..0.027 rows=0 loops=1568)
                     Index Cond: (i_item_sk = store_sales.ss_item_sk)
                     Filter: (i_category = 'Men'::bpchar)
                     Rows Removed by Filter: 1
                     Buffers: shared hit=5632 read=640
         ->  Index Scan using store_pkey on store  (cost=0.15..5.72 rows=1 width=15) (actual time=0.021..0.021 rows=1 loops=140)
               Index Cond: (s_store_sk = store_sales.ss_store_sk)
               Buffers: shared hit=277 read=1
 Planning:
   Buffers: shared hit=460
 Planning Time: 4.805 ms
 Execution Time: 99803.560 ms
(48 rows)

