                                                                            QUERY PLAN                                                                            
------------------------------------------------------------------------------------------------------------------------------------------------------------------
 Aggregate  (cost=9655864.20..9655864.21 rows=1 width=40) (actual time=75885.984..75885.989 rows=1 loops=1)
   Buffers: shared hit=401689 read=5133043
   ->  Hash Join  (cost=20034.15..9655864.16 rows=5 width=14) (actual time=65170.183..75885.852 rows=87 loops=1)
         Hash Cond: (store_sales.ss_store_sk = store.s_store_sk)
         Join Filter: ("substring"((customer_address.ca_zip)::text, 1, 5) <> "substring"((store.s_zip)::text, 1, 5))
         Rows Removed by Join Filter: 1
         Buffers: shared hit=401689 read=5133043
         ->  Nested Loop  (cost=20007.10..9655837.10 rows=5 width=29) (actual time=65169.366..75884.782 rows=89 loops=1)
               Buffers: shared hit=401671 read=5133043
               ->  Nested Loop  (cost=20006.68..9653840.20 rows=261 width=22) (actual time=65126.175..75771.514 rows=5633 loops=1)
                     Buffers: shared hit=380093 read=5132089
                     ->  Hash Join  (cost=20006.25..9625097.88 rows=3757 width=22) (actual time=65126.061..74214.269 rows=83675 loops=1)
                           Hash Cond: (store_sales.ss_item_sk = item.i_item_sk)
                           Buffers: shared hit=49362 read=5132020
                           ->  Hash Join  (cost=2570.10..9607614.29 rows=18072 width=18) (actual time=65019.511..74020.676 rows=426368 loops=1)
                                 Hash Cond: (store_sales.ss_sold_date_sk = date_dim.d_date_sk)
                                 Buffers: shared hit=35231 read=5131795
                                 ->  Seq Scan on store_sales  (cost=0.00..9485539.52 rows=45523068 width=22) (actual time=0.042..71185.931 rows=45442997 loops=1)
                                       Filter: ((ss_wholesale_cost >= '35'::numeric) AND (ss_wholesale_cost <= '55'::numeric))
                                       Rows Removed by Filter: 242554027
                                       Buffers: shared hit=33758 read=5131794
                                 ->  Hash  (cost=2569.73..2569.73 rows=29 width=4) (actual time=21.523..21.523 rows=30 loops=1)
                                       Buckets: 1024  Batches: 1  Memory Usage: 10kB
                                       Buffers: shared hit=1473 read=1
                                       ->  Seq Scan on date_dim  (cost=0.00..2569.73 rows=29 width=4) (actual time=12.359..21.511 rows=30 loops=1)
                                             Filter: ((d_year = 2002) AND (d_moy = 11))
                                             Rows Removed by Filter: 73019
                                             Buffers: shared hit=1473 read=1
                           ->  Hash  (cost=16906.00..16906.00 rows=42412 width=12) (actual time=106.317..106.317 rows=42041 loops=1)
                                 Buckets: 65536  Batches: 1  Memory Usage: 2319kB
                                 Buffers: shared hit=14131 read=225
                                 ->  Seq Scan on item  (cost=0.00..16906.00 rows=42412 width=12) (actual time=0.017..100.189 rows=42041 loops=1)
                                       Filter: (i_category = 'Electronics'::bpchar)
                                       Rows Removed by Filter: 161959
                                       Buffers: shared hit=14131 read=225
                     ->  Index Scan using customer_pkey on customer  (cost=0.43..7.65 rows=1 width=8) (actual time=0.018..0.018 rows=0 loops=83675)
                           Index Cond: (c_customer_sk = store_sales.ss_customer_sk)
                           Filter: (c_birth_month = 12)
                           Rows Removed by Filter: 1
                           Buffers: shared hit=330731 read=69
               ->  Index Scan using customer_address_pkey on customer_address  (cost=0.42..7.65 rows=1 width=15) (actual time=0.020..0.020 rows=0 loops=5633)
                     Index Cond: (ca_address_sk = customer.c_current_addr_sk)
                     Filter: (ca_state = 'PA'::bpchar)
                     Rows Removed by Filter: 1
                     Buffers: shared hit=21578 read=954
         ->  Hash  (cost=22.02..22.02 rows=402 width=15) (actual time=0.782..0.782 rows=402 loops=1)
               Buckets: 1024  Batches: 1  Memory Usage: 27kB
               Buffers: shared hit=18
               ->  Seq Scan on store  (cost=0.00..22.02 rows=402 width=15) (actual time=0.031..0.624 rows=402 loops=1)
                     Buffers: shared hit=18
 Planning:
   Buffers: shared hit=460
 Planning Time: 4.730 ms
 Execution Time: 75886.538 ms
(54 rows)

