                                                                            QUERY PLAN                                                                            
------------------------------------------------------------------------------------------------------------------------------------------------------------------
 Aggregate  (cost=9767294.20..9767294.21 rows=1 width=40) (actual time=79201.355..79201.362 rows=1 loops=1)
   Buffers: shared hit=349838 read=5132234
   ->  Hash Join  (cost=19715.58..9767294.15 rows=6 width=14) (actual time=16107.339..79201.227 rows=94 loops=1)
         Hash Cond: (store_sales.ss_store_sk = store.s_store_sk)
         Join Filter: ("substring"((customer_address.ca_zip)::text, 1, 5) <> "substring"((store.s_zip)::text, 1, 5))
         Buffers: shared hit=349838 read=5132234
         ->  Nested Loop  (cost=19688.54..9767267.09 rows=6 width=29) (actual time=16106.522..79200.161 rows=94 loops=1)
               Buffers: shared hit=349820 read=5132234
               ->  Nested Loop  (cost=19688.11..9765583.88 rows=220 width=22) (actual time=16099.116..79144.791 rows=4718 loops=1)
                     Buffers: shared hit=331815 read=5131367
                     ->  Hash Join  (cost=19687.68..9741362.95 rows=3166 width=22) (actual time=16098.998..78347.506 rows=71289 loops=1)
                           Hash Cond: (store_sales.ss_item_sk = item.i_item_sk)
                           Buffers: shared hit=50025 read=5131357
                           ->  Hash Join  (cost=2570.12..9724145.23 rows=38157 width=18) (actual time=15987.937..78030.706 rows=1680521 loops=1)
                                 Hash Cond: (store_sales.ss_sold_date_sk = date_dim.d_date_sk)
                                 Buffers: shared hit=35877 read=5131149
                                 ->  Seq Scan on store_sales  (cost=0.00..9485539.52 rows=89913339 width=22) (actual time=0.041..72637.711 rows=89530603 loops=1)
                                       Filter: ((ss_wholesale_cost >= '58'::numeric) AND (ss_wholesale_cost <= '78'::numeric))
                                       Rows Removed by Filter: 198466421
                                       Buffers: shared hit=34403 read=5131149
                                 ->  Hash  (cost=2569.73..2569.73 rows=31 width=4) (actual time=20.394..20.395 rows=31 loops=1)
                                       Buckets: 1024  Batches: 1  Memory Usage: 10kB
                                       Buffers: shared hit=1474
                                       ->  Seq Scan on date_dim  (cost=0.00..2569.73 rows=31 width=4) (actual time=11.158..20.382 rows=31 loops=1)
                                             Filter: ((d_year = 1999) AND (d_moy = 3))
                                             Rows Removed by Filter: 73018
                                             Buffers: shared hit=1474
                           ->  Hash  (cost=16906.00..16906.00 rows=16925 width=12) (actual time=110.900..110.900 rows=17141 loops=1)
                                 Buckets: 32768  Batches: 1  Memory Usage: 993kB
                                 Buffers: shared hit=14148 read=208
                                 ->  Seq Scan on item  (cost=0.00..16906.00 rows=16925 width=12) (actual time=0.016..107.801 rows=17141 loops=1)
                                       Filter: (i_category = 'Home'::bpchar)
                                       Rows Removed by Filter: 186859
                                       Buffers: shared hit=14148 read=208
                     ->  Index Scan using customer_pkey on customer  (cost=0.43..7.65 rows=1 width=8) (actual time=0.011..0.011 rows=0 loops=71289)
                           Index Cond: (c_customer_sk = store_sales.ss_customer_sk)
                           Filter: (c_birth_month = 12)
                           Rows Removed by Filter: 1
                           Buffers: shared hit=281790 read=10
               ->  Index Scan using customer_address_pkey on customer_address  (cost=0.42..7.65 rows=1 width=15) (actual time=0.011..0.011 rows=0 loops=4718)
                     Index Cond: (ca_address_sk = customer.c_current_addr_sk)
                     Filter: (ca_state = 'OH'::bpchar)
                     Rows Removed by Filter: 1
                     Buffers: shared hit=18005 read=867
         ->  Hash  (cost=22.02..22.02 rows=402 width=15) (actual time=0.785..0.786 rows=402 loops=1)
               Buckets: 1024  Batches: 1  Memory Usage: 27kB
               Buffers: shared hit=18
               ->  Seq Scan on store  (cost=0.00..22.02 rows=402 width=15) (actual time=0.029..0.624 rows=402 loops=1)
                     Buffers: shared hit=18
 Planning:
   Buffers: shared hit=460
 Planning Time: 4.725 ms
 Execution Time: 79201.896 ms
(53 rows)

