                                                                             QUERY PLAN                                                                              
---------------------------------------------------------------------------------------------------------------------------------------------------------------------
 Aggregate  (cost=9767982.92..9767982.93 rows=1 width=40) (actual time=76901.342..76901.347 rows=1 loops=1)
   Buffers: shared hit=1204805 read=5132545
   ->  Nested Loop  (cost=2571.54..9767982.90 rows=3 width=14) (actual time=9001.421..76901.265 rows=30 loops=1)
         Join Filter: ("substring"((customer_address.ca_zip)::text, 1, 5) <> "substring"((store.s_zip)::text, 1, 5))
         Buffers: shared hit=1204805 read=5132545
         ->  Nested Loop  (cost=2571.39..9767965.67 rows=3 width=29) (actual time=9001.385..76900.769 rows=30 loops=1)
               Buffers: shared hit=1204745 read=5132545
               ->  Nested Loop  (cost=2570.97..9767667.88 rows=39 width=25) (actual time=8682.463..76889.096 rows=332 loops=1)
                     Buffers: shared hit=1203593 read=5132369
                     ->  Nested Loop  (cost=2570.55..9757323.81 rows=1352 width=18) (actual time=8678.502..76422.332 rows=18978 loops=1)
                           Buffers: shared hit=1131217 read=5128833
                           ->  Hash Join  (cost=2570.12..9608471.16 rows=19457 width=18) (actual time=8678.429..69804.529 rows=276625 loops=1)
                                 Hash Cond: (store_sales.ss_sold_date_sk = date_dim.d_date_sk)
                                 Buffers: shared hit=39170 read=5127856
                                 ->  Seq Scan on store_sales  (cost=0.00..9485539.52 rows=45849467 width=22) (actual time=0.087..66797.225 rows=46160898 loops=1)
                                       Filter: ((ss_wholesale_cost >= '80'::numeric) AND (ss_wholesale_cost <= '100'::numeric))
                                       Rows Removed by Filter: 241836126
                                       Buffers: shared hit=38165 read=5127387
                                 ->  Hash  (cost=2569.73..2569.73 rows=31 width=4) (actual time=23.305..23.306 rows=31 loops=1)
                                       Buckets: 1024  Batches: 1  Memory Usage: 10kB
                                       Buffers: shared hit=1005 read=469
                                       ->  Seq Scan on date_dim  (cost=0.00..2569.73 rows=31 width=4) (actual time=12.933..23.288 rows=31 loops=1)
                                             Filter: ((d_year = 1998) AND (d_moy = 10))
                                             Rows Removed by Filter: 73018
                                             Buffers: shared hit=1005 read=469
                           ->  Index Scan using customer_pkey on customer  (cost=0.43..7.65 rows=1 width=8) (actual time=0.024..0.024 rows=0 loops=276625)
                                 Index Cond: (c_customer_sk = store_sales.ss_customer_sk)
                                 Filter: (c_birth_month = 12)
                                 Rows Removed by Filter: 1
                                 Buffers: shared hit=1092047 read=977
                     ->  Index Scan using customer_address_pkey on customer_address  (cost=0.42..7.65 rows=1 width=15) (actual time=0.024..0.024 rows=0 loops=18978)
                           Index Cond: (ca_address_sk = customer.c_current_addr_sk)
                           Filter: (ca_state = 'TN'::bpchar)
                           Rows Removed by Filter: 1
                           Buffers: shared hit=72376 read=3536
               ->  Index Scan using item_pkey on item  (cost=0.42..7.64 rows=1 width=12) (actual time=0.034..0.034 rows=0 loops=332)
                     Index Cond: (i_item_sk = store_sales.ss_item_sk)
                     Filter: (i_category = 'Men'::bpchar)
                     Rows Removed by Filter: 1
                     Buffers: shared hit=1152 read=176
         ->  Index Scan using store_pkey on store  (cost=0.15..5.72 rows=1 width=15) (actual time=0.010..0.010 rows=1 loops=30)
               Index Cond: (s_store_sk = store_sales.ss_store_sk)
               Buffers: shared hit=60
 Planning:
   Buffers: shared hit=460
 Planning Time: 4.766 ms
 Execution Time: 76901.846 ms
(47 rows)

