                                                                            QUERY PLAN                                                                            
------------------------------------------------------------------------------------------------------------------------------------------------------------------
 Aggregate  (cost=9698091.39..9698091.40 rows=1 width=40) (actual time=77591.894..77591.900 rows=1 loops=1)
   Buffers: shared hit=402481 read=5133711
   ->  Hash Join  (cost=19670.28..9698091.35 rows=6 width=14) (actual time=7181.794..77591.797 rows=42 loops=1)
         Hash Cond: (store_sales.ss_store_sk = store.s_store_sk)
         Join Filter: ("substring"((customer_address.ca_zip)::text, 1, 5) <> "substring"((store.s_zip)::text, 1, 5))
         Buffers: shared hit=402481 read=5133711
         ->  Nested Loop  (cost=19643.24..9698064.29 rows=6 width=29) (actual time=7180.479..77590.339 rows=42 loops=1)
               Buffers: shared hit=402464 read=5133710
               ->  Nested Loop  (cost=19642.81..9697497.90 rows=74 width=22) (actual time=7115.592..77530.802 rows=3305 loops=1)
                     Buffers: shared hit=390704 read=5132250
                     ->  Hash Join  (cost=19642.38..9683153.53 rows=1875 width=22) (actual time=7115.472..76235.160 rows=86444 loops=1)
                           Hash Cond: (store_sales.ss_item_sk = item.i_item_sk)
                           Buffers: shared hit=49533 read=5131849
                           ->  Hash Join  (cost=2570.12..9666005.78 rows=28758 width=18) (actual time=7008.583..75970.270 rows=1145456 loops=1)
                                 Hash Cond: (store_sales.ss_sold_date_sk = date_dim.d_date_sk)
                                 Buffers: shared hit=40593 read=5126433
                                 ->  Seq Scan on store_sales  (cost=0.00..9485539.52 rows=67766203 width=22) (actual time=0.053..71786.837 rows=67554234 loops=1)
                                       Filter: ((ss_wholesale_cost >= '59'::numeric) AND (ss_wholesale_cost <= '79'::numeric))
                                       Rows Removed by Filter: 220442790
                                       Buffers: shared hit=39119 read=5126433
                                 ->  Hash  (cost=2569.73..2569.73 rows=31 width=4) (actual time=19.996..19.997 rows=31 loops=1)
                                       Buckets: 1024  Batches: 1  Memory Usage: 10kB
                                       Buffers: shared hit=1474
                                       ->  Seq Scan on date_dim  (cost=0.00..2569.73 rows=31 width=4) (actual time=11.526..19.984 rows=31 loops=1)
                                             Filter: ((d_year = 1998) AND (d_moy = 7))
                                             Rows Removed by Filter: 73018
                                             Buffers: shared hit=1474
                           ->  Hash  (cost=16906.00..16906.00 rows=13301 width=12) (actual time=106.797..106.798 rows=13933 loops=1)
                                 Buckets: 16384  Batches: 1  Memory Usage: 727kB
                                 Buffers: shared hit=8940 read=5416
                                 ->  Seq Scan on item  (cost=0.00..16906.00 rows=13301 width=12) (actual time=0.014..104.569 rows=13933 loops=1)
                                       Filter: (i_category = 'Men'::bpchar)
                                       Rows Removed by Filter: 190067
                                       Buffers: shared hit=8940 read=5416
                     ->  Index Scan using customer_pkey on customer  (cost=0.43..7.65 rows=1 width=8) (actual time=0.015..0.015 rows=0 loops=86444)
                           Index Cond: (c_customer_sk = store_sales.ss_customer_sk)
                           Filter: (c_birth_month = 9)
                           Rows Removed by Filter: 1
                           Buffers: shared hit=341171 read=401
               ->  Index Scan using customer_address_pkey on customer_address  (cost=0.42..7.65 rows=1 width=15) (actual time=0.018..0.018 rows=0 loops=3305)
                     Index Cond: (ca_address_sk = customer.c_current_addr_sk)
                     Filter: (ca_state = 'TX'::bpchar)
                     Rows Removed by Filter: 1
                     Buffers: shared hit=11760 read=1460
         ->  Hash  (cost=22.02..22.02 rows=402 width=15) (actual time=1.283..1.284 rows=402 loops=1)
               Buckets: 1024  Batches: 1  Memory Usage: 27kB
               Buffers: shared hit=17 read=1
               ->  Seq Scan on store  (cost=0.00..22.02 rows=402 width=15) (actual time=0.029..1.123 rows=402 loops=1)
                     Buffers: shared hit=17 read=1
 Planning:
   Buffers: shared hit=460
 Planning Time: 4.713 ms
 Execution Time: 77592.415 ms
(53 rows)

