                                                                            QUERY PLAN                                                                            
------------------------------------------------------------------------------------------------------------------------------------------------------------------
 Aggregate  (cost=9787272.10..9787272.11 rows=1 width=40) (actual time=79446.364..79446.369 rows=1 loops=1)
   Buffers: shared hit=100826 read=5123866
   ->  Nested Loop  (cost=16953.88..9787272.10 rows=1 width=14) (actual time=61558.100..79446.345 rows=8 loops=1)
         Join Filter: ("substring"((customer_address.ca_zip)::text, 1, 5) <> "substring"((store.s_zip)::text, 1, 5))
         Buffers: shared hit=100826 read=5123866
         ->  Nested Loop  (cost=16953.73..9787266.35 rows=1 width=29) (actual time=61558.079..79446.244 rows=8 loops=1)
               Buffers: shared hit=100810 read=5123866
               ->  Nested Loop  (cost=16953.31..9787067.35 rows=26 width=22) (actual time=61266.095..79441.975 rows=346 loops=1)
                     Buffers: shared hit=99606 read=5123686
                     ->  Nested Loop  (cost=16952.88..9782148.19 rows=643 width=22) (actual time=61263.448..79347.661 rows=9418 loops=1)
                           Buffers: shared hit=62497 read=5123615
                           ->  Hash Join  (cost=16952.58..9727607.71 rows=1566318 width=26) (actual time=114.971..79083.426 rows=762857 loops=1)
                                 Hash Cond: (store_sales.ss_item_sk = item.i_item_sk)
                                 Buffers: shared hit=56293 read=5123615
                                 ->  Seq Scan on store_sales  (cost=0.00..9485539.52 rows=85756551 width=22) (actual time=0.048..71829.270 rows=85367142 loops=1)
                                       Filter: ((ss_wholesale_cost >= '61'::numeric) AND (ss_wholesale_cost <= '81'::numeric))
                                       Rows Removed by Filter: 202629882
                                       Buffers: shared hit=42196 read=5123356
                                 ->  Hash  (cost=16906.00..16906.00 rows=3726 width=12) (actual time=114.789..114.790 rows=3713 loops=1)
                                       Buckets: 4096  Batches: 1  Memory Usage: 192kB
                                       Buffers: shared hit=14097 read=259
                                       ->  Seq Scan on item  (cost=0.00..16906.00 rows=3726 width=12) (actual time=0.788..114.088 rows=3713 loops=1)
                                             Filter: (i_category = 'Music'::bpchar)
                                             Rows Removed by Filter: 200287
                                             Buffers: shared hit=14097 read=259
                           ->  Memoize  (cost=0.30..7.51 rows=1 width=4) (actual time=0.000..0.000 rows=0 loops=762857)
                                 Cache Key: store_sales.ss_sold_date_sk
                                 Cache Mode: logical
                                 Hits: 760788  Misses: 2069  Evictions: 0  Overflows: 0  Memory Usage: 139kB
                                 Buffers: shared hit=6204
                                 ->  Index Scan using date_dim_pkey on date_dim  (cost=0.29..7.50 rows=1 width=4) (actual time=0.015..0.015 rows=0 loops=2069)
                                       Index Cond: (d_date_sk = store_sales.ss_sold_date_sk)
                                       Filter: ((d_year = 2002) AND (d_moy = 5))
                                       Rows Removed by Filter: 1
                                       Buffers: shared hit=6204
                     ->  Index Scan using customer_pkey on customer  (cost=0.43..7.65 rows=1 width=8) (actual time=0.010..0.010 rows=0 loops=9418)
                           Index Cond: (c_customer_sk = store_sales.ss_customer_sk)
                           Filter: (c_birth_month = 9)
                           Rows Removed by Filter: 1
                           Buffers: shared hit=37109 read=71
               ->  Index Scan using customer_address_pkey on customer_address  (cost=0.42..7.65 rows=1 width=15) (actual time=0.012..0.012 rows=0 loops=346)
                     Index Cond: (ca_address_sk = customer.c_current_addr_sk)
                     Filter: (ca_state = 'MS'::bpchar)
                     Rows Removed by Filter: 1
                     Buffers: shared hit=1204 read=180
         ->  Index Scan using store_pkey on store  (cost=0.15..5.72 rows=1 width=15) (actual time=0.007..0.007 rows=1 loops=8)
               Index Cond: (s_store_sk = store_sales.ss_store_sk)
               Buffers: shared hit=16
 Planning:
   Buffers: shared hit=460
 Planning Time: 4.783 ms
 Execution Time: 79447.036 ms
(52 rows)

