                                                                             QUERY PLAN                                                                              
---------------------------------------------------------------------------------------------------------------------------------------------------------------------
 Aggregate  (cost=9742178.01..9742178.02 rows=1 width=40) (actual time=103999.295..103999.300 rows=1 loops=1)
   Buffers: shared hit=4354700 read=5135942
   ->  Nested Loop  (cost=2571.54..9742178.00 rows=2 width=14) (actual time=35618.385..103999.082 rows=93 loops=1)
         Join Filter: ("substring"((customer_address.ca_zip)::text, 1, 5) <> "substring"((store.s_zip)::text, 1, 5))
         Rows Removed by Join Filter: 1
         Buffers: shared hit=4354700 read=5135942
         ->  Nested Loop  (cost=2571.39..9742166.51 rows=2 width=29) (actual time=35618.354..103996.886 rows=97 loops=1)
               Buffers: shared hit=4354515 read=5135939
               ->  Nested Loop  (cost=2570.97..9741975.62 rows=25 width=25) (actual time=35585.769..103967.379 rows=890 loops=1)
                     Buffers: shared hit=4351600 read=5135294
                     ->  Nested Loop  (cost=2570.55..9736526.11 rows=712 width=18) (actual time=35550.778..102922.678 rows=41042 loops=1)
                           Buffers: shared hit=4195291 read=5127435
                           ->  Hash Join  (cost=2570.12..9599171.87 rows=17954 width=18) (actual time=35543.296..78417.231 rows=1051538 loops=1)
                                 Hash Cond: (store_sales.ss_sold_date_sk = date_dim.d_date_sk)
                                 Buffers: shared hit=40689 read=5126337
                                 ->  Seq Scan on store_sales  (cost=0.00..9485539.52 rows=42307078 width=22) (actual time=0.064..75349.973 rows=43022880 loops=1)
                                       Filter: ((ss_wholesale_cost >= '2'::numeric) AND (ss_wholesale_cost <= '22'::numeric))
                                       Rows Removed by Filter: 244974144
                                       Buffers: shared hit=39216 read=5126336
                                 ->  Hash  (cost=2569.73..2569.73 rows=31 width=4) (actual time=22.278..22.279 rows=31 loops=1)
                                       Buckets: 1024  Batches: 1  Memory Usage: 10kB
                                       Buffers: shared hit=1473 read=1
                                       ->  Seq Scan on date_dim  (cost=0.00..2569.73 rows=31 width=4) (actual time=13.410..22.261 rows=31 loops=1)
                                             Filter: ((d_year = 2000) AND (d_moy = 10))
                                             Rows Removed by Filter: 73018
                                             Buffers: shared hit=1473 read=1
                           ->  Index Scan using customer_pkey on customer  (cost=0.43..7.65 rows=1 width=8) (actual time=0.023..0.023 rows=0 loops=1051538)
                                 Index Cond: (c_customer_sk = store_sales.ss_customer_sk)
                                 Filter: (c_birth_month = 9)
                                 Rows Removed by Filter: 1
                                 Buffers: shared hit=4154602 read=1098
                     ->  Index Scan using customer_address_pkey on customer_address  (cost=0.42..7.65 rows=1 width=15) (actual time=0.025..0.025 rows=0 loops=41042)
                           Index Cond: (ca_address_sk = customer.c_current_addr_sk)
                           Filter: (ca_state = 'MO'::bpchar)
                           Rows Removed by Filter: 1
                           Buffers: shared hit=156309 read=7859
               ->  Index Scan using item_pkey on item  (cost=0.42..7.64 rows=1 width=12) (actual time=0.032..0.032 rows=0 loops=890)
                     Index Cond: (i_item_sk = store_sales.ss_item_sk)
                     Filter: (i_category = 'Men'::bpchar)
                     Rows Removed by Filter: 1
                     Buffers: shared hit=2915 read=645
         ->  Index Scan using store_pkey on store  (cost=0.15..5.72 rows=1 width=15) (actual time=0.016..0.016 rows=1 loops=97)
               Index Cond: (s_store_sk = store_sales.ss_store_sk)
               Buffers: shared hit=185 read=3
 Planning:
   Buffers: shared hit=460
 Planning Time: 4.783 ms
 Execution Time: 103999.798 ms
(48 rows)

