                                                                            QUERY PLAN                                                                            
------------------------------------------------------------------------------------------------------------------------------------------------------------------
 Aggregate  (cost=9805330.94..9805330.95 rows=1 width=40) (actual time=86240.137..86240.143 rows=1 loops=1)
   Buffers: shared hit=1310848 read=5152824
   ->  Nested Loop  (cost=20007.26..9805330.91 rows=3 width=14) (actual time=26224.104..86239.746 rows=390 loops=1)
         Join Filter: ("substring"((customer_address.ca_zip)::text, 1, 5) <> "substring"((store.s_zip)::text, 1, 5))
         Rows Removed by Join Filter: 5
         Buffers: shared hit=1310848 read=5152824
         ->  Nested Loop  (cost=20007.11..9805313.68 rows=3 width=29) (actual time=26224.069..86231.869 rows=396 loops=1)
               Buffers: shared hit=1310063 read=5152819
               ->  Nested Loop  (cost=20006.69..9800409.85 rows=641 width=22) (actual time=26186.572..85704.392 rows=24181 loops=1)
                     Buffers: shared hit=1219091 read=5147067
                     ->  Hash Join  (cost=20006.26..9741678.30 rows=7677 width=22) (actual time=26186.019..79459.179 rows=299781 loops=1)
                           Hash Cond: (store_sales.ss_item_sk = item.i_item_sk)
                           Buffers: shared hit=34339 read=5147043
                           ->  Hash Join  (cost=2570.11..9724145.22 rows=36926 width=18) (actual time=26035.987..79027.577 rows=1250020 loops=1)
                                 Hash Cond: (store_sales.ss_sold_date_sk = date_dim.d_date_sk)
                                 Buffers: shared hit=34150 read=5132876
                                 ->  Seq Scan on store_sales  (cost=0.00..9485539.52 rows=89913339 width=22) (actual time=0.293..73542.250 rows=89530603 loops=1)
                                       Filter: ((ss_wholesale_cost >= '54'::numeric) AND (ss_wholesale_cost <= '74'::numeric))
                                       Rows Removed by Filter: 198466421
                                       Buffers: shared hit=33645 read=5131907
                                 ->  Hash  (cost=2569.73..2569.73 rows=30 width=4) (actual time=23.780..23.781 rows=31 loops=1)
                                       Buckets: 1024  Batches: 1  Memory Usage: 10kB
                                       Buffers: shared hit=505 read=969
                                       ->  Seq Scan on date_dim  (cost=0.00..2569.73 rows=30 width=4) (actual time=13.118..23.769 rows=31 loops=1)
                                             Filter: ((d_year = 2000) AND (d_moy = 1))
                                             Rows Removed by Filter: 73018
                                             Buffers: shared hit=505 read=969
                           ->  Hash  (cost=16906.00..16906.00 rows=42412 width=12) (actual time=122.236..122.237 rows=42041 loops=1)
                                 Buckets: 65536  Batches: 1  Memory Usage: 2319kB
                                 Buffers: shared hit=189 read=14167
                                 ->  Seq Scan on item  (cost=0.00..16906.00 rows=42412 width=12) (actual time=0.018..114.445 rows=42041 loops=1)
                                       Filter: (i_category = 'Electronics'::bpchar)
                                       Rows Removed by Filter: 161959
                                       Buffers: shared hit=189 read=14167
                     ->  Index Scan using customer_pkey on customer  (cost=0.43..7.65 rows=1 width=8) (actual time=0.021..0.021 rows=0 loops=299781)
                           Index Cond: (c_customer_sk = store_sales.ss_customer_sk)
                           Filter: (c_birth_month = 11)
                           Rows Removed by Filter: 1
                           Buffers: shared hit=1184752 read=24
               ->  Index Scan using customer_address_pkey on customer_address  (cost=0.42..7.65 rows=1 width=15) (actual time=0.021..0.021 rows=0 loops=24181)
                     Index Cond: (ca_address_sk = customer.c_current_addr_sk)
                     Filter: (ca_state = 'MA'::bpchar)
                     Rows Removed by Filter: 1
                     Buffers: shared hit=90972 read=5752
         ->  Index Scan using store_pkey on store  (cost=0.15..5.72 rows=1 width=15) (actual time=0.016..0.016 rows=1 loops=396)
               Index Cond: (s_store_sk = store_sales.ss_store_sk)
               Buffers: shared hit=785 read=5
 Planning:
   Buffers: shared hit=460
 Planning Time: 4.729 ms
 Execution Time: 86240.696 ms
(51 rows)

