                                                                             QUERY PLAN                                                                              
---------------------------------------------------------------------------------------------------------------------------------------------------------------------
 Aggregate  (cost=9788482.30..9788482.31 rows=1 width=40) (actual time=78548.551..78548.557 rows=1 loops=1)
   Buffers: shared hit=1286838 read=5137760
   ->  Nested Loop  (cost=2571.54..9788482.28 rows=3 width=14) (actual time=8847.966..78548.512 rows=14 loops=1)
         Join Filter: ("substring"((customer_address.ca_zip)::text, 1, 5) <> "substring"((store.s_zip)::text, 1, 5))
         Buffers: shared hit=1286838 read=5137760
         ->  Nested Loop  (cost=2571.39..9788465.05 rows=3 width=29) (actual time=8847.930..78548.267 rows=14 loops=1)
               Buffers: shared hit=1286810 read=5137760
               ->  Nested Loop  (cost=2570.97..9787991.64 rows=62 width=25) (actual time=8748.815..78531.614 rows=523 loops=1)
                     Buffers: shared hit=1284973 read=5137505
                     ->  Nested Loop  (cost=2570.55..9772431.91 rows=2034 width=18) (actual time=8734.483..77811.525 rows=28104 loops=1)
                           Buffers: shared hit=1175949 read=5134113
                           ->  Hash Join  (cost=2570.12..9615225.12 rows=20549 width=18) (actual time=8734.151..70814.851 rows=289262 loops=1)
                                 Hash Cond: (store_sales.ss_sold_date_sk = date_dim.d_date_sk)
                                 Buffers: shared hit=32915 read=5134111
                                 ->  Seq Scan on store_sales  (cost=0.00..9485539.52 rows=48422260 width=22) (actual time=0.941..67677.052 rows=48278787 loops=1)
                                       Filter: ((ss_wholesale_cost >= '74'::numeric) AND (ss_wholesale_cost <= '94'::numeric))
                                       Rows Removed by Filter: 239718237
                                       Buffers: shared hit=32020 read=5133532
                                 ->  Hash  (cost=2569.73..2569.73 rows=31 width=4) (actual time=23.222..23.223 rows=31 loops=1)
                                       Buckets: 1024  Batches: 1  Memory Usage: 10kB
                                       Buffers: shared hit=895 read=579
                                       ->  Seq Scan on date_dim  (cost=0.00..2569.73 rows=31 width=4) (actual time=13.528..23.208 rows=31 loops=1)
                                             Filter: ((d_year = 1998) AND (d_moy = 10))
                                             Rows Removed by Filter: 73018
                                             Buffers: shared hit=895 read=579
                           ->  Index Scan using customer_pkey on customer  (cost=0.43..7.65 rows=1 width=8) (actual time=0.024..0.024 rows=0 loops=289262)
                                 Index Cond: (c_customer_sk = store_sales.ss_customer_sk)
                                 Filter: (c_birth_month = 1)
                                 Rows Removed by Filter: 1
                                 Buffers: shared hit=1143034 read=2
                     ->  Index Scan using customer_address_pkey on customer_address  (cost=0.42..7.65 rows=1 width=15) (actual time=0.025..0.025 rows=0 loops=28104)
                           Index Cond: (ca_address_sk = customer.c_current_addr_sk)
                           Filter: (ca_state = 'IA'::bpchar)
                           Rows Removed by Filter: 1
                           Buffers: shared hit=109024 read=3392
               ->  Index Scan using item_pkey on item  (cost=0.42..7.64 rows=1 width=12) (actual time=0.031..0.031 rows=0 loops=523)
                     Index Cond: (i_item_sk = store_sales.ss_item_sk)
                     Filter: (i_category = 'Jewelry'::bpchar)
                     Rows Removed by Filter: 1
                     Buffers: shared hit=1837 read=255
         ->  Index Scan using store_pkey on store  (cost=0.15..5.72 rows=1 width=15) (actual time=0.010..0.010 rows=1 loops=14)
               Index Cond: (s_store_sk = store_sales.ss_store_sk)
               Buffers: shared hit=28
 Planning:
   Buffers: shared hit=460
 Planning Time: 4.487 ms
 Execution Time: 78549.002 ms
(47 rows)

