                                                                            QUERY PLAN                                                                            
------------------------------------------------------------------------------------------------------------------------------------------------------------------
 Aggregate  (cost=9774524.31..9774524.32 rows=1 width=40) (actual time=80452.856..80452.862 rows=1 loops=1)
   Buffers: shared hit=584378 read=5146766
   ->  Hash Join  (cost=19777.12..9774524.25 rows=8 width=14) (actual time=66969.915..80452.637 rows=146 loops=1)
         Hash Cond: (store_sales.ss_store_sk = store.s_store_sk)
         Join Filter: ("substring"((customer_address.ca_zip)::text, 1, 5) <> "substring"((store.s_zip)::text, 1, 5))
         Rows Removed by Join Filter: 5
         Buffers: shared hit=584378 read=5146766
         ->  Nested Loop  (cost=19750.07..9774497.18 rows=8 width=29) (actual time=66967.675..80449.976 rows=152 loops=1)
               Buffers: shared hit=584362 read=5146764
               ->  Nested Loop  (cost=19749.65..9772691.37 rows=236 width=22) (actual time=66942.393..80314.816 rows=7525 loops=1)
                     Buffers: shared hit=556074 read=5144952
                     ->  Hash Join  (cost=19749.22..9741424.49 rows=4087 width=22) (actual time=66941.608..78298.710 rows=131549 loops=1)
                           Hash Cond: (store_sales.ss_item_sk = item.i_item_sk)
                           Buffers: shared hit=36440 read=5144942
                           ->  Hash Join  (cost=2570.12..9724145.23 rows=38157 width=18) (actual time=66826.872..77932.568 rows=1823813 loops=1)
                                 Hash Cond: (store_sales.ss_sold_date_sk = date_dim.d_date_sk)
                                 Buffers: shared hit=36137 read=5130889
                                 ->  Seq Scan on store_sales  (cost=0.00..9485539.52 rows=89913339 width=22) (actual time=0.617..72530.205 rows=89530603 loops=1)
                                       Filter: ((ss_wholesale_cost >= '56'::numeric) AND (ss_wholesale_cost <= '76'::numeric))
                                       Rows Removed by Filter: 198466421
                                       Buffers: shared hit=34790 read=5130762
                                 ->  Hash  (cost=2569.73..2569.73 rows=31 width=4) (actual time=20.516..20.517 rows=31 loops=1)
                                       Buckets: 1024  Batches: 1  Memory Usage: 10kB
                                       Buffers: shared hit=1347 read=127
                                       ->  Seq Scan on date_dim  (cost=0.00..2569.73 rows=31 width=4) (actual time=11.662..20.504 rows=31 loops=1)
                                             Filter: ((d_year = 2002) AND (d_moy = 10))
                                             Rows Removed by Filter: 73018
                                             Buffers: shared hit=1347 read=127
                           ->  Hash  (cost=16906.00..16906.00 rows=21848 width=12) (actual time=110.410..110.411 rows=21811 loops=1)
                                 Buckets: 32768  Batches: 1  Memory Usage: 1193kB
                                 Buffers: shared hit=303 read=14053
                                 ->  Seq Scan on item  (cost=0.00..16906.00 rows=21848 width=12) (actual time=0.022..106.317 rows=21811 loops=1)
                                       Filter: (i_category = 'Sports'::bpchar)
                                       Rows Removed by Filter: 182189
                                       Buffers: shared hit=303 read=14053
                     ->  Index Scan using customer_pkey on customer  (cost=0.43..7.65 rows=1 width=8) (actual time=0.015..0.015 rows=0 loops=131549)
                           Index Cond: (c_customer_sk = store_sales.ss_customer_sk)
                           Filter: (c_birth_month = 3)
                           Rows Removed by Filter: 1
                           Buffers: shared hit=519634 read=10
               ->  Index Scan using customer_address_pkey on customer_address  (cost=0.42..7.65 rows=1 width=15) (actual time=0.018..0.018 rows=0 loops=7525)
                     Index Cond: (ca_address_sk = customer.c_current_addr_sk)
                     Filter: (ca_state = 'KS'::bpchar)
                     Rows Removed by Filter: 1
                     Buffers: shared hit=28288 read=1812
         ->  Hash  (cost=22.02..22.02 rows=402 width=15) (actual time=2.208..2.209 rows=402 loops=1)
               Buckets: 1024  Batches: 1  Memory Usage: 27kB
               Buffers: shared hit=16 read=2
               ->  Seq Scan on store  (cost=0.00..22.02 rows=402 width=15) (actual time=0.031..2.078 rows=402 loops=1)
                     Buffers: shared hit=16 read=2
 Planning:
   Buffers: shared hit=460
 Planning Time: 4.879 ms
 Execution Time: 80453.396 ms
(54 rows)

