                                                                             QUERY PLAN                                                                              
---------------------------------------------------------------------------------------------------------------------------------------------------------------------
 Aggregate  (cost=9713555.08..9713555.09 rows=1 width=40) (actual time=91090.125..91090.131 rows=1 loops=1)
   Buffers: shared hit=2476308 read=5136582
   ->  Nested Loop  (cost=2571.50..9713555.07 rows=2 width=14) (actual time=1957.700..91090.036 rows=37 loops=1)
         Join Filter: ("substring"((customer_address.ca_zip)::text, 1, 5) <> "substring"((store.s_zip)::text, 1, 5))
         Rows Removed by Join Filter: 1
         Buffers: shared hit=2476308 read=5136582
         ->  Nested Loop  (cost=2571.36..9713543.58 rows=2 width=29) (actual time=1957.667..91089.449 rows=38 loops=1)
               Buffers: shared hit=2476232 read=5136582
               ->  Nested Loop  (cost=2570.94..9713429.05 rows=15 width=25) (actual time=1767.665..91079.127 rows=422 loops=1)
                     Buffers: shared hit=2474730 read=5136396
                     ->  Nested Loop  (cost=2570.51..9707758.51 rows=741 width=18) (actual time=1695.968..90399.898 rows=27114 loops=1)
                           Buffers: shared hit=2369409 read=5133261
                           ->  Hash Join  (cost=2570.08..9591863.45 rows=15149 width=18) (actual time=1695.085..76650.889 rows=591131 loops=1)
                                 Hash Cond: (store_sales.ss_sold_date_sk = date_dim.d_date_sk)
                                 Buffers: shared hit=33775 read=5133251
                                 ->  Seq Scan on store_sales  (cost=0.00..9485539.52 rows=39523085 width=22) (actual time=0.070..73921.510 rows=40114371 loops=1)
                                       Filter: ((ss_wholesale_cost >= '24'::numeric) AND (ss_wholesale_cost <= '44'::numeric))
                                       Rows Removed by Filter: 247882653
                                       Buffers: shared hit=32301 read=5133251
                                 ->  Hash  (cost=2569.73..2569.73 rows=28 width=4) (actual time=20.749..20.751 rows=28 loops=1)
                                       Buckets: 1024  Batches: 1  Memory Usage: 9kB
                                       Buffers: shared hit=1474
                                       ->  Seq Scan on date_dim  (cost=0.00..2569.73 rows=28 width=4) (actual time=12.416..20.732 rows=28 loops=1)
                                             Filter: ((d_year = 1998) AND (d_moy = 2))
                                             Rows Removed by Filter: 73021
                                             Buffers: shared hit=1474
                           ->  Index Scan using customer_pkey on customer  (cost=0.43..7.65 rows=1 width=8) (actual time=0.023..0.023 rows=0 loops=591131)
                                 Index Cond: (c_customer_sk = store_sales.ss_customer_sk)
                                 Filter: (c_birth_month = 7)
                                 Rows Removed by Filter: 1
                                 Buffers: shared hit=2335634 read=10
                     ->  Index Scan using customer_address_pkey on customer_address  (cost=0.42..7.65 rows=1 width=15) (actual time=0.025..0.025 rows=0 loops=27114)
                           Index Cond: (ca_address_sk = customer.c_current_addr_sk)
                           Filter: (ca_state = 'WI'::bpchar)
                           Rows Removed by Filter: 1
                           Buffers: shared hit=105321 read=3135
               ->  Index Scan using item_pkey on item  (cost=0.42..7.64 rows=1 width=12) (actual time=0.024..0.024 rows=0 loops=422)
                     Index Cond: (i_item_sk = store_sales.ss_item_sk)
                     Filter: (i_category = 'Sports'::bpchar)
                     Rows Removed by Filter: 1
                     Buffers: shared hit=1502 read=186
         ->  Index Scan using store_pkey on store  (cost=0.15..5.72 rows=1 width=15) (actual time=0.009..0.009 rows=1 loops=38)
               Index Cond: (s_store_sk = store_sales.ss_store_sk)
               Buffers: shared hit=76
 Planning:
   Buffers: shared hit=460
 Planning Time: 4.894 ms
 Execution Time: 91090.666 ms
(48 rows)

