                                                                             QUERY PLAN                                                                              
---------------------------------------------------------------------------------------------------------------------------------------------------------------------
 Aggregate  (cost=9772288.11..9772288.12 rows=1 width=40) (actual time=83707.155..83707.160 rows=1 loops=1)
   Buffers: shared hit=2326412 read=5137230
   ->  Nested Loop  (cost=2571.54..9772288.09 rows=3 width=14) (actual time=3016.515..83706.993 rows=67 loops=1)
         Join Filter: ("substring"((customer_address.ca_zip)::text, 1, 5) <> "substring"((store.s_zip)::text, 1, 5))
         Rows Removed by Join Filter: 1
         Buffers: shared hit=2326412 read=5137230
         ->  Nested Loop  (cost=2571.39..9772270.86 rows=3 width=29) (actual time=3016.475..83705.839 rows=69 loops=1)
               Buffers: shared hit=2326277 read=5137229
               ->  Nested Loop  (cost=2570.97..9771889.08 rows=50 width=25) (actual time=2627.509..83676.243 rows=968 loops=1)
                     Buffers: shared hit=2322907 read=5136727
                     ->  Nested Loop  (cost=2570.55..9757323.81 rows=1904 width=18) (actual time=2620.679..82419.274 rows=51336 loops=1)
                           Buffers: shared hit=2121795 read=5132495
                           ->  Hash Join  (cost=2570.12..9608471.16 rows=19457 width=18) (actual time=2620.440..69700.634 rows=528364 loops=1)
                                 Hash Cond: (store_sales.ss_sold_date_sk = date_dim.d_date_sk)
                                 Buffers: shared hit=34531 read=5132495
                                 ->  Seq Scan on store_sales  (cost=0.00..9485539.52 rows=45849467 width=22) (actual time=0.084..66675.719 rows=46160898 loops=1)
                                       Filter: ((ss_wholesale_cost >= '80'::numeric) AND (ss_wholesale_cost <= '100'::numeric))
                                       Rows Removed by Filter: 241836126
                                       Buffers: shared hit=33057 read=5132495
                                 ->  Hash  (cost=2569.73..2569.73 rows=31 width=4) (actual time=19.867..19.868 rows=31 loops=1)
                                       Buckets: 1024  Batches: 1  Memory Usage: 10kB
                                       Buffers: shared hit=1474
                                       ->  Seq Scan on date_dim  (cost=0.00..2569.73 rows=31 width=4) (actual time=11.368..19.852 rows=31 loops=1)
                                             Filter: ((d_year = 1998) AND (d_moy = 3))
                                             Rows Removed by Filter: 73018
                                             Buffers: shared hit=1474
                           ->  Index Scan using customer_pkey on customer  (cost=0.43..7.65 rows=1 width=8) (actual time=0.024..0.024 rows=0 loops=528364)
                                 Index Cond: (c_customer_sk = store_sales.ss_customer_sk)
                                 Filter: (c_birth_month = 2)
                                 Rows Removed by Filter: 1
                                 Buffers: shared hit=2087264
                     ->  Index Scan using customer_address_pkey on customer_address  (cost=0.42..7.65 rows=1 width=15) (actual time=0.024..0.024 rows=0 loops=51336)
                           Index Cond: (ca_address_sk = customer.c_current_addr_sk)
                           Filter: (ca_state = 'IN'::bpchar)
                           Rows Removed by Filter: 1
                           Buffers: shared hit=201112 read=4232
               ->  Index Scan using item_pkey on item  (cost=0.42..7.64 rows=1 width=12) (actual time=0.030..0.030 rows=0 loops=968)
                     Index Cond: (i_item_sk = store_sales.ss_item_sk)
                     Filter: (i_category = 'Women'::bpchar)
                     Rows Removed by Filter: 1
                     Buffers: shared hit=3370 read=502
         ->  Index Scan using store_pkey on store  (cost=0.15..5.72 rows=1 width=15) (actual time=0.010..0.010 rows=1 loops=69)
               Index Cond: (s_store_sk = store_sales.ss_store_sk)
               Buffers: shared hit=135 read=1
 Planning:
   Buffers: shared hit=460
 Planning Time: 4.855 ms
 Execution Time: 83707.679 ms
(48 rows)

