                                                                            QUERY PLAN                                                                            
------------------------------------------------------------------------------------------------------------------------------------------------------------------
 Aggregate  (cost=9662391.36..9662391.37 rows=1 width=40) (actual time=75357.705..75357.710 rows=1 loops=1)
   Buffers: shared hit=213354 read=5131398
   ->  Nested Loop  (cost=19688.66..9662391.33 rows=3 width=14) (actual time=9951.563..75357.636 rows=36 loops=1)
         Join Filter: ("substring"((customer_address.ca_zip)::text, 1, 5) <> "substring"((store.s_zip)::text, 1, 5))
         Rows Removed by Join Filter: 1
         Buffers: shared hit=213354 read=5131398
         ->  Nested Loop  (cost=19688.51..9662374.10 rows=3 width=29) (actual time=9951.539..75357.267 rows=38 loops=1)
               Buffers: shared hit=213280 read=5131398
               ->  Nested Loop  (cost=19688.09..9661700.68 rows=88 width=22) (actual time=9921.278..75337.995 rows=1787 loops=1)
                     Buffers: shared hit=206486 read=5131044
                     ->  Hash Join  (cost=19687.66..9647998.93 rows=1791 width=22) (actual time=9918.539..74973.510 rows=39505 loops=1)
                           Hash Cond: (store_sales.ss_item_sk = item.i_item_sk)
                           Buffers: shared hit=50338 read=5131044
                           ->  Hash Join  (cost=2570.10..9630824.72 rows=21582 width=18) (actual time=9811.750..74749.603 rows=934259 loops=1)
                                 Hash Cond: (store_sales.ss_sold_date_sk = date_dim.d_date_sk)
                                 Buffers: shared hit=36239 read=5130787
                                 ->  Seq Scan on store_sales  (cost=0.00..9485539.52 rows=54364643 width=22) (actual time=0.677..71407.184 rows=53574682 loops=1)
                                       Filter: ((ss_wholesale_cost >= '44'::numeric) AND (ss_wholesale_cost <= '64'::numeric))
                                       Rows Removed by Filter: 234422342
                                       Buffers: shared hit=34765 read=5130787
                                 ->  Hash  (cost=2569.73..2569.73 rows=29 width=4) (actual time=22.138..22.138 rows=30 loops=1)
                                       Buckets: 1024  Batches: 1  Memory Usage: 10kB
                                       Buffers: shared hit=1474
                                       ->  Seq Scan on date_dim  (cost=0.00..2569.73 rows=29 width=4) (actual time=13.870..22.126 rows=30 loops=1)
                                             Filter: ((d_year = 1998) AND (d_moy = 11))
                                             Rows Removed by Filter: 73019
                                             Buffers: shared hit=1474
                           ->  Hash  (cost=16906.00..16906.00 rows=16925 width=12) (actual time=106.629..106.630 rows=17141 loops=1)
                                 Buckets: 32768  Batches: 1  Memory Usage: 993kB
                                 Buffers: shared hit=14099 read=257
                                 ->  Seq Scan on item  (cost=0.00..16906.00 rows=16925 width=12) (actual time=0.016..103.197 rows=17141 loops=1)
                                       Filter: (i_category = 'Home'::bpchar)
                                       Rows Removed by Filter: 186859
                                       Buffers: shared hit=14099 read=257
                     ->  Index Scan using customer_pkey on customer  (cost=0.43..7.65 rows=1 width=8) (actual time=0.009..0.009 rows=0 loops=39505)
                           Index Cond: (c_customer_sk = store_sales.ss_customer_sk)
                           Filter: (c_birth_month = 7)
                           Rows Removed by Filter: 1
                           Buffers: shared hit=156148
               ->  Index Scan using customer_address_pkey on customer_address  (cost=0.42..7.65 rows=1 width=15) (actual time=0.010..0.010 rows=0 loops=1787)
                     Index Cond: (ca_address_sk = customer.c_current_addr_sk)
                     Filter: (ca_state = 'NE'::bpchar)
                     Rows Removed by Filter: 1
                     Buffers: shared hit=6794 read=354
         ->  Index Scan using store_pkey on store  (cost=0.15..5.72 rows=1 width=15) (actual time=0.006..0.006 rows=1 loops=38)
               Index Cond: (s_store_sk = store_sales.ss_store_sk)
               Buffers: shared hit=74
 Planning:
   Buffers: shared hit=460
 Planning Time: 4.633 ms
 Execution Time: 75358.214 ms
(51 rows)

