                                                                            QUERY PLAN                                                                            
------------------------------------------------------------------------------------------------------------------------------------------------------------------
 Aggregate  (cost=9742687.56..9742687.57 rows=1 width=40) (actual time=76300.294..76300.299 rows=1 loops=1)
   Buffers: shared hit=347665 read=5127479
   ->  Nested Loop  (cost=19790.25..9742687.54 rows=2 width=14) (actual time=29023.509..76300.252 rows=20 loops=1)
         Join Filter: ("substring"((customer_address.ca_zip)::text, 1, 5) <> "substring"((store.s_zip)::text, 1, 5))
         Rows Removed by Join Filter: 1
         Buffers: shared hit=347665 read=5127479
         ->  Nested Loop  (cost=19790.10..9742676.05 rows=2 width=29) (actual time=29023.489..76300.010 rows=21 loops=1)
               Buffers: shared hit=347623 read=5127479
               ->  Nested Loop  (cost=19789.68..9742262.06 rows=54 width=22) (actual time=28987.045..76279.752 rows=1068 loops=1)
                     Buffers: shared hit=343674 read=5127156
                     ->  Hash Join  (cost=19789.25..9711913.21 rows=3967 width=22) (actual time=28986.770..75097.674 rows=73223 loops=1)
                           Hash Cond: (store_sales.ss_item_sk = item.i_item_sk)
                           Buffers: shared hit=54246 read=5127136
                           ->  Hash Join  (cost=2570.11..9694609.27 rows=32305 width=18) (actual time=28887.161..74874.305 rows=827701 loops=1)
                                 Hash Cond: (store_sales.ss_sold_date_sk = date_dim.d_date_sk)
                                 Buffers: shared hit=40134 read=5126892
                                 ->  Seq Scan on store_sales  (cost=0.00..9485539.52 rows=78662172 width=22) (actual time=0.066..70121.306 rows=78419996 loops=1)
                                       Filter: ((ss_wholesale_cost >= '72'::numeric) AND (ss_wholesale_cost <= '92'::numeric))
                                       Rows Removed by Filter: 209577028
                                       Buffers: shared hit=38660 read=5126892
                                 ->  Hash  (cost=2569.73..2569.73 rows=30 width=4) (actual time=21.265..21.266 rows=30 loops=1)
                                       Buckets: 1024  Batches: 1  Memory Usage: 10kB
                                       Buffers: shared hit=1474
                                       ->  Seq Scan on date_dim  (cost=0.00..2569.73 rows=30 width=4) (actual time=12.965..21.252 rows=30 loops=1)
                                             Filter: ((d_year = 2000) AND (d_moy = 6))
                                             Rows Removed by Filter: 73019
                                             Buffers: shared hit=1474
                           ->  Hash  (cost=16906.00..16906.00 rows=25051 width=12) (actual time=99.453..99.453 rows=24688 loops=1)
                                 Buckets: 32768  Batches: 1  Memory Usage: 1317kB
                                 Buffers: shared hit=14112 read=244
                                 ->  Seq Scan on item  (cost=0.00..16906.00 rows=25051 width=12) (actual time=0.015..95.880 rows=24688 loops=1)
                                       Filter: (i_category = 'Books'::bpchar)
                                       Rows Removed by Filter: 179312
                                       Buffers: shared hit=14112 read=244
                     ->  Index Scan using customer_pkey on customer  (cost=0.43..7.65 rows=1 width=8) (actual time=0.016..0.016 rows=0 loops=73223)
                           Index Cond: (c_customer_sk = store_sales.ss_customer_sk)
                           Filter: (c_birth_month = 5)
                           Rows Removed by Filter: 1
                           Buffers: shared hit=289428 read=20
               ->  Index Scan using customer_address_pkey on customer_address  (cost=0.42..7.67 rows=1 width=15) (actual time=0.019..0.019 rows=0 loops=1068)
                     Index Cond: (ca_address_sk = customer.c_current_addr_sk)
                     Filter: (ca_state = 'TN'::bpchar)
                     Rows Removed by Filter: 1
                     Buffers: shared hit=3949 read=323
         ->  Index Scan using store_pkey on store  (cost=0.15..5.72 rows=1 width=15) (actual time=0.007..0.007 rows=1 loops=21)
               Index Cond: (s_store_sk = store_sales.ss_store_sk)
               Buffers: shared hit=42
 Planning:
   Buffers: shared hit=460
 Planning Time: 4.612 ms
 Execution Time: 76300.809 ms
(51 rows)

