                                                                             QUERY PLAN                                                                              
---------------------------------------------------------------------------------------------------------------------------------------------------------------------
 Aggregate  (cost=9773105.47..9773105.48 rows=1 width=40) (actual time=83974.390..83974.395 rows=1 loops=1)
   Buffers: shared hit=1239229 read=5128439
   ->  Nested Loop  (cost=2571.54..9773105.45 rows=3 width=14) (actual time=9747.574..83974.300 rows=32 loops=1)
         Join Filter: ("substring"((customer_address.ca_zip)::text, 1, 5) <> "substring"((store.s_zip)::text, 1, 5))
         Rows Removed by Join Filter: 1
         Buffers: shared hit=1239229 read=5128439
         ->  Nested Loop  (cost=2571.39..9773088.22 rows=3 width=29) (actual time=9747.536..83973.748 rows=33 loops=1)
               Buffers: shared hit=1239163 read=5128439
               ->  Nested Loop  (cost=2570.97..9772691.17 rows=52 width=25) (actual time=9558.788..83956.115 rows=499 loops=1)
                     Buffers: shared hit=1237546 read=5128060
                     ->  Nested Loop  (cost=2570.55..9755411.22 rows=2259 width=18) (actual time=9524.834..83145.034 rows=31554 loops=1)
                           Buffers: shared hit=1116521 read=5122869
                           ->  Hash Join  (cost=2570.12..9607614.32 rows=19319 width=18) (actual time=9524.794..76632.286 rows=271416 loops=1)
                                 Hash Cond: (store_sales.ss_sold_date_sk = date_dim.d_date_sk)
                                 Buffers: shared hit=44310 read=5122716
                                 ->  Seq Scan on store_sales  (cost=0.00..9485539.52 rows=45523068 width=22) (actual time=0.162..73674.542 rows=45442997 loops=1)
                                       Filter: ((ss_wholesale_cost >= '34'::numeric) AND (ss_wholesale_cost <= '54'::numeric))
                                       Rows Removed by Filter: 242554027
                                       Buffers: shared hit=42836 read=5122716
                                 ->  Hash  (cost=2569.73..2569.73 rows=31 width=4) (actual time=21.237..21.239 rows=31 loops=1)
                                       Buckets: 1024  Batches: 1  Memory Usage: 10kB
                                       Buffers: shared hit=1474
                                       ->  Seq Scan on date_dim  (cost=0.00..2569.73 rows=31 width=4) (actual time=12.544..21.221 rows=31 loops=1)
                                             Filter: ((d_year = 1998) AND (d_moy = 10))
                                             Rows Removed by Filter: 73018
                                             Buffers: shared hit=1474
                           ->  Index Scan using customer_pkey on customer  (cost=0.43..7.65 rows=1 width=8) (actual time=0.024..0.024 rows=0 loops=271416)
                                 Index Cond: (c_customer_sk = store_sales.ss_customer_sk)
                                 Filter: (c_birth_month = 8)
                                 Rows Removed by Filter: 1
                                 Buffers: shared hit=1072211 read=153
                     ->  Index Scan using customer_address_pkey on customer_address  (cost=0.42..7.65 rows=1 width=15) (actual time=0.025..0.025 rows=0 loops=31554)
                           Index Cond: (ca_address_sk = customer.c_current_addr_sk)
                           Filter: (ca_state = 'OK'::bpchar)
                           Rows Removed by Filter: 1
                           Buffers: shared hit=121025 read=5191
               ->  Index Scan using item_pkey on item  (cost=0.42..7.64 rows=1 width=12) (actual time=0.035..0.035 rows=0 loops=499)
                     Index Cond: (i_item_sk = store_sales.ss_item_sk)
                     Filter: (i_category = 'Women'::bpchar)
                     Rows Removed by Filter: 1
                     Buffers: shared hit=1617 read=379
         ->  Index Scan using store_pkey on store  (cost=0.15..5.72 rows=1 width=15) (actual time=0.010..0.010 rows=1 loops=33)
               Index Cond: (s_store_sk = store_sales.ss_store_sk)
               Buffers: shared hit=66
 Planning:
   Buffers: shared hit=460
 Planning Time: 4.435 ms
 Execution Time: 83974.840 ms
(48 rows)

