                                                                             QUERY PLAN                                                                              
---------------------------------------------------------------------------------------------------------------------------------------------------------------------
 Aggregate  (cost=9757210.07..9757210.08 rows=1 width=40) (actual time=79836.389..79836.395 rows=1 loops=1)
   Buffers: shared hit=1616495 read=5118401
   ->  Nested Loop  (cost=2571.53..9757210.06 rows=1 width=14) (actual time=52937.087..79836.378 rows=3 loops=1)
         Join Filter: ("substring"((customer_address.ca_zip)::text, 1, 5) <> "substring"((store.s_zip)::text, 1, 5))
         Buffers: shared hit=1616495 read=5118401
         ->  Nested Loop  (cost=2571.38..9757204.32 rows=1 width=29) (actual time=52937.050..79836.304 rows=3 loops=1)
               Buffers: shared hit=1616489 read=5118401
               ->  Nested Loop  (cost=2570.96..9757143.23 rows=8 width=25) (actual time=50492.416..79830.349 rows=164 loops=1)
                     Buffers: shared hit=1615960 read=5118274
                     ->  Nested Loop  (cost=2570.54..9752527.03 rows=603 width=18) (actual time=50262.843..79501.332 rows=12510 loops=1)
                           Buffers: shared hit=1567604 read=5116590
                           ->  Hash Join  (cost=2570.11..9608471.14 rows=18830 width=18) (actual time=50261.281..70287.682 rows=383955 loops=1)
                                 Hash Cond: (store_sales.ss_sold_date_sk = date_dim.d_date_sk)
                                 Buffers: shared hit=50553 read=5116473
                                 ->  Seq Scan on store_sales  (cost=0.00..9485539.52 rows=45849467 width=22) (actual time=0.195..67238.155 rows=46160898 loops=1)
                                       Filter: ((ss_wholesale_cost >= '80'::numeric) AND (ss_wholesale_cost <= '100'::numeric))
                                       Rows Removed by Filter: 241836126
                                       Buffers: shared hit=49079 read=5116473
                                 ->  Hash  (cost=2569.73..2569.73 rows=30 width=4) (actual time=19.500..19.501 rows=31 loops=1)
                                       Buckets: 1024  Batches: 1  Memory Usage: 10kB
                                       Buffers: shared hit=1474
                                       ->  Seq Scan on date_dim  (cost=0.00..2569.73 rows=30 width=4) (actual time=11.240..19.487 rows=31 loops=1)
                                             Filter: ((d_year = 2001) AND (d_moy = 12))
                                             Rows Removed by Filter: 73018
                                             Buffers: shared hit=1474
                           ->  Index Scan using customer_pkey on customer  (cost=0.43..7.65 rows=1 width=8) (actual time=0.024..0.024 rows=0 loops=383955)
                                 Index Cond: (c_customer_sk = store_sales.ss_customer_sk)
                                 Filter: (c_birth_month = 6)
                                 Rows Removed by Filter: 1
                                 Buffers: shared hit=1517051 read=117
                     ->  Index Scan using customer_address_pkey on customer_address  (cost=0.42..7.66 rows=1 width=15) (actual time=0.026..0.026 rows=0 loops=12510)
                           Index Cond: (ca_address_sk = customer.c_current_addr_sk)
                           Filter: (ca_state = 'ID'::bpchar)
                           Rows Removed by Filter: 1
                           Buffers: shared hit=48356 read=1684
               ->  Index Scan using item_pkey on item  (cost=0.42..7.64 rows=1 width=12) (actual time=0.035..0.035 rows=0 loops=164)
                     Index Cond: (i_item_sk = store_sales.ss_item_sk)
                     Filter: (i_category = 'Jewelry'::bpchar)
                     Rows Removed by Filter: 1
                     Buffers: shared hit=529 read=127
         ->  Index Scan using store_pkey on store  (cost=0.15..5.72 rows=1 width=15) (actual time=0.016..0.016 rows=1 loops=3)
               Index Cond: (s_store_sk = store_sales.ss_store_sk)
               Buffers: shared hit=6
 Planning:
   Buffers: shared hit=460
 Planning Time: 4.761 ms
 Execution Time: 79836.796 ms
(47 rows)

