                                                                             QUERY PLAN                                                                              
---------------------------------------------------------------------------------------------------------------------------------------------------------------------
 Aggregate  (cost=9690144.14..9690144.15 rows=1 width=40) (actual time=79408.254..79408.260 rows=1 loops=1)
   Buffers: shared hit=850985 read=5122365
   ->  Nested Loop  (cost=2571.54..9690144.10 rows=6 width=14) (actual time=26731.978..79408.160 rows=43 loops=1)
         Join Filter: ("substring"((customer_address.ca_zip)::text, 1, 5) <> "substring"((store.s_zip)::text, 1, 5))
         Rows Removed by Join Filter: 1
         Buffers: shared hit=850985 read=5122365
         ->  Nested Loop  (cost=2571.39..9690109.64 rows=6 width=29) (actual time=26731.938..79407.503 rows=44 loops=1)
               Buffers: shared hit=850899 read=5122363
               ->  Nested Loop  (cost=2570.97..9689758.40 rows=46 width=25) (actual time=26674.717..79389.218 rows=479 loops=1)
                     Buffers: shared hit=849418 read=5121928
                     ->  Nested Loop  (cost=2570.55..9677511.75 rows=1601 width=18) (actual time=26661.483..78885.186 rows=21508 loops=1)
                           Buffers: shared hit=766546 read=5118768
                           ->  Hash Join  (cost=2570.12..9572786.09 rows=13689 width=18) (actual time=26660.963..74724.612 rows=181774 loops=1)
                                 Hash Cond: (store_sales.ss_sold_date_sk = date_dim.d_date_sk)
                                 Buffers: shared hit=48291 read=5118735
                                 ->  Seq Scan on store_sales  (cost=0.00..9485539.52 rows=32255907 width=22) (actual time=0.556..72555.228 rows=32336064 loops=1)
                                       Filter: ((ss_wholesale_cost >= '20'::numeric) AND (ss_wholesale_cost <= '40'::numeric))
                                       Rows Removed by Filter: 255660960
                                       Buffers: shared hit=46817 read=5118735
                                 ->  Hash  (cost=2569.73..2569.73 rows=31 width=4) (actual time=24.573..24.574 rows=31 loops=1)
                                       Buckets: 1024  Batches: 1  Memory Usage: 10kB
                                       Buffers: shared hit=1474
                                       ->  Seq Scan on date_dim  (cost=0.00..2569.73 rows=31 width=4) (actual time=11.944..24.558 rows=31 loops=1)
                                             Filter: ((d_year = 2000) AND (d_moy = 3))
                                             Rows Removed by Filter: 73018
                                             Buffers: shared hit=1474
                           ->  Index Scan using customer_pkey on customer  (cost=0.43..7.65 rows=1 width=8) (actual time=0.023..0.023 rows=0 loops=181774)
                                 Index Cond: (c_customer_sk = store_sales.ss_customer_sk)
                                 Filter: (c_birth_month = 8)
                                 Rows Removed by Filter: 1
                                 Buffers: shared hit=718255 read=33
                     ->  Index Scan using customer_address_pkey on customer_address  (cost=0.42..7.65 rows=1 width=15) (actual time=0.023..0.023 rows=0 loops=21508)
                           Index Cond: (ca_address_sk = customer.c_current_addr_sk)
                           Filter: (ca_state = 'NE'::bpchar)
                           Rows Removed by Filter: 1
                           Buffers: shared hit=82872 read=3160
               ->  Index Scan using item_pkey on item  (cost=0.42..7.64 rows=1 width=12) (actual time=0.037..0.037 rows=0 loops=479)
                     Index Cond: (i_item_sk = store_sales.ss_item_sk)
                     Filter: (i_category = 'Books'::bpchar)
                     Rows Removed by Filter: 1
                     Buffers: shared hit=1481 read=435
         ->  Index Scan using store_pkey on store  (cost=0.15..5.72 rows=1 width=15) (actual time=0.009..0.009 rows=1 loops=44)
               Index Cond: (s_store_sk = store_sales.ss_store_sk)
               Buffers: shared hit=86 read=2
 Planning:
   Buffers: shared hit=460
 Planning Time: 4.479 ms
 Execution Time: 79408.673 ms
(48 rows)

