                                                                             QUERY PLAN                                                                              
---------------------------------------------------------------------------------------------------------------------------------------------------------------------
 Aggregate  (cost=9752605.56..9752605.57 rows=1 width=40) (actual time=106452.685..106452.690 rows=1 loops=1)
   Buffers: shared hit=5679752 read=5149570
   ->  Nested Loop  (cost=2571.50..9752605.54 rows=3 width=14) (actual time=11915.184..106452.356 rows=141 loops=1)
         Join Filter: ("substring"((customer_address.ca_zip)::text, 1, 5) <> "substring"((store.s_zip)::text, 1, 5))
         Rows Removed by Join Filter: 1
         Buffers: shared hit=5679752 read=5149570
         ->  Nested Loop  (cost=2571.36..9752588.31 rows=3 width=29) (actual time=11915.151..106448.399 rows=142 loops=1)
               Buffers: shared hit=5679479 read=5149559
               ->  Nested Loop  (cost=2570.94..9752259.98 rows=43 width=25) (actual time=11909.553..106402.802 rows=1807 loops=1)
                     Buffers: shared hit=5672329 read=5149481
                     ->  Nested Loop  (cost=2570.51..9742918.18 rows=1221 width=18) (actual time=11831.337..104179.205 rows=90321 loops=1)
                           Buffers: shared hit=5320943 read=5139583
                           ->  Hash Join  (cost=2570.08..9608471.12 rows=17574 width=18) (actual time=11831.277..72588.611 rows=1339356 loops=1)
                                 Hash Cond: (store_sales.ss_sold_date_sk = date_dim.d_date_sk)
                                 Buffers: shared hit=27600 read=5139426
                                 ->  Seq Scan on store_sales  (cost=0.00..9485539.52 rows=45849467 width=22) (actual time=0.090..69245.999 rows=46160898 loops=1)
                                       Filter: ((ss_wholesale_cost >= '80'::numeric) AND (ss_wholesale_cost <= '100'::numeric))
                                       Rows Removed by Filter: 241836126
                                       Buffers: shared hit=26126 read=5139426
                                 ->  Hash  (cost=2569.73..2569.73 rows=28 width=4) (actual time=13.708..13.709 rows=28 loops=1)
                                       Buckets: 1024  Batches: 1  Memory Usage: 9kB
                                       Buffers: shared hit=1474
                                       ->  Seq Scan on date_dim  (cost=0.00..2569.73 rows=28 width=4) (actual time=7.374..13.693 rows=28 loops=1)
                                             Filter: ((d_year = 1999) AND (d_moy = 2))
                                             Rows Removed by Filter: 73021
                                             Buffers: shared hit=1474
                           ->  Index Scan using customer_pkey on customer  (cost=0.43..7.65 rows=1 width=8) (actual time=0.023..0.023 rows=0 loops=1339356)
                                 Index Cond: (c_customer_sk = store_sales.ss_customer_sk)
                                 Filter: (c_birth_month = 12)
                                 Rows Removed by Filter: 1
                                 Buffers: shared hit=5293343 read=157
                     ->  Index Scan using customer_address_pkey on customer_address  (cost=0.42..7.65 rows=1 width=15) (actual time=0.024..0.024 rows=0 loops=90321)
                           Index Cond: (ca_address_sk = customer.c_current_addr_sk)
                           Filter: (ca_state = 'MO'::bpchar)
                           Rows Removed by Filter: 1
                           Buffers: shared hit=351386 read=9898
               ->  Index Scan using item_pkey on item  (cost=0.42..7.64 rows=1 width=12) (actual time=0.024..0.024 rows=0 loops=1807)
                     Index Cond: (i_item_sk = store_sales.ss_item_sk)
                     Filter: (i_category = 'Men'::bpchar)
                     Rows Removed by Filter: 1
                     Buffers: shared hit=7150 read=78
         ->  Index Scan using store_pkey on store  (cost=0.15..5.72 rows=1 width=15) (actual time=0.021..0.021 rows=1 loops=142)
               Index Cond: (s_store_sk = store_sales.ss_store_sk)
               Buffers: shared hit=273 read=11
 Planning:
   Buffers: shared hit=460
 Planning Time: 1.853 ms
 Execution Time: 106452.917 ms
(48 rows)

