                                                                            QUERY PLAN                                                                            
------------------------------------------------------------------------------------------------------------------------------------------------------------------
 Aggregate  (cost=9668085.58..9668085.59 rows=1 width=40) (actual time=79114.173..79114.178 rows=1 loops=1)
   Buffers: shared hit=516304 read=5135052
   ->  Nested Loop  (cost=19750.22..9668085.55 rows=4 width=14) (actual time=42665.489..79113.980 rows=102 loops=1)
         Join Filter: ("substring"((customer_address.ca_zip)::text, 1, 5) <> "substring"((store.s_zip)::text, 1, 5))
         Rows Removed by Join Filter: 1
         Buffers: shared hit=516304 read=5135052
         ->  Nested Loop  (cost=19750.07..9668062.58 rows=4 width=29) (actual time=42665.460..79111.722 rows=103 loops=1)
               Buffers: shared hit=516098 read=5135052
               ->  Nested Loop  (cost=19749.65..9666968.38 rows=143 width=22) (actual time=42662.239..78989.476 rows=6369 loops=1)
                     Buffers: shared hit=491759 read=5133915
                     ->  Hash Join  (cost=19749.22..9648064.40 rows=2471 width=22) (actual time=42662.162..77085.701 rows=112383 loops=1)
                           Hash Cond: (store_sales.ss_item_sk = item.i_item_sk)
                           Buffers: shared hit=47472 read=5133910
                           ->  Hash Join  (cost=2570.12..9630824.74 rows=23071 width=18) (actual time=42549.108..76795.241 rows=981597 loops=1)
                                 Hash Cond: (store_sales.ss_sold_date_sk = date_dim.d_date_sk)
                                 Buffers: shared hit=34953 read=5132073
                                 ->  Seq Scan on store_sales  (cost=0.00..9485539.52 rows=54364643 width=22) (actual time=0.341..73367.557 rows=53574682 loops=1)
                                       Filter: ((ss_wholesale_cost >= '44'::numeric) AND (ss_wholesale_cost <= '64'::numeric))
                                       Rows Removed by Filter: 234422342
                                       Buffers: shared hit=33479 read=5132073
                                 ->  Hash  (cost=2569.73..2569.73 rows=31 width=4) (actual time=21.073..21.074 rows=31 loops=1)
                                       Buckets: 1024  Batches: 1  Memory Usage: 10kB
                                       Buffers: shared hit=1474
                                       ->  Seq Scan on date_dim  (cost=0.00..2569.73 rows=31 width=4) (actual time=12.420..21.062 rows=31 loops=1)
                                             Filter: ((d_year = 2001) AND (d_moy = 3))
                                             Rows Removed by Filter: 73018
                                             Buffers: shared hit=1474
                           ->  Hash  (cost=16906.00..16906.00 rows=21848 width=12) (actual time=112.855..112.856 rows=21811 loops=1)
                                 Buckets: 32768  Batches: 1  Memory Usage: 1193kB
                                 Buffers: shared hit=12519 read=1837
                                 ->  Seq Scan on item  (cost=0.00..16906.00 rows=21848 width=12) (actual time=0.025..108.592 rows=21811 loops=1)
                                       Filter: (i_category = 'Sports'::bpchar)
                                       Rows Removed by Filter: 182189
                                       Buffers: shared hit=12519 read=1837
                     ->  Index Scan using customer_pkey on customer  (cost=0.43..7.65 rows=1 width=8) (actual time=0.017..0.017 rows=0 loops=112383)
                           Index Cond: (c_customer_sk = store_sales.ss_customer_sk)
                           Filter: (c_birth_month = 3)
                           Rows Removed by Filter: 1
                           Buffers: shared hit=444287 read=5
               ->  Index Scan using customer_address_pkey on customer_address  (cost=0.42..7.65 rows=1 width=15) (actual time=0.019..0.019 rows=0 loops=6369)
                     Index Cond: (ca_address_sk = customer.c_current_addr_sk)
                     Filter: (ca_state = 'OH'::bpchar)
                     Rows Removed by Filter: 1
                     Buffers: shared hit=24339 read=1137
         ->  Index Scan using store_pkey on store  (cost=0.15..5.72 rows=1 width=15) (actual time=0.017..0.017 rows=1 loops=103)
               Index Cond: (s_store_sk = store_sales.ss_store_sk)
               Buffers: shared hit=206
 Planning:
   Buffers: shared hit=460
 Planning Time: 5.544 ms
 Execution Time: 79114.836 ms
(51 rows)

