                                                                             QUERY PLAN                                                                              
---------------------------------------------------------------------------------------------------------------------------------------------------------------------
 Aggregate  (cost=9740375.94..9740375.95 rows=1 width=40) (actual time=83353.068..83353.073 rows=1 loops=1)
   Buffers: shared hit=1243014 read=5140662
   ->  Nested Loop  (cost=2571.54..9740375.91 rows=4 width=14) (actual time=23197.398..83353.026 rows=14 loops=1)
         Join Filter: ("substring"((customer_address.ca_zip)::text, 1, 5) <> "substring"((store.s_zip)::text, 1, 5))
         Rows Removed by Join Filter: 1
         Buffers: shared hit=1243014 read=5140662
         ->  Nested Loop  (cost=2571.39..9740352.94 rows=4 width=29) (actual time=23197.367..83352.771 rows=15 loops=1)
               Buffers: shared hit=1242984 read=5140662
               ->  Nested Loop  (cost=2570.97..9739642.82 rows=93 width=25) (actual time=23035.056..83337.711 rows=761 loops=1)
                     Buffers: shared hit=1239949 read=5140653
                     ->  Nested Loop  (cost=2570.55..9718318.26 rows=2788 width=18) (actual time=23021.919..82277.228 rows=43768 loops=1)
                           Buffers: shared hit=1068861 read=5136669
                           ->  Hash Join  (cost=2570.12..9591031.84 rows=16638 width=18) (actual time=23021.835..76011.179 rows=262791 loops=1)
                                 Hash Cond: (store_sales.ss_sold_date_sk = date_dim.d_date_sk)
                                 Buffers: shared hit=30359 read=5136667
                                 ->  Seq Scan on store_sales  (cost=0.00..9485539.52 rows=39206286 width=22) (actual time=0.057..73421.915 rows=39350281 loops=1)
                                       Filter: ((ss_wholesale_cost >= '29'::numeric) AND (ss_wholesale_cost <= '49'::numeric))
                                       Rows Removed by Filter: 248646743
                                       Buffers: shared hit=28885 read=5136667
                                 ->  Hash  (cost=2569.73..2569.73 rows=31 width=4) (actual time=22.808..22.809 rows=31 loops=1)
                                       Buckets: 1024  Batches: 1  Memory Usage: 10kB
                                       Buffers: shared hit=1474
                                       ->  Seq Scan on date_dim  (cost=0.00..2569.73 rows=31 width=4) (actual time=12.108..22.789 rows=31 loops=1)
                                             Filter: ((d_year = 1999) AND (d_moy = 10))
                                             Rows Removed by Filter: 73018
                                             Buffers: shared hit=1474
                           ->  Index Scan using customer_pkey on customer  (cost=0.43..7.65 rows=1 width=8) (actual time=0.023..0.023 rows=0 loops=262791)
                                 Index Cond: (c_customer_sk = store_sales.ss_customer_sk)
                                 Filter: (c_birth_month = 4)
                                 Rows Removed by Filter: 1
                                 Buffers: shared hit=1038502 read=2
                     ->  Index Scan using customer_address_pkey on customer_address  (cost=0.42..7.65 rows=1 width=15) (actual time=0.024..0.024 rows=0 loops=43768)
                           Index Cond: (ca_address_sk = customer.c_current_addr_sk)
                           Filter: (ca_state = 'KS'::bpchar)
                           Rows Removed by Filter: 1
                           Buffers: shared hit=171088 read=3984
               ->  Index Scan using item_pkey on item  (cost=0.42..7.64 rows=1 width=12) (actual time=0.019..0.019 rows=0 loops=761)
                     Index Cond: (i_item_sk = store_sales.ss_item_sk)
                     Filter: (i_category = 'Jewelry'::bpchar)
                     Rows Removed by Filter: 1
                     Buffers: shared hit=3035 read=9
         ->  Index Scan using store_pkey on store  (cost=0.15..5.72 rows=1 width=15) (actual time=0.010..0.010 rows=1 loops=15)
               Index Cond: (s_store_sk = store_sales.ss_store_sk)
               Buffers: shared hit=30
 Planning:
   Buffers: shared hit=460
 Planning Time: 4.539 ms
 Execution Time: 83353.482 ms
(48 rows)

