                                                                            QUERY PLAN                                                                            
------------------------------------------------------------------------------------------------------------------------------------------------------------------
 Aggregate  (cost=9783349.87..9783349.88 rows=1 width=40) (actual time=79633.828..79633.833 rows=1 loops=1)
   Buffers: shared hit=1239148 read=5133484
   ->  Nested Loop  (cost=2571.54..9783349.81 rows=7 width=14) (actual time=26117.466..79633.779 rows=17 loops=1)
         Join Filter: ("substring"((customer_address.ca_zip)::text, 1, 5) <> "substring"((store.s_zip)::text, 1, 5))
         Buffers: shared hit=1239148 read=5133484
         ->  Nested Loop  (cost=2571.39..9783309.61 rows=7 width=29) (actual time=26117.435..79632.989 rows=17 loops=1)
               Buffers: shared hit=1239114 read=5133484
               ->  Nested Loop  (cost=2570.97..9782215.85 rows=143 width=22) (actual time=25987.212..79606.158 rows=902 loops=1)
                     Buffers: shared hit=1235646 read=5133344
                     ->  Nested Loop  (cost=2570.55..9757323.81 rows=3260 width=18) (actual time=25978.667..78503.906 rows=43244 loops=1)
                           Buffers: shared hit=1063844 read=5132170
                           ->  Hash Join  (cost=2570.12..9608471.16 rows=19457 width=18) (actual time=25978.524..72126.475 rows=260457 loops=1)
                                 Hash Cond: (store_sales.ss_sold_date_sk = date_dim.d_date_sk)
                                 Buffers: shared hit=34857 read=5132169
                                 ->  Seq Scan on store_sales  (cost=0.00..9485539.52 rows=45849467 width=22) (actual time=0.045..69071.313 rows=46160898 loops=1)
                                       Filter: ((ss_wholesale_cost >= '80'::numeric) AND (ss_wholesale_cost <= '100'::numeric))
                                       Rows Removed by Filter: 241836126
                                       Buffers: shared hit=33383 read=5132169
                                 ->  Hash  (cost=2569.73..2569.73 rows=31 width=4) (actual time=19.030..19.031 rows=31 loops=1)
                                       Buckets: 1024  Batches: 1  Memory Usage: 10kB
                                       Buffers: shared hit=1474
                                       ->  Seq Scan on date_dim  (cost=0.00..2569.73 rows=31 width=4) (actual time=11.633..19.017 rows=31 loops=1)
                                             Filter: ((d_year = 2000) AND (d_moy = 3))
                                             Rows Removed by Filter: 73018
                                             Buffers: shared hit=1474
                           ->  Index Scan using customer_pkey on customer  (cost=0.43..7.65 rows=1 width=8) (actual time=0.024..0.024 rows=0 loops=260457)
                                 Index Cond: (c_customer_sk = store_sales.ss_customer_sk)
                                 Filter: (c_birth_month = 4)
                                 Rows Removed by Filter: 1
                                 Buffers: shared hit=1028987 read=1
                     ->  Index Scan using item_pkey on item  (cost=0.42..7.64 rows=1 width=12) (actual time=0.025..0.025 rows=0 loops=43244)
                           Index Cond: (i_item_sk = store_sales.ss_item_sk)
                           Filter: (i_category = 'Jewelry'::bpchar)
                           Rows Removed by Filter: 1
                           Buffers: shared hit=171802 read=1174
               ->  Index Scan using customer_address_pkey on customer_address  (cost=0.42..7.65 rows=1 width=15) (actual time=0.029..0.029 rows=0 loops=902)
                     Index Cond: (ca_address_sk = customer.c_current_addr_sk)
                     Filter: (ca_state = 'VA'::bpchar)
                     Rows Removed by Filter: 1
                     Buffers: shared hit=3468 read=140
         ->  Index Scan using store_pkey on store  (cost=0.15..5.72 rows=1 width=15) (actual time=0.039..0.039 rows=1 loops=17)
               Index Cond: (s_store_sk = store_sales.ss_store_sk)
               Buffers: shared hit=34
 Planning:
   Buffers: shared hit=460
 Planning Time: 5.170 ms
 Execution Time: 79634.236 ms
(47 rows)

