                                                                             QUERY PLAN                                                                             
--------------------------------------------------------------------------------------------------------------------------------------------------------------------
 Aggregate  (cost=9636329.74..9636329.75 rows=1 width=40) (actual time=87263.496..87263.501 rows=1 loops=1)
   Buffers: shared hit=1094435 read=5125069
   ->  Nested Loop  (cost=2571.50..9636329.73 rows=1 width=14) (actual time=61344.590..87263.463 rows=11 loops=1)
         Join Filter: ("substring"((customer_address.ca_zip)::text, 1, 5) <> "substring"((store.s_zip)::text, 1, 5))
         Buffers: shared hit=1094435 read=5125069
         ->  Nested Loop  (cost=2571.36..9636323.99 rows=1 width=29) (actual time=61344.541..87262.522 rows=11 loops=1)
               Buffers: shared hit=1094413 read=5125069
               ->  Nested Loop  (cost=2570.94..9636316.35 rows=1 width=25) (actual time=60689.385..87260.222 rows=43 loops=1)
                     Buffers: shared hit=1094242 read=5125068
                     ->  Nested Loop  (cost=2570.51..9635258.36 rows=138 width=18) (actual time=59750.397..87167.436 rows=3707 loops=1)
                           Buffers: shared hit=1080483 read=5123999
                           ->  Hash Join  (cost=2570.08..9557614.85 rows=10149 width=18) (actual time=59749.877..80820.591 rows=262593 loops=1)
                                 Hash Cond: (store_sales.ss_sold_date_sk = date_dim.d_date_sk)
                                 Buffers: shared hit=43097 read=5123929
                                 ->  Seq Scan on store_sales  (cost=0.00..9485539.52 rows=26476724 width=22) (actual time=0.028..78852.262 rows=26847589 loops=1)
                                       Filter: ((ss_wholesale_cost >= '14'::numeric) AND (ss_wholesale_cost <= '34'::numeric))
                                       Rows Removed by Filter: 261149435
                                       Buffers: shared hit=41623 read=5123929
                                 ->  Hash  (cost=2569.73..2569.73 rows=28 width=4) (actual time=15.978..15.979 rows=28 loops=1)
                                       Buckets: 1024  Batches: 1  Memory Usage: 9kB
                                       Buffers: shared hit=1474
                                       ->  Seq Scan on date_dim  (cost=0.00..2569.73 rows=28 width=4) (actual time=7.155..15.969 rows=28 loops=1)
                                             Filter: ((d_year = 2002) AND (d_moy = 2))
                                             Rows Removed by Filter: 73021
                                             Buffers: shared hit=1474
                           ->  Index Scan using customer_pkey on customer  (cost=0.43..7.65 rows=1 width=8) (actual time=0.024..0.024 rows=0 loops=262593)
                                 Index Cond: (c_customer_sk = store_sales.ss_customer_sk)
                                 Filter: (c_birth_month = 5)
                                 Rows Removed by Filter: 1
                                 Buffers: shared hit=1037386 read=70
                     ->  Index Scan using customer_address_pkey on customer_address  (cost=0.42..7.67 rows=1 width=15) (actual time=0.024..0.024 rows=0 loops=3707)
                           Index Cond: (ca_address_sk = customer.c_current_addr_sk)
                           Filter: (ca_state = 'VT'::bpchar)
                           Rows Removed by Filter: 1
                           Buffers: shared hit=13759 read=1069
               ->  Index Scan using item_pkey on item  (cost=0.42..7.64 rows=1 width=12) (actual time=0.052..0.052 rows=0 loops=43)
                     Index Cond: (i_item_sk = store_sales.ss_item_sk)
                     Filter: (i_category = 'Electronics'::bpchar)
                     Rows Removed by Filter: 1
                     Buffers: shared hit=171 read=1
         ->  Index Scan using store_pkey on store  (cost=0.15..5.72 rows=1 width=15) (actual time=0.013..0.013 rows=1 loops=11)
               Index Cond: (s_store_sk = store_sales.ss_store_sk)
               Buffers: shared hit=22
 Planning:
   Buffers: shared hit=460
 Planning Time: 1.819 ms
 Execution Time: 87263.724 ms
(47 rows)

