                                                                            QUERY PLAN                                                                            
------------------------------------------------------------------------------------------------------------------------------------------------------------------
 Aggregate  (cost=9741168.94..9741168.95 rows=1 width=40) (actual time=75687.088..75687.093 rows=1 loops=1)
   Buffers: shared hit=139246 read=5122268
   ->  Hash Join  (cost=17046.40..9741168.90 rows=5 width=14) (actual time=17844.540..75687.014 rows=44 loops=1)
         Hash Cond: (store_sales.ss_store_sk = store.s_store_sk)
         Join Filter: ("substring"((customer_address.ca_zip)::text, 1, 5) <> "substring"((store.s_zip)::text, 1, 5))
         Buffers: shared hit=139246 read=5122268
         ->  Nested Loop  (cost=17019.36..9741141.84 rows=5 width=29) (actual time=17843.335..75685.673 rows=44 loops=1)
               Buffers: shared hit=139229 read=5122267
               ->  Nested Loop  (cost=17018.93..9740208.62 rows=122 width=22) (actual time=17824.749..75660.914 rows=2026 loops=1)
                     Buffers: shared hit=132564 read=5120828
                     ->  Nested Loop  (cost=17018.50..9732252.27 rows=1040 width=22) (actual time=17824.705..75482.266 rows=16986 loops=1)
                           Buffers: shared hit=65323 read=5120789
                           ->  Hash Join  (cost=17018.20..9653584.02 rows=2531436 width=26) (actual time=132.226..75071.428 rows=1256692 loops=1)
                                 Hash Cond: (store_sales.ss_item_sk = item.i_item_sk)
                                 Buffers: shared hit=59119 read=5120789
                                 ->  Seq Scan on store_sales  (cost=0.00..9485539.52 rows=57532634 width=22) (actual time=0.050..69229.034 rows=57752041 loops=1)
                                       Filter: ((ss_wholesale_cost >= '76'::numeric) AND (ss_wholesale_cost <= '96'::numeric))
                                       Rows Removed by Filter: 230244983
                                       Buffers: shared hit=45023 read=5120529
                                 ->  Hash  (cost=16906.00..16906.00 rows=8976 width=12) (actual time=131.973..131.973 rows=8826 loops=1)
                                       Buckets: 16384  Batches: 1  Memory Usage: 508kB
                                       Buffers: shared hit=14096 read=260
                                       ->  Seq Scan on item  (cost=0.00..16906.00 rows=8976 width=12) (actual time=0.031..130.118 rows=8826 loops=1)
                                             Filter: (i_category = 'Jewelry'::bpchar)
                                             Rows Removed by Filter: 195174
                                             Buffers: shared hit=14096 read=260
                           ->  Memoize  (cost=0.30..7.51 rows=1 width=4) (actual time=0.000..0.000 rows=0 loops=1256692)
                                 Cache Key: store_sales.ss_sold_date_sk
                                 Cache Mode: logical
                                 Hits: 1254623  Misses: 2069  Evictions: 0  Overflows: 0  Memory Usage: 139kB
                                 Buffers: shared hit=6204
                                 ->  Index Scan using date_dim_pkey on date_dim  (cost=0.29..7.50 rows=1 width=4) (actual time=0.015..0.015 rows=0 loops=2069)
                                       Index Cond: (d_date_sk = store_sales.ss_sold_date_sk)
                                       Filter: ((d_year = 1999) AND (d_moy = 6))
                                       Rows Removed by Filter: 1
                                       Buffers: shared hit=6204
                     ->  Index Scan using customer_pkey on customer  (cost=0.43..7.65 rows=1 width=8) (actual time=0.010..0.010 rows=0 loops=16986)
                           Index Cond: (c_customer_sk = store_sales.ss_customer_sk)
                           Filter: (c_birth_month = 8)
                           Rows Removed by Filter: 1
                           Buffers: shared hit=67241 read=39
               ->  Index Scan using customer_address_pkey on customer_address  (cost=0.42..7.65 rows=1 width=15) (actual time=0.012..0.012 rows=0 loops=2026)
                     Index Cond: (ca_address_sk = customer.c_current_addr_sk)
                     Filter: (ca_state = 'KY'::bpchar)
                     Rows Removed by Filter: 1
                     Buffers: shared hit=6665 read=1439
         ->  Hash  (cost=22.02..22.02 rows=402 width=15) (actual time=1.157..1.158 rows=402 loops=1)
               Buckets: 1024  Batches: 1  Memory Usage: 27kB
               Buffers: shared hit=17 read=1
               ->  Seq Scan on store  (cost=0.00..22.02 rows=402 width=15) (actual time=0.043..0.947 rows=402 loops=1)
                     Buffers: shared hit=17 read=1
 Planning:
   Buffers: shared hit=460
 Planning Time: 4.938 ms
 Execution Time: 75687.897 ms
(55 rows)

