                                                                            QUERY PLAN                                                                            
------------------------------------------------------------------------------------------------------------------------------------------------------------------
 Aggregate  (cost=9721673.52..9721673.53 rows=1 width=40) (actual time=82709.779..82709.786 rows=1 loops=1)
   Buffers: shared hit=614458 read=5147686
   ->  Hash Join  (cost=19777.11..9721673.33 rows=26 width=14) (actual time=26324.129..82709.402 rows=362 loops=1)
         Hash Cond: (store_sales.ss_store_sk = store.s_store_sk)
         Join Filter: ("substring"((customer_address.ca_zip)::text, 1, 5) <> "substring"((store.s_zip)::text, 1, 5))
         Rows Removed by Join Filter: 5
         Buffers: shared hit=614458 read=5147686
         ->  Nested Loop  (cost=19750.06..9721646.22 rows=26 width=29) (actual time=26322.940..82707.336 rows=372 loops=1)
               Buffers: shared hit=614440 read=5147686
               ->  Nested Loop  (cost=19749.64..9717607.70 rows=528 width=22) (actual time=26277.435..82279.581 rows=21005 loops=1)
                     Buffers: shared hit=542690 read=5135416
                     ->  Hash Join  (cost=19749.21..9693493.87 rows=3152 width=22) (actual time=26277.293..79924.062 rows=125768 loops=1)
                           Hash Cond: (store_sales.ss_item_sk = item.i_item_sk)
                           Buffers: shared hit=46421 read=5134961
                           ->  Hash Join  (cost=2570.11..9676237.51 rows=29431 width=18) (actual time=26167.591..79633.497 rows=991912 loops=1)
                                 Hash Cond: (store_sales.ss_sold_date_sk = date_dim.d_date_sk)
                                 Buffers: shared hit=32179 read=5134847
                                 ->  Seq Scan on store_sales  (cost=0.00..9485539.52 rows=71663793 width=22) (actual time=0.047..75133.063 rows=71083444 loops=1)
                                       Filter: ((ss_wholesale_cost >= '53'::numeric) AND (ss_wholesale_cost <= '73'::numeric))
                                       Rows Removed by Filter: 216913580
                                       Buffers: shared hit=31241 read=5134311
                                 ->  Hash  (cost=2569.73..2569.73 rows=30 width=4) (actual time=23.315..23.316 rows=31 loops=1)
                                       Buckets: 1024  Batches: 1  Memory Usage: 10kB
                                       Buffers: shared hit=938 read=536
                                       ->  Seq Scan on date_dim  (cost=0.00..2569.73 rows=30 width=4) (actual time=12.310..23.305 rows=31 loops=1)
                                             Filter: ((d_year = 2000) AND (d_moy = 1))
                                             Rows Removed by Filter: 73018
                                             Buffers: shared hit=938 read=536
                           ->  Hash  (cost=16906.00..16906.00 rows=21848 width=12) (actual time=109.493..109.494 rows=21811 loops=1)
                                 Buckets: 32768  Batches: 1  Memory Usage: 1193kB
                                 Buffers: shared hit=14242 read=114
                                 ->  Seq Scan on item  (cost=0.00..16906.00 rows=21848 width=12) (actual time=0.054..105.527 rows=21811 loops=1)
                                       Filter: (i_category = 'Sports'::bpchar)
                                       Rows Removed by Filter: 182189
                                       Buffers: shared hit=14242 read=114
                     ->  Index Scan using customer_pkey on customer  (cost=0.43..7.65 rows=1 width=8) (actual time=0.018..0.018 rows=0 loops=125768)
                           Index Cond: (c_customer_sk = store_sales.ss_customer_sk)
                           Filter: (c_birth_month = 4)
                           Rows Removed by Filter: 1
                           Buffers: shared hit=496269 read=455
               ->  Index Scan using customer_address_pkey on customer_address  (cost=0.42..7.65 rows=1 width=15) (actual time=0.020..0.020 rows=0 loops=21005)
                     Index Cond: (ca_address_sk = customer.c_current_addr_sk)
                     Filter: (ca_state = 'VA'::bpchar)
                     Rows Removed by Filter: 1
                     Buffers: shared hit=71750 read=12270
         ->  Hash  (cost=22.02..22.02 rows=402 width=15) (actual time=1.153..1.153 rows=402 loops=1)
               Buckets: 1024  Batches: 1  Memory Usage: 27kB
               Buffers: shared hit=18
               ->  Seq Scan on store  (cost=0.00..22.02 rows=402 width=15) (actual time=0.044..0.911 rows=402 loops=1)
                     Buffers: shared hit=18
 Planning:
   Buffers: shared hit=460
 Planning Time: 5.497 ms
 Execution Time: 82710.421 ms
(54 rows)

