                                                                            QUERY PLAN                                                                            
------------------------------------------------------------------------------------------------------------------------------------------------------------------
 Aggregate  (cost=9719657.46..9719657.47 rows=1 width=40) (actual time=80335.468..80335.474 rows=1 loops=1)
   Buffers: shared hit=342148 read=5128904
   ->  Hash Join  (cost=19777.12..9719657.40 rows=8 width=14) (actual time=3082.856..80335.349 rows=68 loops=1)
         Hash Cond: (store_sales.ss_store_sk = store.s_store_sk)
         Join Filter: ("substring"((customer_address.ca_zip)::text, 1, 5) <> "substring"((store.s_zip)::text, 1, 5))
         Buffers: shared hit=342148 read=5128904
         ->  Nested Loop  (cost=19750.07..9719630.33 rows=8 width=29) (actual time=3082.040..80334.322 rows=68 loops=1)
               Buffers: shared hit=342130 read=5128904
               ->  Nested Loop  (cost=19749.65..9718413.58 rows=159 width=22) (actual time=3053.804..80272.833 rows=3293 loops=1)
                     Buffers: shared hit=330826 read=5127036
                     ->  Hash Join  (cost=19749.22..9693496.45 rows=3257 width=22) (actual time=3052.713..79191.332 rows=69945 loops=1)
                           Hash Cond: (store_sales.ss_item_sk = item.i_item_sk)
                           Buffers: shared hit=54747 read=5126635
                           ->  Hash Join  (cost=2570.12..9676237.52 rows=30412 width=18) (actual time=2934.572..78948.219 rows=814027 loops=1)
                                 Hash Cond: (store_sales.ss_sold_date_sk = date_dim.d_date_sk)
                                 Buffers: shared hit=41444 read=5125582
                                 ->  Seq Scan on store_sales  (cost=0.00..9485539.52 rows=71663793 width=22) (actual time=0.047..74491.287 rows=71083444 loops=1)
                                       Filter: ((ss_wholesale_cost >= '49'::numeric) AND (ss_wholesale_cost <= '69'::numeric))
                                       Rows Removed by Filter: 216913580
                                       Buffers: shared hit=40765 read=5124787
                                 ->  Hash  (cost=2569.73..2569.73 rows=31 width=4) (actual time=23.011..23.011 rows=31 loops=1)
                                       Buckets: 1024  Batches: 1  Memory Usage: 10kB
                                       Buffers: shared hit=679 read=795
                                       ->  Seq Scan on date_dim  (cost=0.00..2569.73 rows=31 width=4) (actual time=13.057..22.997 rows=31 loops=1)
                                             Filter: ((d_year = 1998) AND (d_moy = 3))
                                             Rows Removed by Filter: 73018
                                             Buffers: shared hit=679 read=795
                           ->  Hash  (cost=16906.00..16906.00 rows=21848 width=12) (actual time=118.000..118.001 rows=21811 loops=1)
                                 Buckets: 32768  Batches: 1  Memory Usage: 1193kB
                                 Buffers: shared hit=13303 read=1053
                                 ->  Seq Scan on item  (cost=0.00..16906.00 rows=21848 width=12) (actual time=0.022..114.566 rows=21811 loops=1)
                                       Filter: (i_category = 'Sports'::bpchar)
                                       Rows Removed by Filter: 182189
                                       Buffers: shared hit=13303 read=1053
                     ->  Index Scan using customer_pkey on customer  (cost=0.43..7.65 rows=1 width=8) (actual time=0.015..0.015 rows=0 loops=69945)
                           Index Cond: (c_customer_sk = store_sales.ss_customer_sk)
                           Filter: (c_birth_month = 7)
                           Rows Removed by Filter: 1
                           Buffers: shared hit=276079 read=401
               ->  Index Scan using customer_address_pkey on customer_address  (cost=0.42..7.65 rows=1 width=15) (actual time=0.018..0.018 rows=0 loops=3293)
                     Index Cond: (ca_address_sk = customer.c_current_addr_sk)
                     Filter: (ca_state = 'VA'::bpchar)
                     Rows Removed by Filter: 1
                     Buffers: shared hit=11304 read=1868
         ->  Hash  (cost=22.02..22.02 rows=402 width=15) (actual time=0.781..0.782 rows=402 loops=1)
               Buckets: 1024  Batches: 1  Memory Usage: 27kB
               Buffers: shared hit=18
               ->  Seq Scan on store  (cost=0.00..22.02 rows=402 width=15) (actual time=0.033..0.620 rows=402 loops=1)
                     Buffers: shared hit=18
 Planning:
   Buffers: shared hit=460
 Planning Time: 4.948 ms
 Execution Time: 80335.996 ms
(53 rows)

