                                                                            QUERY PLAN                                                                            
------------------------------------------------------------------------------------------------------------------------------------------------------------------
 Aggregate  (cost=9643678.38..9643678.39 rows=1 width=40) (actual time=72904.329..72904.335 rows=1 loops=1)
   Buffers: shared hit=184376 read=5121352
   ->  Nested Loop  (cost=19790.25..9643678.37 rows=1 width=14) (actual time=52976.773..72904.308 rows=7 loops=1)
         Join Filter: ("substring"((customer_address.ca_zip)::text, 1, 5) <> "substring"((store.s_zip)::text, 1, 5))
         Buffers: shared hit=184376 read=5121352
         ->  Nested Loop  (cost=19790.10..9643672.63 rows=1 width=29) (actual time=52976.748..72903.849 rows=8 loops=1)
               Buffers: shared hit=184362 read=5121352
               ->  Nested Loop  (cost=19789.68..9643427.30 rows=32 width=22) (actual time=52885.589..72897.563 rows=451 loops=1)
                     Buffers: shared hit=182831 read=5121079
                     ->  Hash Join  (cost=19789.25..9625739.71 rows=2312 width=22) (actual time=52879.982..72443.949 rows=31001 loops=1)
                           Hash Cond: (store_sales.ss_item_sk = item.i_item_sk)
                           Buffers: shared hit=60670 read=5120712
                           ->  Hash Join  (cost=2570.11..9608471.14 rows=18830 width=18) (actual time=52743.126..72241.940 rows=351759 loops=1)
                                 Hash Cond: (store_sales.ss_sold_date_sk = date_dim.d_date_sk)
                                 Buffers: shared hit=46673 read=5120353
                                 ->  Seq Scan on store_sales  (cost=0.00..9485539.52 rows=45849467 width=22) (actual time=0.046..69261.469 rows=46160898 loops=1)
                                       Filter: ((ss_wholesale_cost >= '80'::numeric) AND (ss_wholesale_cost <= '100'::numeric))
                                       Rows Removed by Filter: 241836126
                                       Buffers: shared hit=45199 read=5120353
                                 ->  Hash  (cost=2569.73..2569.73 rows=30 width=4) (actual time=17.642..17.643 rows=31 loops=1)
                                       Buckets: 1024  Batches: 1  Memory Usage: 10kB
                                       Buffers: shared hit=1474
                                       ->  Seq Scan on date_dim  (cost=0.00..2569.73 rows=30 width=4) (actual time=9.011..17.632 rows=31 loops=1)
                                             Filter: ((d_year = 2002) AND (d_moy = 1))
                                             Rows Removed by Filter: 73018
                                             Buffers: shared hit=1474
                           ->  Hash  (cost=16906.00..16906.00 rows=25051 width=12) (actual time=136.703..136.704 rows=24688 loops=1)
                                 Buckets: 32768  Batches: 1  Memory Usage: 1317kB
                                 Buffers: shared hit=13997 read=359
                                 ->  Seq Scan on item  (cost=0.00..16906.00 rows=25051 width=12) (actual time=0.018..131.892 rows=24688 loops=1)
                                       Filter: (i_category = 'Books'::bpchar)
                                       Rows Removed by Filter: 179312
                                       Buffers: shared hit=13997 read=359
                     ->  Index Scan using customer_pkey on customer  (cost=0.43..7.65 rows=1 width=8) (actual time=0.014..0.014 rows=0 loops=31001)
                           Index Cond: (c_customer_sk = store_sales.ss_customer_sk)
                           Filter: (c_birth_month = 5)
                           Rows Removed by Filter: 1
                           Buffers: shared hit=122161 read=367
               ->  Index Scan using customer_address_pkey on customer_address  (cost=0.42..7.67 rows=1 width=15) (actual time=0.013..0.013 rows=0 loops=451)
                     Index Cond: (ca_address_sk = customer.c_current_addr_sk)
                     Filter: (ca_state = 'MN'::bpchar)
                     Rows Removed by Filter: 1
                     Buffers: shared hit=1531 read=273
         ->  Index Scan using store_pkey on store  (cost=0.15..5.72 rows=1 width=15) (actual time=0.052..0.052 rows=1 loops=8)
               Index Cond: (s_store_sk = store_sales.ss_store_sk)
               Buffers: shared hit=14
 Planning:
   Buffers: shared hit=460
 Planning Time: 4.477 ms
 Execution Time: 72904.679 ms
(50 rows)

