                                                                            QUERY PLAN                                                                            
------------------------------------------------------------------------------------------------------------------------------------------------------------------
 Aggregate  (cost=9792240.00..9792240.01 rows=1 width=40) (actual time=83458.899..83458.905 rows=1 loops=1)
   Buffers: shared hit=111402 read=5119426
   ->  Nested Loop  (cost=16953.88..9792240.00 rows=1 width=14) (actual time=65231.467..83458.880 rows=10 loops=1)
         Join Filter: ("substring"((customer_address.ca_zip)::text, 1, 5) <> "substring"((store.s_zip)::text, 1, 5))
         Buffers: shared hit=111402 read=5119426
         ->  Nested Loop  (cost=16953.73..9792234.25 rows=1 width=29) (actual time=65231.441..83458.754 rows=10 loops=1)
               Buffers: shared hit=111382 read=5119426
               ->  Nested Loop  (cost=16953.31..9791737.01 rows=65 width=22) (actual time=65189.827..83446.001 rows=967 loops=1)
                     Buffers: shared hit=108225 read=5118715
                     ->  Nested Loop  (cost=16952.88..9786733.70 rows=654 width=22) (actual time=65189.786..83331.225 rows=10322 loops=1)
                           Buffers: shared hit=67641 read=5118471
                           ->  Hash Join  (cost=16952.58..9731513.79 rows=1593496 width=26) (actual time=134.832..83042.748 rows=776222 loops=1)
                                 Hash Cond: (store_sales.ss_item_sk = item.i_item_sk)
                                 Buffers: shared hit=61437 read=5118471
                                 ->  Seq Scan on store_sales  (cost=0.00..9485539.52 rows=87244546 width=22) (actual time=0.060..75317.265 rows=86810744 loops=1)
                                       Filter: ((ss_wholesale_cost >= '66'::numeric) AND (ss_wholesale_cost <= '86'::numeric))
                                       Rows Removed by Filter: 201186280
                                       Buffers: shared hit=47345 read=5118207
                                 ->  Hash  (cost=16906.00..16906.00 rows=3726 width=12) (actual time=134.539..134.540 rows=3713 loops=1)
                                       Buckets: 4096  Batches: 1  Memory Usage: 192kB
                                       Buffers: shared hit=14092 read=264
                                       ->  Seq Scan on item  (cost=0.00..16906.00 rows=3726 width=12) (actual time=0.427..133.825 rows=3713 loops=1)
                                             Filter: (i_category = 'Music'::bpchar)
                                             Rows Removed by Filter: 200287
                                             Buffers: shared hit=14092 read=264
                           ->  Memoize  (cost=0.30..7.51 rows=1 width=4) (actual time=0.000..0.000 rows=0 loops=776222)
                                 Cache Key: store_sales.ss_sold_date_sk
                                 Cache Mode: logical
                                 Hits: 774153  Misses: 2069  Evictions: 0  Overflows: 0  Memory Usage: 139kB
                                 Buffers: shared hit=6204
                                 ->  Index Scan using date_dim_pkey on date_dim  (cost=0.29..7.50 rows=1 width=4) (actual time=0.016..0.016 rows=0 loops=2069)
                                       Index Cond: (d_date_sk = store_sales.ss_sold_date_sk)
                                       Filter: ((d_year = 2002) AND (d_moy = 6))
                                       Rows Removed by Filter: 1
                                       Buffers: shared hit=6204
                     ->  Index Scan using customer_pkey on customer  (cost=0.43..7.65 rows=1 width=8) (actual time=0.011..0.011 rows=0 loops=10322)
                           Index Cond: (c_customer_sk = store_sales.ss_customer_sk)
                           Filter: (c_birth_month = 1)
                           Rows Removed by Filter: 1
                           Buffers: shared hit=40584 read=244
               ->  Index Scan using customer_address_pkey on customer_address  (cost=0.42..7.65 rows=1 width=15) (actual time=0.013..0.013 rows=0 loops=967)
                     Index Cond: (ca_address_sk = customer.c_current_addr_sk)
                     Filter: (ca_state = 'ME'::bpchar)
                     Rows Removed by Filter: 1
                     Buffers: shared hit=3157 read=711
         ->  Index Scan using store_pkey on store  (cost=0.15..5.72 rows=1 width=15) (actual time=0.008..0.008 rows=1 loops=10)
               Index Cond: (s_store_sk = store_sales.ss_store_sk)
               Buffers: shared hit=20
 Planning:
   Buffers: shared hit=460
 Planning Time: 4.759 ms
 Execution Time: 83459.516 ms
(52 rows)

