                                                                             QUERY PLAN                                                                              
---------------------------------------------------------------------------------------------------------------------------------------------------------------------
 Aggregate  (cost=9715653.85..9715653.86 rows=1 width=40) (actual time=110064.174..110064.179 rows=1 loops=1)
   Buffers: shared hit=4889378 read=5169990
   ->  Nested Loop  (cost=2571.50..9715653.84 rows=1 width=14) (actual time=13702.079..110063.860 rows=125 loops=1)
         Join Filter: ("substring"((customer_address.ca_zip)::text, 1, 5) <> "substring"((store.s_zip)::text, 1, 5))
         Rows Removed by Join Filter: 4
         Buffers: shared hit=4889378 read=5169990
         ->  Nested Loop  (cost=2571.36..9715648.10 rows=1 width=29) (actual time=13702.050..110060.588 rows=130 loops=1)
               Buffers: shared hit=4889124 read=5169986
               ->  Nested Loop  (cost=2570.94..9715602.28 rows=6 width=25) (actual time=13570.411..110016.113 rows=1689 loops=1)
                     Buffers: shared hit=4883242 read=5169112
                     ->  Nested Loop  (cost=2570.51..9706001.17 rows=1255 width=18) (actual time=13559.518..107699.313 rows=92636 loops=1)
                           Buffers: shared hit=4531121 read=5150689
                           ->  Hash Join  (cost=2570.08..9591031.80 rows=15028 width=18) (actual time=13559.318..80330.677 rows=1142347 loops=1)
                                 Hash Cond: (store_sales.ss_sold_date_sk = date_dim.d_date_sk)
                                 Buffers: shared hit=21812 read=5145214
                                 ->  Seq Scan on store_sales  (cost=0.00..9485539.52 rows=39206286 width=22) (actual time=0.080..77350.137 rows=39350281 loops=1)
                                       Filter: ((ss_wholesale_cost >= '30'::numeric) AND (ss_wholesale_cost <= '50'::numeric))
                                       Rows Removed by Filter: 248646743
                                       Buffers: shared hit=20530 read=5145022
                                 ->  Hash  (cost=2569.73..2569.73 rows=28 width=4) (actual time=32.106..32.107 rows=28 loops=1)
                                       Buckets: 1024  Batches: 1  Memory Usage: 9kB
                                       Buffers: shared hit=1282 read=192
                                       ->  Seq Scan on date_dim  (cost=0.00..2569.73 rows=28 width=4) (actual time=19.137..32.092 rows=28 loops=1)
                                             Filter: ((d_year = 1999) AND (d_moy = 2))
                                             Rows Removed by Filter: 73021
                                             Buffers: shared hit=1282 read=192
                           ->  Index Scan using customer_pkey on customer  (cost=0.43..7.65 rows=1 width=8) (actual time=0.024..0.024 rows=0 loops=1142347)
                                 Index Cond: (c_customer_sk = store_sales.ss_customer_sk)
                                 Filter: (c_birth_month = 11)
                                 Rows Removed by Filter: 1
                                 Buffers: shared hit=4509309 read=5475
                     ->  Index Scan using customer_address_pkey on customer_address  (cost=0.42..7.65 rows=1 width=15) (actual time=0.025..0.025 rows=0 loops=92636)
                           Index Cond: (ca_address_sk = customer.c_current_addr_sk)
                           Filter: (ca_state = 'VT'::bpchar)
                           Rows Removed by Filter: 1
                           Buffers: shared hit=352121 read=18423
               ->  Index Scan using item_pkey on item  (cost=0.42..7.64 rows=1 width=12) (actual time=0.025..0.025 rows=0 loops=1689)
                     Index Cond: (i_item_sk = store_sales.ss_item_sk)
                     Filter: (i_category = 'Men'::bpchar)
                     Rows Removed by Filter: 1
                     Buffers: shared hit=5882 read=874
         ->  Index Scan using store_pkey on store  (cost=0.15..5.72 rows=1 width=15) (actual time=0.018..0.018 rows=1 loops=130)
               Index Cond: (s_store_sk = store_sales.ss_store_sk)
               Buffers: shared hit=254 read=4
 Planning:
   Buffers: shared hit=460
 Planning Time: 5.364 ms
 Execution Time: 110064.684 ms
(48 rows)

