                                                                            QUERY PLAN                                                                            
------------------------------------------------------------------------------------------------------------------------------------------------------------------
 Aggregate  (cost=9716298.61..9716298.62 rows=1 width=40) (actual time=78751.013..78751.018 rows=1 loops=1)
   Buffers: shared hit=150402 read=5140542
   ->  Nested Loop  (cost=19688.68..9716298.60 rows=2 width=14) (actual time=55604.856..78750.984 rows=13 loops=1)
         Join Filter: ("substring"((customer_address.ca_zip)::text, 1, 5) <> "substring"((store.s_zip)::text, 1, 5))
         Buffers: shared hit=150402 read=5140542
         ->  Nested Loop  (cost=19688.54..9716287.11 rows=2 width=29) (actual time=55604.839..78750.829 rows=13 loops=1)
               Buffers: shared hit=150377 read=5140541
               ->  Nested Loop  (cost=19688.11..9715659.37 rows=82 width=22) (actual time=55563.675..78740.976 rows=870 loops=1)
                     Buffers: shared hit=147091 read=5140347
                     ->  Hash Join  (cost=19687.68..9696082.17 rows=2559 width=22) (actual time=55562.258..78463.146 rows=26852 loops=1)
                           Hash Cond: (store_sales.ss_item_sk = item.i_item_sk)
                           Buffers: shared hit=41040 read=5140342
                           ->  Hash Join  (cost=2570.12..9678883.66 rows=30840 width=18) (actual time=55452.505..78271.283 rows=646302 loops=1)
                                 Hash Cond: (store_sales.ss_sold_date_sk = date_dim.d_date_sk)
                                 Buffers: shared hit=35866 read=5131160
                                 ->  Seq Scan on store_sales  (cost=0.00..9485539.52 rows=72671789 width=22) (actual time=0.060..73761.506 rows=72375375 loops=1)
                                       Filter: ((ss_wholesale_cost >= '64'::numeric) AND (ss_wholesale_cost <= '84'::numeric))
                                       Rows Removed by Filter: 215621649
                                       Buffers: shared hit=35602 read=5129950
                                 ->  Hash  (cost=2569.73..2569.73 rows=31 width=4) (actual time=21.846..21.847 rows=31 loops=1)
                                       Buckets: 1024  Batches: 1  Memory Usage: 10kB
                                       Buffers: shared hit=264 read=1210
                                       ->  Seq Scan on date_dim  (cost=0.00..2569.73 rows=31 width=4) (actual time=13.385..21.836 rows=31 loops=1)
                                             Filter: ((d_year = 2001) AND (d_moy = 10))
                                             Rows Removed by Filter: 73018
                                             Buffers: shared hit=264 read=1210
                           ->  Hash  (cost=16906.00..16906.00 rows=16925 width=12) (actual time=109.575..109.575 rows=17141 loops=1)
                                 Buckets: 32768  Batches: 1  Memory Usage: 993kB
                                 Buffers: shared hit=5174 read=9182
                                 ->  Seq Scan on item  (cost=0.00..16906.00 rows=16925 width=12) (actual time=0.015..106.183 rows=17141 loops=1)
                                       Filter: (i_category = 'Home'::bpchar)
                                       Rows Removed by Filter: 186859
                                       Buffers: shared hit=5174 read=9182
                     ->  Index Scan using customer_pkey on customer  (cost=0.43..7.65 rows=1 width=8) (actual time=0.010..0.010 rows=0 loops=26852)
                           Index Cond: (c_customer_sk = store_sales.ss_customer_sk)
                           Filter: (c_birth_month = 6)
                           Rows Removed by Filter: 1
                           Buffers: shared hit=106051 read=5
               ->  Index Scan using customer_address_pkey on customer_address  (cost=0.42..7.66 rows=1 width=15) (actual time=0.011..0.011 rows=0 loops=870)
                     Index Cond: (ca_address_sk = customer.c_current_addr_sk)
                     Filter: (ca_state = 'NE'::bpchar)
                     Rows Removed by Filter: 1
                     Buffers: shared hit=3286 read=194
         ->  Index Scan using store_pkey on store  (cost=0.15..5.72 rows=1 width=15) (actual time=0.007..0.007 rows=1 loops=13)
               Index Cond: (s_store_sk = store_sales.ss_store_sk)
               Buffers: shared hit=25 read=1
 Planning:
   Buffers: shared hit=460
 Planning Time: 4.640 ms
 Execution Time: 78751.530 ms
(50 rows)

