                                                                            QUERY PLAN                                                                            
------------------------------------------------------------------------------------------------------------------------------------------------------------------
 Aggregate  (cost=9764731.32..9764731.33 rows=1 width=40) (actual time=81697.236..81697.243 rows=1 loops=1)
   Buffers: shared hit=555380 read=5132264
   ->  Nested Loop  (cost=19750.21..9764731.29 rows=4 width=14) (actual time=4767.503..81697.108 rows=62 loops=1)
         Join Filter: ("substring"((customer_address.ca_zip)::text, 1, 5) <> "substring"((store.s_zip)::text, 1, 5))
         Rows Removed by Join Filter: 1
         Buffers: shared hit=555380 read=5132264
         ->  Nested Loop  (cost=19750.06..9764708.31 rows=4 width=29) (actual time=4767.476..81696.371 rows=65 loops=1)
               Buffers: shared hit=555258 read=5132260
               ->  Nested Loop  (cost=19749.64..9763766.70 rows=123 width=22) (actual time=4692.287..81617.119 rows=4184 loops=1)
                     Buffers: shared hit=539485 read=5131297
                     ->  Hash Join  (cost=19749.21..9734412.40 rows=3837 width=22) (actual time=4636.213..79527.762 rows=123820 loops=1)
                           Hash Cond: (store_sales.ss_item_sk = item.i_item_sk)
                           Buffers: shared hit=50103 read=5131279
                           ->  Hash Join  (cost=2570.11..9717139.25 rows=35830 width=18) (actual time=4530.814..79199.077 rows=1435287 loops=1)
                                 Hash Cond: (store_sales.ss_sold_date_sk = date_dim.d_date_sk)
                                 Buffers: shared hit=36304 read=5130722
                                 ->  Seq Scan on store_sales  (cost=0.00..9485539.52 rows=87244546 width=22) (actual time=0.943..73792.361 rows=86810744 loops=1)
                                       Filter: ((ss_wholesale_cost >= '65'::numeric) AND (ss_wholesale_cost <= '85'::numeric))
                                       Rows Removed by Filter: 201186280
                                       Buffers: shared hit=34830 read=5130722
                                 ->  Hash  (cost=2569.73..2569.73 rows=30 width=4) (actual time=18.448..18.450 rows=31 loops=1)
                                       Buckets: 1024  Batches: 1  Memory Usage: 10kB
                                       Buffers: shared hit=1474
                                       ->  Seq Scan on date_dim  (cost=0.00..2569.73 rows=30 width=4) (actual time=9.740..18.435 rows=31 loops=1)
                                             Filter: ((d_year = 1998) AND (d_moy = 5))
                                             Rows Removed by Filter: 73018
                                             Buffers: shared hit=1474
                           ->  Hash  (cost=16906.00..16906.00 rows=21848 width=12) (actual time=105.271..105.272 rows=21811 loops=1)
                                 Buckets: 32768  Batches: 1  Memory Usage: 1193kB
                                 Buffers: shared hit=13799 read=557
                                 ->  Seq Scan on item  (cost=0.00..16906.00 rows=21848 width=12) (actual time=0.021..101.884 rows=21811 loops=1)
                                       Filter: (i_category = 'Sports'::bpchar)
                                       Rows Removed by Filter: 182189
                                       Buffers: shared hit=13799 read=557
                     ->  Index Scan using customer_pkey on customer  (cost=0.43..7.65 rows=1 width=8) (actual time=0.017..0.017 rows=0 loops=123820)
                           Index Cond: (c_customer_sk = store_sales.ss_customer_sk)
                           Filter: (c_birth_month = 6)
                           Rows Removed by Filter: 1
                           Buffers: shared hit=489382 read=18
               ->  Index Scan using customer_address_pkey on customer_address  (cost=0.42..7.66 rows=1 width=15) (actual time=0.019..0.019 rows=0 loops=4184)
                     Index Cond: (ca_address_sk = customer.c_current_addr_sk)
                     Filter: (ca_state = 'IA'::bpchar)
                     Rows Removed by Filter: 1
                     Buffers: shared hit=15773 read=963
         ->  Index Scan using store_pkey on store  (cost=0.15..5.72 rows=1 width=15) (actual time=0.006..0.006 rows=1 loops=65)
               Index Cond: (s_store_sk = store_sales.ss_store_sk)
               Buffers: shared hit=122 read=4
 Planning:
   Buffers: shared hit=460
 Planning Time: 6.810 ms
 Execution Time: 81697.909 ms
(51 rows)

