                                                                            QUERY PLAN                                                                            
------------------------------------------------------------------------------------------------------------------------------------------------------------------
 Aggregate  (cost=9651522.13..9651522.14 rows=1 width=40) (actual time=73900.670..73900.676 rows=1 loops=1)
   Buffers: shared hit=566689 read=5131815
   ->  Nested Loop  (cost=19896.08..9651522.10 rows=4 width=14) (actual time=14374.984..73900.499 rows=97 loops=1)
         Join Filter: ("substring"((customer_address.ca_zip)::text, 1, 5) <> "substring"((store.s_zip)::text, 1, 5))
         Rows Removed by Join Filter: 2
         Buffers: shared hit=566689 read=5131815
         ->  Nested Loop  (cost=19895.94..9651499.13 rows=4 width=29) (actual time=14374.965..73899.421 rows=99 loops=1)
               Buffers: shared hit=566497 read=5131809
               ->  Nested Loop  (cost=19895.51..9650305.33 rows=156 width=22) (actual time=14367.605..73785.790 rows=5887 loops=1)
                     Buffers: shared hit=544613 read=5130145
                     ->  Hash Join  (cost=19895.08..9625847.19 rows=3197 width=22) (actual time=14367.536..71612.617 rows=124754 loops=1)
                           Hash Cond: (store_sales.ss_item_sk = item.i_item_sk)
                           Buffers: shared hit=51253 read=5130129
                           ->  Hash Join  (cost=2570.12..9608471.16 rows=19457 width=18) (actual time=14259.714..71349.208 rows=867340 loops=1)
                                 Hash Cond: (store_sales.ss_sold_date_sk = date_dim.d_date_sk)
                                 Buffers: shared hit=37112 read=5129914
                                 ->  Seq Scan on store_sales  (cost=0.00..9485539.52 rows=45849467 width=22) (actual time=1.262..68348.280 rows=46160898 loops=1)
                                       Filter: ((ss_wholesale_cost >= '80'::numeric) AND (ss_wholesale_cost <= '100'::numeric))
                                       Rows Removed by Filter: 241836126
                                       Buffers: shared hit=35638 read=5129914
                                 ->  Hash  (cost=2569.73..2569.73 rows=31 width=4) (actual time=20.016..20.017 rows=31 loops=1)
                                       Buckets: 1024  Batches: 1  Memory Usage: 10kB
                                       Buffers: shared hit=1474
                                       ->  Seq Scan on date_dim  (cost=0.00..2569.73 rows=31 width=4) (actual time=10.289..20.006 rows=31 loops=1)
                                             Filter: ((d_year = 1999) AND (d_moy = 3))
                                             Rows Removed by Filter: 73018
                                             Buffers: shared hit=1474
                           ->  Hash  (cost=16906.00..16906.00 rows=33517 width=12) (actual time=107.571..107.572 rows=33627 loops=1)
                                 Buckets: 65536  Batches: 1  Memory Usage: 1957kB
                                 Buffers: shared hit=14141 read=215
                                 ->  Seq Scan on item  (cost=0.00..16906.00 rows=33517 width=12) (actual time=0.023..102.315 rows=33627 loops=1)
                                       Filter: (i_category = 'Shoes'::bpchar)
                                       Rows Removed by Filter: 170373
                                       Buffers: shared hit=14141 read=215
                     ->  Index Scan using customer_pkey on customer  (cost=0.43..7.65 rows=1 width=8) (actual time=0.017..0.017 rows=0 loops=124754)
                           Index Cond: (c_customer_sk = store_sales.ss_customer_sk)
                           Filter: (c_birth_month = 7)
                           Rows Removed by Filter: 1
                           Buffers: shared hit=493360 read=16
               ->  Index Scan using customer_address_pkey on customer_address  (cost=0.42..7.65 rows=1 width=15) (actual time=0.019..0.019 rows=0 loops=5887)
                     Index Cond: (ca_address_sk = customer.c_current_addr_sk)
                     Filter: (ca_state = 'AR'::bpchar)
                     Rows Removed by Filter: 1
                     Buffers: shared hit=21884 read=1664
         ->  Index Scan using store_pkey on store  (cost=0.15..5.72 rows=1 width=15) (actual time=0.006..0.006 rows=1 loops=99)
               Index Cond: (s_store_sk = store_sales.ss_store_sk)
               Buffers: shared hit=192 read=6
 Planning:
   Buffers: shared hit=460
 Planning Time: 4.388 ms
 Execution Time: 73901.145 ms
(51 rows)

