                                                                            QUERY PLAN                                                                            
------------------------------------------------------------------------------------------------------------------------------------------------------------------
 Aggregate  (cost=9636948.09..9636948.10 rows=1 width=40) (actual time=80705.901..80705.908 rows=1 loops=1)
   Buffers: shared hit=174018 read=5126376
   ->  Nested Loop  (cost=19688.65..9636948.08 rows=1 width=14) (actual time=28033.412..80705.871 rows=12 loops=1)
         Join Filter: ("substring"((customer_address.ca_zip)::text, 1, 5) <> "substring"((store.s_zip)::text, 1, 5))
         Buffers: shared hit=174018 read=5126376
         ->  Nested Loop  (cost=19688.50..9636942.34 rows=1 width=29) (actual time=28033.391..80705.706 rows=12 loops=1)
               Buffers: shared hit=173995 read=5126375
               ->  Nested Loop  (cost=19688.08..9636789.01 rows=20 width=22) (actual time=27786.235..80699.864 rows=425 loops=1)
                     Buffers: shared hit=172452 read=5126218
                     ->  Hash Join  (cost=19687.65..9625634.81 rows=1458 width=22) (actual time=27785.485..80372.648 rows=29690 loops=1)
                           Hash Cond: (store_sales.ss_item_sk = item.i_item_sk)
                           Buffers: shared hit=55177 read=5126205
                           ->  Hash Join  (cost=2570.08..9608471.12 rows=17574 width=18) (actual time=27644.499..80127.212 rows=702696 loops=1)
                                 Hash Cond: (store_sales.ss_sold_date_sk = date_dim.d_date_sk)
                                 Buffers: shared hit=40823 read=5126203
                                 ->  Seq Scan on store_sales  (cost=0.00..9485539.52 rows=45849467 width=22) (actual time=0.479..76838.057 rows=46160898 loops=1)
                                       Filter: ((ss_wholesale_cost >= '80'::numeric) AND (ss_wholesale_cost <= '100'::numeric))
                                       Rows Removed by Filter: 241836126
                                       Buffers: shared hit=39349 read=5126203
                                 ->  Hash  (cost=2569.73..2569.73 rows=28 width=4) (actual time=14.890..14.892 rows=29 loops=1)
                                       Buckets: 1024  Batches: 1  Memory Usage: 10kB
                                       Buffers: shared hit=1474
                                       ->  Seq Scan on date_dim  (cost=0.00..2569.73 rows=28 width=4) (actual time=7.810..14.880 rows=29 loops=1)
                                             Filter: ((d_year = 2000) AND (d_moy = 2))
                                             Rows Removed by Filter: 73020
                                             Buffers: shared hit=1474
                           ->  Hash  (cost=16906.00..16906.00 rows=16925 width=12) (actual time=140.554..140.555 rows=17141 loops=1)
                                 Buckets: 32768  Batches: 1  Memory Usage: 993kB
                                 Buffers: shared hit=14354 read=2
                                 ->  Seq Scan on item  (cost=0.00..16906.00 rows=16925 width=12) (actual time=0.021..135.361 rows=17141 loops=1)
                                       Filter: (i_category = 'Home'::bpchar)
                                       Rows Removed by Filter: 186859
                                       Buffers: shared hit=14354 read=2
                     ->  Index Scan using customer_pkey on customer  (cost=0.43..7.65 rows=1 width=8) (actual time=0.011..0.011 rows=0 loops=29690)
                           Index Cond: (c_customer_sk = store_sales.ss_customer_sk)
                           Filter: (c_birth_month = 5)
                           Rows Removed by Filter: 1
                           Buffers: shared hit=117275 read=13
               ->  Index Scan using customer_address_pkey on customer_address  (cost=0.42..7.67 rows=1 width=15) (actual time=0.013..0.013 rows=0 loops=425)
                     Index Cond: (ca_address_sk = customer.c_current_addr_sk)
                     Filter: (ca_state = 'VA'::bpchar)
                     Rows Removed by Filter: 1
                     Buffers: shared hit=1543 read=157
         ->  Index Scan using store_pkey on store  (cost=0.15..5.72 rows=1 width=15) (actual time=0.008..0.008 rows=1 loops=12)
               Index Cond: (s_store_sk = store_sales.ss_store_sk)
               Buffers: shared hit=23 read=1
 Planning:
   Buffers: shared hit=460
 Planning Time: 2.697 ms
 Execution Time: 80706.207 ms
(50 rows)

