                                                                            QUERY PLAN                                                                            
------------------------------------------------------------------------------------------------------------------------------------------------------------------
 Aggregate  (cost=9671021.13..9671021.14 rows=1 width=40) (actual time=82389.395..82389.400 rows=1 loops=1)
   Buffers: shared hit=118904 read=5124036
   ->  Nested Loop  (cost=19688.66..9671021.13 rows=1 width=14) (actual time=25681.772..82389.386 rows=3 loops=1)
         Join Filter: ("substring"((customer_address.ca_zip)::text, 1, 5) <> "substring"((store.s_zip)::text, 1, 5))
         Buffers: shared hit=118904 read=5124036
         ->  Nested Loop  (cost=19688.51..9671015.38 rows=1 width=29) (actual time=25681.752..82389.343 rows=3 loops=1)
               Buffers: shared hit=118898 read=5124036
               ->  Nested Loop  (cost=19688.09..9670816.05 rows=26 width=22) (actual time=25675.686..82386.301 rows=195 loops=1)
                     Buffers: shared hit=118219 read=5123935
                     ->  Hash Join  (cost=19687.66..9656318.67 rows=1895 width=22) (actual time=25672.760..82209.514 rows=15387 loops=1)
                           Hash Cond: (store_sales.ss_item_sk = item.i_item_sk)
                           Buffers: shared hit=57486 read=5123896
                           ->  Hash Join  (cost=2570.10..9639141.15 rows=22840 width=18) (actual time=25551.956..82034.439 rows=362144 loops=1)
                                 Hash Cond: (store_sales.ss_sold_date_sk = date_dim.d_date_sk)
                                 Buffers: shared hit=43132 read=5123894
                                 ->  Seq Scan on store_sales  (cost=0.00..9485539.52 rows=57532634 width=22) (actual time=0.028..78025.382 rows=57752041 loops=1)
                                       Filter: ((ss_wholesale_cost >= '75'::numeric) AND (ss_wholesale_cost <= '95'::numeric))
                                       Rows Removed by Filter: 230244983
                                       Buffers: shared hit=41757 read=5123795
                                 ->  Hash  (cost=2569.73..2569.73 rows=29 width=4) (actual time=14.226..14.227 rows=30 loops=1)
                                       Buckets: 1024  Batches: 1  Memory Usage: 10kB
                                       Buffers: shared hit=1375 read=99
                                       ->  Seq Scan on date_dim  (cost=0.00..2569.73 rows=29 width=4) (actual time=6.041..14.218 rows=30 loops=1)
                                             Filter: ((d_year = 1999) AND (d_moy = 11))
                                             Rows Removed by Filter: 73019
                                             Buffers: shared hit=1375 read=99
                           ->  Hash  (cost=16906.00..16906.00 rows=16925 width=12) (actual time=120.554..120.555 rows=17141 loops=1)
                                 Buckets: 32768  Batches: 1  Memory Usage: 993kB
                                 Buffers: shared hit=14354 read=2
                                 ->  Seq Scan on item  (cost=0.00..16906.00 rows=16925 width=12) (actual time=0.020..117.136 rows=17141 loops=1)
                                       Filter: (i_category = 'Home'::bpchar)
                                       Rows Removed by Filter: 186859
                                       Buffers: shared hit=14354 read=2
                     ->  Index Scan using customer_pkey on customer  (cost=0.43..7.65 rows=1 width=8) (actual time=0.011..0.011 rows=0 loops=15387)
                           Index Cond: (c_customer_sk = store_sales.ss_customer_sk)
                           Filter: (c_birth_month = 5)
                           Rows Removed by Filter: 1
                           Buffers: shared hit=60733 read=39
               ->  Index Scan using customer_address_pkey on customer_address  (cost=0.42..7.67 rows=1 width=15) (actual time=0.015..0.015 rows=0 loops=195)
                     Index Cond: (ca_address_sk = customer.c_current_addr_sk)
                     Filter: (ca_state = 'NV'::bpchar)
                     Rows Removed by Filter: 1
                     Buffers: shared hit=679 read=101
         ->  Index Scan using store_pkey on store  (cost=0.15..5.72 rows=1 width=15) (actual time=0.008..0.008 rows=1 loops=3)
               Index Cond: (s_store_sk = store_sales.ss_store_sk)
               Buffers: shared hit=6
 Planning:
   Buffers: shared hit=421 read=39
 Planning Time: 1.940 ms
 Execution Time: 82389.650 ms
(50 rows)

