                                                                            QUERY PLAN                                                                            
------------------------------------------------------------------------------------------------------------------------------------------------------------------
 Aggregate  (cost=9734320.53..9734320.54 rows=1 width=40) (actual time=87904.687..87904.693 rows=1 loops=1)
   Buffers: shared hit=1787413 read=5149927
   ->  Hash Join  (cost=19922.97..9734320.42 rows=15 width=14) (actual time=40024.655..87904.008 rows=674 loops=1)
         Hash Cond: (store_sales.ss_store_sk = store.s_store_sk)
         Join Filter: ("substring"((customer_address.ca_zip)::text, 1, 5) <> "substring"((store.s_zip)::text, 1, 5))
         Rows Removed by Join Filter: 12
         Buffers: shared hit=1787413 read=5149927
         ->  Nested Loop  (cost=19895.93..9734293.34 rows=15 width=29) (actual time=40023.246..87900.905 rows=690 loops=1)
               Buffers: shared hit=1787400 read=5149922
               ->  Nested Loop  (cost=19895.50..9730629.07 rows=479 width=22) (actual time=40009.293..87055.418 rows=38938 loops=1)
                     Buffers: shared hit=1643822 read=5137748
                     ->  Hash Join  (cost=19895.07..9693639.73 rows=4835 width=22) (actual time=40009.060..79159.973 rows=404889 loops=1)
                           Hash Cond: (store_sales.ss_item_sk = item.i_item_sk)
                           Buffers: shared hit=44221 read=5137161
                           ->  Hash Join  (cost=2570.11..9676237.51 rows=29431 width=18) (actual time=39909.582..78593.335 rows=2195898 loops=1)
                                 Hash Cond: (store_sales.ss_sold_date_sk = date_dim.d_date_sk)
                                 Buffers: shared hit=30175 read=5136851
                                 ->  Seq Scan on store_sales  (cost=0.00..9485539.52 rows=71663793 width=22) (actual time=0.041..73959.960 rows=71083444 loops=1)
                                       Filter: ((ss_wholesale_cost >= '50'::numeric) AND (ss_wholesale_cost <= '70'::numeric))
                                       Rows Removed by Filter: 216913580
                                       Buffers: shared hit=28701 read=5136851
                                 ->  Hash  (cost=2569.73..2569.73 rows=30 width=4) (actual time=19.537..19.538 rows=31 loops=1)
                                       Buckets: 1024  Batches: 1  Memory Usage: 10kB
                                       Buffers: shared hit=1474
                                       ->  Seq Scan on date_dim  (cost=0.00..2569.73 rows=30 width=4) (actual time=10.096..19.525 rows=31 loops=1)
                                             Filter: ((d_year = 2000) AND (d_moy = 12))
                                             Rows Removed by Filter: 73018
                                             Buffers: shared hit=1474
                           ->  Hash  (cost=16906.00..16906.00 rows=33517 width=12) (actual time=99.237..99.238 rows=33627 loops=1)
                                 Buckets: 65536  Batches: 1  Memory Usage: 1957kB
                                 Buffers: shared hit=14046 read=310
                                 ->  Seq Scan on item  (cost=0.00..16906.00 rows=33517 width=12) (actual time=0.024..94.289 rows=33627 loops=1)
                                       Filter: (i_category = 'Shoes'::bpchar)
                                       Rows Removed by Filter: 170373
                                       Buffers: shared hit=14046 read=310
                     ->  Index Scan using customer_pkey on customer  (cost=0.43..7.65 rows=1 width=8) (actual time=0.019..0.019 rows=0 loops=404889)
                           Index Cond: (c_customer_sk = store_sales.ss_customer_sk)
                           Filter: (c_birth_month = 1)
                           Rows Removed by Filter: 1
                           Buffers: shared hit=1599601 read=587
               ->  Index Scan using customer_address_pkey on customer_address  (cost=0.42..7.65 rows=1 width=15) (actual time=0.021..0.021 rows=0 loops=38938)
                     Index Cond: (ca_address_sk = customer.c_current_addr_sk)
                     Filter: (ca_state = 'IA'::bpchar)
                     Rows Removed by Filter: 1
                     Buffers: shared hit=143578 read=12174
         ->  Hash  (cost=22.02..22.02 rows=402 width=15) (actual time=1.381..1.382 rows=402 loops=1)
               Buckets: 1024  Batches: 1  Memory Usage: 27kB
               Buffers: shared hit=13 read=5
               ->  Seq Scan on store  (cost=0.00..22.02 rows=402 width=15) (actual time=0.025..1.241 rows=402 loops=1)
                     Buffers: shared hit=13 read=5
 Planning:
   Buffers: shared hit=460
 Planning Time: 4.095 ms
 Execution Time: 87905.182 ms
(54 rows)

