                                                                            QUERY PLAN                                                                            
------------------------------------------------------------------------------------------------------------------------------------------------------------------
 Aggregate  (cost=9672061.92..9672061.93 rows=1 width=40) (actual time=76814.992..76814.999 rows=1 loops=1)
   Buffers: shared hit=209014 read=5128994
   ->  Hash Join  (cost=19715.57..9672061.88 rows=6 width=14) (actual time=58228.661..76814.908 rows=57 loops=1)
         Hash Cond: (store_sales.ss_store_sk = store.s_store_sk)
         Join Filter: ("substring"((customer_address.ca_zip)::text, 1, 5) <> "substring"((store.s_zip)::text, 1, 5))
         Rows Removed by Join Filter: 1
         Buffers: shared hit=209014 read=5128994
         ->  Nested Loop  (cost=19688.53..9672034.82 rows=6 width=29) (actual time=58228.095..76814.180 rows=59 loops=1)
               Buffers: shared hit=208996 read=5128994
               ->  Nested Loop  (cost=19688.10..9670290.76 rows=228 width=22) (actual time=58217.252..76748.535 rows=4151 loops=1)
                     Buffers: shared hit=194066 read=5127320
                     ->  Hash Join  (cost=19687.67..9655387.91 rows=1948 width=22) (actual time=58216.115..76285.090 rows=35434 loops=1)
                           Hash Cond: (store_sales.ss_item_sk = item.i_item_sk)
                           Buffers: shared hit=54083 read=5127299
                           ->  Hash Join  (cost=2570.11..9638208.70 rows=23482 width=18) (actual time=58106.721..76113.625 rows=454400 loops=1)
                                 Hash Cond: (store_sales.ss_sold_date_sk = date_dim.d_date_sk)
                                 Buffers: shared hit=39984 read=5127042
                                 ->  Seq Scan on store_sales  (cost=0.00..9485539.52 rows=57177434 width=22) (actual time=0.031..72611.811 rows=56890659 loops=1)
                                       Filter: ((ss_wholesale_cost >= '42'::numeric) AND (ss_wholesale_cost <= '62'::numeric))
                                       Rows Removed by Filter: 231106365
                                       Buffers: shared hit=38510 read=5127042
                                 ->  Hash  (cost=2569.73..2569.73 rows=30 width=4) (actual time=19.935..19.936 rows=30 loops=1)
                                       Buckets: 1024  Batches: 1  Memory Usage: 10kB
                                       Buffers: shared hit=1474
                                       ->  Seq Scan on date_dim  (cost=0.00..2569.73 rows=30 width=4) (actual time=9.672..19.924 rows=30 loops=1)
                                             Filter: ((d_year = 2002) AND (d_moy = 4))
                                             Rows Removed by Filter: 73019
                                             Buffers: shared hit=1474
                           ->  Hash  (cost=16906.00..16906.00 rows=16925 width=12) (actual time=109.214..109.215 rows=17141 loops=1)
                                 Buckets: 32768  Batches: 1  Memory Usage: 993kB
                                 Buffers: shared hit=14099 read=257
                                 ->  Seq Scan on item  (cost=0.00..16906.00 rows=16925 width=12) (actual time=0.013..106.142 rows=17141 loops=1)
                                       Filter: (i_category = 'Home'::bpchar)
                                       Rows Removed by Filter: 186859
                                       Buffers: shared hit=14099 read=257
                     ->  Index Scan using customer_pkey on customer  (cost=0.43..7.65 rows=1 width=8) (actual time=0.013..0.013 rows=0 loops=35434)
                           Index Cond: (c_customer_sk = store_sales.ss_customer_sk)
                           Filter: (c_birth_month = 8)
                           Rows Removed by Filter: 1
                           Buffers: shared hit=139983 read=21
               ->  Index Scan using customer_address_pkey on customer_address  (cost=0.42..7.65 rows=1 width=15) (actual time=0.016..0.016 rows=0 loops=4151)
                     Index Cond: (ca_address_sk = customer.c_current_addr_sk)
                     Filter: (ca_state = 'IN'::bpchar)
                     Rows Removed by Filter: 1
                     Buffers: shared hit=14930 read=1674
         ->  Hash  (cost=22.02..22.02 rows=402 width=15) (actual time=0.538..0.539 rows=402 loops=1)
               Buckets: 1024  Batches: 1  Memory Usage: 27kB
               Buffers: shared hit=18
               ->  Seq Scan on store  (cost=0.00..22.02 rows=402 width=15) (actual time=0.021..0.432 rows=402 loops=1)
                     Buffers: shared hit=18
 Planning:
   Buffers: shared hit=460
 Planning Time: 4.415 ms
 Execution Time: 76815.381 ms
(54 rows)

