                                                                            QUERY PLAN                                                                            
------------------------------------------------------------------------------------------------------------------------------------------------------------------
 Aggregate  (cost=9681972.18..9681972.19 rows=1 width=40) (actual time=70853.705..70853.710 rows=1 loops=1)
   Buffers: shared hit=207776 read=5125836
   ->  Hash Join  (cost=19838.83..9681972.14 rows=6 width=14) (actual time=8865.217..70853.648 rows=31 loops=1)
         Hash Cond: (store_sales.ss_store_sk = store.s_store_sk)
         Join Filter: ("substring"((customer_address.ca_zip)::text, 1, 5) <> "substring"((store.s_zip)::text, 1, 5))
         Buffers: shared hit=207776 read=5125836
         ->  Nested Loop  (cost=19811.79..9681945.08 rows=6 width=29) (actual time=8864.728..70853.060 rows=31 loops=1)
               Buffers: shared hit=207758 read=5125836
               ->  Nested Loop  (cost=19811.36..9680973.04 rows=127 width=22) (actual time=8841.406..70823.680 rows=1446 loops=1)
                     Buffers: shared hit=202622 read=5125188
                     ->  Hash Join  (cost=19810.93..9656446.07 rows=3206 width=22) (actual time=8840.893..70183.595 rows=37090 loops=1)
                           Hash Cond: (store_sales.ss_item_sk = item.i_item_sk)
                           Buffers: shared hit=56237 read=5125145
                           ->  Hash Join  (cost=2570.12..9639141.17 rows=24415 width=18) (actual time=8734.706..70022.038 rows=346337 loops=1)
                                 Hash Cond: (store_sales.ss_sold_date_sk = date_dim.d_date_sk)
                                 Buffers: shared hit=42118 read=5124908
                                 ->  Seq Scan on store_sales  (cost=0.00..9485539.52 rows=57532634 width=22) (actual time=0.023..66550.139 rows=57752041 loops=1)
                                       Filter: ((ss_wholesale_cost >= '75'::numeric) AND (ss_wholesale_cost <= '95'::numeric))
                                       Rows Removed by Filter: 230244983
                                       Buffers: shared hit=40644 read=5124908
                                 ->  Hash  (cost=2569.73..2569.73 rows=31 width=4) (actual time=11.038..11.039 rows=31 loops=1)
                                       Buckets: 1024  Batches: 1  Memory Usage: 10kB
                                       Buffers: shared hit=1474
                                       ->  Seq Scan on date_dim  (cost=0.00..2569.73 rows=31 width=4) (actual time=6.055..11.032 rows=31 loops=1)
                                             Filter: ((d_year = 1998) AND (d_moy = 10))
                                             Rows Removed by Filter: 73018
                                             Buffers: shared hit=1474
                           ->  Hash  (cost=16906.00..16906.00 rows=26785 width=12) (actual time=106.060..106.061 rows=26695 loops=1)
                                 Buckets: 32768  Batches: 1  Memory Usage: 1403kB
                                 Buffers: shared hit=14119 read=237
                                 ->  Seq Scan on item  (cost=0.00..16906.00 rows=26785 width=12) (actual time=0.012..102.231 rows=26695 loops=1)
                                       Filter: (i_category = 'Children'::bpchar)
                                       Rows Removed by Filter: 177305
                                       Buffers: shared hit=14119 read=237
                     ->  Index Scan using customer_pkey on customer  (cost=0.43..7.65 rows=1 width=8) (actual time=0.017..0.017 rows=0 loops=37090)
                           Index Cond: (c_customer_sk = store_sales.ss_customer_sk)
                           Filter: (c_birth_month = 9)
                           Rows Removed by Filter: 1
                           Buffers: shared hit=146385 read=43
               ->  Index Scan using customer_address_pkey on customer_address  (cost=0.42..7.65 rows=1 width=15) (actual time=0.020..0.020 rows=0 loops=1446)
                     Index Cond: (ca_address_sk = customer.c_current_addr_sk)
                     Filter: (ca_state = 'GA'::bpchar)
                     Rows Removed by Filter: 1
                     Buffers: shared hit=5136 read=648
         ->  Hash  (cost=22.02..22.02 rows=402 width=15) (actual time=0.468..0.469 rows=402 loops=1)
               Buckets: 1024  Batches: 1  Memory Usage: 27kB
               Buffers: shared hit=18
               ->  Seq Scan on store  (cost=0.00..22.02 rows=402 width=15) (actual time=0.019..0.383 rows=402 loops=1)
                     Buffers: shared hit=18
 Planning:
   Buffers: shared hit=460
 Planning Time: 2.561 ms
 Execution Time: 70853.996 ms
(53 rows)

