                                                                             QUERY PLAN                                                                              
---------------------------------------------------------------------------------------------------------------------------------------------------------------------
 Aggregate  (cost=9678487.56..9678487.57 rows=1 width=40) (actual time=87850.010..87850.015 rows=1 loops=1)
   Buffers: shared hit=2140568 read=5137656
   ->  Nested Loop  (cost=2571.50..9678487.56 rows=1 width=14) (actual time=1773.822..87849.790 rows=113 loops=1)
         Join Filter: ("substring"((customer_address.ca_zip)::text, 1, 5) <> "substring"((store.s_zip)::text, 1, 5))
         Buffers: shared hit=2140568 read=5137656
         ->  Nested Loop  (cost=2571.36..9678481.81 rows=1 width=29) (actual time=1773.791..87847.690 rows=115 loops=1)
               Buffers: shared hit=2140366 read=5137632
               ->  Nested Loop  (cost=2570.94..9678436.00 rows=6 width=25) (actual time=1731.344..87801.683 rows=1274 loops=1)
                     Buffers: shared hit=2136132 read=5136770
                     ->  Nested Loop  (cost=2570.51..9667375.00 rows=1446 width=18) (actual time=1706.135..86436.963 rows=55798 loops=1)
                           Buffers: shared hit=1921900 read=5127810
                           ->  Hash Join  (cost=2570.08..9572786.06 rows=12364 width=18) (actual time=1706.040..75420.111 rows=476523 loops=1)
                                 Hash Cond: (store_sales.ss_sold_date_sk = date_dim.d_date_sk)
                                 Buffers: shared hit=39283 read=5127743
                                 ->  Seq Scan on store_sales  (cost=0.00..9485539.52 rows=32255907 width=22) (actual time=0.051..73201.016 rows=32336064 loops=1)
                                       Filter: ((ss_wholesale_cost >= '21'::numeric) AND (ss_wholesale_cost <= '41'::numeric))
                                       Rows Removed by Filter: 255660960
                                       Buffers: shared hit=37809 read=5127743
                                 ->  Hash  (cost=2569.73..2569.73 rows=28 width=4) (actual time=19.584..19.585 rows=28 loops=1)
                                       Buckets: 1024  Batches: 1  Memory Usage: 9kB
                                       Buffers: shared hit=1474
                                       ->  Seq Scan on date_dim  (cost=0.00..2569.73 rows=28 width=4) (actual time=9.053..19.568 rows=28 loops=1)
                                             Filter: ((d_year = 1998) AND (d_moy = 2))
                                             Rows Removed by Filter: 73021
                                             Buffers: shared hit=1474
                           ->  Index Scan using customer_pkey on customer  (cost=0.43..7.65 rows=1 width=8) (actual time=0.023..0.023 rows=0 loops=476523)
                                 Index Cond: (c_customer_sk = store_sales.ss_customer_sk)
                                 Filter: (c_birth_month = 8)
                                 Rows Removed by Filter: 1
                                 Buffers: shared hit=1882617 read=67
                     ->  Index Scan using customer_address_pkey on customer_address  (cost=0.42..7.65 rows=1 width=15) (actual time=0.024..0.024 rows=0 loops=55798)
                           Index Cond: (ca_address_sk = customer.c_current_addr_sk)
                           Filter: (ca_state = 'AZ'::bpchar)
                           Rows Removed by Filter: 1
                           Buffers: shared hit=214232 read=8960
               ->  Index Scan using item_pkey on item  (cost=0.42..7.64 rows=1 width=12) (actual time=0.035..0.035 rows=0 loops=1274)
                     Index Cond: (i_item_sk = store_sales.ss_item_sk)
                     Filter: (i_category = 'Books'::bpchar)
                     Rows Removed by Filter: 1
                     Buffers: shared hit=4234 read=862
         ->  Index Scan using store_pkey on store  (cost=0.15..5.72 rows=1 width=15) (actual time=0.012..0.012 rows=1 loops=115)
               Index Cond: (s_store_sk = store_sales.ss_store_sk)
               Buffers: shared hit=202 read=24
 Planning:
   Buffers: shared hit=460
 Planning Time: 4.336 ms
 Execution Time: 87850.425 ms
(47 rows)

