                                                                             QUERY PLAN                                                                              
---------------------------------------------------------------------------------------------------------------------------------------------------------------------
 Aggregate  (cost=9767200.32..9767200.33 rows=1 width=40) (actual time=87290.530..87290.534 rows=1 loops=1)
   Buffers: shared hit=2824853 read=5130455
   ->  Nested Loop  (cost=2571.53..9767200.29 rows=3 width=14) (actual time=19054.654..87290.495 rows=11 loops=1)
         Join Filter: ("substring"((customer_address.ca_zip)::text, 1, 5) <> "substring"((store.s_zip)::text, 1, 5))
         Buffers: shared hit=2824853 read=5130455
         ->  Nested Loop  (cost=2571.38..9767183.06 rows=3 width=29) (actual time=19054.617..87290.288 rows=11 loops=1)
               Buffers: shared hit=2824831 read=5130455
               ->  Nested Loop  (cost=2570.96..9766625.66 rows=73 width=25) (actual time=16449.922..87253.440 rows=1202 loops=1)
                     Buffers: shared hit=2820981 read=5129497
                     ->  Nested Loop  (cost=2570.54..9752527.03 rows=1843 width=18) (actual time=16449.892..85714.959 rows=62334 loops=1)
                           Buffers: shared hit=2576169 read=5124973
                           ->  Hash Join  (cost=2570.11..9608471.14 rows=18830 width=18) (actual time=15.042..70518.982 rows=641195 loops=1)
                                 Hash Cond: (store_sales.ss_sold_date_sk = date_dim.d_date_sk)
                                 Buffers: shared hit=42088 read=5124938
                                 ->  Seq Scan on store_sales  (cost=0.00..9485539.52 rows=45849467 width=22) (actual time=0.035..67429.676 rows=46160898 loops=1)
                                       Filter: ((ss_wholesale_cost >= '80'::numeric) AND (ss_wholesale_cost <= '100'::numeric))
                                       Rows Removed by Filter: 241836126
                                       Buffers: shared hit=40614 read=5124938
                                 ->  Hash  (cost=2569.73..2569.73 rows=30 width=4) (actual time=12.507..12.508 rows=30 loops=1)
                                       Buckets: 1024  Batches: 1  Memory Usage: 10kB
                                       Buffers: shared hit=1474
                                       ->  Seq Scan on date_dim  (cost=0.00..2569.73 rows=30 width=4) (actual time=6.827..12.497 rows=30 loops=1)
                                             Filter: ((d_year = 1999) AND (d_moy = 6))
                                             Rows Removed by Filter: 73019
                                             Buffers: shared hit=1474
                           ->  Index Scan using customer_pkey on customer  (cost=0.43..7.65 rows=1 width=8) (actual time=0.023..0.023 rows=0 loops=641195)
                                 Index Cond: (c_customer_sk = store_sales.ss_customer_sk)
                                 Filter: (c_birth_month = 2)
                                 Rows Removed by Filter: 1
                                 Buffers: shared hit=2534081 read=35
                     ->  Index Scan using customer_address_pkey on customer_address  (cost=0.42..7.65 rows=1 width=15) (actual time=0.024..0.024 rows=0 loops=62334)
                           Index Cond: (ca_address_sk = customer.c_current_addr_sk)
                           Filter: (ca_state = 'KY'::bpchar)
                           Rows Removed by Filter: 1
                           Buffers: shared hit=244812 read=4524
               ->  Index Scan using item_pkey on item  (cost=0.42..7.64 rows=1 width=12) (actual time=0.030..0.030 rows=0 loops=1202)
                     Index Cond: (i_item_sk = store_sales.ss_item_sk)
                     Filter: (i_category = 'Jewelry'::bpchar)
                     Rows Removed by Filter: 1
                     Buffers: shared hit=3850 read=958
         ->  Index Scan using store_pkey on store  (cost=0.15..5.72 rows=1 width=15) (actual time=0.011..0.011 rows=1 loops=11)
               Index Cond: (s_store_sk = store_sales.ss_store_sk)
               Buffers: shared hit=22
 Planning:
   Buffers: shared hit=460
 Planning Time: 2.310 ms
 Execution Time: 87290.802 ms
(47 rows)

