                                                                            QUERY PLAN                                                                            
------------------------------------------------------------------------------------------------------------------------------------------------------------------
 Aggregate  (cost=9765484.96..9765484.97 rows=1 width=40) (actual time=76882.952..76882.959 rows=1 loops=1)
   Buffers: shared hit=208602 read=5146682
   ->  Hash Join  (cost=19777.11..9765484.83 rows=18 width=14) (actual time=3885.131..76882.883 rows=36 loops=1)
         Hash Cond: (store_sales.ss_store_sk = store.s_store_sk)
         Join Filter: ("substring"((customer_address.ca_zip)::text, 1, 5) <> "substring"((store.s_zip)::text, 1, 5))
         Buffers: shared hit=208602 read=5146682
         ->  Nested Loop  (cost=19750.06..9765457.73 rows=18 width=29) (actual time=3883.360..76880.994 rows=36 loops=1)
               Buffers: shared hit=208588 read=5146678
               ->  Nested Loop  (cost=19749.64..9763766.70 rows=221 width=22) (actual time=3865.028..76838.385 rows=2315 loops=1)
                     Buffers: shared hit=199634 read=5146372
                     ->  Hash Join  (cost=19749.21..9734412.40 rows=3837 width=22) (actual time=3864.966..76135.908 rows=41670 loops=1)
                           Hash Cond: (store_sales.ss_item_sk = item.i_item_sk)
                           Buffers: shared hit=35013 read=5146369
                           ->  Hash Join  (cost=2570.11..9717139.25 rows=35830 width=18) (actual time=3737.370..75934.611 rows=483891 loops=1)
                                 Hash Cond: (store_sales.ss_sold_date_sk = date_dim.d_date_sk)
                                 Buffers: shared hit=34939 read=5132087
                                 ->  Seq Scan on store_sales  (cost=0.00..9485539.52 rows=87244546 width=22) (actual time=0.040..70834.485 rows=86810744 loops=1)
                                       Filter: ((ss_wholesale_cost >= '67'::numeric) AND (ss_wholesale_cost <= '87'::numeric))
                                       Rows Removed by Filter: 201186280
                                       Buffers: shared hit=33465 read=5132087
                                 ->  Hash  (cost=2569.73..2569.73 rows=30 width=4) (actual time=20.218..20.219 rows=30 loops=1)
                                       Buckets: 1024  Batches: 1  Memory Usage: 10kB
                                       Buffers: shared hit=1474
                                       ->  Seq Scan on date_dim  (cost=0.00..2569.73 rows=30 width=4) (actual time=9.818..20.208 rows=30 loops=1)
                                             Filter: ((d_year = 1998) AND (d_moy = 4))
                                             Rows Removed by Filter: 73019
                                             Buffers: shared hit=1474
                           ->  Hash  (cost=16906.00..16906.00 rows=21848 width=12) (actual time=127.452..127.453 rows=21811 loops=1)
                                 Buckets: 32768  Batches: 1  Memory Usage: 1193kB
                                 Buffers: shared hit=74 read=14282
                                 ->  Seq Scan on item  (cost=0.00..16906.00 rows=21848 width=12) (actual time=0.024..122.764 rows=21811 loops=1)
                                       Filter: (i_category = 'Sports'::bpchar)
                                       Rows Removed by Filter: 182189
                                       Buffers: shared hit=74 read=14282
                     ->  Index Scan using customer_pkey on customer  (cost=0.43..7.65 rows=1 width=8) (actual time=0.017..0.017 rows=0 loops=41670)
                           Index Cond: (c_customer_sk = store_sales.ss_customer_sk)
                           Filter: (c_birth_month = 3)
                           Rows Removed by Filter: 1
                           Buffers: shared hit=164621 read=3
               ->  Index Scan using customer_address_pkey on customer_address  (cost=0.42..7.65 rows=1 width=15) (actual time=0.018..0.018 rows=0 loops=2315)
                     Index Cond: (ca_address_sk = customer.c_current_addr_sk)
                     Filter: (ca_state = 'TX'::bpchar)
                     Rows Removed by Filter: 1
                     Buffers: shared hit=8954 read=306
         ->  Hash  (cost=22.02..22.02 rows=402 width=15) (actual time=1.740..1.740 rows=402 loops=1)
               Buckets: 1024  Batches: 1  Memory Usage: 27kB
               Buffers: shared hit=14 read=4
               ->  Seq Scan on store  (cost=0.00..22.02 rows=402 width=15) (actual time=0.026..1.600 rows=402 loops=1)
                     Buffers: shared hit=14 read=4
 Planning:
   Buffers: shared hit=460
 Planning Time: 4.259 ms
 Execution Time: 76883.408 ms
(53 rows)

