                                                                            QUERY PLAN                                                                            
------------------------------------------------------------------------------------------------------------------------------------------------------------------
 Aggregate  (cost=9631250.81..9631250.82 rows=1 width=40) (actual time=79403.055..79403.061 rows=1 loops=1)
   Buffers: shared hit=1135730 read=5131492
   ->  Nested Loop  (cost=2571.53..9631250.79 rows=3 width=14) (actual time=21709.011..79402.979 rows=35 loops=1)
         Join Filter: ("substring"((customer_address.ca_zip)::text, 1, 5) <> "substring"((store.s_zip)::text, 1, 5))
         Rows Removed by Join Filter: 1
         Buffers: shared hit=1135730 read=5131492
         ->  Nested Loop  (cost=2571.38..9631233.56 rows=3 width=29) (actual time=21708.979..79402.436 rows=36 loops=1)
               Buffers: shared hit=1135660 read=5131490
               ->  Nested Loop  (cost=2570.96..9630376.87 rows=112 width=22) (actual time=21574.541..79366.720 rows=1494 loops=1)
                     Buffers: shared hit=1130137 read=5131037
                     ->  Nested Loop  (cost=2570.53..9624218.33 rows=805 width=22) (actual time=21562.773..79101.463 rows=10994 loops=1)
                           Buffers: shared hit=1086646 read=5131036
                           ->  Hash Join  (cost=2570.11..9550130.09 rows=9703 width=18) (actual time=21534.999..73301.148 rows=262664 loops=1)
                                 Hash Cond: (store_sales.ss_sold_date_sk = date_dim.d_date_sk)
                                 Buffers: shared hit=37099 read=5129927
                                 ->  Seq Scan on store_sales  (cost=0.00..9485539.52 rows=23625531 width=22) (actual time=0.390..71639.497 rows=23806627 loops=1)
                                       Filter: ((ss_wholesale_cost >= '22'::numeric) AND (ss_wholesale_cost <= '42'::numeric))
                                       Rows Removed by Filter: 264190397
                                       Buffers: shared hit=35752 read=5129800
                                 ->  Hash  (cost=2569.73..2569.73 rows=30 width=4) (actual time=21.060..21.061 rows=30 loops=1)
                                       Buckets: 1024  Batches: 1  Memory Usage: 10kB
                                       Buffers: shared hit=1347 read=127
                                       ->  Seq Scan on date_dim  (cost=0.00..2569.73 rows=30 width=4) (actual time=11.792..21.042 rows=30 loops=1)
                                             Filter: ((d_year = 1999) AND (d_moy = 9))
                                             Rows Removed by Filter: 73019
                                             Buffers: shared hit=1347 read=127
                           ->  Index Scan using item_pkey on item  (cost=0.42..7.64 rows=1 width=12) (actual time=0.022..0.022 rows=0 loops=262664)
                                 Index Cond: (i_item_sk = store_sales.ss_item_sk)
                                 Filter: (i_category = 'Home'::bpchar)
                                 Rows Removed by Filter: 1
                                 Buffers: shared hit=1049547 read=1109
                     ->  Index Scan using customer_pkey on customer  (cost=0.43..7.65 rows=1 width=8) (actual time=0.024..0.024 rows=0 loops=10994)
                           Index Cond: (c_customer_sk = store_sales.ss_customer_sk)
                           Filter: (c_birth_month = 10)
                           Rows Removed by Filter: 1
                           Buffers: shared hit=43491 read=1
               ->  Index Scan using customer_address_pkey on customer_address  (cost=0.42..7.65 rows=1 width=15) (actual time=0.023..0.023 rows=0 loops=1494)
                     Index Cond: (ca_address_sk = customer.c_current_addr_sk)
                     Filter: (ca_state = 'OH'::bpchar)
                     Rows Removed by Filter: 1
                     Buffers: shared hit=5523 read=453
         ->  Index Scan using store_pkey on store  (cost=0.15..5.72 rows=1 width=15) (actual time=0.009..0.009 rows=1 loops=36)
               Index Cond: (s_store_sk = store_sales.ss_store_sk)
               Buffers: shared hit=70 read=2
 Planning:
   Buffers: shared hit=460
 Planning Time: 4.787 ms
 Execution Time: 79403.555 ms
(48 rows)

