                                                                            QUERY PLAN                                                                            
------------------------------------------------------------------------------------------------------------------------------------------------------------------
 Aggregate  (cost=9683998.71..9683998.72 rows=1 width=40) (actual time=78928.332..78928.338 rows=1 loops=1)
   Buffers: shared hit=617915 read=5140393
   ->  Hash Join  (cost=19838.83..9683998.66 rows=7 width=14) (actual time=60066.165..78927.987 rows=416 loops=1)
         Hash Cond: (store_sales.ss_store_sk = store.s_store_sk)
         Join Filter: ("substring"((customer_address.ca_zip)::text, 1, 5) <> "substring"((store.s_zip)::text, 1, 5))
         Rows Removed by Join Filter: 1
         Buffers: shared hit=617915 read=5140393
         ->  Nested Loop  (cost=19811.79..9683971.59 rows=7 width=29) (actual time=60064.876..78925.815 rows=419 loops=1)
               Buffers: shared hit=617898 read=5140392
               ->  Nested Loop  (cost=19811.36..9679887.19 rows=534 width=22) (actual time=60052.121..78480.693 rows=20815 loops=1)
                     Buffers: shared hit=543362 read=5131668
                     ->  Hash Join  (cost=19810.93..9655513.23 rows=3186 width=22) (actual time=60052.066..76219.382 rows=125009 loops=1)
                           Hash Cond: (store_sales.ss_item_sk = item.i_item_sk)
                           Buffers: shared hit=50109 read=5131273
                           ->  Hash Join  (cost=2570.12..9638208.72 rows=24265 width=18) (actual time=59952.776..75956.008 rows=843410 loops=1)
                                 Hash Cond: (store_sales.ss_sold_date_sk = date_dim.d_date_sk)
                                 Buffers: shared hit=35784 read=5131242
                                 ->  Seq Scan on store_sales  (cost=0.00..9485539.52 rows=57177434 width=22) (actual time=0.230..72427.073 rows=56890659 loops=1)
                                       Filter: ((ss_wholesale_cost >= '40'::numeric) AND (ss_wholesale_cost <= '60'::numeric))
                                       Rows Removed by Filter: 231106365
                                       Buffers: shared hit=34437 read=5131115
                                 ->  Hash  (cost=2569.73..2569.73 rows=31 width=4) (actual time=19.669..19.670 rows=31 loops=1)
                                       Buckets: 1024  Batches: 1  Memory Usage: 10kB
                                       Buffers: shared hit=1347 read=127
                                       ->  Seq Scan on date_dim  (cost=0.00..2569.73 rows=31 width=4) (actual time=10.947..19.658 rows=31 loops=1)
                                             Filter: ((d_year = 2002) AND (d_moy = 7))
                                             Rows Removed by Filter: 73018
                                             Buffers: shared hit=1347 read=127
                           ->  Hash  (cost=16906.00..16906.00 rows=26785 width=12) (actual time=99.146..99.146 rows=26695 loops=1)
                                 Buckets: 32768  Batches: 1  Memory Usage: 1403kB
                                 Buffers: shared hit=14325 read=31
                                 ->  Seq Scan on item  (cost=0.00..16906.00 rows=26785 width=12) (actual time=0.014..95.368 rows=26695 loops=1)
                                       Filter: (i_category = 'Children'::bpchar)
                                       Rows Removed by Filter: 177305
                                       Buffers: shared hit=14325 read=31
                     ->  Index Scan using customer_pkey on customer  (cost=0.43..7.65 rows=1 width=8) (actual time=0.018..0.018 rows=0 loops=125009)
                           Index Cond: (c_customer_sk = store_sales.ss_customer_sk)
                           Filter: (c_birth_month = 4)
                           Rows Removed by Filter: 1
                           Buffers: shared hit=493253 read=395
               ->  Index Scan using customer_address_pkey on customer_address  (cost=0.42..7.65 rows=1 width=15) (actual time=0.021..0.021 rows=0 loops=20815)
                     Index Cond: (ca_address_sk = customer.c_current_addr_sk)
                     Filter: (ca_state = 'OR'::bpchar)
                     Rows Removed by Filter: 1
                     Buffers: shared hit=74536 read=8724
         ->  Hash  (cost=22.02..22.02 rows=402 width=15) (actual time=1.257..1.257 rows=402 loops=1)
               Buckets: 1024  Batches: 1  Memory Usage: 27kB
               Buffers: shared hit=17 read=1
               ->  Seq Scan on store  (cost=0.00..22.02 rows=402 width=15) (actual time=0.030..1.098 rows=402 loops=1)
                     Buffers: shared hit=17 read=1
 Planning:
   Buffers: shared hit=460
 Planning Time: 4.707 ms
 Execution Time: 78928.860 ms
(54 rows)

