                                                                           QUERY PLAN                                                                           
----------------------------------------------------------------------------------------------------------------------------------------------------------------
 Aggregate  (cost=9525627.12..9525627.13 rows=1 width=40) (actual time=65084.481..65084.486 rows=1 loops=1)
   Buffers: shared hit=237054 read=5124410
   ->  Nested Loop  (cost=2571.53..9525627.11 rows=1 width=14) (actual time=47224.263..65084.475 rows=1 loops=1)
         Join Filter: ("substring"((customer_address.ca_zip)::text, 1, 5) <> "substring"((store.s_zip)::text, 1, 5))
         Buffers: shared hit=237054 read=5124410
         ->  Nested Loop  (cost=2571.38..9525621.37 rows=1 width=29) (actual time=47224.238..65084.449 rows=1 loops=1)
               Buffers: shared hit=237052 read=5124410
               ->  Nested Loop  (cost=2570.96..9525514.27 rows=14 width=22) (actual time=46711.254..65079.979 rows=123 loops=1)
                     Buffers: shared hit=236609 read=5124361
                     ->  Nested Loop  (cost=2570.53..9524443.20 rows=140 width=22) (actual time=46700.806..65052.566 rows=1252 loops=1)
                           Buffers: shared hit=231675 read=5124355
                           ->  Hash Join  (cost=2570.11..9504666.89 rows=2590 width=18) (actual time=46698.560..64203.056 rows=47251 loops=1)
                                 Hash Cond: (store_sales.ss_sold_date_sk = date_dim.d_date_sk)
                                 Buffers: shared hit=42725 read=5124301
                                 ->  Seq Scan on store_sales  (cost=0.00..9485539.52 rows=6307182 width=22) (actual time=0.069..63684.349 rows=6221765 loops=1)
                                       Filter: ((ss_wholesale_cost >= '100'::numeric) AND (ss_wholesale_cost <= '120'::numeric))
                                       Rows Removed by Filter: 281775259
                                       Buffers: shared hit=41269 read=5124283
                                 ->  Hash  (cost=2569.73..2569.73 rows=30 width=4) (actual time=21.789..21.790 rows=31 loops=1)
                                       Buckets: 1024  Batches: 1  Memory Usage: 10kB
                                       Buffers: shared hit=1456 read=18
                                       ->  Seq Scan on date_dim  (cost=0.00..2569.73 rows=30 width=4) (actual time=10.377..21.774 rows=31 loops=1)
                                             Filter: ((d_year = 2002) AND (d_moy = 1))
                                             Rows Removed by Filter: 73018
                                             Buffers: shared hit=1456 read=18
                           ->  Index Scan using item_pkey on item  (cost=0.42..7.64 rows=1 width=12) (actual time=0.018..0.018 rows=0 loops=47251)
                                 Index Cond: (i_item_sk = store_sales.ss_item_sk)
                                 Filter: (i_category = 'Women'::bpchar)
                                 Rows Removed by Filter: 1
                                 Buffers: shared hit=188950 read=54
                     ->  Index Scan using customer_pkey on customer  (cost=0.43..7.65 rows=1 width=8) (actual time=0.022..0.022 rows=0 loops=1252)
                           Index Cond: (c_customer_sk = store_sales.ss_customer_sk)
                           Filter: (c_birth_month = 1)
                           Rows Removed by Filter: 1
                           Buffers: shared hit=4934 read=6
               ->  Index Scan using customer_address_pkey on customer_address  (cost=0.42..7.65 rows=1 width=15) (actual time=0.036..0.036 rows=0 loops=123)
                     Index Cond: (ca_address_sk = customer.c_current_addr_sk)
                     Filter: (ca_state = 'IA'::bpchar)
                     Rows Removed by Filter: 1
                     Buffers: shared hit=443 read=49
         ->  Index Scan using store_pkey on store  (cost=0.15..5.72 rows=1 width=15) (actual time=0.016..0.016 rows=1 loops=1)
               Index Cond: (s_store_sk = store_sales.ss_store_sk)
               Buffers: shared hit=2
 Planning:
   Buffers: shared hit=460
 Planning Time: 5.149 ms
 Execution Time: 65084.989 ms
(47 rows)

