                                                                            QUERY PLAN                                                                            
------------------------------------------------------------------------------------------------------------------------------------------------------------------
 Aggregate  (cost=9676527.91..9676527.92 rows=1 width=40) (actual time=78382.288..78382.295 rows=1 loops=1)
   Buffers: shared hit=981188 read=5136848
   ->  Nested Loop  (cost=19750.21..9676527.89 rows=3 width=14) (actual time=38230.081..78382.009 rows=180 loops=1)
         Join Filter: ("substring"((customer_address.ca_zip)::text, 1, 5) <> "substring"((store.s_zip)::text, 1, 5))
         Rows Removed by Join Filter: 3
         Buffers: shared hit=981188 read=5136848
         ->  Nested Loop  (cost=19750.06..9676510.66 rows=3 width=29) (actual time=38230.062..78379.111 rows=183 loops=1)
               Buffers: shared hit=980837 read=5136833
               ->  Nested Loop  (cost=19749.64..9675745.28 rows=100 width=22) (actual time=38197.309..78209.235 rows=8813 loops=1)
                     Buffers: shared hit=950452 read=5131966
                     ->  Hash Join  (cost=19749.21..9656382.28 rows=2531 width=22) (actual time=38197.033..74187.067 rows=228060 loops=1)
                           Hash Cond: (store_sales.ss_item_sk = item.i_item_sk)
                           Buffers: shared hit=52027 read=5129355
                           ->  Hash Join  (cost=2570.11..9639141.16 rows=23628 width=18) (actual time=38103.580..73794.902 rows=1781758 loops=1)
                                 Hash Cond: (store_sales.ss_sold_date_sk = date_dim.d_date_sk)
                                 Buffers: shared hit=38010 read=5129016
                                 ->  Seq Scan on store_sales  (cost=0.00..9485539.52 rows=57532634 width=22) (actual time=0.059..69985.887 rows=57752041 loops=1)
                                       Filter: ((ss_wholesale_cost >= '79'::numeric) AND (ss_wholesale_cost <= '99'::numeric))
                                       Rows Removed by Filter: 230244983
                                       Buffers: shared hit=36536 read=5129016
                                 ->  Hash  (cost=2569.73..2569.73 rows=30 width=4) (actual time=17.855..17.856 rows=31 loops=1)
                                       Buckets: 1024  Batches: 1  Memory Usage: 10kB
                                       Buffers: shared hit=1474
                                       ->  Seq Scan on date_dim  (cost=0.00..2569.73 rows=30 width=4) (actual time=11.405..17.843 rows=31 loops=1)
                                             Filter: ((d_year = 2000) AND (d_moy = 12))
                                             Rows Removed by Filter: 73018
                                             Buffers: shared hit=1474
                           ->  Hash  (cost=16906.00..16906.00 rows=21848 width=12) (actual time=93.300..93.301 rows=21811 loops=1)
                                 Buckets: 32768  Batches: 1  Memory Usage: 1193kB
                                 Buffers: shared hit=14017 read=339
                                 ->  Seq Scan on item  (cost=0.00..16906.00 rows=21848 width=12) (actual time=0.027..90.175 rows=21811 loops=1)
                                       Filter: (i_category = 'Sports'::bpchar)
                                       Rows Removed by Filter: 182189
                                       Buffers: shared hit=14017 read=339
                     ->  Index Scan using customer_pkey on customer  (cost=0.43..7.65 rows=1 width=8) (actual time=0.017..0.017 rows=0 loops=228060)
                           Index Cond: (c_customer_sk = store_sales.ss_customer_sk)
                           Filter: (c_birth_month = 9)
                           Rows Removed by Filter: 1
                           Buffers: shared hit=898425 read=2611
               ->  Index Scan using customer_address_pkey on customer_address  (cost=0.42..7.65 rows=1 width=15) (actual time=0.019..0.019 rows=0 loops=8813)
                     Index Cond: (ca_address_sk = customer.c_current_addr_sk)
                     Filter: (ca_state = 'IA'::bpchar)
                     Rows Removed by Filter: 1
                     Buffers: shared hit=30385 read=4867
         ->  Index Scan using store_pkey on store  (cost=0.15..5.72 rows=1 width=15) (actual time=0.012..0.012 rows=1 loops=183)
               Index Cond: (s_store_sk = store_sales.ss_store_sk)
               Buffers: shared hit=351 read=15
 Planning:
   Buffers: shared hit=460
 Planning Time: 4.641 ms
 Execution Time: 78382.834 ms
(51 rows)

