                                                                             QUERY PLAN                                                                              
---------------------------------------------------------------------------------------------------------------------------------------------------------------------
 Aggregate  (cost=9711582.14..9711582.15 rows=1 width=40) (actual time=93119.424..93119.430 rows=1 loops=1)
   Buffers: shared hit=2524300 read=5137994
   ->  Nested Loop  (cost=2571.50..9711582.12 rows=2 width=14) (actual time=26958.006..93119.271 rows=64 loops=1)
         Join Filter: ("substring"((customer_address.ca_zip)::text, 1, 5) <> "substring"((store.s_zip)::text, 1, 5))
         Buffers: shared hit=2524300 read=5137994
         ->  Nested Loop  (cost=2571.36..9711570.64 rows=2 width=29) (actual time=26957.970..93116.456 rows=66 loops=1)
               Buffers: shared hit=2524173 read=5137993
               ->  Nested Loop  (cost=2570.94..9711471.38 rows=13 width=25) (actual time=26775.802..93104.000 rows=395 loops=1)
                     Buffers: shared hit=2522593 read=5137993
                     ->  Nested Loop  (cost=2570.51..9707758.51 rows=485 width=18) (actual time=26612.335..92587.052 rows=19943 loops=1)
                           Buffers: shared hit=2448516 read=5132298
                           ->  Hash Join  (cost=2570.08..9591863.45 rows=15149 width=18) (actual time=26611.736..77922.639 rows=610732 loops=1)
                                 Hash Cond: (store_sales.ss_sold_date_sk = date_dim.d_date_sk)
                                 Buffers: shared hit=36487 read=5130539
                                 ->  Seq Scan on store_sales  (cost=0.00..9485539.52 rows=39523085 width=22) (actual time=0.329..75130.199 rows=40114371 loops=1)
                                       Filter: ((ss_wholesale_cost >= '27'::numeric) AND (ss_wholesale_cost <= '47'::numeric))
                                       Rows Removed by Filter: 247882653
                                       Buffers: shared hit=35013 read=5130539
                                 ->  Hash  (cost=2569.73..2569.73 rows=28 width=4) (actual time=22.286..22.287 rows=29 loops=1)
                                       Buckets: 1024  Batches: 1  Memory Usage: 10kB
                                       Buffers: shared hit=1474
                                       ->  Seq Scan on date_dim  (cost=0.00..2569.73 rows=28 width=4) (actual time=10.690..22.270 rows=29 loops=1)
                                             Filter: ((d_year = 2000) AND (d_moy = 2))
                                             Rows Removed by Filter: 73020
                                             Buffers: shared hit=1474
                           ->  Index Scan using customer_pkey on customer  (cost=0.43..7.65 rows=1 width=8) (actual time=0.024..0.024 rows=0 loops=610732)
                                 Index Cond: (c_customer_sk = store_sales.ss_customer_sk)
                                 Filter: (c_birth_month = 6)
                                 Rows Removed by Filter: 1
                                 Buffers: shared hit=2412029 read=1759
                     ->  Index Scan using customer_address_pkey on customer_address  (cost=0.42..7.66 rows=1 width=15) (actual time=0.025..0.025 rows=0 loops=19943)
                           Index Cond: (ca_address_sk = customer.c_current_addr_sk)
                           Filter: (ca_state = 'MN'::bpchar)
                           Rows Removed by Filter: 1
                           Buffers: shared hit=74077 read=5695
               ->  Index Scan using item_pkey on item  (cost=0.42..7.64 rows=1 width=12) (actual time=0.031..0.031 rows=0 loops=395)
                     Index Cond: (i_item_sk = store_sales.ss_item_sk)
                     Filter: (i_category = 'Shoes'::bpchar)
                     Rows Removed by Filter: 1
                     Buffers: shared hit=1580
         ->  Index Scan using store_pkey on store  (cost=0.15..5.72 rows=1 width=15) (actual time=0.036..0.036 rows=1 loops=66)
               Index Cond: (s_store_sk = store_sales.ss_store_sk)
               Buffers: shared hit=127 read=1
 Planning:
   Buffers: shared hit=460
 Planning Time: 4.673 ms
 Execution Time: 93119.907 ms
(47 rows)

