                                                                            QUERY PLAN                                                                            
------------------------------------------------------------------------------------------------------------------------------------------------------------------
 Aggregate  (cost=9648979.71..9648979.72 rows=1 width=40) (actual time=71720.786..71720.792 rows=1 loops=1)
   Buffers: shared hit=137243 read=5124529
   ->  Nested Loop  (cost=19750.21..9648979.70 rows=1 width=14) (actual time=15857.804..71720.770 rows=5 loops=1)
         Join Filter: ("substring"((customer_address.ca_zip)::text, 1, 5) <> "substring"((store.s_zip)::text, 1, 5))
         Buffers: shared hit=137243 read=5124529
         ->  Nested Loop  (cost=19750.06..9648973.96 rows=1 width=29) (actual time=15857.787..71720.701 rows=5 loops=1)
               Buffers: shared hit=137233 read=5124529
               ->  Nested Loop  (cost=19749.64..9648751.63 rows=29 width=22) (actual time=15816.831..71715.515 rows=255 loops=1)
                     Buffers: shared hit=136340 read=5124402
                     ->  Hash Join  (cost=19749.21..9632456.41 rows=2130 width=22) (actual time=15816.759..71377.479 rows=20051 loops=1)
                           Hash Cond: (store_sales.ss_item_sk = item.i_item_sk)
                           Buffers: shared hit=57005 read=5124377
                           ->  Hash Join  (cost=2570.11..9615225.10 rows=19886 width=18) (actual time=15710.933..71234.133 rows=227935 loops=1)
                                 Hash Cond: (store_sales.ss_sold_date_sk = date_dim.d_date_sk)
                                 Buffers: shared hit=42996 read=5124030
                                 ->  Seq Scan on store_sales  (cost=0.00..9485539.52 rows=48422260 width=22) (actual time=0.033..68165.686 rows=48278787 loops=1)
                                       Filter: ((ss_wholesale_cost >= '74'::numeric) AND (ss_wholesale_cost <= '94'::numeric))
                                       Rows Removed by Filter: 239718237
                                       Buffers: shared hit=41531 read=5124021
                                 ->  Hash  (cost=2569.73..2569.73 rows=30 width=4) (actual time=11.715..11.716 rows=30 loops=1)
                                       Buckets: 1024  Batches: 1  Memory Usage: 10kB
                                       Buffers: shared hit=1465 read=9
                                       ->  Seq Scan on date_dim  (cost=0.00..2569.73 rows=30 width=4) (actual time=6.823..11.708 rows=30 loops=1)
                                             Filter: ((d_year = 1999) AND (d_moy = 4))
                                             Rows Removed by Filter: 73019
                                             Buffers: shared hit=1465 read=9
                           ->  Hash  (cost=16906.00..16906.00 rows=21848 width=12) (actual time=105.643..105.644 rows=21811 loops=1)
                                 Buckets: 32768  Batches: 1  Memory Usage: 1193kB
                                 Buffers: shared hit=14009 read=347
                                 ->  Seq Scan on item  (cost=0.00..16906.00 rows=21848 width=12) (actual time=0.032..101.902 rows=21811 loops=1)
                                       Filter: (i_category = 'Sports'::bpchar)
                                       Rows Removed by Filter: 182189
                                       Buffers: shared hit=14009 read=347
                     ->  Index Scan using customer_pkey on customer  (cost=0.43..7.65 rows=1 width=8) (actual time=0.017..0.017 rows=0 loops=20051)
                           Index Cond: (c_customer_sk = store_sales.ss_customer_sk)
                           Filter: (c_birth_month = 5)
                           Rows Removed by Filter: 1
                           Buffers: shared hit=79335 read=25
               ->  Index Scan using customer_address_pkey on customer_address  (cost=0.42..7.67 rows=1 width=15) (actual time=0.020..0.020 rows=0 loops=255)
                     Index Cond: (ca_address_sk = customer.c_current_addr_sk)
                     Filter: (ca_state = 'LA'::bpchar)
                     Rows Removed by Filter: 1
                     Buffers: shared hit=893 read=127
         ->  Index Scan using store_pkey on store  (cost=0.15..5.72 rows=1 width=15) (actual time=0.008..0.008 rows=1 loops=5)
               Index Cond: (s_store_sk = store_sales.ss_store_sk)
               Buffers: shared hit=10
 Planning:
   Buffers: shared hit=421 read=39
 Planning Time: 2.488 ms
 Execution Time: 71721.096 ms
(50 rows)

