                                                                            QUERY PLAN                                                                            
------------------------------------------------------------------------------------------------------------------------------------------------------------------
 Aggregate  (cost=9772238.58..9772238.59 rows=1 width=40) (actual time=82457.437..82457.443 rows=1 loops=1)
   Buffers: shared hit=760447 read=5132247
   ->  Nested Loop  (cost=19811.92..9772238.56 rows=3 width=14) (actual time=35091.698..82457.159 rows=194 loops=1)
         Join Filter: ("substring"((customer_address.ca_zip)::text, 1, 5) <> "substring"((store.s_zip)::text, 1, 5))
         Rows Removed by Join Filter: 2
         Buffers: shared hit=760447 read=5132247
         ->  Nested Loop  (cost=19811.78..9772221.33 rows=3 width=29) (actual time=35091.680..82453.079 rows=198 loops=1)
               Buffers: shared hit=760057 read=5132245
               ->  Nested Loop  (cost=19811.35..9770461.25 rows=230 width=22) (actual time=35082.429..82291.231 rows=8167 loops=1)
                     Buffers: shared hit=731723 read=5127911
                     ->  Hash Join  (cost=19810.92..9734474.11 rows=4704 width=22) (actual time=35082.325..79197.472 rows=171580 loops=1)
                           Hash Cond: (store_sales.ss_item_sk = item.i_item_sk)
                           Buffers: shared hit=53681 read=5127701
                           ->  Hash Join  (cost=2570.11..9717139.25 rows=35830 width=18) (actual time=34966.428..78804.343 rows=1605813 loops=1)
                                 Hash Cond: (store_sales.ss_sold_date_sk = date_dim.d_date_sk)
                                 Buffers: shared hit=39570 read=5127456
                                 ->  Seq Scan on store_sales  (cost=0.00..9485539.52 rows=87244546 width=22) (actual time=0.053..73408.956 rows=86810744 loops=1)
                                       Filter: ((ss_wholesale_cost >= '67'::numeric) AND (ss_wholesale_cost <= '87'::numeric))
                                       Rows Removed by Filter: 201186280
                                       Buffers: shared hit=38096 read=5127456
                                 ->  Hash  (cost=2569.73..2569.73 rows=30 width=4) (actual time=24.707..24.708 rows=30 loops=1)
                                       Buckets: 1024  Batches: 1  Memory Usage: 10kB
                                       Buffers: shared hit=1474
                                       ->  Seq Scan on date_dim  (cost=0.00..2569.73 rows=30 width=4) (actual time=14.945..24.697 rows=30 loops=1)
                                             Filter: ((d_year = 2000) AND (d_moy = 9))
                                             Rows Removed by Filter: 73019
                                             Buffers: shared hit=1474
                           ->  Hash  (cost=16906.00..16906.00 rows=26785 width=12) (actual time=115.757..115.758 rows=26695 loops=1)
                                 Buckets: 32768  Batches: 1  Memory Usage: 1403kB
                                 Buffers: shared hit=14111 read=245
                                 ->  Seq Scan on item  (cost=0.00..16906.00 rows=26785 width=12) (actual time=0.014..110.323 rows=26695 loops=1)
                                       Filter: (i_category = 'Children'::bpchar)
                                       Rows Removed by Filter: 177305
                                       Buffers: shared hit=14111 read=245
                     ->  Index Scan using customer_pkey on customer  (cost=0.43..7.65 rows=1 width=8) (actual time=0.018..0.018 rows=0 loops=171580)
                           Index Cond: (c_customer_sk = store_sales.ss_customer_sk)
                           Filter: (c_birth_month = 7)
                           Rows Removed by Filter: 1
                           Buffers: shared hit=678042 read=210
               ->  Index Scan using customer_address_pkey on customer_address  (cost=0.42..7.65 rows=1 width=15) (actual time=0.020..0.020 rows=0 loops=8167)
                     Index Cond: (ca_address_sk = customer.c_current_addr_sk)
                     Filter: (ca_state = 'SC'::bpchar)
                     Rows Removed by Filter: 1
                     Buffers: shared hit=28334 read=4334
         ->  Index Scan using store_pkey on store  (cost=0.15..5.72 rows=1 width=15) (actual time=0.017..0.017 rows=1 loops=198)
               Index Cond: (s_store_sk = store_sales.ss_store_sk)
               Buffers: shared hit=390 read=2
 Planning:
   Buffers: shared hit=460
 Planning Time: 5.297 ms
 Execution Time: 82457.979 ms
(51 rows)

