                                                                            QUERY PLAN                                                                            
------------------------------------------------------------------------------------------------------------------------------------------------------------------
 Aggregate  (cost=9641633.76..9641633.77 rows=1 width=40) (actual time=72835.538..72835.545 rows=1 loops=1)
   Buffers: shared hit=389641 read=5124895
   ->  Nested Loop  (cost=19750.21..9641633.75 rows=1 width=14) (actual time=23663.444..72835.468 rows=34 loops=1)
         Join Filter: ("substring"((customer_address.ca_zip)::text, 1, 5) <> "substring"((store.s_zip)::text, 1, 5))
         Rows Removed by Join Filter: 1
         Buffers: shared hit=389641 read=5124895
         ->  Nested Loop  (cost=19750.06..9641628.01 rows=1 width=29) (actual time=23663.426..72835.092 rows=35 loops=1)
               Buffers: shared hit=389571 read=5124895
               ->  Nested Loop  (cost=19749.64..9641130.41 rows=65 width=22) (actual time=23661.180..72776.721 rows=2612 loops=1)
                     Buffers: shared hit=380391 read=5123627
                     ->  Hash Join  (cost=19749.21..9625699.67 rows=2017 width=22) (actual time=23660.587..71361.432 rows=81630 loops=1)
                           Hash Cond: (store_sales.ss_item_sk = item.i_item_sk)
                           Buffers: shared hit=57845 read=5123537
                           ->  Hash Join  (cost=2570.11..9608471.14 rows=18830 width=18) (actual time=23502.604..71140.432 rows=644113 loops=1)
                                 Hash Cond: (store_sales.ss_sold_date_sk = date_dim.d_date_sk)
                                 Buffers: shared hit=43734 read=5123292
                                 ->  Seq Scan on store_sales  (cost=0.00..9485539.52 rows=45849467 width=22) (actual time=0.047..68162.981 rows=46160898 loops=1)
                                       Filter: ((ss_wholesale_cost >= '80'::numeric) AND (ss_wholesale_cost <= '100'::numeric))
                                       Rows Removed by Filter: 241836126
                                       Buffers: shared hit=42260 read=5123292
                                 ->  Hash  (cost=2569.73..2569.73 rows=30 width=4) (actual time=19.534..19.535 rows=31 loops=1)
                                       Buckets: 1024  Batches: 1  Memory Usage: 10kB
                                       Buffers: shared hit=1474
                                       ->  Seq Scan on date_dim  (cost=0.00..2569.73 rows=30 width=4) (actual time=10.625..19.520 rows=31 loops=1)
                                             Filter: ((d_year = 2000) AND (d_moy = 1))
                                             Rows Removed by Filter: 73018
                                             Buffers: shared hit=1474
                           ->  Hash  (cost=16906.00..16906.00 rows=21848 width=12) (actual time=112.809..112.810 rows=21811 loops=1)
                                 Buckets: 32768  Batches: 1  Memory Usage: 1193kB
                                 Buffers: shared hit=14111 read=245
                                 ->  Seq Scan on item  (cost=0.00..16906.00 rows=21848 width=12) (actual time=0.027..108.365 rows=21811 loops=1)
                                       Filter: (i_category = 'Sports'::bpchar)
                                       Rows Removed by Filter: 182189
                                       Buffers: shared hit=14111 read=245
                     ->  Index Scan using customer_pkey on customer  (cost=0.43..7.65 rows=1 width=8) (actual time=0.017..0.017 rows=0 loops=81630)
                           Index Cond: (c_customer_sk = store_sales.ss_customer_sk)
                           Filter: (c_birth_month = 6)
                           Rows Removed by Filter: 1
                           Buffers: shared hit=322546 read=90
               ->  Index Scan using customer_address_pkey on customer_address  (cost=0.42..7.66 rows=1 width=15) (actual time=0.022..0.022 rows=0 loops=2612)
                     Index Cond: (ca_address_sk = customer.c_current_addr_sk)
                     Filter: (ca_state = 'WA'::bpchar)
                     Rows Removed by Filter: 1
                     Buffers: shared hit=9180 read=1268
         ->  Index Scan using store_pkey on store  (cost=0.15..5.72 rows=1 width=15) (actual time=0.006..0.006 rows=1 loops=35)
               Index Cond: (s_store_sk = store_sales.ss_store_sk)
               Buffers: shared hit=70
 Planning:
   Buffers: shared hit=460
 Planning Time: 4.660 ms
 Execution Time: 72836.094 ms
(51 rows)

