                                                                            QUERY PLAN                                                                            
------------------------------------------------------------------------------------------------------------------------------------------------------------------
 Aggregate  (cost=9728389.13..9728389.14 rows=1 width=40) (actual time=85681.504..85681.510 rows=1 loops=1)
   Buffers: shared hit=1446105 read=5129113
   ->  Nested Loop  (cost=2571.53..9728389.13 rows=1 width=14) (actual time=47623.910..85681.498 rows=2 loops=1)
         Join Filter: ("substring"((customer_address.ca_zip)::text, 1, 5) <> "substring"((store.s_zip)::text, 1, 5))
         Buffers: shared hit=1446105 read=5129113
         ->  Nested Loop  (cost=2571.38..9728383.38 rows=1 width=29) (actual time=47623.875..85681.453 rows=2 loops=1)
               Buffers: shared hit=1446101 read=5129113
               ->  Nested Loop  (cost=2570.96..9728161.54 rows=29 width=22) (actual time=41814.899..85672.776 rows=246 loops=1)
                     Buffers: shared hit=1445190 read=5129040
                     ->  Nested Loop  (cost=2570.54..9716036.21 rows=1588 width=18) (actual time=41642.165..84893.620 rows=31542 loops=1)
                           Buffers: shared hit=1319960 read=5128102
                           ->  Hash Join  (cost=2570.11..9591863.48 rows=16231 width=18) (actual time=41642.125..77187.067 rows=324187 loops=1)
                                 Hash Cond: (store_sales.ss_sold_date_sk = date_dim.d_date_sk)
                                 Buffers: shared hit=38979 read=5128047
                                 ->  Seq Scan on store_sales  (cost=0.00..9485539.52 rows=39523085 width=22) (actual time=0.097..74471.035 rows=40114371 loops=1)
                                       Filter: ((ss_wholesale_cost >= '24'::numeric) AND (ss_wholesale_cost <= '44'::numeric))
                                       Rows Removed by Filter: 247882653
                                       Buffers: shared hit=37555 read=5127997
                                 ->  Hash  (cost=2569.73..2569.73 rows=30 width=4) (actual time=11.057..11.058 rows=31 loops=1)
                                       Buckets: 1024  Batches: 1  Memory Usage: 10kB
                                       Buffers: shared hit=1424 read=50
                                       ->  Seq Scan on date_dim  (cost=0.00..2569.73 rows=30 width=4) (actual time=5.771..11.048 rows=31 loops=1)
                                             Filter: ((d_year = 2001) AND (d_moy = 1))
                                             Rows Removed by Filter: 73018
                                             Buffers: shared hit=1424 read=50
                           ->  Index Scan using customer_pkey on customer  (cost=0.43..7.65 rows=1 width=8) (actual time=0.023..0.023 rows=0 loops=324187)
                                 Index Cond: (c_customer_sk = store_sales.ss_customer_sk)
                                 Filter: (c_birth_month = 2)
                                 Rows Removed by Filter: 1
                                 Buffers: shared hit=1280981 read=55
                     ->  Index Scan using item_pkey on item  (cost=0.42..7.64 rows=1 width=12) (actual time=0.024..0.024 rows=0 loops=31542)
                           Index Cond: (i_item_sk = store_sales.ss_item_sk)
                           Filter: (i_category = 'Music'::bpchar)
                           Rows Removed by Filter: 1
                           Buffers: shared hit=125230 read=938
               ->  Index Scan using customer_address_pkey on customer_address  (cost=0.42..7.65 rows=1 width=15) (actual time=0.034..0.034 rows=0 loops=246)
                     Index Cond: (ca_address_sk = customer.c_current_addr_sk)
                     Filter: (ca_state = 'MI'::bpchar)
                     Rows Removed by Filter: 1
                     Buffers: shared hit=911 read=73
         ->  Index Scan using store_pkey on store  (cost=0.15..5.72 rows=1 width=15) (actual time=0.017..0.017 rows=1 loops=2)
               Index Cond: (s_store_sk = store_sales.ss_store_sk)
               Buffers: shared hit=4
 Planning:
   Buffers: shared hit=460
 Planning Time: 1.861 ms
 Execution Time: 85681.738 ms
(47 rows)

