                                                                            QUERY PLAN                                                                            
------------------------------------------------------------------------------------------------------------------------------------------------------------------
 Aggregate  (cost=9695385.79..9695385.80 rows=1 width=40) (actual time=84367.754..84367.759 rows=1 loops=1)
   Buffers: shared hit=1289441 read=5127413
   ->  Nested Loop  (cost=2571.54..9695385.78 rows=1 width=14) (actual time=58265.169..84367.745 rows=2 loops=1)
         Join Filter: ("substring"((customer_address.ca_zip)::text, 1, 5) <> "substring"((store.s_zip)::text, 1, 5))
         Buffers: shared hit=1289441 read=5127413
         ->  Nested Loop  (cost=2571.39..9695380.04 rows=1 width=29) (actual time=58265.128..84367.691 rows=2 loops=1)
               Buffers: shared hit=1289437 read=5127413
               ->  Nested Loop  (cost=2570.97..9695349.37 rows=4 width=22) (actual time=54137.740..84366.723 rows=46 loops=1)
                     Buffers: shared hit=1289269 read=5127397
                     ->  Nested Loop  (cost=2570.55..9693799.34 rows=203 width=18) (actual time=54066.173..84262.539 rows=4355 loops=1)
                           Buffers: shared hit=1271905 read=5127341
                           ->  Hash Join  (cost=2570.12..9580069.27 rows=14866 width=18) (actual time=54065.673..76920.162 rows=311815 loops=1)
                                 Hash Cond: (store_sales.ss_sold_date_sk = date_dim.d_date_sk)
                                 Buffers: shared hit=39705 read=5127321
                                 ->  Seq Scan on store_sales  (cost=0.00..9485539.52 rows=35030299 width=22) (actual time=0.138..74504.649 rows=34914290 loops=1)
                                       Filter: ((ss_wholesale_cost >= '38'::numeric) AND (ss_wholesale_cost <= '58'::numeric))
                                       Rows Removed by Filter: 253082734
                                       Buffers: shared hit=38361 read=5127191
                                 ->  Hash  (cost=2569.73..2569.73 rows=31 width=4) (actual time=24.473..24.474 rows=31 loops=1)
                                       Buckets: 1024  Batches: 1  Memory Usage: 10kB
                                       Buffers: shared hit=1344 read=130
                                       ->  Seq Scan on date_dim  (cost=0.00..2569.73 rows=31 width=4) (actual time=14.900..24.460 rows=31 loops=1)
                                             Filter: ((d_year = 2001) AND (d_moy = 10))
                                             Rows Removed by Filter: 73018
                                             Buffers: shared hit=1344 read=130
                           ->  Index Scan using customer_pkey on customer  (cost=0.43..7.65 rows=1 width=8) (actual time=0.023..0.023 rows=0 loops=311815)
                                 Index Cond: (c_customer_sk = store_sales.ss_customer_sk)
                                 Filter: (c_birth_month = 5)
                                 Rows Removed by Filter: 1
                                 Buffers: shared hit=1232200 read=20
                     ->  Index Scan using item_pkey on item  (cost=0.42..7.64 rows=1 width=12) (actual time=0.023..0.023 rows=0 loops=4355)
                           Index Cond: (i_item_sk = store_sales.ss_item_sk)
                           Filter: (i_category = 'Music'::bpchar)
                           Rows Removed by Filter: 1
                           Buffers: shared hit=17364 read=56
               ->  Index Scan using customer_address_pkey on customer_address  (cost=0.42..7.67 rows=1 width=15) (actual time=0.019..0.019 rows=0 loops=46)
                     Index Cond: (ca_address_sk = customer.c_current_addr_sk)
                     Filter: (ca_state = 'TX'::bpchar)
                     Rows Removed by Filter: 1
                     Buffers: shared hit=168 read=16
         ->  Index Scan using store_pkey on store  (cost=0.15..5.72 rows=1 width=15) (actual time=0.018..0.018 rows=1 loops=2)
               Index Cond: (s_store_sk = store_sales.ss_store_sk)
               Buffers: shared hit=4
 Planning:
   Buffers: shared hit=460
 Planning Time: 5.285 ms
 Execution Time: 84368.197 ms
(47 rows)

