                                                                            QUERY PLAN                                                                            
------------------------------------------------------------------------------------------------------------------------------------------------------------------
 Aggregate  (cost=9757412.70..9757412.71 rows=1 width=40) (actual time=82680.525..82680.531 rows=1 loops=1)
   Buffers: shared hit=472687 read=5132989
   ->  Nested Loop  (cost=19614.56..9757412.67 rows=4 width=14) (actual time=4738.997..82680.366 rows=96 loops=1)
         Join Filter: ("substring"((customer_address.ca_zip)::text, 1, 5) <> "substring"((store.s_zip)::text, 1, 5))
         Rows Removed by Join Filter: 1
         Buffers: shared hit=472687 read=5132989
         ->  Nested Loop  (cost=19614.41..9757389.70 rows=4 width=29) (actual time=4738.972..82678.871 rows=97 loops=1)
               Buffers: shared hit=472498 read=5132984
               ->  Nested Loop  (cost=19613.99..9756509.75 rows=115 width=22) (actual time=4689.244..82553.425 rows=5726 loops=1)
                     Buffers: shared hit=452534 read=5130044
                     ->  Hash Join  (cost=19613.56..9741285.60 rows=1990 width=22) (actual time=4687.077..81023.493 rows=101472 loops=1)
                           Hash Cond: (store_sales.ss_item_sk = item.i_item_sk)
                           Buffers: shared hit=51339 read=5130043
                           ->  Hash Join  (cost=2570.11..9724145.22 rows=36926 width=18) (actual time=4538.609..80733.017 rows=1480314 loops=1)
                                 Hash Cond: (store_sales.ss_sold_date_sk = date_dim.d_date_sk)
                                 Buffers: shared hit=40240 read=5126786
                                 ->  Seq Scan on store_sales  (cost=0.00..9485539.52 rows=89913339 width=22) (actual time=0.167..75132.698 rows=89530603 loops=1)
                                       Filter: ((ss_wholesale_cost >= '54'::numeric) AND (ss_wholesale_cost <= '74'::numeric))
                                       Rows Removed by Filter: 198466421
                                       Buffers: shared hit=38893 read=5126659
                                 ->  Hash  (cost=2569.73..2569.73 rows=30 width=4) (actual time=22.096..22.097 rows=31 loops=1)
                                       Buckets: 1024  Batches: 1  Memory Usage: 10kB
                                       Buffers: shared hit=1347 read=127
                                       ->  Seq Scan on date_dim  (cost=0.00..2569.73 rows=30 width=4) (actual time=11.471..22.080 rows=31 loops=1)
                                             Filter: ((d_year = 1998) AND (d_moy = 5))
                                             Rows Removed by Filter: 73018
                                             Buffers: shared hit=1347 read=127
                           ->  Hash  (cost=16906.00..16906.00 rows=10996 width=12) (actual time=101.491..101.491 rows=11037 loops=1)
                                 Buckets: 16384  Batches: 1  Memory Usage: 603kB
                                 Buffers: shared hit=11099 read=3257
                                 ->  Seq Scan on item  (cost=0.00..16906.00 rows=10996 width=12) (actual time=0.046..99.588 rows=11037 loops=1)
                                       Filter: (i_category = 'Women'::bpchar)
                                       Rows Removed by Filter: 192963
                                       Buffers: shared hit=11099 read=3257
                     ->  Index Scan using customer_pkey on customer  (cost=0.43..7.65 rows=1 width=8) (actual time=0.015..0.015 rows=0 loops=101472)
                           Index Cond: (c_customer_sk = store_sales.ss_customer_sk)
                           Filter: (c_birth_month = 3)
                           Rows Removed by Filter: 1
                           Buffers: shared hit=401195 read=1
               ->  Index Scan using customer_address_pkey on customer_address  (cost=0.42..7.65 rows=1 width=15) (actual time=0.022..0.022 rows=0 loops=5726)
                     Index Cond: (ca_address_sk = customer.c_current_addr_sk)
                     Filter: (ca_state = 'KS'::bpchar)
                     Rows Removed by Filter: 1
                     Buffers: shared hit=19964 read=2940
         ->  Index Scan using store_pkey on store  (cost=0.15..5.72 rows=1 width=15) (actual time=0.011..0.011 rows=1 loops=97)
               Index Cond: (s_store_sk = store_sales.ss_store_sk)
               Buffers: shared hit=189 read=5
 Planning:
   Buffers: shared hit=460
 Planning Time: 5.528 ms
 Execution Time: 82681.044 ms
(51 rows)

