                                                                            QUERY PLAN                                                                            
------------------------------------------------------------------------------------------------------------------------------------------------------------------
 Aggregate  (cost=9749711.24..9749711.25 rows=1 width=40) (actual time=83869.977..83869.983 rows=1 loops=1)
   Buffers: shared hit=813659 read=5140453
   ->  Hash Join  (cost=19670.27..9749711.18 rows=7 width=14) (actual time=35369.950..83869.567 rows=374 loops=1)
         Hash Cond: (store_sales.ss_store_sk = store.s_store_sk)
         Join Filter: ("substring"((customer_address.ca_zip)::text, 1, 5) <> "substring"((store.s_zip)::text, 1, 5))
         Rows Removed by Join Filter: 6
         Buffers: shared hit=813659 read=5140453
         ->  Nested Loop  (cost=19643.23..9749684.12 rows=7 width=29) (actual time=35367.848..83866.529 rows=381 loops=1)
               Buffers: shared hit=813643 read=5140451
               ->  Nested Loop  (cost=19642.80..9747962.91 rows=225 width=22) (actual time=35352.581..83490.734 rows=17203 loops=1)
                     Buffers: shared hit=752629 read=5132653
                     ->  Hash Join  (cost=19642.37..9730397.76 rows=2296 width=22) (actual time=35352.329..80165.684 rows=178130 loops=1)
                           Hash Cond: (store_sales.ss_item_sk = item.i_item_sk)
                           Buffers: shared hit=48730 read=5132652
                           ->  Hash Join  (cost=2570.11..9713233.05 rows=35219 width=18) (actual time=35246.250..79797.602 rows=1578193 loops=1)
                                 Hash Cond: (store_sales.ss_sold_date_sk = date_dim.d_date_sk)
                                 Buffers: shared hit=34619 read=5132407
                                 ->  Seq Scan on store_sales  (cost=0.00..9485539.52 rows=85756551 width=22) (actual time=0.562..74434.798 rows=85367142 loops=1)
                                       Filter: ((ss_wholesale_cost >= '62'::numeric) AND (ss_wholesale_cost <= '82'::numeric))
                                       Rows Removed by Filter: 202629882
                                       Buffers: shared hit=33272 read=5132280
                                 ->  Hash  (cost=2569.73..2569.73 rows=30 width=4) (actual time=18.969..18.970 rows=30 loops=1)
                                       Buckets: 1024  Batches: 1  Memory Usage: 10kB
                                       Buffers: shared hit=1347 read=127
                                       ->  Seq Scan on date_dim  (cost=0.00..2569.73 rows=30 width=4) (actual time=11.357..18.960 rows=30 loops=1)
                                             Filter: ((d_year = 2000) AND (d_moy = 9))
                                             Rows Removed by Filter: 73019
                                             Buffers: shared hit=1347 read=127
                           ->  Hash  (cost=16906.00..16906.00 rows=13301 width=12) (actual time=105.987..105.987 rows=13933 loops=1)
                                 Buckets: 16384  Batches: 1  Memory Usage: 727kB
                                 Buffers: shared hit=14111 read=245
                                 ->  Seq Scan on item  (cost=0.00..16906.00 rows=13301 width=12) (actual time=0.011..103.465 rows=13933 loops=1)
                                       Filter: (i_category = 'Men'::bpchar)
                                       Rows Removed by Filter: 190067
                                       Buffers: shared hit=14111 read=245
                     ->  Index Scan using customer_pkey on customer  (cost=0.43..7.65 rows=1 width=8) (actual time=0.018..0.018 rows=0 loops=178130)
                           Index Cond: (c_customer_sk = store_sales.ss_customer_sk)
                           Filter: (c_birth_month = 2)
                           Rows Removed by Filter: 1
                           Buffers: shared hit=703899 read=1
               ->  Index Scan using customer_address_pkey on customer_address  (cost=0.42..7.65 rows=1 width=15) (actual time=0.022..0.022 rows=0 loops=17203)
                     Index Cond: (ca_address_sk = customer.c_current_addr_sk)
                     Filter: (ca_state = 'NE'::bpchar)
                     Rows Removed by Filter: 1
                     Buffers: shared hit=61014 read=7798
         ->  Hash  (cost=22.02..22.02 rows=402 width=15) (actual time=2.070..2.071 rows=402 loops=1)
               Buckets: 1024  Batches: 1  Memory Usage: 27kB
               Buffers: shared hit=16 read=2
               ->  Seq Scan on store  (cost=0.00..22.02 rows=402 width=15) (actual time=0.028..1.910 rows=402 loops=1)
                     Buffers: shared hit=16 read=2
 Planning:
   Buffers: shared hit=460
 Planning Time: 4.651 ms
 Execution Time: 83870.494 ms
(54 rows)

