                                                                             QUERY PLAN                                                                             
--------------------------------------------------------------------------------------------------------------------------------------------------------------------
 Aggregate  (cost=9625394.60..9625394.61 rows=1 width=40) (actual time=84453.561..84453.566 rows=1 loops=1)
   Buffers: shared hit=1502111 read=5126609
   ->  Nested Loop  (cost=2571.53..9625394.59 rows=1 width=14) (actual time=43911.764..84453.507 rows=17 loops=1)
         Join Filter: ("substring"((customer_address.ca_zip)::text, 1, 5) <> "substring"((store.s_zip)::text, 1, 5))
         Buffers: shared hit=1502111 read=5126609
         ->  Nested Loop  (cost=2571.38..9625388.85 rows=1 width=29) (actual time=43911.741..84453.246 rows=17 loops=1)
               Buffers: shared hit=1502077 read=5126609
               ->  Nested Loop  (cost=2570.96..9625373.58 rows=2 width=25) (actual time=43911.688..84450.015 rows=113 loops=1)
                     Buffers: shared hit=1501629 read=5126605
                     ->  Nested Loop  (cost=2570.54..9624361.58 rows=132 width=18) (actual time=43900.313..84311.060 rows=5059 loops=1)
                           Buffers: shared hit=1483227 read=5124771
                           ->  Hash Join  (cost=2570.11..9550130.09 rows=9703 width=18) (actual time=43899.995..76071.226 rows=364630 loops=1)
                                 Hash Cond: (store_sales.ss_sold_date_sk = date_dim.d_date_sk)
                                 Buffers: shared hit=42256 read=5124770
                                 ->  Seq Scan on store_sales  (cost=0.00..9485539.52 rows=23625531 width=22) (actual time=0.041..74345.647 rows=23806627 loops=1)
                                       Filter: ((ss_wholesale_cost >= '22'::numeric) AND (ss_wholesale_cost <= '42'::numeric))
                                       Rows Removed by Filter: 264190397
                                       Buffers: shared hit=40782 read=5124770
                                 ->  Hash  (cost=2569.73..2569.73 rows=30 width=4) (actual time=19.648..19.649 rows=30 loops=1)
                                       Buckets: 1024  Batches: 1  Memory Usage: 10kB
                                       Buffers: shared hit=1474
                                       ->  Seq Scan on date_dim  (cost=0.00..2569.73 rows=30 width=4) (actual time=8.774..19.638 rows=30 loops=1)
                                             Filter: ((d_year = 2001) AND (d_moy = 4))
                                             Rows Removed by Filter: 73019
                                             Buffers: shared hit=1474
                           ->  Index Scan using customer_pkey on customer  (cost=0.43..7.65 rows=1 width=8) (actual time=0.022..0.022 rows=0 loops=364630)
                                 Index Cond: (c_customer_sk = store_sales.ss_customer_sk)
                                 Filter: (c_birth_month = 5)
                                 Rows Removed by Filter: 1
                                 Buffers: shared hit=1440971 read=1
                     ->  Index Scan using customer_address_pkey on customer_address  (cost=0.42..7.67 rows=1 width=15) (actual time=0.027..0.027 rows=0 loops=5059)
                           Index Cond: (ca_address_sk = customer.c_current_addr_sk)
                           Filter: (ca_state = 'LA'::bpchar)
                           Rows Removed by Filter: 1
                           Buffers: shared hit=18402 read=1834
               ->  Index Scan using item_pkey on item  (cost=0.42..7.64 rows=1 width=12) (actual time=0.027..0.027 rows=0 loops=113)
                     Index Cond: (i_item_sk = store_sales.ss_item_sk)
                     Filter: (i_category = 'Shoes'::bpchar)
                     Rows Removed by Filter: 1
                     Buffers: shared hit=448 read=4
         ->  Index Scan using store_pkey on store  (cost=0.15..5.72 rows=1 width=15) (actual time=0.009..0.009 rows=1 loops=17)
               Index Cond: (s_store_sk = store_sales.ss_store_sk)
               Buffers: shared hit=34
 Planning:
   Buffers: shared hit=460
 Planning Time: 2.693 ms
 Execution Time: 84453.879 ms
(47 rows)

