                                                                            QUERY PLAN                                                                            
------------------------------------------------------------------------------------------------------------------------------------------------------------------
 Aggregate  (cost=9651326.62..9651326.63 rows=1 width=40) (actual time=80182.331..80182.337 rows=1 loops=1)
   Buffers: shared hit=483057 read=5132635
   ->  Hash Join  (cost=19922.98..9651326.56 rows=8 width=14) (actual time=20170.917..80182.097 rows=169 loops=1)
         Hash Cond: (store_sales.ss_store_sk = store.s_store_sk)
         Join Filter: ("substring"((customer_address.ca_zip)::text, 1, 5) <> "substring"((store.s_zip)::text, 1, 5))
         Rows Removed by Join Filter: 3
         Buffers: shared hit=483057 read=5132635
         ->  Nested Loop  (cost=19895.94..9651299.49 rows=8 width=29) (actual time=20169.677..80180.387 rows=175 loops=1)
               Buffers: shared hit=483039 read=5132635
               ->  Nested Loop  (cost=19895.51..9649272.17 rows=265 width=22) (actual time=20060.876..80033.164 rows=8328 loops=1)
                     Buffers: shared hit=453866 read=5128496
                     ->  Hash Join  (cost=19895.08..9624989.99 rows=3174 width=22) (actual time=20060.550..78220.054 rows=101497 loops=1)
                           Hash Cond: (store_sales.ss_item_sk = item.i_item_sk)
                           Buffers: shared hit=52886 read=5128496
                           ->  Hash Join  (cost=2570.12..9607614.32 rows=19319 width=18) (actual time=19953.762..77981.420 rows=706810 loops=1)
                                 Hash Cond: (store_sales.ss_sold_date_sk = date_dim.d_date_sk)
                                 Buffers: shared hit=38744 read=5128282
                                 ->  Seq Scan on store_sales  (cost=0.00..9485539.52 rows=45523068 width=22) (actual time=0.057..74983.173 rows=45442997 loops=1)
                                       Filter: ((ss_wholesale_cost >= '34'::numeric) AND (ss_wholesale_cost <= '54'::numeric))
                                       Rows Removed by Filter: 242554027
                                       Buffers: shared hit=37270 read=5128282
                                 ->  Hash  (cost=2569.73..2569.73 rows=31 width=4) (actual time=19.946..19.947 rows=31 loops=1)
                                       Buckets: 1024  Batches: 1  Memory Usage: 10kB
                                       Buffers: shared hit=1474
                                       ->  Seq Scan on date_dim  (cost=0.00..2569.73 rows=31 width=4) (actual time=9.459..19.935 rows=31 loops=1)
                                             Filter: ((d_year = 1999) AND (d_moy = 7))
                                             Rows Removed by Filter: 73018
                                             Buffers: shared hit=1474
                           ->  Hash  (cost=16906.00..16906.00 rows=33517 width=12) (actual time=106.492..106.493 rows=33627 loops=1)
                                 Buckets: 65536  Batches: 1  Memory Usage: 1957kB
                                 Buffers: shared hit=14142 read=214
                                 ->  Seq Scan on item  (cost=0.00..16906.00 rows=33517 width=12) (actual time=0.023..101.320 rows=33627 loops=1)
                                       Filter: (i_category = 'Shoes'::bpchar)
                                       Rows Removed by Filter: 170373
                                       Buffers: shared hit=14142 read=214
                     ->  Index Scan using customer_pkey on customer  (cost=0.43..7.65 rows=1 width=8) (actual time=0.018..0.018 rows=0 loops=101497)
                           Index Cond: (c_customer_sk = store_sales.ss_customer_sk)
                           Filter: (c_birth_month = 11)
                           Rows Removed by Filter: 1
                           Buffers: shared hit=400980
               ->  Index Scan using customer_address_pkey on customer_address  (cost=0.42..7.65 rows=1 width=15) (actual time=0.017..0.017 rows=0 loops=8328)
                     Index Cond: (ca_address_sk = customer.c_current_addr_sk)
                     Filter: (ca_state = 'OH'::bpchar)
                     Rows Removed by Filter: 1
                     Buffers: shared hit=29173 read=4139
         ->  Hash  (cost=22.02..22.02 rows=402 width=15) (actual time=1.202..1.203 rows=402 loops=1)
               Buckets: 1024  Batches: 1  Memory Usage: 27kB
               Buffers: shared hit=18
               ->  Seq Scan on store  (cost=0.00..22.02 rows=402 width=15) (actual time=0.038..0.946 rows=402 loops=1)
                     Buffers: shared hit=18
 Planning:
   Buffers: shared hit=460
 Planning Time: 4.623 ms
 Execution Time: 80182.869 ms
(54 rows)

