                                                                            QUERY PLAN                                                                            
------------------------------------------------------------------------------------------------------------------------------------------------------------------
 Aggregate  (cost=9799403.57..9799403.58 rows=1 width=40) (actual time=95439.708..95439.713 rows=1 loops=1)
   Buffers: shared hit=2490034 read=5157286
   ->  Nested Loop  (cost=20007.27..9799403.55 rows=3 width=14) (actual time=33500.161..95438.521 rows=1363 loops=1)
         Join Filter: ("substring"((customer_address.ca_zip)::text, 1, 5) <> "substring"((store.s_zip)::text, 1, 5))
         Rows Removed by Join Filter: 20
         Buffers: shared hit=2490034 read=5157286
         ->  Nested Loop  (cost=20007.12..9799386.32 rows=3 width=29) (actual time=33500.135..95417.694 rows=1394 loops=1)
               Buffers: shared hit=2487268 read=5157286
               ->  Nested Loop  (cost=20006.70..9793557.16 rows=762 width=22) (actual time=33493.983..94167.172 rows=54876 loops=1)
                     Buffers: shared hit=2283178 read=5141872
                     ->  Hash Join  (cost=20006.27..9734672.60 rows=7697 width=22) (actual time=33493.669..81981.151 rows=567726 loops=1)
                           Hash Cond: (store_sales.ss_item_sk = item.i_item_sk)
                           Buffers: shared hit=39532 read=5141850
                           ->  Hash Join  (cost=2570.12..9717139.26 rows=37024 width=18) (actual time=33376.792..81255.301 rows=2396388 loops=1)
                                 Hash Cond: (store_sales.ss_sold_date_sk = date_dim.d_date_sk)
                                 Buffers: shared hit=25380 read=5141646
                                 ->  Seq Scan on store_sales  (cost=0.00..9485539.52 rows=87244546 width=22) (actual time=0.051..75458.339 rows=86810744 loops=1)
                                       Filter: ((ss_wholesale_cost >= '67'::numeric) AND (ss_wholesale_cost <= '87'::numeric))
                                       Rows Removed by Filter: 201186280
                                       Buffers: shared hit=23906 read=5141646
                                 ->  Hash  (cost=2569.73..2569.73 rows=31 width=4) (actual time=24.283..24.284 rows=31 loops=1)
                                       Buckets: 1024  Batches: 1  Memory Usage: 10kB
                                       Buffers: shared hit=1474
                                       ->  Seq Scan on date_dim  (cost=0.00..2569.73 rows=31 width=4) (actual time=14.529..24.271 rows=31 loops=1)
                                             Filter: ((d_year = 2000) AND (d_moy = 8))
                                             Rows Removed by Filter: 73018
                                             Buffers: shared hit=1474
                           ->  Hash  (cost=16906.00..16906.00 rows=42412 width=12) (actual time=116.637..116.638 rows=42041 loops=1)
                                 Buckets: 65536  Batches: 1  Memory Usage: 2319kB
                                 Buffers: shared hit=14152 read=204
                                 ->  Seq Scan on item  (cost=0.00..16906.00 rows=42412 width=12) (actual time=0.014..109.697 rows=42041 loops=1)
                                       Filter: (i_category = 'Electronics'::bpchar)
                                       Rows Removed by Filter: 161959
                                       Buffers: shared hit=14152 read=204
                     ->  Index Scan using customer_pkey on customer  (cost=0.43..7.65 rows=1 width=8) (actual time=0.021..0.021 rows=0 loops=567726)
                           Index Cond: (c_customer_sk = store_sales.ss_customer_sk)
                           Filter: (c_birth_month = 1)
                           Rows Removed by Filter: 1
                           Buffers: shared hit=2243646 read=22
               ->  Index Scan using customer_address_pkey on customer_address  (cost=0.42..7.65 rows=1 width=15) (actual time=0.022..0.022 rows=0 loops=54876)
                     Index Cond: (ca_address_sk = customer.c_current_addr_sk)
                     Filter: (ca_state = 'AZ'::bpchar)
                     Rows Removed by Filter: 1
                     Buffers: shared hit=204090 read=15414
         ->  Index Scan using store_pkey on store  (cost=0.15..5.72 rows=1 width=15) (actual time=0.012..0.012 rows=1 loops=1394)
               Index Cond: (s_store_sk = store_sales.ss_store_sk)
               Buffers: shared hit=2766
 Planning:
   Buffers: shared hit=460
 Planning Time: 5.197 ms
 Execution Time: 95440.128 ms
(51 rows)

