                                                                            QUERY PLAN                                                                            
------------------------------------------------------------------------------------------------------------------------------------------------------------------
 Aggregate  (cost=9739585.58..9739585.59 rows=1 width=40) (actual time=81122.517..81122.523 rows=1 loops=1)
   Buffers: shared hit=135525 read=5127911
   ->  Nested Loop  (cost=17019.50..9739585.57 rows=2 width=14) (actual time=64619.891..81122.486 rows=13 loops=1)
         Join Filter: ("substring"((customer_address.ca_zip)::text, 1, 5) <> "substring"((store.s_zip)::text, 1, 5))
         Rows Removed by Join Filter: 1
         Buffers: shared hit=135525 read=5127911
         ->  Nested Loop  (cost=17019.36..9739574.08 rows=2 width=29) (actual time=64619.872..81122.316 rows=14 loops=1)
               Buffers: shared hit=135497 read=5127911
               ->  Nested Loop  (cost=17018.93..9739099.68 rows=62 width=22) (actual time=64510.071..81110.303 rows=1061 loops=1)
                     Buffers: shared hit=131565 read=5127599
                     ->  Nested Loop  (cost=17018.50..9730929.12 rows=1068 width=22) (actual time=64509.629..80924.172 rows=18467 loops=1)
                           Buffers: shared hit=58513 read=5127599
                           ->  Hash Join  (cost=17018.20..9652651.60 rows=2515807 width=26) (actual time=155.505..80515.147 rows=1238325 loops=1)
                                 Hash Cond: (store_sales.ss_item_sk = item.i_item_sk)
                                 Buffers: shared hit=52495 read=5127413
                                 ->  Seq Scan on store_sales  (cost=0.00..9485539.52 rows=57177434 width=22) (actual time=0.037..74663.739 rows=56890659 loops=1)
                                       Filter: ((ss_wholesale_cost >= '39'::numeric) AND (ss_wholesale_cost <= '59'::numeric))
                                       Rows Removed by Filter: 231106365
                                       Buffers: shared hit=38343 read=5127209
                                 ->  Hash  (cost=16906.00..16906.00 rows=8976 width=12) (actual time=155.322..155.323 rows=8826 loops=1)
                                       Buckets: 16384  Batches: 1  Memory Usage: 508kB
                                       Buffers: shared hit=14152 read=204
                                       ->  Seq Scan on item  (cost=0.00..16906.00 rows=8976 width=12) (actual time=0.010..152.483 rows=8826 loops=1)
                                             Filter: (i_category = 'Jewelry'::bpchar)
                                             Rows Removed by Filter: 195174
                                             Buffers: shared hit=14152 read=204
                           ->  Memoize  (cost=0.30..7.51 rows=1 width=4) (actual time=0.000..0.000 rows=0 loops=1238325)
                                 Cache Key: store_sales.ss_sold_date_sk
                                 Cache Mode: logical
                                 Hits: 1236256  Misses: 2069  Evictions: 0  Overflows: 0  Memory Usage: 139kB
                                 Buffers: shared hit=6018 read=186
                                 ->  Index Scan using date_dim_pkey on date_dim  (cost=0.29..7.50 rows=1 width=4) (actual time=0.016..0.016 rows=0 loops=2069)
                                       Index Cond: (d_date_sk = store_sales.ss_sold_date_sk)
                                       Filter: ((d_year = 2002) AND (d_moy = 7))
                                       Rows Removed by Filter: 1
                                       Buffers: shared hit=6018 read=186
                     ->  Index Scan using customer_pkey on customer  (cost=0.43..7.65 rows=1 width=8) (actual time=0.010..0.010 rows=0 loops=18467)
                           Index Cond: (c_customer_sk = store_sales.ss_customer_sk)
                           Filter: (c_birth_month = 3)
                           Rows Removed by Filter: 1
                           Buffers: shared hit=73052
               ->  Index Scan using customer_address_pkey on customer_address  (cost=0.42..7.65 rows=1 width=15) (actual time=0.011..0.011 rows=0 loops=1061)
                     Index Cond: (ca_address_sk = customer.c_current_addr_sk)
                     Filter: (ca_state = 'MO'::bpchar)
                     Rows Removed by Filter: 1
                     Buffers: shared hit=3932 read=312
         ->  Index Scan using store_pkey on store  (cost=0.15..5.72 rows=1 width=15) (actual time=0.007..0.007 rows=1 loops=14)
               Index Cond: (s_store_sk = store_sales.ss_store_sk)
               Buffers: shared hit=28
 Planning:
   Buffers: shared hit=460
 Planning Time: 2.425 ms
 Execution Time: 81122.871 ms
(53 rows)

