                                                                             QUERY PLAN                                                                             
--------------------------------------------------------------------------------------------------------------------------------------------------------------------
 Aggregate  (cost=9641975.85..9641975.86 rows=1 width=40) (actual time=90768.326..90768.331 rows=1 loops=1)
   Buffers: shared hit=2386733 read=5133281
   ->  Nested Loop  (cost=2571.53..9641975.84 rows=1 width=14) (actual time=93.719..90768.189 rows=59 loops=1)
         Join Filter: ("substring"((customer_address.ca_zip)::text, 1, 5) <> "substring"((store.s_zip)::text, 1, 5))
         Rows Removed by Join Filter: 1
         Buffers: shared hit=2386733 read=5133281
         ->  Nested Loop  (cost=2571.38..9641970.10 rows=1 width=29) (actual time=93.692..90766.041 rows=61 loops=1)
               Buffers: shared hit=2386613 read=5133281
               ->  Nested Loop  (cost=2570.96..9641939.55 rows=4 width=25) (actual time=93.662..90761.359 rows=174 loops=1)
                     Buffers: shared hit=2386033 read=5133165
                     ->  Nested Loop  (cost=2570.54..9640804.89 rows=148 width=18) (actual time=40.915..90551.791 rows=8202 loops=1)
                           Buffers: shared hit=2354759 read=5131631
                           ->  Hash Join  (cost=2570.11..9557614.88 rows=10874 width=18) (actual time=27.257..76922.707 rows=586854 loops=1)
                                 Hash Cond: (store_sales.ss_sold_date_sk = date_dim.d_date_sk)
                                 Buffers: shared hit=35399 read=5131627
                                 ->  Seq Scan on store_sales  (cost=0.00..9485539.52 rows=26476724 width=22) (actual time=0.063..74935.793 rows=26847589 loops=1)
                                       Filter: ((ss_wholesale_cost >= '14'::numeric) AND (ss_wholesale_cost <= '34'::numeric))
                                       Rows Removed by Filter: 261149435
                                       Buffers: shared hit=35355 read=5130197
                                 ->  Hash  (cost=2569.73..2569.73 rows=30 width=4) (actual time=27.165..27.166 rows=31 loops=1)
                                       Buckets: 1024  Batches: 1  Memory Usage: 10kB
                                       Buffers: shared hit=44 read=1430
                                       ->  Seq Scan on date_dim  (cost=0.00..2569.73 rows=30 width=4) (actual time=17.518..27.154 rows=31 loops=1)
                                             Filter: ((d_year = 1998) AND (d_moy = 1))
                                             Rows Removed by Filter: 73018
                                             Buffers: shared hit=44 read=1430
                           ->  Index Scan using customer_pkey on customer  (cost=0.43..7.65 rows=1 width=8) (actual time=0.023..0.023 rows=0 loops=586854)
                                 Index Cond: (c_customer_sk = store_sales.ss_customer_sk)
                                 Filter: (c_birth_month = 5)
                                 Rows Removed by Filter: 1
                                 Buffers: shared hit=2319360 read=4
                     ->  Index Scan using customer_address_pkey on customer_address  (cost=0.42..7.67 rows=1 width=15) (actual time=0.025..0.025 rows=0 loops=8202)
                           Index Cond: (ca_address_sk = customer.c_current_addr_sk)
                           Filter: (ca_state = 'MS'::bpchar)
                           Rows Removed by Filter: 1
                           Buffers: shared hit=31274 read=1534
               ->  Index Scan using item_pkey on item  (cost=0.42..7.64 rows=1 width=12) (actual time=0.025..0.025 rows=0 loops=174)
                     Index Cond: (i_item_sk = store_sales.ss_item_sk)
                     Filter: (i_category = 'Electronics'::bpchar)
                     Rows Removed by Filter: 1
                     Buffers: shared hit=580 read=116
         ->  Index Scan using store_pkey on store  (cost=0.15..5.72 rows=1 width=15) (actual time=0.029..0.029 rows=1 loops=61)
               Index Cond: (s_store_sk = store_sales.ss_store_sk)
               Buffers: shared hit=120
 Planning:
   Buffers: shared hit=460
 Planning Time: 4.578 ms
 Execution Time: 90768.820 ms
(48 rows)

