                                                                            QUERY PLAN                                                                            
------------------------------------------------------------------------------------------------------------------------------------------------------------------
 Aggregate  (cost=9647249.37..9647249.38 rows=1 width=40) (actual time=72799.793..72799.799 rows=1 loops=1)
   Buffers: shared hit=411719 read=5132693
   ->  Hash Join  (cost=19838.83..9647249.22 rows=20 width=14) (actual time=47965.721..72799.586 rows=113 loops=1)
         Hash Cond: (store_sales.ss_store_sk = store.s_store_sk)
         Join Filter: ("substring"((customer_address.ca_zip)::text, 1, 5) <> "substring"((store.s_zip)::text, 1, 5))
         Rows Removed by Join Filter: 3
         Buffers: shared hit=411719 read=5132693
         ->  Nested Loop  (cost=19811.79..9647222.12 rows=20 width=29) (actual time=47964.902..72798.396 rows=116 loops=1)
               Buffers: shared hit=411701 read=5132693
               ->  Nested Loop  (cost=19811.36..9645309.66 rows=250 width=22) (actual time=47934.523..72643.419 rows=8258 loops=1)
                     Buffers: shared hit=381579 read=5129783
                     ->  Hash Join  (cost=19810.93..9625763.04 rows=2555 width=22) (actual time=47934.309..71247.584 rows=83404 loops=1)
                           Hash Cond: (store_sales.ss_item_sk = item.i_item_sk)
                           Buffers: shared hit=51602 read=5129780
                           ->  Hash Join  (cost=2570.12..9608471.16 rows=19457 width=18) (actual time=47837.348..71007.057 rows=772335 loops=1)
                                 Hash Cond: (store_sales.ss_sold_date_sk = date_dim.d_date_sk)
                                 Buffers: shared hit=38254 read=5128772
                                 ->  Seq Scan on store_sales  (cost=0.00..9485539.52 rows=45849467 width=22) (actual time=0.048..67996.776 rows=46160898 loops=1)
                                       Filter: ((ss_wholesale_cost >= '80'::numeric) AND (ss_wholesale_cost <= '100'::numeric))
                                       Rows Removed by Filter: 241836126
                                       Buffers: shared hit=36780 read=5128772
                                 ->  Hash  (cost=2569.73..2569.73 rows=31 width=4) (actual time=18.477..18.478 rows=31 loops=1)
                                       Buckets: 1024  Batches: 1  Memory Usage: 10kB
                                       Buffers: shared hit=1474
                                       ->  Seq Scan on date_dim  (cost=0.00..2569.73 rows=31 width=4) (actual time=11.287..18.465 rows=31 loops=1)
                                             Filter: ((d_year = 2001) AND (d_moy = 8))
                                             Rows Removed by Filter: 73018
                                             Buffers: shared hit=1474
                           ->  Hash  (cost=16906.00..16906.00 rows=26785 width=12) (actual time=96.825..96.826 rows=26695 loops=1)
                                 Buckets: 32768  Batches: 1  Memory Usage: 1403kB
                                 Buffers: shared hit=13348 read=1008
                                 ->  Seq Scan on item  (cost=0.00..16906.00 rows=26785 width=12) (actual time=0.010..92.846 rows=26695 loops=1)
                                       Filter: (i_category = 'Children'::bpchar)
                                       Rows Removed by Filter: 177305
                                       Buffers: shared hit=13348 read=1008
                     ->  Index Scan using customer_pkey on customer  (cost=0.43..7.65 rows=1 width=8) (actual time=0.016..0.016 rows=0 loops=83404)
                           Index Cond: (c_customer_sk = store_sales.ss_customer_sk)
                           Filter: (c_birth_month = 2)
                           Rows Removed by Filter: 1
                           Buffers: shared hit=329977 read=3
               ->  Index Scan using customer_address_pkey on customer_address  (cost=0.42..7.65 rows=1 width=15) (actual time=0.018..0.018 rows=0 loops=8258)
                     Index Cond: (ca_address_sk = customer.c_current_addr_sk)
                     Filter: (ca_state = 'TX'::bpchar)
                     Rows Removed by Filter: 1
                     Buffers: shared hit=30122 read=2910
         ->  Hash  (cost=22.02..22.02 rows=402 width=15) (actual time=0.788..0.789 rows=402 loops=1)
               Buckets: 1024  Batches: 1  Memory Usage: 27kB
               Buffers: shared hit=18
               ->  Seq Scan on store  (cost=0.00..22.02 rows=402 width=15) (actual time=0.028..0.626 rows=402 loops=1)
                     Buffers: shared hit=18
 Planning:
   Buffers: shared hit=460
 Planning Time: 4.546 ms
 Execution Time: 72800.302 ms
(54 rows)

