                                                                             QUERY PLAN                                                                              
---------------------------------------------------------------------------------------------------------------------------------------------------------------------
 Aggregate  (cost=9678169.56..9678169.57 rows=1 width=40) (actual time=92643.120..92643.125 rows=1 loops=1)
   Buffers: shared hit=2500068 read=5130582
   ->  Nested Loop  (cost=2571.53..9678169.55 rows=1 width=14) (actual time=36694.543..92643.085 rows=12 loops=1)
         Join Filter: ("substring"((customer_address.ca_zip)::text, 1, 5) <> "substring"((store.s_zip)::text, 1, 5))
         Buffers: shared hit=2500068 read=5130582
         ->  Nested Loop  (cost=2571.38..9678163.81 rows=1 width=29) (actual time=36694.520..92642.875 rows=12 loops=1)
               Buffers: shared hit=2500044 read=5130582
               ->  Nested Loop  (cost=2570.96..9678148.54 rows=2 width=25) (actual time=34042.977..92630.364 rows=422 loops=1)
                     Buffers: shared hit=2498605 read=5130333
                     ->  Nested Loop  (cost=2570.54..9674130.28 rows=525 width=18) (actual time=34030.265..92026.877 rows=23286 loops=1)
                           Buffers: shared hit=2409786 read=5126008
                           ->  Hash Join  (cost=2570.11..9572786.08 rows=13247 width=18) (actual time=34029.502..77982.515 rows=599514 loops=1)
                                 Hash Cond: (store_sales.ss_sold_date_sk = date_dim.d_date_sk)
                                 Buffers: shared hit=41023 read=5126003
                                 ->  Seq Scan on store_sales  (cost=0.00..9485539.52 rows=32255907 width=22) (actual time=0.051..75631.227 rows=32336064 loops=1)
                                       Filter: ((ss_wholesale_cost >= '21'::numeric) AND (ss_wholesale_cost <= '41'::numeric))
                                       Rows Removed by Filter: 255660960
                                       Buffers: shared hit=39549 read=5126003
                                 ->  Hash  (cost=2569.73..2569.73 rows=30 width=4) (actual time=25.338..25.339 rows=30 loops=1)
                                       Buckets: 1024  Batches: 1  Memory Usage: 10kB
                                       Buffers: shared hit=1474
                                       ->  Seq Scan on date_dim  (cost=0.00..2569.73 rows=30 width=4) (actual time=15.651..25.328 rows=30 loops=1)
                                             Filter: ((d_year = 2000) AND (d_moy = 9))
                                             Rows Removed by Filter: 73019
                                             Buffers: shared hit=1474
                           ->  Index Scan using customer_pkey on customer  (cost=0.43..7.65 rows=1 width=8) (actual time=0.023..0.023 rows=0 loops=599514)
                                 Index Cond: (c_customer_sk = store_sales.ss_customer_sk)
                                 Filter: (c_birth_month = 9)
                                 Rows Removed by Filter: 1
                                 Buffers: shared hit=2368763 read=5
                     ->  Index Scan using customer_address_pkey on customer_address  (cost=0.42..7.65 rows=1 width=15) (actual time=0.025..0.025 rows=0 loops=23286)
                           Index Cond: (ca_address_sk = customer.c_current_addr_sk)
                           Filter: (ca_state = 'NH'::bpchar)
                           Rows Removed by Filter: 1
                           Buffers: shared hit=88819 read=4325
               ->  Index Scan using item_pkey on item  (cost=0.42..7.64 rows=1 width=12) (actual time=0.029..0.029 rows=0 loops=422)
                     Index Cond: (i_item_sk = store_sales.ss_item_sk)
                     Filter: (i_category = 'Jewelry'::bpchar)
                     Rows Removed by Filter: 1
                     Buffers: shared hit=1439 read=249
         ->  Index Scan using store_pkey on store  (cost=0.15..5.72 rows=1 width=15) (actual time=0.010..0.010 rows=1 loops=12)
               Index Cond: (s_store_sk = store_sales.ss_store_sk)
               Buffers: shared hit=24
 Planning:
   Buffers: shared hit=460
 Planning Time: 4.711 ms
 Execution Time: 92643.478 ms
(47 rows)

