                                                                            QUERY PLAN                                                                            
------------------------------------------------------------------------------------------------------------------------------------------------------------------
 Aggregate  (cost=9645909.29..9645909.30 rows=1 width=40) (actual time=72418.127..72418.132 rows=1 loops=1)
   Buffers: shared hit=182557 read=5128241
   ->  Nested Loop  (cost=19688.67..9645909.27 rows=2 width=14) (actual time=16279.759..72418.068 rows=30 loops=1)
         Join Filter: ("substring"((customer_address.ca_zip)::text, 1, 5) <> "substring"((store.s_zip)::text, 1, 5))
         Rows Removed by Join Filter: 2
         Buffers: shared hit=182557 read=5128241
         ->  Nested Loop  (cost=19688.53..9645897.78 rows=2 width=29) (actual time=16279.737..72417.730 rows=33 loops=1)
               Buffers: shared hit=182493 read=5128241
               ->  Nested Loop  (cost=19688.10..9645017.93 rows=115 width=22) (actual time=16228.965..72392.727 rows=2063 loops=1)
                     Buffers: shared hit=174990 read=5127492
                     ->  Hash Join  (cost=19687.67..9632394.87 rows=1650 width=22) (actual time=16226.833..72091.645 rows=30644 loops=1)
                           Hash Cond: (store_sales.ss_item_sk = item.i_item_sk)
                           Buffers: shared hit=53891 read=5127491
                           ->  Hash Join  (cost=2570.11..9615225.10 rows=19886 width=18) (actual time=16117.996..71887.542 rows=726228 loops=1)
                                 Hash Cond: (store_sales.ss_sold_date_sk = date_dim.d_date_sk)
                                 Buffers: shared hit=39870 read=5127156
                                 ->  Seq Scan on store_sales  (cost=0.00..9485539.52 rows=48422260 width=22) (actual time=0.069..68797.379 rows=48278787 loops=1)
                                       Filter: ((ss_wholesale_cost >= '74'::numeric) AND (ss_wholesale_cost <= '94'::numeric))
                                       Rows Removed by Filter: 239718237
                                       Buffers: shared hit=38396 read=5127156
                                 ->  Hash  (cost=2569.73..2569.73 rows=30 width=4) (actual time=17.269..17.270 rows=31 loops=1)
                                       Buckets: 1024  Batches: 1  Memory Usage: 10kB
                                       Buffers: shared hit=1474
                                       ->  Seq Scan on date_dim  (cost=0.00..2569.73 rows=30 width=4) (actual time=11.462..17.260 rows=31 loops=1)
                                             Filter: ((d_year = 1999) AND (d_moy = 5))
                                             Rows Removed by Filter: 73018
                                             Buffers: shared hit=1474
                           ->  Hash  (cost=16906.00..16906.00 rows=16925 width=12) (actual time=108.649..108.650 rows=17141 loops=1)
                                 Buckets: 32768  Batches: 1  Memory Usage: 993kB
                                 Buffers: shared hit=14021 read=335
                                 ->  Seq Scan on item  (cost=0.00..16906.00 rows=16925 width=12) (actual time=0.015..105.843 rows=17141 loops=1)
                                       Filter: (i_category = 'Home'::bpchar)
                                       Rows Removed by Filter: 186859
                                       Buffers: shared hit=14021 read=335
                     ->  Index Scan using customer_pkey on customer  (cost=0.43..7.65 rows=1 width=8) (actual time=0.010..0.010 rows=0 loops=30644)
                           Index Cond: (c_customer_sk = store_sales.ss_customer_sk)
                           Filter: (c_birth_month = 12)
                           Rows Removed by Filter: 1
                           Buffers: shared hit=121099 read=1
               ->  Index Scan using customer_address_pkey on customer_address  (cost=0.42..7.65 rows=1 width=15) (actual time=0.012..0.012 rows=0 loops=2063)
                     Index Cond: (ca_address_sk = customer.c_current_addr_sk)
                     Filter: (ca_state = 'WI'::bpchar)
                     Rows Removed by Filter: 1
                     Buffers: shared hit=7503 read=749
         ->  Index Scan using store_pkey on store  (cost=0.15..5.72 rows=1 width=15) (actual time=0.006..0.006 rows=1 loops=33)
               Index Cond: (s_store_sk = store_sales.ss_store_sk)
               Buffers: shared hit=64
 Planning:
   Buffers: shared hit=460
 Planning Time: 4.026 ms
 Execution Time: 72418.649 ms
(51 rows)

