                                                                            QUERY PLAN                                                                            
------------------------------------------------------------------------------------------------------------------------------------------------------------------
 Aggregate  (cost=9743857.75..9743857.76 rows=1 width=40) (actual time=79902.732..79902.737 rows=1 loops=1)
   Buffers: shared hit=131786 read=5125988
   ->  Nested Loop  (cost=19589.31..9743857.73 rows=2 width=14) (actual time=55725.796..79902.653 rows=59 loops=1)
         Join Filter: ("substring"((customer_address.ca_zip)::text, 1, 5) <> "substring"((store.s_zip)::text, 1, 5))
         Rows Removed by Join Filter: 1
         Buffers: shared hit=131786 read=5125988
         ->  Nested Loop  (cost=19589.16..9743846.25 rows=2 width=29) (actual time=55725.780..79902.089 rows=60 loops=1)
               Buffers: shared hit=131666 read=5125988
               ->  Nested Loop  (cost=19588.74..9742201.70 rows=215 width=22) (actual time=55720.619..79874.797 rows=2318 loops=1)
                     Buffers: shared hit=123468 read=5124914
                     ->  Hash Join  (cost=19588.31..9730343.70 rows=1550 width=22) (actual time=55720.556..79695.171 rows=16955 loops=1)
                           Hash Cond: (store_sales.ss_item_sk = item.i_item_sk)
                           Buffers: shared hit=56468 read=5124914
                           ->  Hash Join  (cost=2570.11..9713233.05 rows=35219 width=18) (actual time=55622.109..79518.035 rows=763725 loops=1)
                                 Hash Cond: (store_sales.ss_sold_date_sk = date_dim.d_date_sk)
                                 Buffers: shared hit=42416 read=5124610
                                 ->  Seq Scan on store_sales  (cost=0.00..9485539.52 rows=85756551 width=22) (actual time=0.032..74303.028 rows=85367142 loops=1)
                                       Filter: ((ss_wholesale_cost >= '61'::numeric) AND (ss_wholesale_cost <= '81'::numeric))
                                       Rows Removed by Filter: 202629882
                                       Buffers: shared hit=40942 read=5124610
                                 ->  Hash  (cost=2569.73..2569.73 rows=30 width=4) (actual time=12.576..12.577 rows=30 loops=1)
                                       Buckets: 1024  Batches: 1  Memory Usage: 10kB
                                       Buffers: shared hit=1474
                                       ->  Seq Scan on date_dim  (cost=0.00..2569.73 rows=30 width=4) (actual time=6.955..12.567 rows=30 loops=1)
                                             Filter: ((d_year = 2001) AND (d_moy = 9))
                                             Rows Removed by Filter: 73019
                                             Buffers: shared hit=1474
                           ->  Hash  (cost=16906.00..16906.00 rows=8976 width=12) (actual time=98.243..98.244 rows=8826 loops=1)
                                 Buckets: 16384  Batches: 1  Memory Usage: 508kB
                                 Buffers: shared hit=14052 read=304
                                 ->  Seq Scan on item  (cost=0.00..16906.00 rows=8976 width=12) (actual time=0.014..96.675 rows=8826 loops=1)
                                       Filter: (i_category = 'Jewelry'::bpchar)
                                       Rows Removed by Filter: 195174
                                       Buffers: shared hit=14052 read=304
                     ->  Index Scan using customer_pkey on customer  (cost=0.43..7.65 rows=1 width=8) (actual time=0.010..0.010 rows=0 loops=16955)
                           Index Cond: (c_customer_sk = store_sales.ss_customer_sk)
                           Filter: (c_birth_month = 10)
                           Rows Removed by Filter: 1
                           Buffers: shared hit=67000
               ->  Index Scan using customer_address_pkey on customer_address  (cost=0.42..7.65 rows=1 width=15) (actual time=0.012..0.012 rows=0 loops=2318)
                     Index Cond: (ca_address_sk = customer.c_current_addr_sk)
                     Filter: (ca_state = 'UT'::bpchar)
                     Rows Removed by Filter: 1
                     Buffers: shared hit=8198 read=1074
         ->  Index Scan using store_pkey on store  (cost=0.15..5.72 rows=1 width=15) (actual time=0.006..0.006 rows=1 loops=60)
               Index Cond: (s_store_sk = store_sales.ss_store_sk)
               Buffers: shared hit=120
 Planning:
   Buffers: shared hit=460
 Planning Time: 1.784 ms
 Execution Time: 79902.986 ms
(51 rows)

