                                                                            QUERY PLAN                                                                            
------------------------------------------------------------------------------------------------------------------------------------------------------------------
 Aggregate  (cost=9727136.76..9727136.77 rows=1 width=40) (actual time=79025.291..79025.297 rows=1 loops=1)
   Buffers: shared hit=451172 read=5134320
   ->  Hash Join  (cost=19641.47..9727136.73 rows=5 width=14) (actual time=7183.634..79025.091 rows=145 loops=1)
         Hash Cond: (store_sales.ss_store_sk = store.s_store_sk)
         Join Filter: ("substring"((customer_address.ca_zip)::text, 1, 5) <> "substring"((store.s_zip)::text, 1, 5))
         Rows Removed by Join Filter: 4
         Buffers: shared hit=451172 read=5134320
         ->  Nested Loop  (cost=19614.42..9727109.67 rows=5 width=29) (actual time=7182.085..79023.120 rows=150 loops=1)
               Buffers: shared hit=451155 read=5134319
               ->  Nested Loop  (cost=19614.00..9725503.30 rows=210 width=22) (actual time=7158.604..78841.383 rows=10788 loops=1)
                     Buffers: shared hit=413790 read=5128532
                     ->  Hash Join  (cost=19613.57..9711740.36 rows=1799 width=22) (actual time=7158.531..77369.121 rows=91346 loops=1)
                           Hash Cond: (store_sales.ss_item_sk = item.i_item_sk)
                           Buffers: shared hit=52868 read=5128514
                           ->  Hash Join  (cost=2570.12..9694609.28 rows=33382 width=18) (actual time=7055.522..77099.398 rows=1327587 loops=1)
                                 Hash Cond: (store_sales.ss_sold_date_sk = date_dim.d_date_sk)
                                 Buffers: shared hit=38729 read=5128297
                                 ->  Seq Scan on store_sales  (cost=0.00..9485539.52 rows=78662172 width=22) (actual time=0.057..72165.397 rows=78419996 loops=1)
                                       Filter: ((ss_wholesale_cost >= '71'::numeric) AND (ss_wholesale_cost <= '91'::numeric))
                                       Rows Removed by Filter: 209577028
                                       Buffers: shared hit=37255 read=5128297
                                 ->  Hash  (cost=2569.73..2569.73 rows=31 width=4) (actual time=20.696..20.697 rows=31 loops=1)
                                       Buckets: 1024  Batches: 1  Memory Usage: 10kB
                                       Buffers: shared hit=1474
                                       ->  Seq Scan on date_dim  (cost=0.00..2569.73 rows=31 width=4) (actual time=13.094..20.682 rows=31 loops=1)
                                             Filter: ((d_year = 1998) AND (d_moy = 7))
                                             Rows Removed by Filter: 73018
                                             Buffers: shared hit=1474
                           ->  Hash  (cost=16906.00..16906.00 rows=10996 width=12) (actual time=102.895..102.895 rows=11037 loops=1)
                                 Buckets: 16384  Batches: 1  Memory Usage: 603kB
                                 Buffers: shared hit=14139 read=217
                                 ->  Seq Scan on item  (cost=0.00..16906.00 rows=10996 width=12) (actual time=0.036..101.172 rows=11037 loops=1)
                                       Filter: (i_category = 'Women'::bpchar)
                                       Rows Removed by Filter: 192963
                                       Buffers: shared hit=14139 read=217
                     ->  Index Scan using customer_pkey on customer  (cost=0.43..7.65 rows=1 width=8) (actual time=0.016..0.016 rows=0 loops=91346)
                           Index Cond: (c_customer_sk = store_sales.ss_customer_sk)
                           Filter: (c_birth_month = 8)
                           Rows Removed by Filter: 1
                           Buffers: shared hit=360922 read=18
               ->  Index Scan using customer_address_pkey on customer_address  (cost=0.42..7.65 rows=1 width=15) (actual time=0.017..0.017 rows=0 loops=10788)
                     Index Cond: (ca_address_sk = customer.c_current_addr_sk)
                     Filter: (ca_state = 'AR'::bpchar)
                     Rows Removed by Filter: 1
                     Buffers: shared hit=37365 read=5787
         ->  Hash  (cost=22.02..22.02 rows=402 width=15) (actual time=1.515..1.516 rows=402 loops=1)
               Buckets: 1024  Batches: 1  Memory Usage: 27kB
               Buffers: shared hit=17 read=1
               ->  Seq Scan on store  (cost=0.00..22.02 rows=402 width=15) (actual time=0.032..1.290 rows=402 loops=1)
                     Buffers: shared hit=17 read=1
 Planning:
   Buffers: shared hit=460
 Planning Time: 4.391 ms
 Execution Time: 79025.837 ms
(54 rows)

