                                                                             QUERY PLAN                                                                              
---------------------------------------------------------------------------------------------------------------------------------------------------------------------
 Aggregate  (cost=9715954.06..9715954.07 rows=1 width=40) (actual time=105631.674..105631.679 rows=1 loops=1)
   Buffers: shared hit=4387530 read=5144000
   ->  Nested Loop  (cost=2571.52..9715954.05 rows=1 width=14) (actual time=38526.991..105631.065 rows=317 loops=1)
         Join Filter: ("substring"((customer_address.ca_zip)::text, 1, 5) <> "substring"((store.s_zip)::text, 1, 5))
         Rows Removed by Join Filter: 9
         Buffers: shared hit=4387530 read=5144000
         ->  Nested Loop  (cost=2571.37..9715948.31 rows=1 width=29) (actual time=38526.696..105624.976 rows=329 loops=1)
               Buffers: shared hit=4386881 read=5143997
               ->  Nested Loop  (cost=2570.95..9715940.67 rows=1 width=25) (actual time=38476.457..105575.756 rows=1307 loops=1)
                     Buffers: shared hit=4382423 read=5143227
                     ->  Nested Loop  (cost=2570.52..9710109.42 rows=762 width=18) (actual time=38418.742..104323.150 rows=48981 loops=1)
                           Buffers: shared hit=4196482 read=5133244
                           ->  Hash Join  (cost=2570.10..9591031.81 rows=15565 width=18) (actual time=38418.620..79358.895 rows=1053015 loops=1)
                                 Hash Cond: (store_sales.ss_sold_date_sk = date_dim.d_date_sk)
                                 Buffers: shared hit=33886 read=5133140
                                 ->  Seq Scan on store_sales  (cost=0.00..9485539.52 rows=39206286 width=22) (actual time=0.059..76437.349 rows=39350281 loops=1)
                                       Filter: ((ss_wholesale_cost >= '29'::numeric) AND (ss_wholesale_cost <= '49'::numeric))
                                       Rows Removed by Filter: 248646743
                                       Buffers: shared hit=32412 read=5133140
                                 ->  Hash  (cost=2569.73..2569.73 rows=29 width=4) (actual time=26.140..26.141 rows=30 loops=1)
                                       Buckets: 1024  Batches: 1  Memory Usage: 10kB
                                       Buffers: shared hit=1474
                                       ->  Seq Scan on date_dim  (cost=0.00..2569.73 rows=29 width=4) (actual time=16.511..26.128 rows=30 loops=1)
                                             Filter: ((d_year = 2000) AND (d_moy = 11))
                                             Rows Removed by Filter: 73019
                                             Buffers: shared hit=1474
                           ->  Index Scan using customer_pkey on customer  (cost=0.43..7.65 rows=1 width=8) (actual time=0.023..0.023 rows=0 loops=1053015)
                                 Index Cond: (c_customer_sk = store_sales.ss_customer_sk)
                                 Filter: (c_birth_month = 7)
                                 Rows Removed by Filter: 1
                                 Buffers: shared hit=4162596 read=104
                     ->  Index Scan using customer_address_pkey on customer_address  (cost=0.42..7.65 rows=1 width=15) (actual time=0.025..0.025 rows=0 loops=48981)
                           Index Cond: (ca_address_sk = customer.c_current_addr_sk)
                           Filter: (ca_state = 'DE'::bpchar)
                           Rows Removed by Filter: 1
                           Buffers: shared hit=185941 read=9983
               ->  Index Scan using item_pkey on item  (cost=0.42..7.64 rows=1 width=12) (actual time=0.037..0.037 rows=0 loops=1307)
                     Index Cond: (i_item_sk = store_sales.ss_item_sk)
                     Filter: (i_category = 'Electronics'::bpchar)
                     Rows Removed by Filter: 1
                     Buffers: shared hit=4458 read=770
         ->  Index Scan using store_pkey on store  (cost=0.15..5.72 rows=1 width=15) (actual time=0.013..0.013 rows=1 loops=329)
               Index Cond: (s_store_sk = store_sales.ss_store_sk)
               Buffers: shared hit=649 read=3
 Planning:
   Buffers: shared hit=460
 Planning Time: 4.579 ms
 Execution Time: 105632.035 ms
(48 rows)

