                                                                            QUERY PLAN                                                                            
------------------------------------------------------------------------------------------------------------------------------------------------------------------
 Aggregate  (cost=9642452.29..9642452.30 rows=1 width=40) (actual time=75233.647..75233.653 rows=1 loops=1)
   Buffers: shared hit=725310 read=5130134
   ->  Hash Join  (cost=19777.12..9642452.26 rows=5 width=14) (actual time=30079.877..75233.404 rows=134 loops=1)
         Hash Cond: (store_sales.ss_store_sk = store.s_store_sk)
         Join Filter: ("substring"((customer_address.ca_zip)::text, 1, 5) <> "substring"((store.s_zip)::text, 1, 5))
         Rows Removed by Join Filter: 2
         Buffers: shared hit=725310 read=5130134
         ->  Nested Loop  (cost=19750.07..9642425.20 rows=5 width=29) (actual time=30079.134..75232.216 rows=138 loops=1)
               Buffers: shared hit=725292 read=5130134
               ->  Nested Loop  (cost=19749.65..9641644.64 rows=102 width=22) (actual time=29955.669..75086.190 rows=7640 loops=1)
                     Buffers: shared hit=697194 read=5127672
                     ->  Hash Join  (cost=19749.22..9625701.33 rows=2084 width=22) (actual time=29954.374..72282.071 rows=162857 loops=1)
                           Hash Cond: (store_sales.ss_item_sk = item.i_item_sk)
                           Buffers: shared hit=53744 read=5127638
                           ->  Hash Join  (cost=2570.12..9608471.16 rows=19457 width=18) (actual time=29829.949..71943.350 rows=1273624 loops=1)
                                 Hash Cond: (store_sales.ss_sold_date_sk = date_dim.d_date_sk)
                                 Buffers: shared hit=39612 read=5127414
                                 ->  Seq Scan on store_sales  (cost=0.00..9485539.52 rows=45849467 width=22) (actual time=0.039..68836.939 rows=46160898 loops=1)
                                       Filter: ((ss_wholesale_cost >= '80'::numeric) AND (ss_wholesale_cost <= '100'::numeric))
                                       Rows Removed by Filter: 241836126
                                       Buffers: shared hit=38138 read=5127414
                                 ->  Hash  (cost=2569.73..2569.73 rows=31 width=4) (actual time=24.638..24.638 rows=31 loops=1)
                                       Buckets: 1024  Batches: 1  Memory Usage: 10kB
                                       Buffers: shared hit=1474
                                       ->  Seq Scan on date_dim  (cost=0.00..2569.73 rows=31 width=4) (actual time=14.769..24.627 rows=31 loops=1)
                                             Filter: ((d_year = 2000) AND (d_moy = 8))
                                             Rows Removed by Filter: 73018
                                             Buffers: shared hit=1474
                           ->  Hash  (cost=16906.00..16906.00 rows=21848 width=12) (actual time=113.984..113.984 rows=21811 loops=1)
                                 Buckets: 32768  Batches: 1  Memory Usage: 1193kB
                                 Buffers: shared hit=14132 read=224
                                 ->  Seq Scan on item  (cost=0.00..16906.00 rows=21848 width=12) (actual time=0.028..110.678 rows=21811 loops=1)
                                       Filter: (i_category = 'Sports'::bpchar)
                                       Rows Removed by Filter: 182189
                                       Buffers: shared hit=14132 read=224
                     ->  Index Scan using customer_pkey on customer  (cost=0.43..7.65 rows=1 width=8) (actual time=0.017..0.017 rows=0 loops=162857)
                           Index Cond: (c_customer_sk = store_sales.ss_customer_sk)
                           Filter: (c_birth_month = 7)
                           Rows Removed by Filter: 1
                           Buffers: shared hit=643450 read=34
               ->  Index Scan using customer_address_pkey on customer_address  (cost=0.42..7.65 rows=1 width=15) (actual time=0.019..0.019 rows=0 loops=7640)
                     Index Cond: (ca_address_sk = customer.c_current_addr_sk)
                     Filter: (ca_state = 'GA'::bpchar)
                     Rows Removed by Filter: 1
                     Buffers: shared hit=28098 read=2462
         ->  Hash  (cost=22.02..22.02 rows=402 width=15) (actual time=0.721..0.721 rows=402 loops=1)
               Buckets: 1024  Batches: 1  Memory Usage: 27kB
               Buffers: shared hit=18
               ->  Seq Scan on store  (cost=0.00..22.02 rows=402 width=15) (actual time=0.025..0.579 rows=402 loops=1)
                     Buffers: shared hit=18
 Planning:
   Buffers: shared hit=460
 Planning Time: 4.643 ms
 Execution Time: 75234.038 ms
(54 rows)

