                                                                             QUERY PLAN                                                                              
---------------------------------------------------------------------------------------------------------------------------------------------------------------------
 Aggregate  (cost=9773056.22..9773056.23 rows=1 width=40) (actual time=84753.257..84753.262 rows=1 loops=1)
   Buffers: shared hit=1880839 read=5149145
   ->  Nested Loop  (cost=2571.53..9773056.19 rows=4 width=14) (actual time=50804.601..84753.087 rows=68 loops=1)
         Join Filter: ("substring"((customer_address.ca_zip)::text, 1, 5) <> "substring"((store.s_zip)::text, 1, 5))
         Rows Removed by Join Filter: 1
         Buffers: shared hit=1880839 read=5149145
         ->  Nested Loop  (cost=2571.38..9773033.22 rows=4 width=29) (actual time=50804.548..84751.271 rows=69 loops=1)
               Buffers: shared hit=1880701 read=5149145
               ->  Nested Loop  (cost=2570.96..9772529.27 rows=66 width=25) (actual time=50523.080..84715.319 rows=1092 loops=1)
                     Buffers: shared hit=1876807 read=5148671
                     ->  Nested Loop  (cost=2570.54..9752527.03 rows=2615 width=18) (actual time=50516.323..83240.239 rows=56880 loops=1)
                           Buffers: shared hit=1660864 read=5137094
                           ->  Hash Join  (cost=2570.11..9608471.14 rows=18830 width=18) (actual time=50516.265..73144.917 rows=412752 loops=1)
                                 Hash Cond: (store_sales.ss_sold_date_sk = date_dim.d_date_sk)
                                 Buffers: shared hit=30656 read=5136370
                                 ->  Seq Scan on store_sales  (cost=0.00..9485539.52 rows=45849467 width=22) (actual time=0.046..70017.111 rows=46160898 loops=1)
                                       Filter: ((ss_wholesale_cost >= '80'::numeric) AND (ss_wholesale_cost <= '100'::numeric))
                                       Rows Removed by Filter: 241836126
                                       Buffers: shared hit=29182 read=5136370
                                 ->  Hash  (cost=2569.73..2569.73 rows=30 width=4) (actual time=25.507..25.508 rows=30 loops=1)
                                       Buckets: 1024  Batches: 1  Memory Usage: 10kB
                                       Buffers: shared hit=1474
                                       ->  Seq Scan on date_dim  (cost=0.00..2569.73 rows=30 width=4) (actual time=15.787..25.486 rows=30 loops=1)
                                             Filter: ((d_year = 2001) AND (d_moy = 9))
                                             Rows Removed by Filter: 73019
                                             Buffers: shared hit=1474
                           ->  Index Scan using customer_pkey on customer  (cost=0.43..7.65 rows=1 width=8) (actual time=0.024..0.024 rows=0 loops=412752)
                                 Index Cond: (c_customer_sk = store_sales.ss_customer_sk)
                                 Filter: (c_birth_month = 10)
                                 Rows Removed by Filter: 1
                                 Buffers: shared hit=1630208 read=724
                     ->  Index Scan using customer_address_pkey on customer_address  (cost=0.42..7.65 rows=1 width=15) (actual time=0.026..0.026 rows=0 loops=56880)
                           Index Cond: (ca_address_sk = customer.c_current_addr_sk)
                           Filter: (ca_state = 'MS'::bpchar)
                           Rows Removed by Filter: 1
                           Buffers: shared hit=215943 read=11577
               ->  Index Scan using item_pkey on item  (cost=0.42..7.64 rows=1 width=12) (actual time=0.032..0.032 rows=0 loops=1092)
                     Index Cond: (i_item_sk = store_sales.ss_item_sk)
                     Filter: (i_category = 'Women'::bpchar)
                     Rows Removed by Filter: 1
                     Buffers: shared hit=3894 read=474
         ->  Index Scan using store_pkey on store  (cost=0.15..5.72 rows=1 width=15) (actual time=0.019..0.019 rows=1 loops=69)
               Index Cond: (s_store_sk = store_sales.ss_store_sk)
               Buffers: shared hit=138
 Planning:
   Buffers: shared hit=460
 Planning Time: 4.828 ms
 Execution Time: 84753.620 ms
(48 rows)

