                                                                            QUERY PLAN                                                                            
------------------------------------------------------------------------------------------------------------------------------------------------------------------
 Aggregate  (cost=9662076.83..9662076.84 rows=1 width=40) (actual time=73535.805..73535.810 rows=1 loops=1)
   Buffers: shared hit=111730 read=5129048
   ->  Nested Loop  (cost=16953.88..9662076.81 rows=3 width=14) (actual time=38298.820..73535.757 rows=21 loops=1)
         Join Filter: ("substring"((customer_address.ca_zip)::text, 1, 5) <> "substring"((store.s_zip)::text, 1, 5))
         Buffers: shared hit=111730 read=5129048
         ->  Nested Loop  (cost=16953.73..9662059.58 rows=3 width=29) (actual time=38298.795..73535.508 rows=21 loops=1)
               Buffers: shared hit=111688 read=5129048
               ->  Nested Loop  (cost=16953.31..9661799.48 rows=34 width=22) (actual time=38094.818..73520.044 rows=1209 loops=1)
                     Buffers: shared hit=107179 read=5128721
                     ->  Nested Loop  (cost=16952.88..9659167.77 rows=344 width=22) (actual time=38093.234..73379.338 rows=12602 loops=1)
                           Buffers: shared hit=57407 read=5128705
                           ->  Hash Join  (cost=16952.58..9622849.45 rows=837427 width=26) (actual time=130.039..73199.645 rows=412858 loops=1)
                                 Hash Cond: (store_sales.ss_item_sk = item.i_item_sk)
                                 Buffers: shared hit=51203 read=5128705
                                 ->  Seq Scan on store_sales  (cost=0.00..9485539.52 rows=45849467 width=22) (actual time=0.062..68681.801 rows=46160898 loops=1)
                                       Filter: ((ss_wholesale_cost >= '80'::numeric) AND (ss_wholesale_cost <= '100'::numeric))
                                       Rows Removed by Filter: 241836126
                                       Buffers: shared hit=37078 read=5128474
                                 ->  Hash  (cost=16906.00..16906.00 rows=3726 width=12) (actual time=129.764..129.765 rows=3713 loops=1)
                                       Buckets: 4096  Batches: 1  Memory Usage: 192kB
                                       Buffers: shared hit=14125 read=231
                                       ->  Seq Scan on item  (cost=0.00..16906.00 rows=3726 width=12) (actual time=0.085..129.066 rows=3713 loops=1)
                                             Filter: (i_category = 'Music'::bpchar)
                                             Rows Removed by Filter: 200287
                                             Buffers: shared hit=14125 read=231
                           ->  Memoize  (cost=0.30..7.51 rows=1 width=4) (actual time=0.000..0.000 rows=0 loops=412858)
                                 Cache Key: store_sales.ss_sold_date_sk
                                 Cache Mode: logical
                                 Hits: 410789  Misses: 2069  Evictions: 0  Overflows: 0  Memory Usage: 139kB
                                 Buffers: shared hit=6204
                                 ->  Index Scan using date_dim_pkey on date_dim  (cost=0.29..7.50 rows=1 width=4) (actual time=0.015..0.015 rows=0 loops=2069)
                                       Index Cond: (d_date_sk = store_sales.ss_sold_date_sk)
                                       Filter: ((d_year = 2000) AND (d_moy = 12))
                                       Rows Removed by Filter: 1
                                       Buffers: shared hit=6204
                     ->  Index Scan using customer_pkey on customer  (cost=0.43..7.65 rows=1 width=8) (actual time=0.011..0.011 rows=0 loops=12602)
                           Index Cond: (c_customer_sk = store_sales.ss_customer_sk)
                           Filter: (c_birth_month = 1)
                           Rows Removed by Filter: 1
                           Buffers: shared hit=49772 read=16
               ->  Index Scan using customer_address_pkey on customer_address  (cost=0.42..7.65 rows=1 width=15) (actual time=0.012..0.012 rows=0 loops=1209)
                     Index Cond: (ca_address_sk = customer.c_current_addr_sk)
                     Filter: (ca_state = 'TX'::bpchar)
                     Rows Removed by Filter: 1
                     Buffers: shared hit=4509 read=327
         ->  Index Scan using store_pkey on store  (cost=0.15..5.72 rows=1 width=15) (actual time=0.007..0.007 rows=1 loops=21)
               Index Cond: (s_store_sk = store_sales.ss_store_sk)
               Buffers: shared hit=42
 Planning:
   Buffers: shared hit=460
 Planning Time: 4.688 ms
 Execution Time: 73536.416 ms
(52 rows)

