                                                                            QUERY PLAN                                                                            
------------------------------------------------------------------------------------------------------------------------------------------------------------------
 Aggregate  (cost=9681295.67..9681295.68 rows=1 width=40) (actual time=74424.462..74424.468 rows=1 loops=1)
   Buffers: shared hit=371990 read=5132642
   ->  Nested Loop  (cost=19790.26..9681295.64 rows=4 width=14) (actual time=57755.409..74424.305 rows=131 loops=1)
         Join Filter: ("substring"((customer_address.ca_zip)::text, 1, 5) <> "substring"((store.s_zip)::text, 1, 5))
         Rows Removed by Join Filter: 6
         Buffers: shared hit=371990 read=5132642
         ->  Nested Loop  (cost=19790.11..9681272.67 rows=4 width=29) (actual time=57742.363..74421.773 rows=137 loops=1)
               Buffers: shared hit=371718 read=5132640
               ->  Nested Loop  (cost=19789.69..9679360.10 rows=250 width=22) (actual time=57742.021..74303.389 rows=6176 loops=1)
                     Buffers: shared hit=349502 read=5130152
                     ->  Hash Join  (cost=19789.26..9656424.40 rows=2998 width=22) (actual time=57739.162..73063.165 rows=75474 loops=1)
                           Hash Cond: (store_sales.ss_item_sk = item.i_item_sk)
                           Buffers: shared hit=52077 read=5129305
                           ->  Hash Join  (cost=2570.12..9639141.17 rows=24415 width=18) (actual time=57642.905..72827.924 rows=854898 loops=1)
                                 Hash Cond: (store_sales.ss_sold_date_sk = date_dim.d_date_sk)
                                 Buffers: shared hit=37729 read=5129297
                                 ->  Seq Scan on store_sales  (cost=0.00..9485539.52 rows=57532634 width=22) (actual time=0.063..69180.025 rows=57752041 loops=1)
                                       Filter: ((ss_wholesale_cost >= '76'::numeric) AND (ss_wholesale_cost <= '96'::numeric))
                                       Rows Removed by Filter: 230244983
                                       Buffers: shared hit=37688 read=5127864
                                 ->  Hash  (cost=2569.73..2569.73 rows=31 width=4) (actual time=26.032..26.033 rows=31 loops=1)
                                       Buckets: 1024  Batches: 1  Memory Usage: 10kB
                                       Buffers: shared hit=41 read=1433
                                       ->  Seq Scan on date_dim  (cost=0.00..2569.73 rows=31 width=4) (actual time=16.930..26.021 rows=31 loops=1)
                                             Filter: ((d_year = 2002) AND (d_moy = 7))
                                             Rows Removed by Filter: 73018
                                             Buffers: shared hit=41 read=1433
                           ->  Hash  (cost=16906.00..16906.00 rows=25051 width=12) (actual time=96.100..96.100 rows=24688 loops=1)
                                 Buckets: 32768  Batches: 1  Memory Usage: 1317kB
                                 Buffers: shared hit=14348 read=8
                                 ->  Seq Scan on item  (cost=0.00..16906.00 rows=25051 width=12) (actual time=0.017..92.574 rows=24688 loops=1)
                                       Filter: (i_category = 'Books'::bpchar)
                                       Rows Removed by Filter: 179312
                                       Buffers: shared hit=14348 read=8
                     ->  Index Scan using customer_pkey on customer  (cost=0.43..7.65 rows=1 width=8) (actual time=0.016..0.016 rows=0 loops=75474)
                           Index Cond: (c_customer_sk = store_sales.ss_customer_sk)
                           Filter: (c_birth_month = 11)
                           Rows Removed by Filter: 1
                           Buffers: shared hit=297425 read=847
               ->  Index Scan using customer_address_pkey on customer_address  (cost=0.42..7.65 rows=1 width=15) (actual time=0.019..0.019 rows=0 loops=6176)
                     Index Cond: (ca_address_sk = customer.c_current_addr_sk)
                     Filter: (ca_state = 'NY'::bpchar)
                     Rows Removed by Filter: 1
                     Buffers: shared hit=22216 read=2488
         ->  Index Scan using store_pkey on store  (cost=0.15..5.72 rows=1 width=15) (actual time=0.015..0.015 rows=1 loops=137)
               Index Cond: (s_store_sk = store_sales.ss_store_sk)
               Buffers: shared hit=272 read=2
 Planning:
   Buffers: shared hit=460
 Planning Time: 4.610 ms
 Execution Time: 74424.990 ms
(51 rows)

