                                                                            QUERY PLAN                                                                            
------------------------------------------------------------------------------------------------------------------------------------------------------------------
 Aggregate  (cost=9661212.39..9661212.40 rows=1 width=40) (actual time=80224.961..80224.965 rows=1 loops=1)
   Buffers: shared hit=91254 read=5129002
   ->  Nested Loop  (cost=16953.88..9661212.38 rows=1 width=14) (actual time=36383.331..80224.931 rows=12 loops=1)
         Join Filter: ("substring"((customer_address.ca_zip)::text, 1, 5) <> "substring"((store.s_zip)::text, 1, 5))
         Buffers: shared hit=91254 read=5129002
         ->  Nested Loop  (cost=16953.73..9661206.64 rows=1 width=29) (actual time=36383.311..80224.790 rows=12 loops=1)
               Buffers: shared hit=91230 read=5129002
               ->  Nested Loop  (cost=16953.31..9660770.66 rows=57 width=22) (actual time=36098.642..80208.082 rows=1212 loops=1)
                     Buffers: shared hit=86671 read=5128713
                     ->  Nested Loop  (cost=16952.88..9658161.90 rows=341 width=22) (actual time=36098.436..80118.339 rows=7418 loops=1)
                           Buffers: shared hit=57436 read=5128676
                           ->  Hash Join  (cost=16952.58..9621992.63 rows=831465 width=26) (actual time=124.824..79935.291 rows=406212 loops=1)
                                 Hash Cond: (store_sales.ss_item_sk = item.i_item_sk)
                                 Buffers: shared hit=51232 read=5128676
                                 ->  Seq Scan on store_sales  (cost=0.00..9485539.52 rows=45523068 width=22) (actual time=0.492..75398.793 rows=45442997 loops=1)
                                       Filter: ((ss_wholesale_cost >= '35'::numeric) AND (ss_wholesale_cost <= '55'::numeric))
                                       Rows Removed by Filter: 242554027
                                       Buffers: shared hit=37023 read=5128529
                                 ->  Hash  (cost=16906.00..16906.00 rows=3726 width=12) (actual time=124.073..124.074 rows=3713 loops=1)
                                       Buckets: 4096  Batches: 1  Memory Usage: 192kB
                                       Buffers: shared hit=14209 read=147
                                       ->  Seq Scan on item  (cost=0.00..16906.00 rows=3726 width=12) (actual time=0.069..123.352 rows=3713 loops=1)
                                             Filter: (i_category = 'Music'::bpchar)
                                             Rows Removed by Filter: 200287
                                             Buffers: shared hit=14209 read=147
                           ->  Memoize  (cost=0.30..7.51 rows=1 width=4) (actual time=0.000..0.000 rows=0 loops=406212)
                                 Cache Key: store_sales.ss_sold_date_sk
                                 Cache Mode: logical
                                 Hits: 404143  Misses: 2069  Evictions: 0  Overflows: 0  Memory Usage: 139kB
                                 Buffers: shared hit=6204
                                 ->  Index Scan using date_dim_pkey on date_dim  (cost=0.29..7.50 rows=1 width=4) (actual time=0.015..0.015 rows=0 loops=2069)
                                       Index Cond: (d_date_sk = store_sales.ss_sold_date_sk)
                                       Filter: ((d_year = 2000) AND (d_moy = 9))
                                       Rows Removed by Filter: 1
                                       Buffers: shared hit=6204
                     ->  Index Scan using customer_pkey on customer  (cost=0.43..7.65 rows=1 width=8) (actual time=0.012..0.012 rows=0 loops=7418)
                           Index Cond: (c_customer_sk = store_sales.ss_customer_sk)
                           Filter: (c_birth_month = 4)
                           Rows Removed by Filter: 1
                           Buffers: shared hit=29235 read=37
               ->  Index Scan using customer_address_pkey on customer_address  (cost=0.42..7.65 rows=1 width=15) (actual time=0.013..0.013 rows=0 loops=1212)
                     Index Cond: (ca_address_sk = customer.c_current_addr_sk)
                     Filter: (ca_state = 'AR'::bpchar)
                     Rows Removed by Filter: 1
                     Buffers: shared hit=4559 read=289
         ->  Index Scan using store_pkey on store  (cost=0.15..5.72 rows=1 width=15) (actual time=0.006..0.006 rows=1 loops=12)
               Index Cond: (s_store_sk = store_sales.ss_store_sk)
               Buffers: shared hit=24
 Planning:
   Buffers: shared hit=460
 Planning Time: 3.566 ms
 Execution Time: 80225.411 ms
(52 rows)

