                                                                            QUERY PLAN                                                                            
------------------------------------------------------------------------------------------------------------------------------------------------------------------
 Aggregate  (cost=9810369.78..9810369.79 rows=1 width=40) (actual time=110069.169..110069.177 rows=1 loops=1)
   Buffers: shared hit=3246637 read=5134129
   ->  Nested Loop  (cost=2571.53..9810369.75 rows=4 width=14) (actual time=11847.274..110069.122 rows=13 loops=1)
         Join Filter: ("substring"((customer_address.ca_zip)::text, 1, 5) <> "substring"((store.s_zip)::text, 1, 5))
         Rows Removed by Join Filter: 1
         Buffers: shared hit=3246637 read=5134129
         ->  Nested Loop  (cost=2571.38..9810346.78 rows=4 width=29) (actual time=11847.234..110068.870 rows=14 loops=1)
               Buffers: shared hit=3246609 read=5134129
               ->  Nested Loop  (cost=2570.96..9809979.46 rows=48 width=22) (actual time=11727.371..110043.030 rows=780 loops=1)
                     Buffers: shared hit=3243720 read=5133898
                     ->  Nested Loop  (cost=2570.54..9801633.75 rows=1093 width=18) (actual time=11714.168..108929.070 rows=36516 loops=1)
                           Buffers: shared hit=3098754 read=5132800
                           ->  Hash Join  (cost=2570.11..9630824.73 rows=22327 width=18) (actual time=11713.116..87960.437 rows=775481 loops=1)
                                 Hash Cond: (store_sales.ss_sold_date_sk = date_dim.d_date_sk)
                                 Buffers: shared hit=35459 read=5131567
                                 ->  Seq Scan on store_sales  (cost=0.00..9485539.52 rows=54364643 width=22) (actual time=0.226..84017.756 rows=53574682 loops=1)
                                       Filter: ((ss_wholesale_cost >= '44'::numeric) AND (ss_wholesale_cost <= '64'::numeric))
                                       Rows Removed by Filter: 234422342
                                       Buffers: shared hit=35418 read=5130134
                                 ->  Hash  (cost=2569.73..2569.73 rows=30 width=4) (actual time=21.681..21.682 rows=31 loops=1)
                                       Buckets: 1024  Batches: 1  Memory Usage: 10kB
                                       Buffers: shared hit=41 read=1433
                                       ->  Seq Scan on date_dim  (cost=0.00..2569.73 rows=30 width=4) (actual time=12.488..21.671 rows=31 loops=1)
                                             Filter: ((d_year = 1998) AND (d_moy = 12))
                                             Rows Removed by Filter: 73018
                                             Buffers: shared hit=41 read=1433
                           ->  Index Scan using customer_pkey on customer  (cost=0.43..7.65 rows=1 width=8) (actual time=0.027..0.027 rows=0 loops=775481)
                                 Index Cond: (c_customer_sk = store_sales.ss_customer_sk)
                                 Filter: (c_birth_month = 7)
                                 Rows Removed by Filter: 1
                                 Buffers: shared hit=3063295 read=1233
                     ->  Index Scan using item_pkey on item  (cost=0.42..7.64 rows=1 width=12) (actual time=0.030..0.030 rows=0 loops=36516)
                           Index Cond: (i_item_sk = store_sales.ss_item_sk)
                           Filter: (i_category = 'Jewelry'::bpchar)
                           Rows Removed by Filter: 1
                           Buffers: shared hit=144966 read=1098
               ->  Index Scan using customer_address_pkey on customer_address  (cost=0.42..7.65 rows=1 width=15) (actual time=0.032..0.032 rows=0 loops=780)
                     Index Cond: (ca_address_sk = customer.c_current_addr_sk)
                     Filter: (ca_state = 'TX'::bpchar)
                     Rows Removed by Filter: 1
                     Buffers: shared hit=2889 read=231
         ->  Index Scan using store_pkey on store  (cost=0.15..5.72 rows=1 width=15) (actual time=0.011..0.011 rows=1 loops=14)
               Index Cond: (s_store_sk = store_sales.ss_store_sk)
               Buffers: shared hit=28
 Planning:
   Buffers: shared hit=460
 Planning Time: 4.269 ms
 Execution Time: 110069.669 ms
(48 rows)

