                                                                            QUERY PLAN                                                                            
------------------------------------------------------------------------------------------------------------------------------------------------------------------
 Aggregate  (cost=9723112.52..9723112.53 rows=1 width=40) (actual time=86497.878..86497.885 rows=1 loops=1)
   Buffers: shared hit=110533 read=5128385
   ->  Nested Loop  (cost=19589.32..9723112.52 rows=1 width=14) (actual time=9513.716..86497.855 rows=8 loops=1)
         Join Filter: ("substring"((customer_address.ca_zip)::text, 1, 5) <> "substring"((store.s_zip)::text, 1, 5))
         Buffers: shared hit=110533 read=5128385
         ->  Nested Loop  (cost=19589.17..9723106.77 rows=1 width=29) (actual time=9513.694..86497.733 rows=8 loops=1)
               Buffers: shared hit=110517 read=5128385
               ->  Nested Loop  (cost=19588.75..9722953.44 rows=20 width=22) (actual time=9434.894..86494.706 rows=203 loops=1)
                     Buffers: shared hit=109790 read=5128300
                     ->  Hash Join  (cost=19588.32..9711715.11 rows=1469 width=22) (actual time=9433.604..86335.054 rows=14346 loops=1)
                           Hash Cond: (store_sales.ss_item_sk = item.i_item_sk)
                           Buffers: shared hit=53086 read=5128296
                           ->  Hash Join  (cost=2570.12..9694609.28 rows=33382 width=18) (actual time=9317.232..86142.704 rows=664785 loops=1)
                                 Hash Cond: (store_sales.ss_sold_date_sk = date_dim.d_date_sk)
                                 Buffers: shared hit=40489 read=5126537
                                 ->  Seq Scan on store_sales  (cost=0.00..9485539.52 rows=78662172 width=22) (actual time=0.290..80843.896 rows=78419996 loops=1)
                                       Filter: ((ss_wholesale_cost >= '71'::numeric) AND (ss_wholesale_cost <= '91'::numeric))
                                       Rows Removed by Filter: 209577028
                                       Buffers: shared hit=39142 read=5126410
                                 ->  Hash  (cost=2569.73..2569.73 rows=31 width=4) (actual time=13.461..13.462 rows=31 loops=1)
                                       Buckets: 1024  Batches: 1  Memory Usage: 10kB
                                       Buffers: shared hit=1347 read=127
                                       ->  Seq Scan on date_dim  (cost=0.00..2569.73 rows=31 width=4) (actual time=7.504..13.452 rows=31 loops=1)
                                             Filter: ((d_year = 1998) AND (d_moy = 8))
                                             Rows Removed by Filter: 73018
                                             Buffers: shared hit=1347 read=127
                           ->  Hash  (cost=16906.00..16906.00 rows=8976 width=12) (actual time=116.055..116.056 rows=8826 loops=1)
                                 Buckets: 16384  Batches: 1  Memory Usage: 508kB
                                 Buffers: shared hit=12597 read=1759
                                 ->  Seq Scan on item  (cost=0.00..16906.00 rows=8976 width=12) (actual time=0.019..114.035 rows=8826 loops=1)
                                       Filter: (i_category = 'Jewelry'::bpchar)
                                       Rows Removed by Filter: 195174
                                       Buffers: shared hit=12597 read=1759
                     ->  Index Scan using customer_pkey on customer  (cost=0.43..7.65 rows=1 width=8) (actual time=0.011..0.011 rows=0 loops=14346)
                           Index Cond: (c_customer_sk = store_sales.ss_customer_sk)
                           Filter: (c_birth_month = 5)
                           Rows Removed by Filter: 1
                           Buffers: shared hit=56704 read=4
               ->  Index Scan using customer_address_pkey on customer_address  (cost=0.42..7.67 rows=1 width=15) (actual time=0.014..0.014 rows=0 loops=203)
                     Index Cond: (ca_address_sk = customer.c_current_addr_sk)
                     Filter: (ca_state = 'FL'::bpchar)
                     Rows Removed by Filter: 1
                     Buffers: shared hit=727 read=85
         ->  Index Scan using store_pkey on store  (cost=0.15..5.72 rows=1 width=15) (actual time=0.009..0.009 rows=1 loops=8)
               Index Cond: (s_store_sk = store_sales.ss_store_sk)
               Buffers: shared hit=16
 Planning:
   Buffers: shared hit=460
 Planning Time: 1.808 ms
 Execution Time: 86498.147 ms
(50 rows)

