                                                                            QUERY PLAN                                                                            
------------------------------------------------------------------------------------------------------------------------------------------------------------------
 Aggregate  (cost=9731910.62..9731910.63 rows=1 width=40) (actual time=78215.936..78215.941 rows=1 loops=1)
   Buffers: shared hit=289107 read=5124041
   ->  Nested Loop  (cost=19688.66..9731910.61 rows=2 width=14) (actual time=68080.206..78215.907 rows=11 loops=1)
         Join Filter: ("substring"((customer_address.ca_zip)::text, 1, 5) <> "substring"((store.s_zip)::text, 1, 5))
         Buffers: shared hit=289107 read=5124041
         ->  Nested Loop  (cost=19688.51..9731899.12 rows=2 width=29) (actual time=68080.181..78215.757 rows=11 loops=1)
               Buffers: shared hit=289085 read=5124041
               ->  Nested Loop  (cost=19688.09..9731630.79 rows=35 width=22) (actual time=67781.165..78204.113 rows=767 loops=1)
                     Buffers: shared hit=286424 read=5123634
                     ->  Hash Join  (cost=19687.66..9711808.79 rows=2591 width=22) (actual time=67780.914..77295.898 rows=57854 loops=1)
                           Hash Cond: (store_sales.ss_item_sk = item.i_item_sk)
                           Buffers: shared hit=57813 read=5123569
                           ->  Hash Join  (cost=2570.10..9694609.26 rows=31228 width=18) (actual time=67676.540..77085.211 rows=735061 loops=1)
                                 Hash Cond: (store_sales.ss_sold_date_sk = date_dim.d_date_sk)
                                 Buffers: shared hit=43589 read=5123437
                                 ->  Seq Scan on store_sales  (cost=0.00..9485539.52 rows=78662172 width=22) (actual time=0.650..72208.116 rows=78419996 loops=1)
                                       Filter: ((ss_wholesale_cost >= '73'::numeric) AND (ss_wholesale_cost <= '93'::numeric))
                                       Rows Removed by Filter: 209577028
                                       Buffers: shared hit=42242 read=5123310
                                 ->  Hash  (cost=2569.73..2569.73 rows=29 width=4) (actual time=27.650..27.651 rows=30 loops=1)
                                       Buckets: 1024  Batches: 1  Memory Usage: 10kB
                                       Buffers: shared hit=1347 read=127
                                       ->  Seq Scan on date_dim  (cost=0.00..2569.73 rows=29 width=4) (actual time=17.307..27.636 rows=30 loops=1)
                                             Filter: ((d_year = 2002) AND (d_moy = 11))
                                             Rows Removed by Filter: 73019
                                             Buffers: shared hit=1347 read=127
                           ->  Hash  (cost=16906.00..16906.00 rows=16925 width=12) (actual time=104.252..104.252 rows=17141 loops=1)
                                 Buckets: 32768  Batches: 1  Memory Usage: 993kB
                                 Buffers: shared hit=14224 read=132
                                 ->  Seq Scan on item  (cost=0.00..16906.00 rows=16925 width=12) (actual time=0.016..101.395 rows=17141 loops=1)
                                       Filter: (i_category = 'Home'::bpchar)
                                       Rows Removed by Filter: 186859
                                       Buffers: shared hit=14224 read=132
                     ->  Index Scan using customer_pkey on customer  (cost=0.43..7.65 rows=1 width=8) (actual time=0.015..0.015 rows=0 loops=57854)
                           Index Cond: (c_customer_sk = store_sales.ss_customer_sk)
                           Filter: (c_birth_month = 5)
                           Rows Removed by Filter: 1
                           Buffers: shared hit=228611 read=65
               ->  Index Scan using customer_address_pkey on customer_address  (cost=0.42..7.67 rows=1 width=15) (actual time=0.015..0.015 rows=0 loops=767)
                     Index Cond: (ca_address_sk = customer.c_current_addr_sk)
                     Filter: (ca_state = 'VA'::bpchar)
                     Rows Removed by Filter: 1
                     Buffers: shared hit=2661 read=407
         ->  Index Scan using store_pkey on store  (cost=0.15..5.72 rows=1 width=15) (actual time=0.008..0.008 rows=1 loops=11)
               Index Cond: (s_store_sk = store_sales.ss_store_sk)
               Buffers: shared hit=22
 Planning:
   Buffers: shared hit=460
 Planning Time: 5.281 ms
 Execution Time: 78216.475 ms
(50 rows)

