                                                                            QUERY PLAN                                                                            
------------------------------------------------------------------------------------------------------------------------------------------------------------------
 Aggregate  (cost=9754643.76..9754643.77 rows=1 width=40) (actual time=78818.032..78818.039 rows=1 loops=1)
   Buffers: shared hit=384364 read=5123920
   ->  Hash Join  (cost=19922.97..9754643.70 rows=8 width=14) (actual time=12832.920..78817.925 rows=70 loops=1)
         Hash Cond: (store_sales.ss_store_sk = store.s_store_sk)
         Join Filter: ("substring"((customer_address.ca_zip)::text, 1, 5) <> "substring"((store.s_zip)::text, 1, 5))
         Rows Removed by Join Filter: 1
         Buffers: shared hit=384364 read=5123920
         ->  Nested Loop  (cost=19895.93..9754616.63 rows=8 width=29) (actual time=12831.706..78816.494 rows=71 loops=1)
               Buffers: shared hit=384349 read=5123917
               ->  Nested Loop  (cost=19895.50..9752626.97 rows=260 width=22) (actual time=12774.690..78729.178 rows=3638 loops=1)
                     Buffers: shared hit=372431 read=5121283
                     ->  Hash Join  (cost=19895.07..9712019.03 rows=5308 width=22) (actual time=12774.634..77178.298 rows=79065 loops=1)
                           Hash Cond: (store_sales.ss_item_sk = item.i_item_sk)
                           Buffers: shared hit=60225 read=5121157
                           ->  Hash Join  (cost=2570.11..9694609.27 rows=32305 width=18) (actual time=12659.101..76956.752 rows=552606 loops=1)
                                 Hash Cond: (store_sales.ss_sold_date_sk = date_dim.d_date_sk)
                                 Buffers: shared hit=46001 read=5121025
                                 ->  Seq Scan on store_sales  (cost=0.00..9485539.52 rows=78662172 width=22) (actual time=0.029..72072.936 rows=78419996 loops=1)
                                       Filter: ((ss_wholesale_cost >= '70'::numeric) AND (ss_wholesale_cost <= '90'::numeric))
                                       Rows Removed by Filter: 209577028
                                       Buffers: shared hit=44654 read=5120898
                                 ->  Hash  (cost=2569.73..2569.73 rows=30 width=4) (actual time=21.161..21.162 rows=31 loops=1)
                                       Buckets: 1024  Batches: 1  Memory Usage: 10kB
                                       Buffers: shared hit=1347 read=127
                                       ->  Seq Scan on date_dim  (cost=0.00..2569.73 rows=30 width=4) (actual time=11.672..21.150 rows=31 loops=1)
                                             Filter: ((d_year = 1999) AND (d_moy = 1))
                                             Rows Removed by Filter: 73018
                                             Buffers: shared hit=1347 read=127
                           ->  Hash  (cost=16906.00..16906.00 rows=33517 width=12) (actual time=115.304..115.306 rows=33627 loops=1)
                                 Buckets: 65536  Batches: 1  Memory Usage: 1957kB
                                 Buffers: shared hit=14224 read=132
                                 ->  Seq Scan on item  (cost=0.00..16906.00 rows=33517 width=12) (actual time=0.026..109.420 rows=33627 loops=1)
                                       Filter: (i_category = 'Shoes'::bpchar)
                                       Rows Removed by Filter: 170373
                                       Buffers: shared hit=14224 read=132
                     ->  Index Scan using customer_pkey on customer  (cost=0.43..7.65 rows=1 width=8) (actual time=0.019..0.019 rows=0 loops=79065)
                           Index Cond: (c_customer_sk = store_sales.ss_customer_sk)
                           Filter: (c_birth_month = 7)
                           Rows Removed by Filter: 1
                           Buffers: shared hit=312206 read=126
               ->  Index Scan using customer_address_pkey on customer_address  (cost=0.42..7.65 rows=1 width=15) (actual time=0.024..0.024 rows=0 loops=3638)
                     Index Cond: (ca_address_sk = customer.c_current_addr_sk)
                     Filter: (ca_state = 'TN'::bpchar)
                     Rows Removed by Filter: 1
                     Buffers: shared hit=11918 read=2634
         ->  Hash  (cost=22.02..22.02 rows=402 width=15) (actual time=1.187..1.188 rows=402 loops=1)
               Buckets: 1024  Batches: 1  Memory Usage: 27kB
               Buffers: shared hit=15 read=3
               ->  Seq Scan on store  (cost=0.00..22.02 rows=402 width=15) (actual time=0.024..1.047 rows=402 loops=1)
                     Buffers: shared hit=15 read=3
 Planning:
   Buffers: shared hit=460
 Planning Time: 5.393 ms
 Execution Time: 78818.489 ms
(54 rows)

