                                                                            QUERY PLAN                                                                            
------------------------------------------------------------------------------------------------------------------------------------------------------------------
 Aggregate  (cost=9682551.12..9682551.13 rows=1 width=40) (actual time=75751.663..75751.671 rows=1 loops=1)
   Buffers: shared hit=447280 read=5134368
   ->  Hash Join  (cost=19838.82..9682550.94 rows=25 width=14) (actual time=16717.460..75751.467 rows=128 loops=1)
         Hash Cond: (store_sales.ss_store_sk = store.s_store_sk)
         Join Filter: ("substring"((customer_address.ca_zip)::text, 1, 5) <> "substring"((store.s_zip)::text, 1, 5))
         Buffers: shared hit=447280 read=5134368
         ->  Nested Loop  (cost=19811.78..9682523.83 rows=25 width=29) (actual time=16716.577..75750.210 rows=129 loops=1)
               Buffers: shared hit=447262 read=5134368
               ->  Nested Loop  (cost=19811.35..9680175.33 rows=307 width=22) (actual time=16660.303..75572.337 rows=8829 loops=1)
                     Buffers: shared hit=420491 read=5125823
                     ->  Hash Join  (cost=19810.92..9656444.00 rows=3102 width=22) (actual time=16660.202..73972.044 rows=92383 loops=1)
                           Hash Cond: (store_sales.ss_item_sk = item.i_item_sk)
                           Buffers: shared hit=55904 read=5125478
                           ->  Hash Join  (cost=2570.11..9639141.16 rows=23628 width=18) (actual time=16558.287..73719.790 rows=869456 loops=1)
                                 Hash Cond: (store_sales.ss_sold_date_sk = date_dim.d_date_sk)
                                 Buffers: shared hit=41680 read=5125346
                                 ->  Seq Scan on store_sales  (cost=0.00..9485539.52 rows=57532634 width=22) (actual time=0.040..70006.307 rows=57752041 loops=1)
                                       Filter: ((ss_wholesale_cost >= '75'::numeric) AND (ss_wholesale_cost <= '95'::numeric))
                                       Rows Removed by Filter: 230244983
                                       Buffers: shared hit=40206 read=5125346
                                 ->  Hash  (cost=2569.73..2569.73 rows=30 width=4) (actual time=27.329..27.330 rows=31 loops=1)
                                       Buckets: 1024  Batches: 1  Memory Usage: 10kB
                                       Buffers: shared hit=1474
                                       ->  Seq Scan on date_dim  (cost=0.00..2569.73 rows=30 width=4) (actual time=18.129..27.315 rows=31 loops=1)
                                             Filter: ((d_year = 1999) AND (d_moy = 5))
                                             Rows Removed by Filter: 73018
                                             Buffers: shared hit=1474
                           ->  Hash  (cost=16906.00..16906.00 rows=26785 width=12) (actual time=101.781..101.781 rows=26695 loops=1)
                                 Buckets: 32768  Batches: 1  Memory Usage: 1403kB
                                 Buffers: shared hit=14224 read=132
                                 ->  Seq Scan on item  (cost=0.00..16906.00 rows=26785 width=12) (actual time=0.016..97.877 rows=26695 loops=1)
                                       Filter: (i_category = 'Children'::bpchar)
                                       Rows Removed by Filter: 177305
                                       Buffers: shared hit=14224 read=132
                     ->  Index Scan using customer_pkey on customer  (cost=0.43..7.65 rows=1 width=8) (actual time=0.017..0.017 rows=0 loops=92383)
                           Index Cond: (c_customer_sk = store_sales.ss_customer_sk)
                           Filter: (c_birth_month = 1)
                           Rows Removed by Filter: 1
                           Buffers: shared hit=364587 read=345
               ->  Index Scan using customer_address_pkey on customer_address  (cost=0.42..7.65 rows=1 width=15) (actual time=0.020..0.020 rows=0 loops=8829)
                     Index Cond: (ca_address_sk = customer.c_current_addr_sk)
                     Filter: (ca_state = 'TX'::bpchar)
                     Rows Removed by Filter: 1
                     Buffers: shared hit=26771 read=8545
         ->  Hash  (cost=22.02..22.02 rows=402 width=15) (actual time=0.852..0.853 rows=402 loops=1)
               Buckets: 1024  Batches: 1  Memory Usage: 27kB
               Buffers: shared hit=18
               ->  Seq Scan on store  (cost=0.00..22.02 rows=402 width=15) (actual time=0.028..0.662 rows=402 loops=1)
                     Buffers: shared hit=18
 Planning:
   Buffers: shared hit=460
 Planning Time: 5.590 ms
 Execution Time: 75752.229 ms
(53 rows)

