                                                                             QUERY PLAN                                                                              
---------------------------------------------------------------------------------------------------------------------------------------------------------------------
 Aggregate  (cost=9731141.33..9731141.34 rows=1 width=40) (actual time=106646.291..106646.296 rows=1 loops=1)
   Buffers: shared hit=4351939 read=5158149
   ->  Nested Loop  (cost=2571.54..9731141.31 rows=2 width=14) (actual time=63178.146..106646.181 rows=42 loops=1)
         Join Filter: ("substring"((customer_address.ca_zip)::text, 1, 5) <> "substring"((store.s_zip)::text, 1, 5))
         Rows Removed by Join Filter: 3
         Buffers: shared hit=4351939 read=5158149
         ->  Nested Loop  (cost=2571.39..9731129.83 rows=2 width=29) (actual time=63178.107..106645.410 rows=45 loops=1)
               Buffers: shared hit=4351857 read=5158141
               ->  Nested Loop  (cost=2570.97..9730900.76 rows=30 width=25) (actual time=62994.924..106592.375 rows=1657 loops=1)
                     Buffers: shared hit=4346110 read=5157260
                     ->  Nested Loop  (cost=2570.55..9720182.71 rows=1401 width=18) (actual time=62714.368..104483.291 rows=82112 loops=1)
                           Buffers: shared hit=4035692 read=5139230
                           ->  Hash Join  (cost=2570.12..9591863.49 rows=16773 width=18) (actual time=62714.225..80045.481 rows=1014001 loops=1)
                                 Hash Cond: (store_sales.ss_sold_date_sk = date_dim.d_date_sk)
                                 Buffers: shared hit=30991 read=5136035
                                 ->  Seq Scan on store_sales  (cost=0.00..9485539.52 rows=39523085 width=22) (actual time=0.160..77071.748 rows=40114371 loops=1)
                                       Filter: ((ss_wholesale_cost >= '24'::numeric) AND (ss_wholesale_cost <= '44'::numeric))
                                       Rows Removed by Filter: 247882653
                                       Buffers: shared hit=30823 read=5134729
                                 ->  Hash  (cost=2569.73..2569.73 rows=31 width=4) (actual time=23.637..23.638 rows=31 loops=1)
                                       Buckets: 1024  Batches: 1  Memory Usage: 10kB
                                       Buffers: shared hit=168 read=1306
                                       ->  Seq Scan on date_dim  (cost=0.00..2569.73 rows=31 width=4) (actual time=12.068..23.626 rows=31 loops=1)
                                             Filter: ((d_year = 2002) AND (d_moy = 8))
                                             Rows Removed by Filter: 73018
                                             Buffers: shared hit=168 read=1306
                           ->  Index Scan using customer_pkey on customer  (cost=0.43..7.65 rows=1 width=8) (actual time=0.024..0.024 rows=0 loops=1014001)
                                 Index Cond: (c_customer_sk = store_sales.ss_customer_sk)
                                 Filter: (c_birth_month = 11)
                                 Rows Removed by Filter: 1
                                 Buffers: shared hit=4004701 read=3195
                     ->  Index Scan using customer_address_pkey on customer_address  (cost=0.42..7.65 rows=1 width=15) (actual time=0.025..0.025 rows=0 loops=82112)
                           Index Cond: (ca_address_sk = customer.c_current_addr_sk)
                           Filter: (ca_state = 'CO'::bpchar)
                           Rows Removed by Filter: 1
                           Buffers: shared hit=310418 read=18030
               ->  Index Scan using item_pkey on item  (cost=0.42..7.64 rows=1 width=12) (actual time=0.031..0.031 rows=0 loops=1657)
                     Index Cond: (i_item_sk = store_sales.ss_item_sk)
                     Filter: (i_category = 'Women'::bpchar)
                     Rows Removed by Filter: 1
                     Buffers: shared hit=5747 read=881
         ->  Index Scan using store_pkey on store  (cost=0.15..5.72 rows=1 width=15) (actual time=0.010..0.010 rows=1 loops=45)
               Index Cond: (s_store_sk = store_sales.ss_store_sk)
               Buffers: shared hit=82 read=8
 Planning:
   Buffers: shared hit=460
 Planning Time: 1.995 ms
 Execution Time: 106646.521 ms
(48 rows)

