                                                                            QUERY PLAN                                                                            
------------------------------------------------------------------------------------------------------------------------------------------------------------------
 Aggregate  (cost=9685528.13..9685528.14 rows=1 width=40) (actual time=85740.618..85740.626 rows=1 loops=1)
   Buffers: shared hit=1344719 read=5133687
   ->  Nested Loop  (cost=19896.07..9685528.11 rows=2 width=14) (actual time=40519.843..85740.433 rows=93 loops=1)
         Join Filter: ("substring"((customer_address.ca_zip)::text, 1, 5) <> "substring"((store.s_zip)::text, 1, 5))
         Rows Removed by Join Filter: 5
         Buffers: shared hit=1344719 read=5133687
         ->  Nested Loop  (cost=19895.93..9685516.63 rows=2 width=29) (actual time=40519.822..85738.956 rows=103 loops=1)
               Buffers: shared hit=1344526 read=5133684
               ->  Nested Loop  (cost=19895.50..9685110.30 rows=53 width=22) (actual time=40441.689..85637.041 rows=4362 loops=1)
                     Buffers: shared hit=1328087 read=5132675
                     ->  Hash Join  (cost=19895.07..9655595.31 rows=3858 width=22) (actual time=40433.507..79438.147 rows=323722 loops=1)
                           Hash Cond: (store_sales.ss_item_sk = item.i_item_sk)
                           Buffers: shared hit=48811 read=5132571
                           ->  Hash Join  (cost=2570.11..9638208.70 rows=23482 width=18) (actual time=40304.971..78947.408 rows=1756799 loops=1)
                                 Hash Cond: (store_sales.ss_sold_date_sk = date_dim.d_date_sk)
                                 Buffers: shared hit=34823 read=5132203
                                 ->  Seq Scan on store_sales  (cost=0.00..9485539.52 rows=57177434 width=22) (actual time=0.458..75110.739 rows=56890659 loops=1)
                                       Filter: ((ss_wholesale_cost >= '41'::numeric) AND (ss_wholesale_cost <= '61'::numeric))
                                       Rows Removed by Filter: 231106365
                                       Buffers: shared hit=34782 read=5130770
                                 ->  Hash  (cost=2569.73..2569.73 rows=30 width=4) (actual time=35.522..35.524 rows=31 loops=1)
                                       Buckets: 1024  Batches: 1  Memory Usage: 10kB
                                       Buffers: shared hit=41 read=1433
                                       ->  Seq Scan on date_dim  (cost=0.00..2569.73 rows=30 width=4) (actual time=20.629..35.508 rows=31 loops=1)
                                             Filter: ((d_year = 2000) AND (d_moy = 12))
                                             Rows Removed by Filter: 73018
                                             Buffers: shared hit=41 read=1433
                           ->  Hash  (cost=16906.00..16906.00 rows=33517 width=12) (actual time=128.299..128.299 rows=33627 loops=1)
                                 Buckets: 65536  Batches: 1  Memory Usage: 1957kB
                                 Buffers: shared hit=13988 read=368
                                 ->  Seq Scan on item  (cost=0.00..16906.00 rows=33517 width=12) (actual time=0.028..121.004 rows=33627 loops=1)
                                       Filter: (i_category = 'Shoes'::bpchar)
                                       Rows Removed by Filter: 170373
                                       Buffers: shared hit=13988 read=368
                     ->  Index Scan using customer_pkey on customer  (cost=0.43..7.65 rows=1 width=8) (actual time=0.019..0.019 rows=0 loops=323722)
                           Index Cond: (c_customer_sk = store_sales.ss_customer_sk)
                           Filter: (c_birth_month = 5)
                           Rows Removed by Filter: 1
                           Buffers: shared hit=1279276 read=104
               ->  Index Scan using customer_address_pkey on customer_address  (cost=0.42..7.67 rows=1 width=15) (actual time=0.023..0.023 rows=0 loops=4362)
                     Index Cond: (ca_address_sk = customer.c_current_addr_sk)
                     Filter: (ca_state = 'OH'::bpchar)
                     Rows Removed by Filter: 1
                     Buffers: shared hit=16439 read=1009
         ->  Index Scan using store_pkey on store  (cost=0.15..5.72 rows=1 width=15) (actual time=0.009..0.009 rows=1 loops=103)
               Index Cond: (s_store_sk = store_sales.ss_store_sk)
               Buffers: shared hit=193 read=3
 Planning:
   Buffers: shared hit=460
 Planning Time: 5.323 ms
 Execution Time: 85741.208 ms
(51 rows)

