                                                                             QUERY PLAN                                                                             
--------------------------------------------------------------------------------------------------------------------------------------------------------------------
 Aggregate  (cost=9526889.23..9526889.24 rows=1 width=40) (actual time=65503.395..65503.400 rows=1 loops=1)
   Buffers: shared hit=189848 read=5131242
   ->  Nested Loop  (cost=2571.53..9526889.22 rows=1 width=14) (actual time=3379.095..65503.374 rows=10 loops=1)
         Join Filter: ("substring"((customer_address.ca_zip)::text, 1, 5) <> "substring"((store.s_zip)::text, 1, 5))
         Buffers: shared hit=189848 read=5131242
         ->  Nested Loop  (cost=2571.38..9526883.48 rows=1 width=29) (actual time=3379.069..65503.227 rows=10 loops=1)
               Buffers: shared hit=189828 read=5131242
               ->  Nested Loop  (cost=2570.96..9526799.49 rows=11 width=25) (actual time=3221.559..65501.181 rows=94 loops=1)
                     Buffers: shared hit=189497 read=5131197
                     ->  Nested Loop  (cost=2570.54..9524481.73 rows=303 width=18) (actual time=3214.629..65415.803 rows=4164 loops=1)
                           Buffers: shared hit=173908 read=5130130
                           ->  Hash Join  (cost=2570.11..9504666.89 rows=2590 width=18) (actual time=3214.581..64734.585 rows=34657 loops=1)
                                 Hash Cond: (store_sales.ss_sold_date_sk = date_dim.d_date_sk)
                                 Buffers: shared hit=36908 read=5130118
                                 ->  Seq Scan on store_sales  (cost=0.00..9485539.52 rows=6307182 width=22) (actual time=1.013..64202.084 rows=6221765 loops=1)
                                       Filter: ((ss_wholesale_cost >= '100'::numeric) AND (ss_wholesale_cost <= '120'::numeric))
                                       Rows Removed by Filter: 281775259
                                       Buffers: shared hit=35561 read=5129991
                                 ->  Hash  (cost=2569.73..2569.73 rows=30 width=4) (actual time=18.036..18.037 rows=30 loops=1)
                                       Buckets: 1024  Batches: 1  Memory Usage: 10kB
                                       Buffers: shared hit=1347 read=127
                                       ->  Seq Scan on date_dim  (cost=0.00..2569.73 rows=30 width=4) (actual time=11.908..18.025 rows=30 loops=1)
                                             Filter: ((d_year = 1998) AND (d_moy = 4))
                                             Rows Removed by Filter: 73019
                                             Buffers: shared hit=1347 read=127
                           ->  Index Scan using customer_pkey on customer  (cost=0.43..7.65 rows=1 width=8) (actual time=0.019..0.019 rows=0 loops=34657)
                                 Index Cond: (c_customer_sk = store_sales.ss_customer_sk)
                                 Filter: (c_birth_month = 8)
                                 Rows Removed by Filter: 1
                                 Buffers: shared hit=137000 read=12
                     ->  Index Scan using customer_address_pkey on customer_address  (cost=0.42..7.65 rows=1 width=15) (actual time=0.020..0.020 rows=0 loops=4164)
                           Index Cond: (ca_address_sk = customer.c_current_addr_sk)
                           Filter: (ca_state = 'MO'::bpchar)
                           Rows Removed by Filter: 1
                           Buffers: shared hit=15589 read=1067
               ->  Index Scan using item_pkey on item  (cost=0.42..7.64 rows=1 width=12) (actual time=0.021..0.021 rows=0 loops=94)
                     Index Cond: (i_item_sk = store_sales.ss_item_sk)
                     Filter: (i_category = 'Children'::bpchar)
                     Rows Removed by Filter: 1
                     Buffers: shared hit=331 read=45
         ->  Index Scan using store_pkey on store  (cost=0.15..5.72 rows=1 width=15) (actual time=0.009..0.009 rows=1 loops=10)
               Index Cond: (s_store_sk = store_sales.ss_store_sk)
               Buffers: shared hit=20
 Planning:
   Buffers: shared hit=460
 Planning Time: 2.613 ms
 Execution Time: 65503.670 ms
(47 rows)

