                                                                            QUERY PLAN                                                                            
------------------------------------------------------------------------------------------------------------------------------------------------------------------
 Aggregate  (cost=9664129.50..9664129.51 rows=1 width=40) (actual time=85148.576..85148.583 rows=1 loops=1)
   Buffers: shared hit=1112252 read=5151348
   ->  Hash Join  (cost=20034.16..9664129.44 rows=7 width=14) (actual time=49014.661..85148.036 rows=473 loops=1)
         Hash Cond: (store_sales.ss_store_sk = store.s_store_sk)
         Join Filter: ("substring"((customer_address.ca_zip)::text, 1, 5) <> "substring"((store.s_zip)::text, 1, 5))
         Rows Removed by Join Filter: 8
         Buffers: shared hit=1112252 read=5151348
         ->  Nested Loop  (cost=20007.11..9664102.38 rows=7 width=29) (actual time=49013.772..85145.906 rows=484 loops=1)
               Buffers: shared hit=1112236 read=5151346
               ->  Nested Loop  (cost=20006.69..9661034.80 rows=401 width=22) (actual time=49000.860..84642.586 rows=23605 loops=1)
                     Buffers: shared hit=1023506 read=5145656
                     ->  Hash Join  (cost=20006.26..9630066.23 rows=4048 width=22) (actual time=49000.787..79922.001 rows=249986 loops=1)
                           Hash Cond: (store_sales.ss_item_sk = item.i_item_sk)
                           Buffers: shared hit=35731 read=5145651
                           ->  Hash Join  (cost=2570.11..9612578.97 rows=19472 width=18) (actual time=48860.069..79506.364 rows=1282814 loops=1)
                                 Hash Cond: (store_sales.ss_sold_date_sk = date_dim.d_date_sk)
                                 Buffers: shared hit=32841 read=5134185
                                 ->  Seq Scan on store_sales  (cost=0.00..9485539.52 rows=47414263 width=22) (actual time=0.077..76216.690 rows=48370740 loops=1)
                                       Filter: ((ss_wholesale_cost >= '9'::numeric) AND (ss_wholesale_cost <= '29'::numeric))
                                       Rows Removed by Filter: 239626284
                                       Buffers: shared hit=31494 read=5134058
                                 ->  Hash  (cost=2569.73..2569.73 rows=30 width=4) (actual time=23.361..23.363 rows=30 loops=1)
                                       Buckets: 1024  Batches: 1  Memory Usage: 10kB
                                       Buffers: shared hit=1347 read=127
                                       ->  Seq Scan on date_dim  (cost=0.00..2569.73 rows=30 width=4) (actual time=11.965..23.348 rows=30 loops=1)
                                             Filter: ((d_year = 2001) AND (d_moy = 6))
                                             Rows Removed by Filter: 73019
                                             Buffers: shared hit=1347 read=127
                           ->  Hash  (cost=16906.00..16906.00 rows=42412 width=12) (actual time=140.472..140.472 rows=42041 loops=1)
                                 Buckets: 65536  Batches: 1  Memory Usage: 2319kB
                                 Buffers: shared hit=2890 read=11466
                                 ->  Seq Scan on item  (cost=0.00..16906.00 rows=42412 width=12) (actual time=0.015..132.020 rows=42041 loops=1)
                                       Filter: (i_category = 'Electronics'::bpchar)
                                       Rows Removed by Filter: 161959
                                       Buffers: shared hit=2890 read=11466
                     ->  Index Scan using customer_pkey on customer  (cost=0.43..7.65 rows=1 width=8) (actual time=0.019..0.019 rows=0 loops=249986)
                           Index Cond: (c_customer_sk = store_sales.ss_customer_sk)
                           Filter: (c_birth_month = 1)
                           Rows Removed by Filter: 1
                           Buffers: shared hit=987775 read=5
               ->  Index Scan using customer_address_pkey on customer_address  (cost=0.42..7.65 rows=1 width=15) (actual time=0.021..0.021 rows=0 loops=23605)
                     Index Cond: (ca_address_sk = customer.c_current_addr_sk)
                     Filter: (ca_state = 'NY'::bpchar)
                     Rows Removed by Filter: 1
                     Buffers: shared hit=88730 read=5690
         ->  Hash  (cost=22.02..22.02 rows=402 width=15) (actual time=0.864..0.865 rows=402 loops=1)
               Buckets: 1024  Batches: 1  Memory Usage: 27kB
               Buffers: shared hit=16 read=2
               ->  Seq Scan on store  (cost=0.00..22.02 rows=402 width=15) (actual time=0.028..0.718 rows=402 loops=1)
                     Buffers: shared hit=16 read=2
 Planning:
   Buffers: shared hit=460
 Planning Time: 4.712 ms
 Execution Time: 85149.008 ms
(54 rows)

