                                                                            QUERY PLAN                                                                            
------------------------------------------------------------------------------------------------------------------------------------------------------------------
 Aggregate  (cost=9746552.36..9746552.37 rows=1 width=40) (actual time=80020.357..80020.363 rows=1 loops=1)
   Buffers: shared hit=621461 read=5137775
   ->  Nested Loop  (cost=19811.93..9746552.35 rows=2 width=14) (actual time=52161.508..80020.222 rows=78 loops=1)
         Join Filter: ("substring"((customer_address.ca_zip)::text, 1, 5) <> "substring"((store.s_zip)::text, 1, 5))
         Rows Removed by Join Filter: 1
         Buffers: shared hit=621461 read=5137775
         ->  Nested Loop  (cost=19811.79..9746540.86 rows=2 width=29) (actual time=52161.479..80018.498 rows=80 loops=1)
               Buffers: shared hit=621303 read=5137775
               ->  Nested Loop  (cost=19811.36..9745469.11 rows=140 width=22) (actual time=52133.891..79920.674 rows=4602 loops=1)
                     Buffers: shared hit=603560 read=5137110
                     ->  Hash Join  (cost=19810.93..9711937.72 rows=4383 width=22) (actual time=52133.411..77384.923 rows=141517 loops=1)
                           Hash Cond: (store_sales.ss_item_sk = item.i_item_sk)
                           Buffers: shared hit=44272 read=5137110
                           ->  Hash Join  (cost=2570.12..9694609.28 rows=33382 width=18) (actual time=52016.135..77040.946 rows=1311179 loops=1)
                                 Hash Cond: (store_sales.ss_sold_date_sk = date_dim.d_date_sk)
                                 Buffers: shared hit=33592 read=5133434
                                 ->  Seq Scan on store_sales  (cost=0.00..9485539.52 rows=78662172 width=22) (actual time=0.063..72089.399 rows=78419996 loops=1)
                                       Filter: ((ss_wholesale_cost >= '72'::numeric) AND (ss_wholesale_cost <= '92'::numeric))
                                       Rows Removed by Filter: 209577028
                                       Buffers: shared hit=32129 read=5133423
                                 ->  Hash  (cost=2569.73..2569.73 rows=31 width=4) (actual time=18.043..18.044 rows=31 loops=1)
                                       Buckets: 1024  Batches: 1  Memory Usage: 10kB
                                       Buffers: shared hit=1463 read=11
                                       ->  Seq Scan on date_dim  (cost=0.00..2569.73 rows=31 width=4) (actual time=9.931..18.030 rows=31 loops=1)
                                             Filter: ((d_year = 2001) AND (d_moy = 8))
                                             Rows Removed by Filter: 73018
                                             Buffers: shared hit=1463 read=11
                           ->  Hash  (cost=16906.00..16906.00 rows=26785 width=12) (actual time=117.138..117.139 rows=26695 loops=1)
                                 Buckets: 32768  Batches: 1  Memory Usage: 1403kB
                                 Buffers: shared hit=10680 read=3676
                                 ->  Seq Scan on item  (cost=0.00..16906.00 rows=26785 width=12) (actual time=0.017..112.117 rows=26695 loops=1)
                                       Filter: (i_category = 'Children'::bpchar)
                                       Rows Removed by Filter: 177305
                                       Buffers: shared hit=10680 read=3676
                     ->  Index Scan using customer_pkey on customer  (cost=0.43..7.65 rows=1 width=8) (actual time=0.018..0.018 rows=0 loops=141517)
                           Index Cond: (c_customer_sk = store_sales.ss_customer_sk)
                           Filter: (c_birth_month = 6)
                           Rows Removed by Filter: 1
                           Buffers: shared hit=559288
               ->  Index Scan using customer_address_pkey on customer_address  (cost=0.42..7.66 rows=1 width=15) (actual time=0.021..0.021 rows=0 loops=4602)
                     Index Cond: (ca_address_sk = customer.c_current_addr_sk)
                     Filter: (ca_state = 'WV'::bpchar)
                     Rows Removed by Filter: 1
                     Buffers: shared hit=17743 read=665
         ->  Index Scan using store_pkey on store  (cost=0.15..5.72 rows=1 width=15) (actual time=0.017..0.017 rows=1 loops=80)
               Index Cond: (s_store_sk = store_sales.ss_store_sk)
               Buffers: shared hit=158
 Planning:
   Buffers: shared hit=460
 Planning Time: 4.641 ms
 Execution Time: 80020.877 ms
(51 rows)

