                                                                            QUERY PLAN                                                                            
------------------------------------------------------------------------------------------------------------------------------------------------------------------
 Aggregate  (cost=9741168.95..9741168.96 rows=1 width=40) (actual time=76338.752..76338.758 rows=1 loops=1)
   Buffers: shared hit=79534 read=5132184
   ->  Hash Join  (cost=17046.40..9741168.90 rows=6 width=14) (actual time=16897.805..76338.736 rows=8 loops=1)
         Hash Cond: (store_sales.ss_store_sk = store.s_store_sk)
         Join Filter: ("substring"((customer_address.ca_zip)::text, 1, 5) <> "substring"((store.s_zip)::text, 1, 5))
         Rows Removed by Join Filter: 2
         Buffers: shared hit=79534 read=5132184
         ->  Nested Loop  (cost=17019.36..9741141.84 rows=6 width=29) (actual time=16896.613..76337.519 rows=10 loops=1)
               Buffers: shared hit=79517 read=5132183
               ->  Nested Loop  (cost=17018.93..9740208.62 rows=122 width=22) (actual time=16889.376..76329.179 rows=690 loops=1)
                     Buffers: shared hit=76877 read=5132063
                     ->  Nested Loop  (cost=17018.50..9732252.27 rows=1040 width=22) (actual time=16888.648..76266.081 rows=5771 loops=1)
                           Buffers: shared hit=54049 read=5132063
                           ->  Hash Join  (cost=17018.20..9653584.02 rows=2531436 width=26) (actual time=147.140..75851.774 rows=1256692 loops=1)
                                 Hash Cond: (store_sales.ss_item_sk = item.i_item_sk)
                                 Buffers: shared hit=47845 read=5132063
                                 ->  Seq Scan on store_sales  (cost=0.00..9485539.52 rows=57532634 width=22) (actual time=0.031..69919.305 rows=57752041 loops=1)
                                       Filter: ((ss_wholesale_cost >= '75'::numeric) AND (ss_wholesale_cost <= '95'::numeric))
                                       Rows Removed by Filter: 230244983
                                       Buffers: shared hit=33720 read=5131832
                                 ->  Hash  (cost=16906.00..16906.00 rows=8976 width=12) (actual time=146.912..146.913 rows=8826 loops=1)
                                       Buckets: 16384  Batches: 1  Memory Usage: 508kB
                                       Buffers: shared hit=14125 read=231
                                       ->  Seq Scan on item  (cost=0.00..16906.00 rows=8976 width=12) (actual time=0.398..144.879 rows=8826 loops=1)
                                             Filter: (i_category = 'Jewelry'::bpchar)
                                             Rows Removed by Filter: 195174
                                             Buffers: shared hit=14125 read=231
                           ->  Memoize  (cost=0.30..7.51 rows=1 width=4) (actual time=0.000..0.000 rows=0 loops=1256692)
                                 Cache Key: store_sales.ss_sold_date_sk
                                 Cache Mode: logical
                                 Hits: 1254623  Misses: 2069  Evictions: 0  Overflows: 0  Memory Usage: 139kB
                                 Buffers: shared hit=6204
                                 ->  Index Scan using date_dim_pkey on date_dim  (cost=0.29..7.50 rows=1 width=4) (actual time=0.016..0.016 rows=0 loops=2069)
                                       Index Cond: (d_date_sk = store_sales.ss_sold_date_sk)
                                       Filter: ((d_year = 1999) AND (d_moy = 4))
                                       Rows Removed by Filter: 1
                                       Buffers: shared hit=6204
                     ->  Index Scan using customer_pkey on customer  (cost=0.43..7.65 rows=1 width=8) (actual time=0.011..0.011 rows=0 loops=5771)
                           Index Cond: (c_customer_sk = store_sales.ss_customer_sk)
                           Filter: (c_birth_month = 8)
                           Rows Removed by Filter: 1
                           Buffers: shared hit=22828
               ->  Index Scan using customer_address_pkey on customer_address  (cost=0.42..7.65 rows=1 width=15) (actual time=0.012..0.012 rows=0 loops=690)
                     Index Cond: (ca_address_sk = customer.c_current_addr_sk)
                     Filter: (ca_state = 'GA'::bpchar)
                     Rows Removed by Filter: 1
                     Buffers: shared hit=2640 read=120
         ->  Hash  (cost=22.02..22.02 rows=402 width=15) (actual time=1.167..1.168 rows=402 loops=1)
               Buckets: 1024  Batches: 1  Memory Usage: 27kB
               Buffers: shared hit=17 read=1
               ->  Seq Scan on store  (cost=0.00..22.02 rows=402 width=15) (actual time=0.021..1.058 rows=402 loops=1)
                     Buffers: shared hit=17 read=1
 Planning:
   Buffers: shared hit=460
 Planning Time: 3.751 ms
 Execution Time: 76339.215 ms
(56 rows)

