                                                                            QUERY PLAN                                                                            
------------------------------------------------------------------------------------------------------------------------------------------------------------------
 Aggregate  (cost=9773051.35..9773051.36 rows=1 width=40) (actual time=91198.675..91198.681 rows=1 loops=1)
   Buffers: shared hit=1740113 read=5136253
   ->  Nested Loop  (cost=2571.54..9773051.27 rows=10 width=14) (actual time=9676.231..91198.526 rows=50 loops=1)
         Join Filter: ("substring"((customer_address.ca_zip)::text, 1, 5) <> "substring"((store.s_zip)::text, 1, 5))
         Rows Removed by Join Filter: 2
         Buffers: shared hit=1740113 read=5136253
         ->  Nested Loop  (cost=2571.39..9772993.84 rows=10 width=29) (actual time=9676.204..91196.906 rows=52 loops=1)
               Buffers: shared hit=1740011 read=5136251
               ->  Nested Loop  (cost=2570.97..9772029.96 rows=126 width=22) (actual time=8893.088..91106.332 rows=2781 loops=1)
                     Buffers: shared hit=1729667 read=5135471
                     ->  Nested Loop  (cost=2570.55..9757323.81 rows=1926 width=18) (actual time=8892.084..90058.912 rows=37610 loops=1)
                           Buffers: shared hit=1584505 read=5130193
                           ->  Hash Join  (cost=2570.12..9608471.16 rows=19457 width=18) (actual time=8891.548..79930.984 rows=391722 loops=1)
                                 Hash Cond: (store_sales.ss_sold_date_sk = date_dim.d_date_sk)
                                 Buffers: shared hit=36943 read=5130083
                                 ->  Seq Scan on store_sales  (cost=0.00..9485539.52 rows=45849467 width=22) (actual time=0.300..76591.690 rows=46160898 loops=1)
                                       Filter: ((ss_wholesale_cost >= '80'::numeric) AND (ss_wholesale_cost <= '100'::numeric))
                                       Rows Removed by Filter: 241836126
                                       Buffers: shared hit=35622 read=5129930
                                 ->  Hash  (cost=2569.73..2569.73 rows=31 width=4) (actual time=21.292..21.293 rows=31 loops=1)
                                       Buckets: 1024  Batches: 1  Memory Usage: 10kB
                                       Buffers: shared hit=1321 read=153
                                       ->  Seq Scan on date_dim  (cost=0.00..2569.73 rows=31 width=4) (actual time=11.367..21.279 rows=31 loops=1)
                                             Filter: ((d_year = 1998) AND (d_moy = 8))
                                             Rows Removed by Filter: 73018
                                             Buffers: shared hit=1321 read=153
                           ->  Index Scan using customer_pkey on customer  (cost=0.43..7.65 rows=1 width=8) (actual time=0.026..0.026 rows=0 loops=391722)
                                 Index Cond: (c_customer_sk = store_sales.ss_customer_sk)
                                 Filter: (c_birth_month = 1)
                                 Rows Removed by Filter: 1
                                 Buffers: shared hit=1547562 read=110
                     ->  Index Scan using item_pkey on item  (cost=0.42..7.64 rows=1 width=12) (actual time=0.027..0.027 rows=0 loops=37610)
                           Index Cond: (i_item_sk = store_sales.ss_item_sk)
                           Filter: (i_category = 'Men'::bpchar)
                           Rows Removed by Filter: 1
                           Buffers: shared hit=145162 read=5278
               ->  Index Scan using customer_address_pkey on customer_address  (cost=0.42..7.65 rows=1 width=15) (actual time=0.032..0.032 rows=0 loops=2781)
                     Index Cond: (ca_address_sk = customer.c_current_addr_sk)
                     Filter: (ca_state = 'TX'::bpchar)
                     Rows Removed by Filter: 1
                     Buffers: shared hit=10344 read=780
         ->  Index Scan using store_pkey on store  (cost=0.15..5.72 rows=1 width=15) (actual time=0.025..0.025 rows=1 loops=52)
               Index Cond: (s_store_sk = store_sales.ss_store_sk)
               Buffers: shared hit=102 read=2
 Planning:
   Buffers: shared hit=460
 Planning Time: 2.285 ms
 Execution Time: 91198.955 ms
(48 rows)

