                                                                             QUERY PLAN                                                                              
---------------------------------------------------------------------------------------------------------------------------------------------------------------------
 Aggregate  (cost=9754712.05..9754712.06 rows=1 width=40) (actual time=93319.335..93319.340 rows=1 loops=1)
   Buffers: shared hit=1829674 read=5132382
   ->  Nested Loop  (cost=2571.50..9754712.01 rows=5 width=14) (actual time=45974.831..93319.152 rows=71 loops=1)
         Join Filter: ("substring"((customer_address.ca_zip)::text, 1, 5) <> "substring"((store.s_zip)::text, 1, 5))
         Rows Removed by Join Filter: 2
         Buffers: shared hit=1829674 read=5132382
         ->  Nested Loop  (cost=2571.36..9754683.30 rows=5 width=29) (actual time=45974.798..93316.201 rows=76 loops=1)
               Buffers: shared hit=1829529 read=5132381
               ->  Nested Loop  (cost=2570.94..9754148.80 rows=70 width=25) (actual time=45715.524..93297.976 rows=669 loops=1)
                     Buffers: shared hit=1827037 read=5132197
                     ->  Nested Loop  (cost=2570.51..9742918.18 rows=1468 width=18) (actual time=45711.354..92361.390 rows=33672 loops=1)
                           Buffers: shared hit=1696771 read=5127775
                           ->  Hash Join  (cost=2570.08..9608471.12 rows=17574 width=18) (actual time=45711.251..80908.445 rows=419465 loops=1)
                                 Hash Cond: (store_sales.ss_sold_date_sk = date_dim.d_date_sk)
                                 Buffers: shared hit=39297 read=5127729
                                 ->  Seq Scan on store_sales  (cost=0.00..9485539.52 rows=45849467 width=22) (actual time=0.227..77507.214 rows=46160898 loops=1)
                                       Filter: ((ss_wholesale_cost >= '80'::numeric) AND (ss_wholesale_cost <= '100'::numeric))
                                       Rows Removed by Filter: 241836126
                                       Buffers: shared hit=37950 read=5127602
                                 ->  Hash  (cost=2569.73..2569.73 rows=28 width=4) (actual time=22.153..22.154 rows=28 loops=1)
                                       Buckets: 1024  Batches: 1  Memory Usage: 9kB
                                       Buffers: shared hit=1347 read=127
                                       ->  Seq Scan on date_dim  (cost=0.00..2569.73 rows=28 width=4) (actual time=15.007..22.139 rows=28 loops=1)
                                             Filter: ((d_year = 2001) AND (d_moy = 2))
                                             Rows Removed by Filter: 73021
                                             Buffers: shared hit=1347 read=127
                           ->  Index Scan using customer_pkey on customer  (cost=0.43..7.65 rows=1 width=8) (actual time=0.027..0.027 rows=0 loops=419465)
                                 Index Cond: (c_customer_sk = store_sales.ss_customer_sk)
                                 Filter: (c_birth_month = 11)
                                 Rows Removed by Filter: 1
                                 Buffers: shared hit=1657474 read=46
                     ->  Index Scan using customer_address_pkey on customer_address  (cost=0.42..7.65 rows=1 width=15) (actual time=0.027..0.027 rows=0 loops=33672)
                           Index Cond: (ca_address_sk = customer.c_current_addr_sk)
                           Filter: (ca_state = 'GA'::bpchar)
                           Rows Removed by Filter: 1
                           Buffers: shared hit=130266 read=4422
               ->  Index Scan using item_pkey on item  (cost=0.42..7.64 rows=1 width=12) (actual time=0.026..0.026 rows=0 loops=669)
                     Index Cond: (i_item_sk = store_sales.ss_item_sk)
                     Filter: (i_category = 'Men'::bpchar)
                     Rows Removed by Filter: 1
                     Buffers: shared hit=2492 read=184
         ->  Index Scan using store_pkey on store  (cost=0.15..5.72 rows=1 width=15) (actual time=0.032..0.033 rows=1 loops=76)
               Index Cond: (s_store_sk = store_sales.ss_store_sk)
               Buffers: shared hit=145 read=1
 Planning:
   Buffers: shared hit=460
 Planning Time: 2.464 ms
 Execution Time: 93319.608 ms
(48 rows)

