                                                                            QUERY PLAN                                                                            
------------------------------------------------------------------------------------------------------------------------------------------------------------------
 Aggregate  (cost=9624317.39..9624317.40 rows=1 width=40) (actual time=86954.998..86955.004 rows=1 loops=1)
   Buffers: shared hit=244636 read=5129704
   ->  Hash Join  (cost=19817.15..9624317.33 rows=9 width=14) (actual time=67175.193..86954.905 rows=42 loops=1)
         Hash Cond: (store_sales.ss_store_sk = store.s_store_sk)
         Join Filter: ("substring"((customer_address.ca_zip)::text, 1, 5) <> "substring"((store.s_zip)::text, 1, 5))
         Buffers: shared hit=244636 read=5129704
         ->  Nested Loop  (cost=19790.10..9624290.26 rows=9 width=29) (actual time=67174.408..86953.977 rows=42 loops=1)
               Buffers: shared hit=244618 read=5129704
               ->  Nested Loop  (cost=19789.68..9623417.96 rows=114 width=22) (actual time=67173.106..86916.914 rows=2626 loops=1)
                     Buffers: shared hit=234938 read=5128880
                     ->  Hash Join  (cost=19789.25..9608293.23 rows=1977 width=22) (actual time=67168.918..86298.741 rows=46132 loops=1)
                           Hash Cond: (store_sales.ss_item_sk = item.i_item_sk)
                           Buffers: shared hit=52513 read=5128869
                           ->  Hash Join  (cost=2570.11..9591031.83 rows=16101 width=18) (actual time=67050.549..86090.040 rows=517158 loops=1)
                                 Hash Cond: (store_sales.ss_sold_date_sk = date_dim.d_date_sk)
                                 Buffers: shared hit=38395 read=5128631
                                 ->  Seq Scan on store_sales  (cost=0.00..9485539.52 rows=39206286 width=22) (actual time=0.127..83250.424 rows=39350281 loops=1)
                                       Filter: ((ss_wholesale_cost >= '29'::numeric) AND (ss_wholesale_cost <= '49'::numeric))
                                       Rows Removed by Filter: 248646743
                                       Buffers: shared hit=37059 read=5128493
                                 ->  Hash  (cost=2569.73..2569.73 rows=30 width=4) (actual time=18.035..18.036 rows=30 loops=1)
                                       Buckets: 1024  Batches: 1  Memory Usage: 10kB
                                       Buffers: shared hit=1336 read=138
                                       ->  Seq Scan on date_dim  (cost=0.00..2569.73 rows=30 width=4) (actual time=11.982..18.020 rows=30 loops=1)
                                             Filter: ((d_year = 2002) AND (d_moy = 6))
                                             Rows Removed by Filter: 73019
                                             Buffers: shared hit=1336 read=138
                           ->  Hash  (cost=16906.00..16906.00 rows=25051 width=12) (actual time=118.163..118.164 rows=24688 loops=1)
                                 Buckets: 32768  Batches: 1  Memory Usage: 1317kB
                                 Buffers: shared hit=14118 read=238
                                 ->  Seq Scan on item  (cost=0.00..16906.00 rows=25051 width=12) (actual time=0.011..112.779 rows=24688 loops=1)
                                       Filter: (i_category = 'Books'::bpchar)
                                       Rows Removed by Filter: 179312
                                       Buffers: shared hit=14118 read=238
                     ->  Index Scan using customer_pkey on customer  (cost=0.43..7.65 rows=1 width=8) (actual time=0.013..0.013 rows=0 loops=46132)
                           Index Cond: (c_customer_sk = store_sales.ss_customer_sk)
                           Filter: (c_birth_month = 3)
                           Rows Removed by Filter: 1
                           Buffers: shared hit=182425 read=11
               ->  Index Scan using customer_address_pkey on customer_address  (cost=0.42..7.65 rows=1 width=15) (actual time=0.014..0.014 rows=0 loops=2626)
                     Index Cond: (ca_address_sk = customer.c_current_addr_sk)
                     Filter: (ca_state = 'TX'::bpchar)
                     Rows Removed by Filter: 1
                     Buffers: shared hit=9680 read=824
         ->  Hash  (cost=22.02..22.02 rows=402 width=15) (actual time=0.760..0.761 rows=402 loops=1)
               Buckets: 1024  Batches: 1  Memory Usage: 27kB
               Buffers: shared hit=18
               ->  Seq Scan on store  (cost=0.00..22.02 rows=402 width=15) (actual time=0.024..0.604 rows=402 loops=1)
                     Buffers: shared hit=18
 Planning:
   Buffers: shared hit=460
 Planning Time: 5.001 ms
 Execution Time: 86955.420 ms
(53 rows)

