                                                                            QUERY PLAN                                                                            
------------------------------------------------------------------------------------------------------------------------------------------------------------------
 Aggregate  (cost=9753908.88..9753908.89 rows=1 width=40) (actual time=88441.916..88441.924 rows=1 loops=1)
   Buffers: shared hit=107121 read=5144925
   ->  Nested Loop  (cost=19688.67..9753908.86 rows=3 width=14) (actual time=19536.558..88441.896 rows=9 loops=1)
         Join Filter: ("substring"((customer_address.ca_zip)::text, 1, 5) <> "substring"((store.s_zip)::text, 1, 5))
         Rows Removed by Join Filter: 1
         Buffers: shared hit=107121 read=5144925
         ->  Nested Loop  (cost=19688.53..9753891.63 rows=3 width=29) (actual time=19536.532..88441.756 rows=10 loops=1)
               Buffers: shared hit=107101 read=5144925
               ->  Nested Loop  (cost=19688.10..9752797.31 rows=143 width=22) (actual time=19523.463..88430.329 rows=855 loops=1)
                     Buffers: shared hit=103795 read=5144811
                     ->  Hash Join  (cost=19687.67..9730443.06 rows=2922 width=22) (actual time=19522.892..88232.296 rows=17004 loops=1)
                           Hash Cond: (store_sales.ss_item_sk = item.i_item_sk)
                           Buffers: shared hit=36571 read=5144811
                           ->  Hash Join  (cost=2570.11..9713233.05 rows=35219 width=18) (actual time=19390.841..88037.885 rows=402499 loops=1)
                                 Hash Cond: (store_sales.ss_sold_date_sk = date_dim.d_date_sk)
                                 Buffers: shared hit=34116 read=5132910
                                 ->  Seq Scan on store_sales  (cost=0.00..9485539.52 rows=85756551 width=22) (actual time=0.177..82417.974 rows=85367142 loops=1)
                                       Filter: ((ss_wholesale_cost >= '60'::numeric) AND (ss_wholesale_cost <= '80'::numeric))
                                       Rows Removed by Filter: 202629882
                                       Buffers: shared hit=32787 read=5132765
                                 ->  Hash  (cost=2569.73..2569.73 rows=30 width=4) (actual time=11.548..11.550 rows=30 loops=1)
                                       Buckets: 1024  Batches: 1  Memory Usage: 10kB
                                       Buffers: shared hit=1329 read=145
                                       ->  Seq Scan on date_dim  (cost=0.00..2569.73 rows=30 width=4) (actual time=5.731..11.538 rows=30 loops=1)
                                             Filter: ((d_year = 1999) AND (d_moy = 4))
                                             Rows Removed by Filter: 73019
                                             Buffers: shared hit=1329 read=145
                           ->  Hash  (cost=16906.00..16906.00 rows=16925 width=12) (actual time=131.893..131.894 rows=17141 loops=1)
                                 Buckets: 32768  Batches: 1  Memory Usage: 993kB
                                 Buffers: shared hit=2455 read=11901
                                 ->  Seq Scan on item  (cost=0.00..16906.00 rows=16925 width=12) (actual time=0.016..127.513 rows=17141 loops=1)
                                       Filter: (i_category = 'Home'::bpchar)
                                       Rows Removed by Filter: 186859
                                       Buffers: shared hit=2455 read=11901
                     ->  Index Scan using customer_pkey on customer  (cost=0.43..7.65 rows=1 width=8) (actual time=0.011..0.011 rows=0 loops=17004)
                           Index Cond: (c_customer_sk = store_sales.ss_customer_sk)
                           Filter: (c_birth_month = 7)
                           Rows Removed by Filter: 1
                           Buffers: shared hit=67224
               ->  Index Scan using customer_address_pkey on customer_address  (cost=0.42..7.65 rows=1 width=15) (actual time=0.013..0.013 rows=0 loops=855)
                     Index Cond: (ca_address_sk = customer.c_current_addr_sk)
                     Filter: (ca_state = 'WI'::bpchar)
                     Rows Removed by Filter: 1
                     Buffers: shared hit=3306 read=114
         ->  Index Scan using store_pkey on store  (cost=0.15..5.72 rows=1 width=15) (actual time=0.008..0.008 rows=1 loops=10)
               Index Cond: (s_store_sk = store_sales.ss_store_sk)
               Buffers: shared hit=20
 Planning:
   Buffers: shared hit=460
 Planning Time: 1.752 ms
 Execution Time: 88442.229 ms
(51 rows)

