                                                                             QUERY PLAN                                                                             
--------------------------------------------------------------------------------------------------------------------------------------------------------------------
 Aggregate  (cost=9618240.32..9618240.33 rows=1 width=40) (actual time=88358.671..88358.677 rows=1 loops=1)
   Buffers: shared hit=788161 read=5133523
   ->  Nested Loop  (cost=2571.54..9618240.32 rows=1 width=14) (actual time=10107.176..88358.613 rows=19 loops=1)
         Join Filter: ("substring"((customer_address.ca_zip)::text, 1, 5) <> "substring"((store.s_zip)::text, 1, 5))
         Buffers: shared hit=788161 read=5133523
         ->  Nested Loop  (cost=2571.39..9618234.57 rows=1 width=29) (actual time=10107.143..88358.283 rows=19 loops=1)
               Buffers: shared hit=788124 read=5133522
               ->  Nested Loop  (cost=2570.97..9618165.85 rows=9 width=25) (actual time=9089.681..88354.990 rows=148 loops=1)
                     Buffers: shared hit=787536 read=5133518
                     ->  Nested Loop  (cost=2570.55..9615899.86 rows=296 width=18) (actual time=9088.739..88192.884 rows=5944 loops=1)
                           Buffers: shared hit=764330 read=5132948
                           ->  Hash Join  (cost=2570.12..9545241.04 rows=9236 width=18) (actual time=9086.305..83375.346 rows=184796 loops=1)
                                 Hash Cond: (store_sales.ss_sold_date_sk = date_dim.d_date_sk)
                                 Buffers: shared hit=34078 read=5132948
                                 ->  Seq Scan on store_sales  (cost=0.00..9485539.52 rows=21763138 width=22) (actual time=0.135..81666.429 rows=21807357 loops=1)
                                       Filter: ((ss_wholesale_cost >= '17'::numeric) AND (ss_wholesale_cost <= '37'::numeric))
                                       Rows Removed by Filter: 266189667
                                       Buffers: shared hit=32734 read=5132818
                                 ->  Hash  (cost=2569.73..2569.73 rows=31 width=4) (actual time=18.311..18.312 rows=31 loops=1)
                                       Buckets: 1024  Batches: 1  Memory Usage: 10kB
                                       Buffers: shared hit=1344 read=130
                                       ->  Seq Scan on date_dim  (cost=0.00..2569.73 rows=31 width=4) (actual time=10.548..18.301 rows=31 loops=1)
                                             Filter: ((d_year = 1998) AND (d_moy = 8))
                                             Rows Removed by Filter: 73018
                                             Buffers: shared hit=1344 read=130
                           ->  Index Scan using customer_pkey on customer  (cost=0.43..7.65 rows=1 width=8) (actual time=0.026..0.026 rows=0 loops=184796)
                                 Index Cond: (c_customer_sk = store_sales.ss_customer_sk)
                                 Filter: (c_birth_month = 6)
                                 Rows Removed by Filter: 1
                                 Buffers: shared hit=730252
                     ->  Index Scan using customer_address_pkey on customer_address  (cost=0.42..7.66 rows=1 width=15) (actual time=0.027..0.027 rows=0 loops=5944)
                           Index Cond: (ca_address_sk = customer.c_current_addr_sk)
                           Filter: (ca_state = 'TN'::bpchar)
                           Rows Removed by Filter: 1
                           Buffers: shared hit=23206 read=570
               ->  Index Scan using item_pkey on item  (cost=0.42..7.64 rows=1 width=12) (actual time=0.021..0.021 rows=0 loops=148)
                     Index Cond: (i_item_sk = store_sales.ss_item_sk)
                     Filter: (i_category = 'Children'::bpchar)
                     Rows Removed by Filter: 1
                     Buffers: shared hit=588 read=4
         ->  Index Scan using store_pkey on store  (cost=0.15..5.72 rows=1 width=15) (actual time=0.010..0.010 rows=1 loops=19)
               Index Cond: (s_store_sk = store_sales.ss_store_sk)
               Buffers: shared hit=37 read=1
 Planning:
   Buffers: shared hit=460
 Planning Time: 3.722 ms
 Execution Time: 88359.055 ms
(47 rows)

