                                                                            QUERY PLAN                                                                            
------------------------------------------------------------------------------------------------------------------------------------------------------------------
 Aggregate  (cost=9667241.12..9667241.13 rows=1 width=40) (actual time=88587.213..88587.221 rows=1 loops=1)
   Buffers: shared hit=308422 read=5130514
   ->  Hash Join  (cost=19670.26..9667241.08 rows=6 width=14) (actual time=76896.638..88587.118 rows=37 loops=1)
         Hash Cond: (store_sales.ss_store_sk = store.s_store_sk)
         Join Filter: ("substring"((customer_address.ca_zip)::text, 1, 5) <> "substring"((store.s_zip)::text, 1, 5))
         Rows Removed by Join Filter: 1
         Buffers: shared hit=308422 read=5130514
         ->  Nested Loop  (cost=19643.21..9667214.02 rows=6 width=29) (actual time=76895.892..88586.208 rows=39 loops=1)
               Buffers: shared hit=308405 read=5130513
               ->  Nested Loop  (cost=19642.79..9666663.03 rows=72 width=22) (actual time=76888.460..88526.133 rows=2865 loops=1)
                     Buffers: shared hit=297699 read=5129759
                     ->  Hash Join  (cost=19642.36..9655340.54 rows=1480 width=22) (actual time=76888.235..87365.952 rows=62323 loops=1)
                           Hash Cond: (store_sales.ss_item_sk = item.i_item_sk)
                           Buffers: shared hit=51623 read=5129759
                           ->  Hash Join  (cost=2570.10..9638208.69 rows=22699 width=18) (actual time=76780.460..87159.761 rows=533654 loops=1)
                                 Hash Cond: (store_sales.ss_sold_date_sk = date_dim.d_date_sk)
                                 Buffers: shared hit=37269 read=5129757
                                 ->  Seq Scan on store_sales  (cost=0.00..9485539.52 rows=57177434 width=22) (actual time=0.020..83236.034 rows=56890659 loops=1)
                                       Filter: ((ss_wholesale_cost >= '40'::numeric) AND (ss_wholesale_cost <= '60'::numeric))
                                       Rows Removed by Filter: 231106365
                                       Buffers: shared hit=35796 read=5129756
                                 ->  Hash  (cost=2569.73..2569.73 rows=29 width=4) (actual time=14.103..14.105 rows=30 loops=1)
                                       Buckets: 1024  Batches: 1  Memory Usage: 10kB
                                       Buffers: shared hit=1473 read=1
                                       ->  Seq Scan on date_dim  (cost=0.00..2569.73 rows=29 width=4) (actual time=6.663..14.092 rows=30 loops=1)
                                             Filter: ((d_year = 2002) AND (d_moy = 11))
                                             Rows Removed by Filter: 73019
                                             Buffers: shared hit=1473 read=1
                           ->  Hash  (cost=16906.00..16906.00 rows=13301 width=12) (actual time=107.661..107.662 rows=13933 loops=1)
                                 Buckets: 16384  Batches: 1  Memory Usage: 727kB
                                 Buffers: shared hit=14354 read=2
                                 ->  Seq Scan on item  (cost=0.00..16906.00 rows=13301 width=12) (actual time=0.011..104.740 rows=13933 loops=1)
                                       Filter: (i_category = 'Men'::bpchar)
                                       Rows Removed by Filter: 190067
                                       Buffers: shared hit=14354 read=2
                     ->  Index Scan using customer_pkey on customer  (cost=0.43..7.65 rows=1 width=8) (actual time=0.018..0.018 rows=0 loops=62323)
                           Index Cond: (c_customer_sk = store_sales.ss_customer_sk)
                           Filter: (c_birth_month = 7)
                           Rows Removed by Filter: 1
                           Buffers: shared hit=246076
               ->  Index Scan using customer_address_pkey on customer_address  (cost=0.42..7.65 rows=1 width=15) (actual time=0.021..0.021 rows=0 loops=2865)
                     Index Cond: (ca_address_sk = customer.c_current_addr_sk)
                     Filter: (ca_state = 'TX'::bpchar)
                     Rows Removed by Filter: 1
                     Buffers: shared hit=10706 read=754
         ->  Hash  (cost=22.02..22.02 rows=402 width=15) (actual time=0.730..0.731 rows=402 loops=1)
               Buckets: 1024  Batches: 1  Memory Usage: 27kB
               Buffers: shared hit=17 read=1
               ->  Seq Scan on store  (cost=0.00..22.02 rows=402 width=15) (actual time=0.013..0.672 rows=402 loops=1)
                     Buffers: shared hit=17 read=1
 Planning:
   Buffers: shared hit=460
 Planning Time: 1.739 ms
 Execution Time: 88587.484 ms
(54 rows)

