                                                                            QUERY PLAN                                                                            
------------------------------------------------------------------------------------------------------------------------------------------------------------------
 Aggregate  (cost=9631469.85..9631469.86 rows=1 width=40) (actual time=87439.128..87439.134 rows=1 loops=1)
   Buffers: shared hit=140889 read=5127151
   ->  Nested Loop  (cost=19750.21..9631469.82 rows=3 width=14) (actual time=4145.136..87439.086 rows=21 loops=1)
         Join Filter: ("substring"((customer_address.ca_zip)::text, 1, 5) <> "substring"((store.s_zip)::text, 1, 5))
         Buffers: shared hit=140889 read=5127151
         ->  Nested Loop  (cost=19750.06..9631452.59 rows=3 width=29) (actual time=4145.109..87438.834 rows=22 loops=1)
               Buffers: shared hit=140847 read=5127151
               ->  Nested Loop  (cost=19749.64..9630633.86 rows=107 width=22) (actual time=4094.314..87418.214 rows=1108 loops=1)
                     Buffers: shared hit=136857 read=5126709
                     ->  Hash Join  (cost=19749.21..9616396.57 rows=1861 width=22) (actual time=4093.846..87119.496 rows=20801 loops=1)
                           Hash Cond: (store_sales.ss_item_sk = item.i_item_sk)
                           Buffers: shared hit=54673 read=5126709
                           ->  Hash Join  (cost=2570.11..9599171.86 rows=17375 width=18) (actual time=3970.384..86955.880 rows=239861 loops=1)
                                 Hash Cond: (store_sales.ss_sold_date_sk = date_dim.d_date_sk)
                                 Buffers: shared hit=40319 read=5126707
                                 ->  Seq Scan on store_sales  (cost=0.00..9485539.52 rows=42307078 width=22) (actual time=0.061..83954.889 rows=43022880 loops=1)
                                       Filter: ((ss_wholesale_cost >= '2'::numeric) AND (ss_wholesale_cost <= '22'::numeric))
                                       Rows Removed by Filter: 244974144
                                       Buffers: shared hit=38845 read=5126707
                                 ->  Hash  (cost=2569.73..2569.73 rows=30 width=4) (actual time=21.772..21.773 rows=30 loops=1)
                                       Buckets: 1024  Batches: 1  Memory Usage: 10kB
                                       Buffers: shared hit=1474
                                       ->  Seq Scan on date_dim  (cost=0.00..2569.73 rows=30 width=4) (actual time=12.998..21.759 rows=30 loops=1)
                                             Filter: ((d_year = 1998) AND (d_moy = 4))
                                             Rows Removed by Filter: 73019
                                             Buffers: shared hit=1474
                           ->  Hash  (cost=16906.00..16906.00 rows=21848 width=12) (actual time=123.306..123.307 rows=21811 loops=1)
                                 Buckets: 32768  Batches: 1  Memory Usage: 1193kB
                                 Buffers: shared hit=14354 read=2
                                 ->  Seq Scan on item  (cost=0.00..16906.00 rows=21848 width=12) (actual time=0.029..119.073 rows=21811 loops=1)
                                       Filter: (i_category = 'Sports'::bpchar)
                                       Rows Removed by Filter: 182189
                                       Buffers: shared hit=14354 read=2
                     ->  Index Scan using customer_pkey on customer  (cost=0.43..7.65 rows=1 width=8) (actual time=0.014..0.014 rows=0 loops=20801)
                           Index Cond: (c_customer_sk = store_sales.ss_customer_sk)
                           Filter: (c_birth_month = 3)
                           Rows Removed by Filter: 1
                           Buffers: shared hit=82184
               ->  Index Scan using customer_address_pkey on customer_address  (cost=0.42..7.65 rows=1 width=15) (actual time=0.018..0.018 rows=0 loops=1108)
                     Index Cond: (ca_address_sk = customer.c_current_addr_sk)
                     Filter: (ca_state = 'MI'::bpchar)
                     Rows Removed by Filter: 1
                     Buffers: shared hit=3990 read=442
         ->  Index Scan using store_pkey on store  (cost=0.15..5.72 rows=1 width=15) (actual time=0.007..0.007 rows=1 loops=22)
               Index Cond: (s_store_sk = store_sales.ss_store_sk)
               Buffers: shared hit=42
 Planning:
   Buffers: shared hit=460
 Planning Time: 4.733 ms
 Execution Time: 87439.643 ms
(50 rows)

