                                                                            QUERY PLAN                                                                            
------------------------------------------------------------------------------------------------------------------------------------------------------------------
 Aggregate  (cost=9645161.91..9645161.92 rows=1 width=40) (actual time=74671.927..74671.933 rows=1 loops=1)
   Buffers: shared hit=234666 read=5135744
   ->  Nested Loop  (cost=19790.25..9645161.90 rows=1 width=14) (actual time=30751.572..74671.789 rows=72 loops=1)
         Join Filter: ("substring"((customer_address.ca_zip)::text, 1, 5) <> "substring"((store.s_zip)::text, 1, 5))
         Rows Removed by Join Filter: 2
         Buffers: shared hit=234666 read=5135744
         ->  Nested Loop  (cost=19790.10..9645156.16 rows=1 width=29) (actual time=30751.553..74670.575 rows=74 loops=1)
               Buffers: shared hit=234520 read=5135742
               ->  Nested Loop  (cost=19789.68..9643427.30 rows=226 width=22) (actual time=30715.712..74601.327 rows=4273 loops=1)
                     Buffers: shared hit=218372 read=5134798
                     ->  Hash Join  (cost=19789.25..9625739.71 rows=2312 width=22) (actual time=30714.799..73946.480 rows=43450 loops=1)
                           Hash Cond: (store_sales.ss_item_sk = item.i_item_sk)
                           Buffers: shared hit=46620 read=5134762
                           ->  Hash Join  (cost=2570.11..9608471.14 rows=18830 width=18) (actual time=30579.746..73719.423 rows=486968 loops=1)
                                 Hash Cond: (store_sales.ss_sold_date_sk = date_dim.d_date_sk)
                                 Buffers: shared hit=35637 read=5131389
                                 ->  Seq Scan on store_sales  (cost=0.00..9485539.52 rows=45849467 width=22) (actual time=0.055..70670.207 rows=46160898 loops=1)
                                       Filter: ((ss_wholesale_cost >= '80'::numeric) AND (ss_wholesale_cost <= '100'::numeric))
                                       Rows Removed by Filter: 241836126
                                       Buffers: shared hit=34163 read=5131389
                                 ->  Hash  (cost=2569.73..2569.73 rows=30 width=4) (actual time=21.162..21.163 rows=30 loops=1)
                                       Buckets: 1024  Batches: 1  Memory Usage: 10kB
                                       Buffers: shared hit=1474
                                       ->  Seq Scan on date_dim  (cost=0.00..2569.73 rows=30 width=4) (actual time=11.011..21.150 rows=30 loops=1)
                                             Filter: ((d_year = 2000) AND (d_moy = 6))
                                             Rows Removed by Filter: 73019
                                             Buffers: shared hit=1474
                           ->  Hash  (cost=16906.00..16906.00 rows=25051 width=12) (actual time=134.868..134.868 rows=24688 loops=1)
                                 Buckets: 32768  Batches: 1  Memory Usage: 1317kB
                                 Buffers: shared hit=10983 read=3373
                                 ->  Seq Scan on item  (cost=0.00..16906.00 rows=25051 width=12) (actual time=0.014..128.878 rows=24688 loops=1)
                                       Filter: (i_category = 'Books'::bpchar)
                                       Rows Removed by Filter: 179312
                                       Buffers: shared hit=10983 read=3373
                     ->  Index Scan using customer_pkey on customer  (cost=0.43..7.65 rows=1 width=8) (actual time=0.015..0.015 rows=0 loops=43450)
                           Index Cond: (c_customer_sk = store_sales.ss_customer_sk)
                           Filter: (c_birth_month = 2)
                           Rows Removed by Filter: 1
                           Buffers: shared hit=171752 read=36
               ->  Index Scan using customer_address_pkey on customer_address  (cost=0.42..7.65 rows=1 width=15) (actual time=0.016..0.016 rows=0 loops=4273)
                     Index Cond: (ca_address_sk = customer.c_current_addr_sk)
                     Filter: (ca_state = 'MA'::bpchar)
                     Rows Removed by Filter: 1
                     Buffers: shared hit=16148 read=944
         ->  Index Scan using store_pkey on store  (cost=0.15..5.72 rows=1 width=15) (actual time=0.011..0.011 rows=1 loops=74)
               Index Cond: (s_store_sk = store_sales.ss_store_sk)
               Buffers: shared hit=146 read=2
 Planning:
   Buffers: shared hit=460
 Planning Time: 3.989 ms
 Execution Time: 74672.392 ms
(51 rows)

