                                                                            QUERY PLAN                                                                            
------------------------------------------------------------------------------------------------------------------------------------------------------------------
 Aggregate  (cost=9664129.54..9664129.55 rows=1 width=40) (actual time=86222.141..86222.147 rows=1 loops=1)
   Buffers: shared hit=908603 read=5146265
   ->  Hash Join  (cost=20034.16..9664129.45 rows=11 width=14) (actual time=48870.793..86221.624 rows=409 loops=1)
         Hash Cond: (store_sales.ss_store_sk = store.s_store_sk)
         Join Filter: ("substring"((customer_address.ca_zip)::text, 1, 5) <> "substring"((store.s_zip)::text, 1, 5))
         Rows Removed by Join Filter: 4
         Buffers: shared hit=908603 read=5146265
         ->  Nested Loop  (cost=20007.11..9664102.38 rows=11 width=29) (actual time=48869.274..86218.972 rows=416 loops=1)
               Buffers: shared hit=908589 read=5146261
               ->  Nested Loop  (cost=20006.69..9661034.80 rows=401 width=22) (actual time=48858.304..85820.487 rows=19337 loops=1)
                     Buffers: shared hit=838480 read=5139022
                     ->  Hash Join  (cost=20006.26..9630066.23 rows=4048 width=22) (actual time=48858.195..81969.939 rows=201487 loops=1)
                           Hash Cond: (store_sales.ss_item_sk = item.i_item_sk)
                           Buffers: shared hit=42394 read=5138988
                           ->  Hash Join  (cost=2570.11..9612578.97 rows=19472 width=18) (actual time=48723.193..81609.490 rows=1031826 loops=1)
                                 Hash Cond: (store_sales.ss_sold_date_sk = date_dim.d_date_sk)
                                 Buffers: shared hit=34571 read=5132455
                                 ->  Seq Scan on store_sales  (cost=0.00..9485539.52 rows=47414263 width=22) (actual time=0.042..78296.747 rows=48370740 loops=1)
                                       Filter: ((ss_wholesale_cost >= '11'::numeric) AND (ss_wholesale_cost <= '31'::numeric))
                                       Rows Removed by Filter: 239626284
                                       Buffers: shared hit=33097 read=5132455
                                 ->  Hash  (cost=2569.73..2569.73 rows=30 width=4) (actual time=20.878..20.879 rows=31 loops=1)
                                       Buckets: 1024  Batches: 1  Memory Usage: 10kB
                                       Buffers: shared hit=1474
                                       ->  Seq Scan on date_dim  (cost=0.00..2569.73 rows=30 width=4) (actual time=11.963..20.868 rows=31 loops=1)
                                             Filter: ((d_year = 2001) AND (d_moy = 5))
                                             Rows Removed by Filter: 73018
                                             Buffers: shared hit=1474
                           ->  Hash  (cost=16906.00..16906.00 rows=42412 width=12) (actual time=134.751..134.751 rows=42041 loops=1)
                                 Buckets: 65536  Batches: 1  Memory Usage: 2319kB
                                 Buffers: shared hit=7823 read=6533
                                 ->  Seq Scan on item  (cost=0.00..16906.00 rows=42412 width=12) (actual time=0.016..126.538 rows=42041 loops=1)
                                       Filter: (i_category = 'Electronics'::bpchar)
                                       Rows Removed by Filter: 161959
                                       Buffers: shared hit=7823 read=6533
                     ->  Index Scan using customer_pkey on customer  (cost=0.43..7.65 rows=1 width=8) (actual time=0.019..0.019 rows=0 loops=201487)
                           Index Cond: (c_customer_sk = store_sales.ss_customer_sk)
                           Filter: (c_birth_month = 1)
                           Rows Removed by Filter: 1
                           Buffers: shared hit=796086 read=34
               ->  Index Scan using customer_address_pkey on customer_address  (cost=0.42..7.65 rows=1 width=15) (actual time=0.020..0.020 rows=0 loops=19337)
                     Index Cond: (ca_address_sk = customer.c_current_addr_sk)
                     Filter: (ca_state = 'MN'::bpchar)
                     Rows Removed by Filter: 1
                     Buffers: shared hit=70109 read=7239
         ->  Hash  (cost=22.02..22.02 rows=402 width=15) (actual time=1.496..1.496 rows=402 loops=1)
               Buckets: 1024  Batches: 1  Memory Usage: 27kB
               Buffers: shared hit=14 read=4
               ->  Seq Scan on store  (cost=0.00..22.02 rows=402 width=15) (actual time=0.023..1.356 rows=402 loops=1)
                     Buffers: shared hit=14 read=4
 Planning:
   Buffers: shared hit=460
 Planning Time: 3.715 ms
 Execution Time: 86222.545 ms
(54 rows)

