                                                                            QUERY PLAN                                                                            
------------------------------------------------------------------------------------------------------------------------------------------------------------------
 Aggregate  (cost=9756843.81..9756843.82 rows=1 width=40) (actual time=84382.335..84382.340 rows=1 loops=1)
   Buffers: shared hit=410609 read=5127123
   ->  Nested Loop  (cost=17044.75..9756843.80 rows=2 width=14) (actual time=49991.115..84382.156 rows=87 loops=1)
         Join Filter: ("substring"((customer_address.ca_zip)::text, 1, 5) <> "substring"((store.s_zip)::text, 1, 5))
         Rows Removed by Join Filter: 1
         Buffers: shared hit=410609 read=5127123
         ->  Nested Loop  (cost=17044.61..9756832.31 rows=2 width=29) (actual time=49991.093..84380.506 rows=89 loops=1)
               Buffers: shared hit=410440 read=5127116
               ->  Nested Loop  (cost=17044.18..9756266.08 rows=74 width=22) (actual time=49932.989..84281.113 rows=4712 loops=1)
                     Buffers: shared hit=394537 read=5124171
                     ->  Nested Loop  (cost=17043.75..9746519.56 rows=1274 width=22) (actual time=49932.906..82954.481 rows=84103 loops=1)
                           Buffers: shared hit=61952 read=5124160
                           ->  Hash Join  (cost=17043.45..9653609.27 rows=3101122 width=26) (actual time=147.670..81923.561 rows=3319186 loops=1)
                                 Hash Cond: (store_sales.ss_item_sk = item.i_item_sk)
                                 Buffers: shared hit=55838 read=5124070
                                 ->  Seq Scan on store_sales  (cost=0.00..9485539.52 rows=57532634 width=22) (actual time=0.063..74644.593 rows=57752041 loops=1)
                                       Filter: ((ss_wholesale_cost >= '77'::numeric) AND (ss_wholesale_cost <= '97'::numeric))
                                       Rows Removed by Filter: 230244983
                                       Buffers: shared hit=41713 read=5123839
                                 ->  Hash  (cost=16906.00..16906.00 rows=10996 width=12) (actual time=147.453..147.453 rows=11037 loops=1)
                                       Buckets: 16384  Batches: 1  Memory Usage: 603kB
                                       Buffers: shared hit=14125 read=231
                                       ->  Seq Scan on item  (cost=0.00..16906.00 rows=10996 width=12) (actual time=2.297..144.800 rows=11037 loops=1)
                                             Filter: (i_category = 'Women'::bpchar)
                                             Rows Removed by Filter: 192963
                                             Buffers: shared hit=14125 read=231
                           ->  Memoize  (cost=0.30..7.51 rows=1 width=4) (actual time=0.000..0.000 rows=0 loops=3319186)
                                 Cache Key: store_sales.ss_sold_date_sk
                                 Cache Mode: logical
                                 Hits: 3317117  Misses: 2069  Evictions: 0  Overflows: 0  Memory Usage: 139kB
                                 Buffers: shared hit=6114 read=90
                                 ->  Index Scan using date_dim_pkey on date_dim  (cost=0.29..7.50 rows=1 width=4) (actual time=0.018..0.018 rows=0 loops=2069)
                                       Index Cond: (d_date_sk = store_sales.ss_sold_date_sk)
                                       Filter: ((d_year = 2001) AND (d_moy = 5))
                                       Rows Removed by Filter: 1
                                       Buffers: shared hit=6114 read=90
                     ->  Index Scan using customer_pkey on customer  (cost=0.43..7.65 rows=1 width=8) (actual time=0.016..0.016 rows=0 loops=84103)
                           Index Cond: (c_customer_sk = store_sales.ss_customer_sk)
                           Filter: (c_birth_month = 3)
                           Rows Removed by Filter: 1
                           Buffers: shared hit=332585 read=11
               ->  Index Scan using customer_address_pkey on customer_address  (cost=0.42..7.65 rows=1 width=15) (actual time=0.021..0.021 rows=0 loops=4712)
                     Index Cond: (ca_address_sk = customer.c_current_addr_sk)
                     Filter: (ca_state = 'TN'::bpchar)
                     Rows Removed by Filter: 1
                     Buffers: shared hit=15903 read=2945
         ->  Index Scan using store_pkey on store  (cost=0.15..5.72 rows=1 width=15) (actual time=0.013..0.013 rows=1 loops=89)
               Index Cond: (s_store_sk = store_sales.ss_store_sk)
               Buffers: shared hit=169 read=7
 Planning:
   Buffers: shared hit=460
 Planning Time: 4.652 ms
 Execution Time: 84382.962 ms
(53 rows)

