                                                                            QUERY PLAN                                                                            
------------------------------------------------------------------------------------------------------------------------------------------------------------------
 Aggregate  (cost=9622107.99..9622108.00 rows=1 width=40) (actual time=85307.525..85307.530 rows=1 loops=1)
   Buffers: shared hit=918430 read=5128884
   ->  Nested Loop  (cost=2571.53..9622107.90 rows=13 width=14) (actual time=56328.412..85307.367 rows=56 loops=1)
         Join Filter: ("substring"((customer_address.ca_zip)::text, 1, 5) <> "substring"((store.s_zip)::text, 1, 5))
         Rows Removed by Join Filter: 2
         Buffers: shared hit=918430 read=5128884
         ->  Nested Loop  (cost=2571.38..9622033.24 rows=13 width=29) (actual time=56328.376..85306.034 rows=58 loops=1)
               Buffers: shared hit=918316 read=5128882
               ->  Nested Loop  (cost=2570.96..9620809.44 rows=160 width=22) (actual time=56262.329..85194.374 rows=3754 loops=1)
                     Buffers: shared hit=905903 read=5126279
                     ->  Nested Loop  (cost=2570.53..9613488.04 rows=957 width=22) (actual time=56261.772..84629.614 rows=22289 loops=1)
                           Buffers: shared hit=817767 read=5126271
                           ->  Hash Join  (cost=2570.11..9545241.03 rows=8938 width=18) (actual time=56261.713..79999.303 rows=194253 loops=1)
                                 Hash Cond: (store_sales.ss_sold_date_sk = date_dim.d_date_sk)
                                 Buffers: shared hit=41162 read=5125864
                                 ->  Seq Scan on store_sales  (cost=0.00..9485539.52 rows=21763138 width=22) (actual time=0.031..78352.609 rows=21807357 loops=1)
                                       Filter: ((ss_wholesale_cost >= '17'::numeric) AND (ss_wholesale_cost <= '37'::numeric))
                                       Rows Removed by Filter: 266189667
                                       Buffers: shared hit=41121 read=5124431
                                 ->  Hash  (cost=2569.73..2569.73 rows=30 width=4) (actual time=18.661..18.662 rows=30 loops=1)
                                       Buckets: 1024  Batches: 1  Memory Usage: 10kB
                                       Buffers: shared hit=41 read=1433
                                       ->  Seq Scan on date_dim  (cost=0.00..2569.73 rows=30 width=4) (actual time=9.532..18.650 rows=30 loops=1)
                                             Filter: ((d_year = 2001) AND (d_moy = 9))
                                             Rows Removed by Filter: 73019
                                             Buffers: shared hit=41 read=1433
                           ->  Index Scan using item_pkey on item  (cost=0.42..7.64 rows=1 width=12) (actual time=0.023..0.023 rows=0 loops=194253)
                                 Index Cond: (i_item_sk = store_sales.ss_item_sk)
                                 Filter: (i_category = 'Sports'::bpchar)
                                 Rows Removed by Filter: 1
                                 Buffers: shared hit=776605 read=407
                     ->  Index Scan using customer_pkey on customer  (cost=0.43..7.65 rows=1 width=8) (actual time=0.025..0.025 rows=0 loops=22289)
                           Index Cond: (c_customer_sk = store_sales.ss_customer_sk)
                           Filter: (c_birth_month = 4)
                           Rows Removed by Filter: 1
                           Buffers: shared hit=88136 read=8
               ->  Index Scan using customer_address_pkey on customer_address  (cost=0.42..7.65 rows=1 width=15) (actual time=0.029..0.029 rows=0 loops=3754)
                     Index Cond: (ca_address_sk = customer.c_current_addr_sk)
                     Filter: (ca_state = 'TX'::bpchar)
                     Rows Removed by Filter: 1
                     Buffers: shared hit=12413 read=2603
         ->  Index Scan using store_pkey on store  (cost=0.15..5.72 rows=1 width=15) (actual time=0.016..0.016 rows=1 loops=58)
               Index Cond: (s_store_sk = store_sales.ss_store_sk)
               Buffers: shared hit=114 read=2
 Planning:
   Buffers: shared hit=460
 Planning Time: 2.108 ms
 Execution Time: 85307.760 ms
(48 rows)

