                                                                            QUERY PLAN                                                                            
------------------------------------------------------------------------------------------------------------------------------------------------------------------
 Aggregate  (cost=9804522.66..9804522.67 rows=1 width=40) (actual time=83212.294..83212.301 rows=1 loops=1)
   Buffers: shared hit=803600 read=5130704
   ->  Hash Join  (cost=20034.16..9804522.54 rows=16 width=14) (actual time=4063.949..83211.938 rows=278 loops=1)
         Hash Cond: (store_sales.ss_store_sk = store.s_store_sk)
         Join Filter: ("substring"((customer_address.ca_zip)::text, 1, 5) <> "substring"((store.s_zip)::text, 1, 5))
         Rows Removed by Join Filter: 2
         Buffers: shared hit=803600 read=5130704
         ->  Nested Loop  (cost=20007.11..9804495.45 rows=16 width=29) (actual time=4062.507..83209.704 rows=281 loops=1)
               Buffers: shared hit=803586 read=5130700
               ->  Nested Loop  (cost=20006.69..9800409.85 rows=534 width=22) (actual time=4024.880..82907.870 rows=12228 loops=1)
                     Buffers: shared hit=759153 read=5126221
                     ->  Hash Join  (cost=20006.26..9741678.30 rows=7677 width=22) (actual time=4023.914..78964.126 rows=178210 loops=1)
                           Hash Cond: (store_sales.ss_item_sk = item.i_item_sk)
                           Buffers: shared hit=55203 read=5126179
                           ->  Hash Join  (cost=2570.11..9724145.22 rows=36926 width=18) (actual time=3893.703..78682.593 rows=498009 loops=1)
                                 Hash Cond: (store_sales.ss_sold_date_sk = date_dim.d_date_sk)
                                 Buffers: shared hit=40913 read=5126113
                                 ->  Seq Scan on store_sales  (cost=0.00..9485539.52 rows=89913339 width=22) (actual time=0.027..73323.405 rows=89530603 loops=1)
                                       Filter: ((ss_wholesale_cost >= '56'::numeric) AND (ss_wholesale_cost <= '76'::numeric))
                                       Rows Removed by Filter: 198466421
                                       Buffers: shared hit=39439 read=5126113
                                 ->  Hash  (cost=2569.73..2569.73 rows=30 width=4) (actual time=19.660..19.662 rows=30 loops=1)
                                       Buckets: 1024  Batches: 1  Memory Usage: 10kB
                                       Buffers: shared hit=1474
                                       ->  Seq Scan on date_dim  (cost=0.00..2569.73 rows=30 width=4) (actual time=10.213..19.652 rows=30 loops=1)
                                             Filter: ((d_year = 1998) AND (d_moy = 4))
                                             Rows Removed by Filter: 73019
                                             Buffers: shared hit=1474
                           ->  Hash  (cost=16906.00..16906.00 rows=42412 width=12) (actual time=129.977..129.978 rows=42041 loops=1)
                                 Buckets: 65536  Batches: 1  Memory Usage: 2319kB
                                 Buffers: shared hit=14290 read=66
                                 ->  Seq Scan on item  (cost=0.00..16906.00 rows=42412 width=12) (actual time=0.020..121.640 rows=42041 loops=1)
                                       Filter: (i_category = 'Electronics'::bpchar)
                                       Rows Removed by Filter: 161959
                                       Buffers: shared hit=14290 read=66
                     ->  Index Scan using customer_pkey on customer  (cost=0.43..7.65 rows=1 width=8) (actual time=0.022..0.022 rows=0 loops=178210)
                           Index Cond: (c_customer_sk = store_sales.ss_customer_sk)
                           Filter: (c_birth_month = 12)
                           Rows Removed by Filter: 1
                           Buffers: shared hit=703950 read=42
               ->  Index Scan using customer_address_pkey on customer_address  (cost=0.42..7.65 rows=1 width=15) (actual time=0.024..0.024 rows=0 loops=12228)
                     Index Cond: (ca_address_sk = customer.c_current_addr_sk)
                     Filter: (ca_state = 'TN'::bpchar)
                     Rows Removed by Filter: 1
                     Buffers: shared hit=44433 read=4479
         ->  Hash  (cost=22.02..22.02 rows=402 width=15) (actual time=1.414..1.415 rows=402 loops=1)
               Buckets: 1024  Batches: 1  Memory Usage: 27kB
               Buffers: shared hit=14 read=4
               ->  Seq Scan on store  (cost=0.00..22.02 rows=402 width=15) (actual time=0.021..1.302 rows=402 loops=1)
                     Buffers: shared hit=14 read=4
 Planning:
   Buffers: shared hit=460
 Planning Time: 4.632 ms
 Execution Time: 83212.835 ms
(54 rows)

