                                                                             QUERY PLAN                                                                              
---------------------------------------------------------------------------------------------------------------------------------------------------------------------
 Aggregate  (cost=9787063.43..9787063.44 rows=1 width=40) (actual time=88516.012..88516.017 rows=1 loops=1)
   Buffers: shared hit=1840417 read=5150751
   ->  Nested Loop  (cost=2571.53..9787063.41 rows=3 width=14) (actual time=42069.289..88515.944 rows=27 loops=1)
         Join Filter: ("substring"((customer_address.ca_zip)::text, 1, 5) <> "substring"((store.s_zip)::text, 1, 5))
         Buffers: shared hit=1840417 read=5150751
         ->  Nested Loop  (cost=2571.38..9787046.18 rows=3 width=29) (actual time=42069.267..88515.519 rows=27 loops=1)
               Buffers: shared hit=1840363 read=5150751
               ->  Nested Loop  (cost=2570.96..9786504.05 rows=71 width=25) (actual time=42069.241..88476.230 rows=1426 loops=1)
                     Buffers: shared hit=1834663 read=5150747
                     ->  Nested Loop  (cost=2570.54..9761546.35 rows=3263 width=18) (actual time=42043.549..86828.135 rows=65836 loops=1)
                           Buffers: shared hit=1582851 read=5139215
                           ->  Hash Join  (cost=2570.11..9612578.97 rows=19472 width=18) (actual time=42043.257..77409.370 rows=393395 loops=1)
                                 Hash Cond: (store_sales.ss_sold_date_sk = date_dim.d_date_sk)
                                 Buffers: shared hit=28087 read=5138939
                                 ->  Seq Scan on store_sales  (cost=0.00..9485539.52 rows=47414263 width=22) (actual time=0.067..74260.555 rows=48370740 loops=1)
                                       Filter: ((ss_wholesale_cost >= '10'::numeric) AND (ss_wholesale_cost <= '30'::numeric))
                                       Rows Removed by Filter: 239626284
                                       Buffers: shared hit=26613 read=5138939
                                 ->  Hash  (cost=2569.73..2569.73 rows=30 width=4) (actual time=20.486..20.487 rows=31 loops=1)
                                       Buckets: 1024  Batches: 1  Memory Usage: 10kB
                                       Buffers: shared hit=1474
                                       ->  Seq Scan on date_dim  (cost=0.00..2569.73 rows=30 width=4) (actual time=12.090..20.473 rows=31 loops=1)
                                             Filter: ((d_year = 2001) AND (d_moy = 1))
                                             Rows Removed by Filter: 73018
                                             Buffers: shared hit=1474
                           ->  Index Scan using customer_pkey on customer  (cost=0.43..7.65 rows=1 width=8) (actual time=0.024..0.024 rows=0 loops=393395)
                                 Index Cond: (c_customer_sk = store_sales.ss_customer_sk)
                                 Filter: (c_birth_month = 4)
                                 Rows Removed by Filter: 1
                                 Buffers: shared hit=1554764 read=276
                     ->  Index Scan using customer_address_pkey on customer_address  (cost=0.42..7.65 rows=1 width=15) (actual time=0.025..0.025 rows=0 loops=65836)
                           Index Cond: (ca_address_sk = customer.c_current_addr_sk)
                           Filter: (ca_state = 'CO'::bpchar)
                           Rows Removed by Filter: 1
                           Buffers: shared hit=251812 read=11532
               ->  Index Scan using item_pkey on item  (cost=0.42..7.64 rows=1 width=12) (actual time=0.027..0.027 rows=0 loops=1426)
                     Index Cond: (i_item_sk = store_sales.ss_item_sk)
                     Filter: (i_category = 'Jewelry'::bpchar)
                     Rows Removed by Filter: 1
                     Buffers: shared hit=5700 read=4
         ->  Index Scan using store_pkey on store  (cost=0.15..5.72 rows=1 width=15) (actual time=0.009..0.009 rows=1 loops=27)
               Index Cond: (s_store_sk = store_sales.ss_store_sk)
               Buffers: shared hit=54
 Planning:
   Buffers: shared hit=460
 Planning Time: 5.682 ms
 Execution Time: 88516.522 ms
(47 rows)

