                                                                            QUERY PLAN                                                                            
------------------------------------------------------------------------------------------------------------------------------------------------------------------
 Aggregate  (cost=9725614.61..9725614.62 rows=1 width=40) (actual time=81644.715..81644.721 rows=1 loops=1)
   Buffers: shared hit=1070281 read=5140227
   ->  Hash Join  (cost=19838.82..9725614.56 rows=7 width=14) (actual time=63428.738..81644.349 rows=301 loops=1)
         Hash Cond: (store_sales.ss_store_sk = store.s_store_sk)
         Join Filter: ("substring"((customer_address.ca_zip)::text, 1, 5) <> "substring"((store.s_zip)::text, 1, 5))
         Rows Removed by Join Filter: 9
         Buffers: shared hit=1070281 read=5140227
         ->  Nested Loop  (cost=19811.78..9725587.49 rows=7 width=29) (actual time=63426.870..81641.686 rows=310 loops=1)
               Buffers: shared hit=1070266 read=5140224
               ->  Nested Loop  (cost=19811.35..9723116.45 rows=323 width=22) (actual time=63426.022..81250.295 rows=19443 loops=1)
                     Buffers: shared hit=996591 read=5136127
                     ->  Hash Join  (cost=19810.92..9693555.58 rows=3864 width=22) (actual time=63425.978..76769.906 rows=240768 loops=1)
                           Hash Cond: (store_sales.ss_item_sk = item.i_item_sk)
                           Buffers: shared hit=45644 read=5135738
                           ->  Hash Join  (cost=2570.11..9676237.51 rows=29431 width=18) (actual time=63322.805..76363.569 rows=1621603 loops=1)
                                 Hash Cond: (store_sales.ss_sold_date_sk = date_dim.d_date_sk)
                                 Buffers: shared hit=31754 read=5135272
                                 ->  Seq Scan on store_sales  (cost=0.00..9485539.52 rows=71663793 width=22) (actual time=0.032..71974.219 rows=71083444 loops=1)
                                       Filter: ((ss_wholesale_cost >= '51'::numeric) AND (ss_wholesale_cost <= '71'::numeric))
                                       Rows Removed by Filter: 216913580
                                       Buffers: shared hit=30280 read=5135272
                                 ->  Hash  (cost=2569.73..2569.73 rows=30 width=4) (actual time=21.228..21.229 rows=30 loops=1)
                                       Buckets: 1024  Batches: 1  Memory Usage: 10kB
                                       Buffers: shared hit=1474
                                       ->  Seq Scan on date_dim  (cost=0.00..2569.73 rows=30 width=4) (actual time=8.948..21.220 rows=30 loops=1)
                                             Filter: ((d_year = 2002) AND (d_moy = 9))
                                             Rows Removed by Filter: 73019
                                             Buffers: shared hit=1474
                           ->  Hash  (cost=16906.00..16906.00 rows=26785 width=12) (actual time=103.004..103.005 rows=26695 loops=1)
                                 Buckets: 32768  Batches: 1  Memory Usage: 1403kB
                                 Buffers: shared hit=13890 read=466
                                 ->  Seq Scan on item  (cost=0.00..16906.00 rows=26785 width=12) (actual time=0.016..99.048 rows=26695 loops=1)
                                       Filter: (i_category = 'Children'::bpchar)
                                       Rows Removed by Filter: 177305
                                       Buffers: shared hit=13890 read=466
                     ->  Index Scan using customer_pkey on customer  (cost=0.43..7.65 rows=1 width=8) (actual time=0.018..0.018 rows=0 loops=240768)
                           Index Cond: (c_customer_sk = store_sales.ss_customer_sk)
                           Filter: (c_birth_month = 11)
                           Rows Removed by Filter: 1
                           Buffers: shared hit=950947 read=389
               ->  Index Scan using customer_address_pkey on customer_address  (cost=0.42..7.65 rows=1 width=15) (actual time=0.020..0.020 rows=0 loops=19443)
                     Index Cond: (ca_address_sk = customer.c_current_addr_sk)
                     Filter: (ca_state = 'AL'::bpchar)
                     Rows Removed by Filter: 1
                     Buffers: shared hit=73675 read=4097
         ->  Hash  (cost=22.02..22.02 rows=402 width=15) (actual time=1.845..1.845 rows=402 loops=1)
               Buckets: 1024  Batches: 1  Memory Usage: 27kB
               Buffers: shared hit=15 read=3
               ->  Seq Scan on store  (cost=0.00..22.02 rows=402 width=15) (actual time=0.019..1.739 rows=402 loops=1)
                     Buffers: shared hit=15 read=3
 Planning:
   Buffers: shared hit=460
 Planning Time: 3.023 ms
 Execution Time: 81645.087 ms
(54 rows)

