                                                                            QUERY PLAN                                                                            
------------------------------------------------------------------------------------------------------------------------------------------------------------------
 Aggregate  (cost=9744840.81..9744840.82 rows=1 width=40) (actual time=87054.979..87054.984 rows=1 loops=1)
   Buffers: shared hit=2764053 read=5130813
   ->  Nested Loop  (cost=2571.50..9744840.80 rows=1 width=14) (actual time=2485.708..87054.963 rows=4 loops=1)
         Join Filter: ("substring"((customer_address.ca_zip)::text, 1, 5) <> "substring"((store.s_zip)::text, 1, 5))
         Buffers: shared hit=2764053 read=5130813
         ->  Nested Loop  (cost=2571.36..9744835.06 rows=1 width=29) (actual time=2485.666..87054.870 rows=4 loops=1)
               Buffers: shared hit=2764045 read=5130813
               ->  Nested Loop  (cost=2570.93..9744750.73 rows=11 width=22) (actual time=1639.405..87048.007 rows=175 loops=1)
                     Buffers: shared hit=2763387 read=5130771
                     ->  Nested Loop  (cost=2570.51..9742918.18 rows=240 width=18) (actual time=1550.185..86802.643 rows=9194 loops=1)
                           Buffers: shared hit=2726679 read=5130703
                           ->  Hash Join  (cost=2570.08..9608471.12 rows=17574 width=18) (actual time=1548.757..70407.354 rows=680795 loops=1)
                                 Hash Cond: (store_sales.ss_sold_date_sk = date_dim.d_date_sk)
                                 Buffers: shared hit=36486 read=5130540
                                 ->  Seq Scan on store_sales  (cost=0.00..9485539.52 rows=45849467 width=22) (actual time=0.065..67282.502 rows=46160898 loops=1)
                                       Filter: ((ss_wholesale_cost >= '80'::numeric) AND (ss_wholesale_cost <= '100'::numeric))
                                       Rows Removed by Filter: 241836126
                                       Buffers: shared hit=35012 read=5130540
                                 ->  Hash  (cost=2569.73..2569.73 rows=28 width=4) (actual time=21.100..21.100 rows=28 loops=1)
                                       Buckets: 1024  Batches: 1  Memory Usage: 9kB
                                       Buffers: shared hit=1474
                                       ->  Seq Scan on date_dim  (cost=0.00..2569.73 rows=28 width=4) (actual time=11.930..21.086 rows=28 loops=1)
                                             Filter: ((d_year = 1998) AND (d_moy = 2))
                                             Rows Removed by Filter: 73021
                                             Buffers: shared hit=1474
                           ->  Index Scan using customer_pkey on customer  (cost=0.43..7.65 rows=1 width=8) (actual time=0.024..0.024 rows=0 loops=680795)
                                 Index Cond: (c_customer_sk = store_sales.ss_customer_sk)
                                 Filter: (c_birth_month = 5)
                                 Rows Removed by Filter: 1
                                 Buffers: shared hit=2690193 read=163
                     ->  Index Scan using item_pkey on item  (cost=0.42..7.64 rows=1 width=12) (actual time=0.026..0.026 rows=0 loops=9194)
                           Index Cond: (i_item_sk = store_sales.ss_item_sk)
                           Filter: (i_category = 'Jewelry'::bpchar)
                           Rows Removed by Filter: 1
                           Buffers: shared hit=36708 read=68
               ->  Index Scan using customer_address_pkey on customer_address  (cost=0.42..7.67 rows=1 width=15) (actual time=0.038..0.038 rows=0 loops=175)
                     Index Cond: (ca_address_sk = customer.c_current_addr_sk)
                     Filter: (ca_state = 'VA'::bpchar)
                     Rows Removed by Filter: 1
                     Buffers: shared hit=658 read=42
         ->  Index Scan using store_pkey on store  (cost=0.15..5.72 rows=1 width=15) (actual time=0.015..0.015 rows=1 loops=4)
               Index Cond: (s_store_sk = store_sales.ss_store_sk)
               Buffers: shared hit=8
 Planning:
   Buffers: shared hit=460
 Planning Time: 4.244 ms
 Execution Time: 87055.441 ms
(47 rows)

