                                                                            QUERY PLAN                                                                            
------------------------------------------------------------------------------------------------------------------------------------------------------------------
 Aggregate  (cost=9652726.82..9652726.83 rows=1 width=40) (actual time=74838.535..74838.541 rows=1 loops=1)
   Buffers: shared hit=942636 read=5139968
   ->  Hash Join  (cost=19922.98..9652726.78 rows=5 width=14) (actual time=33028.635..74838.112 rows=451 loops=1)
         Hash Cond: (store_sales.ss_store_sk = store.s_store_sk)
         Join Filter: ("substring"((customer_address.ca_zip)::text, 1, 5) <> "substring"((store.s_zip)::text, 1, 5))
         Rows Removed by Join Filter: 12
         Buffers: shared hit=942636 read=5139968
         ->  Nested Loop  (cost=19895.94..9652699.73 rows=5 width=29) (actual time=33027.808..74836.283 rows=468 loops=1)
               Buffers: shared hit=942618 read=5139968
               ->  Nested Loop  (cost=19895.51..9650305.33 rows=313 width=22) (actual time=33026.955..74441.638 rows=20306 loops=1)
                     Buffers: shared hit=866439 read=5134923
                     ->  Hash Join  (cost=19895.08..9625847.19 rows=3197 width=22) (actual time=33026.897..70638.474 rows=207394 loops=1)
                           Hash Cond: (store_sales.ss_item_sk = item.i_item_sk)
                           Buffers: shared hit=46472 read=5134910
                           ->  Hash Join  (cost=2570.12..9608471.16 rows=19457 width=18) (actual time=32909.006..70306.330 rows=1128437 loops=1)
                                 Hash Cond: (store_sales.ss_sold_date_sk = date_dim.d_date_sk)
                                 Buffers: shared hit=32670 read=5134356
                                 ->  Seq Scan on store_sales  (cost=0.00..9485539.52 rows=45849467 width=22) (actual time=0.046..67296.248 rows=46160898 loops=1)
                                       Filter: ((ss_wholesale_cost >= '80'::numeric) AND (ss_wholesale_cost <= '100'::numeric))
                                       Rows Removed by Filter: 241836126
                                       Buffers: shared hit=31196 read=5134356
                                 ->  Hash  (cost=2569.73..2569.73 rows=31 width=4) (actual time=28.247..28.248 rows=31 loops=1)
                                       Buckets: 1024  Batches: 1  Memory Usage: 10kB
                                       Buffers: shared hit=1474
                                       ->  Seq Scan on date_dim  (cost=0.00..2569.73 rows=31 width=4) (actual time=16.445..28.236 rows=31 loops=1)
                                             Filter: ((d_year = 2000) AND (d_moy = 10))
                                             Rows Removed by Filter: 73018
                                             Buffers: shared hit=1474
                           ->  Hash  (cost=16906.00..16906.00 rows=33517 width=12) (actual time=117.653..117.654 rows=33627 loops=1)
                                 Buckets: 65536  Batches: 1  Memory Usage: 1957kB
                                 Buffers: shared hit=13802 read=554
                                 ->  Seq Scan on item  (cost=0.00..16906.00 rows=33517 width=12) (actual time=0.029..111.260 rows=33627 loops=1)
                                       Filter: (i_category = 'Shoes'::bpchar)
                                       Rows Removed by Filter: 170373
                                       Buffers: shared hit=13802 read=554
                     ->  Index Scan using customer_pkey on customer  (cost=0.43..7.65 rows=1 width=8) (actual time=0.018..0.018 rows=0 loops=207394)
                           Index Cond: (c_customer_sk = store_sales.ss_customer_sk)
                           Filter: (c_birth_month = 2)
                           Rows Removed by Filter: 1
                           Buffers: shared hit=819967 read=13
               ->  Index Scan using customer_address_pkey on customer_address  (cost=0.42..7.65 rows=1 width=15) (actual time=0.019..0.019 rows=0 loops=20306)
                     Index Cond: (ca_address_sk = customer.c_current_addr_sk)
                     Filter: (ca_state = 'ND'::bpchar)
                     Rows Removed by Filter: 1
                     Buffers: shared hit=76179 read=5045
         ->  Hash  (cost=22.02..22.02 rows=402 width=15) (actual time=0.796..0.797 rows=402 loops=1)
               Buckets: 1024  Batches: 1  Memory Usage: 27kB
               Buffers: shared hit=18
               ->  Seq Scan on store  (cost=0.00..22.02 rows=402 width=15) (actual time=0.035..0.655 rows=402 loops=1)
                     Buffers: shared hit=18
 Planning:
   Buffers: shared hit=460
 Planning Time: 5.268 ms
 Execution Time: 74839.091 ms
(54 rows)

