                                                                            QUERY PLAN                                                                            
------------------------------------------------------------------------------------------------------------------------------------------------------------------
 Aggregate  (cost=9665837.88..9665837.89 rows=1 width=40) (actual time=76798.508..76798.513 rows=1 loops=1)
   Buffers: shared hit=213537 read=5133587
   ->  Nested Loop  (cost=19750.22..9665837.86 rows=3 width=14) (actual time=57204.571..76798.460 rows=32 loops=1)
         Join Filter: ("substring"((customer_address.ca_zip)::text, 1, 5) <> "substring"((store.s_zip)::text, 1, 5))
         Rows Removed by Join Filter: 1
         Buffers: shared hit=213537 read=5133587
         ->  Nested Loop  (cost=19750.07..9665820.63 rows=3 width=29) (actual time=57204.547..76798.113 rows=34 loops=1)
               Buffers: shared hit=213474 read=5133584
               ->  Nested Loop  (cost=19749.65..9664741.73 rows=141 width=22) (actual time=57203.156..76770.110 rows=2254 loops=1)
                     Buffers: shared hit=204918 read=5133124
                     ->  Hash Join  (cost=19749.22..9646097.86 rows=2437 width=22) (actual time=57202.951..76302.974 rows=39655 loops=1)
                           Hash Cond: (store_sales.ss_item_sk = item.i_item_sk)
                           Buffers: shared hit=48270 read=5133112
                           ->  Hash Join  (cost=2570.12..9628859.04 rows=22753 width=18) (actual time=57088.381..76111.005 rows=556371 loops=1)
                                 Hash Cond: (store_sales.ss_sold_date_sk = date_dim.d_date_sk)
                                 Buffers: shared hit=35926 read=5131100
                                 ->  Seq Scan on store_sales  (cost=0.00..9485539.52 rows=53615846 width=22) (actual time=0.692..72771.644 rows=54283934 loops=1)
                                       Filter: ((ss_wholesale_cost >= '0'::numeric) AND (ss_wholesale_cost <= '20'::numeric))
                                       Rows Removed by Filter: 233713090
                                       Buffers: shared hit=34452 read=5131100
                                 ->  Hash  (cost=2569.73..2569.73 rows=31 width=4) (actual time=20.455..20.456 rows=31 loops=1)
                                       Buckets: 1024  Batches: 1  Memory Usage: 10kB
                                       Buffers: shared hit=1474
                                       ->  Seq Scan on date_dim  (cost=0.00..2569.73 rows=31 width=4) (actual time=12.432..20.443 rows=31 loops=1)
                                             Filter: ((d_year = 2002) AND (d_moy = 3))
                                             Rows Removed by Filter: 73018
                                             Buffers: shared hit=1474
                           ->  Hash  (cost=16906.00..16906.00 rows=21848 width=12) (actual time=114.429..114.429 rows=21811 loops=1)
                                 Buckets: 32768  Batches: 1  Memory Usage: 1193kB
                                 Buffers: shared hit=12344 read=2012
                                 ->  Seq Scan on item  (cost=0.00..16906.00 rows=21848 width=12) (actual time=0.028..109.998 rows=21811 loops=1)
                                       Filter: (i_category = 'Sports'::bpchar)
                                       Rows Removed by Filter: 182189
                                       Buffers: shared hit=12344 read=2012
                     ->  Index Scan using customer_pkey on customer  (cost=0.43..7.65 rows=1 width=8) (actual time=0.012..0.012 rows=0 loops=39655)
                           Index Cond: (c_customer_sk = store_sales.ss_customer_sk)
                           Filter: (c_birth_month = 3)
                           Rows Removed by Filter: 1
                           Buffers: shared hit=156648 read=12
               ->  Index Scan using customer_address_pkey on customer_address  (cost=0.42..7.65 rows=1 width=15) (actual time=0.012..0.012 rows=0 loops=2254)
                     Index Cond: (ca_address_sk = customer.c_current_addr_sk)
                     Filter: (ca_state = 'WI'::bpchar)
                     Rows Removed by Filter: 1
                     Buffers: shared hit=8556 read=460
         ->  Index Scan using store_pkey on store  (cost=0.15..5.72 rows=1 width=15) (actual time=0.006..0.006 rows=1 loops=34)
               Index Cond: (s_store_sk = store_sales.ss_store_sk)
               Buffers: shared hit=63 read=3
 Planning:
   Buffers: shared hit=460
 Planning Time: 4.335 ms
 Execution Time: 76798.958 ms
(51 rows)

