                                                                            QUERY PLAN                                                                            
------------------------------------------------------------------------------------------------------------------------------------------------------------------
 Aggregate  (cost=9759320.78..9759320.79 rows=1 width=40) (actual time=107954.707..107954.712 rows=1 loops=1)
   Buffers: shared hit=5966366 read=5134014
   ->  Nested Loop  (cost=2571.50..9759320.75 rows=4 width=14) (actual time=12318.520..107954.552 rows=50 loops=1)
         Join Filter: ("substring"((customer_address.ca_zip)::text, 1, 5) <> "substring"((store.s_zip)::text, 1, 5))
         Rows Removed by Join Filter: 1
         Buffers: shared hit=5966366 read=5134014
         ->  Nested Loop  (cost=2571.36..9759297.77 rows=4 width=29) (actual time=12318.485..107953.702 rows=52 loops=1)
               Buffers: shared hit=5966266 read=5134012
               ->  Nested Loop  (cost=2570.93..9758609.33 rows=90 width=22) (actual time=11872.564..107859.530 rows=3366 loops=1)
                     Buffers: shared hit=5953689 read=5133125
                     ->  Nested Loop  (cost=2570.51..9742918.18 rows=2055 width=18) (actual time=11871.751..103954.707 rows=156572 loops=1)
                           Buffers: shared hit=5329052 read=5131474
                           ->  Hash Join  (cost=2570.08..9608471.12 rows=17574 width=18) (actual time=11871.546..71890.172 rows=1339356 loops=1)
                                 Hash Cond: (store_sales.ss_sold_date_sk = date_dim.d_date_sk)
                                 Buffers: shared hit=35604 read=5131422
                                 ->  Seq Scan on store_sales  (cost=0.00..9485539.52 rows=45849467 width=22) (actual time=0.923..68522.024 rows=46160898 loops=1)
                                       Filter: ((ss_wholesale_cost >= '80'::numeric) AND (ss_wholesale_cost <= '100'::numeric))
                                       Rows Removed by Filter: 241836126
                                       Buffers: shared hit=34130 read=5131422
                                 ->  Hash  (cost=2569.73..2569.73 rows=28 width=4) (actual time=21.842..21.843 rows=28 loops=1)
                                       Buckets: 1024  Batches: 1  Memory Usage: 9kB
                                       Buffers: shared hit=1474
                                       ->  Seq Scan on date_dim  (cost=0.00..2569.73 rows=28 width=4) (actual time=12.244..21.825 rows=28 loops=1)
                                             Filter: ((d_year = 1999) AND (d_moy = 2))
                                             Rows Removed by Filter: 73021
                                             Buffers: shared hit=1474
                           ->  Index Scan using customer_pkey on customer  (cost=0.43..7.65 rows=1 width=8) (actual time=0.024..0.024 rows=0 loops=1339356)
                                 Index Cond: (c_customer_sk = store_sales.ss_customer_sk)
                                 Filter: (c_birth_month = 8)
                                 Rows Removed by Filter: 1
                                 Buffers: shared hit=5293448 read=52
                     ->  Index Scan using item_pkey on item  (cost=0.42..7.64 rows=1 width=12) (actual time=0.025..0.025 rows=0 loops=156572)
                           Index Cond: (i_item_sk = store_sales.ss_item_sk)
                           Filter: (i_category = 'Jewelry'::bpchar)
                           Rows Removed by Filter: 1
                           Buffers: shared hit=624637 read=1651
               ->  Index Scan using customer_address_pkey on customer_address  (cost=0.42..7.65 rows=1 width=15) (actual time=0.027..0.027 rows=0 loops=3366)
                     Index Cond: (ca_address_sk = customer.c_current_addr_sk)
                     Filter: (ca_state = 'GA'::bpchar)
                     Rows Removed by Filter: 1
                     Buffers: shared hit=12577 read=887
         ->  Index Scan using store_pkey on store  (cost=0.15..5.72 rows=1 width=15) (actual time=0.009..0.009 rows=1 loops=52)
               Index Cond: (s_store_sk = store_sales.ss_store_sk)
               Buffers: shared hit=100 read=2
 Planning:
   Buffers: shared hit=460
 Planning Time: 4.481 ms
 Execution Time: 107955.152 ms
(48 rows)

