                                                                            QUERY PLAN                                                                            
------------------------------------------------------------------------------------------------------------------------------------------------------------------
 Aggregate  (cost=9631098.93..9631098.94 rows=1 width=40) (actual time=76806.571..76806.577 rows=1 loops=1)
   Buffers: shared hit=362788 read=5130042
   ->  Nested Loop  (cost=19750.21..9631098.92 rows=1 width=14) (actual time=25250.989..76806.510 rows=35 loops=1)
         Join Filter: ("substring"((customer_address.ca_zip)::text, 1, 5) <> "substring"((store.s_zip)::text, 1, 5))
         Rows Removed by Join Filter: 1
         Buffers: shared hit=362788 read=5130042
         ->  Nested Loop  (cost=19750.06..9631093.18 rows=1 width=29) (actual time=25250.971..76806.114 rows=36 loops=1)
               Buffers: shared hit=362716 read=5130042
               ->  Nested Loop  (cost=19749.64..9630633.86 rows=60 width=22) (actual time=25201.510..76760.153 rows=2506 loops=1)
                     Buffers: shared hit=353551 read=5129183
                     ->  Hash Join  (cost=19749.21..9616396.57 rows=1861 width=22) (actual time=25200.771..75506.406 rows=76197 loops=1)
                           Hash Cond: (store_sales.ss_item_sk = item.i_item_sk)
                           Buffers: shared hit=52200 read=5129182
                           ->  Hash Join  (cost=2570.11..9599171.86 rows=17375 width=18) (actual time=25099.329..75309.770 rows=601427 loops=1)
                                 Hash Cond: (store_sales.ss_sold_date_sk = date_dim.d_date_sk)
                                 Buffers: shared hit=38390 read=5128636
                                 ->  Seq Scan on store_sales  (cost=0.00..9485539.52 rows=42307078 width=22) (actual time=0.049..72613.978 rows=43022880 loops=1)
                                       Filter: ((ss_wholesale_cost >= '3'::numeric) AND (ss_wholesale_cost <= '23'::numeric))
                                       Rows Removed by Filter: 244974144
                                       Buffers: shared hit=36916 read=5128636
                                 ->  Hash  (cost=2569.73..2569.73 rows=30 width=4) (actual time=22.144..22.146 rows=31 loops=1)
                                       Buckets: 1024  Batches: 1  Memory Usage: 10kB
                                       Buffers: shared hit=1474
                                       ->  Seq Scan on date_dim  (cost=0.00..2569.73 rows=30 width=4) (actual time=12.667..22.129 rows=31 loops=1)
                                             Filter: ((d_year = 2000) AND (d_moy = 1))
                                             Rows Removed by Filter: 73018
                                             Buffers: shared hit=1474
                           ->  Hash  (cost=16906.00..16906.00 rows=21848 width=12) (actual time=101.298..101.299 rows=21811 loops=1)
                                 Buckets: 32768  Batches: 1  Memory Usage: 1193kB
                                 Buffers: shared hit=13810 read=546
                                 ->  Seq Scan on item  (cost=0.00..16906.00 rows=21848 width=12) (actual time=0.028..98.128 rows=21811 loops=1)
                                       Filter: (i_category = 'Sports'::bpchar)
                                       Rows Removed by Filter: 182189
                                       Buffers: shared hit=13810 read=546
                     ->  Index Scan using customer_pkey on customer  (cost=0.43..7.65 rows=1 width=8) (actual time=0.016..0.016 rows=0 loops=76197)
                           Index Cond: (c_customer_sk = store_sales.ss_customer_sk)
                           Filter: (c_birth_month = 6)
                           Rows Removed by Filter: 1
                           Buffers: shared hit=301351 read=1
               ->  Index Scan using customer_address_pkey on customer_address  (cost=0.42..7.66 rows=1 width=15) (actual time=0.018..0.018 rows=0 loops=2506)
                     Index Cond: (ca_address_sk = customer.c_current_addr_sk)
                     Filter: (ca_state = 'ND'::bpchar)
                     Rows Removed by Filter: 1
                     Buffers: shared hit=9165 read=859
         ->  Index Scan using store_pkey on store  (cost=0.15..5.72 rows=1 width=15) (actual time=0.006..0.006 rows=1 loops=36)
               Index Cond: (s_store_sk = store_sales.ss_store_sk)
               Buffers: shared hit=72
 Planning:
   Buffers: shared hit=460
 Planning Time: 4.660 ms
 Execution Time: 76806.996 ms
(51 rows)

