                                                                            QUERY PLAN                                                                            
------------------------------------------------------------------------------------------------------------------------------------------------------------------
 Aggregate  (cost=9724815.58..9724815.59 rows=1 width=40) (actual time=87028.946..87028.951 rows=1 loops=1)
   Buffers: shared hit=1971745 read=5125605
   ->  Nested Loop  (cost=2571.53..9724815.58 rows=1 width=14) (actual time=26790.543..87028.917 rows=8 loops=1)
         Join Filter: ("substring"((customer_address.ca_zip)::text, 1, 5) <> "substring"((store.s_zip)::text, 1, 5))
         Buffers: shared hit=1971745 read=5125605
         ->  Nested Loop  (cost=2571.38..9724809.83 rows=1 width=29) (actual time=26790.514..87028.302 rows=8 loops=1)
               Buffers: shared hit=1971729 read=5125605
               ->  Nested Loop  (cost=2570.96..9724649.16 rows=21 width=22) (actual time=24156.930..87018.719 rows=268 loops=1)
                     Buffers: shared hit=1970776 read=5125486
                     ->  Nested Loop  (cost=2570.54..9716036.21 rows=1128 width=18) (actual time=24017.097..86245.653 rows=30775 loops=1)
                           Buffers: shared hit=1847910 read=5125252
                           ->  Hash Join  (cost=2570.11..9591863.48 rows=16231 width=18) (actual time=24016.534..75664.054 rows=457075 loops=1)
                                 Hash Cond: (store_sales.ss_sold_date_sk = date_dim.d_date_sk)
                                 Buffers: shared hit=41777 read=5125249
                                 ->  Seq Scan on store_sales  (cost=0.00..9485539.52 rows=39523085 width=22) (actual time=0.288..72966.139 rows=40114371 loops=1)
                                       Filter: ((ss_wholesale_cost >= '23'::numeric) AND (ss_wholesale_cost <= '43'::numeric))
                                       Rows Removed by Filter: 247882653
                                       Buffers: shared hit=40303 read=5125249
                                 ->  Hash  (cost=2569.73..2569.73 rows=30 width=4) (actual time=23.665..23.666 rows=31 loops=1)
                                       Buckets: 1024  Batches: 1  Memory Usage: 10kB
                                       Buffers: shared hit=1474
                                       ->  Seq Scan on date_dim  (cost=0.00..2569.73 rows=30 width=4) (actual time=12.576..23.649 rows=31 loops=1)
                                             Filter: ((d_year = 1999) AND (d_moy = 12))
                                             Rows Removed by Filter: 73018
                                             Buffers: shared hit=1474
                           ->  Index Scan using customer_pkey on customer  (cost=0.43..7.65 rows=1 width=8) (actual time=0.023..0.023 rows=0 loops=457075)
                                 Index Cond: (c_customer_sk = store_sales.ss_customer_sk)
                                 Filter: (c_birth_month = 12)
                                 Rows Removed by Filter: 1
                                 Buffers: shared hit=1806133 read=3
                     ->  Index Scan using item_pkey on item  (cost=0.42..7.64 rows=1 width=12) (actual time=0.025..0.025 rows=0 loops=30775)
                           Index Cond: (i_item_sk = store_sales.ss_item_sk)
                           Filter: (i_category = 'Music'::bpchar)
                           Rows Removed by Filter: 1
                           Buffers: shared hit=122866 read=234
               ->  Index Scan using customer_address_pkey on customer_address  (cost=0.42..7.65 rows=1 width=15) (actual time=0.035..0.035 rows=0 loops=268)
                     Index Cond: (ca_address_sk = customer.c_current_addr_sk)
                     Filter: (ca_state = 'GA'::bpchar)
                     Rows Removed by Filter: 1
                     Buffers: shared hit=953 read=119
         ->  Index Scan using store_pkey on store  (cost=0.15..5.72 rows=1 width=15) (actual time=0.069..0.069 rows=1 loops=8)
               Index Cond: (s_store_sk = store_sales.ss_store_sk)
               Buffers: shared hit=16
 Planning:
   Buffers: shared hit=460
 Planning Time: 5.068 ms
 Execution Time: 87029.508 ms
(47 rows)

