                                                                             QUERY PLAN                                                                              
---------------------------------------------------------------------------------------------------------------------------------------------------------------------
 Aggregate  (cost=9785679.12..9785679.13 rows=1 width=40) (actual time=86449.716..86449.721 rows=1 loops=1)
   Buffers: shared hit=2442688 read=5148416
   ->  Nested Loop  (cost=2571.53..9785679.09 rows=4 width=14) (actual time=23021.158..86449.476 rows=112 loops=1)
         Join Filter: ("substring"((customer_address.ca_zip)::text, 1, 5) <> "substring"((store.s_zip)::text, 1, 5))
         Rows Removed by Join Filter: 3
         Buffers: shared hit=2442688 read=5148416
         ->  Nested Loop  (cost=2571.38..9785656.11 rows=4 width=29) (actual time=23021.118..86446.696 rows=115 loops=1)
               Buffers: shared hit=2442458 read=5148416
               ->  Nested Loop  (cost=2570.96..9785144.53 rows=67 width=25) (actual time=22768.777..86405.522 rows=1511 loops=1)
                     Buffers: shared hit=2436436 read=5148394
                     ->  Nested Loop  (cost=2570.54..9767359.72 rows=2325 width=18) (actual time=22764.992..84831.670 rows=63290 loops=1)
                           Buffers: shared hit=2193628 read=5138042
                           ->  Hash Join  (cost=2570.11..9615225.10 rows=19886 width=18) (actual time=22764.595..71688.011 rows=547700 loops=1)
                                 Hash Cond: (store_sales.ss_sold_date_sk = date_dim.d_date_sk)
                                 Buffers: shared hit=28989 read=5138037
                                 ->  Seq Scan on store_sales  (cost=0.00..9485539.52 rows=48422260 width=22) (actual time=0.688..68490.756 rows=48278787 loops=1)
                                       Filter: ((ss_wholesale_cost >= '74'::numeric) AND (ss_wholesale_cost <= '94'::numeric))
                                       Rows Removed by Filter: 239718237
                                       Buffers: shared hit=27515 read=5138037
                                 ->  Hash  (cost=2569.73..2569.73 rows=30 width=4) (actual time=22.208..22.209 rows=31 loops=1)
                                       Buckets: 1024  Batches: 1  Memory Usage: 10kB
                                       Buffers: shared hit=1474
                                       ->  Seq Scan on date_dim  (cost=0.00..2569.73 rows=30 width=4) (actual time=11.312..22.193 rows=31 loops=1)
                                             Filter: ((d_year = 1999) AND (d_moy = 12))
                                             Rows Removed by Filter: 73018
                                             Buffers: shared hit=1474
                           ->  Index Scan using customer_pkey on customer  (cost=0.43..7.65 rows=1 width=8) (actual time=0.024..0.024 rows=0 loops=547700)
                                 Index Cond: (c_customer_sk = store_sales.ss_customer_sk)
                                 Filter: (c_birth_month = 8)
                                 Rows Removed by Filter: 1
                                 Buffers: shared hit=2164639 read=5
                     ->  Index Scan using customer_address_pkey on customer_address  (cost=0.42..7.65 rows=1 width=15) (actual time=0.024..0.024 rows=0 loops=63290)
                           Index Cond: (ca_address_sk = customer.c_current_addr_sk)
                           Filter: (ca_state = 'NE'::bpchar)
                           Rows Removed by Filter: 1
                           Buffers: shared hit=242808 read=10352
               ->  Index Scan using item_pkey on item  (cost=0.42..7.64 rows=1 width=12) (actual time=0.027..0.027 rows=0 loops=1511)
                     Index Cond: (i_item_sk = store_sales.ss_item_sk)
                     Filter: (i_category = 'Women'::bpchar)
                     Rows Removed by Filter: 1
                     Buffers: shared hit=6022 read=22
         ->  Index Scan using store_pkey on store  (cost=0.15..5.72 rows=1 width=15) (actual time=0.018..0.018 rows=1 loops=115)
               Index Cond: (s_store_sk = store_sales.ss_store_sk)
               Buffers: shared hit=230
 Planning:
   Buffers: shared hit=460
 Planning Time: 4.793 ms
 Execution Time: 86450.220 ms
(48 rows)

