                                                                            QUERY PLAN                                                                            
------------------------------------------------------------------------------------------------------------------------------------------------------------------
 Aggregate  (cost=9743625.85..9743625.86 rows=1 width=40) (actual time=76726.280..76726.286 rows=1 loops=1)
   Buffers: shared hit=116012 read=5131972
   ->  Nested Loop  (cost=19589.32..9743625.85 rows=1 width=14) (actual time=8501.354..76726.234 rows=25 loops=1)
         Join Filter: ("substring"((customer_address.ca_zip)::text, 1, 5) <> "substring"((store.s_zip)::text, 1, 5))
         Rows Removed by Join Filter: 2
         Buffers: shared hit=116012 read=5131972
         ->  Nested Loop  (cost=19589.17..9743620.10 rows=1 width=29) (actual time=8501.335..76725.963 rows=27 loops=1)
               Buffers: shared hit=115958 read=5131972
               ->  Nested Loop  (cost=19588.75..9742594.96 rows=134 width=22) (actual time=8499.106..76712.268 rows=1234 loops=1)
                     Buffers: shared hit=111305 read=5131689
                     ->  Hash Join  (cost=19588.32..9730346.79 rows=1601 width=22) (actual time=8499.071..76560.106 rows=15584 loops=1)
                           Hash Cond: (store_sales.ss_item_sk = item.i_item_sk)
                           Buffers: shared hit=49697 read=5131685
                           ->  Hash Join  (cost=2570.12..9713233.06 rows=36393 width=18) (actual time=8394.437..76381.144 rows=722690 loops=1)
                                 Hash Cond: (store_sales.ss_sold_date_sk = date_dim.d_date_sk)
                                 Buffers: shared hit=36413 read=5130613
                                 ->  Seq Scan on store_sales  (cost=0.00..9485539.52 rows=85756551 width=22) (actual time=0.053..71344.972 rows=85367142 loops=1)
                                       Filter: ((ss_wholesale_cost >= '63'::numeric) AND (ss_wholesale_cost <= '83'::numeric))
                                       Rows Removed by Filter: 202629882
                                       Buffers: shared hit=35831 read=5129721
                                 ->  Hash  (cost=2569.73..2569.73 rows=31 width=4) (actual time=22.308..22.309 rows=31 loops=1)
                                       Buckets: 1024  Batches: 1  Memory Usage: 10kB
                                       Buffers: shared hit=582 read=892
                                       ->  Seq Scan on date_dim  (cost=0.00..2569.73 rows=31 width=4) (actual time=13.601..22.296 rows=31 loops=1)
                                             Filter: ((d_year = 1998) AND (d_moy = 8))
                                             Rows Removed by Filter: 73018
                                             Buffers: shared hit=582 read=892
                           ->  Hash  (cost=16906.00..16906.00 rows=8976 width=12) (actual time=104.508..104.508 rows=8826 loops=1)
                                 Buckets: 16384  Batches: 1  Memory Usage: 508kB
                                 Buffers: shared hit=13284 read=1072
                                 ->  Seq Scan on item  (cost=0.00..16906.00 rows=8976 width=12) (actual time=0.021..103.076 rows=8826 loops=1)
                                       Filter: (i_category = 'Jewelry'::bpchar)
                                       Rows Removed by Filter: 195174
                                       Buffers: shared hit=13284 read=1072
                     ->  Index Scan using customer_pkey on customer  (cost=0.43..7.65 rows=1 width=8) (actual time=0.010..0.010 rows=0 loops=15584)
                           Index Cond: (c_customer_sk = store_sales.ss_customer_sk)
                           Filter: (c_birth_month = 11)
                           Rows Removed by Filter: 1
                           Buffers: shared hit=61608 read=4
               ->  Index Scan using customer_address_pkey on customer_address  (cost=0.42..7.65 rows=1 width=15) (actual time=0.011..0.011 rows=0 loops=1234)
                     Index Cond: (ca_address_sk = customer.c_current_addr_sk)
                     Filter: (ca_state = 'NM'::bpchar)
                     Rows Removed by Filter: 1
                     Buffers: shared hit=4653 read=283
         ->  Index Scan using store_pkey on store  (cost=0.15..5.72 rows=1 width=15) (actual time=0.006..0.006 rows=1 loops=27)
               Index Cond: (s_store_sk = store_sales.ss_store_sk)
               Buffers: shared hit=54
 Planning:
   Buffers: shared hit=421 read=39
 Planning Time: 7.221 ms
 Execution Time: 76726.675 ms
(51 rows)

