                                                                            QUERY PLAN                                                                            
------------------------------------------------------------------------------------------------------------------------------------------------------------------
 Aggregate  (cost=9761040.26..9761040.27 rows=1 width=40) (actual time=80107.953..80107.959 rows=1 loops=1)
   Buffers: shared hit=924095 read=5143301
   ->  Hash Join  (cost=19922.98..9761040.15 rows=14 width=14) (actual time=55801.987..80107.487 rows=622 loops=1)
         Hash Cond: (store_sales.ss_store_sk = store.s_store_sk)
         Join Filter: ("substring"((customer_address.ca_zip)::text, 1, 5) <> "substring"((store.s_zip)::text, 1, 5))
         Rows Removed by Join Filter: 8
         Buffers: shared hit=924095 read=5143301
         ->  Nested Loop  (cost=19895.94..9761013.07 rows=14 width=29) (actual time=55800.745..80104.926 rows=634 loops=1)
               Buffers: shared hit=924078 read=5143300
               ->  Nested Loop  (cost=19895.51..9753983.92 rows=919 width=22) (actual time=55793.112..79399.530 rows=31871 loops=1)
                     Buffers: shared hit=804480 read=5135414
                     ->  Hash Join  (cost=19895.08..9712021.87 rows=5485 width=22) (actual time=55793.024..75446.700 rows=192003 loops=1)
                           Hash Cond: (store_sales.ss_item_sk = item.i_item_sk)
                           Buffers: shared hit=46041 read=5135341
                           ->  Hash Join  (cost=2570.12..9694609.28 rows=33382 width=18) (actual time=55689.275..75148.176 rows=805543 loops=1)
                                 Hash Cond: (store_sales.ss_sold_date_sk = date_dim.d_date_sk)
                                 Buffers: shared hit=31909 read=5135117
                                 ->  Seq Scan on store_sales  (cost=0.00..9485539.52 rows=78662172 width=22) (actual time=0.044..70331.402 rows=78419996 loops=1)
                                       Filter: ((ss_wholesale_cost >= '70'::numeric) AND (ss_wholesale_cost <= '90'::numeric))
                                       Rows Removed by Filter: 209577028
                                       Buffers: shared hit=30435 read=5135117
                                 ->  Hash  (cost=2569.73..2569.73 rows=31 width=4) (actual time=28.051..28.052 rows=31 loops=1)
                                       Buckets: 1024  Batches: 1  Memory Usage: 10kB
                                       Buffers: shared hit=1474
                                       ->  Seq Scan on date_dim  (cost=0.00..2569.73 rows=31 width=4) (actual time=16.332..28.039 rows=31 loops=1)
                                             Filter: ((d_year = 2002) AND (d_moy = 3))
                                             Rows Removed by Filter: 73018
                                             Buffers: shared hit=1474
                           ->  Hash  (cost=16906.00..16906.00 rows=33517 width=12) (actual time=103.510..103.510 rows=33627 loops=1)
                                 Buckets: 65536  Batches: 1  Memory Usage: 1957kB
                                 Buffers: shared hit=14132 read=224
                                 ->  Seq Scan on item  (cost=0.00..16906.00 rows=33517 width=12) (actual time=0.023..98.446 rows=33627 loops=1)
                                       Filter: (i_category = 'Shoes'::bpchar)
                                       Rows Removed by Filter: 170373
                                       Buffers: shared hit=14132 read=224
                     ->  Index Scan using customer_pkey on customer  (cost=0.43..7.65 rows=1 width=8) (actual time=0.020..0.020 rows=0 loops=192003)
                           Index Cond: (c_customer_sk = store_sales.ss_customer_sk)
                           Filter: (c_birth_month = 4)
                           Rows Removed by Filter: 1
                           Buffers: shared hit=758439 read=73
               ->  Index Scan using customer_address_pkey on customer_address  (cost=0.42..7.65 rows=1 width=15) (actual time=0.022..0.022 rows=0 loops=31871)
                     Index Cond: (ca_address_sk = customer.c_current_addr_sk)
                     Filter: (ca_state = 'MT'::bpchar)
                     Rows Removed by Filter: 1
                     Buffers: shared hit=119598 read=7886
         ->  Hash  (cost=22.02..22.02 rows=402 width=15) (actual time=1.219..1.220 rows=402 loops=1)
               Buckets: 1024  Batches: 1  Memory Usage: 27kB
               Buffers: shared hit=17 read=1
               ->  Seq Scan on store  (cost=0.00..22.02 rows=402 width=15) (actual time=0.026..1.085 rows=402 loops=1)
                     Buffers: shared hit=17 read=1
 Planning:
   Buffers: shared hit=460
 Planning Time: 5.337 ms
 Execution Time: 80108.399 ms
(54 rows)

