                                                                            QUERY PLAN                                                                            
------------------------------------------------------------------------------------------------------------------------------------------------------------------
 Aggregate  (cost=9774891.39..9774891.40 rows=1 width=40) (actual time=80817.656..80817.662 rows=1 loops=1)
   Buffers: shared hit=731289 read=5134971
   ->  Hash Join  (cost=19777.12..9774891.31 rows=10 width=14) (actual time=62789.923..80817.413 rows=188 loops=1)
         Hash Cond: (store_sales.ss_store_sk = store.s_store_sk)
         Join Filter: ("substring"((customer_address.ca_zip)::text, 1, 5) <> "substring"((store.s_zip)::text, 1, 5))
         Rows Removed by Join Filter: 5
         Buffers: shared hit=731289 read=5134971
         ->  Nested Loop  (cost=19750.07..9774864.24 rows=10 width=29) (actual time=62789.554..80816.555 rows=196 loops=1)
               Buffers: shared hit=731271 read=5134971
               ->  Nested Loop  (cost=19749.65..9772691.37 rows=284 width=22) (actual time=62784.370..80637.815 rows=10877 loops=1)
                     Buffers: shared hit=690923 read=5131811
                     ->  Hash Join  (cost=19749.22..9741424.49 rows=4087 width=22) (actual time=62783.860..78112.425 rows=162209 loops=1)
                           Hash Cond: (store_sales.ss_item_sk = item.i_item_sk)
                           Buffers: shared hit=49636 read=5131746
                           ->  Hash Join  (cost=2570.12..9724145.23 rows=38157 width=18) (actual time=62683.758..77704.549 rows=2262041 loops=1)
                                 Hash Cond: (store_sales.ss_sold_date_sk = date_dim.d_date_sk)
                                 Buffers: shared hit=35487 read=5131539
                                 ->  Seq Scan on store_sales  (cost=0.00..9485539.52 rows=89913339 width=22) (actual time=0.019..72262.811 rows=89530603 loops=1)
                                       Filter: ((ss_wholesale_cost >= '55'::numeric) AND (ss_wholesale_cost <= '75'::numeric))
                                       Rows Removed by Filter: 198466421
                                       Buffers: shared hit=34448 read=5131104
                                 ->  Hash  (cost=2569.73..2569.73 rows=31 width=4) (actual time=15.025..15.026 rows=31 loops=1)
                                       Buckets: 1024  Batches: 1  Memory Usage: 10kB
                                       Buffers: shared hit=1039 read=435
                                       ->  Seq Scan on date_dim  (cost=0.00..2569.73 rows=31 width=4) (actual time=6.705..15.018 rows=31 loops=1)
                                             Filter: ((d_year = 2002) AND (d_moy = 8))
                                             Rows Removed by Filter: 73018
                                             Buffers: shared hit=1039 read=435
                           ->  Hash  (cost=16906.00..16906.00 rows=21848 width=12) (actual time=99.969..99.969 rows=21811 loops=1)
                                 Buckets: 32768  Batches: 1  Memory Usage: 1193kB
                                 Buffers: shared hit=14149 read=207
                                 ->  Seq Scan on item  (cost=0.00..16906.00 rows=21848 width=12) (actual time=0.023..96.747 rows=21811 loops=1)
                                       Filter: (i_category = 'Sports'::bpchar)
                                       Rows Removed by Filter: 182189
                                       Buffers: shared hit=14149 read=207
                     ->  Index Scan using customer_pkey on customer  (cost=0.43..7.65 rows=1 width=8) (actual time=0.015..0.015 rows=0 loops=162209)
                           Index Cond: (c_customer_sk = store_sales.ss_customer_sk)
                           Filter: (c_birth_month = 12)
                           Rows Removed by Filter: 1
                           Buffers: shared hit=641287 read=65
               ->  Index Scan using customer_address_pkey on customer_address  (cost=0.42..7.65 rows=1 width=15) (actual time=0.016..0.016 rows=0 loops=10877)
                     Index Cond: (ca_address_sk = customer.c_current_addr_sk)
                     Filter: (ca_state = 'KS'::bpchar)
                     Rows Removed by Filter: 1
                     Buffers: shared hit=40348 read=3160
         ->  Hash  (cost=22.02..22.02 rows=402 width=15) (actual time=0.350..0.350 rows=402 loops=1)
               Buckets: 1024  Batches: 1  Memory Usage: 27kB
               Buffers: shared hit=18
               ->  Seq Scan on store  (cost=0.00..22.02 rows=402 width=15) (actual time=0.013..0.294 rows=402 loops=1)
                     Buffers: shared hit=18
 Planning:
   Buffers: shared hit=460
 Planning Time: 1.938 ms
 Execution Time: 80817.920 ms
(54 rows)

