                                                                             QUERY PLAN                                                                             
--------------------------------------------------------------------------------------------------------------------------------------------------------------------
 Aggregate  (cost=9680304.73..9680304.74 rows=1 width=40) (actual time=78741.723..78741.728 rows=1 loops=1)
   Buffers: shared hit=674536 read=5130304
   ->  Nested Loop  (cost=2571.53..9680304.67 rows=8 width=14) (actual time=16553.583..78741.664 rows=35 loops=1)
         Join Filter: ("substring"((customer_address.ca_zip)::text, 1, 5) <> "substring"((store.s_zip)::text, 1, 5))
         Buffers: shared hit=674536 read=5130304
         ->  Nested Loop  (cost=2571.38..9680258.73 rows=8 width=29) (actual time=16553.552..78741.216 rows=36 loops=1)
               Buffers: shared hit=674466 read=5130304
               ->  Nested Loop  (cost=2570.96..9679976.21 rows=37 width=25) (actual time=16553.511..78737.745 rows=118 loops=1)
                     Buffers: shared hit=674076 read=5130222
                     ->  Nested Loop  (cost=2570.54..9674130.28 rows=764 width=18) (actual time=16508.069..78508.193 rows=8706 loops=1)
                           Buffers: shared hit=641122 read=5128352
                           ->  Hash Join  (cost=2570.11..9572786.08 rows=13247 width=18) (actual time=16507.900..75075.657 rows=152410 loops=1)
                                 Hash Cond: (store_sales.ss_sold_date_sk = date_dim.d_date_sk)
                                 Buffers: shared hit=38713 read=5128313
                                 ->  Seq Scan on store_sales  (cost=0.00..9485539.52 rows=32255907 width=22) (actual time=0.042..72913.125 rows=32336064 loops=1)
                                       Filter: ((ss_wholesale_cost >= '18'::numeric) AND (ss_wholesale_cost <= '38'::numeric))
                                       Rows Removed by Filter: 255660960
                                       Buffers: shared hit=37239 read=5128313
                                 ->  Hash  (cost=2569.73..2569.73 rows=30 width=4) (actual time=28.423..28.424 rows=30 loops=1)
                                       Buckets: 1024  Batches: 1  Memory Usage: 10kB
                                       Buffers: shared hit=1474
                                       ->  Seq Scan on date_dim  (cost=0.00..2569.73 rows=30 width=4) (actual time=16.249..28.410 rows=30 loops=1)
                                             Filter: ((d_year = 1999) AND (d_moy = 4))
                                             Rows Removed by Filter: 73019
                                             Buffers: shared hit=1474
                           ->  Index Scan using customer_pkey on customer  (cost=0.43..7.65 rows=1 width=8) (actual time=0.022..0.022 rows=0 loops=152410)
                                 Index Cond: (c_customer_sk = store_sales.ss_customer_sk)
                                 Filter: (c_birth_month = 3)
                                 Rows Removed by Filter: 1
                                 Buffers: shared hit=602409 read=39
                     ->  Index Scan using customer_address_pkey on customer_address  (cost=0.42..7.65 rows=1 width=15) (actual time=0.026..0.026 rows=0 loops=8706)
                           Index Cond: (ca_address_sk = customer.c_current_addr_sk)
                           Filter: (ca_state = 'VA'::bpchar)
                           Rows Removed by Filter: 1
                           Buffers: shared hit=32954 read=1870
               ->  Index Scan using item_pkey on item  (cost=0.42..7.64 rows=1 width=12) (actual time=0.028..0.028 rows=0 loops=118)
                     Index Cond: (i_item_sk = store_sales.ss_item_sk)
                     Filter: (i_category = 'Electronics'::bpchar)
                     Rows Removed by Filter: 1
                     Buffers: shared hit=390 read=82
         ->  Index Scan using store_pkey on store  (cost=0.15..5.72 rows=1 width=15) (actual time=0.008..0.008 rows=1 loops=36)
               Index Cond: (s_store_sk = store_sales.ss_store_sk)
               Buffers: shared hit=70
 Planning:
   Buffers: shared hit=460
 Planning Time: 5.322 ms
 Execution Time: 78742.070 ms
(47 rows)

