                                                                            QUERY PLAN                                                                            
------------------------------------------------------------------------------------------------------------------------------------------------------------------
 Aggregate  (cost=9631658.25..9631658.26 rows=1 width=40) (actual time=76833.170..76833.176 rows=1 loops=1)
   Buffers: shared hit=366900 read=5131420
   ->  Hash Join  (cost=19922.97..9631658.19 rows=8 width=14) (actual time=54889.505..76833.041 rows=124 loops=1)
         Hash Cond: (store_sales.ss_store_sk = store.s_store_sk)
         Join Filter: ("substring"((customer_address.ca_zip)::text, 1, 5) <> "substring"((store.s_zip)::text, 1, 5))
         Rows Removed by Join Filter: 2
         Buffers: shared hit=366900 read=5131420
         ->  Nested Loop  (cost=19895.93..9631631.12 rows=8 width=29) (actual time=54888.838..76832.080 rows=127 loops=1)
               Buffers: shared hit=366882 read=5131420
               ->  Nested Loop  (cost=19895.50..9629634.52 rows=261 width=22) (actual time=54854.074..76694.604 rows=7050 loops=1)
                     Buffers: shared hit=340266 read=5129836
                     ->  Hash Join  (cost=19895.07..9609231.05 rows=2667 width=22) (actual time=54853.871..75333.073 rows=73031 loops=1)
                           Hash Cond: (store_sales.ss_item_sk = item.i_item_sk)
                           Buffers: shared hit=51559 read=5129823
                           ->  Hash Join  (cost=2570.11..9591863.48 rows=16231 width=18) (actual time=54747.833..75163.362 rows=305690 loops=1)
                                 Hash Cond: (store_sales.ss_sold_date_sk = date_dim.d_date_sk)
                                 Buffers: shared hit=37497 read=5129529
                                 ->  Seq Scan on store_sales  (cost=0.00..9485539.52 rows=39523085 width=22) (actual time=1.924..72600.349 rows=40114371 loops=1)
                                       Filter: ((ss_wholesale_cost >= '25'::numeric) AND (ss_wholesale_cost <= '45'::numeric))
                                       Rows Removed by Filter: 247882653
                                       Buffers: shared hit=36023 read=5129529
                                 ->  Hash  (cost=2569.73..2569.73 rows=30 width=4) (actual time=19.569..19.569 rows=31 loops=1)
                                       Buckets: 1024  Batches: 1  Memory Usage: 10kB
                                       Buffers: shared hit=1474
                                       ->  Seq Scan on date_dim  (cost=0.00..2569.73 rows=30 width=4) (actual time=10.863..19.558 rows=31 loops=1)
                                             Filter: ((d_year = 2002) AND (d_moy = 1))
                                             Rows Removed by Filter: 73018
                                             Buffers: shared hit=1474
                           ->  Hash  (cost=16906.00..16906.00 rows=33517 width=12) (actual time=105.784..105.785 rows=33627 loops=1)
                                 Buckets: 65536  Batches: 1  Memory Usage: 1957kB
                                 Buffers: shared hit=14062 read=294
                                 ->  Seq Scan on item  (cost=0.00..16906.00 rows=33517 width=12) (actual time=0.027..100.790 rows=33627 loops=1)
                                       Filter: (i_category = 'Shoes'::bpchar)
                                       Rows Removed by Filter: 170373
                                       Buffers: shared hit=14062 read=294
                     ->  Index Scan using customer_pkey on customer  (cost=0.43..7.65 rows=1 width=8) (actual time=0.018..0.018 rows=0 loops=73031)
                           Index Cond: (c_customer_sk = store_sales.ss_customer_sk)
                           Filter: (c_birth_month = 2)
                           Rows Removed by Filter: 1
                           Buffers: shared hit=288707 read=13
               ->  Index Scan using customer_address_pkey on customer_address  (cost=0.42..7.65 rows=1 width=15) (actual time=0.019..0.019 rows=0 loops=7050)
                     Index Cond: (ca_address_sk = customer.c_current_addr_sk)
                     Filter: (ca_state = 'IL'::bpchar)
                     Rows Removed by Filter: 1
                     Buffers: shared hit=26616 read=1584
         ->  Hash  (cost=22.02..22.02 rows=402 width=15) (actual time=0.640..0.640 rows=402 loops=1)
               Buckets: 1024  Batches: 1  Memory Usage: 27kB
               Buffers: shared hit=18
               ->  Seq Scan on store  (cost=0.00..22.02 rows=402 width=15) (actual time=0.024..0.511 rows=402 loops=1)
                     Buffers: shared hit=18
 Planning:
   Buffers: shared hit=460
 Planning Time: 4.524 ms
 Execution Time: 76833.628 ms
(54 rows)

