                                                                             QUERY PLAN                                                                             
--------------------------------------------------------------------------------------------------------------------------------------------------------------------
 Aggregate  (cost=9733949.83..9733949.84 rows=1 width=40) (actual time=93692.401..93692.406 rows=1 loops=1)
   Buffers: shared hit=2883647 read=5131721
   ->  Nested Loop  (cost=2571.53..9733949.82 rows=1 width=14) (actual time=4344.430..93692.345 rows=20 loops=1)
         Join Filter: ("substring"((customer_address.ca_zip)::text, 1, 5) <> "substring"((store.s_zip)::text, 1, 5))
         Rows Removed by Join Filter: 1
         Buffers: shared hit=2883647 read=5131721
         ->  Nested Loop  (cost=2571.38..9733944.08 rows=1 width=29) (actual time=4344.405..93691.364 rows=21 loops=1)
               Buffers: shared hit=2883605 read=5131721
               ->  Nested Loop  (cost=2570.96..9733913.54 rows=4 width=25) (actual time=4211.489..93684.701 rows=255 loops=1)
                     Buffers: shared hit=2882764 read=5131542
                     ->  Nested Loop  (cost=2570.54..9732096.55 rows=237 width=18) (actual time=4185.051..93441.271 rows=9916 loops=1)
                           Buffers: shared hit=2844580 read=5130062
                           ->  Hash Join  (cost=2570.11..9599171.86 rows=17375 width=18) (actual time=4184.954..76885.572 rows=710407 loops=1)
                                 Hash Cond: (store_sales.ss_sold_date_sk = date_dim.d_date_sk)
                                 Buffers: shared hit=37029 read=5129997
                                 ->  Seq Scan on store_sales  (cost=0.00..9485539.52 rows=42307078 width=22) (actual time=0.955..73959.882 rows=43022880 loops=1)
                                       Filter: ((ss_wholesale_cost >= '4'::numeric) AND (ss_wholesale_cost <= '24'::numeric))
                                       Rows Removed by Filter: 244974144
                                       Buffers: shared hit=35555 read=5129997
                                 ->  Hash  (cost=2569.73..2569.73 rows=30 width=4) (actual time=14.283..14.284 rows=31 loops=1)
                                       Buckets: 1024  Batches: 1  Memory Usage: 10kB
                                       Buffers: shared hit=1474
                                       ->  Seq Scan on date_dim  (cost=0.00..2569.73 rows=30 width=4) (actual time=6.492..14.275 rows=31 loops=1)
                                             Filter: ((d_year = 1998) AND (d_moy = 5))
                                             Rows Removed by Filter: 73018
                                             Buffers: shared hit=1474
                           ->  Index Scan using customer_pkey on customer  (cost=0.43..7.65 rows=1 width=8) (actual time=0.023..0.023 rows=0 loops=710407)
                                 Index Cond: (c_customer_sk = store_sales.ss_customer_sk)
                                 Filter: (c_birth_month = 5)
                                 Rows Removed by Filter: 1
                                 Buffers: shared hit=2807551 read=65
                     ->  Index Scan using customer_address_pkey on customer_address  (cost=0.42..7.67 rows=1 width=15) (actual time=0.024..0.024 rows=0 loops=9916)
                           Index Cond: (ca_address_sk = customer.c_current_addr_sk)
                           Filter: (ca_state = 'MT'::bpchar)
                           Rows Removed by Filter: 1
                           Buffers: shared hit=38184 read=1480
               ->  Index Scan using item_pkey on item  (cost=0.42..7.64 rows=1 width=12) (actual time=0.025..0.025 rows=0 loops=255)
                     Index Cond: (i_item_sk = store_sales.ss_item_sk)
                     Filter: (i_category = 'Men'::bpchar)
                     Rows Removed by Filter: 1
                     Buffers: shared hit=841 read=179
         ->  Index Scan using store_pkey on store  (cost=0.15..5.72 rows=1 width=15) (actual time=0.040..0.040 rows=1 loops=21)
               Index Cond: (s_store_sk = store_sales.ss_store_sk)
               Buffers: shared hit=42
 Planning:
   Buffers: shared hit=460
 Planning Time: 3.156 ms
 Execution Time: 93692.695 ms
(48 rows)

