                                                                            QUERY PLAN                                                                            
------------------------------------------------------------------------------------------------------------------------------------------------------------------
 Aggregate  (cost=9651300.37..9651300.38 rows=1 width=40) (actual time=70899.156..70899.161 rows=1 loops=1)
   Buffers: shared hit=364463 read=5128123
   ->  Nested Loop  (cost=19896.08..9651300.34 rows=4 width=14) (actual time=2713.328..70899.069 rows=58 loops=1)
         Join Filter: ("substring"((customer_address.ca_zip)::text, 1, 5) <> "substring"((store.s_zip)::text, 1, 5))
         Rows Removed by Join Filter: 2
         Buffers: shared hit=364463 read=5128123
         ->  Nested Loop  (cost=19895.94..9651277.36 rows=4 width=29) (actual time=2713.310..70898.484 rows=60 loops=1)
               Buffers: shared hit=364343 read=5128123
               ->  Nested Loop  (cost=19895.51..9650305.33 rows=127 width=22) (actual time=2680.848..70841.143 rows=2856 loops=1)
                     Buffers: shared hit=354010 read=5127032
                     ->  Hash Join  (cost=19895.08..9625847.19 rows=3197 width=22) (actual time=2680.600..69490.657 rows=75879 loops=1)
                           Hash Cond: (store_sales.ss_item_sk = item.i_item_sk)
                           Buffers: shared hit=54352 read=5127030
                           ->  Hash Join  (cost=2570.12..9608471.16 rows=19457 width=18) (actual time=2565.724..69287.293 rows=528364 loops=1)
                                 Hash Cond: (store_sales.ss_sold_date_sk = date_dim.d_date_sk)
                                 Buffers: shared hit=40342 read=5126684
                                 ->  Seq Scan on store_sales  (cost=0.00..9485539.52 rows=45849467 width=22) (actual time=0.628..66388.247 rows=46160898 loops=1)
                                       Filter: ((ss_wholesale_cost >= '80'::numeric) AND (ss_wholesale_cost <= '100'::numeric))
                                       Rows Removed by Filter: 241836126
                                       Buffers: shared hit=38868 read=5126684
                                 ->  Hash  (cost=2569.73..2569.73 rows=31 width=4) (actual time=21.127..21.127 rows=31 loops=1)
                                       Buckets: 1024  Batches: 1  Memory Usage: 10kB
                                       Buffers: shared hit=1474
                                       ->  Seq Scan on date_dim  (cost=0.00..2569.73 rows=31 width=4) (actual time=11.633..21.112 rows=31 loops=1)
                                             Filter: ((d_year = 1998) AND (d_moy = 3))
                                             Rows Removed by Filter: 73018
                                             Buffers: shared hit=1474
                           ->  Hash  (cost=16906.00..16906.00 rows=33517 width=12) (actual time=114.637..114.638 rows=33627 loops=1)
                                 Buckets: 65536  Batches: 1  Memory Usage: 1957kB
                                 Buffers: shared hit=14010 read=346
                                 ->  Seq Scan on item  (cost=0.00..16906.00 rows=33517 width=12) (actual time=0.028..109.495 rows=33627 loops=1)
                                       Filter: (i_category = 'Shoes'::bpchar)
                                       Rows Removed by Filter: 170373
                                       Buffers: shared hit=14010 read=346
                     ->  Index Scan using customer_pkey on customer  (cost=0.43..7.65 rows=1 width=8) (actual time=0.018..0.018 rows=0 loops=75879)
                           Index Cond: (c_customer_sk = store_sales.ss_customer_sk)
                           Filter: (c_birth_month = 9)
                           Rows Removed by Filter: 1
                           Buffers: shared hit=299658 read=2
               ->  Index Scan using customer_address_pkey on customer_address  (cost=0.42..7.65 rows=1 width=15) (actual time=0.020..0.020 rows=0 loops=2856)
                     Index Cond: (ca_address_sk = customer.c_current_addr_sk)
                     Filter: (ca_state = 'IA'::bpchar)
                     Rows Removed by Filter: 1
                     Buffers: shared hit=10333 read=1091
         ->  Index Scan using store_pkey on store  (cost=0.15..5.72 rows=1 width=15) (actual time=0.006..0.006 rows=1 loops=60)
               Index Cond: (s_store_sk = store_sales.ss_store_sk)
               Buffers: shared hit=120
 Planning:
   Buffers: shared hit=460
 Planning Time: 4.841 ms
 Execution Time: 70899.706 ms
(51 rows)

