                                                                            QUERY PLAN                                                                            
------------------------------------------------------------------------------------------------------------------------------------------------------------------
 Aggregate  (cost=9681684.41..9681684.42 rows=1 width=40) (actual time=71537.167..71537.174 rows=1 loops=1)
   Buffers: shared hit=222349 read=5127295
   ->  Hash Join  (cost=19838.81..9681684.33 rows=10 width=14) (actual time=22232.105..71537.087 rows=68 loops=1)
         Hash Cond: (store_sales.ss_store_sk = store.s_store_sk)
         Join Filter: ("substring"((customer_address.ca_zip)::text, 1, 5) <> "substring"((store.s_zip)::text, 1, 5))
         Rows Removed by Join Filter: 1
         Buffers: shared hit=222349 read=5127295
         ->  Nested Loop  (cost=19811.76..9681657.26 rows=10 width=29) (actual time=22231.146..71535.963 rows=69 loops=1)
               Buffers: shared hit=222333 read=5127293
               ->  Nested Loop  (cost=19811.34..9679385.27 rows=297 width=22) (actual time=22189.350..71467.523 rows=3757 loops=1)
                     Buffers: shared hit=209008 read=5125590
                     ->  Hash Join  (cost=19810.91..9656441.92 rows=2999 width=22) (actual time=22189.183..70823.029 rows=38749 loops=1)
                           Hash Cond: (store_sales.ss_item_sk = item.i_item_sk)
                           Buffers: shared hit=55794 read=5125588
                           ->  Hash Join  (cost=2570.10..9639141.15 rows=22840 width=18) (actual time=22072.088..70648.346 rows=362144 loops=1)
                                 Hash Cond: (store_sales.ss_sold_date_sk = date_dim.d_date_sk)
                                 Buffers: shared hit=41688 read=5125338
                                 ->  Seq Scan on store_sales  (cost=0.00..9485539.52 rows=57532634 width=22) (actual time=0.136..67133.290 rows=57752041 loops=1)
                                       Filter: ((ss_wholesale_cost >= '77'::numeric) AND (ss_wholesale_cost <= '97'::numeric))
                                       Rows Removed by Filter: 230244983
                                       Buffers: shared hit=40214 read=5125338
                                 ->  Hash  (cost=2569.73..2569.73 rows=29 width=4) (actual time=19.811..19.812 rows=30 loops=1)
                                       Buckets: 1024  Batches: 1  Memory Usage: 10kB
                                       Buffers: shared hit=1474
                                       ->  Seq Scan on date_dim  (cost=0.00..2569.73 rows=29 width=4) (actual time=10.285..19.801 rows=30 loops=1)
                                             Filter: ((d_year = 1999) AND (d_moy = 11))
                                             Rows Removed by Filter: 73019
                                             Buffers: shared hit=1474
                           ->  Hash  (cost=16906.00..16906.00 rows=26785 width=12) (actual time=116.903..116.903 rows=26695 loops=1)
                                 Buckets: 32768  Batches: 1  Memory Usage: 1403kB
                                 Buffers: shared hit=14106 read=250
                                 ->  Seq Scan on item  (cost=0.00..16906.00 rows=26785 width=12) (actual time=0.016..111.862 rows=26695 loops=1)
                                       Filter: (i_category = 'Children'::bpchar)
                                       Rows Removed by Filter: 177305
                                       Buffers: shared hit=14106 read=250
                     ->  Index Scan using customer_pkey on customer  (cost=0.43..7.65 rows=1 width=8) (actual time=0.016..0.016 rows=0 loops=38749)
                           Index Cond: (c_customer_sk = store_sales.ss_customer_sk)
                           Filter: (c_birth_month = 1)
                           Rows Removed by Filter: 1
                           Buffers: shared hit=153214 read=2
               ->  Index Scan using customer_address_pkey on customer_address  (cost=0.42..7.65 rows=1 width=15) (actual time=0.018..0.018 rows=0 loops=3757)
                     Index Cond: (ca_address_sk = customer.c_current_addr_sk)
                     Filter: (ca_state = 'MO'::bpchar)
                     Rows Removed by Filter: 1
                     Buffers: shared hit=13325 read=1703
         ->  Hash  (cost=22.02..22.02 rows=402 width=15) (actual time=0.934..0.935 rows=402 loops=1)
               Buckets: 1024  Batches: 1  Memory Usage: 27kB
               Buffers: shared hit=16 read=2
               ->  Seq Scan on store  (cost=0.00..22.02 rows=402 width=15) (actual time=0.022..0.826 rows=402 loops=1)
                     Buffers: shared hit=16 read=2
 Planning:
   Buffers: shared hit=460
 Planning Time: 4.848 ms
 Execution Time: 71537.614 ms
(54 rows)

