                                                                            QUERY PLAN                                                                            
------------------------------------------------------------------------------------------------------------------------------------------------------------------
 Aggregate  (cost=9670154.46..9670154.47 rows=1 width=40) (actual time=72119.031..72119.035 rows=1 loops=1)
   Buffers: shared hit=89110 read=5122776
   ->  Nested Loop  (cost=16953.88..9670154.45 rows=1 width=14) (actual time=23793.220..72119.001 rows=10 loops=1)
         Join Filter: ("substring"((customer_address.ca_zip)::text, 1, 5) <> "substring"((store.s_zip)::text, 1, 5))
         Rows Removed by Join Filter: 1
         Buffers: shared hit=89110 read=5122776
         ->  Nested Loop  (cost=16953.73..9670148.70 rows=1 width=29) (actual time=23793.203..72118.856 rows=11 loops=1)
               Buffers: shared hit=89088 read=5122776
               ->  Nested Loop  (cost=16953.31..9669873.31 rows=36 width=22) (actual time=23787.614..72111.228 rows=555 loops=1)
                     Buffers: shared hit=87211 read=5122433
                     ->  Nested Loop  (cost=16952.88..9667096.24 rows=363 width=22) (actual time=23787.070..72036.871 rows=5957 loops=1)
                           Buffers: shared hit=63682 read=5122430
                           ->  Hash Join  (cost=16952.58..9629603.16 rows=884418 width=26) (actual time=119.303..71861.126 rows=431727 loops=1)
                                 Hash Cond: (store_sales.ss_item_sk = item.i_item_sk)
                                 Buffers: shared hit=57664 read=5122244
                                 ->  Seq Scan on store_sales  (cost=0.00..9485539.52 rows=48422260 width=22) (actual time=0.063..67379.836 rows=48278787 loops=1)
                                       Filter: ((ss_wholesale_cost >= '74'::numeric) AND (ss_wholesale_cost <= '94'::numeric))
                                       Rows Removed by Filter: 239718237
                                       Buffers: shared hit=43548 read=5122004
                                 ->  Hash  (cost=16906.00..16906.00 rows=3726 width=12) (actual time=119.041..119.042 rows=3713 loops=1)
                                       Buckets: 4096  Batches: 1  Memory Usage: 192kB
                                       Buffers: shared hit=14116 read=240
                                       ->  Seq Scan on item  (cost=0.00..16906.00 rows=3726 width=12) (actual time=0.504..118.367 rows=3713 loops=1)
                                             Filter: (i_category = 'Music'::bpchar)
                                             Rows Removed by Filter: 200287
                                             Buffers: shared hit=14116 read=240
                           ->  Memoize  (cost=0.30..7.51 rows=1 width=4) (actual time=0.000..0.000 rows=0 loops=431727)
                                 Cache Key: store_sales.ss_sold_date_sk
                                 Cache Mode: logical
                                 Hits: 429658  Misses: 2069  Evictions: 0  Overflows: 0  Memory Usage: 139kB
                                 Buffers: shared hit=6018 read=186
                                 ->  Index Scan using date_dim_pkey on date_dim  (cost=0.29..7.50 rows=1 width=4) (actual time=0.017..0.017 rows=0 loops=2069)
                                       Index Cond: (d_date_sk = store_sales.ss_sold_date_sk)
                                       Filter: ((d_year = 2000) AND (d_moy = 1))
                                       Rows Removed by Filter: 1
                                       Buffers: shared hit=6018 read=186
                     ->  Index Scan using customer_pkey on customer  (cost=0.43..7.65 rows=1 width=8) (actual time=0.012..0.012 rows=0 loops=5957)
                           Index Cond: (c_customer_sk = store_sales.ss_customer_sk)
                           Filter: (c_birth_month = 1)
                           Rows Removed by Filter: 1
                           Buffers: shared hit=23529 read=3
               ->  Index Scan using customer_address_pkey on customer_address  (cost=0.42..7.65 rows=1 width=15) (actual time=0.013..0.013 rows=0 loops=555)
                     Index Cond: (ca_address_sk = customer.c_current_addr_sk)
                     Filter: (ca_state = 'SD'::bpchar)
                     Rows Removed by Filter: 1
                     Buffers: shared hit=1877 read=343
         ->  Index Scan using store_pkey on store  (cost=0.15..5.72 rows=1 width=15) (actual time=0.008..0.008 rows=1 loops=11)
               Index Cond: (s_store_sk = store_sales.ss_store_sk)
               Buffers: shared hit=22
 Planning:
   Buffers: shared hit=460
 Planning Time: 5.122 ms
 Execution Time: 72119.649 ms
(53 rows)

