                                                                            QUERY PLAN                                                                            
------------------------------------------------------------------------------------------------------------------------------------------------------------------
 Aggregate  (cost=9790686.90..9790686.91 rows=1 width=40) (actual time=85901.552..85901.558 rows=1 loops=1)
   Buffers: shared hit=1219674 read=5135518
   ->  Hash Join  (cost=19922.97..9790686.82 rows=11 width=14) (actual time=61499.080..85901.250 rows=263 loops=1)
         Hash Cond: (store_sales.ss_store_sk = store.s_store_sk)
         Join Filter: ("substring"((customer_address.ca_zip)::text, 1, 5) <> "substring"((store.s_zip)::text, 1, 5))
         Rows Removed by Join Filter: 4
         Buffers: shared hit=1219674 read=5135518
         ->  Nested Loop  (cost=19895.93..9790659.74 rows=11 width=29) (actual time=61497.787..85899.228 rows=268 loops=1)
               Buffers: shared hit=1219658 read=5135516
               ->  Nested Loop  (cost=19895.50..9787981.64 rows=350 width=22) (actual time=61329.065..85542.570 rows=15850 loops=1)
                     Buffers: shared hit=1163468 read=5128306
                     ->  Hash Join  (cost=19895.07..9741567.11 rows=6067 width=22) (actual time=61328.835..79634.020 rows=281071 loops=1)
                           Hash Cond: (store_sales.ss_item_sk = item.i_item_sk)
                           Buffers: shared hit=53445 read=5127937
                           ->  Hash Join  (cost=2570.11..9724145.22 rows=36926 width=18) (actual time=61226.605..79247.489 rows=1174159 loops=1)
                                 Hash Cond: (store_sales.ss_sold_date_sk = date_dim.d_date_sk)
                                 Buffers: shared hit=39194 read=5127832
                                 ->  Seq Scan on store_sales  (cost=0.00..9485539.52 rows=89913339 width=22) (actual time=0.053..73739.550 rows=89530603 loops=1)
                                       Filter: ((ss_wholesale_cost >= '56'::numeric) AND (ss_wholesale_cost <= '76'::numeric))
                                       Rows Removed by Filter: 198466421
                                       Buffers: shared hit=37720 read=5127832
                                 ->  Hash  (cost=2569.73..2569.73 rows=30 width=4) (actual time=20.203..20.204 rows=30 loops=1)
                                       Buckets: 1024  Batches: 1  Memory Usage: 10kB
                                       Buffers: shared hit=1474
                                       ->  Seq Scan on date_dim  (cost=0.00..2569.73 rows=30 width=4) (actual time=11.552..20.194 rows=30 loops=1)
                                             Filter: ((d_year = 2002) AND (d_moy = 6))
                                             Rows Removed by Filter: 73019
                                             Buffers: shared hit=1474
                           ->  Hash  (cost=16906.00..16906.00 rows=33517 width=12) (actual time=101.989..101.990 rows=33627 loops=1)
                                 Buckets: 65536  Batches: 1  Memory Usage: 1957kB
                                 Buffers: shared hit=14251 read=105
                                 ->  Seq Scan on item  (cost=0.00..16906.00 rows=33517 width=12) (actual time=0.023..97.082 rows=33627 loops=1)
                                       Filter: (i_category = 'Shoes'::bpchar)
                                       Rows Removed by Filter: 170373
                                       Buffers: shared hit=14251 read=105
                     ->  Index Scan using customer_pkey on customer  (cost=0.43..7.65 rows=1 width=8) (actual time=0.021..0.021 rows=0 loops=281071)
                           Index Cond: (c_customer_sk = store_sales.ss_customer_sk)
                           Filter: (c_birth_month = 3)
                           Rows Removed by Filter: 1
                           Buffers: shared hit=1110023 read=369
               ->  Index Scan using customer_address_pkey on customer_address  (cost=0.42..7.65 rows=1 width=15) (actual time=0.022..0.022 rows=0 loops=15850)
                     Index Cond: (ca_address_sk = customer.c_current_addr_sk)
                     Filter: (ca_state = 'IA'::bpchar)
                     Rows Removed by Filter: 1
                     Buffers: shared hit=56190 read=7210
         ->  Hash  (cost=22.02..22.02 rows=402 width=15) (actual time=1.256..1.257 rows=402 loops=1)
               Buckets: 1024  Batches: 1  Memory Usage: 27kB
               Buffers: shared hit=16 read=2
               ->  Seq Scan on store  (cost=0.00..22.02 rows=402 width=15) (actual time=0.029..1.096 rows=402 loops=1)
                     Buffers: shared hit=16 read=2
 Planning:
   Buffers: shared hit=460
 Planning Time: 4.866 ms
 Execution Time: 85902.088 ms
(54 rows)

