                                                                              QUERY PLAN                                                                              
----------------------------------------------------------------------------------------------------------------------------------------------------------------------
 Aggregate  (cost=9750373.52..9750373.53 rows=1 width=40) (actual time=109054.810..109054.816 rows=1 loops=1)
   Buffers: shared hit=5177231 read=5151349
   ->  Nested Loop  (cost=2571.54..9750373.50 rows=3 width=14) (actual time=31708.256..109054.417 rows=182 loops=1)
         Join Filter: ("substring"((customer_address.ca_zip)::text, 1, 5) <> "substring"((store.s_zip)::text, 1, 5))
         Rows Removed by Join Filter: 3
         Buffers: shared hit=5177231 read=5151349
         ->  Nested Loop  (cost=2571.39..9750356.27 rows=3 width=29) (actual time=31708.232..109051.156 rows=187 loops=1)
               Buffers: shared hit=5176862 read=5151348
               ->  Nested Loop  (cost=2570.97..9749966.85 rows=51 width=25) (actual time=31708.135..108978.800 rows=2542 loops=1)
                     Buffers: shared hit=5168383 read=5149659
                     ->  Nested Loop  (cost=2570.55..9736526.11 rows=1757 width=18) (actual time=31705.075..106148.096 rows=114676 loops=1)
                           Buffers: shared hit=4721723 read=5137615
                           ->  Hash Join  (cost=2570.12..9599171.87 rows=17954 width=18) (actual time=31704.712..78459.600 rows=1187504 loops=1)
                                 Hash Cond: (store_sales.ss_sold_date_sk = date_dim.d_date_sk)
                                 Buffers: shared hit=30132 read=5136894
                                 ->  Seq Scan on store_sales  (cost=0.00..9485539.52 rows=42307078 width=22) (actual time=0.035..75374.019 rows=43022880 loops=1)
                                       Filter: ((ss_wholesale_cost >= '6'::numeric) AND (ss_wholesale_cost <= '26'::numeric))
                                       Rows Removed by Filter: 244974144
                                       Buffers: shared hit=28658 read=5136894
                                 ->  Hash  (cost=2569.73..2569.73 rows=31 width=4) (actual time=14.234..14.235 rows=31 loops=1)
                                       Buckets: 1024  Batches: 1  Memory Usage: 10kB
                                       Buffers: shared hit=1474
                                       ->  Seq Scan on date_dim  (cost=0.00..2569.73 rows=31 width=4) (actual time=7.774..14.223 rows=31 loops=1)
                                             Filter: ((d_year = 2000) AND (d_moy = 8))
                                             Rows Removed by Filter: 73018
                                             Buffers: shared hit=1474
                           ->  Index Scan using customer_pkey on customer  (cost=0.43..7.65 rows=1 width=8) (actual time=0.023..0.023 rows=0 loops=1187504)
                                 Index Cond: (c_customer_sk = store_sales.ss_customer_sk)
                                 Filter: (c_birth_month = 2)
                                 Rows Removed by Filter: 1
                                 Buffers: shared hit=4691591 read=721
                     ->  Index Scan using customer_address_pkey on customer_address  (cost=0.42..7.65 rows=1 width=15) (actual time=0.024..0.024 rows=0 loops=114676)
                           Index Cond: (ca_address_sk = customer.c_current_addr_sk)
                           Filter: (ca_state = 'NE'::bpchar)
                           Rows Removed by Filter: 1
                           Buffers: shared hit=446660 read=12044
               ->  Index Scan using item_pkey on item  (cost=0.42..7.64 rows=1 width=12) (actual time=0.028..0.028 rows=0 loops=2542)
                     Index Cond: (i_item_sk = store_sales.ss_item_sk)
                     Filter: (i_category = 'Women'::bpchar)
                     Rows Removed by Filter: 1
                     Buffers: shared hit=8479 read=1689
         ->  Index Scan using store_pkey on store  (cost=0.15..5.72 rows=1 width=15) (actual time=0.011..0.011 rows=1 loops=187)
               Index Cond: (s_store_sk = store_sales.ss_store_sk)
               Buffers: shared hit=369 read=1
 Planning:
   Buffers: shared hit=460
 Planning Time: 2.249 ms
 Execution Time: 109055.103 ms
(48 rows)

