                                                                            QUERY PLAN                                                                            
------------------------------------------------------------------------------------------------------------------------------------------------------------------
 Aggregate  (cost=9693102.38..9693102.39 rows=1 width=40) (actual time=89567.446..89567.451 rows=1 loops=1)
   Buffers: shared hit=2574421 read=5139491
   ->  Nested Loop  (cost=2571.54..9693102.36 rows=3 width=14) (actual time=49875.991..89567.051 rows=215 loops=1)
         Join Filter: ("substring"((customer_address.ca_zip)::text, 1, 5) <> "substring"((store.s_zip)::text, 1, 5))
         Rows Removed by Join Filter: 2
         Buffers: shared hit=2574421 read=5139491
         ->  Nested Loop  (cost=2571.39..9693085.13 rows=3 width=29) (actual time=49875.960..89563.054 rows=219 loops=1)
               Buffers: shared hit=2573987 read=5139491
               ->  Nested Loop  (cost=2570.97..9691891.93 rows=156 width=22) (actual time=49860.809..89279.303 rows=10549 loops=1)
                     Buffers: shared hit=2534101 read=5137181
                     ->  Nested Loop  (cost=2570.54..9684792.41 rows=928 width=22) (actual time=49859.468..87760.021 rows=63089 loops=1)
                           Buffers: shared hit=2284981 read=5137181
                           ->  Hash Join  (cost=2570.12..9576137.86 rows=14230 width=18) (actual time=49859.336..74827.984 rows=563784 loops=1)
                                 Hash Cond: (store_sales.ss_sold_date_sk = date_dim.d_date_sk)
                                 Buffers: shared hit=38416 read=5128610
                                 ->  Seq Scan on store_sales  (cost=0.00..9485539.52 rows=33532703 width=22) (actual time=0.176..72491.787 rows=33748947 loops=1)
                                       Filter: ((ss_wholesale_cost >= '33'::numeric) AND (ss_wholesale_cost <= '53'::numeric))
                                       Rows Removed by Filter: 254248077
                                       Buffers: shared hit=37647 read=5127905
                                 ->  Hash  (cost=2569.73..2569.73 rows=31 width=4) (actual time=21.359..21.360 rows=31 loops=1)
                                       Buckets: 1024  Batches: 1  Memory Usage: 10kB
                                       Buffers: shared hit=769 read=705
                                       ->  Seq Scan on date_dim  (cost=0.00..2569.73 rows=31 width=4) (actual time=13.692..21.347 rows=31 loops=1)
                                             Filter: ((d_year = 2001) AND (d_moy = 8))
                                             Rows Removed by Filter: 73018
                                             Buffers: shared hit=769 read=705
                           ->  Index Scan using item_pkey on item  (cost=0.42..7.64 rows=1 width=12) (actual time=0.023..0.023 rows=0 loops=563784)
                                 Index Cond: (i_item_sk = store_sales.ss_item_sk)
                                 Filter: (i_category = 'Men'::bpchar)
                                 Rows Removed by Filter: 1
                                 Buffers: shared hit=2246565 read=8571
                     ->  Index Scan using customer_pkey on customer  (cost=0.43..7.65 rows=1 width=8) (actual time=0.024..0.024 rows=0 loops=63089)
                           Index Cond: (c_customer_sk = store_sales.ss_customer_sk)
                           Filter: (c_birth_month = 4)
                           Rows Removed by Filter: 1
                           Buffers: shared hit=249120
               ->  Index Scan using customer_address_pkey on customer_address  (cost=0.42..7.65 rows=1 width=15) (actual time=0.026..0.026 rows=0 loops=10549)
                     Index Cond: (ca_address_sk = customer.c_current_addr_sk)
                     Filter: (ca_state = 'LA'::bpchar)
                     Rows Removed by Filter: 1
                     Buffers: shared hit=39886 read=2310
         ->  Index Scan using store_pkey on store  (cost=0.15..5.72 rows=1 width=15) (actual time=0.013..0.013 rows=1 loops=219)
               Index Cond: (s_store_sk = store_sales.ss_store_sk)
               Buffers: shared hit=434
 Planning:
   Buffers: shared hit=460
 Planning Time: 4.838 ms
 Execution Time: 89567.953 ms
(48 rows)

