                                                                            QUERY PLAN                                                                            
------------------------------------------------------------------------------------------------------------------------------------------------------------------
 Aggregate  (cost=9678437.08..9678437.09 rows=1 width=40) (actual time=76707.848..76707.854 rows=1 loops=1)
   Buffers: shared hit=323272 read=5131788
   ->  Nested Loop  (cost=19790.25..9678437.07 rows=2 width=14) (actual time=59089.663..76707.750 rows=54 loops=1)
         Join Filter: ("substring"((customer_address.ca_zip)::text, 1, 5) <> "substring"((store.s_zip)::text, 1, 5))
         Rows Removed by Join Filter: 1
         Buffers: shared hit=323272 read=5131788
         ->  Nested Loop  (cost=19790.10..9678425.58 rows=2 width=29) (actual time=59089.645..76707.165 rows=55 loops=1)
               Buffers: shared hit=323162 read=5131788
               ->  Nested Loop  (cost=19789.68..9677553.05 rows=114 width=22) (actual time=59077.329..76665.882 rows=2615 loops=1)
                     Buffers: shared hit=313299 read=5131191
                     ->  Hash Join  (cost=19789.25..9655489.48 rows=2884 width=22) (actual time=59077.006..75756.396 rows=66566 loops=1)
                           Hash Cond: (store_sales.ss_item_sk = item.i_item_sk)
                           Buffers: shared hit=50191 read=5131191
                           ->  Hash Join  (cost=2570.11..9638208.70 rows=23482 width=18) (actual time=58977.283..75535.490 rows=747390 loops=1)
                                 Hash Cond: (store_sales.ss_sold_date_sk = date_dim.d_date_sk)
                                 Buffers: shared hit=36158 read=5130868
                                 ->  Seq Scan on store_sales  (cost=0.00..9485539.52 rows=57177434 width=22) (actual time=0.046..71986.329 rows=56890659 loops=1)
                                       Filter: ((ss_wholesale_cost >= '42'::numeric) AND (ss_wholesale_cost <= '62'::numeric))
                                       Rows Removed by Filter: 231106365
                                       Buffers: shared hit=35531 read=5130021
                                 ->  Hash  (cost=2569.73..2569.73 rows=30 width=4) (actual time=19.117..19.118 rows=30 loops=1)
                                       Buckets: 1024  Batches: 1  Memory Usage: 10kB
                                       Buffers: shared hit=627 read=847
                                       ->  Seq Scan on date_dim  (cost=0.00..2569.73 rows=30 width=4) (actual time=9.904..19.107 rows=30 loops=1)
                                             Filter: ((d_year = 2002) AND (d_moy = 6))
                                             Rows Removed by Filter: 73019
                                             Buffers: shared hit=627 read=847
                           ->  Hash  (cost=16906.00..16906.00 rows=25051 width=12) (actual time=99.580..99.581 rows=24688 loops=1)
                                 Buckets: 32768  Batches: 1  Memory Usage: 1317kB
                                 Buffers: shared hit=14033 read=323
                                 ->  Seq Scan on item  (cost=0.00..16906.00 rows=25051 width=12) (actual time=0.011..96.059 rows=24688 loops=1)
                                       Filter: (i_category = 'Books'::bpchar)
                                       Rows Removed by Filter: 179312
                                       Buffers: shared hit=14033 read=323
                     ->  Index Scan using customer_pkey on customer  (cost=0.43..7.65 rows=1 width=8) (actual time=0.013..0.013 rows=0 loops=66566)
                           Index Cond: (c_customer_sk = store_sales.ss_customer_sk)
                           Filter: (c_birth_month = 9)
                           Rows Removed by Filter: 1
                           Buffers: shared hit=263108
               ->  Index Scan using customer_address_pkey on customer_address  (cost=0.42..7.65 rows=1 width=15) (actual time=0.015..0.015 rows=0 loops=2615)
                     Index Cond: (ca_address_sk = customer.c_current_addr_sk)
                     Filter: (ca_state = 'PA'::bpchar)
                     Rows Removed by Filter: 1
                     Buffers: shared hit=9863 read=597
         ->  Index Scan using store_pkey on store  (cost=0.15..5.72 rows=1 width=15) (actual time=0.006..0.006 rows=1 loops=55)
               Index Cond: (s_store_sk = store_sales.ss_store_sk)
               Buffers: shared hit=110
 Planning:
   Buffers: shared hit=421 read=39
 Planning Time: 5.073 ms
 Execution Time: 76708.226 ms
(51 rows)

