                                                                            QUERY PLAN                                                                            
------------------------------------------------------------------------------------------------------------------------------------------------------------------
 Aggregate  (cost=9768990.88..9768990.89 rows=1 width=40) (actual time=79066.358..79066.364 rows=1 loops=1)
   Buffers: shared hit=567701 read=5137823
   ->  Hash Join  (cost=19777.12..9768990.79 rows=12 width=14) (actual time=19656.745..79066.080 rows=348 loops=1)
         Hash Cond: (store_sales.ss_store_sk = store.s_store_sk)
         Join Filter: ("substring"((customer_address.ca_zip)::text, 1, 5) <> "substring"((store.s_zip)::text, 1, 5))
         Rows Removed by Join Filter: 5
         Buffers: shared hit=567701 read=5137823
         ->  Nested Loop  (cost=19750.07..9768963.71 rows=12 width=29) (actual time=19655.330..79063.965 rows=353 loops=1)
               Buffers: shared hit=567684 read=5137822
               ->  Nested Loop  (cost=19749.65..9764749.09 rows=551 width=22) (actual time=19654.004..78781.323 rows=15963 loops=1)
                     Buffers: shared hit=508074 read=5133580
                     ->  Hash Join  (cost=19749.22..9734415.55 rows=3965 width=22) (actual time=19653.762..76766.330 rows=116487 loops=1)
                           Hash Cond: (store_sales.ss_item_sk = item.i_item_sk)
                           Buffers: shared hit=47803 read=5133579
                           ->  Hash Join  (cost=2570.12..9717139.26 rows=37024 width=18) (actual time=19532.933..76445.752 rows=1351171 loops=1)
                                 Hash Cond: (store_sales.ss_sold_date_sk = date_dim.d_date_sk)
                                 Buffers: shared hit=33651 read=5133375
                                 ->  Seq Scan on store_sales  (cost=0.00..9485539.52 rows=87244546 width=22) (actual time=0.042..71183.456 rows=86810744 loops=1)
                                       Filter: ((ss_wholesale_cost >= '67'::numeric) AND (ss_wholesale_cost <= '87'::numeric))
                                       Rows Removed by Filter: 201186280
                                       Buffers: shared hit=32177 read=5133375
                                 ->  Hash  (cost=2569.73..2569.73 rows=31 width=4) (actual time=18.824..18.825 rows=31 loops=1)
                                       Buckets: 1024  Batches: 1  Memory Usage: 10kB
                                       Buffers: shared hit=1474
                                       ->  Seq Scan on date_dim  (cost=0.00..2569.73 rows=31 width=4) (actual time=9.751..18.811 rows=31 loops=1)
                                             Filter: ((d_year = 1999) AND (d_moy = 7))
                                             Rows Removed by Filter: 73018
                                             Buffers: shared hit=1474
                           ->  Hash  (cost=16906.00..16906.00 rows=21848 width=12) (actual time=120.678..120.678 rows=21811 loops=1)
                                 Buckets: 32768  Batches: 1  Memory Usage: 1193kB
                                 Buffers: shared hit=14152 read=204
                                 ->  Seq Scan on item  (cost=0.00..16906.00 rows=21848 width=12) (actual time=0.029..117.393 rows=21811 loops=1)
                                       Filter: (i_category = 'Sports'::bpchar)
                                       Rows Removed by Filter: 182189
                                       Buffers: shared hit=14152 read=204
                     ->  Index Scan using customer_pkey on customer  (cost=0.43..7.65 rows=1 width=8) (actual time=0.017..0.017 rows=0 loops=116487)
                           Index Cond: (c_customer_sk = store_sales.ss_customer_sk)
                           Filter: (c_birth_month = 10)
                           Rows Removed by Filter: 1
                           Buffers: shared hit=460271 read=1
               ->  Index Scan using customer_address_pkey on customer_address  (cost=0.42..7.65 rows=1 width=15) (actual time=0.017..0.017 rows=0 loops=15963)
                     Index Cond: (ca_address_sk = customer.c_current_addr_sk)
                     Filter: (ca_state = 'SD'::bpchar)
                     Rows Removed by Filter: 1
                     Buffers: shared hit=59610 read=4242
         ->  Hash  (cost=22.02..22.02 rows=402 width=15) (actual time=1.379..1.379 rows=402 loops=1)
               Buckets: 1024  Batches: 1  Memory Usage: 27kB
               Buffers: shared hit=17 read=1
               ->  Seq Scan on store  (cost=0.00..22.02 rows=402 width=15) (actual time=0.031..1.217 rows=402 loops=1)
                     Buffers: shared hit=17 read=1
 Planning:
   Buffers: shared hit=460
 Planning Time: 4.786 ms
 Execution Time: 79066.890 ms
(54 rows)

