                                                                             QUERY PLAN                                                                              
---------------------------------------------------------------------------------------------------------------------------------------------------------------------
 Aggregate  (cost=9694203.54..9694203.55 rows=1 width=40) (actual time=83825.834..83825.839 rows=1 loops=1)
   Buffers: shared hit=1506412 read=5138556
   ->  Nested Loop  (cost=2571.54..9694203.53 rows=1 width=14) (actual time=55869.452..83825.725 rows=49 loops=1)
         Join Filter: ("substring"((customer_address.ca_zip)::text, 1, 5) <> "substring"((store.s_zip)::text, 1, 5))
         Buffers: shared hit=1506412 read=5138556
         ->  Nested Loop  (cost=2571.39..9694197.79 rows=1 width=29) (actual time=55869.425..83824.436 rows=49 loops=1)
               Buffers: shared hit=1506314 read=5138556
               ->  Nested Loop  (cost=2570.97..9694098.53 rows=13 width=25) (actual time=55747.263..83806.728 rows=653 loops=1)
                     Buffers: shared hit=1503709 read=5138549
                     ->  Nested Loop  (cost=2570.55..9685002.33 rows=1189 width=18) (actual time=55703.445..83102.302 rows=28066 loops=1)
                           Buffers: shared hit=1398468 read=5131526
                           ->  Hash Join  (cost=2570.12..9576137.86 rows=14230 width=18) (actual time=55702.833..75130.149 rows=344971 loops=1)
                                 Hash Cond: (store_sales.ss_sold_date_sk = date_dim.d_date_sk)
                                 Buffers: shared hit=35909 read=5131117
                                 ->  Seq Scan on store_sales  (cost=0.00..9485539.52 rows=33532703 width=22) (actual time=0.061..72864.181 rows=33748947 loops=1)
                                       Filter: ((ss_wholesale_cost >= '33'::numeric) AND (ss_wholesale_cost <= '53'::numeric))
                                       Rows Removed by Filter: 254248077
                                       Buffers: shared hit=34435 read=5131117
                                 ->  Hash  (cost=2569.73..2569.73 rows=31 width=4) (actual time=19.272..19.273 rows=31 loops=1)
                                       Buckets: 1024  Batches: 1  Memory Usage: 10kB
                                       Buffers: shared hit=1474
                                       ->  Seq Scan on date_dim  (cost=0.00..2569.73 rows=31 width=4) (actual time=9.680..19.253 rows=31 loops=1)
                                             Filter: ((d_year = 2002) AND (d_moy = 3))
                                             Rows Removed by Filter: 73018
                                             Buffers: shared hit=1474
                           ->  Index Scan using customer_pkey on customer  (cost=0.43..7.65 rows=1 width=8) (actual time=0.023..0.023 rows=0 loops=344971)
                                 Index Cond: (c_customer_sk = store_sales.ss_customer_sk)
                                 Filter: (c_birth_month = 11)
                                 Rows Removed by Filter: 1
                                 Buffers: shared hit=1362559 read=409
                     ->  Index Scan using customer_address_pkey on customer_address  (cost=0.42..7.65 rows=1 width=15) (actual time=0.025..0.025 rows=0 loops=28066)
                           Index Cond: (ca_address_sk = customer.c_current_addr_sk)
                           Filter: (ca_state = 'UT'::bpchar)
                           Rows Removed by Filter: 1
                           Buffers: shared hit=105241 read=7023
               ->  Index Scan using item_pkey on item  (cost=0.42..7.64 rows=1 width=12) (actual time=0.026..0.026 rows=0 loops=653)
                     Index Cond: (i_item_sk = store_sales.ss_item_sk)
                     Filter: (i_category = 'Sports'::bpchar)
                     Rows Removed by Filter: 1
                     Buffers: shared hit=2605 read=7
         ->  Index Scan using store_pkey on store  (cost=0.15..5.72 rows=1 width=15) (actual time=0.020..0.020 rows=1 loops=49)
               Index Cond: (s_store_sk = store_sales.ss_store_sk)
               Buffers: shared hit=98
 Planning:
   Buffers: shared hit=460
 Planning Time: 6.305 ms
 Execution Time: 83826.319 ms
(47 rows)

