                                                                             QUERY PLAN                                                                              
---------------------------------------------------------------------------------------------------------------------------------------------------------------------
 Aggregate  (cost=9645638.83..9645638.84 rows=1 width=40) (actual time=81251.435..81251.441 rows=1 loops=1)
   Buffers: shared hit=1307891 read=5134903
   ->  Nested Loop  (cost=2571.53..9645638.82 rows=1 width=14) (actual time=23482.040..81251.339 rows=42 loops=1)
         Join Filter: ("substring"((customer_address.ca_zip)::text, 1, 5) <> "substring"((store.s_zip)::text, 1, 5))
         Buffers: shared hit=1307891 read=5134903
         ->  Nested Loop  (cost=2571.38..9645633.08 rows=1 width=29) (actual time=23482.012..81250.093 rows=42 loops=1)
               Buffers: shared hit=1307807 read=5134903
               ->  Nested Loop  (cost=2570.96..9645602.53 rows=4 width=25) (actual time=23410.703..81238.886 rows=433 loops=1)
                     Buffers: shared hit=1306166 read=5134812
                     ->  Nested Loop  (cost=2570.54..9640804.89 rows=627 width=18) (actual time=23403.126..80793.847 rows=17221 loops=1)
                           Buffers: shared hit=1241054 read=5131040
                           ->  Hash Join  (cost=2570.11..9557614.88 rows=10874 width=18) (actual time=23402.692..73908.172 rows=304897 loops=1)
                                 Hash Cond: (store_sales.ss_sold_date_sk = date_dim.d_date_sk)
                                 Buffers: shared hit=36155 read=5130871
                                 ->  Seq Scan on store_sales  (cost=0.00..9485539.52 rows=26476724 width=22) (actual time=0.422..72071.205 rows=26847589 loops=1)
                                       Filter: ((ss_wholesale_cost >= '15'::numeric) AND (ss_wholesale_cost <= '35'::numeric))
                                       Rows Removed by Filter: 261149435
                                       Buffers: shared hit=34681 read=5130871
                                 ->  Hash  (cost=2569.73..2569.73 rows=30 width=4) (actual time=20.023..20.024 rows=31 loops=1)
                                       Buckets: 1024  Batches: 1  Memory Usage: 10kB
                                       Buffers: shared hit=1474
                                       ->  Seq Scan on date_dim  (cost=0.00..2569.73 rows=30 width=4) (actual time=9.618..20.004 rows=31 loops=1)
                                             Filter: ((d_year = 1999) AND (d_moy = 12))
                                             Rows Removed by Filter: 73018
                                             Buffers: shared hit=1474
                           ->  Index Scan using customer_pkey on customer  (cost=0.43..7.65 rows=1 width=8) (actual time=0.022..0.022 rows=0 loops=304897)
                                 Index Cond: (c_customer_sk = store_sales.ss_customer_sk)
                                 Filter: (c_birth_month = 3)
                                 Rows Removed by Filter: 1
                                 Buffers: shared hit=1204899 read=169
                     ->  Index Scan using customer_address_pkey on customer_address  (cost=0.42..7.65 rows=1 width=15) (actual time=0.025..0.025 rows=0 loops=17221)
                           Index Cond: (ca_address_sk = customer.c_current_addr_sk)
                           Filter: (ca_state = 'AK'::bpchar)
                           Rows Removed by Filter: 1
                           Buffers: shared hit=65112 read=3772
               ->  Index Scan using item_pkey on item  (cost=0.42..7.64 rows=1 width=12) (actual time=0.025..0.025 rows=0 loops=433)
                     Index Cond: (i_item_sk = store_sales.ss_item_sk)
                     Filter: (i_category = 'Sports'::bpchar)
                     Rows Removed by Filter: 1
                     Buffers: shared hit=1641 read=91
         ->  Index Scan using store_pkey on store  (cost=0.15..5.72 rows=1 width=15) (actual time=0.023..0.023 rows=1 loops=42)
               Index Cond: (s_store_sk = store_sales.ss_store_sk)
               Buffers: shared hit=84
 Planning:
   Buffers: shared hit=460
 Planning Time: 4.505 ms
 Execution Time: 81251.813 ms
(47 rows)

