                                                                            QUERY PLAN                                                                            
------------------------------------------------------------------------------------------------------------------------------------------------------------------
 Aggregate  (cost=9688127.90..9688127.91 rows=1 width=40) (actual time=87487.877..87487.883 rows=1 loops=1)
   Buffers: shared hit=2173387 read=5131261
   ->  Nested Loop  (cost=2571.53..9688127.88 rows=3 width=14) (actual time=16744.499..87487.674 rows=92 loops=1)
         Join Filter: ("substring"((customer_address.ca_zip)::text, 1, 5) <> "substring"((store.s_zip)::text, 1, 5))
         Rows Removed by Join Filter: 1
         Buffers: shared hit=2173387 read=5131261
         ->  Nested Loop  (cost=2571.38..9688110.65 rows=3 width=29) (actual time=16744.477..87486.112 rows=93 loops=1)
               Buffers: shared hit=2173202 read=5131260
               ->  Nested Loop  (cost=2570.96..9686381.96 rows=226 width=22) (actual time=16744.452..87313.393 rows=5913 loops=1)
                     Buffers: shared hit=2151609 read=5129201
                     ->  Nested Loop  (cost=2570.53..9673934.84 rows=1627 width=22) (actual time=16742.485..86266.189 rows=42594 loops=1)
                           Buffers: shared hit=1983198 read=5129180
                           ->  Hash Join  (cost=2570.11..9572786.08 rows=13247 width=18) (actual time=16736.863..75221.848 rows=486338 loops=1)
                                 Hash Cond: (store_sales.ss_sold_date_sk = date_dim.d_date_sk)
                                 Buffers: shared hit=38268 read=5128758
                                 ->  Seq Scan on store_sales  (cost=0.00..9485539.52 rows=32255907 width=22) (actual time=1.302..72952.200 rows=32336064 loops=1)
                                       Filter: ((ss_wholesale_cost >= '21'::numeric) AND (ss_wholesale_cost <= '41'::numeric))
                                       Rows Removed by Filter: 255660960
                                       Buffers: shared hit=36794 read=5128758
                                 ->  Hash  (cost=2569.73..2569.73 rows=30 width=4) (actual time=20.064..20.065 rows=31 loops=1)
                                       Buckets: 1024  Batches: 1  Memory Usage: 10kB
                                       Buffers: shared hit=1474
                                       ->  Seq Scan on date_dim  (cost=0.00..2569.73 rows=30 width=4) (actual time=12.182..20.042 rows=31 loops=1)
                                             Filter: ((d_year = 1999) AND (d_moy = 5))
                                             Rows Removed by Filter: 73018
                                             Buffers: shared hit=1474
                           ->  Index Scan using item_pkey on item  (cost=0.42..7.64 rows=1 width=12) (actual time=0.022..0.022 rows=0 loops=486338)
                                 Index Cond: (i_item_sk = store_sales.ss_item_sk)
                                 Filter: (i_category = 'Books'::bpchar)
                                 Rows Removed by Filter: 1
                                 Buffers: shared hit=1944930 read=422
                     ->  Index Scan using customer_pkey on customer  (cost=0.43..7.65 rows=1 width=8) (actual time=0.024..0.024 rows=0 loops=42594)
                           Index Cond: (c_customer_sk = store_sales.ss_customer_sk)
                           Filter: (c_birth_month = 10)
                           Rows Removed by Filter: 1
                           Buffers: shared hit=168411 read=21
               ->  Index Scan using customer_address_pkey on customer_address  (cost=0.42..7.65 rows=1 width=15) (actual time=0.029..0.029 rows=0 loops=5913)
                     Index Cond: (ca_address_sk = customer.c_current_addr_sk)
                     Filter: (ca_state = 'ID'::bpchar)
                     Rows Removed by Filter: 1
                     Buffers: shared hit=21593 read=2059
         ->  Index Scan using store_pkey on store  (cost=0.15..5.72 rows=1 width=15) (actual time=0.011..0.011 rows=1 loops=93)
               Index Cond: (s_store_sk = store_sales.ss_store_sk)
               Buffers: shared hit=185 read=1
 Planning:
   Buffers: shared hit=460
 Planning Time: 5.771 ms
 Execution Time: 87488.323 ms
(48 rows)

