                                                                            QUERY PLAN                                                                            
------------------------------------------------------------------------------------------------------------------------------------------------------------------
 Aggregate  (cost=9650344.58..9650344.59 rows=1 width=40) (actual time=69743.820..69743.826 rows=1 loops=1)
   Buffers: shared hit=229444 read=5127168
   ->  Hash Join  (cost=19922.96..9650344.51 rows=10 width=14) (actual time=22086.303..69743.760 rows=43 loops=1)
         Hash Cond: (store_sales.ss_store_sk = store.s_store_sk)
         Join Filter: ("substring"((customer_address.ca_zip)::text, 1, 5) <> "substring"((store.s_zip)::text, 1, 5))
         Buffers: shared hit=229444 read=5127168
         ->  Nested Loop  (cost=19895.91..9650317.44 rows=10 width=29) (actual time=22084.328..69741.665 rows=43 loops=1)
               Buffers: shared hit=229427 read=5127167
               ->  Nested Loop  (cost=19895.49..9648726.04 rows=208 width=22) (actual time=22006.964..69691.091 rows=2739 loops=1)
                     Buffers: shared hit=219685 read=5125953
                     ->  Hash Join  (cost=19895.06..9625843.88 rows=2991 width=22) (actual time=22006.790..68950.366 rows=41537 loops=1)
                           Hash Cond: (store_sales.ss_item_sk = item.i_item_sk)
                           Buffers: shared hit=55497 read=5125885
                           ->  Hash Join  (cost=2570.10..9608471.13 rows=18202 width=18) (actual time=21885.740..68779.130 rows=289920 loops=1)
                                 Hash Cond: (store_sales.ss_sold_date_sk = date_dim.d_date_sk)
                                 Buffers: shared hit=41268 read=5125758
                                 ->  Seq Scan on store_sales  (cost=0.00..9485539.52 rows=45849467 width=22) (actual time=0.463..65903.056 rows=46160898 loops=1)
                                       Filter: ((ss_wholesale_cost >= '80'::numeric) AND (ss_wholesale_cost <= '100'::numeric))
                                       Rows Removed by Filter: 241836126
                                       Buffers: shared hit=39794 read=5125758
                                 ->  Hash  (cost=2569.73..2569.73 rows=29 width=4) (actual time=26.872..26.873 rows=30 loops=1)
                                       Buckets: 1024  Batches: 1  Memory Usage: 10kB
                                       Buffers: shared hit=1474
                                       ->  Seq Scan on date_dim  (cost=0.00..2569.73 rows=29 width=4) (actual time=15.688..26.862 rows=30 loops=1)
                                             Filter: ((d_year = 1999) AND (d_moy = 11))
                                             Rows Removed by Filter: 73019
                                             Buffers: shared hit=1474
                           ->  Hash  (cost=16906.00..16906.00 rows=33517 width=12) (actual time=120.789..120.790 rows=33627 loops=1)
                                 Buckets: 65536  Batches: 1  Memory Usage: 1957kB
                                 Buffers: shared hit=14229 read=127
                                 ->  Seq Scan on item  (cost=0.00..16906.00 rows=33517 width=12) (actual time=0.029..115.660 rows=33627 loops=1)
                                       Filter: (i_category = 'Shoes'::bpchar)
                                       Rows Removed by Filter: 170373
                                       Buffers: shared hit=14229 read=127
                     ->  Index Scan using customer_pkey on customer  (cost=0.43..7.65 rows=1 width=8) (actual time=0.018..0.018 rows=0 loops=41537)
                           Index Cond: (c_customer_sk = store_sales.ss_customer_sk)
                           Filter: (c_birth_month = 12)
                           Rows Removed by Filter: 1
                           Buffers: shared hit=164188 read=68
               ->  Index Scan using customer_address_pkey on customer_address  (cost=0.42..7.65 rows=1 width=15) (actual time=0.018..0.018 rows=0 loops=2739)
                     Index Cond: (ca_address_sk = customer.c_current_addr_sk)
                     Filter: (ca_state = 'GA'::bpchar)
                     Rows Removed by Filter: 1
                     Buffers: shared hit=9742 read=1214
         ->  Hash  (cost=22.02..22.02 rows=402 width=15) (actual time=1.942..1.943 rows=402 loops=1)
               Buckets: 1024  Batches: 1  Memory Usage: 27kB
               Buffers: shared hit=17 read=1
               ->  Seq Scan on store  (cost=0.00..22.02 rows=402 width=15) (actual time=0.037..1.732 rows=402 loops=1)
                     Buffers: shared hit=17 read=1
 Planning:
   Buffers: shared hit=460
 Planning Time: 5.382 ms
 Execution Time: 69744.404 ms
(53 rows)

