                                                                            QUERY PLAN                                                                            
------------------------------------------------------------------------------------------------------------------------------------------------------------------
 Aggregate  (cost=9678513.05..9678513.06 rows=1 width=40) (actual time=88710.468..88710.473 rows=1 loops=1)
   Buffers: shared hit=2281003 read=5131079
   ->  Nested Loop  (cost=2571.50..9678513.05 rows=1 width=14) (actual time=25850.978..88710.206 rows=125 loops=1)
         Join Filter: ("substring"((customer_address.ca_zip)::text, 1, 5) <> "substring"((store.s_zip)::text, 1, 5))
         Rows Removed by Join Filter: 3
         Buffers: shared hit=2281003 read=5131079
         ->  Nested Loop  (cost=2571.36..9678507.30 rows=1 width=29) (actual time=25850.951..88707.786 rows=128 loops=1)
               Buffers: shared hit=2280748 read=5131078
               ->  Nested Loop  (cost=2570.93..9677321.65 rows=155 width=22) (actual time=25788.526..88471.952 rows=7269 loops=1)
                     Buffers: shared hit=2255615 read=5127135
                     ->  Nested Loop  (cost=2570.50..9667192.58 rows=1324 width=22) (actual time=25785.569..86896.412 rows=62753 loops=1)
                           Buffers: shared hit=2007718 read=5126844
                           ->  Hash Join  (cost=2570.08..9572786.06 rows=12364 width=18) (actual time=25785.283..75525.680 rows=491884 loops=1)
                                 Hash Cond: (store_sales.ss_sold_date_sk = date_dim.d_date_sk)
                                 Buffers: shared hit=40182 read=5126844
                                 ->  Seq Scan on store_sales  (cost=0.00..9485539.52 rows=32255907 width=22) (actual time=0.055..73278.081 rows=32336064 loops=1)
                                       Filter: ((ss_wholesale_cost >= '20'::numeric) AND (ss_wholesale_cost <= '40'::numeric))
                                       Rows Removed by Filter: 255660960
                                       Buffers: shared hit=38708 read=5126844
                                 ->  Hash  (cost=2569.73..2569.73 rows=28 width=4) (actual time=19.322..19.323 rows=29 loops=1)
                                       Buckets: 1024  Batches: 1  Memory Usage: 10kB
                                       Buffers: shared hit=1474
                                       ->  Seq Scan on date_dim  (cost=0.00..2569.73 rows=28 width=4) (actual time=10.425..19.304 rows=29 loops=1)
                                             Filter: ((d_year = 2000) AND (d_moy = 2))
                                             Rows Removed by Filter: 73020
                                             Buffers: shared hit=1474
                           ->  Index Scan using item_pkey on item  (cost=0.42..7.64 rows=1 width=12) (actual time=0.023..0.023 rows=0 loops=491884)
                                 Index Cond: (i_item_sk = store_sales.ss_item_sk)
                                 Filter: (i_category = 'Sports'::bpchar)
                                 Rows Removed by Filter: 1
                                 Buffers: shared hit=1967536
                     ->  Index Scan using customer_pkey on customer  (cost=0.43..7.65 rows=1 width=8) (actual time=0.025..0.025 rows=0 loops=62753)
                           Index Cond: (c_customer_sk = store_sales.ss_customer_sk)
                           Filter: (c_birth_month = 8)
                           Rows Removed by Filter: 1
                           Buffers: shared hit=247897 read=291
               ->  Index Scan using customer_address_pkey on customer_address  (cost=0.42..7.65 rows=1 width=15) (actual time=0.032..0.032 rows=0 loops=7269)
                     Index Cond: (ca_address_sk = customer.c_current_addr_sk)
                     Filter: (ca_state = 'MD'::bpchar)
                     Rows Removed by Filter: 1
                     Buffers: shared hit=25133 read=3943
         ->  Index Scan using store_pkey on store  (cost=0.15..5.72 rows=1 width=15) (actual time=0.013..0.013 rows=1 loops=128)
               Index Cond: (s_store_sk = store_sales.ss_store_sk)
               Buffers: shared hit=255 read=1
 Planning:
   Buffers: shared hit=460
 Planning Time: 4.506 ms
 Execution Time: 88710.906 ms
(48 rows)

