                                                                            QUERY PLAN                                                                            
------------------------------------------------------------------------------------------------------------------------------------------------------------------
 Aggregate  (cost=9641343.16..9641343.17 rows=1 width=40) (actual time=69333.488..69333.494 rows=1 loops=1)
   Buffers: shared hit=134562 read=5122438
   ->  Nested Loop  (cost=19750.21..9641343.15 rows=1 width=14) (actual time=15331.801..69333.474 rows=5 loops=1)
         Join Filter: ("substring"((customer_address.ca_zip)::text, 1, 5) <> "substring"((store.s_zip)::text, 1, 5))
         Buffers: shared hit=134562 read=5122438
         ->  Nested Loop  (cost=19750.06..9641337.41 rows=1 width=29) (actual time=15331.666..69333.293 rows=5 loops=1)
               Buffers: shared hit=134552 read=5122438
               ->  Nested Loop  (cost=19749.64..9641130.41 rows=27 width=22) (actual time=15302.042..69327.849 rows=253 loops=1)
                     Buffers: shared hit=133684 read=5122294
                     ->  Hash Join  (cost=19749.21..9625699.67 rows=2017 width=22) (actual time=15301.955..69071.945 rows=18866 loops=1)
                           Hash Cond: (store_sales.ss_item_sk = item.i_item_sk)
                           Buffers: shared hit=59253 read=5122129
                           ->  Hash Join  (cost=2570.11..9608471.14 rows=18830 width=18) (actual time=15180.845..68920.250 rows=217940 loops=1)
                                 Hash Cond: (store_sales.ss_sold_date_sk = date_dim.d_date_sk)
                                 Buffers: shared hit=45206 read=5121820
                                 ->  Seq Scan on store_sales  (cost=0.00..9485539.52 rows=45849467 width=22) (actual time=0.636..66098.503 rows=46160898 loops=1)
                                       Filter: ((ss_wholesale_cost >= '80'::numeric) AND (ss_wholesale_cost <= '100'::numeric))
                                       Rows Removed by Filter: 241836126
                                       Buffers: shared hit=43732 read=5121820
                                 ->  Hash  (cost=2569.73..2569.73 rows=30 width=4) (actual time=24.530..24.531 rows=30 loops=1)
                                       Buckets: 1024  Batches: 1  Memory Usage: 10kB
                                       Buffers: shared hit=1474
                                       ->  Seq Scan on date_dim  (cost=0.00..2569.73 rows=30 width=4) (actual time=14.188..24.516 rows=30 loops=1)
                                             Filter: ((d_year = 1999) AND (d_moy = 4))
                                             Rows Removed by Filter: 73019
                                             Buffers: shared hit=1474
                           ->  Hash  (cost=16906.00..16906.00 rows=21848 width=12) (actual time=120.927..120.928 rows=21811 loops=1)
                                 Buckets: 32768  Batches: 1  Memory Usage: 1193kB
                                 Buffers: shared hit=14047 read=309
                                 ->  Seq Scan on item  (cost=0.00..16906.00 rows=21848 width=12) (actual time=0.028..117.639 rows=21811 loops=1)
                                       Filter: (i_category = 'Sports'::bpchar)
                                       Rows Removed by Filter: 182189
                                       Buffers: shared hit=14047 read=309
                     ->  Index Scan using customer_pkey on customer  (cost=0.43..7.65 rows=1 width=8) (actual time=0.013..0.013 rows=0 loops=18866)
                           Index Cond: (c_customer_sk = store_sales.ss_customer_sk)
                           Filter: (c_birth_month = 5)
                           Rows Removed by Filter: 1
                           Buffers: shared hit=74431 read=165
               ->  Index Scan using customer_address_pkey on customer_address  (cost=0.42..7.67 rows=1 width=15) (actual time=0.021..0.021 rows=0 loops=253)
                     Index Cond: (ca_address_sk = customer.c_current_addr_sk)
                     Filter: (ca_state = 'KY'::bpchar)
                     Rows Removed by Filter: 1
                     Buffers: shared hit=868 read=144
         ->  Index Scan using store_pkey on store  (cost=0.15..5.72 rows=1 width=15) (actual time=0.031..0.031 rows=1 loops=5)
               Index Cond: (s_store_sk = store_sales.ss_store_sk)
               Buffers: shared hit=10
 Planning:
   Buffers: shared hit=460
 Planning Time: 4.302 ms
 Execution Time: 69333.890 ms
(50 rows)

