                                                                            QUERY PLAN                                                                            
------------------------------------------------------------------------------------------------------------------------------------------------------------------
 Aggregate  (cost=9691247.37..9691247.38 rows=1 width=40) (actual time=79268.174..79268.179 rows=1 loops=1)
   Buffers: shared hit=900825 read=5133339
   ->  Nested Loop  (cost=2571.54..9691247.36 rows=1 width=14) (actual time=9170.356..79268.121 rows=19 loops=1)
         Join Filter: ("substring"((customer_address.ca_zip)::text, 1, 5) <> "substring"((store.s_zip)::text, 1, 5))
         Buffers: shared hit=900825 read=5133339
         ->  Nested Loop  (cost=2571.39..9691241.62 rows=1 width=29) (actual time=9170.322..79267.299 rows=19 loops=1)
               Buffers: shared hit=900787 read=5133339
               ->  Nested Loop  (cost=2570.97..9690660.23 rows=76 width=22) (actual time=9108.981..79222.207 rows=1403 loops=1)
                     Buffers: shared hit=895384 read=5133130
                     ->  Nested Loop  (cost=2570.54..9684792.41 rows=767 width=22) (actual time=9103.454..78857.826 rows=13831 loops=1)
                           Buffers: shared hit=840754 read=5133112
                           ->  Hash Join  (cost=2570.12..9576137.86 rows=14230 width=18) (actual time=9103.305..74046.774 rows=201710 loops=1)
                                 Hash Cond: (store_sales.ss_sold_date_sk = date_dim.d_date_sk)
                                 Buffers: shared hit=33916 read=5133110
                                 ->  Seq Scan on store_sales  (cost=0.00..9485539.52 rows=33532703 width=22) (actual time=1.304..71810.029 rows=33748947 loops=1)
                                       Filter: ((ss_wholesale_cost >= '33'::numeric) AND (ss_wholesale_cost <= '53'::numeric))
                                       Rows Removed by Filter: 254248077
                                       Buffers: shared hit=32569 read=5132983
                                 ->  Hash  (cost=2569.73..2569.73 rows=31 width=4) (actual time=20.035..20.036 rows=31 loops=1)
                                       Buckets: 1024  Batches: 1  Memory Usage: 10kB
                                       Buffers: shared hit=1347 read=127
                                       ->  Seq Scan on date_dim  (cost=0.00..2569.73 rows=31 width=4) (actual time=11.117..20.019 rows=31 loops=1)
                                             Filter: ((d_year = 1998) AND (d_moy = 10))
                                             Rows Removed by Filter: 73018
                                             Buffers: shared hit=1347 read=127
                           ->  Index Scan using item_pkey on item  (cost=0.42..7.64 rows=1 width=12) (actual time=0.023..0.023 rows=0 loops=201710)
                                 Index Cond: (i_item_sk = store_sales.ss_item_sk)
                                 Filter: (i_category = 'Women'::bpchar)
                                 Rows Removed by Filter: 1
                                 Buffers: shared hit=806838 read=2
                     ->  Index Scan using customer_pkey on customer  (cost=0.43..7.65 rows=1 width=8) (actual time=0.026..0.026 rows=0 loops=13831)
                           Index Cond: (c_customer_sk = store_sales.ss_customer_sk)
                           Filter: (c_birth_month = 1)
                           Rows Removed by Filter: 1
                           Buffers: shared hit=54630 read=18
               ->  Index Scan using customer_address_pkey on customer_address  (cost=0.42..7.65 rows=1 width=15) (actual time=0.032..0.032 rows=0 loops=1403)
                     Index Cond: (ca_address_sk = customer.c_current_addr_sk)
                     Filter: (ca_state = 'FL'::bpchar)
                     Rows Removed by Filter: 1
                     Buffers: shared hit=5403 read=209
         ->  Index Scan using store_pkey on store  (cost=0.15..5.72 rows=1 width=15) (actual time=0.037..0.037 rows=1 loops=19)
               Index Cond: (s_store_sk = store_sales.ss_store_sk)
               Buffers: shared hit=38
 Planning:
   Buffers: shared hit=460
 Planning Time: 4.709 ms
 Execution Time: 79268.682 ms
(47 rows)

