                                                                            QUERY PLAN                                                                            
------------------------------------------------------------------------------------------------------------------------------------------------------------------
 Aggregate  (cost=9778018.08..9778018.09 rows=1 width=40) (actual time=80648.180..80648.186 rows=1 loops=1)
   Buffers: shared hit=717537 read=5135027
   ->  Hash Join  (cost=19922.97..9778018.00 rows=11 width=14) (actual time=28782.894..80647.937 rows=242 loops=1)
         Hash Cond: (store_sales.ss_store_sk = store.s_store_sk)
         Join Filter: ("substring"((customer_address.ca_zip)::text, 1, 5) <> "substring"((store.s_zip)::text, 1, 5))
         Rows Removed by Join Filter: 2
         Buffers: shared hit=717537 read=5135027
         ->  Nested Loop  (cost=19895.93..9777990.93 rows=11 width=29) (actual time=28782.297..80646.763 rows=247 loops=1)
               Buffers: shared hit=717519 read=5135027
               ->  Nested Loop  (cost=19895.50..9774915.25 rows=402 width=22) (actual time=28764.647..80434.039 rows=10564 loops=1)
                     Buffers: shared hit=676832 read=5133458
                     ->  Hash Join  (cost=19895.07..9730650.46 rows=5786 width=22) (actual time=28764.388..77255.016 rows=159179 loops=1)
                           Hash Cond: (store_sales.ss_item_sk = item.i_item_sk)
                           Buffers: shared hit=48125 read=5133257
                           ->  Hash Join  (cost=2570.11..9713233.05 rows=35219 width=18) (actual time=28638.073..76945.985 rows=865700 loops=1)
                                 Hash Cond: (store_sales.ss_sold_date_sk = date_dim.d_date_sk)
                                 Buffers: shared hit=33978 read=5133048
                                 ->  Seq Scan on store_sales  (cost=0.00..9485539.52 rows=85756551 width=22) (actual time=0.771..71808.273 rows=85367142 loops=1)
                                       Filter: ((ss_wholesale_cost >= '60'::numeric) AND (ss_wholesale_cost <= '80'::numeric))
                                       Rows Removed by Filter: 202629882
                                       Buffers: shared hit=32631 read=5132921
                                 ->  Hash  (cost=2569.73..2569.73 rows=30 width=4) (actual time=21.512..21.512 rows=31 loops=1)
                                       Buckets: 1024  Batches: 1  Memory Usage: 10kB
                                       Buffers: shared hit=1347 read=127
                                       ->  Seq Scan on date_dim  (cost=0.00..2569.73 rows=30 width=4) (actual time=10.758..21.499 rows=31 loops=1)
                                             Filter: ((d_year = 2000) AND (d_moy = 5))
                                             Rows Removed by Filter: 73018
                                             Buffers: shared hit=1347 read=127
                           ->  Hash  (cost=16906.00..16906.00 rows=33517 width=12) (actual time=126.060..126.060 rows=33627 loops=1)
                                 Buckets: 65536  Batches: 1  Memory Usage: 1957kB
                                 Buffers: shared hit=14147 read=209
                                 ->  Seq Scan on item  (cost=0.00..16906.00 rows=33517 width=12) (actual time=0.028..120.578 rows=33627 loops=1)
                                       Filter: (i_category = 'Shoes'::bpchar)
                                       Rows Removed by Filter: 170373
                                       Buffers: shared hit=14147 read=209
                     ->  Index Scan using customer_pkey on customer  (cost=0.43..7.65 rows=1 width=8) (actual time=0.020..0.020 rows=0 loops=159179)
                           Index Cond: (c_customer_sk = store_sales.ss_customer_sk)
                           Filter: (c_birth_month = 12)
                           Rows Removed by Filter: 1
                           Buffers: shared hit=628707 read=201
               ->  Index Scan using customer_address_pkey on customer_address  (cost=0.42..7.65 rows=1 width=15) (actual time=0.020..0.020 rows=0 loops=10564)
                     Index Cond: (ca_address_sk = customer.c_current_addr_sk)
                     Filter: (ca_state = 'MN'::bpchar)
                     Rows Removed by Filter: 1
                     Buffers: shared hit=40687 read=1569
         ->  Hash  (cost=22.02..22.02 rows=402 width=15) (actual time=0.573..0.574 rows=402 loops=1)
               Buckets: 1024  Batches: 1  Memory Usage: 27kB
               Buffers: shared hit=18
               ->  Seq Scan on store  (cost=0.00..22.02 rows=402 width=15) (actual time=0.022..0.467 rows=402 loops=1)
                     Buffers: shared hit=18
 Planning:
   Buffers: shared hit=460
 Planning Time: 4.674 ms
 Execution Time: 80648.666 ms
(54 rows)

