                                                                            QUERY PLAN                                                                            
------------------------------------------------------------------------------------------------------------------------------------------------------------------
 Aggregate  (cost=9764797.47..9764797.48 rows=1 width=40) (actual time=77287.453..77287.458 rows=1 loops=1)
   Buffers: shared hit=82050 read=5130824
   ->  Nested Loop  (cost=16953.88..9764797.46 rows=1 width=14) (actual time=43218.342..77287.426 rows=17 loops=1)
         Join Filter: ("substring"((customer_address.ca_zip)::text, 1, 5) <> "substring"((store.s_zip)::text, 1, 5))
         Buffers: shared hit=82050 read=5130824
         ->  Nested Loop  (cost=16953.73..9764791.72 rows=1 width=29) (actual time=43218.325..77287.257 rows=17 loops=1)
               Buffers: shared hit=82016 read=5130824
               ->  Nested Loop  (cost=16953.31..9764500.98 rows=38 width=22) (actual time=43192.458..77282.109 rows=434 loops=1)
                     Buffers: shared hit=80364 read=5130740
                     ->  Nested Loop  (cost=16952.88..9760285.65 rows=551 width=22) (actual time=43191.196..77208.949 rows=6329 loops=1)
                           Buffers: shared hit=55379 read=5130733
                           ->  Hash Join  (cost=16952.58..9708984.59 rows=1436741 width=26) (actual time=147.988..76959.980 rows=700745 loops=1)
                                 Hash Cond: (store_sales.ss_item_sk = item.i_item_sk)
                                 Buffers: shared hit=49361 read=5130547
                                 ->  Seq Scan on store_sales  (cost=0.00..9485539.52 rows=78662172 width=22) (actual time=1.007..70209.966 rows=78419996 loops=1)
                                       Filter: ((ss_wholesale_cost >= '70'::numeric) AND (ss_wholesale_cost <= '90'::numeric))
                                       Rows Removed by Filter: 209577028
                                       Buffers: shared hit=35214 read=5130338
                                 ->  Hash  (cost=16906.00..16906.00 rows=3726 width=12) (actual time=146.740..146.742 rows=3713 loops=1)
                                       Buckets: 4096  Batches: 1  Memory Usage: 192kB
                                       Buffers: shared hit=14147 read=209
                                       ->  Seq Scan on item  (cost=0.00..16906.00 rows=3726 width=12) (actual time=0.089..145.840 rows=3713 loops=1)
                                             Filter: (i_category = 'Music'::bpchar)
                                             Rows Removed by Filter: 200287
                                             Buffers: shared hit=14147 read=209
                           ->  Memoize  (cost=0.30..7.51 rows=1 width=4) (actual time=0.000..0.000 rows=0 loops=700745)
                                 Cache Key: store_sales.ss_sold_date_sk
                                 Cache Mode: logical
                                 Hits: 698676  Misses: 2069  Evictions: 0  Overflows: 0  Memory Usage: 139kB
                                 Buffers: shared hit=6018 read=186
                                 ->  Index Scan using date_dim_pkey on date_dim  (cost=0.29..7.50 rows=1 width=4) (actual time=0.015..0.015 rows=0 loops=2069)
                                       Index Cond: (d_date_sk = store_sales.ss_sold_date_sk)
                                       Filter: ((d_year = 2001) AND (d_moy = 2))
                                       Rows Removed by Filter: 1
                                       Buffers: shared hit=6018 read=186
                     ->  Index Scan using customer_pkey on customer  (cost=0.43..7.65 rows=1 width=8) (actual time=0.011..0.011 rows=0 loops=6329)
                           Index Cond: (c_customer_sk = store_sales.ss_customer_sk)
                           Filter: (c_birth_month = 12)
                           Rows Removed by Filter: 1
                           Buffers: shared hit=24985 read=7
               ->  Index Scan using customer_address_pkey on customer_address  (cost=0.42..7.65 rows=1 width=15) (actual time=0.011..0.011 rows=0 loops=434)
                     Index Cond: (ca_address_sk = customer.c_current_addr_sk)
                     Filter: (ca_state = 'NC'::bpchar)
                     Rows Removed by Filter: 1
                     Buffers: shared hit=1652 read=84
         ->  Index Scan using store_pkey on store  (cost=0.15..5.72 rows=1 width=15) (actual time=0.006..0.006 rows=1 loops=17)
               Index Cond: (s_store_sk = store_sales.ss_store_sk)
               Buffers: shared hit=34
 Planning:
   Buffers: shared hit=460
 Planning Time: 6.988 ms
 Execution Time: 77288.207 ms
(52 rows)

