                                                                            QUERY PLAN                                                                            
------------------------------------------------------------------------------------------------------------------------------------------------------------------
 Aggregate  (cost=9766571.27..9766571.28 rows=1 width=40) (actual time=78194.138..78194.144 rows=1 loops=1)
   Buffers: shared hit=187803 read=5126331
   ->  Nested Loop  (cost=19688.68..9766571.24 rows=4 width=14) (actual time=8725.965..78194.111 rows=16 loops=1)
         Join Filter: ("substring"((customer_address.ca_zip)::text, 1, 5) <> "substring"((store.s_zip)::text, 1, 5))
         Buffers: shared hit=187803 read=5126331
         ->  Nested Loop  (cost=19688.54..9766548.27 rows=4 width=29) (actual time=8725.943..78193.937 rows=16 loops=1)
               Buffers: shared hit=187771 read=5126331
               ->  Nested Loop  (cost=19688.11..9765583.88 rows=126 width=22) (actual time=8646.799..78175.530 rows=1295 loops=1)
                     Buffers: shared hit=183109 read=5125813
                     ->  Hash Join  (cost=19687.68..9741362.95 rows=3166 width=22) (actual time=8646.344..77807.914 rows=32298 loops=1)
                           Hash Cond: (store_sales.ss_item_sk = item.i_item_sk)
                           Buffers: shared hit=55594 read=5125788
                           ->  Hash Join  (cost=2570.12..9724145.23 rows=38157 width=18) (actual time=8533.459..77606.514 rows=758433 loops=1)
                                 Hash Cond: (store_sales.ss_sold_date_sk = date_dim.d_date_sk)
                                 Buffers: shared hit=41480 read=5125546
                                 ->  Seq Scan on store_sales  (cost=0.00..9485539.52 rows=89913339 width=22) (actual time=0.237..72317.143 rows=89530603 loops=1)
                                       Filter: ((ss_wholesale_cost >= '55'::numeric) AND (ss_wholesale_cost <= '75'::numeric))
                                       Rows Removed by Filter: 198466421
                                       Buffers: shared hit=40133 read=5125419
                                 ->  Hash  (cost=2569.73..2569.73 rows=31 width=4) (actual time=20.887..20.888 rows=31 loops=1)
                                       Buckets: 1024  Batches: 1  Memory Usage: 10kB
                                       Buffers: shared hit=1347 read=127
                                       ->  Seq Scan on date_dim  (cost=0.00..2569.73 rows=31 width=4) (actual time=11.318..20.875 rows=31 loops=1)
                                             Filter: ((d_year = 1998) AND (d_moy = 8))
                                             Rows Removed by Filter: 73018
                                             Buffers: shared hit=1347 read=127
                           ->  Hash  (cost=16906.00..16906.00 rows=16925 width=12) (actual time=112.735..112.736 rows=17141 loops=1)
                                 Buckets: 32768  Batches: 1  Memory Usage: 993kB
                                 Buffers: shared hit=14114 read=242
                                 ->  Seq Scan on item  (cost=0.00..16906.00 rows=16925 width=12) (actual time=0.027..110.030 rows=17141 loops=1)
                                       Filter: (i_category = 'Home'::bpchar)
                                       Rows Removed by Filter: 186859
                                       Buffers: shared hit=14114 read=242
                     ->  Index Scan using customer_pkey on customer  (cost=0.43..7.65 rows=1 width=8) (actual time=0.011..0.011 rows=0 loops=32298)
                           Index Cond: (c_customer_sk = store_sales.ss_customer_sk)
                           Filter: (c_birth_month = 9)
                           Rows Removed by Filter: 1
                           Buffers: shared hit=127515 read=25
               ->  Index Scan using customer_address_pkey on customer_address  (cost=0.42..7.65 rows=1 width=15) (actual time=0.014..0.014 rows=0 loops=1295)
                     Index Cond: (ca_address_sk = customer.c_current_addr_sk)
                     Filter: (ca_state = 'IL'::bpchar)
                     Rows Removed by Filter: 1
                     Buffers: shared hit=4662 read=518
         ->  Index Scan using store_pkey on store  (cost=0.15..5.72 rows=1 width=15) (actual time=0.006..0.006 rows=1 loops=16)
               Index Cond: (s_store_sk = store_sales.ss_store_sk)
               Buffers: shared hit=32
 Planning:
   Buffers: shared hit=460
 Planning Time: 4.469 ms
 Execution Time: 78194.631 ms
(50 rows)

