                                                                             QUERY PLAN                                                                             
--------------------------------------------------------------------------------------------------------------------------------------------------------------------
 Aggregate  (cost=9720323.81..9720323.82 rows=1 width=40) (actual time=90438.618..90438.623 rows=1 loops=1)
   Buffers: shared hit=2320555 read=5127781
   ->  Nested Loop  (cost=2571.53..9720323.81 rows=1 width=14) (actual time=25323.312..90438.552 rows=24 loops=1)
         Join Filter: ("substring"((customer_address.ca_zip)::text, 1, 5) <> "substring"((store.s_zip)::text, 1, 5))
         Rows Removed by Join Filter: 1
         Buffers: shared hit=2320555 read=5127781
         ->  Nested Loop  (cost=2571.38..9720318.06 rows=1 width=29) (actual time=25323.271..90438.125 rows=25 loops=1)
               Buffers: shared hit=2320505 read=5127781
               ->  Nested Loop  (cost=2570.96..9720249.34 rows=9 width=25) (actual time=25291.072..90431.727 rows=178 loops=1)
                     Buffers: shared hit=2319793 read=5127781
                     ->  Nested Loop  (cost=2570.54..9718532.02 rows=224 width=18) (actual time=25227.391..90231.461 rows=8080 loops=1)
                           Buffers: shared hit=2289821 read=5125433
                           ->  Hash Join  (cost=2570.11..9592997.53 rows=16409 width=18) (actual time=25225.318..76981.153 rows=568818 loops=1)
                                 Hash Cond: (store_sales.ss_sold_date_sk = date_dim.d_date_sk)
                                 Buffers: shared hit=41770 read=5125256
                                 ->  Seq Scan on store_sales  (cost=0.00..9485539.52 rows=39955084 width=22) (actual time=0.361..74225.562 rows=40694154 loops=1)
                                       Filter: ((ss_wholesale_cost >= '7'::numeric) AND (ss_wholesale_cost <= '27'::numeric))
                                       Rows Removed by Filter: 247302870
                                       Buffers: shared hit=40423 read=5125129
                                 ->  Hash  (cost=2569.73..2569.73 rows=30 width=4) (actual time=23.334..23.335 rows=31 loops=1)
                                       Buckets: 1024  Batches: 1  Memory Usage: 10kB
                                       Buffers: shared hit=1347 read=127
                                       ->  Seq Scan on date_dim  (cost=0.00..2569.73 rows=30 width=4) (actual time=14.019..23.322 rows=31 loops=1)
                                             Filter: ((d_year = 2000) AND (d_moy = 1))
                                             Rows Removed by Filter: 73018
                                             Buffers: shared hit=1347 read=127
                           ->  Index Scan using customer_pkey on customer  (cost=0.43..7.65 rows=1 width=8) (actual time=0.023..0.023 rows=0 loops=568818)
                                 Index Cond: (c_customer_sk = store_sales.ss_customer_sk)
                                 Filter: (c_birth_month = 5)
                                 Rows Removed by Filter: 1
                                 Buffers: shared hit=2248051 read=177
                     ->  Index Scan using customer_address_pkey on customer_address  (cost=0.42..7.67 rows=1 width=15) (actual time=0.024..0.024 rows=0 loops=8080)
                           Index Cond: (ca_address_sk = customer.c_current_addr_sk)
                           Filter: (ca_state = 'KY'::bpchar)
                           Rows Removed by Filter: 1
                           Buffers: shared hit=29972 read=2348
               ->  Index Scan using item_pkey on item  (cost=0.42..7.64 rows=1 width=12) (actual time=0.035..0.035 rows=0 loops=178)
                     Index Cond: (i_item_sk = store_sales.ss_item_sk)
                     Filter: (i_category = 'Children'::bpchar)
                     Rows Removed by Filter: 1
                     Buffers: shared hit=712
         ->  Index Scan using store_pkey on store  (cost=0.15..5.72 rows=1 width=15) (actual time=0.010..0.010 rows=1 loops=25)
               Index Cond: (s_store_sk = store_sales.ss_store_sk)
               Buffers: shared hit=50
 Planning:
   Buffers: shared hit=460
 Planning Time: 6.860 ms
 Execution Time: 90439.219 ms
(48 rows)

