                                                                            QUERY PLAN                                                                            
------------------------------------------------------------------------------------------------------------------------------------------------------------------
 Aggregate  (cost=9715964.98..9715964.99 rows=1 width=40) (actual time=75492.169..75492.175 rows=1 loops=1)
   Buffers: shared hit=241666 read=5124236
   ->  Nested Loop  (cost=19688.67..9715964.95 rows=3 width=14) (actual time=11246.443..75492.108 rows=33 loops=1)
         Join Filter: ("substring"((customer_address.ca_zip)::text, 1, 5) <> "substring"((store.s_zip)::text, 1, 5))
         Rows Removed by Join Filter: 1
         Buffers: shared hit=241666 read=5124236
         ->  Nested Loop  (cost=19688.53..9715947.72 rows=3 width=29) (actual time=11246.420..75491.749 rows=34 loops=1)
               Buffers: shared hit=241601 read=5124233
               ->  Nested Loop  (cost=19688.10..9715021.77 rows=121 width=22) (actual time=11195.205..75465.041 rows=2115 loops=1)
                     Buffers: shared hit=234546 read=5122828
                     ->  Hash Join  (cost=19687.67..9696079.55 rows=2476 width=22) (actual time=11194.850..75056.252 rows=44533 loops=1)
                           Hash Cond: (store_sales.ss_item_sk = item.i_item_sk)
                           Buffers: shared hit=58560 read=5122822
                           ->  Hash Join  (cost=2570.11..9678883.64 rows=29845 width=18) (actual time=11080.164..74815.890 rows=1050929 loops=1)
                                 Hash Cond: (store_sales.ss_sold_date_sk = date_dim.d_date_sk)
                                 Buffers: shared hit=44513 read=5122513
                                 ->  Seq Scan on store_sales  (cost=0.00..9485539.52 rows=72671789 width=22) (actual time=0.410..70460.549 rows=72375375 loops=1)
                                       Filter: ((ss_wholesale_cost >= '64'::numeric) AND (ss_wholesale_cost <= '84'::numeric))
                                       Rows Removed by Filter: 215621649
                                       Buffers: shared hit=43166 read=5122386
                                 ->  Hash  (cost=2569.73..2569.73 rows=30 width=4) (actual time=19.388..19.389 rows=31 loops=1)
                                       Buckets: 1024  Batches: 1  Memory Usage: 10kB
                                       Buffers: shared hit=1347 read=127
                                       ->  Seq Scan on date_dim  (cost=0.00..2569.73 rows=30 width=4) (actual time=11.385..19.377 rows=31 loops=1)
                                             Filter: ((d_year = 1998) AND (d_moy = 12))
                                             Rows Removed by Filter: 73018
                                             Buffers: shared hit=1347 read=127
                           ->  Hash  (cost=16906.00..16906.00 rows=16925 width=12) (actual time=114.547..114.547 rows=17141 loops=1)
                                 Buckets: 32768  Batches: 1  Memory Usage: 993kB
                                 Buffers: shared hit=14047 read=309
                                 ->  Seq Scan on item  (cost=0.00..16906.00 rows=16925 width=12) (actual time=0.017..111.917 rows=17141 loops=1)
                                       Filter: (i_category = 'Home'::bpchar)
                                       Rows Removed by Filter: 186859
                                       Buffers: shared hit=14047 read=309
                     ->  Index Scan using customer_pkey on customer  (cost=0.43..7.65 rows=1 width=8) (actual time=0.009..0.009 rows=0 loops=44533)
                           Index Cond: (c_customer_sk = store_sales.ss_customer_sk)
                           Filter: (c_birth_month = 7)
                           Rows Removed by Filter: 1
                           Buffers: shared hit=175986 read=6
               ->  Index Scan using customer_address_pkey on customer_address  (cost=0.42..7.65 rows=1 width=15) (actual time=0.012..0.012 rows=0 loops=2115)
                     Index Cond: (ca_address_sk = customer.c_current_addr_sk)
                     Filter: (ca_state = 'OK'::bpchar)
                     Rows Removed by Filter: 1
                     Buffers: shared hit=7055 read=1405
         ->  Index Scan using store_pkey on store  (cost=0.15..5.72 rows=1 width=15) (actual time=0.006..0.006 rows=1 loops=34)
               Index Cond: (s_store_sk = store_sales.ss_store_sk)
               Buffers: shared hit=65 read=3
 Planning:
   Buffers: shared hit=460
 Planning Time: 4.698 ms
 Execution Time: 75492.703 ms
(51 rows)

