                                                                             QUERY PLAN                                                                              
---------------------------------------------------------------------------------------------------------------------------------------------------------------------
 Aggregate  (cost=9684407.50..9684407.51 rows=1 width=40) (actual time=81337.558..81337.563 rows=1 loops=1)
   Buffers: shared hit=1094332 read=5140084
   ->  Nested Loop  (cost=2571.53..9684407.45 rows=6 width=14) (actual time=54609.150..81337.420 rows=74 loops=1)
         Join Filter: ("substring"((customer_address.ca_zip)::text, 1, 5) <> "substring"((store.s_zip)::text, 1, 5))
         Rows Removed by Join Filter: 3
         Buffers: shared hit=1094332 read=5140084
         ->  Nested Loop  (cost=2571.38..9684372.99 rows=6 width=29) (actual time=54609.118..81336.358 rows=77 loops=1)
               Buffers: shared hit=1094182 read=5140080
               ->  Nested Loop  (cost=2570.96..9684159.20 rows=28 width=25) (actual time=54461.956..81323.562 rows=427 loops=1)
                     Buffers: shared hit=1092679 read=5139875
                     ->  Nested Loop  (cost=2570.54..9674130.28 rows=1311 width=18) (actual time=54454.194..80745.459 rows=23274 loops=1)
                           Buffers: shared hit=1009372 read=5130086
                           ->  Hash Join  (cost=2570.11..9572786.08 rows=13247 width=18) (actual time=54454.131..75238.138 rows=246144 loops=1)
                                 Hash Cond: (store_sales.ss_sold_date_sk = date_dim.d_date_sk)
                                 Buffers: shared hit=37590 read=5129436
                                 ->  Seq Scan on store_sales  (cost=0.00..9485539.52 rows=32255907 width=22) (actual time=0.057..73050.083 rows=32336064 loops=1)
                                       Filter: ((ss_wholesale_cost >= '19'::numeric) AND (ss_wholesale_cost <= '39'::numeric))
                                       Rows Removed by Filter: 255660960
                                       Buffers: shared hit=36116 read=5129436
                                 ->  Hash  (cost=2569.73..2569.73 rows=30 width=4) (actual time=20.697..20.698 rows=31 loops=1)
                                       Buckets: 1024  Batches: 1  Memory Usage: 10kB
                                       Buffers: shared hit=1474
                                       ->  Seq Scan on date_dim  (cost=0.00..2569.73 rows=30 width=4) (actual time=11.583..20.684 rows=31 loops=1)
                                             Filter: ((d_year = 2002) AND (d_moy = 1))
                                             Rows Removed by Filter: 73018
                                             Buffers: shared hit=1474
                           ->  Index Scan using customer_pkey on customer  (cost=0.43..7.65 rows=1 width=8) (actual time=0.022..0.022 rows=0 loops=246144)
                                 Index Cond: (c_customer_sk = store_sales.ss_customer_sk)
                                 Filter: (c_birth_month = 1)
                                 Rows Removed by Filter: 1
                                 Buffers: shared hit=971782 read=650
                     ->  Index Scan using customer_address_pkey on customer_address  (cost=0.42..7.65 rows=1 width=15) (actual time=0.024..0.024 rows=0 loops=23274)
                           Index Cond: (ca_address_sk = customer.c_current_addr_sk)
                           Filter: (ca_state = 'SD'::bpchar)
                           Rows Removed by Filter: 1
                           Buffers: shared hit=83307 read=9789
               ->  Index Scan using item_pkey on item  (cost=0.42..7.64 rows=1 width=12) (actual time=0.029..0.029 rows=0 loops=427)
                     Index Cond: (i_item_sk = store_sales.ss_item_sk)
                     Filter: (i_category = 'Electronics'::bpchar)
                     Rows Removed by Filter: 1
                     Buffers: shared hit=1503 read=205
         ->  Index Scan using store_pkey on store  (cost=0.15..5.72 rows=1 width=15) (actual time=0.008..0.008 rows=1 loops=77)
               Index Cond: (s_store_sk = store_sales.ss_store_sk)
               Buffers: shared hit=150 read=4
 Planning:
   Buffers: shared hit=460
 Planning Time: 4.710 ms
 Execution Time: 81338.033 ms
(48 rows)

