                                                                            QUERY PLAN                                                                            
------------------------------------------------------------------------------------------------------------------------------------------------------------------
 Aggregate  (cost=9646551.52..9646551.53 rows=1 width=40) (actual time=69622.481..69622.487 rows=1 loops=1)
   Buffers: shared hit=268610 read=5128622
   ->  Hash Join  (cost=19838.82..9646551.38 rows=19 width=14) (actual time=25965.400..69622.403 rows=47 loops=1)
         Hash Cond: (store_sales.ss_store_sk = store.s_store_sk)
         Join Filter: ("substring"((customer_address.ca_zip)::text, 1, 5) <> "substring"((store.s_zip)::text, 1, 5))
         Buffers: shared hit=268610 read=5128622
         ->  Nested Loop  (cost=19811.78..9646524.28 rows=19 width=29) (actual time=25964.134..69620.995 rows=48 loops=1)
               Buffers: shared hit=268593 read=5128621
               ->  Nested Loop  (cost=19811.35..9644673.02 rows=242 width=22) (actual time=25942.490..69540.761 rows=4817 loops=1)
                     Buffers: shared hit=252135 read=5125811
                     ->  Hash Join  (cost=19810.92..9625761.39 rows=2472 width=22) (actual time=25942.091..68775.950 rows=49765 loops=1)
                           Hash Cond: (store_sales.ss_item_sk = item.i_item_sk)
                           Buffers: shared hit=55869 read=5125513
                           ->  Hash Join  (cost=2570.11..9608471.14 rows=18830 width=18) (actual time=25826.683..68581.630 rows=466500 loops=1)
                                 Hash Cond: (store_sales.ss_sold_date_sk = date_dim.d_date_sk)
                                 Buffers: shared hit=41729 read=5125297
                                 ->  Seq Scan on store_sales  (cost=0.00..9485539.52 rows=45849467 width=22) (actual time=0.037..65716.280 rows=46160898 loops=1)
                                       Filter: ((ss_wholesale_cost >= '80'::numeric) AND (ss_wholesale_cost <= '100'::numeric))
                                       Rows Removed by Filter: 241836126
                                       Buffers: shared hit=40255 read=5125297
                                 ->  Hash  (cost=2569.73..2569.73 rows=30 width=4) (actual time=19.303..19.304 rows=31 loops=1)
                                       Buckets: 1024  Batches: 1  Memory Usage: 10kB
                                       Buffers: shared hit=1474
                                       ->  Seq Scan on date_dim  (cost=0.00..2569.73 rows=30 width=4) (actual time=9.734..19.294 rows=31 loops=1)
                                             Filter: ((d_year = 2000) AND (d_moy = 5))
                                             Rows Removed by Filter: 73018
                                             Buffers: shared hit=1474
                           ->  Hash  (cost=16906.00..16906.00 rows=26785 width=12) (actual time=115.241..115.242 rows=26695 loops=1)
                                 Buckets: 32768  Batches: 1  Memory Usage: 1403kB
                                 Buffers: shared hit=14140 read=216
                                 ->  Seq Scan on item  (cost=0.00..16906.00 rows=26785 width=12) (actual time=0.021..111.232 rows=26695 loops=1)
                                       Filter: (i_category = 'Children'::bpchar)
                                       Rows Removed by Filter: 177305
                                       Buffers: shared hit=14140 read=216
                     ->  Index Scan using customer_pkey on customer  (cost=0.43..7.65 rows=1 width=8) (actual time=0.015..0.015 rows=0 loops=49765)
                           Index Cond: (c_customer_sk = store_sales.ss_customer_sk)
                           Filter: (c_birth_month = 2)
                           Rows Removed by Filter: 1
                           Buffers: shared hit=196266 read=298
               ->  Index Scan using customer_address_pkey on customer_address  (cost=0.42..7.65 rows=1 width=15) (actual time=0.016..0.016 rows=0 loops=4817)
                     Index Cond: (ca_address_sk = customer.c_current_addr_sk)
                     Filter: (ca_state = 'TX'::bpchar)
                     Rows Removed by Filter: 1
                     Buffers: shared hit=16458 read=2810
         ->  Hash  (cost=22.02..22.02 rows=402 width=15) (actual time=1.238..1.239 rows=402 loops=1)
               Buckets: 1024  Batches: 1  Memory Usage: 27kB
               Buffers: shared hit=17 read=1
               ->  Seq Scan on store  (cost=0.00..22.02 rows=402 width=15) (actual time=0.021..1.125 rows=402 loops=1)
                     Buffers: shared hit=17 read=1
 Planning:
   Buffers: shared hit=460
 Planning Time: 4.361 ms
 Execution Time: 69622.884 ms
(53 rows)

