                                                                            QUERY PLAN                                                                            
------------------------------------------------------------------------------------------------------------------------------------------------------------------
 Aggregate  (cost=9666849.33..9666849.34 rows=1 width=40) (actual time=78584.995..78585.000 rows=1 loops=1)
   Buffers: shared hit=98173 read=5121031
   ->  Nested Loop  (cost=16953.88..9666849.32 rows=1 width=14) (actual time=35404.274..78584.981 rows=6 loops=1)
         Join Filter: ("substring"((customer_address.ca_zip)::text, 1, 5) <> "substring"((store.s_zip)::text, 1, 5))
         Buffers: shared hit=98173 read=5121031
         ->  Nested Loop  (cost=16953.73..9666843.58 rows=1 width=29) (actual time=35404.254..78584.904 rows=6 loops=1)
               Buffers: shared hit=98161 read=5121031
               ->  Nested Loop  (cost=16953.31..9666713.49 rows=17 width=22) (actual time=35364.552..78579.895 rows=369 loops=1)
                     Buffers: shared hit=96922 read=5120794
                     ->  Nested Loop  (cost=16952.88..9663989.97 rows=356 width=22) (actual time=35361.140..78497.184 rows=8010 loops=1)
                           Buffers: shared hit=65402 read=5120710
                           ->  Hash Join  (cost=16952.58..9626957.12 rows=866008 width=26) (actual time=118.543..78318.851 rows=431568 loops=1)
                                 Hash Cond: (store_sales.ss_item_sk = item.i_item_sk)
                                 Buffers: shared hit=59384 read=5120524
                                 ->  Seq Scan on store_sales  (cost=0.00..9485539.52 rows=47414263 width=22) (actual time=0.030..73751.350 rows=48370740 loops=1)
                                       Filter: ((ss_wholesale_cost >= '9'::numeric) AND (ss_wholesale_cost <= '29'::numeric))
                                       Rows Removed by Filter: 239626284
                                       Buffers: shared hit=45231 read=5120321
                                 ->  Hash  (cost=16906.00..16906.00 rows=3726 width=12) (actual time=118.395..118.396 rows=3713 loops=1)
                                       Buckets: 4096  Batches: 1  Memory Usage: 192kB
                                       Buffers: shared hit=14153 read=203
                                       ->  Seq Scan on item  (cost=0.00..16906.00 rows=3726 width=12) (actual time=0.461..117.741 rows=3713 loops=1)
                                             Filter: (i_category = 'Music'::bpchar)
                                             Rows Removed by Filter: 200287
                                             Buffers: shared hit=14153 read=203
                           ->  Memoize  (cost=0.30..7.51 rows=1 width=4) (actual time=0.000..0.000 rows=0 loops=431568)
                                 Cache Key: store_sales.ss_sold_date_sk
                                 Cache Mode: logical
                                 Hits: 429499  Misses: 2069  Evictions: 0  Overflows: 0  Memory Usage: 139kB
                                 Buffers: shared hit=6018 read=186
                                 ->  Index Scan using date_dim_pkey on date_dim  (cost=0.29..7.50 rows=1 width=4) (actual time=0.015..0.015 rows=0 loops=2069)
                                       Index Cond: (d_date_sk = store_sales.ss_sold_date_sk)
                                       Filter: ((d_year = 2000) AND (d_moy = 9))
                                       Rows Removed by Filter: 1
                                       Buffers: shared hit=6018 read=186
                     ->  Index Scan using customer_pkey on customer  (cost=0.43..7.65 rows=1 width=8) (actual time=0.010..0.010 rows=0 loops=8010)
                           Index Cond: (c_customer_sk = store_sales.ss_customer_sk)
                           Filter: (c_birth_month = 7)
                           Rows Removed by Filter: 1
                           Buffers: shared hit=31520 read=84
               ->  Index Scan using customer_address_pkey on customer_address  (cost=0.42..7.65 rows=1 width=15) (actual time=0.013..0.013 rows=0 loops=369)
                     Index Cond: (ca_address_sk = customer.c_current_addr_sk)
                     Filter: (ca_state = 'KS'::bpchar)
                     Rows Removed by Filter: 1
                     Buffers: shared hit=1239 read=237
         ->  Index Scan using store_pkey on store  (cost=0.15..5.72 rows=1 width=15) (actual time=0.007..0.007 rows=1 loops=6)
               Index Cond: (s_store_sk = store_sales.ss_store_sk)
               Buffers: shared hit=12
 Planning:
   Buffers: shared hit=460
 Planning Time: 1.827 ms
 Execution Time: 78585.295 ms
(52 rows)

