                                                                            QUERY PLAN                                                                            
------------------------------------------------------------------------------------------------------------------------------------------------------------------
 Aggregate  (cost=9670128.14..9670128.15 rows=1 width=40) (actual time=76929.423..76929.429 rows=1 loops=1)
   Buffers: shared hit=374543 read=5128493
   ->  Nested Loop  (cost=19790.25..9670128.11 rows=4 width=14) (actual time=4356.066..76929.326 rows=58 loops=1)
         Join Filter: ("substring"((customer_address.ca_zip)::text, 1, 5) <> "substring"((store.s_zip)::text, 1, 5))
         Rows Removed by Join Filter: 3
         Buffers: shared hit=374543 read=5128493
         ->  Nested Loop  (cost=19790.10..9670105.13 rows=4 width=29) (actual time=4356.045..76928.454 rows=61 loops=1)
               Buffers: shared hit=374421 read=5128493
               ->  Nested Loop  (cost=19789.68..9669079.69 rows=134 width=22) (actual time=4303.517..76868.182 rows=3718 loops=1)
                     Buffers: shared hit=362090 read=5125952
                     ->  Hash Join  (cost=19789.25..9648102.47 rows=2742 width=22) (actual time=4303.483..75748.926 rows=77571 loops=1)
                           Hash Cond: (store_sales.ss_item_sk = item.i_item_sk)
                           Buffers: shared hit=57028 read=5124354
                           ->  Hash Join  (cost=2570.11..9630824.73 rows=22327 width=18) (actual time=4176.627..75493.907 rows=884486 loops=1)
                                 Hash Cond: (store_sales.ss_sold_date_sk = date_dim.d_date_sk)
                                 Buffers: shared hit=42702 read=5124324
                                 ->  Seq Scan on store_sales  (cost=0.00..9485539.52 rows=54364643 width=22) (actual time=0.078..72148.520 rows=53574682 loops=1)
                                       Filter: ((ss_wholesale_cost >= '46'::numeric) AND (ss_wholesale_cost <= '66'::numeric))
                                       Rows Removed by Filter: 234422342
                                       Buffers: shared hit=42576 read=5122976
                                 ->  Hash  (cost=2569.73..2569.73 rows=30 width=4) (actual time=24.602..24.603 rows=31 loops=1)
                                       Buckets: 1024  Batches: 1  Memory Usage: 10kB
                                       Buffers: shared hit=126 read=1348
                                       ->  Seq Scan on date_dim  (cost=0.00..2569.73 rows=30 width=4) (actual time=14.479..24.590 rows=31 loops=1)
                                             Filter: ((d_year = 1998) AND (d_moy = 5))
                                             Rows Removed by Filter: 73018
                                             Buffers: shared hit=126 read=1348
                           ->  Hash  (cost=16906.00..16906.00 rows=25051 width=12) (actual time=126.683..126.684 rows=24688 loops=1)
                                 Buckets: 32768  Batches: 1  Memory Usage: 1317kB
                                 Buffers: shared hit=14326 read=30
                                 ->  Seq Scan on item  (cost=0.00..16906.00 rows=25051 width=12) (actual time=0.015..122.013 rows=24688 loops=1)
                                       Filter: (i_category = 'Books'::bpchar)
                                       Rows Removed by Filter: 179312
                                       Buffers: shared hit=14326 read=30
                     ->  Index Scan using customer_pkey on customer  (cost=0.43..7.65 rows=1 width=8) (actual time=0.014..0.014 rows=0 loops=77571)
                           Index Cond: (c_customer_sk = store_sales.ss_customer_sk)
                           Filter: (c_birth_month = 7)
                           Rows Removed by Filter: 1
                           Buffers: shared hit=305062 read=1598
               ->  Index Scan using customer_address_pkey on customer_address  (cost=0.42..7.65 rows=1 width=15) (actual time=0.016..0.016 rows=0 loops=3718)
                     Index Cond: (ca_address_sk = customer.c_current_addr_sk)
                     Filter: (ca_state = 'IN'::bpchar)
                     Rows Removed by Filter: 1
                     Buffers: shared hit=12331 read=2541
         ->  Index Scan using store_pkey on store  (cost=0.15..5.72 rows=1 width=15) (actual time=0.010..0.010 rows=1 loops=61)
               Index Cond: (s_store_sk = store_sales.ss_store_sk)
               Buffers: shared hit=122
 Planning:
   Buffers: shared hit=460
 Planning Time: 4.651 ms
 Execution Time: 76929.955 ms
(51 rows)

