                                                                            QUERY PLAN                                                                            
------------------------------------------------------------------------------------------------------------------------------------------------------------------
 Aggregate  (cost=9755012.44..9755012.45 rows=1 width=40) (actual time=77263.317..77263.323 rows=1 loops=1)
   Buffers: shared hit=287839 read=5131265
   ->  Hash Join  (cost=19715.57..9755012.27 rows=23 width=14) (actual time=44992.075..77263.207 rows=79 loops=1)
         Hash Cond: (store_sales.ss_store_sk = store.s_store_sk)
         Join Filter: ("substring"((customer_address.ca_zip)::text, 1, 5) <> "substring"((store.s_zip)::text, 1, 5))
         Rows Removed by Join Filter: 2
         Buffers: shared hit=287839 read=5131265
         ->  Nested Loop  (cost=19688.53..9754985.16 rows=23 width=29) (actual time=44991.469..77262.389 rows=81 loops=1)
               Buffers: shared hit=287821 read=5131265
               ->  Nested Loop  (cost=19688.10..9752797.31 rows=286 width=22) (actual time=44990.642..77192.740 rows=5429 loops=1)
                     Buffers: shared hit=269185 read=5128185
                     ->  Hash Join  (cost=19687.67..9730443.06 rows=2922 width=22) (actual time=44990.276..76616.231 rows=54699 loops=1)
                           Hash Cond: (store_sales.ss_item_sk = item.i_item_sk)
                           Buffers: shared hit=53948 read=5127434
                           ->  Hash Join  (cost=2570.11..9713233.05 rows=35219 width=18) (actual time=44882.815..76352.426 rows=1306263 loops=1)
                                 Hash Cond: (store_sales.ss_sold_date_sk = date_dim.d_date_sk)
                                 Buffers: shared hit=40721 read=5126305
                                 ->  Seq Scan on store_sales  (cost=0.00..9485539.52 rows=85756551 width=22) (actual time=0.112..71246.544 rows=85367142 loops=1)
                                       Filter: ((ss_wholesale_cost >= '60'::numeric) AND (ss_wholesale_cost <= '80'::numeric))
                                       Rows Removed by Filter: 202629882
                                       Buffers: shared hit=39698 read=5125854
                                 ->  Hash  (cost=2569.73..2569.73 rows=30 width=4) (actual time=20.538..20.539 rows=30 loops=1)
                                       Buckets: 1024  Batches: 1  Memory Usage: 10kB
                                       Buffers: shared hit=1023 read=451
                                       ->  Seq Scan on date_dim  (cost=0.00..2569.73 rows=30 width=4) (actual time=11.786..20.527 rows=30 loops=1)
                                             Filter: ((d_year = 2001) AND (d_moy = 4))
                                             Rows Removed by Filter: 73019
                                             Buffers: shared hit=1023 read=451
                           ->  Hash  (cost=16906.00..16906.00 rows=16925 width=12) (actual time=107.314..107.314 rows=17141 loops=1)
                                 Buckets: 32768  Batches: 1  Memory Usage: 993kB
                                 Buffers: shared hit=13227 read=1129
                                 ->  Seq Scan on item  (cost=0.00..16906.00 rows=16925 width=12) (actual time=0.011..104.558 rows=17141 loops=1)
                                       Filter: (i_category = 'Home'::bpchar)
                                       Rows Removed by Filter: 186859
                                       Buffers: shared hit=13227 read=1129
                     ->  Index Scan using customer_pkey on customer  (cost=0.43..7.65 rows=1 width=8) (actual time=0.010..0.010 rows=0 loops=54699)
                           Index Cond: (c_customer_sk = store_sales.ss_customer_sk)
                           Filter: (c_birth_month = 2)
                           Rows Removed by Filter: 1
                           Buffers: shared hit=215237 read=751
               ->  Index Scan using customer_address_pkey on customer_address  (cost=0.42..7.65 rows=1 width=15) (actual time=0.013..0.013 rows=0 loops=5429)
                     Index Cond: (ca_address_sk = customer.c_current_addr_sk)
                     Filter: (ca_state = 'TX'::bpchar)
                     Rows Removed by Filter: 1
                     Buffers: shared hit=18636 read=3080
         ->  Hash  (cost=22.02..22.02 rows=402 width=15) (actual time=0.582..0.583 rows=402 loops=1)
               Buckets: 1024  Batches: 1  Memory Usage: 27kB
               Buffers: shared hit=18
               ->  Seq Scan on store  (cost=0.00..22.02 rows=402 width=15) (actual time=0.021..0.476 rows=402 loops=1)
                     Buffers: shared hit=18
 Planning:
   Buffers: shared hit=460
 Planning Time: 4.642 ms
 Execution Time: 77263.726 ms
(54 rows)

