                                                                            QUERY PLAN                                                                            
------------------------------------------------------------------------------------------------------------------------------------------------------------------
 Aggregate  (cost=9759849.04..9759849.05 rows=1 width=40) (actual time=76671.361..76671.367 rows=1 loops=1)
   Buffers: shared hit=299985 read=5145031
   ->  Hash Join  (cost=19715.58..9759849.00 rows=6 width=14) (actual time=7270.191..76671.247 rows=92 loops=1)
         Hash Cond: (store_sales.ss_store_sk = store.s_store_sk)
         Join Filter: ("substring"((customer_address.ca_zip)::text, 1, 5) <> "substring"((store.s_zip)::text, 1, 5))
         Rows Removed by Join Filter: 3
         Buffers: shared hit=299985 read=5145031
         ->  Nested Loop  (cost=19688.54..9759821.93 rows=6 width=29) (actual time=7269.325..76670.131 rows=97 loops=1)
               Buffers: shared hit=299967 read=5145031
               ->  Nested Loop  (cost=19688.11..9757855.81 rows=257 width=22) (actual time=7146.024..76602.395 rows=5017 loops=1)
                     Buffers: shared hit=280950 read=5143980
                     ->  Hash Join  (cost=19687.68..9734354.01 rows=3072 width=22) (actual time=7145.241..75866.733 rows=61638 loops=1)
                           Hash Cond: (store_sales.ss_item_sk = item.i_item_sk)
                           Buffers: shared hit=37516 read=5143866
                           ->  Hash Join  (cost=2570.12..9717139.26 rows=37024 width=18) (actual time=7029.540..75573.970 rows=1470813 loops=1)
                                 Hash Cond: (store_sales.ss_sold_date_sk = date_dim.d_date_sk)
                                 Buffers: shared hit=36340 read=5130686
                                 ->  Seq Scan on store_sales  (cost=0.00..9485539.52 rows=87244546 width=22) (actual time=0.239..70373.138 rows=86810744 loops=1)
                                       Filter: ((ss_wholesale_cost >= '68'::numeric) AND (ss_wholesale_cost <= '88'::numeric))
                                       Rows Removed by Filter: 201186280
                                       Buffers: shared hit=34993 read=5130559
                                 ->  Hash  (cost=2569.73..2569.73 rows=31 width=4) (actual time=20.204..20.205 rows=31 loops=1)
                                       Buckets: 1024  Batches: 1  Memory Usage: 10kB
                                       Buffers: shared hit=1347 read=127
                                       ->  Seq Scan on date_dim  (cost=0.00..2569.73 rows=31 width=4) (actual time=10.859..20.191 rows=31 loops=1)
                                             Filter: ((d_year = 1998) AND (d_moy = 7))
                                             Rows Removed by Filter: 73018
                                             Buffers: shared hit=1347 read=127
                           ->  Hash  (cost=16906.00..16906.00 rows=16925 width=12) (actual time=115.541..115.542 rows=17141 loops=1)
                                 Buckets: 32768  Batches: 1  Memory Usage: 993kB
                                 Buffers: shared hit=1176 read=13180
                                 ->  Seq Scan on item  (cost=0.00..16906.00 rows=16925 width=12) (actual time=0.015..112.174 rows=17141 loops=1)
                                       Filter: (i_category = 'Home'::bpchar)
                                       Rows Removed by Filter: 186859
                                       Buffers: shared hit=1176 read=13180
                     ->  Index Scan using customer_pkey on customer  (cost=0.43..7.65 rows=1 width=8) (actual time=0.012..0.012 rows=0 loops=61638)
                           Index Cond: (c_customer_sk = store_sales.ss_customer_sk)
                           Filter: (c_birth_month = 11)
                           Rows Removed by Filter: 1
                           Buffers: shared hit=243434 read=114
               ->  Index Scan using customer_address_pkey on customer_address  (cost=0.42..7.65 rows=1 width=15) (actual time=0.013..0.013 rows=0 loops=5017)
                     Index Cond: (ca_address_sk = customer.c_current_addr_sk)
                     Filter: (ca_state = 'MS'::bpchar)
                     Rows Removed by Filter: 1
                     Buffers: shared hit=19017 read=1051
         ->  Hash  (cost=22.02..22.02 rows=402 width=15) (actual time=0.834..0.835 rows=402 loops=1)
               Buckets: 1024  Batches: 1  Memory Usage: 27kB
               Buffers: shared hit=18
               ->  Seq Scan on store  (cost=0.00..22.02 rows=402 width=15) (actual time=0.031..0.676 rows=402 loops=1)
                     Buffers: shared hit=18
 Planning:
   Buffers: shared hit=460
 Planning Time: 4.704 ms
 Execution Time: 76671.880 ms
(54 rows)

