                                                                            QUERY PLAN                                                                            
------------------------------------------------------------------------------------------------------------------------------------------------------------------
 Aggregate  (cost=9623158.16..9623158.17 rows=1 width=40) (actual time=74963.047..74963.053 rows=1 loops=1)
   Buffers: shared hit=170294 read=5133780
   ->  Nested Loop  (cost=19750.21..9623158.14 rows=2 width=14) (actual time=66330.390..74963.001 rows=28 loops=1)
         Join Filter: ("substring"((customer_address.ca_zip)::text, 1, 5) <> "substring"((store.s_zip)::text, 1, 5))
         Buffers: shared hit=170294 read=5133780
         ->  Nested Loop  (cost=19750.06..9623146.66 rows=2 width=29) (actual time=66330.370..74962.734 rows=28 loops=1)
               Buffers: shared hit=170238 read=5133780
               ->  Nested Loop  (cost=19749.64..9622381.48 rows=100 width=22) (actual time=66196.740..74943.984 rows=1604 loops=1)
                     Buffers: shared hit=164251 read=5133351
                     ->  Hash Join  (cost=19749.21..9609085.19 rows=1738 width=22) (actual time=66196.662..74641.513 rows=29399 loops=1)
                           Hash Cond: (store_sales.ss_item_sk = item.i_item_sk)
                           Buffers: shared hit=48116 read=5133266
                           ->  Hash Join  (cost=2570.11..9591863.48 rows=16231 width=18) (actual time=66087.941..74473.683 rows=410810 loops=1)
                                 Hash Cond: (store_sales.ss_sold_date_sk = date_dim.d_date_sk)
                                 Buffers: shared hit=37174 read=5129852
                                 ->  Seq Scan on store_sales  (cost=0.00..9485539.52 rows=39523085 width=22) (actual time=0.598..71931.071 rows=40114371 loops=1)
                                       Filter: ((ss_wholesale_cost >= '24'::numeric) AND (ss_wholesale_cost <= '44'::numeric))
                                       Rows Removed by Filter: 247882653
                                       Buffers: shared hit=35827 read=5129725
                                 ->  Hash  (cost=2569.73..2569.73 rows=30 width=4) (actual time=21.267..21.268 rows=31 loops=1)
                                       Buckets: 1024  Batches: 1  Memory Usage: 10kB
                                       Buffers: shared hit=1347 read=127
                                       ->  Seq Scan on date_dim  (cost=0.00..2569.73 rows=30 width=4) (actual time=11.927..21.255 rows=31 loops=1)
                                             Filter: ((d_year = 2002) AND (d_moy = 12))
                                             Rows Removed by Filter: 73018
                                             Buffers: shared hit=1347 read=127
                           ->  Hash  (cost=16906.00..16906.00 rows=21848 width=12) (actual time=108.551..108.552 rows=21811 loops=1)
                                 Buckets: 32768  Batches: 1  Memory Usage: 1193kB
                                 Buffers: shared hit=10942 read=3414
                                 ->  Seq Scan on item  (cost=0.00..16906.00 rows=21848 width=12) (actual time=0.023..104.593 rows=21811 loops=1)
                                       Filter: (i_category = 'Sports'::bpchar)
                                       Rows Removed by Filter: 182189
                                       Buffers: shared hit=10942 read=3414
                     ->  Index Scan using customer_pkey on customer  (cost=0.43..7.65 rows=1 width=8) (actual time=0.010..0.010 rows=0 loops=29399)
                           Index Cond: (c_customer_sk = store_sales.ss_customer_sk)
                           Filter: (c_birth_month = 3)
                           Rows Removed by Filter: 1
                           Buffers: shared hit=116135 read=85
               ->  Index Scan using customer_address_pkey on customer_address  (cost=0.42..7.65 rows=1 width=15) (actual time=0.011..0.011 rows=0 loops=1604)
                     Index Cond: (ca_address_sk = customer.c_current_addr_sk)
                     Filter: (ca_state = 'AL'::bpchar)
                     Rows Removed by Filter: 1
                     Buffers: shared hit=5987 read=429
         ->  Index Scan using store_pkey on store  (cost=0.15..5.72 rows=1 width=15) (actual time=0.006..0.006 rows=1 loops=28)
               Index Cond: (s_store_sk = store_sales.ss_store_sk)
               Buffers: shared hit=56
 Planning:
   Buffers: shared hit=460
 Planning Time: 4.783 ms
 Execution Time: 74963.605 ms
(50 rows)

