                                                                            QUERY PLAN                                                                            
------------------------------------------------------------------------------------------------------------------------------------------------------------------
 Aggregate  (cost=9667037.87..9667037.88 rows=1 width=40) (actual time=76329.855..76329.861 rows=1 loops=1)
   Buffers: shared hit=199367 read=5130025
   ->  Nested Loop  (cost=19614.57..9667037.85 rows=3 width=14) (actual time=52791.600..76329.785 rows=56 loops=1)
         Join Filter: ("substring"((customer_address.ca_zip)::text, 1, 5) <> "substring"((store.s_zip)::text, 1, 5))
         Rows Removed by Join Filter: 2
         Buffers: shared hit=199367 read=5130025
         ->  Nested Loop  (cost=19614.15..9666224.53 rows=106 width=29) (actual time=52776.062..76294.482 rows=2773 loops=1)
               Buffers: shared hit=189126 read=5129174
               ->  Hash Join  (cost=19613.72..9656539.21 rows=1266 width=29) (actual time=52724.169..75965.747 rows=34346 loops=1)
                     Hash Cond: (store_sales.ss_item_sk = item.i_item_sk)
                     Buffers: shared hit=52569 read=5129035
                     ->  Nested Loop  (cost=2570.27..9639434.12 rows=23482 width=25) (actual time=52626.078..75800.987 rows=501593 loops=1)
                           Buffers: shared hit=38471 read=5128777
                           ->  Hash Join  (cost=2570.11..9638208.70 rows=23482 width=18) (actual time=52626.044..75652.224 rows=507830 loops=1)
                                 Hash Cond: (store_sales.ss_sold_date_sk = date_dim.d_date_sk)
                                 Buffers: shared hit=38249 read=5128777
                                 ->  Seq Scan on store_sales  (cost=0.00..9485539.52 rows=57177434 width=22) (actual time=0.383..72153.136 rows=56890659 loops=1)
                                       Filter: ((ss_wholesale_cost >= '42'::numeric) AND (ss_wholesale_cost <= '62'::numeric))
                                       Rows Removed by Filter: 231106365
                                       Buffers: shared hit=37096 read=5128456
                                 ->  Hash  (cost=2569.73..2569.73 rows=30 width=4) (actual time=31.395..31.395 rows=30 loops=1)
                                       Buckets: 1024  Batches: 1  Memory Usage: 10kB
                                       Buffers: shared hit=1153 read=321
                                       ->  Seq Scan on date_dim  (cost=0.00..2569.73 rows=30 width=4) (actual time=18.462..31.383 rows=30 loops=1)
                                             Filter: ((d_year = 2001) AND (d_moy = 9))
                                             Rows Removed by Filter: 73019
                                             Buffers: shared hit=1153 read=321
                           ->  Memoize  (cost=0.16..5.73 rows=1 width=15) (actual time=0.000..0.000 rows=1 loops=507830)
                                 Cache Key: store_sales.ss_store_sk
                                 Cache Mode: logical
                                 Hits: 507718  Misses: 112  Evictions: 0  Overflows: 0  Memory Usage: 13kB
                                 Buffers: shared hit=222
                                 ->  Index Scan using store_pkey on store  (cost=0.15..5.72 rows=1 width=15) (actual time=0.004..0.004 rows=1 loops=112)
                                       Index Cond: (s_store_sk = store_sales.ss_store_sk)
                                       Buffers: shared hit=222
                     ->  Hash  (cost=16906.00..16906.00 rows=10996 width=12) (actual time=98.013..98.014 rows=11037 loops=1)
                           Buckets: 16384  Batches: 1  Memory Usage: 603kB
                           Buffers: shared hit=14098 read=258
                           ->  Seq Scan on item  (cost=0.00..16906.00 rows=10996 width=12) (actual time=0.031..96.352 rows=11037 loops=1)
                                 Filter: (i_category = 'Women'::bpchar)
                                 Rows Removed by Filter: 192963
                                 Buffers: shared hit=14098 read=258
               ->  Index Scan using customer_pkey on customer  (cost=0.43..7.65 rows=1 width=8) (actual time=0.009..0.009 rows=0 loops=34346)
                     Index Cond: (c_customer_sk = store_sales.ss_customer_sk)
                     Filter: (c_birth_month = 11)
                     Rows Removed by Filter: 1
                     Buffers: shared hit=136557 read=139
         ->  Index Scan using customer_address_pkey on customer_address  (cost=0.42..7.65 rows=1 width=15) (actual time=0.012..0.012 rows=0 loops=2773)
               Index Cond: (ca_address_sk = customer.c_current_addr_sk)
               Filter: (ca_state = 'OH'::bpchar)
               Rows Removed by Filter: 1
               Buffers: shared hit=10241 read=851
 Planning:
   Buffers: shared hit=460
 Planning Time: 5.405 ms
 Execution Time: 76330.427 ms
(56 rows)

