                                                                            QUERY PLAN                                                                            
------------------------------------------------------------------------------------------------------------------------------------------------------------------
 Aggregate  (cost=9745068.63..9745068.64 rows=1 width=40) (actual time=79092.521..79092.527 rows=1 loops=1)
   Buffers: shared hit=430529 read=5132729
   ->  Nested Loop  (cost=19614.53..9745068.61 rows=3 width=14) (actual time=26720.742..79092.358 rows=153 loops=1)
         Join Filter: ("substring"((customer_address.ca_zip)::text, 1, 5) <> "substring"((store.s_zip)::text, 1, 5))
         Rows Removed by Join Filter: 3
         Buffers: shared hit=430529 read=5132729
         ->  Nested Loop  (cost=19614.39..9745051.38 rows=3 width=29) (actual time=26720.726..79090.582 rows=157 loops=1)
               Buffers: shared hit=430217 read=5132729
               ->  Nested Loop  (cost=19613.96..9743919.14 rows=148 width=22) (actual time=26716.410..78965.820 rows=7214 loops=1)
                     Buffers: shared hit=404110 read=5129980
                     ->  Hash Join  (cost=19613.53..9730362.76 rows=1772 width=22) (actual time=26716.106..77654.210 rows=89255 loops=1)
                           Hash Cond: (store_sales.ss_item_sk = item.i_item_sk)
                           Buffers: shared hit=52059 read=5129323
                           ->  Hash Join  (cost=2570.08..9713233.02 rows=32871 width=18) (actual time=26614.707..77392.466 rows=1300474 loops=1)
                                 Hash Cond: (store_sales.ss_sold_date_sk = date_dim.d_date_sk)
                                 Buffers: shared hit=37943 read=5129083
                                 ->  Seq Scan on store_sales  (cost=0.00..9485539.52 rows=85756551 width=22) (actual time=1.175..72279.022 rows=85367142 loops=1)
                                       Filter: ((ss_wholesale_cost >= '63'::numeric) AND (ss_wholesale_cost <= '83'::numeric))
                                       Rows Removed by Filter: 202629882
                                       Buffers: shared hit=36596 read=5128956
                                 ->  Hash  (cost=2569.73..2569.73 rows=28 width=4) (actual time=24.836..24.837 rows=29 loops=1)
                                       Buckets: 1024  Batches: 1  Memory Usage: 10kB
                                       Buffers: shared hit=1347 read=127
                                       ->  Seq Scan on date_dim  (cost=0.00..2569.73 rows=28 width=4) (actual time=11.690..24.823 rows=29 loops=1)
                                             Filter: ((d_year = 2000) AND (d_moy = 2))
                                             Rows Removed by Filter: 73020
                                             Buffers: shared hit=1347 read=127
                           ->  Hash  (cost=16906.00..16906.00 rows=10996 width=12) (actual time=101.314..101.315 rows=11037 loops=1)
                                 Buckets: 16384  Batches: 1  Memory Usage: 603kB
                                 Buffers: shared hit=14116 read=240
                                 ->  Seq Scan on item  (cost=0.00..16906.00 rows=10996 width=12) (actual time=0.030..99.644 rows=11037 loops=1)
                                       Filter: (i_category = 'Women'::bpchar)
                                       Rows Removed by Filter: 192963
                                       Buffers: shared hit=14116 read=240
                     ->  Index Scan using customer_pkey on customer  (cost=0.43..7.65 rows=1 width=8) (actual time=0.014..0.014 rows=0 loops=89255)
                           Index Cond: (c_customer_sk = store_sales.ss_customer_sk)
                           Filter: (c_birth_month = 11)
                           Rows Removed by Filter: 1
                           Buffers: shared hit=352051 read=657
               ->  Index Scan using customer_address_pkey on customer_address  (cost=0.42..7.65 rows=1 width=15) (actual time=0.017..0.017 rows=0 loops=7214)
                     Index Cond: (ca_address_sk = customer.c_current_addr_sk)
                     Filter: (ca_state = 'SD'::bpchar)
                     Rows Removed by Filter: 1
                     Buffers: shared hit=26107 read=2749
         ->  Index Scan using store_pkey on store  (cost=0.15..5.72 rows=1 width=15) (actual time=0.008..0.008 rows=1 loops=157)
               Index Cond: (s_store_sk = store_sales.ss_store_sk)
               Buffers: shared hit=312
 Planning:
   Buffers: shared hit=460
 Planning Time: 4.464 ms
 Execution Time: 79092.980 ms
(51 rows)

