                                                                            QUERY PLAN                                                                            
------------------------------------------------------------------------------------------------------------------------------------------------------------------
 Aggregate  (cost=9752256.49..9752256.50 rows=1 width=40) (actual time=102419.032..102419.037 rows=1 loops=1)
   Buffers: shared hit=5078922 read=5136894
   ->  Nested Loop  (cost=2571.52..9752256.48 rows=1 width=14) (actual time=49620.265..102419.016 rows=4 loops=1)
         Join Filter: ("substring"((customer_address.ca_zip)::text, 1, 5) <> "substring"((store.s_zip)::text, 1, 5))
         Rows Removed by Join Filter: 1
         Buffers: shared hit=5078922 read=5136894
         ->  Nested Loop  (cost=2571.37..9752250.74 rows=1 width=29) (actual time=49620.228..102418.917 rows=5 loops=1)
               Buffers: shared hit=5078912 read=5136894
               ->  Nested Loop  (cost=2570.94..9752166.53 rows=11 width=22) (actual time=34097.682..102407.908 rows=374 loops=1)
                     Buffers: shared hit=5077660 read=5136650
                     ->  Nested Loop  (cost=2570.52..9747722.61 rows=582 width=18) (actual time=34056.916..101334.273 rows=41278 loops=1)
                           Buffers: shared hit=4917832 read=5131366
                           ->  Hash Join  (cost=2570.10..9608471.13 rows=18202 width=18) (actual time=34056.838..71937.582 rows=1235747 loops=1)
                                 Hash Cond: (store_sales.ss_sold_date_sk = date_dim.d_date_sk)
                                 Buffers: shared hit=39069 read=5127957
                                 ->  Seq Scan on store_sales  (cost=0.00..9485539.52 rows=45849467 width=22) (actual time=0.077..68707.136 rows=46160898 loops=1)
                                       Filter: ((ss_wholesale_cost >= '80'::numeric) AND (ss_wholesale_cost <= '100'::numeric))
                                       Rows Removed by Filter: 241836126
                                       Buffers: shared hit=37860 read=5127692
                                 ->  Hash  (cost=2569.73..2569.73 rows=29 width=4) (actual time=24.290..24.291 rows=30 loops=1)
                                       Buckets: 1024  Batches: 1  Memory Usage: 10kB
                                       Buffers: shared hit=1209 read=265
                                       ->  Seq Scan on date_dim  (cost=0.00..2569.73 rows=29 width=4) (actual time=13.555..24.276 rows=30 loops=1)
                                             Filter: ((d_year = 2000) AND (d_moy = 11))
                                             Rows Removed by Filter: 73019
                                             Buffers: shared hit=1209 read=265
                           ->  Index Scan using customer_pkey on customer  (cost=0.43..7.65 rows=1 width=8) (actual time=0.023..0.023 rows=0 loops=1235747)
                                 Index Cond: (c_customer_sk = store_sales.ss_customer_sk)
                                 Filter: (c_birth_month = 6)
                                 Rows Removed by Filter: 1
                                 Buffers: shared hit=4878763 read=3409
                     ->  Index Scan using item_pkey on item  (cost=0.42..7.64 rows=1 width=12) (actual time=0.026..0.026 rows=0 loops=41278)
                           Index Cond: (i_item_sk = store_sales.ss_item_sk)
                           Filter: (i_category = 'Music'::bpchar)
                           Rows Removed by Filter: 1
                           Buffers: shared hit=159828 read=5284
               ->  Index Scan using customer_address_pkey on customer_address  (cost=0.42..7.66 rows=1 width=15) (actual time=0.028..0.028 rows=0 loops=374)
                     Index Cond: (ca_address_sk = customer.c_current_addr_sk)
                     Filter: (ca_state = 'OH'::bpchar)
                     Rows Removed by Filter: 1
                     Buffers: shared hit=1252 read=244
         ->  Index Scan using store_pkey on store  (cost=0.15..5.72 rows=1 width=15) (actual time=0.012..0.012 rows=1 loops=5)
               Index Cond: (s_store_sk = store_sales.ss_store_sk)
               Buffers: shared hit=10
 Planning:
   Buffers: shared hit=421 read=39
 Planning Time: 5.444 ms
 Execution Time: 102419.548 ms
(48 rows)

