                                                                            QUERY PLAN                                                                            
------------------------------------------------------------------------------------------------------------------------------------------------------------------
 Aggregate  (cost=9699168.62..9699168.63 rows=1 width=40) (actual time=73306.568..73306.572 rows=1 loops=1)
   Buffers: shared hit=103676 read=5127690
   ->  Nested Loop  (cost=16953.88..9699168.61 rows=2 width=14) (actual time=41501.965..73306.498 rows=33 loops=1)
         Join Filter: ("substring"((customer_address.ca_zip)::text, 1, 5) <> "substring"((store.s_zip)::text, 1, 5))
         Buffers: shared hit=103676 read=5127690
         ->  Nested Loop  (cost=16953.73..9699157.12 rows=2 width=29) (actual time=41501.947..73306.134 rows=33 loops=1)
               Buffers: shared hit=103610 read=5127690
               ->  Nested Loop  (cost=16953.31..9698583.47 rows=75 width=22) (actual time=41480.034..73280.907 rows=1711 loops=1)
                     Buffers: shared hit=97947 read=5126509
                     ->  Nested Loop  (cost=16952.88..9695171.42 rows=446 width=22) (actual time=41479.780..73158.607 rows=9706 loops=1)
                           Buffers: shared hit=59607 read=5126505
                           ->  Hash Join  (cost=16952.58..9653518.40 rows=1050817 width=26) (actual time=131.117..72953.307 rows=516569 loops=1)
                                 Hash Cond: (store_sales.ss_item_sk = item.i_item_sk)
                                 Buffers: shared hit=53589 read=5126319
                                 ->  Seq Scan on store_sales  (cost=0.00..9485539.52 rows=57532634 width=22) (actual time=0.054..67759.582 rows=57752041 loops=1)
                                       Filter: ((ss_wholesale_cost >= '76'::numeric) AND (ss_wholesale_cost <= '96'::numeric))
                                       Rows Removed by Filter: 230244983
                                       Buffers: shared hit=44201 read=5121351
                                 ->  Hash  (cost=16906.00..16906.00 rows=3726 width=12) (actual time=130.825..130.826 rows=3713 loops=1)
                                       Buckets: 4096  Batches: 1  Memory Usage: 192kB
                                       Buffers: shared hit=9388 read=4968
                                       ->  Seq Scan on item  (cost=0.00..16906.00 rows=3726 width=12) (actual time=0.230..130.059 rows=3713 loops=1)
                                             Filter: (i_category = 'Music'::bpchar)
                                             Rows Removed by Filter: 200287
                                             Buffers: shared hit=9388 read=4968
                           ->  Memoize  (cost=0.30..7.51 rows=1 width=4) (actual time=0.000..0.000 rows=0 loops=516569)
                                 Cache Key: store_sales.ss_sold_date_sk
                                 Cache Mode: logical
                                 Hits: 514500  Misses: 2069  Evictions: 0  Overflows: 0  Memory Usage: 139kB
                                 Buffers: shared hit=6018 read=186
                                 ->  Index Scan using date_dim_pkey on date_dim  (cost=0.29..7.50 rows=1 width=4) (actual time=0.016..0.016 rows=0 loops=2069)
                                       Index Cond: (d_date_sk = store_sales.ss_sold_date_sk)
                                       Filter: ((d_year = 2001) AND (d_moy = 3))
                                       Rows Removed by Filter: 1
                                       Buffers: shared hit=6018 read=186
                     ->  Index Scan using customer_pkey on customer  (cost=0.43..7.65 rows=1 width=8) (actual time=0.012..0.012 rows=0 loops=9706)
                           Index Cond: (c_customer_sk = store_sales.ss_customer_sk)
                           Filter: (c_birth_month = 4)
                           Rows Removed by Filter: 1
                           Buffers: shared hit=38340 read=4
               ->  Index Scan using customer_address_pkey on customer_address  (cost=0.42..7.65 rows=1 width=15) (actual time=0.014..0.014 rows=0 loops=1711)
                     Index Cond: (ca_address_sk = customer.c_current_addr_sk)
                     Filter: (ca_state = 'NE'::bpchar)
                     Rows Removed by Filter: 1
                     Buffers: shared hit=5663 read=1181
         ->  Index Scan using store_pkey on store  (cost=0.15..5.72 rows=1 width=15) (actual time=0.006..0.006 rows=1 loops=33)
               Index Cond: (s_store_sk = store_sales.ss_store_sk)
               Buffers: shared hit=66
 Planning:
   Buffers: shared hit=460
 Planning Time: 4.555 ms
 Execution Time: 73307.174 ms
(52 rows)

