                                                                             QUERY PLAN                                                                              
---------------------------------------------------------------------------------------------------------------------------------------------------------------------
 Aggregate  (cost=9724199.56..9724199.57 rows=1 width=40) (actual time=85745.026..85745.031 rows=1 loops=1)
   Buffers: shared hit=1668533 read=5148397
   ->  Nested Loop  (cost=2571.50..9724199.54 rows=2 width=14) (actual time=42358.652..85744.983 rows=14 loops=1)
         Join Filter: ("substring"((customer_address.ca_zip)::text, 1, 5) <> "substring"((store.s_zip)::text, 1, 5))
         Rows Removed by Join Filter: 2
         Buffers: shared hit=1668533 read=5148397
         ->  Nested Loop  (cost=2571.36..9724188.06 rows=2 width=29) (actual time=42358.620..85744.725 rows=16 loops=1)
               Buffers: shared hit=1668501 read=5148397
               ->  Nested Loop  (cost=2570.94..9723852.09 rows=44 width=25) (actual time=42076.845..85723.003 rows=890 loops=1)
                     Buffers: shared hit=1665034 read=5148304
                     ->  Nested Loop  (cost=2570.51..9707758.51 rows=2104 width=18) (actual time=42069.042..84434.781 rows=50956 loops=1)
                           Buffers: shared hit=1474584 read=5134930
                           ->  Hash Join  (cost=2570.08..9591863.45 rows=15149 width=18) (actual time=42068.849..75762.817 rows=365125 loops=1)
                                 Hash Cond: (store_sales.ss_sold_date_sk = date_dim.d_date_sk)
                                 Buffers: shared hit=32113 read=5134913
                                 ->  Seq Scan on store_sales  (cost=0.00..9485539.52 rows=39523085 width=22) (actual time=0.048..73087.635 rows=40114371 loops=1)
                                       Filter: ((ss_wholesale_cost >= '25'::numeric) AND (ss_wholesale_cost <= '45'::numeric))
                                       Rows Removed by Filter: 247882653
                                       Buffers: shared hit=31945 read=5133607
                                 ->  Hash  (cost=2569.73..2569.73 rows=28 width=4) (actual time=23.653..23.654 rows=28 loops=1)
                                       Buckets: 1024  Batches: 1  Memory Usage: 9kB
                                       Buffers: shared hit=168 read=1306
                                       ->  Seq Scan on date_dim  (cost=0.00..2569.73 rows=28 width=4) (actual time=12.783..23.640 rows=28 loops=1)
                                             Filter: ((d_year = 2001) AND (d_moy = 2))
                                             Rows Removed by Filter: 73021
                                             Buffers: shared hit=168 read=1306
                           ->  Index Scan using customer_pkey on customer  (cost=0.43..7.65 rows=1 width=8) (actual time=0.023..0.023 rows=0 loops=365125)
                                 Index Cond: (c_customer_sk = store_sales.ss_customer_sk)
                                 Filter: (c_birth_month = 10)
                                 Rows Removed by Filter: 1
                                 Buffers: shared hit=1442471 read=17
                     ->  Index Scan using customer_address_pkey on customer_address  (cost=0.42..7.65 rows=1 width=15) (actual time=0.025..0.025 rows=0 loops=50956)
                           Index Cond: (ca_address_sk = customer.c_current_addr_sk)
                           Filter: (ca_state = 'WI'::bpchar)
                           Rows Removed by Filter: 1
                           Buffers: shared hit=190450 read=13374
               ->  Index Scan using item_pkey on item  (cost=0.42..7.64 rows=1 width=12) (actual time=0.024..0.024 rows=0 loops=890)
                     Index Cond: (i_item_sk = store_sales.ss_item_sk)
                     Filter: (i_category = 'Jewelry'::bpchar)
                     Rows Removed by Filter: 1
                     Buffers: shared hit=3467 read=93
         ->  Index Scan using store_pkey on store  (cost=0.15..5.72 rows=1 width=15) (actual time=0.009..0.010 rows=1 loops=16)
               Index Cond: (s_store_sk = store_sales.ss_store_sk)
               Buffers: shared hit=32
 Planning:
   Buffers: shared hit=460
 Planning Time: 4.777 ms
 Execution Time: 85745.447 ms
(48 rows)

