                                                                            QUERY PLAN                                                                            
------------------------------------------------------------------------------------------------------------------------------------------------------------------
 Aggregate  (cost=9638716.31..9638716.32 rows=1 width=40) (actual time=68897.831..68897.835 rows=1 loops=1)
   Buffers: shared hit=143116 read=5131548
   ->  Nested Loop  (cost=19688.68..9638716.28 rows=3 width=14) (actual time=2761.781..68897.777 rows=28 loops=1)
         Join Filter: ("substring"((customer_address.ca_zip)::text, 1, 5) <> "substring"((store.s_zip)::text, 1, 5))
         Rows Removed by Join Filter: 1
         Buffers: shared hit=143116 read=5131548
         ->  Nested Loop  (cost=19688.54..9638699.05 rows=3 width=29) (actual time=2761.762..68897.464 rows=29 loops=1)
               Buffers: shared hit=143059 read=5131547
               ->  Nested Loop  (cost=19688.11..9637987.44 rows=93 width=22) (actual time=2728.839..68882.474 rows=1258 loops=1)
                     Buffers: shared hit=138478 read=5131096
                     ->  Hash Join  (cost=19687.68..9625639.79 rows=1614 width=22) (actual time=2727.182..68661.100 rows=22310 loops=1)
                           Hash Cond: (store_sales.ss_item_sk = item.i_item_sk)
                           Buffers: shared hit=50293 read=5131089
                           ->  Hash Join  (cost=2570.12..9608471.16 rows=19457 width=18) (actual time=2615.168..68477.973 rows=528364 loops=1)
                                 Hash Cond: (store_sales.ss_sold_date_sk = date_dim.d_date_sk)
                                 Buffers: shared hit=36877 read=5130149
                                 ->  Seq Scan on store_sales  (cost=0.00..9485539.52 rows=45849467 width=22) (actual time=0.066..65603.485 rows=46160898 loops=1)
                                       Filter: ((ss_wholesale_cost >= '80'::numeric) AND (ss_wholesale_cost <= '100'::numeric))
                                       Rows Removed by Filter: 241836126
                                       Buffers: shared hit=36836 read=5128716
                                 ->  Hash  (cost=2569.73..2569.73 rows=31 width=4) (actual time=26.483..26.484 rows=31 loops=1)
                                       Buckets: 1024  Batches: 1  Memory Usage: 10kB
                                       Buffers: shared hit=41 read=1433
                                       ->  Seq Scan on date_dim  (cost=0.00..2569.73 rows=31 width=4) (actual time=14.272..26.466 rows=31 loops=1)
                                             Filter: ((d_year = 1998) AND (d_moy = 3))
                                             Rows Removed by Filter: 73018
                                             Buffers: shared hit=41 read=1433
                           ->  Hash  (cost=16906.00..16906.00 rows=16925 width=12) (actual time=111.785..111.786 rows=17141 loops=1)
                                 Buckets: 32768  Batches: 1  Memory Usage: 993kB
                                 Buffers: shared hit=13416 read=940
                                 ->  Seq Scan on item  (cost=0.00..16906.00 rows=16925 width=12) (actual time=0.018..108.748 rows=17141 loops=1)
                                       Filter: (i_category = 'Home'::bpchar)
                                       Rows Removed by Filter: 186859
                                       Buffers: shared hit=13416 read=940
                     ->  Index Scan using customer_pkey on customer  (cost=0.43..7.65 rows=1 width=8) (actual time=0.010..0.010 rows=0 loops=22310)
                           Index Cond: (c_customer_sk = store_sales.ss_customer_sk)
                           Filter: (c_birth_month = 3)
                           Rows Removed by Filter: 1
                           Buffers: shared hit=88185 read=7
               ->  Index Scan using customer_address_pkey on customer_address  (cost=0.42..7.65 rows=1 width=15) (actual time=0.012..0.012 rows=0 loops=1258)
                     Index Cond: (ca_address_sk = customer.c_current_addr_sk)
                     Filter: (ca_state = 'OH'::bpchar)
                     Rows Removed by Filter: 1
                     Buffers: shared hit=4581 read=451
         ->  Index Scan using store_pkey on store  (cost=0.15..5.72 rows=1 width=15) (actual time=0.006..0.006 rows=1 loops=29)
               Index Cond: (s_store_sk = store_sales.ss_store_sk)
               Buffers: shared hit=57 read=1
 Planning:
   Buffers: shared hit=460
 Planning Time: 4.742 ms
 Execution Time: 68898.318 ms
(51 rows)

