                                                                            QUERY PLAN                                                                            
------------------------------------------------------------------------------------------------------------------------------------------------------------------
 Aggregate  (cost=9707996.18..9707996.19 rows=1 width=40) (actual time=76294.096..76294.102 rows=1 loops=1)
   Buffers: shared hit=262396 read=5127572
   ->  Nested Loop  (cost=19750.22..9707996.15 rows=3 width=14) (actual time=56624.442..76294.009 rows=53 loops=1)
         Join Filter: ("substring"((customer_address.ca_zip)::text, 1, 5) <> "substring"((store.s_zip)::text, 1, 5))
         Buffers: shared hit=262396 read=5127572
         ->  Nested Loop  (cost=19750.07..9707978.92 rows=3 width=29) (actual time=56624.424..76293.471 rows=53 loops=1)
               Buffers: shared hit=262296 read=5127566
               ->  Nested Loop  (cost=19749.65..9706823.39 rows=151 width=22) (actual time=56615.821..76259.222 rows=2369 loops=1)
                     Buffers: shared hit=253787 read=5126599
                     ->  Hash Join  (cost=19749.22..9683260.37 rows=3080 width=22) (actual time=56615.177..75597.595 rows=50337 loops=1)
                           Hash Cond: (store_sales.ss_item_sk = item.i_item_sk)
                           Buffers: shared hit=54836 read=5126546
                           ->  Hash Join  (cost=2570.12..9666005.78 rows=28758 width=18) (actual time=56506.639..75392.596 rows=694043 loops=1)
                                 Hash Cond: (store_sales.ss_sold_date_sk = date_dim.d_date_sk)
                                 Buffers: shared hit=40782 read=5126244
                                 ->  Seq Scan on store_sales  (cost=0.00..9485539.52 rows=67766203 width=22) (actual time=0.055..71306.127 rows=67554234 loops=1)
                                       Filter: ((ss_wholesale_cost >= '59'::numeric) AND (ss_wholesale_cost <= '79'::numeric))
                                       Rows Removed by Filter: 220442790
                                       Buffers: shared hit=39308 read=5126244
                                 ->  Hash  (cost=2569.73..2569.73 rows=31 width=4) (actual time=21.183..21.184 rows=31 loops=1)
                                       Buckets: 1024  Batches: 1  Memory Usage: 10kB
                                       Buffers: shared hit=1474
                                       ->  Seq Scan on date_dim  (cost=0.00..2569.73 rows=31 width=4) (actual time=11.716..21.171 rows=31 loops=1)
                                             Filter: ((d_year = 2002) AND (d_moy = 3))
                                             Rows Removed by Filter: 73018
                                             Buffers: shared hit=1474
                           ->  Hash  (cost=16906.00..16906.00 rows=21848 width=12) (actual time=108.318..108.318 rows=21811 loops=1)
                                 Buckets: 32768  Batches: 1  Memory Usage: 1193kB
                                 Buffers: shared hit=14054 read=302
                                 ->  Seq Scan on item  (cost=0.00..16906.00 rows=21848 width=12) (actual time=0.022..104.734 rows=21811 loops=1)
                                       Filter: (i_category = 'Sports'::bpchar)
                                       Rows Removed by Filter: 182189
                                       Buffers: shared hit=14054 read=302
                     ->  Index Scan using customer_pkey on customer  (cost=0.43..7.65 rows=1 width=8) (actual time=0.013..0.013 rows=0 loops=50337)
                           Index Cond: (c_customer_sk = store_sales.ss_customer_sk)
                           Filter: (c_birth_month = 7)
                           Rows Removed by Filter: 1
                           Buffers: shared hit=198951 read=53
               ->  Index Scan using customer_address_pkey on customer_address  (cost=0.42..7.65 rows=1 width=15) (actual time=0.014..0.014 rows=0 loops=2369)
                     Index Cond: (ca_address_sk = customer.c_current_addr_sk)
                     Filter: (ca_state = 'CO'::bpchar)
                     Rows Removed by Filter: 1
                     Buffers: shared hit=8509 read=967
         ->  Index Scan using store_pkey on store  (cost=0.15..5.72 rows=1 width=15) (actual time=0.006..0.006 rows=1 loops=53)
               Index Cond: (s_store_sk = store_sales.ss_store_sk)
               Buffers: shared hit=100 read=6
 Planning:
   Buffers: shared hit=460
 Planning Time: 4.897 ms
 Execution Time: 76294.639 ms
(50 rows)

