                                                                            QUERY PLAN                                                                            
------------------------------------------------------------------------------------------------------------------------------------------------------------------
 Aggregate  (cost=9747996.96..9747996.97 rows=1 width=40) (actual time=76703.760..76703.766 rows=1 loops=1)
   Buffers: shared hit=149866 read=5124874
   ->  Nested Loop  (cost=19589.31..9747996.95 rows=1 width=14) (actual time=22878.441..76703.694 rows=62 loops=1)
         Join Filter: ("substring"((customer_address.ca_zip)::text, 1, 5) <> "substring"((store.s_zip)::text, 1, 5))
         Rows Removed by Join Filter: 1
         Buffers: shared hit=149866 read=5124874
         ->  Nested Loop  (cost=19589.16..9747991.21 rows=1 width=29) (actual time=22878.419..76703.155 rows=63 loops=1)
               Buffers: shared hit=149740 read=5124874
               ->  Nested Loop  (cost=19588.74..9746316.06 rows=219 width=22) (actual time=22865.987..76671.777 rows=2844 loops=1)
                     Buffers: shared hit=139915 read=5123323
                     ->  Hash Join  (cost=19588.31..9734251.50 rows=1577 width=22) (actual time=22865.707..76469.702 rows=20743 loops=1)
                           Hash Cond: (store_sales.ss_item_sk = item.i_item_sk)
                           Buffers: shared hit=58624 read=5122758
                           ->  Hash Join  (cost=2570.11..9717139.25 rows=35830 width=18) (actual time=22725.100..76263.430 rows=961267 loops=1)
                                 Hash Cond: (store_sales.ss_sold_date_sk = date_dim.d_date_sk)
                                 Buffers: shared hit=44506 read=5122520
                                 ->  Seq Scan on store_sales  (cost=0.00..9485539.52 rows=87244546 width=22) (actual time=0.034..71094.702 rows=86810744 loops=1)
                                       Filter: ((ss_wholesale_cost >= '65'::numeric) AND (ss_wholesale_cost <= '85'::numeric))
                                       Rows Removed by Filter: 201186280
                                       Buffers: shared hit=43032 read=5122520
                                 ->  Hash  (cost=2569.73..2569.73 rows=30 width=4) (actual time=17.991..17.992 rows=30 loops=1)
                                       Buckets: 1024  Batches: 1  Memory Usage: 10kB
                                       Buffers: shared hit=1474
                                       ->  Seq Scan on date_dim  (cost=0.00..2569.73 rows=30 width=4) (actual time=10.807..17.983 rows=30 loops=1)
                                             Filter: ((d_year = 1999) AND (d_moy = 9))
                                             Rows Removed by Filter: 73019
                                             Buffers: shared hit=1474
                           ->  Hash  (cost=16906.00..16906.00 rows=8976 width=12) (actual time=111.663..111.664 rows=8826 loops=1)
                                 Buckets: 16384  Batches: 1  Memory Usage: 508kB
                                 Buffers: shared hit=14118 read=238
                                 ->  Seq Scan on item  (cost=0.00..16906.00 rows=8976 width=12) (actual time=0.011..109.964 rows=8826 loops=1)
                                       Filter: (i_category = 'Jewelry'::bpchar)
                                       Rows Removed by Filter: 195174
                                       Buffers: shared hit=14118 read=238
                     ->  Index Scan using customer_pkey on customer  (cost=0.43..7.65 rows=1 width=8) (actual time=0.010..0.010 rows=0 loops=20743)
                           Index Cond: (c_customer_sk = store_sales.ss_customer_sk)
                           Filter: (c_birth_month = 10)
                           Rows Removed by Filter: 1
                           Buffers: shared hit=81291 read=565
               ->  Index Scan using customer_address_pkey on customer_address  (cost=0.42..7.65 rows=1 width=15) (actual time=0.011..0.011 rows=0 loops=2844)
                     Index Cond: (ca_address_sk = customer.c_current_addr_sk)
                     Filter: (ca_state = 'VT'::bpchar)
                     Rows Removed by Filter: 1
                     Buffers: shared hit=9825 read=1551
         ->  Index Scan using store_pkey on store  (cost=0.15..5.72 rows=1 width=15) (actual time=0.005..0.005 rows=1 loops=63)
               Index Cond: (s_store_sk = store_sales.ss_store_sk)
               Buffers: shared hit=126
 Planning:
   Buffers: shared hit=460
 Planning Time: 2.694 ms
 Execution Time: 76704.056 ms
(51 rows)

