                                                                            QUERY PLAN                                                                            
------------------------------------------------------------------------------------------------------------------------------------------------------------------
 Aggregate  (cost=9783386.82..9783386.83 rows=1 width=40) (actual time=80751.186..80751.191 rows=1 loops=1)
   Buffers: shared hit=750301 read=5146339
   ->  Hash Join  (cost=19922.97..9783386.74 rows=10 width=14) (actual time=41912.542..80750.949 rows=237 loops=1)
         Hash Cond: (store_sales.ss_store_sk = store.s_store_sk)
         Join Filter: ("substring"((customer_address.ca_zip)::text, 1, 5) <> "substring"((store.s_zip)::text, 1, 5))
         Rows Removed by Join Filter: 2
         Buffers: shared hit=750301 read=5146339
         ->  Nested Loop  (cost=19895.93..9783359.67 rows=10 width=29) (actual time=41911.972..80749.797 rows=240 loops=1)
               Buffers: shared hit=750283 read=5146339
               ->  Nested Loop  (cost=19895.50..9779595.73 rows=492 width=22) (actual time=41878.903..80446.529 rows=13616 loops=1)
                     Buffers: shared hit=702455 read=5139703
                     ->  Hash Join  (cost=19895.07..9734558.26 rows=5887 width=22) (actual time=41877.099..76894.883 rows=167304 loops=1)
                           Hash Cond: (store_sales.ss_item_sk = item.i_item_sk)
                           Buffers: shared hit=54673 read=5126709
                           ->  Hash Join  (cost=2570.11..9717139.25 rows=35830 width=18) (actual time=41776.135..76624.141 rows=701701 loops=1)
                                 Hash Cond: (store_sales.ss_sold_date_sk = date_dim.d_date_sk)
                                 Buffers: shared hit=40526 read=5126500
                                 ->  Seq Scan on store_sales  (cost=0.00..9485539.52 rows=87244546 width=22) (actual time=0.027..71428.019 rows=86810744 loops=1)
                                       Filter: ((ss_wholesale_cost >= '65'::numeric) AND (ss_wholesale_cost <= '85'::numeric))
                                       Rows Removed by Filter: 201186280
                                       Buffers: shared hit=39052 read=5126500
                                 ->  Hash  (cost=2569.73..2569.73 rows=30 width=4) (actual time=20.393..20.394 rows=31 loops=1)
                                       Buckets: 1024  Batches: 1  Memory Usage: 10kB
                                       Buffers: shared hit=1474
                                       ->  Seq Scan on date_dim  (cost=0.00..2569.73 rows=30 width=4) (actual time=10.407..20.385 rows=31 loops=1)
                                             Filter: ((d_year = 2001) AND (d_moy = 1))
                                             Rows Removed by Filter: 73018
                                             Buffers: shared hit=1474
                           ->  Hash  (cost=16906.00..16906.00 rows=33517 width=12) (actual time=100.718..100.719 rows=33627 loops=1)
                                 Buckets: 65536  Batches: 1  Memory Usage: 1957kB
                                 Buffers: shared hit=14147 read=209
                                 ->  Seq Scan on item  (cost=0.00..16906.00 rows=33517 width=12) (actual time=0.019..95.706 rows=33627 loops=1)
                                       Filter: (i_category = 'Shoes'::bpchar)
                                       Rows Removed by Filter: 170373
                                       Buffers: shared hit=14147 read=209
                     ->  Index Scan using customer_pkey on customer  (cost=0.43..7.65 rows=1 width=8) (actual time=0.021..0.021 rows=0 loops=167304)
                           Index Cond: (c_customer_sk = store_sales.ss_customer_sk)
                           Filter: (c_birth_month = 11)
                           Rows Removed by Filter: 1
                           Buffers: shared hit=647782 read=12994
               ->  Index Scan using customer_address_pkey on customer_address  (cost=0.42..7.65 rows=1 width=15) (actual time=0.022..0.022 rows=0 loops=13616)
                     Index Cond: (ca_address_sk = customer.c_current_addr_sk)
                     Filter: (ca_state = 'FL'::bpchar)
                     Rows Removed by Filter: 1
                     Buffers: shared hit=47828 read=6636
         ->  Hash  (cost=22.02..22.02 rows=402 width=15) (actual time=0.545..0.546 rows=402 loops=1)
               Buckets: 1024  Batches: 1  Memory Usage: 27kB
               Buffers: shared hit=18
               ->  Seq Scan on store  (cost=0.00..22.02 rows=402 width=15) (actual time=0.021..0.437 rows=402 loops=1)
                     Buffers: shared hit=18
 Planning:
   Buffers: shared hit=460
 Planning Time: 4.715 ms
 Execution Time: 80751.647 ms
(54 rows)

