                                                                            QUERY PLAN                                                                            
------------------------------------------------------------------------------------------------------------------------------------------------------------------
 Aggregate  (cost=9643299.25..9643299.26 rows=1 width=40) (actual time=70024.458..70024.465 rows=1 loops=1)
   Buffers: shared hit=208910 read=5127182
   ->  Hash Join  (cost=19777.11..9643299.20 rows=7 width=14) (actual time=61929.149..70024.353 rows=99 loops=1)
         Hash Cond: (store_sales.ss_store_sk = store.s_store_sk)
         Join Filter: ("substring"((customer_address.ca_zip)::text, 1, 5) <> "substring"((store.s_zip)::text, 1, 5))
         Buffers: shared hit=208910 read=5127182
         ->  Nested Loop  (cost=19750.06..9643272.14 rows=7 width=29) (actual time=61928.574..70023.551 rows=99 loops=1)
               Buffers: shared hit=208892 read=5127182
               ->  Nested Loop  (cost=19749.64..9641130.41 rows=280 width=22) (actual time=61924.786..69940.461 rows=4862 loops=1)
                     Buffers: shared hit=192517 read=5124109
                     ->  Hash Join  (cost=19749.21..9625699.67 rows=2017 width=22) (actual time=61923.672..69441.993 rows=34229 loops=1)
                           Hash Cond: (store_sales.ss_item_sk = item.i_item_sk)
                           Buffers: shared hit=57952 read=5123430
                           ->  Hash Join  (cost=2570.11..9608471.14 rows=18830 width=18) (actual time=61824.072..69273.805 rows=473700 loops=1)
                                 Hash Cond: (store_sales.ss_sold_date_sk = date_dim.d_date_sk)
                                 Buffers: shared hit=43820 read=5123206
                                 ->  Seq Scan on store_sales  (cost=0.00..9485539.52 rows=45849467 width=22) (actual time=0.034..66392.514 rows=46160898 loops=1)
                                       Filter: ((ss_wholesale_cost >= '80'::numeric) AND (ss_wholesale_cost <= '100'::numeric))
                                       Rows Removed by Filter: 241836126
                                       Buffers: shared hit=42346 read=5123206
                                 ->  Hash  (cost=2569.73..2569.73 rows=30 width=4) (actual time=19.652..19.652 rows=31 loops=1)
                                       Buckets: 1024  Batches: 1  Memory Usage: 10kB
                                       Buffers: shared hit=1474
                                       ->  Seq Scan on date_dim  (cost=0.00..2569.73 rows=30 width=4) (actual time=10.423..19.642 rows=31 loops=1)
                                             Filter: ((d_year = 2002) AND (d_moy = 12))
                                             Rows Removed by Filter: 73018
                                             Buffers: shared hit=1474
                           ->  Hash  (cost=16906.00..16906.00 rows=21848 width=12) (actual time=99.451..99.452 rows=21811 loops=1)
                                 Buckets: 32768  Batches: 1  Memory Usage: 1193kB
                                 Buffers: shared hit=14132 read=224
                                 ->  Seq Scan on item  (cost=0.00..16906.00 rows=21848 width=12) (actual time=0.021..96.188 rows=21811 loops=1)
                                       Filter: (i_category = 'Sports'::bpchar)
                                       Rows Removed by Filter: 182189
                                       Buffers: shared hit=14132 read=224
                     ->  Index Scan using customer_pkey on customer  (cost=0.43..7.65 rows=1 width=8) (actual time=0.014..0.014 rows=0 loops=34229)
                           Index Cond: (c_customer_sk = store_sales.ss_customer_sk)
                           Filter: (c_birth_month = 10)
                           Rows Removed by Filter: 1
                           Buffers: shared hit=134565 read=679
               ->  Index Scan using customer_address_pkey on customer_address  (cost=0.42..7.65 rows=1 width=15) (actual time=0.017..0.017 rows=0 loops=4862)
                     Index Cond: (ca_address_sk = customer.c_current_addr_sk)
                     Filter: (ca_state = 'MN'::bpchar)
                     Rows Removed by Filter: 1
                     Buffers: shared hit=16375 read=3073
         ->  Hash  (cost=22.02..22.02 rows=402 width=15) (actual time=0.551..0.551 rows=402 loops=1)
               Buckets: 1024  Batches: 1  Memory Usage: 27kB
               Buffers: shared hit=18
               ->  Seq Scan on store  (cost=0.00..22.02 rows=402 width=15) (actual time=0.022..0.445 rows=402 loops=1)
                     Buffers: shared hit=18
 Planning:
   Buffers: shared hit=460
 Planning Time: 4.481 ms
 Execution Time: 70024.844 ms
(53 rows)

