                                                                            QUERY PLAN                                                                            
------------------------------------------------------------------------------------------------------------------------------------------------------------------
 Aggregate  (cost=9781988.02..9781988.03 rows=1 width=40) (actual time=78580.339..78580.346 rows=1 loops=1)
   Buffers: shared hit=249193 read=5129879
   ->  Hash Join  (cost=19817.15..9781987.94 rows=10 width=14) (actual time=9557.805..78580.251 rows=125 loops=1)
         Hash Cond: (store_sales.ss_store_sk = store.s_store_sk)
         Join Filter: ("substring"((customer_address.ca_zip)::text, 1, 5) <> "substring"((store.s_zip)::text, 1, 5))
         Rows Removed by Join Filter: 8
         Buffers: shared hit=249193 read=5129879
         ->  Nested Loop  (cost=19790.10..9781960.87 rows=10 width=29) (actual time=9557.006..78579.224 rows=135 loops=1)
               Buffers: shared hit=249175 read=5129879
               ->  Nested Loop  (cost=19789.68..9776147.86 rows=760 width=22) (actual time=9556.977..78432.338 rows=7013 loops=1)
                     Buffers: shared hit=225546 read=5125456
                     ->  Hash Join  (cost=19789.25..9741461.29 rows=4534 width=22) (actual time=9556.802..77676.032 rows=42889 loops=1)
                           Hash Cond: (store_sales.ss_item_sk = item.i_item_sk)
                           Buffers: shared hit=57280 read=5124102
                           ->  Hash Join  (cost=2570.11..9724145.22 rows=36926 width=18) (actual time=9458.656..77508.149 rows=489653 loops=1)
                                 Hash Cond: (store_sales.ss_sold_date_sk = date_dim.d_date_sk)
                                 Buffers: shared hit=43133 read=5123893
                                 ->  Seq Scan on store_sales  (cost=0.00..9485539.52 rows=89913339 width=22) (actual time=0.039..72243.533 rows=89530603 loops=1)
                                       Filter: ((ss_wholesale_cost >= '56'::numeric) AND (ss_wholesale_cost <= '76'::numeric))
                                       Rows Removed by Filter: 198466421
                                       Buffers: shared hit=41659 read=5123893
                                 ->  Hash  (cost=2569.73..2569.73 rows=30 width=4) (actual time=21.538..21.539 rows=30 loops=1)
                                       Buckets: 1024  Batches: 1  Memory Usage: 10kB
                                       Buffers: shared hit=1474
                                       ->  Seq Scan on date_dim  (cost=0.00..2569.73 rows=30 width=4) (actual time=11.729..21.526 rows=30 loops=1)
                                             Filter: ((d_year = 1998) AND (d_moy = 9))
                                             Rows Removed by Filter: 73019
                                             Buffers: shared hit=1474
                           ->  Hash  (cost=16906.00..16906.00 rows=25051 width=12) (actual time=97.975..97.976 rows=24688 loops=1)
                                 Buckets: 32768  Batches: 1  Memory Usage: 1317kB
                                 Buffers: shared hit=14147 read=209
                                 ->  Seq Scan on item  (cost=0.00..16906.00 rows=25051 width=12) (actual time=0.017..94.421 rows=24688 loops=1)
                                       Filter: (i_category = 'Books'::bpchar)
                                       Rows Removed by Filter: 179312
                                       Buffers: shared hit=14147 read=209
                     ->  Index Scan using customer_pkey on customer  (cost=0.43..7.65 rows=1 width=8) (actual time=0.017..0.017 rows=0 loops=42889)
                           Index Cond: (c_customer_sk = store_sales.ss_customer_sk)
                           Filter: (c_birth_month = 4)
                           Rows Removed by Filter: 1
                           Buffers: shared hit=168266 read=1354
               ->  Index Scan using customer_address_pkey on customer_address  (cost=0.42..7.65 rows=1 width=15) (actual time=0.021..0.021 rows=0 loops=7013)
                     Index Cond: (ca_address_sk = customer.c_current_addr_sk)
                     Filter: (ca_state = 'ID'::bpchar)
                     Rows Removed by Filter: 1
                     Buffers: shared hit=23629 read=4423
         ->  Hash  (cost=22.02..22.02 rows=402 width=15) (actual time=0.768..0.768 rows=402 loops=1)
               Buckets: 1024  Batches: 1  Memory Usage: 27kB
               Buffers: shared hit=18
               ->  Seq Scan on store  (cost=0.00..22.02 rows=402 width=15) (actual time=0.029..0.611 rows=402 loops=1)
                     Buffers: shared hit=18
 Planning:
   Buffers: shared hit=460
 Planning Time: 4.763 ms
 Execution Time: 78580.858 ms
(54 rows)

