                                                                             QUERY PLAN                                                                              
---------------------------------------------------------------------------------------------------------------------------------------------------------------------
 Aggregate  (cost=9756515.25..9756515.26 rows=1 width=40) (actual time=89120.883..89120.888 rows=1 loops=1)
   Buffers: shared hit=3084768 read=5133028
   ->  Nested Loop  (cost=2571.50..9756515.24 rows=2 width=14) (actual time=24645.235..89120.830 rows=17 loops=1)
         Join Filter: ("substring"((customer_address.ca_zip)::text, 1, 5) <> "substring"((store.s_zip)::text, 1, 5))
         Rows Removed by Join Filter: 2
         Buffers: shared hit=3084768 read=5133028
         ->  Nested Loop  (cost=2571.36..9756503.75 rows=2 width=29) (actual time=24645.205..89120.509 rows=19 loops=1)
               Buffers: shared hit=3084730 read=5133028
               ->  Nested Loop  (cost=2570.94..9756228.87 rows=36 width=25) (actual time=23902.949..89092.848 rows=955 loops=1)
                     Buffers: shared hit=3081689 read=5132249
                     ->  Nested Loop  (cost=2570.51..9742918.18 rows=1740 width=18) (actual time=23790.272..87453.186 rows=67447 loops=1)
                           Buffers: shared hit=2819898 read=5124252
                           ->  Hash Join  (cost=2570.08..9608471.12 rows=17574 width=18) (actual time=23790.157..70566.042 rows=702696 loops=1)
                                 Hash Cond: (store_sales.ss_sold_date_sk = date_dim.d_date_sk)
                                 Buffers: shared hit=43025 read=5124001
                                 ->  Seq Scan on store_sales  (cost=0.00..9485539.52 rows=45849467 width=22) (actual time=0.060..67531.355 rows=46160898 loops=1)
                                       Filter: ((ss_wholesale_cost >= '80'::numeric) AND (ss_wholesale_cost <= '100'::numeric))
                                       Rows Removed by Filter: 241836126
                                       Buffers: shared hit=41771 read=5123781
                                 ->  Hash  (cost=2569.73..2569.73 rows=28 width=4) (actual time=20.558..20.558 rows=29 loops=1)
                                       Buckets: 1024  Batches: 1  Memory Usage: 10kB
                                       Buffers: shared hit=1254 read=220
                                       ->  Seq Scan on date_dim  (cost=0.00..2569.73 rows=28 width=4) (actual time=11.791..20.546 rows=29 loops=1)
                                             Filter: ((d_year = 2000) AND (d_moy = 2))
                                             Rows Removed by Filter: 73020
                                             Buffers: shared hit=1254 read=220
                           ->  Index Scan using customer_pkey on customer  (cost=0.43..7.65 rows=1 width=8) (actual time=0.024..0.024 rows=0 loops=702696)
                                 Index Cond: (c_customer_sk = store_sales.ss_customer_sk)
                                 Filter: (c_birth_month = 1)
                                 Rows Removed by Filter: 1
                                 Buffers: shared hit=2776873 read=251
                     ->  Index Scan using customer_address_pkey on customer_address  (cost=0.42..7.65 rows=1 width=15) (actual time=0.024..0.024 rows=0 loops=67447)
                           Index Cond: (ca_address_sk = customer.c_current_addr_sk)
                           Filter: (ca_state = 'WI'::bpchar)
                           Rows Removed by Filter: 1
                           Buffers: shared hit=261791 read=7997
               ->  Index Scan using item_pkey on item  (cost=0.42..7.64 rows=1 width=12) (actual time=0.028..0.028 rows=0 loops=955)
                     Index Cond: (i_item_sk = store_sales.ss_item_sk)
                     Filter: (i_category = 'Jewelry'::bpchar)
                     Rows Removed by Filter: 1
                     Buffers: shared hit=3041 read=779
         ->  Index Scan using store_pkey on store  (cost=0.15..5.72 rows=1 width=15) (actual time=0.010..0.010 rows=1 loops=19)
               Index Cond: (s_store_sk = store_sales.ss_store_sk)
               Buffers: shared hit=38
 Planning:
   Buffers: shared hit=421 read=39
 Planning Time: 4.555 ms
 Execution Time: 89121.332 ms
(48 rows)

