                                                                            QUERY PLAN                                                                            
------------------------------------------------------------------------------------------------------------------------------------------------------------------
 Aggregate  (cost=9646016.08..9646016.09 rows=1 width=40) (actual time=70013.652..70013.658 rows=1 loops=1)
   Buffers: shared hit=376163 read=5148345
   ->  Hash Join  (cost=19838.82..9646016.04 rows=5 width=14) (actual time=4003.954..70013.486 rows=99 loops=1)
         Hash Cond: (store_sales.ss_store_sk = store.s_store_sk)
         Join Filter: ("substring"((customer_address.ca_zip)::text, 1, 5) <> "substring"((store.s_zip)::text, 1, 5))
         Buffers: shared hit=376163 read=5148345
         ->  Nested Loop  (cost=19811.78..9645988.99 rows=5 width=29) (actual time=4002.669..70011.892 rows=99 loops=1)
               Buffers: shared hit=376145 read=5148345
               ->  Nested Loop  (cost=19811.35..9644673.02 rows=172 width=22) (actual time=3976.672..69922.422 rows=5476 loops=1)
                     Buffers: shared hit=355238 read=5147348
                     ->  Hash Join  (cost=19810.92..9625761.39 rows=2472 width=22) (actual time=3976.253..68690.282 rows=81241 loops=1)
                           Hash Cond: (store_sales.ss_item_sk = item.i_item_sk)
                           Buffers: shared hit=34042 read=5147340
                           ->  Hash Join  (cost=2570.11..9608471.14 rows=18830 width=18) (actual time=3843.359..68429.246 rows=763364 loops=1)
                                 Hash Cond: (store_sales.ss_sold_date_sk = date_dim.d_date_sk)
                                 Buffers: shared hit=33948 read=5133078
                                 ->  Seq Scan on store_sales  (cost=0.00..9485539.52 rows=45849467 width=22) (actual time=0.048..65479.760 rows=46160898 loops=1)
                                       Filter: ((ss_wholesale_cost >= '80'::numeric) AND (ss_wholesale_cost <= '100'::numeric))
                                       Rows Removed by Filter: 241836126
                                       Buffers: shared hit=33339 read=5132213
                                 ->  Hash  (cost=2569.73..2569.73 rows=30 width=4) (actual time=22.935..22.935 rows=31 loops=1)
                                       Buckets: 1024  Batches: 1  Memory Usage: 10kB
                                       Buffers: shared hit=609 read=865
                                       ->  Seq Scan on date_dim  (cost=0.00..2569.73 rows=30 width=4) (actual time=12.818..22.920 rows=31 loops=1)
                                             Filter: ((d_year = 1998) AND (d_moy = 5))
                                             Rows Removed by Filter: 73018
                                             Buffers: shared hit=609 read=865
                           ->  Hash  (cost=16906.00..16906.00 rows=26785 width=12) (actual time=132.758..132.759 rows=26695 loops=1)
                                 Buckets: 32768  Batches: 1  Memory Usage: 1403kB
                                 Buffers: shared hit=94 read=14262
                                 ->  Seq Scan on item  (cost=0.00..16906.00 rows=26785 width=12) (actual time=0.014..127.320 rows=26695 loops=1)
                                       Filter: (i_category = 'Children'::bpchar)
                                       Rows Removed by Filter: 177305
                                       Buffers: shared hit=94 read=14262
                     ->  Index Scan using customer_pkey on customer  (cost=0.43..7.65 rows=1 width=8) (actual time=0.015..0.015 rows=0 loops=81241)
                           Index Cond: (c_customer_sk = store_sales.ss_customer_sk)
                           Filter: (c_birth_month = 12)
                           Rows Removed by Filter: 1
                           Buffers: shared hit=321196 read=8
               ->  Index Scan using customer_address_pkey on customer_address  (cost=0.42..7.65 rows=1 width=15) (actual time=0.016..0.016 rows=0 loops=5476)
                     Index Cond: (ca_address_sk = customer.c_current_addr_sk)
                     Filter: (ca_state = 'MN'::bpchar)
                     Rows Removed by Filter: 1
                     Buffers: shared hit=20907 read=997
         ->  Hash  (cost=22.02..22.02 rows=402 width=15) (actual time=1.226..1.227 rows=402 loops=1)
               Buckets: 1024  Batches: 1  Memory Usage: 27kB
               Buffers: shared hit=18
               ->  Seq Scan on store  (cost=0.00..22.02 rows=402 width=15) (actual time=0.042..0.961 rows=402 loops=1)
                     Buffers: shared hit=18
 Planning:
   Buffers: shared hit=460
 Planning Time: 5.567 ms
 Execution Time: 70014.296 ms
(53 rows)

