                                                                            QUERY PLAN                                                                            
------------------------------------------------------------------------------------------------------------------------------------------------------------------
 Aggregate  (cost=9650300.67..9650300.68 rows=1 width=40) (actual time=72466.069..72466.074 rows=1 loops=1)
   Buffers: shared hit=640289 read=5132031
   ->  Hash Join  (cost=19922.97..9650300.63 rows=5 width=14) (actual time=53827.380..72465.917 rows=90 loops=1)
         Hash Cond: (store_sales.ss_store_sk = store.s_store_sk)
         Join Filter: ("substring"((customer_address.ca_zip)::text, 1, 5) <> "substring"((store.s_zip)::text, 1, 5))
         Rows Removed by Join Filter: 3
         Buffers: shared hit=640289 read=5132031
         ->  Nested Loop  (cost=19895.93..9650273.57 rows=5 width=29) (actual time=53826.555..72464.788 rows=93 loops=1)
               Buffers: shared hit=640271 read=5132031
               ->  Nested Loop  (cost=19895.50..9649515.69 rows=99 width=22) (actual time=53742.853..72355.704 rows=4817 loops=1)
                     Buffers: shared hit=621875 read=5131159
                     ->  Hash Join  (cost=19895.07..9625845.54 rows=3094 width=22) (actual time=53739.942..69448.151 rows=144659 loops=1)
                           Hash Cond: (store_sales.ss_item_sk = item.i_item_sk)
                           Buffers: shared hit=50234 read=5131148
                           ->  Hash Join  (cost=2570.11..9608471.14 rows=18830 width=18) (actual time=53641.552..69211.993 rows=606994 loops=1)
                                 Hash Cond: (store_sales.ss_sold_date_sk = date_dim.d_date_sk)
                                 Buffers: shared hit=36100 read=5130926
                                 ->  Seq Scan on store_sales  (cost=0.00..9485539.52 rows=45849467 width=22) (actual time=0.048..66258.104 rows=46160898 loops=1)
                                       Filter: ((ss_wholesale_cost >= '80'::numeric) AND (ss_wholesale_cost <= '100'::numeric))
                                       Rows Removed by Filter: 241836126
                                       Buffers: shared hit=34626 read=5130926
                                 ->  Hash  (cost=2569.73..2569.73 rows=30 width=4) (actual time=19.076..19.077 rows=30 loops=1)
                                       Buckets: 1024  Batches: 1  Memory Usage: 10kB
                                       Buffers: shared hit=1474
                                       ->  Seq Scan on date_dim  (cost=0.00..2569.73 rows=30 width=4) (actual time=11.300..19.061 rows=30 loops=1)
                                             Filter: ((d_year = 2002) AND (d_moy = 6))
                                             Rows Removed by Filter: 73019
                                             Buffers: shared hit=1474
                           ->  Hash  (cost=16906.00..16906.00 rows=33517 width=12) (actual time=98.149..98.150 rows=33627 loops=1)
                                 Buckets: 65536  Batches: 1  Memory Usage: 1957kB
                                 Buffers: shared hit=14134 read=222
                                 ->  Seq Scan on item  (cost=0.00..16906.00 rows=33517 width=12) (actual time=0.023..93.226 rows=33627 loops=1)
                                       Filter: (i_category = 'Shoes'::bpchar)
                                       Rows Removed by Filter: 170373
                                       Buffers: shared hit=14134 read=222
                     ->  Index Scan using customer_pkey on customer  (cost=0.43..7.65 rows=1 width=8) (actual time=0.020..0.020 rows=0 loops=144659)
                           Index Cond: (c_customer_sk = store_sales.ss_customer_sk)
                           Filter: (c_birth_month = 6)
                           Rows Removed by Filter: 1
                           Buffers: shared hit=571641 read=11
               ->  Index Scan using customer_address_pkey on customer_address  (cost=0.42..7.66 rows=1 width=15) (actual time=0.022..0.022 rows=0 loops=4817)
                     Index Cond: (ca_address_sk = customer.c_current_addr_sk)
                     Filter: (ca_state = 'GA'::bpchar)
                     Rows Removed by Filter: 1
                     Buffers: shared hit=18396 read=872
         ->  Hash  (cost=22.02..22.02 rows=402 width=15) (actual time=0.792..0.793 rows=402 loops=1)
               Buckets: 1024  Batches: 1  Memory Usage: 27kB
               Buffers: shared hit=18
               ->  Seq Scan on store  (cost=0.00..22.02 rows=402 width=15) (actual time=0.030..0.631 rows=402 loops=1)
                     Buffers: shared hit=18
 Planning:
   Buffers: shared hit=460
 Planning Time: 5.212 ms
 Execution Time: 72466.624 ms
(54 rows)

