                                                                            QUERY PLAN                                                                            
------------------------------------------------------------------------------------------------------------------------------------------------------------------
 Aggregate  (cost=9799146.65..9799146.66 rows=1 width=40) (actual time=78430.063..78430.068 rows=1 loops=1)
   Buffers: shared hit=153497 read=5132561
   ->  Hash Join  (cost=17046.40..9799146.56 rows=11 width=14) (actual time=1882.988..78429.981 rows=41 loops=1)
         Hash Cond: (store_sales.ss_store_sk = store.s_store_sk)
         Join Filter: ("substring"((customer_address.ca_zip)::text, 1, 5) <> "substring"((store.s_zip)::text, 1, 5))
         Buffers: shared hit=153497 read=5132561
         ->  Nested Loop  (cost=17019.36..9799119.49 rows=11 width=29) (actual time=1882.570..78429.425 rows=41 loops=1)
               Buffers: shared hit=153479 read=5132561
               ->  Nested Loop  (cost=17018.93..9798025.63 rows=143 width=22) (actual time=1853.823..78396.429 rows=2597 loops=1)
                     Buffers: shared hit=143467 read=5132185
                     ->  Nested Loop  (cost=17018.50..9788646.33 rows=1226 width=22) (actual time=1853.455..78159.348 rows=22632 loops=1)
                           Buffers: shared hit=53928 read=5132184
                           ->  Hash Join  (cost=17018.20..9693325.13 rows=3197559 width=26) (actual time=114.389..77670.439 rows=1572913 loops=1)
                                 Hash Cond: (store_sales.ss_item_sk = item.i_item_sk)
                                 Buffers: shared hit=47884 read=5132024
                                 ->  Seq Scan on store_sales  (cost=0.00..9485539.52 rows=72671789 width=22) (actual time=0.220..70892.982 rows=72375375 loops=1)
                                       Filter: ((ss_wholesale_cost >= '64'::numeric) AND (ss_wholesale_cost <= '84'::numeric))
                                       Rows Removed by Filter: 215621649
                                       Buffers: shared hit=33757 read=5131795
                                 ->  Hash  (cost=16906.00..16906.00 rows=8976 width=12) (actual time=114.012..114.013 rows=8826 loops=1)
                                       Buckets: 16384  Batches: 1  Memory Usage: 508kB
                                       Buffers: shared hit=14127 read=229
                                       ->  Seq Scan on item  (cost=0.00..16906.00 rows=8976 width=12) (actual time=0.027..112.328 rows=8826 loops=1)
                                             Filter: (i_category = 'Jewelry'::bpchar)
                                             Rows Removed by Filter: 195174
                                             Buffers: shared hit=14127 read=229
                           ->  Memoize  (cost=0.30..7.51 rows=1 width=4) (actual time=0.000..0.000 rows=0 loops=1572913)
                                 Cache Key: store_sales.ss_sold_date_sk
                                 Cache Mode: logical
                                 Hits: 1570844  Misses: 2069  Evictions: 0  Overflows: 0  Memory Usage: 139kB
                                 Buffers: shared hit=6044 read=160
                                 ->  Index Scan using date_dim_pkey on date_dim  (cost=0.29..7.50 rows=1 width=4) (actual time=0.015..0.015 rows=0 loops=2069)
                                       Index Cond: (d_date_sk = store_sales.ss_sold_date_sk)
                                       Filter: ((d_year = 1998) AND (d_moy = 2))
                                       Rows Removed by Filter: 1
                                       Buffers: shared hit=6044 read=160
                     ->  Index Scan using customer_pkey on customer  (cost=0.43..7.65 rows=1 width=8) (actual time=0.010..0.010 rows=0 loops=22632)
                           Index Cond: (c_customer_sk = store_sales.ss_customer_sk)
                           Filter: (c_birth_month = 8)
                           Rows Removed by Filter: 1
                           Buffers: shared hit=89539 read=1
               ->  Index Scan using customer_address_pkey on customer_address  (cost=0.42..7.65 rows=1 width=15) (actual time=0.012..0.012 rows=0 loops=2597)
                     Index Cond: (ca_address_sk = customer.c_current_addr_sk)
                     Filter: (ca_state = 'TX'::bpchar)
                     Rows Removed by Filter: 1
                     Buffers: shared hit=10012 read=376
         ->  Hash  (cost=22.02..22.02 rows=402 width=15) (actual time=0.400..0.401 rows=402 loops=1)
               Buckets: 1024  Batches: 1  Memory Usage: 27kB
               Buffers: shared hit=18
               ->  Seq Scan on store  (cost=0.00..22.02 rows=402 width=15) (actual time=0.016..0.325 rows=402 loops=1)
                     Buffers: shared hit=18
 Planning:
   Buffers: shared hit=460
 Planning Time: 2.317 ms
 Execution Time: 78430.418 ms
(55 rows)

