                                                                            QUERY PLAN                                                                            
------------------------------------------------------------------------------------------------------------------------------------------------------------------
 Aggregate  (cost=9620856.26..9620856.27 rows=1 width=40) (actual time=74860.432..74860.438 rows=1 loops=1)
   Buffers: shared hit=211479 read=5144893
   ->  Nested Loop  (cost=19688.69..9620856.24 rows=2 width=14) (actual time=20115.548..74860.298 rows=85 loops=1)
         Join Filter: ("substring"((customer_address.ca_zip)::text, 1, 5) <> "substring"((store.s_zip)::text, 1, 5))
         Buffers: shared hit=211479 read=5144893
         ->  Nested Loop  (cost=19688.27..9619805.14 rows=137 width=29) (actual time=20096.598..74818.007 rows=3909 loops=1)
               Buffers: shared hit=196693 read=5144043
               ->  Hash Join  (cost=19687.84..9609247.66 rows=1380 width=29) (actual time=20095.228..74410.411 rows=40019 loops=1)
                     Hash Cond: (store_sales.ss_item_sk = item.i_item_sk)
                     Buffers: shared hit=37577 read=5144027
                     ->  Nested Loop  (cost=2570.28..9592086.42 rows=16638 width=25) (actual time=19978.200..74158.104 rows=946285 loops=1)
                           Buffers: shared hit=36899 read=5130349
                           ->  Hash Join  (cost=2570.12..9591031.84 rows=16638 width=18) (actual time=19978.168..73870.338 rows=957824 loops=1)
                                 Hash Cond: (store_sales.ss_sold_date_sk = date_dim.d_date_sk)
                                 Buffers: shared hit=36677 read=5130349
                                 ->  Seq Scan on store_sales  (cost=0.00..9485539.52 rows=39206286 width=22) (actual time=0.157..71277.280 rows=39350281 loops=1)
                                       Filter: ((ss_wholesale_cost >= '30'::numeric) AND (ss_wholesale_cost <= '50'::numeric))
                                       Rows Removed by Filter: 248646743
                                       Buffers: shared hit=35330 read=5130222
                                 ->  Hash  (cost=2569.73..2569.73 rows=31 width=4) (actual time=20.985..20.986 rows=31 loops=1)
                                       Buckets: 1024  Batches: 1  Memory Usage: 10kB
                                       Buffers: shared hit=1347 read=127
                                       ->  Seq Scan on date_dim  (cost=0.00..2569.73 rows=31 width=4) (actual time=10.625..20.974 rows=31 loops=1)
                                             Filter: ((d_year = 1999) AND (d_moy = 8))
                                             Rows Removed by Filter: 73018
                                             Buffers: shared hit=1347 read=127
                           ->  Memoize  (cost=0.16..5.73 rows=1 width=15) (actual time=0.000..0.000 rows=1 loops=957824)
                                 Cache Key: store_sales.ss_store_sk
                                 Cache Mode: logical
                                 Hits: 957712  Misses: 112  Evictions: 0  Overflows: 0  Memory Usage: 13kB
                                 Buffers: shared hit=222
                                 ->  Index Scan using store_pkey on store  (cost=0.15..5.72 rows=1 width=15) (actual time=0.005..0.005 rows=1 loops=112)
                                       Index Cond: (s_store_sk = store_sales.ss_store_sk)
                                       Buffers: shared hit=222
                     ->  Hash  (cost=16906.00..16906.00 rows=16925 width=12) (actual time=116.741..116.741 rows=17141 loops=1)
                           Buckets: 32768  Batches: 1  Memory Usage: 993kB
                           Buffers: shared hit=678 read=13678
                           ->  Seq Scan on item  (cost=0.00..16906.00 rows=16925 width=12) (actual time=0.016..113.351 rows=17141 loops=1)
                                 Filter: (i_category = 'Home'::bpchar)
                                 Rows Removed by Filter: 186859
                                 Buffers: shared hit=678 read=13678
               ->  Index Scan using customer_pkey on customer  (cost=0.43..7.65 rows=1 width=8) (actual time=0.010..0.010 rows=0 loops=40019)
                     Index Cond: (c_customer_sk = store_sales.ss_customer_sk)
                     Filter: (c_birth_month = 1)
                     Rows Removed by Filter: 1
                     Buffers: shared hit=159116 read=16
         ->  Index Scan using customer_address_pkey on customer_address  (cost=0.42..7.65 rows=1 width=15) (actual time=0.010..0.010 rows=0 loops=3909)
               Index Cond: (ca_address_sk = customer.c_current_addr_sk)
               Filter: (ca_state = 'NY'::bpchar)
               Rows Removed by Filter: 1
               Buffers: shared hit=14786 read=850
 Planning:
   Buffers: shared hit=460
 Planning Time: 4.366 ms
 Execution Time: 74860.902 ms
(55 rows)

