                                                                            QUERY PLAN                                                                            
------------------------------------------------------------------------------------------------------------------------------------------------------------------
 Aggregate  (cost=9753970.97..9753970.98 rows=1 width=40) (actual time=82154.243..82154.249 rows=1 loops=1)
   Buffers: shared hit=1152794 read=5151914
   ->  Hash Join  (cost=19670.27..9753970.90 rows=9 width=14) (actual time=47291.079..82153.747 rows=527 loops=1)
         Hash Cond: (store_sales.ss_store_sk = store.s_store_sk)
         Join Filter: ("substring"((customer_address.ca_zip)::text, 1, 5) <> "substring"((store.s_zip)::text, 1, 5))
         Rows Removed by Join Filter: 10
         Buffers: shared hit=1152794 read=5151914
         ->  Nested Loop  (cost=19643.23..9753943.83 rows=9 width=29) (actual time=47290.220..82151.695 rows=539 loops=1)
               Buffers: shared hit=1152776 read=5151914
               ->  Nested Loop  (cost=19642.80..9752176.72 rows=231 width=22) (actual time=47274.735..81668.704 rows=24643 loops=1)
                     Buffers: shared hit=1061736 read=5144382
                     ->  Hash Join  (cost=19642.37..9734305.56 rows=2336 width=22) (actual time=47274.621..76840.151 rows=259287 loops=1)
                           Hash Cond: (store_sales.ss_item_sk = item.i_item_sk)
                           Buffers: shared hit=37232 read=5144150
                           ->  Hash Join  (cost=2570.11..9717139.25 rows=35830 width=18) (actual time=47164.287..76364.900 rows=2301832 loops=1)
                                 Hash Cond: (store_sales.ss_sold_date_sk = date_dim.d_date_sk)
                                 Buffers: shared hit=33277 read=5133749
                                 ->  Seq Scan on store_sales  (cost=0.00..9485539.52 rows=87244546 width=22) (actual time=0.218..70986.896 rows=86810744 loops=1)
                                       Filter: ((ss_wholesale_cost >= '65'::numeric) AND (ss_wholesale_cost <= '85'::numeric))
                                       Rows Removed by Filter: 201186280
                                       Buffers: shared hit=31930 read=5133622
                                 ->  Hash  (cost=2569.73..2569.73 rows=30 width=4) (actual time=23.108..23.109 rows=30 loops=1)
                                       Buckets: 1024  Batches: 1  Memory Usage: 10kB
                                       Buffers: shared hit=1347 read=127
                                       ->  Seq Scan on date_dim  (cost=0.00..2569.73 rows=30 width=4) (actual time=14.482..23.092 rows=30 loops=1)
                                             Filter: ((d_year = 2001) AND (d_moy = 6))
                                             Rows Removed by Filter: 73019
                                             Buffers: shared hit=1347 read=127
                           ->  Hash  (cost=16906.00..16906.00 rows=13301 width=12) (actual time=110.246..110.247 rows=13933 loops=1)
                                 Buckets: 16384  Batches: 1  Memory Usage: 727kB
                                 Buffers: shared hit=3955 read=10401
                                 ->  Seq Scan on item  (cost=0.00..16906.00 rows=13301 width=12) (actual time=0.015..107.647 rows=13933 loops=1)
                                       Filter: (i_category = 'Men'::bpchar)
                                       Rows Removed by Filter: 190067
                                       Buffers: shared hit=3955 read=10401
                     ->  Index Scan using customer_pkey on customer  (cost=0.43..7.65 rows=1 width=8) (actual time=0.018..0.018 rows=0 loops=259287)
                           Index Cond: (c_customer_sk = store_sales.ss_customer_sk)
                           Filter: (c_birth_month = 1)
                           Rows Removed by Filter: 1
                           Buffers: shared hit=1024504 read=232
               ->  Index Scan using customer_address_pkey on customer_address  (cost=0.42..7.65 rows=1 width=15) (actual time=0.019..0.019 rows=0 loops=24643)
                     Index Cond: (ca_address_sk = customer.c_current_addr_sk)
                     Filter: (ca_state = 'KY'::bpchar)
                     Rows Removed by Filter: 1
                     Buffers: shared hit=91040 read=7532
         ->  Hash  (cost=22.02..22.02 rows=402 width=15) (actual time=0.828..0.829 rows=402 loops=1)
               Buckets: 1024  Batches: 1  Memory Usage: 27kB
               Buffers: shared hit=18
               ->  Seq Scan on store  (cost=0.00..22.02 rows=402 width=15) (actual time=0.028..0.652 rows=402 loops=1)
                     Buffers: shared hit=18
 Planning:
   Buffers: shared hit=460
 Planning Time: 4.605 ms
 Execution Time: 82154.741 ms
(54 rows)

