                                                                            QUERY PLAN                                                                            
------------------------------------------------------------------------------------------------------------------------------------------------------------------
 Aggregate  (cost=9681139.75..9681139.76 rows=1 width=40) (actual time=71446.061..71446.066 rows=1 loops=1)
   Buffers: shared hit=192248 read=5127898
   ->  Nested Loop  (cost=19811.92..9681139.72 rows=4 width=14) (actual time=8656.207..71446.035 rows=12 loops=1)
         Join Filter: ("substring"((customer_address.ca_zip)::text, 1, 5) <> "substring"((store.s_zip)::text, 1, 5))
         Buffers: shared hit=192248 read=5127898
         ->  Nested Loop  (cost=19811.78..9681116.75 rows=4 width=29) (actual time=8656.187..71445.567 rows=12 loops=1)
               Buffers: shared hit=192224 read=5127898
               ->  Nested Loop  (cost=19811.35..9680175.33 rows=123 width=22) (actual time=8569.755..71416.818 rows=1336 loops=1)
                     Buffers: shared hit=187326 read=5127452
                     ->  Hash Join  (cost=19810.92..9656444.00 rows=3102 width=22) (actual time=8569.127..70864.096 rows=33755 loops=1)
                           Hash Cond: (store_sales.ss_item_sk = item.i_item_sk)
                           Buffers: shared hit=53960 read=5127422
                           ->  Hash Join  (cost=2570.11..9639141.16 rows=23628 width=18) (actual time=8461.637..70707.233 rows=316787 loops=1)
                                 Hash Cond: (store_sales.ss_sold_date_sk = date_dim.d_date_sk)
                                 Buffers: shared hit=39868 read=5127158
                                 ->  Seq Scan on store_sales  (cost=0.00..9485539.52 rows=57532634 width=22) (actual time=0.278..67228.581 rows=57752041 loops=1)
                                       Filter: ((ss_wholesale_cost >= '77'::numeric) AND (ss_wholesale_cost <= '97'::numeric))
                                       Rows Removed by Filter: 230244983
                                       Buffers: shared hit=38521 read=5127031
                                 ->  Hash  (cost=2569.73..2569.73 rows=30 width=4) (actual time=15.969..15.970 rows=30 loops=1)
                                       Buckets: 1024  Batches: 1  Memory Usage: 10kB
                                       Buffers: shared hit=1347 read=127
                                       ->  Seq Scan on date_dim  (cost=0.00..2569.73 rows=30 width=4) (actual time=8.106..15.961 rows=30 loops=1)
                                             Filter: ((d_year = 1998) AND (d_moy = 9))
                                             Rows Removed by Filter: 73019
                                             Buffers: shared hit=1347 read=127
                           ->  Hash  (cost=16906.00..16906.00 rows=26785 width=12) (actual time=107.334..107.334 rows=26695 loops=1)
                                 Buckets: 32768  Batches: 1  Memory Usage: 1403kB
                                 Buffers: shared hit=14092 read=264
                                 ->  Seq Scan on item  (cost=0.00..16906.00 rows=26785 width=12) (actual time=0.015..103.304 rows=26695 loops=1)
                                       Filter: (i_category = 'Children'::bpchar)
                                       Rows Removed by Filter: 177305
                                       Buffers: shared hit=14092 read=264
                     ->  Index Scan using customer_pkey on customer  (cost=0.43..7.65 rows=1 width=8) (actual time=0.016..0.016 rows=0 loops=33755)
                           Index Cond: (c_customer_sk = store_sales.ss_customer_sk)
                           Filter: (c_birth_month = 9)
                           Rows Removed by Filter: 1
                           Buffers: shared hit=133366 read=30
               ->  Index Scan using customer_address_pkey on customer_address  (cost=0.42..7.65 rows=1 width=15) (actual time=0.021..0.021 rows=0 loops=1336)
                     Index Cond: (ca_address_sk = customer.c_current_addr_sk)
                     Filter: (ca_state = 'KS'::bpchar)
                     Rows Removed by Filter: 1
                     Buffers: shared hit=4898 read=446
         ->  Index Scan using store_pkey on store  (cost=0.15..5.72 rows=1 width=15) (actual time=0.034..0.034 rows=1 loops=12)
               Index Cond: (s_store_sk = store_sales.ss_store_sk)
               Buffers: shared hit=24
 Planning:
   Buffers: shared hit=460
 Planning Time: 2.997 ms
 Execution Time: 71446.393 ms
(50 rows)

