                                                                            QUERY PLAN                                                                            
------------------------------------------------------------------------------------------------------------------------------------------------------------------
 Aggregate  (cost=9697940.52..9697940.53 rows=1 width=40) (actual time=77907.139..77907.145 rows=1 loops=1)
   Buffers: shared hit=818824 read=5130840
   ->  Hash Join  (cost=19838.83..9697940.45 rows=9 width=14) (actual time=63396.075..77906.949 rows=112 loops=1)
         Hash Cond: (store_sales.ss_store_sk = store.s_store_sk)
         Join Filter: ("substring"((customer_address.ca_zip)::text, 1, 5) <> "substring"((store.s_zip)::text, 1, 5))
         Rows Removed by Join Filter: 1
         Buffers: shared hit=818824 read=5130840
         ->  Nested Loop  (cost=19811.79..9697913.38 rows=9 width=29) (actual time=63395.487..77906.003 rows=114 loops=1)
               Buffers: shared hit=818806 read=5130840
               ->  Nested Loop  (cost=19811.36..9697055.98 rows=112 width=22) (actual time=63388.369..77761.084 rows=6323 loops=1)
                     Buffers: shared hit=795737 read=5128617
                     ->  Hash Join  (cost=19810.93..9670287.47 rows=3499 width=22) (actual time=63388.014..74316.318 rows=188039 loops=1)
                           Hash Cond: (store_sales.ss_item_sk = item.i_item_sk)
                           Buffers: shared hit=53027 read=5128355
                           ->  Hash Join  (cost=2570.12..9652976.70 rows=26652 width=18) (actual time=63287.137..73975.585 rows=1270233 loops=1)
                                 Hash Cond: (store_sales.ss_sold_date_sk = date_dim.d_date_sk)
                                 Buffers: shared hit=38885 read=5128141
                                 ->  Seq Scan on store_sales  (cost=0.00..9485539.52 rows=62803017 width=22) (actual time=1.500..70042.274 rows=62389486 loops=1)
                                       Filter: ((ss_wholesale_cost >= '69'::numeric) AND (ss_wholesale_cost <= '89'::numeric))
                                       Rows Removed by Filter: 225607538
                                       Buffers: shared hit=37538 read=5128014
                                 ->  Hash  (cost=2569.73..2569.73 rows=31 width=4) (actual time=21.367..21.369 rows=31 loops=1)
                                       Buckets: 1024  Batches: 1  Memory Usage: 10kB
                                       Buffers: shared hit=1347 read=127
                                       ->  Seq Scan on date_dim  (cost=0.00..2569.73 rows=31 width=4) (actual time=10.697..21.352 rows=31 loops=1)
                                             Filter: ((d_year = 2002) AND (d_moy = 10))
                                             Rows Removed by Filter: 73018
                                             Buffers: shared hit=1347 read=127
                           ->  Hash  (cost=16906.00..16906.00 rows=26785 width=12) (actual time=100.722..100.723 rows=26695 loops=1)
                                 Buckets: 32768  Batches: 1  Memory Usage: 1403kB
                                 Buffers: shared hit=14142 read=214
                                 ->  Seq Scan on item  (cost=0.00..16906.00 rows=26785 width=12) (actual time=0.015..96.880 rows=26695 loops=1)
                                       Filter: (i_category = 'Children'::bpchar)
                                       Rows Removed by Filter: 177305
                                       Buffers: shared hit=14142 read=214
                     ->  Index Scan using customer_pkey on customer  (cost=0.43..7.65 rows=1 width=8) (actual time=0.018..0.018 rows=0 loops=188039)
                           Index Cond: (c_customer_sk = store_sales.ss_customer_sk)
                           Filter: (c_birth_month = 6)
                           Rows Removed by Filter: 1
                           Buffers: shared hit=742710 read=262
               ->  Index Scan using customer_address_pkey on customer_address  (cost=0.42..7.66 rows=1 width=15) (actual time=0.023..0.023 rows=0 loops=6323)
                     Index Cond: (ca_address_sk = customer.c_current_addr_sk)
                     Filter: (ca_state = 'TX'::bpchar)
                     Rows Removed by Filter: 1
                     Buffers: shared hit=23069 read=2223
         ->  Hash  (cost=22.02..22.02 rows=402 width=15) (actual time=0.561..0.562 rows=402 loops=1)
               Buckets: 1024  Batches: 1  Memory Usage: 27kB
               Buffers: shared hit=18
               ->  Seq Scan on store  (cost=0.00..22.02 rows=402 width=15) (actual time=0.021..0.455 rows=402 loops=1)
                     Buffers: shared hit=18
 Planning:
   Buffers: shared hit=460
 Planning Time: 4.739 ms
 Execution Time: 77907.532 ms
(54 rows)

