                                                                            QUERY PLAN                                                                            
------------------------------------------------------------------------------------------------------------------------------------------------------------------
 Aggregate  (cost=9695733.27..9695733.28 rows=1 width=40) (actual time=74110.559..74110.565 rows=1 loops=1)
   Buffers: shared hit=628763 read=5128187
   ->  Nested Loop  (cost=20007.26..9695733.24 rows=4 width=14) (actual time=54595.772..74110.426 rows=93 loops=1)
         Join Filter: ("substring"((customer_address.ca_zip)::text, 1, 5) <> "substring"((store.s_zip)::text, 1, 5))
         Rows Removed by Join Filter: 1
         Buffers: shared hit=628763 read=5128187
         ->  Nested Loop  (cost=20007.11..9695710.27 rows=4 width=29) (actual time=54595.174..74108.902 rows=96 loops=1)
               Buffers: shared hit=628576 read=5128186
               ->  Nested Loop  (cost=20006.69..9694217.77 rows=195 width=22) (actual time=54528.304..73989.587 rows=5410 loops=1)
                     Buffers: shared hit=609708 read=5125414
                     ->  Hash Join  (cost=20006.26..9656639.33 rows=4912 width=22) (actual time=54523.755..71325.494 rows=140082 loops=1)
                           Hash Cond: (store_sales.ss_item_sk = item.i_item_sk)
                           Buffers: shared hit=56326 read=5125056
                           ->  Hash Join  (cost=2570.11..9639141.16 rows=23628 width=18) (actual time=54406.038..71059.044 rows=713916 loops=1)
                                 Hash Cond: (store_sales.ss_sold_date_sk = date_dim.d_date_sk)
                                 Buffers: shared hit=42184 read=5124842
                                 ->  Seq Scan on store_sales  (cost=0.00..9485539.52 rows=57532634 width=22) (actual time=0.311..67473.207 rows=57752041 loops=1)
                                       Filter: ((ss_wholesale_cost >= '76'::numeric) AND (ss_wholesale_cost <= '96'::numeric))
                                       Rows Removed by Filter: 230244983
                                       Buffers: shared hit=40837 read=5124715
                                 ->  Hash  (cost=2569.73..2569.73 rows=30 width=4) (actual time=21.031..21.032 rows=31 loops=1)
                                       Buckets: 1024  Batches: 1  Memory Usage: 10kB
                                       Buffers: shared hit=1347 read=127
                                       ->  Seq Scan on date_dim  (cost=0.00..2569.73 rows=30 width=4) (actual time=11.453..21.014 rows=31 loops=1)
                                             Filter: ((d_year = 2002) AND (d_moy = 5))
                                             Rows Removed by Filter: 73018
                                             Buffers: shared hit=1347 read=127
                           ->  Hash  (cost=16906.00..16906.00 rows=42412 width=12) (actual time=117.478..117.479 rows=42041 loops=1)
                                 Buckets: 65536  Batches: 1  Memory Usage: 2319kB
                                 Buffers: shared hit=14142 read=214
                                 ->  Seq Scan on item  (cost=0.00..16906.00 rows=42412 width=12) (actual time=0.015..110.625 rows=42041 loops=1)
                                       Filter: (i_category = 'Electronics'::bpchar)
                                       Rows Removed by Filter: 161959
                                       Buffers: shared hit=14142 read=214
                     ->  Index Scan using customer_pkey on customer  (cost=0.43..7.65 rows=1 width=8) (actual time=0.019..0.019 rows=0 loops=140082)
                           Index Cond: (c_customer_sk = store_sales.ss_customer_sk)
                           Filter: (c_birth_month = 9)
                           Rows Removed by Filter: 1
                           Buffers: shared hit=553382 read=358
               ->  Index Scan using customer_address_pkey on customer_address  (cost=0.42..7.65 rows=1 width=15) (actual time=0.022..0.022 rows=0 loops=5410)
                     Index Cond: (ca_address_sk = customer.c_current_addr_sk)
                     Filter: (ca_state = 'WI'::bpchar)
                     Rows Removed by Filter: 1
                     Buffers: shared hit=18868 read=2772
         ->  Index Scan using store_pkey on store  (cost=0.15..5.72 rows=1 width=15) (actual time=0.012..0.012 rows=1 loops=96)
               Index Cond: (s_store_sk = store_sales.ss_store_sk)
               Buffers: shared hit=187 read=1
 Planning:
   Buffers: shared hit=460
 Planning Time: 4.464 ms
 Execution Time: 74111.050 ms
(51 rows)

