                                                                            QUERY PLAN                                                                            
------------------------------------------------------------------------------------------------------------------------------------------------------------------
 Aggregate  (cost=9769277.90..9769277.91 rows=1 width=40) (actual time=79008.076..79008.084 rows=1 loops=1)
   Buffers: shared hit=612571 read=5132841
   ->  Hash Join  (cost=19817.13..9769277.86 rows=5 width=14) (actual time=10209.300..79007.880 rows=193 loops=1)
         Hash Cond: (store_sales.ss_store_sk = store.s_store_sk)
         Join Filter: ("substring"((customer_address.ca_zip)::text, 1, 5) <> "substring"((store.s_zip)::text, 1, 5))
         Rows Removed by Join Filter: 2
         Buffers: shared hit=612571 read=5132841
         ->  Nested Loop  (cost=19790.09..9769250.81 rows=5 width=29) (actual time=10208.802..79006.955 rows=195 loops=1)
               Buffers: shared hit=612553 read=5132841
               ->  Nested Loop  (cost=19789.66..9766986.13 rows=296 width=22) (actual time=10160.576..78833.072 rows=9116 loops=1)
                     Buffers: shared hit=580008 read=5128922
                     ->  Hash Join  (cost=19789.24..9734449.29 rows=4253 width=22) (actual time=10160.006..76515.480 rows=133417 loops=1)
                           Hash Cond: (store_sales.ss_item_sk = item.i_item_sk)
                           Buffers: shared hit=52889 read=5128493
                           ->  Hash Join  (cost=2570.10..9717139.23 rows=34636 width=18) (actual time=10058.040..76197.651 rows=1513748 loops=1)
                                 Hash Cond: (store_sales.ss_sold_date_sk = date_dim.d_date_sk)
                                 Buffers: shared hit=38743 read=5128283
                                 ->  Seq Scan on store_sales  (cost=0.00..9485539.52 rows=87244546 width=22) (actual time=0.109..70988.141 rows=86810744 loops=1)
                                       Filter: ((ss_wholesale_cost >= '68'::numeric) AND (ss_wholesale_cost <= '88'::numeric))
                                       Rows Removed by Filter: 201186280
                                       Buffers: shared hit=37396 read=5128156
                                 ->  Hash  (cost=2569.73..2569.73 rows=29 width=4) (actual time=20.570..20.571 rows=30 loops=1)
                                       Buckets: 1024  Batches: 1  Memory Usage: 10kB
                                       Buffers: shared hit=1347 read=127
                                       ->  Seq Scan on date_dim  (cost=0.00..2569.73 rows=29 width=4) (actual time=9.983..20.559 rows=30 loops=1)
                                             Filter: ((d_year = 1998) AND (d_moy = 11))
                                             Rows Removed by Filter: 73019
                                             Buffers: shared hit=1347 read=127
                           ->  Hash  (cost=16906.00..16906.00 rows=25051 width=12) (actual time=101.803..101.804 rows=24688 loops=1)
                                 Buckets: 32768  Batches: 1  Memory Usage: 1317kB
                                 Buffers: shared hit=14146 read=210
                                 ->  Seq Scan on item  (cost=0.00..16906.00 rows=25051 width=12) (actual time=0.015..98.223 rows=24688 loops=1)
                                       Filter: (i_category = 'Books'::bpchar)
                                       Rows Removed by Filter: 179312
                                       Buffers: shared hit=14146 read=210
                     ->  Index Scan using customer_pkey on customer  (cost=0.43..7.65 rows=1 width=8) (actual time=0.017..0.017 rows=0 loops=133417)
                           Index Cond: (c_customer_sk = store_sales.ss_customer_sk)
                           Filter: (c_birth_month = 12)
                           Rows Removed by Filter: 1
                           Buffers: shared hit=527119 read=429
               ->  Index Scan using customer_address_pkey on customer_address  (cost=0.42..7.65 rows=1 width=15) (actual time=0.019..0.019 rows=0 loops=9116)
                     Index Cond: (ca_address_sk = customer.c_current_addr_sk)
                     Filter: (ca_state = 'ND'::bpchar)
                     Rows Removed by Filter: 1
                     Buffers: shared hit=32545 read=3919
         ->  Hash  (cost=22.02..22.02 rows=402 width=15) (actual time=0.475..0.475 rows=402 loops=1)
               Buckets: 1024  Batches: 1  Memory Usage: 27kB
               Buffers: shared hit=18
               ->  Seq Scan on store  (cost=0.00..22.02 rows=402 width=15) (actual time=0.021..0.392 rows=402 loops=1)
                     Buffers: shared hit=18
 Planning:
   Buffers: shared hit=460
 Planning Time: 3.064 ms
 Execution Time: 79008.444 ms
(54 rows)

