                                                                            QUERY PLAN                                                                            
------------------------------------------------------------------------------------------------------------------------------------------------------------------
 Aggregate  (cost=9634201.75..9634201.76 rows=1 width=40) (actual time=77741.905..77741.912 rows=1 loops=1)
   Buffers: shared hit=487925 read=5134483
   ->  Hash Join  (cost=19922.98..9634201.65 rows=13 width=14) (actual time=56458.404..77741.708 rows=237 loops=1)
         Hash Cond: (store_sales.ss_store_sk = store.s_store_sk)
         Join Filter: ("substring"((customer_address.ca_zip)::text, 1, 5) <> "substring"((store.s_zip)::text, 1, 5))
         Rows Removed by Join Filter: 3
         Buffers: shared hit=487925 read=5134483
         ->  Nested Loop  (cost=19895.94..9634174.57 rows=13 width=29) (actual time=56457.538..77740.324 rows=241 loops=1)
               Buffers: shared hit=487907 read=5134483
               ->  Nested Loop  (cost=19895.51..9631680.87 rows=326 width=22) (actual time=56452.793..77498.501 rows=11519 loops=1)
                     Buffers: shared hit=447901 read=5128413
                     ->  Hash Join  (cost=19895.08..9610367.02 rows=2786 width=22) (actual time=56452.522..75672.930 rows=99931 loops=1)
                           Hash Cond: (store_sales.ss_item_sk = item.i_item_sk)
                           Buffers: shared hit=54217 read=5127165
                           ->  Hash Join  (cost=2570.12..9592997.55 rows=16956 width=18) (actual time=56339.660..75472.499 rows=416876 loops=1)
                                 Hash Cond: (store_sales.ss_sold_date_sk = date_dim.d_date_sk)
                                 Buffers: shared hit=40109 read=5126917
                                 ->  Seq Scan on store_sales  (cost=0.00..9485539.52 rows=39955084 width=22) (actual time=0.824..72836.470 rows=40694154 loops=1)
                                       Filter: ((ss_wholesale_cost >= '7'::numeric) AND (ss_wholesale_cost <= '27'::numeric))
                                       Rows Removed by Filter: 247302870
                                       Buffers: shared hit=38762 read=5126790
                                 ->  Hash  (cost=2569.73..2569.73 rows=31 width=4) (actual time=20.011..20.012 rows=31 loops=1)
                                       Buckets: 1024  Batches: 1  Memory Usage: 10kB
                                       Buffers: shared hit=1347 read=127
                                       ->  Seq Scan on date_dim  (cost=0.00..2569.73 rows=31 width=4) (actual time=11.447..19.995 rows=31 loops=1)
                                             Filter: ((d_year = 2002) AND (d_moy = 3))
                                             Rows Removed by Filter: 73018
                                             Buffers: shared hit=1347 read=127
                           ->  Hash  (cost=16906.00..16906.00 rows=33517 width=12) (actual time=112.622..112.622 rows=33627 loops=1)
                                 Buckets: 65536  Batches: 1  Memory Usage: 1957kB
                                 Buffers: shared hit=14108 read=248
                                 ->  Seq Scan on item  (cost=0.00..16906.00 rows=33517 width=12) (actual time=0.018..106.044 rows=33627 loops=1)
                                       Filter: (i_category = 'Shoes'::bpchar)
                                       Rows Removed by Filter: 170373
                                       Buffers: shared hit=14108 read=248
                     ->  Index Scan using customer_pkey on customer  (cost=0.43..7.65 rows=1 width=8) (actual time=0.018..0.018 rows=0 loops=99931)
                           Index Cond: (c_customer_sk = store_sales.ss_customer_sk)
                           Filter: (c_birth_month = 8)
                           Rows Removed by Filter: 1
                           Buffers: shared hit=393684 read=1248
               ->  Index Scan using customer_address_pkey on customer_address  (cost=0.42..7.65 rows=1 width=15) (actual time=0.021..0.021 rows=0 loops=11519)
                     Index Cond: (ca_address_sk = customer.c_current_addr_sk)
                     Filter: (ca_state = 'KY'::bpchar)
                     Rows Removed by Filter: 1
                     Buffers: shared hit=40006 read=6070
         ->  Hash  (cost=22.02..22.02 rows=402 width=15) (actual time=0.816..0.817 rows=402 loops=1)
               Buckets: 1024  Batches: 1  Memory Usage: 27kB
               Buffers: shared hit=18
               ->  Seq Scan on store  (cost=0.00..22.02 rows=402 width=15) (actual time=0.037..0.656 rows=402 loops=1)
                     Buffers: shared hit=18
 Planning:
   Buffers: shared hit=460
 Planning Time: 4.782 ms
 Execution Time: 77742.461 ms
(54 rows)

