                                                                            QUERY PLAN                                                                            
------------------------------------------------------------------------------------------------------------------------------------------------------------------
 Aggregate  (cost=9773276.49..9773276.50 rows=1 width=40) (actual time=77906.832..77906.839 rows=1 loops=1)
   Buffers: shared hit=301897 read=5133523
   ->  Hash Join  (cost=19838.83..9773276.36 rows=17 width=14) (actual time=9862.862..77906.717 rows=117 loops=1)
         Hash Cond: (store_sales.ss_store_sk = store.s_store_sk)
         Join Filter: ("substring"((customer_address.ca_zip)::text, 1, 5) <> "substring"((store.s_zip)::text, 1, 5))
         Rows Removed by Join Filter: 2
         Buffers: shared hit=301897 read=5133523
         ->  Nested Loop  (cost=19811.79..9773249.27 rows=17 width=29) (actual time=9861.600..77905.182 rows=119 loops=1)
               Buffers: shared hit=301880 read=5133522
               ->  Nested Loop  (cost=19811.36..9767122.66 rows=801 width=22) (actual time=9842.302..77723.579 rows=9107 loops=1)
                     Buffers: shared hit=270380 read=5128594
                     ->  Hash Join  (cost=19810.93..9730569.40 rows=4778 width=22) (actual time=9842.120..76705.721 rows=55056 loops=1)
                           Hash Cond: (store_sales.ss_item_sk = item.i_item_sk)
                           Buffers: shared hit=54161 read=5127221
                           ->  Hash Join  (cost=2570.12..9713233.06 rows=36393 width=18) (actual time=9732.102..76510.681 rows=512587 loops=1)
                                 Hash Cond: (store_sales.ss_sold_date_sk = date_dim.d_date_sk)
                                 Buffers: shared hit=40013 read=5127013
                                 ->  Seq Scan on store_sales  (cost=0.00..9485539.52 rows=85756551 width=22) (actual time=0.125..71465.033 rows=85367142 loops=1)
                                       Filter: ((ss_wholesale_cost >= '63'::numeric) AND (ss_wholesale_cost <= '83'::numeric))
                                       Rows Removed by Filter: 202629882
                                       Buffers: shared hit=38666 read=5126886
                                 ->  Hash  (cost=2569.73..2569.73 rows=31 width=4) (actual time=21.068..21.069 rows=31 loops=1)
                                       Buckets: 1024  Batches: 1  Memory Usage: 10kB
                                       Buffers: shared hit=1347 read=127
                                       ->  Seq Scan on date_dim  (cost=0.00..2569.73 rows=31 width=4) (actual time=10.782..21.054 rows=31 loops=1)
                                             Filter: ((d_year = 1998) AND (d_moy = 10))
                                             Rows Removed by Filter: 73018
                                             Buffers: shared hit=1347 read=127
                           ->  Hash  (cost=16906.00..16906.00 rows=26785 width=12) (actual time=109.884..109.885 rows=26695 loops=1)
                                 Buckets: 32768  Batches: 1  Memory Usage: 1403kB
                                 Buffers: shared hit=14148 read=208
                                 ->  Seq Scan on item  (cost=0.00..16906.00 rows=26785 width=12) (actual time=0.016..105.782 rows=26695 loops=1)
                                       Filter: (i_category = 'Children'::bpchar)
                                       Rows Removed by Filter: 177305
                                       Buffers: shared hit=14148 read=208
                     ->  Index Scan using customer_pkey on customer  (cost=0.43..7.65 rows=1 width=8) (actual time=0.018..0.018 rows=0 loops=55056)
                           Index Cond: (c_customer_sk = store_sales.ss_customer_sk)
                           Filter: (c_birth_month = 4)
                           Rows Removed by Filter: 1
                           Buffers: shared hit=216219 read=1373
               ->  Index Scan using customer_address_pkey on customer_address  (cost=0.42..7.65 rows=1 width=15) (actual time=0.020..0.020 rows=0 loops=9107)
                     Index Cond: (ca_address_sk = customer.c_current_addr_sk)
                     Filter: (ca_state = 'AL'::bpchar)
                     Rows Removed by Filter: 1
                     Buffers: shared hit=31500 read=4928
         ->  Hash  (cost=22.02..22.02 rows=402 width=15) (actual time=1.234..1.235 rows=402 loops=1)
               Buckets: 1024  Batches: 1  Memory Usage: 27kB
               Buffers: shared hit=17 read=1
               ->  Seq Scan on store  (cost=0.00..22.02 rows=402 width=15) (actual time=0.027..1.092 rows=402 loops=1)
                     Buffers: shared hit=17 read=1
 Planning:
   Buffers: shared hit=460
 Planning Time: 4.460 ms
 Execution Time: 77907.296 ms
(54 rows)

