                                                                            QUERY PLAN                                                                            
------------------------------------------------------------------------------------------------------------------------------------------------------------------
 Aggregate  (cost=9658011.86..9658011.87 rows=1 width=40) (actual time=77779.006..77779.011 rows=1 loops=1)
   Buffers: shared hit=1444448 read=5159294
   ->  Nested Loop  (cost=20007.26..9658011.83 rows=4 width=14) (actual time=36153.801..77778.534 rows=436 loops=1)
         Join Filter: ("substring"((customer_address.ca_zip)::text, 1, 5) <> "substring"((store.s_zip)::text, 1, 5))
         Rows Removed by Join Filter: 8
         Buffers: shared hit=1444448 read=5159294
         ->  Nested Loop  (cost=20007.11..9657988.86 rows=4 width=29) (actual time=36153.759..77771.436 rows=446 loops=1)
               Buffers: shared hit=1443560 read=5159294
               ->  Nested Loop  (cost=20006.69..9655907.80 rows=272 width=22) (actual time=36130.559..77290.360 rows=22781 loops=1)
                     Buffers: shared hit=1363480 read=5148250
                     ->  Hash Join  (cost=20006.26..9625956.72 rows=3915 width=22) (actual time=36129.198..70804.402 rows=336481 loops=1)
                           Hash Cond: (store_sales.ss_item_sk = item.i_item_sk)
                           Buffers: shared hit=43045 read=5138337
                           ->  Hash Join  (cost=2570.11..9608471.14 rows=18830 width=18) (actual time=36027.126..70381.526 rows=1424331 loops=1)
                                 Hash Cond: (store_sales.ss_sold_date_sk = date_dim.d_date_sk)
                                 Buffers: shared hit=28689 read=5138337
                                 ->  Seq Scan on store_sales  (cost=0.00..9485539.52 rows=45849467 width=22) (actual time=0.075..67316.818 rows=46160898 loops=1)
                                       Filter: ((ss_wholesale_cost >= '80'::numeric) AND (ss_wholesale_cost <= '100'::numeric))
                                       Rows Removed by Filter: 241836126
                                       Buffers: shared hit=27215 read=5138337
                                 ->  Hash  (cost=2569.73..2569.73 rows=30 width=4) (actual time=28.191..28.191 rows=31 loops=1)
                                       Buckets: 1024  Batches: 1  Memory Usage: 10kB
                                       Buffers: shared hit=1474
                                       ->  Seq Scan on date_dim  (cost=0.00..2569.73 rows=30 width=4) (actual time=16.880..28.179 rows=31 loops=1)
                                             Filter: ((d_year = 2000) AND (d_moy = 12))
                                             Rows Removed by Filter: 73018
                                             Buffers: shared hit=1474
                           ->  Hash  (cost=16906.00..16906.00 rows=42412 width=12) (actual time=101.835..101.836 rows=42041 loops=1)
                                 Buckets: 65536  Batches: 1  Memory Usage: 2319kB
                                 Buffers: shared hit=14356
                                 ->  Seq Scan on item  (cost=0.00..16906.00 rows=42412 width=12) (actual time=0.018..95.790 rows=42041 loops=1)
                                       Filter: (i_category = 'Electronics'::bpchar)
                                       Rows Removed by Filter: 161959
                                       Buffers: shared hit=14356
                     ->  Index Scan using customer_pkey on customer  (cost=0.43..7.65 rows=1 width=8) (actual time=0.019..0.019 rows=0 loops=336481)
                           Index Cond: (c_customer_sk = store_sales.ss_customer_sk)
                           Filter: (c_birth_month = 12)
                           Rows Removed by Filter: 1
                           Buffers: shared hit=1320435 read=9913
               ->  Index Scan using customer_address_pkey on customer_address  (cost=0.42..7.65 rows=1 width=15) (actual time=0.021..0.021 rows=0 loops=22781)
                     Index Cond: (ca_address_sk = customer.c_current_addr_sk)
                     Filter: (ca_state = 'ND'::bpchar)
                     Rows Removed by Filter: 1
                     Buffers: shared hit=80080 read=11044
         ->  Index Scan using store_pkey on store  (cost=0.15..5.72 rows=1 width=15) (actual time=0.012..0.012 rows=1 loops=446)
               Index Cond: (s_store_sk = store_sales.ss_store_sk)
               Buffers: shared hit=888
 Planning:
   Buffers: shared hit=460
 Planning Time: 5.663 ms
 Execution Time: 77779.581 ms
(51 rows)

