                                                                            QUERY PLAN                                                                            
------------------------------------------------------------------------------------------------------------------------------------------------------------------
 Aggregate  (cost=9683998.80..9683998.81 rows=1 width=40) (actual time=76631.939..76631.945 rows=1 loops=1)
   Buffers: shared hit=299847 read=5131989
   ->  Hash Join  (cost=19838.83..9683998.68 rows=16 width=14) (actual time=53380.541..76631.824 rows=118 loops=1)
         Hash Cond: (store_sales.ss_store_sk = store.s_store_sk)
         Join Filter: ("substring"((customer_address.ca_zip)::text, 1, 5) <> "substring"((store.s_zip)::text, 1, 5))
         Rows Removed by Join Filter: 2
         Buffers: shared hit=299847 read=5131989
         ->  Nested Loop  (cost=19811.79..9683971.59 rows=16 width=29) (actual time=53379.903..76630.914 rows=121 loops=1)
               Buffers: shared hit=299829 read=5131989
               ->  Nested Loop  (cost=19811.36..9679887.19 rows=534 width=22) (actual time=53368.740..76473.444 rows=9156 loops=1)
                     Buffers: shared hit=267907 read=5127287
                     ->  Hash Join  (cost=19810.93..9655513.23 rows=3186 width=22) (actual time=53367.890..75576.061 rows=54130 loops=1)
                           Hash Cond: (store_sales.ss_item_sk = item.i_item_sk)
                           Buffers: shared hit=54990 read=5126392
                           ->  Hash Join  (cost=2570.12..9638208.72 rows=24265 width=18) (actual time=53274.088..75398.945 rows=508910 loops=1)
                                 Hash Cond: (store_sales.ss_sold_date_sk = date_dim.d_date_sk)
                                 Buffers: shared hit=40634 read=5126392
                                 ->  Seq Scan on store_sales  (cost=0.00..9485539.52 rows=57177434 width=22) (actual time=0.241..71917.066 rows=56890659 loops=1)
                                       Filter: ((ss_wholesale_cost >= '39'::numeric) AND (ss_wholesale_cost <= '59'::numeric))
                                       Rows Removed by Filter: 231106365
                                       Buffers: shared hit=39160 read=5126392
                                 ->  Hash  (cost=2569.73..2569.73 rows=31 width=4) (actual time=19.107..19.108 rows=31 loops=1)
                                       Buckets: 1024  Batches: 1  Memory Usage: 10kB
                                       Buffers: shared hit=1474
                                       ->  Seq Scan on date_dim  (cost=0.00..2569.73 rows=31 width=4) (actual time=9.755..19.098 rows=31 loops=1)
                                             Filter: ((d_year = 2001) AND (d_moy = 10))
                                             Rows Removed by Filter: 73018
                                             Buffers: shared hit=1474
                           ->  Hash  (cost=16906.00..16906.00 rows=26785 width=12) (actual time=93.630..93.631 rows=26695 loops=1)
                                 Buckets: 32768  Batches: 1  Memory Usage: 1403kB
                                 Buffers: shared hit=14356
                                 ->  Seq Scan on item  (cost=0.00..16906.00 rows=26785 width=12) (actual time=0.020..89.404 rows=26695 loops=1)
                                       Filter: (i_category = 'Children'::bpchar)
                                       Rows Removed by Filter: 177305
                                       Buffers: shared hit=14356
                     ->  Index Scan using customer_pkey on customer  (cost=0.43..7.65 rows=1 width=8) (actual time=0.016..0.016 rows=0 loops=54130)
                           Index Cond: (c_customer_sk = store_sales.ss_customer_sk)
                           Filter: (c_birth_month = 4)
                           Rows Removed by Filter: 1
                           Buffers: shared hit=212917 read=895
               ->  Index Scan using customer_address_pkey on customer_address  (cost=0.42..7.65 rows=1 width=15) (actual time=0.017..0.017 rows=0 loops=9156)
                     Index Cond: (ca_address_sk = customer.c_current_addr_sk)
                     Filter: (ca_state = 'IA'::bpchar)
                     Rows Removed by Filter: 1
                     Buffers: shared hit=31922 read=4702
         ->  Hash  (cost=22.02..22.02 rows=402 width=15) (actual time=0.613..0.614 rows=402 loops=1)
               Buckets: 1024  Batches: 1  Memory Usage: 27kB
               Buffers: shared hit=18
               ->  Seq Scan on store  (cost=0.00..22.02 rows=402 width=15) (actual time=0.023..0.474 rows=402 loops=1)
                     Buffers: shared hit=18
 Planning:
   Buffers: shared hit=460
 Planning Time: 4.705 ms
 Execution Time: 76632.340 ms
(54 rows)

