                                                                             QUERY PLAN                                                                              
---------------------------------------------------------------------------------------------------------------------------------------------------------------------
 Aggregate  (cost=9730582.79..9730582.80 rows=1 width=40) (actual time=109274.336..109274.342 rows=1 loops=1)
   Buffers: shared hit=5229102 read=5156840
   ->  Nested Loop  (cost=2571.50..9730582.76 rows=4 width=14) (actual time=12903.679..109273.719 rows=400 loops=1)
         Join Filter: ("substring"((customer_address.ca_zip)::text, 1, 5) <> "substring"((store.s_zip)::text, 1, 5))
         Rows Removed by Join Filter: 18
         Buffers: shared hit=5229102 read=5156840
         ->  Nested Loop  (cost=2571.36..9730559.79 rows=4 width=29) (actual time=12903.652..109266.803 rows=420 loops=1)
               Buffers: shared hit=5228266 read=5156840
               ->  Nested Loop  (cost=2570.94..9730391.80 rows=22 width=25) (actual time=12903.576..109231.047 rows=1147 loops=1)
                     Buffers: shared hit=5224187 read=5156331
                     ->  Nested Loop  (cost=2570.51..9723229.78 rows=936 width=18) (actual time=12736.877..107523.057 rows=71100 loops=1)
                           Buffers: shared hit=4951672 read=5144446
                           ->  Hash Join  (cost=2570.08..9599171.84 rows=16216 width=18) (actual time=12736.076..78494.927 rows=1247256 loops=1)
                                 Hash Cond: (store_sales.ss_sold_date_sk = date_dim.d_date_sk)
                                 Buffers: shared hit=25020 read=5142006
                                 ->  Seq Scan on store_sales  (cost=0.00..9485539.52 rows=42307078 width=22) (actual time=0.170..75375.937 rows=43022880 loops=1)
                                       Filter: ((ss_wholesale_cost >= '2'::numeric) AND (ss_wholesale_cost <= '22'::numeric))
                                       Rows Removed by Filter: 244974144
                                       Buffers: shared hit=24425 read=5141127
                                 ->  Hash  (cost=2569.73..2569.73 rows=28 width=4) (actual time=24.362..24.363 rows=28 loops=1)
                                       Buckets: 1024  Batches: 1  Memory Usage: 9kB
                                       Buffers: shared hit=595 read=879
                                       ->  Seq Scan on date_dim  (cost=0.00..2569.73 rows=28 width=4) (actual time=14.141..24.352 rows=28 loops=1)
                                             Filter: ((d_year = 1999) AND (d_moy = 2))
                                             Rows Removed by Filter: 73021
                                             Buffers: shared hit=595 read=879
                           ->  Index Scan using customer_pkey on customer  (cost=0.43..7.65 rows=1 width=8) (actual time=0.023..0.023 rows=0 loops=1247256)
                                 Index Cond: (c_customer_sk = store_sales.ss_customer_sk)
                                 Filter: (c_birth_month = 3)
                                 Rows Removed by Filter: 1
                                 Buffers: shared hit=4926652 read=2440
                     ->  Index Scan using customer_address_pkey on customer_address  (cost=0.42..7.65 rows=1 width=15) (actual time=0.024..0.024 rows=0 loops=71100)
                           Index Cond: (ca_address_sk = customer.c_current_addr_sk)
                           Filter: (ca_state = 'OK'::bpchar)
                           Rows Removed by Filter: 1
                           Buffers: shared hit=272515 read=11885
               ->  Index Scan using item_pkey on item  (cost=0.42..7.64 rows=1 width=12) (actual time=0.030..0.030 rows=0 loops=1147)
                     Index Cond: (i_item_sk = store_sales.ss_item_sk)
                     Filter: (i_category = 'Electronics'::bpchar)
                     Rows Removed by Filter: 1
                     Buffers: shared hit=4079 read=509
         ->  Index Scan using store_pkey on store  (cost=0.15..5.72 rows=1 width=15) (actual time=0.011..0.011 rows=1 loops=420)
               Index Cond: (s_store_sk = store_sales.ss_store_sk)
               Buffers: shared hit=836
 Planning:
   Buffers: shared hit=460
 Planning Time: 4.741 ms
 Execution Time: 109274.824 ms
(48 rows)

