                                                                             QUERY PLAN                                                                              
---------------------------------------------------------------------------------------------------------------------------------------------------------------------
 Aggregate  (cost=9813019.22..9813019.23 rows=1 width=40) (actual time=95496.794..95496.802 rows=1 loops=1)
   Buffers: shared hit=3272616 read=5135634
   ->  Nested Loop  (cost=2571.54..9813019.22 rows=1 width=14) (actual time=59254.140..95496.761 rows=11 loops=1)
         Join Filter: ("substring"((customer_address.ca_zip)::text, 1, 5) <> "substring"((store.s_zip)::text, 1, 5))
         Rows Removed by Join Filter: 1
         Buffers: shared hit=3272616 read=5135634
         ->  Nested Loop  (cost=2571.39..9813013.47 rows=1 width=29) (actual time=59254.096..95496.538 rows=12 loops=1)
               Buffers: shared hit=3272592 read=5135634
               ->  Nested Loop  (cost=2570.97..9812975.29 rows=5 width=25) (actual time=59182.144..95481.059 rows=521 loops=1)
                     Buffers: shared hit=3270747 read=5135395
                     ->  Nested Loop  (cost=2570.55..9807325.62 rows=738 width=18) (actual time=59128.842..94841.741 rows=25700 loops=1)
                           Buffers: shared hit=3170441 read=5132901
                           ->  Hash Join  (cost=2570.12..9630824.74 rows=23071 width=18) (actual time=59125.181..76213.389 rows=793517 loops=1)
                                 Hash Cond: (store_sales.ss_sold_date_sk = date_dim.d_date_sk)
                                 Buffers: shared hit=34135 read=5132891
                                 ->  Seq Scan on store_sales  (cost=0.00..9485539.52 rows=54364643 width=22) (actual time=0.317..72627.483 rows=53574682 loops=1)
                                       Filter: ((ss_wholesale_cost >= '45'::numeric) AND (ss_wholesale_cost <= '65'::numeric))
                                       Rows Removed by Filter: 234422342
                                       Buffers: shared hit=33096 read=5132456
                                 ->  Hash  (cost=2569.73..2569.73 rows=31 width=4) (actual time=22.473..22.475 rows=31 loops=1)
                                       Buckets: 1024  Batches: 1  Memory Usage: 10kB
                                       Buffers: shared hit=1039 read=435
                                       ->  Seq Scan on date_dim  (cost=0.00..2569.73 rows=31 width=4) (actual time=12.965..22.459 rows=31 loops=1)
                                             Filter: ((d_year = 2002) AND (d_moy = 7))
                                             Rows Removed by Filter: 73018
                                             Buffers: shared hit=1039 read=435
                           ->  Index Scan using customer_pkey on customer  (cost=0.43..7.65 rows=1 width=8) (actual time=0.023..0.023 rows=0 loops=793517)
                                 Index Cond: (c_customer_sk = store_sales.ss_customer_sk)
                                 Filter: (c_birth_month = 6)
                                 Rows Removed by Filter: 1
                                 Buffers: shared hit=3136306 read=10
                     ->  Index Scan using customer_address_pkey on customer_address  (cost=0.42..7.66 rows=1 width=15) (actual time=0.024..0.024 rows=0 loops=25700)
                           Index Cond: (ca_address_sk = customer.c_current_addr_sk)
                           Filter: (ca_state = 'AK'::bpchar)
                           Rows Removed by Filter: 1
                           Buffers: shared hit=100306 read=2494
               ->  Index Scan using item_pkey on item  (cost=0.42..7.64 rows=1 width=12) (actual time=0.029..0.029 rows=0 loops=521)
                     Index Cond: (i_item_sk = store_sales.ss_item_sk)
                     Filter: (i_category = 'Jewelry'::bpchar)
                     Rows Removed by Filter: 1
                     Buffers: shared hit=1845 read=239
         ->  Index Scan using store_pkey on store  (cost=0.15..5.72 rows=1 width=15) (actual time=0.011..0.011 rows=1 loops=12)
               Index Cond: (s_store_sk = store_sales.ss_store_sk)
               Buffers: shared hit=24
 Planning:
   Buffers: shared hit=460
 Planning Time: 4.893 ms
 Execution Time: 95497.316 ms
(48 rows)

