                                                                             QUERY PLAN                                                                             
--------------------------------------------------------------------------------------------------------------------------------------------------------------------
 Aggregate  (cost=9525145.78..9525145.79 rows=1 width=40) (actual time=65519.824..65519.830 rows=1 loops=1)
   Buffers: shared hit=315720 read=5130796
   ->  Nested Loop  (cost=2571.53..9525145.77 rows=1 width=14) (actual time=19448.062..65519.815 rows=3 loops=1)
         Join Filter: ("substring"((customer_address.ca_zip)::text, 1, 5) <> "substring"((store.s_zip)::text, 1, 5))
         Buffers: shared hit=315720 read=5130796
         ->  Nested Loop  (cost=2571.38..9525140.03 rows=1 width=29) (actual time=19448.029..65519.755 rows=3 loops=1)
               Buffers: shared hit=315714 read=5130796
               ->  Nested Loop  (cost=2570.96..9525117.12 rows=3 width=25) (actual time=18997.691..65517.525 rows=38 loops=1)
                     Buffers: shared hit=315579 read=5130779
                     ->  Nested Loop  (cost=2570.54..9524481.73 rows=83 width=18) (actual time=18823.496..65466.345 rows=2180 loops=1)
                           Buffers: shared hit=307189 read=5130449
                           ->  Hash Join  (cost=2570.11..9504666.89 rows=2590 width=18) (actual time=18822.807..64206.460 rows=68470 loops=1)
                                 Hash Cond: (store_sales.ss_sold_date_sk = date_dim.d_date_sk)
                                 Buffers: shared hit=36577 read=5130449
                                 ->  Seq Scan on store_sales  (cost=0.00..9485539.52 rows=6307182 width=22) (actual time=0.257..63667.795 rows=6221765 loops=1)
                                       Filter: ((ss_wholesale_cost >= '100'::numeric) AND (ss_wholesale_cost <= '120'::numeric))
                                       Rows Removed by Filter: 281775259
                                       Buffers: shared hit=35594 read=5129958
                                 ->  Hash  (cost=2569.73..2569.73 rows=30 width=4) (actual time=23.501..23.502 rows=30 loops=1)
                                       Buckets: 1024  Batches: 1  Memory Usage: 10kB
                                       Buffers: shared hit=983 read=491
                                       ->  Seq Scan on date_dim  (cost=0.00..2569.73 rows=30 width=4) (actual time=14.018..23.489 rows=30 loops=1)
                                             Filter: ((d_year = 1999) AND (d_moy = 9))
                                             Rows Removed by Filter: 73019
                                             Buffers: shared hit=983 read=491
                           ->  Index Scan using customer_pkey on customer  (cost=0.43..7.65 rows=1 width=8) (actual time=0.018..0.018 rows=0 loops=68470)
                                 Index Cond: (c_customer_sk = store_sales.ss_customer_sk)
                                 Filter: (c_birth_month = 6)
                                 Rows Removed by Filter: 1
                                 Buffers: shared hit=270612
                     ->  Index Scan using customer_address_pkey on customer_address  (cost=0.42..7.66 rows=1 width=15) (actual time=0.023..0.023 rows=0 loops=2180)
                           Index Cond: (ca_address_sk = customer.c_current_addr_sk)
                           Filter: (ca_state = 'IL'::bpchar)
                           Rows Removed by Filter: 1
                           Buffers: shared hit=8390 read=330
               ->  Index Scan using item_pkey on item  (cost=0.42..7.64 rows=1 width=12) (actual time=0.057..0.057 rows=0 loops=38)
                     Index Cond: (i_item_sk = store_sales.ss_item_sk)
                     Filter: (i_category = 'Children'::bpchar)
                     Rows Removed by Filter: 1
                     Buffers: shared hit=135 read=17
         ->  Index Scan using store_pkey on store  (cost=0.15..5.72 rows=1 width=15) (actual time=0.013..0.013 rows=1 loops=3)
               Index Cond: (s_store_sk = store_sales.ss_store_sk)
               Buffers: shared hit=6
 Planning:
   Buffers: shared hit=460
 Planning Time: 4.773 ms
 Execution Time: 65520.342 ms
(47 rows)

