                                                                            QUERY PLAN                                                                            
------------------------------------------------------------------------------------------------------------------------------------------------------------------
 Aggregate  (cost=9753857.44..9753857.45 rows=1 width=40) (actual time=79358.026..79358.031 rows=1 loops=1)
   Buffers: shared hit=704630 read=5141650
   ->  Nested Loop  (cost=19643.38..9753857.42 rows=3 width=14) (actual time=20829.230..79357.812 rows=134 loops=1)
         Join Filter: ("substring"((customer_address.ca_zip)::text, 1, 5) <> "substring"((store.s_zip)::text, 1, 5))
         Rows Removed by Join Filter: 3
         Buffers: shared hit=704630 read=5141650
         ->  Nested Loop  (cost=19643.24..9753840.19 rows=3 width=29) (actual time=20829.212..79356.421 rows=137 loops=1)
               Buffers: shared hit=704357 read=5141649
               ->  Nested Loop  (cost=19642.81..9752776.60 rows=139 width=22) (actual time=20780.865..79189.336 rows=9044 loops=1)
                     Buffers: shared hit=670148 read=5139682
                     ->  Hash Join  (cost=19642.38..9734308.71 rows=2414 width=22) (actual time=20780.456..76724.647 rows=159020 loops=1)
                           Hash Cond: (store_sales.ss_item_sk = item.i_item_sk)
                           Buffers: shared hit=41700 read=5139682
                           ->  Hash Join  (cost=2570.12..9717139.26 rows=37024 width=18) (actual time=20672.194..76334.525 rows=2109430 loops=1)
                                 Hash Cond: (store_sales.ss_sold_date_sk = date_dim.d_date_sk)
                                 Buffers: shared hit=39335 read=5127691
                                 ->  Seq Scan on store_sales  (cost=0.00..9485539.52 rows=87244546 width=22) (actual time=0.171..71019.851 rows=86810744 loops=1)
                                       Filter: ((ss_wholesale_cost >= '65'::numeric) AND (ss_wholesale_cost <= '85'::numeric))
                                       Rows Removed by Filter: 201186280
                                       Buffers: shared hit=37988 read=5127564
                                 ->  Hash  (cost=2569.73..2569.73 rows=31 width=4) (actual time=21.888..21.889 rows=31 loops=1)
                                       Buckets: 1024  Batches: 1  Memory Usage: 10kB
                                       Buffers: shared hit=1347 read=127
                                       ->  Seq Scan on date_dim  (cost=0.00..2569.73 rows=31 width=4) (actual time=12.591..21.874 rows=31 loops=1)
                                             Filter: ((d_year = 1999) AND (d_moy = 8))
                                             Rows Removed by Filter: 73018
                                             Buffers: shared hit=1347 read=127
                           ->  Hash  (cost=16906.00..16906.00 rows=13301 width=12) (actual time=108.169..108.170 rows=13933 loops=1)
                                 Buckets: 16384  Batches: 1  Memory Usage: 727kB
                                 Buffers: shared hit=2365 read=11991
                                 ->  Seq Scan on item  (cost=0.00..16906.00 rows=13301 width=12) (actual time=0.017..105.627 rows=13933 loops=1)
                                       Filter: (i_category = 'Men'::bpchar)
                                       Rows Removed by Filter: 190067
                                       Buffers: shared hit=2365 read=11991
                     ->  Index Scan using customer_pkey on customer  (cost=0.43..7.65 rows=1 width=8) (actual time=0.015..0.015 rows=0 loops=159020)
                           Index Cond: (c_customer_sk = store_sales.ss_customer_sk)
                           Filter: (c_birth_month = 3)
                           Rows Removed by Filter: 1
                           Buffers: shared hit=628448
               ->  Index Scan using customer_address_pkey on customer_address  (cost=0.42..7.65 rows=1 width=15) (actual time=0.018..0.018 rows=0 loops=9044)
                     Index Cond: (ca_address_sk = customer.c_current_addr_sk)
                     Filter: (ca_state = 'AL'::bpchar)
                     Rows Removed by Filter: 1
                     Buffers: shared hit=34209 read=1967
         ->  Index Scan using store_pkey on store  (cost=0.15..5.72 rows=1 width=15) (actual time=0.006..0.006 rows=1 loops=137)
               Index Cond: (s_store_sk = store_sales.ss_store_sk)
               Buffers: shared hit=273 read=1
 Planning:
   Buffers: shared hit=460
 Planning Time: 4.727 ms
 Execution Time: 79358.551 ms
(51 rows)

