                                                                             QUERY PLAN                                                                              
---------------------------------------------------------------------------------------------------------------------------------------------------------------------
 Aggregate  (cost=9639180.07..9639180.08 rows=1 width=40) (actual time=83519.162..83519.167 rows=1 loops=1)
   Buffers: shared hit=1724910 read=5132458
   ->  Nested Loop  (cost=2571.50..9639180.06 rows=2 width=14) (actual time=25449.440..83519.091 rows=27 loops=1)
         Join Filter: ("substring"((customer_address.ca_zip)::text, 1, 5) <> "substring"((store.s_zip)::text, 1, 5))
         Buffers: shared hit=1724910 read=5132458
         ->  Nested Loop  (cost=2571.36..9639168.57 rows=2 width=29) (actual time=25449.410..83518.110 rows=28 loops=1)
               Buffers: shared hit=1724857 read=5132457
               ->  Nested Loop  (cost=2570.94..9639061.67 rows=14 width=25) (actual time=25204.696..83505.367 rows=343 loops=1)
                     Buffers: shared hit=1723678 read=5132264
                     ->  Nested Loop  (cost=2570.51..9635258.36 rows=497 width=18) (actual time=25058.109..83020.361 rows=19192 loops=1)
                           Buffers: shared hit=1650076 read=5129098
                           ->  Hash Join  (cost=2570.08..9557614.85 rows=10149 width=18) (actual time=25057.392..74024.730 rows=407888 loops=1)
                                 Hash Cond: (store_sales.ss_sold_date_sk = date_dim.d_date_sk)
                                 Buffers: shared hit=37929 read=5129097
                                 ->  Seq Scan on store_sales  (cost=0.00..9485539.52 rows=26476724 width=22) (actual time=0.160..72116.051 rows=26847589 loops=1)
                                       Filter: ((ss_wholesale_cost >= '14'::numeric) AND (ss_wholesale_cost <= '34'::numeric))
                                       Rows Removed by Filter: 261149435
                                       Buffers: shared hit=36582 read=5128970
                                 ->  Hash  (cost=2569.73..2569.73 rows=28 width=4) (actual time=23.946..23.947 rows=29 loops=1)
                                       Buckets: 1024  Batches: 1  Memory Usage: 10kB
                                       Buffers: shared hit=1347 read=127
                                       ->  Seq Scan on date_dim  (cost=0.00..2569.73 rows=28 width=4) (actual time=14.363..23.926 rows=29 loops=1)
                                             Filter: ((d_year = 2000) AND (d_moy = 2))
                                             Rows Removed by Filter: 73020
                                             Buffers: shared hit=1347 read=127
                           ->  Index Scan using customer_pkey on customer  (cost=0.43..7.65 rows=1 width=8) (actual time=0.022..0.022 rows=0 loops=407888)
                                 Index Cond: (c_customer_sk = store_sales.ss_customer_sk)
                                 Filter: (c_birth_month = 7)
                                 Rows Removed by Filter: 1
                                 Buffers: shared hit=1612147 read=1
                     ->  Index Scan using customer_address_pkey on customer_address  (cost=0.42..7.65 rows=1 width=15) (actual time=0.025..0.025 rows=0 loops=19192)
                           Index Cond: (ca_address_sk = customer.c_current_addr_sk)
                           Filter: (ca_state = 'OH'::bpchar)
                           Rows Removed by Filter: 1
                           Buffers: shared hit=73602 read=3166
               ->  Index Scan using item_pkey on item  (cost=0.42..7.64 rows=1 width=12) (actual time=0.036..0.036 rows=0 loops=343)
                     Index Cond: (i_item_sk = store_sales.ss_item_sk)
                     Filter: (i_category = 'Children'::bpchar)
                     Rows Removed by Filter: 1
                     Buffers: shared hit=1179 read=193
         ->  Index Scan using store_pkey on store  (cost=0.15..5.72 rows=1 width=15) (actual time=0.028..0.028 rows=1 loops=28)
               Index Cond: (s_store_sk = store_sales.ss_store_sk)
               Buffers: shared hit=53 read=1
 Planning:
   Buffers: shared hit=460
 Planning Time: 4.991 ms
 Execution Time: 83519.586 ms
(47 rows)

