                                                                             QUERY PLAN                                                                              
---------------------------------------------------------------------------------------------------------------------------------------------------------------------
 Aggregate  (cost=9637790.29..9637790.30 rows=1 width=40) (actual time=83870.906..83870.912 rows=1 loops=1)
   Buffers: shared hit=1708650 read=5125142
   ->  Nested Loop  (cost=2571.50..9637790.28 rows=1 width=14) (actual time=25550.387..83870.802 rows=43 loops=1)
         Join Filter: ("substring"((customer_address.ca_zip)::text, 1, 5) <> "substring"((store.s_zip)::text, 1, 5))
         Buffers: shared hit=1708650 read=5125142
         ->  Nested Loop  (cost=2571.36..9637784.54 rows=1 width=29) (actual time=25550.351..83870.133 rows=43 loops=1)
               Buffers: shared hit=1708565 read=5125141
               ->  Nested Loop  (cost=2570.94..9637746.36 rows=5 width=25) (actual time=25255.449..83858.927 rows=335 loops=1)
                     Buffers: shared hit=1707472 read=5124894
                     ->  Nested Loop  (cost=2570.51..9635258.36 rows=325 width=18) (actual time=25234.800..83521.595 rows=13298 loops=1)
                           Buffers: shared hit=1656593 read=5122581
                           ->  Hash Join  (cost=2570.08..9557614.85 rows=10149 width=18) (actual time=25234.554..74542.093 rows=407888 loops=1)
                                 Hash Cond: (store_sales.ss_sold_date_sk = date_dim.d_date_sk)
                                 Buffers: shared hit=44446 read=5122580
                                 ->  Seq Scan on store_sales  (cost=0.00..9485539.52 rows=26476724 width=22) (actual time=0.053..72671.856 rows=26847589 loops=1)
                                       Filter: ((ss_wholesale_cost >= '15'::numeric) AND (ss_wholesale_cost <= '35'::numeric))
                                       Rows Removed by Filter: 261149435
                                       Buffers: shared hit=42972 read=5122580
                                 ->  Hash  (cost=2569.73..2569.73 rows=28 width=4) (actual time=21.369..21.370 rows=29 loops=1)
                                       Buckets: 1024  Batches: 1  Memory Usage: 10kB
                                       Buffers: shared hit=1474
                                       ->  Seq Scan on date_dim  (cost=0.00..2569.73 rows=28 width=4) (actual time=11.799..21.354 rows=29 loops=1)
                                             Filter: ((d_year = 2000) AND (d_moy = 2))
                                             Rows Removed by Filter: 73020
                                             Buffers: shared hit=1474
                           ->  Index Scan using customer_pkey on customer  (cost=0.43..7.65 rows=1 width=8) (actual time=0.022..0.022 rows=0 loops=407888)
                                 Index Cond: (c_customer_sk = store_sales.ss_customer_sk)
                                 Filter: (c_birth_month = 6)
                                 Rows Removed by Filter: 1
                                 Buffers: shared hit=1612147 read=1
                     ->  Index Scan using customer_address_pkey on customer_address  (cost=0.42..7.66 rows=1 width=15) (actual time=0.025..0.025 rows=0 loops=13298)
                           Index Cond: (ca_address_sk = customer.c_current_addr_sk)
                           Filter: (ca_state = 'SC'::bpchar)
                           Rows Removed by Filter: 1
                           Buffers: shared hit=50879 read=2313
               ->  Index Scan using item_pkey on item  (cost=0.42..7.64 rows=1 width=12) (actual time=0.033..0.033 rows=0 loops=335)
                     Index Cond: (i_item_sk = store_sales.ss_item_sk)
                     Filter: (i_category = 'Men'::bpchar)
                     Rows Removed by Filter: 1
                     Buffers: shared hit=1093 read=247
         ->  Index Scan using store_pkey on store  (cost=0.15..5.72 rows=1 width=15) (actual time=0.009..0.009 rows=1 loops=43)
               Index Cond: (s_store_sk = store_sales.ss_store_sk)
               Buffers: shared hit=85 read=1
 Planning:
   Buffers: shared hit=460
 Planning Time: 4.362 ms
 Execution Time: 83871.321 ms
(47 rows)

