                                                                            QUERY PLAN                                                                            
------------------------------------------------------------------------------------------------------------------------------------------------------------------
 Aggregate  (cost=9750533.65..9750533.66 rows=1 width=40) (actual time=77226.702..77226.708 rows=1 loops=1)
   Buffers: shared hit=271316 read=5139156
   ->  Nested Loop  (cost=19614.56..9750533.62 rows=4 width=14) (actual time=53348.763..77226.621 rows=63 loops=1)
         Join Filter: ("substring"((customer_address.ca_zip)::text, 1, 5) <> "substring"((store.s_zip)::text, 1, 5))
         Buffers: shared hit=271316 read=5139156
         ->  Nested Loop  (cost=19614.41..9750510.65 rows=4 width=29) (actual time=53348.747..77226.045 rows=63 loops=1)
               Buffers: shared hit=271191 read=5139155
               ->  Nested Loop  (cost=19613.99..9749049.53 rows=191 width=22) (actual time=53325.160..77138.209 rows=5038 loops=1)
                     Buffers: shared hit=252890 read=5137304
                     ->  Hash Join  (cost=19613.56..9734276.75 rows=1931 width=22) (actual time=53324.490..76337.342 rows=52832 loops=1)
                           Hash Cond: (store_sales.ss_item_sk = item.i_item_sk)
                           Buffers: shared hit=44080 read=5137302
                           ->  Hash Join  (cost=2570.11..9717139.25 rows=35830 width=18) (actual time=53202.064..76123.072 rows=776994 loops=1)
                                 Hash Cond: (store_sales.ss_sold_date_sk = date_dim.d_date_sk)
                                 Buffers: shared hit=44017 read=5123009
                                 ->  Seq Scan on store_sales  (cost=0.00..9485539.52 rows=87244546 width=22) (actual time=0.064..70988.029 rows=86810744 loops=1)
                                       Filter: ((ss_wholesale_cost >= '65'::numeric) AND (ss_wholesale_cost <= '85'::numeric))
                                       Rows Removed by Filter: 201186280
                                       Buffers: shared hit=42543 read=5123009
                                 ->  Hash  (cost=2569.73..2569.73 rows=30 width=4) (actual time=20.937..20.938 rows=30 loops=1)
                                       Buckets: 1024  Batches: 1  Memory Usage: 10kB
                                       Buffers: shared hit=1474
                                       ->  Seq Scan on date_dim  (cost=0.00..2569.73 rows=30 width=4) (actual time=11.953..20.924 rows=30 loops=1)
                                             Filter: ((d_year = 2001) AND (d_moy = 9))
                                             Rows Removed by Filter: 73019
                                             Buffers: shared hit=1474
                           ->  Hash  (cost=16906.00..16906.00 rows=10996 width=12) (actual time=122.335..122.335 rows=11037 loops=1)
                                 Buckets: 16384  Batches: 1  Memory Usage: 603kB
                                 Buffers: shared hit=63 read=14293
                                 ->  Seq Scan on item  (cost=0.00..16906.00 rows=10996 width=12) (actual time=0.040..119.789 rows=11037 loops=1)
                                       Filter: (i_category = 'Women'::bpchar)
                                       Rows Removed by Filter: 192963
                                       Buffers: shared hit=63 read=14293
                     ->  Index Scan using customer_pkey on customer  (cost=0.43..7.65 rows=1 width=8) (actual time=0.015..0.015 rows=0 loops=52832)
                           Index Cond: (c_customer_sk = store_sales.ss_customer_sk)
                           Filter: (c_birth_month = 1)
                           Rows Removed by Filter: 1
                           Buffers: shared hit=208810 read=2
               ->  Index Scan using customer_address_pkey on customer_address  (cost=0.42..7.65 rows=1 width=15) (actual time=0.017..0.017 rows=0 loops=5038)
                     Index Cond: (ca_address_sk = customer.c_current_addr_sk)
                     Filter: (ca_state = 'AR'::bpchar)
                     Rows Removed by Filter: 1
                     Buffers: shared hit=18301 read=1851
         ->  Index Scan using store_pkey on store  (cost=0.15..5.72 rows=1 width=15) (actual time=0.005..0.005 rows=1 loops=63)
               Index Cond: (s_store_sk = store_sales.ss_store_sk)
               Buffers: shared hit=125 read=1
 Planning:
   Buffers: shared hit=460
 Planning Time: 4.669 ms
 Execution Time: 77227.280 ms
(50 rows)

