                                                                            QUERY PLAN                                                                            
------------------------------------------------------------------------------------------------------------------------------------------------------------------
 Aggregate  (cost=9657908.80..9657908.81 rows=1 width=40) (actual time=71637.090..71637.095 rows=1 loops=1)
   Buffers: shared hit=460574 read=5125738
   ->  Nested Loop  (cost=20007.27..9657908.78 rows=3 width=14) (actual time=8783.950..71637.007 rows=58 loops=1)
         Join Filter: ("substring"((customer_address.ca_zip)::text, 1, 5) <> "substring"((store.s_zip)::text, 1, 5))
         Rows Removed by Join Filter: 1
         Buffers: shared hit=460574 read=5125738
         ->  Nested Loop  (cost=20007.12..9657891.55 rows=3 width=29) (actual time=8783.923..71636.364 rows=60 loops=1)
               Buffers: shared hit=460456 read=5125738
               ->  Nested Loop  (cost=20006.70..9656904.00 rows=129 width=22) (actual time=8699.198..71557.465 rows=3271 loops=1)
                     Buffers: shared hit=448570 read=5124540
                     ->  Hash Join  (cost=20006.27..9625958.38 rows=4045 width=22) (actual time=8698.137..69510.492 rows=99131 loops=1)
                           Hash Cond: (store_sales.ss_item_sk = item.i_item_sk)
                           Buffers: shared hit=56850 read=5124532
                           ->  Hash Join  (cost=2570.12..9608471.16 rows=19457 width=18) (actual time=8590.079..69326.605 rows=276625 loops=1)
                                 Hash Cond: (store_sales.ss_sold_date_sk = date_dim.d_date_sk)
                                 Buffers: shared hit=42795 read=5124231
                                 ->  Seq Scan on store_sales  (cost=0.00..9485539.52 rows=45849467 width=22) (actual time=0.690..66463.147 rows=46160898 loops=1)
                                       Filter: ((ss_wholesale_cost >= '80'::numeric) AND (ss_wholesale_cost <= '100'::numeric))
                                       Rows Removed by Filter: 241836126
                                       Buffers: shared hit=41321 read=5124231
                                 ->  Hash  (cost=2569.73..2569.73 rows=31 width=4) (actual time=19.163..19.163 rows=31 loops=1)
                                       Buckets: 1024  Batches: 1  Memory Usage: 10kB
                                       Buffers: shared hit=1474
                                       ->  Seq Scan on date_dim  (cost=0.00..2569.73 rows=31 width=4) (actual time=11.217..19.151 rows=31 loops=1)
                                             Filter: ((d_year = 1998) AND (d_moy = 10))
                                             Rows Removed by Filter: 73018
                                             Buffers: shared hit=1474
                           ->  Hash  (cost=16906.00..16906.00 rows=42412 width=12) (actual time=107.824..107.825 rows=42041 loops=1)
                                 Buckets: 65536  Batches: 1  Memory Usage: 2319kB
                                 Buffers: shared hit=14055 read=301
                                 ->  Seq Scan on item  (cost=0.00..16906.00 rows=42412 width=12) (actual time=0.017..101.694 rows=42041 loops=1)
                                       Filter: (i_category = 'Electronics'::bpchar)
                                       Rows Removed by Filter: 161959
                                       Buffers: shared hit=14055 read=301
                     ->  Index Scan using customer_pkey on customer  (cost=0.43..7.65 rows=1 width=8) (actual time=0.020..0.020 rows=0 loops=99131)
                           Index Cond: (c_customer_sk = store_sales.ss_customer_sk)
                           Filter: (c_birth_month = 6)
                           Rows Removed by Filter: 1
                           Buffers: shared hit=391720 read=8
               ->  Index Scan using customer_address_pkey on customer_address  (cost=0.42..7.66 rows=1 width=15) (actual time=0.024..0.024 rows=0 loops=3271)
                     Index Cond: (ca_address_sk = customer.c_current_addr_sk)
                     Filter: (ca_state = 'FL'::bpchar)
                     Rows Removed by Filter: 1
                     Buffers: shared hit=11886 read=1198
         ->  Index Scan using store_pkey on store  (cost=0.15..5.72 rows=1 width=15) (actual time=0.006..0.006 rows=1 loops=60)
               Index Cond: (s_store_sk = store_sales.ss_store_sk)
               Buffers: shared hit=118
 Planning:
   Buffers: shared hit=460
 Planning Time: 3.156 ms
 Execution Time: 71637.472 ms
(51 rows)

