                                                                            QUERY PLAN                                                                            
------------------------------------------------------------------------------------------------------------------------------------------------------------------
 Aggregate  (cost=9641224.95..9641224.96 rows=1 width=40) (actual time=75952.195..75952.200 rows=1 loops=1)
   Buffers: shared hit=285025 read=5131363
   ->  Nested Loop  (cost=19643.37..9641224.94 rows=1 width=14) (actual time=66149.204..75952.058 rows=135 loops=1)
         Join Filter: ("substring"((customer_address.ca_zip)::text, 1, 5) <> "substring"((store.s_zip)::text, 1, 5))
         Rows Removed by Join Filter: 1
         Buffers: shared hit=285025 read=5131363
         ->  Nested Loop  (cost=19642.95..9639652.35 rows=205 width=29) (actual time=66143.635..75817.818 rows=8540 loops=1)
               Buffers: shared hit=256150 read=5126078
               ->  Hash Join  (cost=19642.52..9630303.63 rows=1222 width=29) (actual time=66143.052..75114.232 rows=50474 loops=1)
                     Hash Cond: (store_sales.ss_item_sk = item.i_item_sk)
                     Buffers: shared hit=55814 read=5125790
                     ->  Nested Loop  (cost=2570.25..9613182.16 rows=18747 width=25) (actual time=66039.280..74941.680 rows=431903 loops=1)
                           Buffers: shared hit=41684 read=5125564
                           ->  Hash Join  (cost=2570.10..9612074.92 rows=18747 width=18) (actual time=66039.232..74801.326 rows=437313 loops=1)
                                 Hash Cond: (store_sales.ss_sold_date_sk = date_dim.d_date_sk)
                                 Buffers: shared hit=41462 read=5125564
                                 ->  Seq Scan on store_sales  (cost=0.00..9485539.52 rows=47222264 width=22) (actual time=0.592..71861.749 rows=46662186 loops=1)
                                       Filter: ((ss_wholesale_cost >= '48'::numeric) AND (ss_wholesale_cost <= '68'::numeric))
                                       Rows Removed by Filter: 241334838
                                       Buffers: shared hit=39988 read=5125564
                                 ->  Hash  (cost=2569.73..2569.73 rows=29 width=4) (actual time=23.026..23.027 rows=30 loops=1)
                                       Buckets: 1024  Batches: 1  Memory Usage: 10kB
                                       Buffers: shared hit=1474
                                       ->  Seq Scan on date_dim  (cost=0.00..2569.73 rows=29 width=4) (actual time=12.350..23.013 rows=30 loops=1)
                                             Filter: ((d_year = 2002) AND (d_moy = 11))
                                             Rows Removed by Filter: 73019
                                             Buffers: shared hit=1474
                           ->  Memoize  (cost=0.16..5.73 rows=1 width=15) (actual time=0.000..0.000 rows=1 loops=437313)
                                 Cache Key: store_sales.ss_store_sk
                                 Cache Mode: logical
                                 Hits: 437201  Misses: 112  Evictions: 0  Overflows: 0  Memory Usage: 13kB
                                 Buffers: shared hit=222
                                 ->  Index Scan using store_pkey on store  (cost=0.15..5.72 rows=1 width=15) (actual time=0.005..0.005 rows=1 loops=112)
                                       Index Cond: (s_store_sk = store_sales.ss_store_sk)
                                       Buffers: shared hit=222
                     ->  Hash  (cost=16906.00..16906.00 rows=13301 width=12) (actual time=103.626..103.627 rows=13933 loops=1)
                           Buckets: 16384  Batches: 1  Memory Usage: 727kB
                           Buffers: shared hit=14130 read=226
                           ->  Seq Scan on item  (cost=0.00..16906.00 rows=13301 width=12) (actual time=0.017..101.301 rows=13933 loops=1)
                                 Filter: (i_category = 'Men'::bpchar)
                                 Rows Removed by Filter: 190067
                                 Buffers: shared hit=14130 read=226
               ->  Index Scan using customer_pkey on customer  (cost=0.43..7.65 rows=1 width=8) (actual time=0.014..0.014 rows=0 loops=50474)
                     Index Cond: (c_customer_sk = store_sales.ss_customer_sk)
                     Filter: (c_birth_month = 4)
                     Rows Removed by Filter: 1
                     Buffers: shared hit=200336 read=288
         ->  Index Scan using customer_address_pkey on customer_address  (cost=0.42..7.65 rows=1 width=15) (actual time=0.015..0.015 rows=0 loops=8540)
               Index Cond: (ca_address_sk = customer.c_current_addr_sk)
               Filter: (ca_state = 'DC'::bpchar)
               Rows Removed by Filter: 1
               Buffers: shared hit=28875 read=5285
 Planning:
   Buffers: shared hit=460
 Planning Time: 4.735 ms
 Execution Time: 75952.728 ms
(56 rows)

