                                                                            QUERY PLAN                                                                            
------------------------------------------------------------------------------------------------------------------------------------------------------------------
 Aggregate  (cost=9656929.26..9656929.27 rows=1 width=40) (actual time=77551.889..77551.895 rows=1 loops=1)
   Buffers: shared hit=542928 read=5131884
   ->  Hash Join  (cost=20034.16..9656929.21 rows=6 width=14) (actual time=58676.630..77551.707 rows=132 loops=1)
         Hash Cond: (store_sales.ss_store_sk = store.s_store_sk)
         Join Filter: ("substring"((customer_address.ca_zip)::text, 1, 5) <> "substring"((store.s_zip)::text, 1, 5))
         Rows Removed by Join Filter: 8
         Buffers: shared hit=542928 read=5131884
         ->  Nested Loop  (cost=20007.11..9656902.15 rows=6 width=29) (actual time=58675.835..77550.528 rows=140 loops=1)
               Buffers: shared hit=542910 read=5131884
               ->  Nested Loop  (cost=20006.69..9654836.40 rows=270 width=22) (actual time=58632.089..77384.339 rows=8054 loops=1)
                     Buffers: shared hit=515557 read=5127021
                     ->  Hash Join  (cost=20006.26..9625099.53 rows=3887 width=22) (actual time=58631.928..75214.394 rows=116693 loops=1)
                           Hash Cond: (store_sales.ss_item_sk = item.i_item_sk)
                           Buffers: shared hit=55740 read=5125642
                           ->  Hash Join  (cost=2570.11..9607614.30 rows=18696 width=18) (actual time=58525.784..74985.241 rows=597403 loops=1)
                                 Hash Cond: (store_sales.ss_sold_date_sk = date_dim.d_date_sk)
                                 Buffers: shared hit=41601 read=5125425
                                 ->  Seq Scan on store_sales  (cost=0.00..9485539.52 rows=45523068 width=22) (actual time=0.206..72097.710 rows=45442997 loops=1)
                                       Filter: ((ss_wholesale_cost >= '36'::numeric) AND (ss_wholesale_cost <= '56'::numeric))
                                       Rows Removed by Filter: 242554027
                                       Buffers: shared hit=40127 read=5125425
                                 ->  Hash  (cost=2569.73..2569.73 rows=30 width=4) (actual time=25.366..25.367 rows=30 loops=1)
                                       Buckets: 1024  Batches: 1  Memory Usage: 10kB
                                       Buffers: shared hit=1474
                                       ->  Seq Scan on date_dim  (cost=0.00..2569.73 rows=30 width=4) (actual time=16.732..25.358 rows=30 loops=1)
                                             Filter: ((d_year = 2002) AND (d_moy = 6))
                                             Rows Removed by Filter: 73019
                                             Buffers: shared hit=1474
                           ->  Hash  (cost=16906.00..16906.00 rows=42412 width=12) (actual time=105.901..105.902 rows=42041 loops=1)
                                 Buckets: 65536  Batches: 1  Memory Usage: 2319kB
                                 Buffers: shared hit=14139 read=217
                                 ->  Seq Scan on item  (cost=0.00..16906.00 rows=42412 width=12) (actual time=0.016..99.810 rows=42041 loops=1)
                                       Filter: (i_category = 'Electronics'::bpchar)
                                       Rows Removed by Filter: 161959
                                       Buffers: shared hit=14139 read=217
                     ->  Index Scan using customer_pkey on customer  (cost=0.43..7.65 rows=1 width=8) (actual time=0.018..0.018 rows=0 loops=116693)
                           Index Cond: (c_customer_sk = store_sales.ss_customer_sk)
                           Filter: (c_birth_month = 12)
                           Rows Removed by Filter: 1
                           Buffers: shared hit=459817 read=1379
               ->  Index Scan using customer_address_pkey on customer_address  (cost=0.42..7.65 rows=1 width=15) (actual time=0.020..0.020 rows=0 loops=8054)
                     Index Cond: (ca_address_sk = customer.c_current_addr_sk)
                     Filter: (ca_state = 'WI'::bpchar)
                     Rows Removed by Filter: 1
                     Buffers: shared hit=27353 read=4863
         ->  Hash  (cost=22.02..22.02 rows=402 width=15) (actual time=0.771..0.772 rows=402 loops=1)
               Buckets: 1024  Batches: 1  Memory Usage: 27kB
               Buffers: shared hit=18
               ->  Seq Scan on store  (cost=0.00..22.02 rows=402 width=15) (actual time=0.026..0.633 rows=402 loops=1)
                     Buffers: shared hit=18
 Planning:
   Buffers: shared hit=460
 Planning Time: 4.175 ms
 Execution Time: 77552.306 ms
(54 rows)

