                                                                            QUERY PLAN                                                                            
------------------------------------------------------------------------------------------------------------------------------------------------------------------
 Aggregate  (cost=9723408.86..9723408.87 rows=1 width=40) (actual time=74612.126..74612.131 rows=1 loops=1)
   Buffers: shared hit=204535 read=5121921
   ->  Nested Loop  (cost=19589.32..9723408.85 rows=2 width=14) (actual time=63667.849..74612.089 rows=17 loops=1)
         Join Filter: ("substring"((customer_address.ca_zip)::text, 1, 5) <> "substring"((store.s_zip)::text, 1, 5))
         Buffers: shared hit=204535 read=5121921
         ->  Nested Loop  (cost=19589.17..9723397.36 rows=2 width=29) (actual time=63667.831..74611.895 rows=17 loops=1)
               Buffers: shared hit=204501 read=5121921
               ->  Nested Loop  (cost=19588.75..9722953.44 rows=58 width=22) (actual time=63659.454..74594.125 rows=1485 loops=1)
                     Buffers: shared hit=199522 read=5120960
                     ->  Hash Join  (cost=19588.32..9711715.11 rows=1469 width=22) (actual time=63657.956..74246.302 rows=35190 loops=1)
                           Hash Cond: (store_sales.ss_item_sk = item.i_item_sk)
                           Buffers: shared hit=61084 read=5120298
                           ->  Hash Join  (cost=2570.12..9694609.28 rows=33382 width=18) (actual time=63564.266..73995.024 rows=1597154 loops=1)
                                 Hash Cond: (store_sales.ss_sold_date_sk = date_dim.d_date_sk)
                                 Buffers: shared hit=46934 read=5120092
                                 ->  Seq Scan on store_sales  (cost=0.00..9485539.52 rows=78662172 width=22) (actual time=1.712..69265.034 rows=78419996 loops=1)
                                       Filter: ((ss_wholesale_cost >= '71'::numeric) AND (ss_wholesale_cost <= '91'::numeric))
                                       Rows Removed by Filter: 209577028
                                       Buffers: shared hit=45460 read=5120092
                                 ->  Hash  (cost=2569.73..2569.73 rows=31 width=4) (actual time=22.671..22.672 rows=31 loops=1)
                                       Buckets: 1024  Batches: 1  Memory Usage: 10kB
                                       Buffers: shared hit=1474
                                       ->  Seq Scan on date_dim  (cost=0.00..2569.73 rows=31 width=4) (actual time=13.063..22.656 rows=31 loops=1)
                                             Filter: ((d_year = 2002) AND (d_moy = 10))
                                             Rows Removed by Filter: 73018
                                             Buffers: shared hit=1474
                           ->  Hash  (cost=16906.00..16906.00 rows=8976 width=12) (actual time=93.570..93.571 rows=8826 loops=1)
                                 Buckets: 16384  Batches: 1  Memory Usage: 508kB
                                 Buffers: shared hit=14150 read=206
                                 ->  Seq Scan on item  (cost=0.00..16906.00 rows=8976 width=12) (actual time=0.014..92.194 rows=8826 loops=1)
                                       Filter: (i_category = 'Jewelry'::bpchar)
                                       Rows Removed by Filter: 195174
                                       Buffers: shared hit=14150 read=206
                     ->  Index Scan using customer_pkey on customer  (cost=0.43..7.65 rows=1 width=8) (actual time=0.010..0.010 rows=0 loops=35190)
                           Index Cond: (c_customer_sk = store_sales.ss_customer_sk)
                           Filter: (c_birth_month = 9)
                           Rows Removed by Filter: 1
                           Buffers: shared hit=138438 read=662
               ->  Index Scan using customer_address_pkey on customer_address  (cost=0.42..7.65 rows=1 width=15) (actual time=0.012..0.012 rows=0 loops=1485)
                     Index Cond: (ca_address_sk = customer.c_current_addr_sk)
                     Filter: (ca_state = 'IL'::bpchar)
                     Rows Removed by Filter: 1
                     Buffers: shared hit=4979 read=961
         ->  Index Scan using store_pkey on store  (cost=0.15..5.72 rows=1 width=15) (actual time=0.006..0.006 rows=1 loops=17)
               Index Cond: (s_store_sk = store_sales.ss_store_sk)
               Buffers: shared hit=34
 Planning:
   Buffers: shared hit=460
 Planning Time: 4.833 ms
 Execution Time: 74612.677 ms
(50 rows)

