                                                                            QUERY PLAN                                                                            
------------------------------------------------------------------------------------------------------------------------------------------------------------------
 Aggregate  (cost=9747654.22..9747654.23 rows=1 width=40) (actual time=77134.202..77134.209 rows=1 loops=1)
   Buffers: shared hit=612439 read=5147841
   ->  Hash Join  (cost=19817.16..9747654.12 rows=13 width=14) (actual time=41940.871..77133.912 rows=319 loops=1)
         Hash Cond: (store_sales.ss_store_sk = store.s_store_sk)
         Join Filter: ("substring"((customer_address.ca_zip)::text, 1, 5) <> "substring"((store.s_zip)::text, 1, 5))
         Rows Removed by Join Filter: 5
         Buffers: shared hit=612439 read=5147841
         ->  Nested Loop  (cost=19790.11..9747627.04 rows=13 width=29) (actual time=41939.984..77132.339 rows=326 loops=1)
               Buffers: shared hit=612421 read=5147841
               ->  Nested Loop  (cost=19789.69..9743274.74 rows=569 width=22) (actual time=41930.434..76792.049 rows=17839 loops=1)
                     Buffers: shared hit=552553 read=5136353
                     ->  Hash Join  (cost=19789.26..9711916.05 rows=4099 width=22) (actual time=41930.176..74613.338 rows=128399 loops=1)
                           Hash Cond: (store_sales.ss_item_sk = item.i_item_sk)
                           Buffers: shared hit=48548 read=5132834
                           ->  Hash Join  (cost=2570.12..9694609.28 rows=33382 width=18) (actual time=41828.053..74293.039 rows=1438043 loops=1)
                                 Hash Cond: (store_sales.ss_sold_date_sk = date_dim.d_date_sk)
                                 Buffers: shared hit=34398 read=5132628
                                 ->  Seq Scan on store_sales  (cost=0.00..9485539.52 rows=78662172 width=22) (actual time=0.620..69501.483 rows=78419996 loops=1)
                                       Filter: ((ss_wholesale_cost >= '70'::numeric) AND (ss_wholesale_cost <= '90'::numeric))
                                       Rows Removed by Filter: 209577028
                                       Buffers: shared hit=32924 read=5132628
                                 ->  Hash  (cost=2569.73..2569.73 rows=31 width=4) (actual time=20.741..20.742 rows=31 loops=1)
                                       Buckets: 1024  Batches: 1  Memory Usage: 10kB
                                       Buffers: shared hit=1474
                                       ->  Seq Scan on date_dim  (cost=0.00..2569.73 rows=31 width=4) (actual time=11.357..20.731 rows=31 loops=1)
                                             Filter: ((d_year = 2001) AND (d_moy = 3))
                                             Rows Removed by Filter: 73018
                                             Buffers: shared hit=1474
                           ->  Hash  (cost=16906.00..16906.00 rows=25051 width=12) (actual time=101.984..101.985 rows=24688 loops=1)
                                 Buckets: 32768  Batches: 1  Memory Usage: 1317kB
                                 Buffers: shared hit=14150 read=206
                                 ->  Seq Scan on item  (cost=0.00..16906.00 rows=25051 width=12) (actual time=0.016..98.349 rows=24688 loops=1)
                                       Filter: (i_category = 'Books'::bpchar)
                                       Rows Removed by Filter: 179312
                                       Buffers: shared hit=14150 read=206
                     ->  Index Scan using customer_pkey on customer  (cost=0.43..7.65 rows=1 width=8) (actual time=0.017..0.017 rows=0 loops=128399)
                           Index Cond: (c_customer_sk = store_sales.ss_customer_sk)
                           Filter: (c_birth_month = 10)
                           Rows Removed by Filter: 1
                           Buffers: shared hit=504005 read=3519
               ->  Index Scan using customer_address_pkey on customer_address  (cost=0.42..7.65 rows=1 width=15) (actual time=0.019..0.019 rows=0 loops=17839)
                     Index Cond: (ca_address_sk = customer.c_current_addr_sk)
                     Filter: (ca_state = 'OK'::bpchar)
                     Rows Removed by Filter: 1
                     Buffers: shared hit=59868 read=11488
         ->  Hash  (cost=22.02..22.02 rows=402 width=15) (actual time=0.854..0.854 rows=402 loops=1)
               Buckets: 1024  Batches: 1  Memory Usage: 27kB
               Buffers: shared hit=18
               ->  Seq Scan on store  (cost=0.00..22.02 rows=402 width=15) (actual time=0.031..0.689 rows=402 loops=1)
                     Buffers: shared hit=18
 Planning:
   Buffers: shared hit=460
 Planning Time: 4.844 ms
 Execution Time: 77134.738 ms
(54 rows)

