                                                                             QUERY PLAN                                                                              
---------------------------------------------------------------------------------------------------------------------------------------------------------------------
 Aggregate  (cost=9813817.30..9813817.31 rows=1 width=40) (actual time=109651.955..109651.960 rows=1 loops=1)
   Buffers: shared hit=5183808 read=5145030
   ->  Nested Loop  (cost=2571.53..9813817.29 rows=2 width=14) (actual time=63683.819..109651.867 rows=38 loops=1)
         Join Filter: ("substring"((customer_address.ca_zip)::text, 1, 5) <> "substring"((store.s_zip)::text, 1, 5))
         Buffers: shared hit=5183808 read=5145030
         ->  Nested Loop  (cost=2571.38..9813805.80 rows=2 width=29) (actual time=63683.778..109650.746 rows=40 loops=1)
               Buffers: shared hit=5183733 read=5145029
               ->  Nested Loop  (cost=2570.96..9813508.01 rows=39 width=25) (actual time=62923.558..109599.997 rows=1683 loops=1)
                     Buffers: shared hit=5178393 read=5143637
                     ->  Nested Loop  (cost=2570.54..9801633.75 rows=1552 width=18) (actual time=62891.325..107499.266 rows=81512 loops=1)
                           Buffers: shared hit=4864271 read=5131711
                           ->  Hash Join  (cost=2570.11..9630824.73 rows=22327 width=18) (actual time=62890.770..77735.156 rows=1221958 loops=1)
                                 Hash Cond: (store_sales.ss_sold_date_sk = date_dim.d_date_sk)
                                 Buffers: shared hit=38825 read=5128201
                                 ->  Seq Scan on store_sales  (cost=0.00..9485539.52 rows=54364643 width=22) (actual time=0.721..74002.529 rows=53574682 loops=1)
                                       Filter: ((ss_wholesale_cost >= '44'::numeric) AND (ss_wholesale_cost <= '64'::numeric))
                                       Rows Removed by Filter: 234422342
                                       Buffers: shared hit=37351 read=5128201
                                 ->  Hash  (cost=2569.73..2569.73 rows=30 width=4) (actual time=22.536..22.537 rows=30 loops=1)
                                       Buckets: 1024  Batches: 1  Memory Usage: 10kB
                                       Buffers: shared hit=1474
                                       ->  Seq Scan on date_dim  (cost=0.00..2569.73 rows=30 width=4) (actual time=12.994..22.520 rows=30 loops=1)
                                             Filter: ((d_year = 2002) AND (d_moy = 9))
                                             Rows Removed by Filter: 73019
                                             Buffers: shared hit=1474
                           ->  Index Scan using customer_pkey on customer  (cost=0.43..7.65 rows=1 width=8) (actual time=0.024..0.024 rows=0 loops=1221958)
                                 Index Cond: (c_customer_sk = store_sales.ss_customer_sk)
                                 Filter: (c_birth_month = 12)
                                 Rows Removed by Filter: 1
                                 Buffers: shared hit=4825446 read=3510
                     ->  Index Scan using customer_address_pkey on customer_address  (cost=0.42..7.65 rows=1 width=15) (actual time=0.025..0.025 rows=0 loops=81512)
                           Index Cond: (ca_address_sk = customer.c_current_addr_sk)
                           Filter: (ca_state = 'MS'::bpchar)
                           Rows Removed by Filter: 1
                           Buffers: shared hit=314122 read=11926
               ->  Index Scan using item_pkey on item  (cost=0.42..7.64 rows=1 width=12) (actual time=0.029..0.029 rows=0 loops=1683)
                     Index Cond: (i_item_sk = store_sales.ss_item_sk)
                     Filter: (i_category = 'Women'::bpchar)
                     Rows Removed by Filter: 1
                     Buffers: shared hit=5340 read=1392
         ->  Index Scan using store_pkey on store  (cost=0.15..5.72 rows=1 width=15) (actual time=0.022..0.022 rows=1 loops=40)
               Index Cond: (s_store_sk = store_sales.ss_store_sk)
               Buffers: shared hit=75 read=1
 Planning:
   Buffers: shared hit=460
 Planning Time: 4.632 ms
 Execution Time: 109652.461 ms
(47 rows)

