                                                                            QUERY PLAN                                                                            
------------------------------------------------------------------------------------------------------------------------------------------------------------------
 Aggregate  (cost=9661937.77..9661937.78 rows=1 width=40) (actual time=78147.305..78147.310 rows=1 loops=1)
   Buffers: shared hit=321794 read=5133810
   ->  Hash Join  (cost=19715.58..9661937.73 rows=5 width=14) (actual time=61276.496..78147.169 rows=135 loops=1)
         Hash Cond: (store_sales.ss_store_sk = store.s_store_sk)
         Join Filter: ("substring"((customer_address.ca_zip)::text, 1, 5) <> "substring"((store.s_zip)::text, 1, 5))
         Rows Removed by Join Filter: 1
         Buffers: shared hit=321794 read=5133810
         ->  Nested Loop  (cost=19688.54..9661910.68 rows=5 width=29) (actual time=61275.314..78145.669 rows=136 loops=1)
               Buffers: shared hit=321777 read=5133809
               ->  Nested Loop  (cost=19688.11..9660480.16 rows=187 width=22) (actual time=61272.694..78049.256 rows=6001 loops=1)
                     Buffers: shared hit=299435 read=5132147
                     ->  Hash Join  (cost=19687.68..9646036.33 rows=1888 width=22) (actual time=61272.659..77155.675 rows=63245 loops=1)
                           Hash Cond: (store_sales.ss_item_sk = item.i_item_sk)
                           Buffers: shared hit=49251 read=5132131
                           ->  Hash Join  (cost=2570.12..9628859.04 rows=22753 width=18) (actual time=61155.043..76944.786 rows=802864 loops=1)
                                 Hash Cond: (store_sales.ss_sold_date_sk = date_dim.d_date_sk)
                                 Buffers: shared hit=35028 read=5131998
                                 ->  Seq Scan on store_sales  (cost=0.00..9485539.52 rows=53615846 width=22) (actual time=0.257..73547.955 rows=54283934 loops=1)
                                       Filter: ((ss_wholesale_cost >= '1'::numeric) AND (ss_wholesale_cost <= '21'::numeric))
                                       Rows Removed by Filter: 233713090
                                       Buffers: shared hit=34236 read=5131316
                                 ->  Hash  (cost=2569.73..2569.73 rows=31 width=4) (actual time=22.935..22.936 rows=31 loops=1)
                                       Buckets: 1024  Batches: 1  Memory Usage: 10kB
                                       Buffers: shared hit=792 read=682
                                       ->  Seq Scan on date_dim  (cost=0.00..2569.73 rows=31 width=4) (actual time=13.104..22.922 rows=31 loops=1)
                                             Filter: ((d_year = 2002) AND (d_moy = 7))
                                             Rows Removed by Filter: 73018
                                             Buffers: shared hit=792 read=682
                           ->  Hash  (cost=16906.00..16906.00 rows=16925 width=12) (actual time=98.300..98.301 rows=17141 loops=1)
                                 Buckets: 32768  Batches: 1  Memory Usage: 993kB
                                 Buffers: shared hit=14223 read=133
                                 ->  Seq Scan on item  (cost=0.00..16906.00 rows=16925 width=12) (actual time=0.016..95.728 rows=17141 loops=1)
                                       Filter: (i_category = 'Home'::bpchar)
                                       Rows Removed by Filter: 186859
                                       Buffers: shared hit=14223 read=133
                     ->  Index Scan using customer_pkey on customer  (cost=0.43..7.65 rows=1 width=8) (actual time=0.014..0.014 rows=0 loops=63245)
                           Index Cond: (c_customer_sk = store_sales.ss_customer_sk)
                           Filter: (c_birth_month = 1)
                           Rows Removed by Filter: 1
                           Buffers: shared hit=250184 read=16
               ->  Index Scan using customer_address_pkey on customer_address  (cost=0.42..7.65 rows=1 width=15) (actual time=0.016..0.016 rows=0 loops=6001)
                     Index Cond: (ca_address_sk = customer.c_current_addr_sk)
                     Filter: (ca_state = 'TN'::bpchar)
                     Rows Removed by Filter: 1
                     Buffers: shared hit=22342 read=1662
         ->  Hash  (cost=22.02..22.02 rows=402 width=15) (actual time=1.149..1.150 rows=402 loops=1)
               Buckets: 1024  Batches: 1  Memory Usage: 27kB
               Buffers: shared hit=17 read=1
               ->  Seq Scan on store  (cost=0.00..22.02 rows=402 width=15) (actual time=0.032..0.990 rows=402 loops=1)
                     Buffers: shared hit=17 read=1
 Planning:
   Buffers: shared hit=460
 Planning Time: 4.870 ms
 Execution Time: 78147.871 ms
(54 rows)

