                                                                            QUERY PLAN                                                                            
------------------------------------------------------------------------------------------------------------------------------------------------------------------
 Aggregate  (cost=9632068.56..9632068.57 rows=1 width=40) (actual time=79100.609..79100.615 rows=1 loops=1)
   Buffers: shared hit=780271 read=5138385
   ->  Hash Join  (cost=19777.11..9632068.49 rows=9 width=14) (actual time=39237.722..79100.239 rows=300 loops=1)
         Hash Cond: (store_sales.ss_store_sk = store.s_store_sk)
         Join Filter: ("substring"((customer_address.ca_zip)::text, 1, 5) <> "substring"((store.s_zip)::text, 1, 5))
         Rows Removed by Join Filter: 10
         Buffers: shared hit=780271 read=5138385
         ->  Nested Loop  (cost=19750.06..9632041.42 rows=9 width=29) (actual time=39236.901..79098.657 rows=313 loops=1)
               Buffers: shared hit=780253 read=5138385
               ->  Nested Loop  (cost=19749.64..9630633.86 rows=184 width=22) (actual time=39209.296..78813.898 rows=16416 loops=1)
                     Buffers: shared hit=719039 read=5133935
                     ->  Hash Join  (cost=19749.21..9616396.57 rows=1861 width=22) (actual time=39208.733..76188.332 rows=169891 loops=1)
                           Hash Cond: (store_sales.ss_item_sk = item.i_item_sk)
                           Buffers: shared hit=47493 read=5133889
                           ->  Hash Join  (cost=2570.11..9599171.86 rows=17375 width=18) (actual time=39070.203..75871.988 rows=1327784 loops=1)
                                 Hash Cond: (store_sales.ss_sold_date_sk = date_dim.d_date_sk)
                                 Buffers: shared hit=33270 read=5133756
                                 ->  Seq Scan on store_sales  (cost=0.00..9485539.52 rows=42307078 width=22) (actual time=0.031..73044.409 rows=43022880 loops=1)
                                       Filter: ((ss_wholesale_cost >= '3'::numeric) AND (ss_wholesale_cost <= '23'::numeric))
                                       Rows Removed by Filter: 244974144
                                       Buffers: shared hit=31860 read=5133692
                                 ->  Hash  (cost=2569.73..2569.73 rows=30 width=4) (actual time=22.085..22.086 rows=31 loops=1)
                                       Buckets: 1024  Batches: 1  Memory Usage: 10kB
                                       Buffers: shared hit=1410 read=64
                                       ->  Seq Scan on date_dim  (cost=0.00..2569.73 rows=30 width=4) (actual time=13.095..22.071 rows=31 loops=1)
                                             Filter: ((d_year = 2000) AND (d_moy = 12))
                                             Rows Removed by Filter: 73018
                                             Buffers: shared hit=1410 read=64
                           ->  Hash  (cost=16906.00..16906.00 rows=21848 width=12) (actual time=97.367..97.368 rows=21811 loops=1)
                                 Buckets: 32768  Batches: 1  Memory Usage: 1193kB
                                 Buffers: shared hit=14223 read=133
                                 ->  Seq Scan on item  (cost=0.00..16906.00 rows=21848 width=12) (actual time=0.023..94.230 rows=21811 loops=1)
                                       Filter: (i_category = 'Sports'::bpchar)
                                       Rows Removed by Filter: 182189
                                       Buffers: shared hit=14223 read=133
                     ->  Index Scan using customer_pkey on customer  (cost=0.43..7.65 rows=1 width=8) (actual time=0.015..0.015 rows=0 loops=169891)
                           Index Cond: (c_customer_sk = store_sales.ss_customer_sk)
                           Filter: (c_birth_month = 1)
                           Rows Removed by Filter: 1
                           Buffers: shared hit=671546 read=46
               ->  Index Scan using customer_address_pkey on customer_address  (cost=0.42..7.65 rows=1 width=15) (actual time=0.017..0.017 rows=0 loops=16416)
                     Index Cond: (ca_address_sk = customer.c_current_addr_sk)
                     Filter: (ca_state = 'GA'::bpchar)
                     Rows Removed by Filter: 1
                     Buffers: shared hit=61214 read=4450
         ->  Hash  (cost=22.02..22.02 rows=402 width=15) (actual time=0.788..0.789 rows=402 loops=1)
               Buckets: 1024  Batches: 1  Memory Usage: 27kB
               Buffers: shared hit=18
               ->  Seq Scan on store  (cost=0.00..22.02 rows=402 width=15) (actual time=0.030..0.646 rows=402 loops=1)
                     Buffers: shared hit=18
 Planning:
   Buffers: shared hit=460
 Planning Time: 4.801 ms
 Execution Time: 79101.149 ms
(54 rows)

