                                                                            QUERY PLAN                                                                            
------------------------------------------------------------------------------------------------------------------------------------------------------------------
 Aggregate  (cost=9773635.88..9773635.89 rows=1 width=40) (actual time=89186.819..89186.824 rows=1 loops=1)
   Buffers: shared hit=3059443 read=5144111
   ->  Nested Loop  (cost=2571.53..9773635.80 rows=11 width=14) (actual time=10725.447..89186.569 rows=99 loops=1)
         Join Filter: ("substring"((customer_address.ca_zip)::text, 1, 5) <> "substring"((store.s_zip)::text, 1, 5))
         Rows Removed by Join Filter: 5
         Buffers: shared hit=3059443 read=5144111
         ->  Nested Loop  (cost=2571.38..9773572.63 rows=11 width=29) (actual time=10725.417..89184.887 rows=105 loops=1)
               Buffers: shared hit=3059244 read=5144102
               ->  Nested Loop  (cost=2570.96..9772494.11 rows=141 width=22) (actual time=10499.522..88999.797 rows=6354 loops=1)
                     Buffers: shared hit=3036728 read=5141202
                     ->  Nested Loop  (cost=2570.54..9752527.03 rows=2615 width=18) (actual time=10499.492..86700.814 rows=92445 loops=1)
                           Buffers: shared hit=2676245 read=5131905
                           ->  Hash Join  (cost=2570.11..9608471.14 rows=18830 width=18) (actual time=10499.396..70823.378 rows=668321 loops=1)
                                 Hash Cond: (store_sales.ss_sold_date_sk = date_dim.d_date_sk)
                                 Buffers: shared hit=35123 read=5131903
                                 ->  Seq Scan on store_sales  (cost=0.00..9485539.52 rows=45849467 width=22) (actual time=0.039..67725.506 rows=46160898 loops=1)
                                       Filter: ((ss_wholesale_cost >= '80'::numeric) AND (ss_wholesale_cost <= '100'::numeric))
                                       Rows Removed by Filter: 241836126
                                       Buffers: shared hit=33649 read=5131903
                                 ->  Hash  (cost=2569.73..2569.73 rows=30 width=4) (actual time=16.783..16.784 rows=31 loops=1)
                                       Buckets: 1024  Batches: 1  Memory Usage: 10kB
                                       Buffers: shared hit=1474
                                       ->  Seq Scan on date_dim  (cost=0.00..2569.73 rows=30 width=4) (actual time=9.272..16.752 rows=31 loops=1)
                                             Filter: ((d_year = 1998) AND (d_moy = 12))
                                             Rows Removed by Filter: 73018
                                             Buffers: shared hit=1474
                           ->  Index Scan using customer_pkey on customer  (cost=0.43..7.65 rows=1 width=8) (actual time=0.023..0.023 rows=0 loops=668321)
                                 Index Cond: (c_customer_sk = store_sales.ss_customer_sk)
                                 Filter: (c_birth_month = 10)
                                 Rows Removed by Filter: 1
                                 Buffers: shared hit=2641122 read=2
                     ->  Index Scan using item_pkey on item  (cost=0.42..7.64 rows=1 width=12) (actual time=0.024..0.024 rows=0 loops=92445)
                           Index Cond: (i_item_sk = store_sales.ss_item_sk)
                           Filter: (i_category = 'Women'::bpchar)
                           Rows Removed by Filter: 1
                           Buffers: shared hit=360483 read=9297
               ->  Index Scan using customer_address_pkey on customer_address  (cost=0.42..7.65 rows=1 width=15) (actual time=0.029..0.029 rows=0 loops=6354)
                     Index Cond: (ca_address_sk = customer.c_current_addr_sk)
                     Filter: (ca_state = 'TX'::bpchar)
                     Rows Removed by Filter: 1
                     Buffers: shared hit=22516 read=2900
         ->  Index Scan using store_pkey on store  (cost=0.15..5.72 rows=1 width=15) (actual time=0.009..0.009 rows=1 loops=105)
               Index Cond: (s_store_sk = store_sales.ss_store_sk)
               Buffers: shared hit=199 read=9
 Planning:
   Buffers: shared hit=460
 Planning Time: 2.209 ms
 Execution Time: 89187.118 ms
(48 rows)

