                                                                             QUERY PLAN                                                                              
---------------------------------------------------------------------------------------------------------------------------------------------------------------------
 Aggregate  (cost=9727277.39..9727277.40 rows=1 width=40) (actual time=92491.607..92491.612 rows=1 loops=1)
   Buffers: shared hit=2713608 read=5131306
   ->  Nested Loop  (cost=2571.50..9727277.39 rows=1 width=14) (actual time=26658.412..92491.544 rows=26 loops=1)
         Join Filter: ("substring"((customer_address.ca_zip)::text, 1, 5) <> "substring"((store.s_zip)::text, 1, 5))
         Buffers: shared hit=2713608 read=5131306
         ->  Nested Loop  (cost=2571.36..9727271.64 rows=1 width=29) (actual time=26658.382..92491.133 rows=26 loops=1)
               Buffers: shared hit=2713556 read=5131306
               ->  Nested Loop  (cost=2570.94..9727202.92 rows=9 width=25) (actual time=26033.626..92480.391 rows=423 loops=1)
                     Buffers: shared hit=2711910 read=5131260
                     ->  Nested Loop  (cost=2570.51..9723229.78 rows=519 width=18) (actual time=25984.343..91919.694 rows=21440 loops=1)
                           Buffers: shared hit=2631176 read=5126234
                           ->  Hash Join  (cost=2570.08..9599171.84 rows=16216 width=18) (actual time=25984.042..76720.949 rows=655509 loops=1)
                                 Hash Cond: (store_sales.ss_sold_date_sk = date_dim.d_date_sk)
                                 Buffers: shared hit=40792 read=5126234
                                 ->  Seq Scan on store_sales  (cost=0.00..9485539.52 rows=42307078 width=22) (actual time=0.046..73817.734 rows=43022880 loops=1)
                                       Filter: ((ss_wholesale_cost >= '2'::numeric) AND (ss_wholesale_cost <= '22'::numeric))
                                       Rows Removed by Filter: 244974144
                                       Buffers: shared hit=39319 read=5126233
                                 ->  Hash  (cost=2569.73..2569.73 rows=28 width=4) (actual time=18.108..18.109 rows=29 loops=1)
                                       Buckets: 1024  Batches: 1  Memory Usage: 10kB
                                       Buffers: shared hit=1473 read=1
                                       ->  Seq Scan on date_dim  (cost=0.00..2569.73 rows=28 width=4) (actual time=10.160..18.096 rows=29 loops=1)
                                             Filter: ((d_year = 2000) AND (d_moy = 2))
                                             Rows Removed by Filter: 73020
                                             Buffers: shared hit=1473 read=1
                           ->  Index Scan using customer_pkey on customer  (cost=0.43..7.65 rows=1 width=8) (actual time=0.023..0.023 rows=0 loops=655509)
                                 Index Cond: (c_customer_sk = store_sales.ss_customer_sk)
                                 Filter: (c_birth_month = 6)
                                 Rows Removed by Filter: 1
                                 Buffers: shared hit=2590384
                     ->  Index Scan using customer_address_pkey on customer_address  (cost=0.42..7.66 rows=1 width=15) (actual time=0.026..0.026 rows=0 loops=21440)
                           Index Cond: (ca_address_sk = customer.c_current_addr_sk)
                           Filter: (ca_state = 'NY'::bpchar)
                           Rows Removed by Filter: 1
                           Buffers: shared hit=80734 read=5026
               ->  Index Scan using item_pkey on item  (cost=0.42..7.64 rows=1 width=12) (actual time=0.025..0.025 rows=0 loops=423)
                     Index Cond: (i_item_sk = store_sales.ss_item_sk)
                     Filter: (i_category = 'Books'::bpchar)
                     Rows Removed by Filter: 1
                     Buffers: shared hit=1646 read=46
         ->  Index Scan using store_pkey on store  (cost=0.15..5.72 rows=1 width=15) (actual time=0.009..0.009 rows=1 loops=26)
               Index Cond: (s_store_sk = store_sales.ss_store_sk)
               Buffers: shared hit=52
 Planning:
   Buffers: shared hit=460
 Planning Time: 3.447 ms
 Execution Time: 92491.978 ms
(47 rows)

