                                                                            QUERY PLAN                                                                            
------------------------------------------------------------------------------------------------------------------------------------------------------------------
 Aggregate  (cost=9645758.58..9645758.59 rows=1 width=40) (actual time=81399.714..81399.720 rows=1 loops=1)
   Buffers: shared hit=1303253 read=5139587
   ->  Nested Loop  (cost=2571.53..9645758.56 rows=2 width=14) (actual time=21850.977..81399.594 rows=49 loops=1)
         Join Filter: ("substring"((customer_address.ca_zip)::text, 1, 5) <> "substring"((store.s_zip)::text, 1, 5))
         Buffers: shared hit=1303253 read=5139587
         ->  Nested Loop  (cost=2571.38..9645747.08 rows=2 width=29) (actual time=21850.941..81398.007 rows=49 loops=1)
               Buffers: shared hit=1303158 read=5139584
               ->  Nested Loop  (cost=2570.96..9645127.50 rows=81 width=22) (actual time=21670.748..81316.880 rows=2826 loops=1)
                     Buffers: shared hit=1293571 read=5137867
                     ->  Nested Loop  (cost=2570.53..9640644.39 rows=586 width=22) (actual time=21669.432..80805.803 rows=20295 loops=1)
                           Buffers: shared hit=1213291 read=5137867
                           ->  Hash Join  (cost=2570.11..9557614.88 rows=10874 width=18) (actual time=21642.565..74182.942 rows=296033 loops=1)
                                 Hash Cond: (store_sales.ss_sold_date_sk = date_dim.d_date_sk)
                                 Buffers: shared hit=37198 read=5129828
                                 ->  Seq Scan on store_sales  (cost=0.00..9485539.52 rows=26476724 width=22) (actual time=0.064..72344.352 rows=26847589 loops=1)
                                       Filter: ((ss_wholesale_cost >= '16'::numeric) AND (ss_wholesale_cost <= '36'::numeric))
                                       Rows Removed by Filter: 261149435
                                       Buffers: shared hit=35724 read=5129828
                                 ->  Hash  (cost=2569.73..2569.73 rows=30 width=4) (actual time=21.750..21.751 rows=30 loops=1)
                                       Buckets: 1024  Batches: 1  Memory Usage: 10kB
                                       Buffers: shared hit=1474
                                       ->  Seq Scan on date_dim  (cost=0.00..2569.73 rows=30 width=4) (actual time=12.355..21.734 rows=30 loops=1)
                                             Filter: ((d_year = 1999) AND (d_moy = 9))
                                             Rows Removed by Filter: 73019
                                             Buffers: shared hit=1474
                           ->  Index Scan using item_pkey on item  (cost=0.42..7.64 rows=1 width=12) (actual time=0.022..0.022 rows=0 loops=296033)
                                 Index Cond: (i_item_sk = store_sales.ss_item_sk)
                                 Filter: (i_category = 'Women'::bpchar)
                                 Rows Removed by Filter: 1
                                 Buffers: shared hit=1176093 read=8039
                     ->  Index Scan using customer_pkey on customer  (cost=0.43..7.65 rows=1 width=8) (actual time=0.025..0.025 rows=0 loops=20295)
                           Index Cond: (c_customer_sk = store_sales.ss_customer_sk)
                           Filter: (c_birth_month = 10)
                           Rows Removed by Filter: 1
                           Buffers: shared hit=80280
               ->  Index Scan using customer_address_pkey on customer_address  (cost=0.42..7.65 rows=1 width=15) (actual time=0.028..0.028 rows=0 loops=2826)
                     Index Cond: (ca_address_sk = customer.c_current_addr_sk)
                     Filter: (ca_state = 'IL'::bpchar)
                     Rows Removed by Filter: 1
                     Buffers: shared hit=9587 read=1717
         ->  Index Scan using store_pkey on store  (cost=0.15..5.72 rows=1 width=15) (actual time=0.026..0.026 rows=1 loops=49)
               Index Cond: (s_store_sk = store_sales.ss_store_sk)
               Buffers: shared hit=95 read=3
 Planning:
   Buffers: shared hit=460
 Planning Time: 4.804 ms
 Execution Time: 81400.224 ms
(47 rows)

