                                                                            QUERY PLAN                                                                            
------------------------------------------------------------------------------------------------------------------------------------------------------------------
 Aggregate  (cost=9766670.17..9766670.18 rows=1 width=40) (actual time=78214.908..78214.914 rows=1 loops=1)
   Buffers: shared hit=534135 read=5135457
   ->  Hash Join  (cost=19777.11..9766670.10 rows=9 width=14) (actual time=28463.462..78214.683 rows=221 loops=1)
         Hash Cond: (store_sales.ss_store_sk = store.s_store_sk)
         Join Filter: ("substring"((customer_address.ca_zip)::text, 1, 5) <> "substring"((store.s_zip)::text, 1, 5))
         Rows Removed by Join Filter: 4
         Buffers: shared hit=534135 read=5135457
         ->  Nested Loop  (cost=19750.06..9766643.04 rows=9 width=29) (actual time=28462.483..78213.165 rows=226 loops=1)
               Buffers: shared hit=534119 read=5135455
               ->  Nested Loop  (cost=19749.64..9763766.70 rows=376 width=22) (actual time=28451.779..77995.672 rows=10996 loops=1)
                     Buffers: shared hit=493520 read=5132070
                     ->  Hash Join  (cost=19749.21..9734412.40 rows=3837 width=22) (actual time=28451.554..75886.753 rows=112383 loops=1)
                           Hash Cond: (store_sales.ss_item_sk = item.i_item_sk)
                           Buffers: shared hit=49313 read=5132069
                           ->  Hash Join  (cost=2570.11..9717139.25 rows=35830 width=18) (actual time=28343.966..75628.300 rows=880304 loops=1)
                                 Hash Cond: (store_sales.ss_sold_date_sk = date_dim.d_date_sk)
                                 Buffers: shared hit=35456 read=5131570
                                 ->  Seq Scan on store_sales  (cost=0.00..9485539.52 rows=87244546 width=22) (actual time=0.114..70488.382 rows=86810744 loops=1)
                                       Filter: ((ss_wholesale_cost >= '66'::numeric) AND (ss_wholesale_cost <= '86'::numeric))
                                       Rows Removed by Filter: 201186280
                                       Buffers: shared hit=34469 read=5131083
                                 ->  Hash  (cost=2569.73..2569.73 rows=30 width=4) (actual time=19.673..19.673 rows=31 loops=1)
                                       Buckets: 1024  Batches: 1  Memory Usage: 10kB
                                       Buffers: shared hit=987 read=487
                                       ->  Seq Scan on date_dim  (cost=0.00..2569.73 rows=30 width=4) (actual time=11.124..19.662 rows=31 loops=1)
                                             Filter: ((d_year = 2000) AND (d_moy = 5))
                                             Rows Removed by Filter: 73018
                                             Buffers: shared hit=987 read=487
                           ->  Hash  (cost=16906.00..16906.00 rows=21848 width=12) (actual time=107.455..107.456 rows=21811 loops=1)
                                 Buckets: 32768  Batches: 1  Memory Usage: 1193kB
                                 Buffers: shared hit=13857 read=499
                                 ->  Seq Scan on item  (cost=0.00..16906.00 rows=21848 width=12) (actual time=0.025..103.462 rows=21811 loops=1)
                                       Filter: (i_category = 'Sports'::bpchar)
                                       Rows Removed by Filter: 182189
                                       Buffers: shared hit=13857 read=499
                     ->  Index Scan using customer_pkey on customer  (cost=0.43..7.65 rows=1 width=8) (actual time=0.019..0.019 rows=0 loops=112383)
                           Index Cond: (c_customer_sk = store_sales.ss_customer_sk)
                           Filter: (c_birth_month = 2)
                           Rows Removed by Filter: 1
                           Buffers: shared hit=444207 read=1
               ->  Index Scan using customer_address_pkey on customer_address  (cost=0.42..7.65 rows=1 width=15) (actual time=0.020..0.020 rows=0 loops=10996)
                     Index Cond: (ca_address_sk = customer.c_current_addr_sk)
                     Filter: (ca_state = 'MS'::bpchar)
                     Rows Removed by Filter: 1
                     Buffers: shared hit=40599 read=3385
         ->  Hash  (cost=22.02..22.02 rows=402 width=15) (actual time=0.955..0.955 rows=402 loops=1)
               Buckets: 1024  Batches: 1  Memory Usage: 27kB
               Buffers: shared hit=16 read=2
               ->  Seq Scan on store  (cost=0.00..22.02 rows=402 width=15) (actual time=0.021..0.842 rows=402 loops=1)
                     Buffers: shared hit=16 read=2
 Planning:
   Buffers: shared hit=460
 Planning Time: 3.232 ms
 Execution Time: 78215.310 ms
(54 rows)

