                                                                             QUERY PLAN                                                                              
---------------------------------------------------------------------------------------------------------------------------------------------------------------------
 Aggregate  (cost=9757263.52..9757263.53 rows=1 width=40) (actual time=92131.379..92131.384 rows=1 loops=1)
   Buffers: shared hit=3518937 read=5137287
   ->  Nested Loop  (cost=2571.53..9757263.51 rows=1 width=14) (actual time=32611.530..92131.337 rows=15 loops=1)
         Join Filter: ("substring"((customer_address.ca_zip)::text, 1, 5) <> "substring"((store.s_zip)::text, 1, 5))
         Buffers: shared hit=3518937 read=5137287
         ->  Nested Loop  (cost=2571.38..9757257.77 rows=1 width=29) (actual time=32611.500..92131.076 rows=15 loops=1)
               Buffers: shared hit=3518907 read=5137287
               ->  Nested Loop  (cost=2570.96..9757143.23 rows=15 width=25) (actual time=31184.176..92112.720 rows=611 loops=1)
                     Buffers: shared hit=3516464 read=5137286
                     ->  Nested Loop  (cost=2570.54..9752527.03 rows=603 width=18) (actual time=31176.139..91410.474 rows=28233 loops=1)
                           Buffers: shared hit=3407034 read=5133784
                           ->  Hash Join  (cost=2570.11..9608471.14 rows=18830 width=18) (actual time=31173.704..71184.745 rows=853873 loops=1)
                                 Hash Cond: (store_sales.ss_sold_date_sk = date_dim.d_date_sk)
                                 Buffers: shared hit=33248 read=5133778
                                 ->  Seq Scan on store_sales  (cost=0.00..9485539.52 rows=45849467 width=22) (actual time=0.066..67996.608 rows=46160898 loops=1)
                                       Filter: ((ss_wholesale_cost >= '80'::numeric) AND (ss_wholesale_cost <= '100'::numeric))
                                       Rows Removed by Filter: 241836126
                                       Buffers: shared hit=31838 read=5133714
                                 ->  Hash  (cost=2569.73..2569.73 rows=30 width=4) (actual time=23.640..23.641 rows=30 loops=1)
                                       Buckets: 1024  Batches: 1  Memory Usage: 10kB
                                       Buffers: shared hit=1410 read=64
                                       ->  Seq Scan on date_dim  (cost=0.00..2569.73 rows=30 width=4) (actual time=14.702..23.629 rows=30 loops=1)
                                             Filter: ((d_year = 2000) AND (d_moy = 9))
                                             Rows Removed by Filter: 73019
                                             Buffers: shared hit=1410 read=64
                           ->  Index Scan using customer_pkey on customer  (cost=0.43..7.65 rows=1 width=8) (actual time=0.023..0.023 rows=0 loops=853873)
                                 Index Cond: (c_customer_sk = store_sales.ss_customer_sk)
                                 Filter: (c_birth_month = 6)
                                 Rows Removed by Filter: 1
                                 Buffers: shared hit=3373786 read=6
                     ->  Index Scan using customer_address_pkey on customer_address  (cost=0.42..7.66 rows=1 width=15) (actual time=0.024..0.024 rows=0 loops=28233)
                           Index Cond: (ca_address_sk = customer.c_current_addr_sk)
                           Filter: (ca_state = 'MS'::bpchar)
                           Rows Removed by Filter: 1
                           Buffers: shared hit=109430 read=3502
               ->  Index Scan using item_pkey on item  (cost=0.42..7.64 rows=1 width=12) (actual time=0.029..0.029 rows=0 loops=611)
                     Index Cond: (i_item_sk = store_sales.ss_item_sk)
                     Filter: (i_category = 'Jewelry'::bpchar)
                     Rows Removed by Filter: 1
                     Buffers: shared hit=2443 read=1
         ->  Index Scan using store_pkey on store  (cost=0.15..5.72 rows=1 width=15) (actual time=0.010..0.010 rows=1 loops=15)
               Index Cond: (s_store_sk = store_sales.ss_store_sk)
               Buffers: shared hit=30
 Planning:
   Buffers: shared hit=460
 Planning Time: 4.870 ms
 Execution Time: 92131.876 ms
(47 rows)

