                                                                             QUERY PLAN                                                                              
---------------------------------------------------------------------------------------------------------------------------------------------------------------------
 Aggregate  (cost=9742136.07..9742136.08 rows=1 width=40) (actual time=83078.770..83078.776 rows=1 loops=1)
   Buffers: shared hit=1212636 read=5132542
   ->  Nested Loop  (cost=2571.54..9742136.04 rows=4 width=14) (actual time=23102.348..83078.668 rows=57 loops=1)
         Join Filter: ("substring"((customer_address.ca_zip)::text, 1, 5) <> "substring"((store.s_zip)::text, 1, 5))
         Rows Removed by Join Filter: 1
         Buffers: shared hit=1212636 read=5132542
         ->  Nested Loop  (cost=2571.39..9742113.06 rows=4 width=29) (actual time=23102.325..83077.875 rows=58 loops=1)
               Buffers: shared hit=1212522 read=5132540
               ->  Nested Loop  (cost=2570.97..9741975.62 rows=18 width=25) (actual time=23102.302..83065.642 rows=164 loops=1)
                     Buffers: shared hit=1211868 read=5132538
                     ->  Nested Loop  (cost=2570.55..9736526.11 rows=712 width=18) (actual time=23048.523..82780.020 rows=11087 loops=1)
                           Buffers: shared hit=1168894 read=5131164
                           ->  Hash Join  (cost=2570.12..9599171.87 rows=17954 width=18) (actual time=23048.438..75997.503 rows=286670 loops=1)
                                 Hash Cond: (store_sales.ss_sold_date_sk = date_dim.d_date_sk)
                                 Buffers: shared hit=35862 read=5131164
                                 ->  Seq Scan on store_sales  (cost=0.00..9485539.52 rows=42307078 width=22) (actual time=0.084..73207.084 rows=43022880 loops=1)
                                       Filter: ((ss_wholesale_cost >= '6'::numeric) AND (ss_wholesale_cost <= '26'::numeric))
                                       Rows Removed by Filter: 244974144
                                       Buffers: shared hit=34388 read=5131164
                                 ->  Hash  (cost=2569.73..2569.73 rows=31 width=4) (actual time=19.819..19.821 rows=31 loops=1)
                                       Buckets: 1024  Batches: 1  Memory Usage: 10kB
                                       Buffers: shared hit=1474
                                       ->  Seq Scan on date_dim  (cost=0.00..2569.73 rows=31 width=4) (actual time=11.424..19.806 rows=31 loops=1)
                                             Filter: ((d_year = 1999) AND (d_moy = 10))
                                             Rows Removed by Filter: 73018
                                             Buffers: shared hit=1474
                           ->  Index Scan using customer_pkey on customer  (cost=0.43..7.65 rows=1 width=8) (actual time=0.023..0.023 rows=0 loops=286670)
                                 Index Cond: (c_customer_sk = store_sales.ss_customer_sk)
                                 Filter: (c_birth_month = 9)
                                 Rows Removed by Filter: 1
                                 Buffers: shared hit=1133032
                     ->  Index Scan using customer_address_pkey on customer_address  (cost=0.42..7.65 rows=1 width=15) (actual time=0.025..0.025 rows=0 loops=11087)
                           Index Cond: (ca_address_sk = customer.c_current_addr_sk)
                           Filter: (ca_state = 'MS'::bpchar)
                           Rows Removed by Filter: 1
                           Buffers: shared hit=42974 read=1374
               ->  Index Scan using item_pkey on item  (cost=0.42..7.64 rows=1 width=12) (actual time=0.073..0.073 rows=0 loops=164)
                     Index Cond: (i_item_sk = store_sales.ss_item_sk)
                     Filter: (i_category = 'Electronics'::bpchar)
                     Rows Removed by Filter: 1
                     Buffers: shared hit=654 read=2
         ->  Index Scan using store_pkey on store  (cost=0.15..5.72 rows=1 width=15) (actual time=0.008..0.008 rows=1 loops=58)
               Index Cond: (s_store_sk = store_sales.ss_store_sk)
               Buffers: shared hit=114 read=2
 Planning:
   Buffers: shared hit=460
 Planning Time: 4.840 ms
 Execution Time: 83079.274 ms
(48 rows)

