                                                                            QUERY PLAN                                                                            
------------------------------------------------------------------------------------------------------------------------------------------------------------------
 Aggregate  (cost=9732963.79..9732963.80 rows=1 width=40) (actual time=81140.510..81140.518 rows=1 loops=1)
   Buffers: shared hit=815289 read=5137251
   ->  Hash Join  (cost=19922.96..9732963.72 rows=10 width=14) (actual time=10164.649..81140.231 rows=242 loops=1)
         Hash Cond: (store_sales.ss_store_sk = store.s_store_sk)
         Join Filter: ("substring"((customer_address.ca_zip)::text, 1, 5) <> "substring"((store.s_zip)::text, 1, 5))
         Rows Removed by Join Filter: 4
         Buffers: shared hit=815289 read=5137251
         ->  Nested Loop  (cost=19895.91..9732936.65 rows=10 width=29) (actual time=10163.477..81138.462 rows=247 loops=1)
               Buffers: shared hit=815272 read=5137250
               ->  Nested Loop  (cost=19895.49..9729394.78 rows=463 width=22) (actual time=10163.143..80799.696 rows=16701 loops=1)
                     Buffers: shared hit=751501 read=5134217
                     ->  Hash Join  (cost=19895.06..9693637.14 rows=4674 width=22) (actual time=10162.940..77501.996 rows=178196 loops=1)
                           Hash Cond: (store_sales.ss_item_sk = item.i_item_sk)
                           Buffers: shared hit=47165 read=5134217
                           ->  Hash Join  (cost=2570.10..9676237.50 rows=28450 width=18) (actual time=10046.472..77162.464 rows=1240493 loops=1)
                                 Hash Cond: (store_sales.ss_sold_date_sk = date_dim.d_date_sk)
                                 Buffers: shared hit=33749 read=5133277
                                 ->  Seq Scan on store_sales  (cost=0.00..9485539.52 rows=71663793 width=22) (actual time=0.055..72776.348 rows=71083444 loops=1)
                                       Filter: ((ss_wholesale_cost >= '52'::numeric) AND (ss_wholesale_cost <= '72'::numeric))
                                       Rows Removed by Filter: 216913580
                                       Buffers: shared hit=32275 read=5133277
                                 ->  Hash  (cost=2569.73..2569.73 rows=29 width=4) (actual time=23.152..23.153 rows=30 loops=1)
                                       Buckets: 1024  Batches: 1  Memory Usage: 10kB
                                       Buffers: shared hit=1474
                                       ->  Seq Scan on date_dim  (cost=0.00..2569.73 rows=29 width=4) (actual time=13.410..23.141 rows=30 loops=1)
                                             Filter: ((d_year = 1998) AND (d_moy = 11))
                                             Rows Removed by Filter: 73019
                                             Buffers: shared hit=1474
                           ->  Hash  (cost=16906.00..16906.00 rows=33517 width=12) (actual time=116.228..116.229 rows=33627 loops=1)
                                 Buckets: 65536  Batches: 1  Memory Usage: 1957kB
                                 Buffers: shared hit=13416 read=940
                                 ->  Seq Scan on item  (cost=0.00..16906.00 rows=33517 width=12) (actual time=0.033..111.002 rows=33627 loops=1)
                                       Filter: (i_category = 'Shoes'::bpchar)
                                       Rows Removed by Filter: 170373
                                       Buffers: shared hit=13416 read=940
                     ->  Index Scan using customer_pkey on customer  (cost=0.43..7.65 rows=1 width=8) (actual time=0.018..0.018 rows=0 loops=178196)
                           Index Cond: (c_customer_sk = store_sales.ss_customer_sk)
                           Filter: (c_birth_month = 1)
                           Rows Removed by Filter: 1
                           Buffers: shared hit=704336
               ->  Index Scan using customer_address_pkey on customer_address  (cost=0.42..7.65 rows=1 width=15) (actual time=0.020..0.020 rows=0 loops=16701)
                     Index Cond: (ca_address_sk = customer.c_current_addr_sk)
                     Filter: (ca_state = 'WI'::bpchar)
                     Rows Removed by Filter: 1
                     Buffers: shared hit=63771 read=3033
         ->  Hash  (cost=22.02..22.02 rows=402 width=15) (actual time=1.139..1.139 rows=402 loops=1)
               Buckets: 1024  Batches: 1  Memory Usage: 27kB
               Buffers: shared hit=17 read=1
               ->  Seq Scan on store  (cost=0.00..22.02 rows=402 width=15) (actual time=0.035..0.998 rows=402 loops=1)
                     Buffers: shared hit=17 read=1
 Planning:
   Buffers: shared hit=460
 Planning Time: 6.954 ms
 Execution Time: 81141.206 ms
(54 rows)

