                                                                            QUERY PLAN                                                                            
------------------------------------------------------------------------------------------------------------------------------------------------------------------
 Aggregate  (cost=9643645.13..9643645.14 rows=1 width=40) (actual time=75511.217..75511.223 rows=1 loops=1)
   Buffers: shared hit=99975 read=5130801
   ->  Hash Join  (cost=19715.57..9643645.03 rows=13 width=14) (actual time=9218.209..75511.167 rows=44 loops=1)
         Hash Cond: (store_sales.ss_store_sk = store.s_store_sk)
         Join Filter: ("substring"((customer_address.ca_zip)::text, 1, 5) <> "substring"((store.s_zip)::text, 1, 5))
         Buffers: shared hit=99975 read=5130801
         ->  Nested Loop  (cost=19688.53..9643617.95 rows=13 width=29) (actual time=9217.077..75509.935 rows=44 loops=1)
               Buffers: shared hit=99957 read=5130801
               ->  Nested Loop  (cost=19688.10..9641552.80 rows=270 width=22) (actual time=9216.849..75490.094 rows=1769 loops=1)
                     Buffers: shared hit=93329 read=5130353
                     ->  Hash Join  (cost=19687.67..9629243.41 rows=1609 width=22) (actual time=9216.434..75377.048 rows=10703 loops=1)
                           Hash Cond: (store_sales.ss_item_sk = item.i_item_sk)
                           Buffers: shared hit=51029 read=5130353
                           ->  Hash Join  (cost=2570.11..9612074.94 rows=19393 width=18) (actual time=9094.263..75233.560 rows=256246 loops=1)
                                 Hash Cond: (store_sales.ss_sold_date_sk = date_dim.d_date_sk)
                                 Buffers: shared hit=37083 read=5129943
                                 ->  Seq Scan on store_sales  (cost=0.00..9485539.52 rows=47222264 width=22) (actual time=0.069..72300.924 rows=46662186 loops=1)
                                       Filter: ((ss_wholesale_cost >= '48'::numeric) AND (ss_wholesale_cost <= '68'::numeric))
                                       Rows Removed by Filter: 241334838
                                       Buffers: shared hit=35609 read=5129943
                                 ->  Hash  (cost=2569.73..2569.73 rows=30 width=4) (actual time=26.049..26.050 rows=30 loops=1)
                                       Buckets: 1024  Batches: 1  Memory Usage: 10kB
                                       Buffers: shared hit=1474
                                       ->  Seq Scan on date_dim  (cost=0.00..2569.73 rows=30 width=4) (actual time=17.566..26.040 rows=30 loops=1)
                                             Filter: ((d_year = 1998) AND (d_moy = 9))
                                             Rows Removed by Filter: 73019
                                             Buffers: shared hit=1474
                           ->  Hash  (cost=16906.00..16906.00 rows=16925 width=12) (actual time=107.767..107.767 rows=17141 loops=1)
                                 Buckets: 32768  Batches: 1  Memory Usage: 993kB
                                 Buffers: shared hit=13946 read=410
                                 ->  Seq Scan on item  (cost=0.00..16906.00 rows=16925 width=12) (actual time=0.018..105.161 rows=17141 loops=1)
                                       Filter: (i_category = 'Home'::bpchar)
                                       Rows Removed by Filter: 186859
                                       Buffers: shared hit=13946 read=410
                     ->  Index Scan using customer_pkey on customer  (cost=0.43..7.65 rows=1 width=8) (actual time=0.010..0.010 rows=0 loops=10703)
                           Index Cond: (c_customer_sk = store_sales.ss_customer_sk)
                           Filter: (c_birth_month = 4)
                           Rows Removed by Filter: 1
                           Buffers: shared hit=42300
               ->  Index Scan using customer_address_pkey on customer_address  (cost=0.42..7.65 rows=1 width=15) (actual time=0.011..0.011 rows=0 loops=1769)
                     Index Cond: (ca_address_sk = customer.c_current_addr_sk)
                     Filter: (ca_state = 'GA'::bpchar)
                     Rows Removed by Filter: 1
                     Buffers: shared hit=6628 read=448
         ->  Hash  (cost=22.02..22.02 rows=402 width=15) (actual time=1.100..1.101 rows=402 loops=1)
               Buckets: 1024  Batches: 1  Memory Usage: 27kB
               Buffers: shared hit=18
               ->  Seq Scan on store  (cost=0.00..22.02 rows=402 width=15) (actual time=0.036..0.891 rows=402 loops=1)
                     Buffers: shared hit=18
 Planning:
   Buffers: shared hit=460
 Planning Time: 5.340 ms
 Execution Time: 75511.768 ms
(53 rows)

