                                                                             QUERY PLAN                                                                              
---------------------------------------------------------------------------------------------------------------------------------------------------------------------
 Aggregate  (cost=9687898.60..9687898.61 rows=1 width=40) (actual time=86834.430..86834.437 rows=1 loops=1)
   Buffers: shared hit=1996631 read=5130101
   ->  Nested Loop  (cost=2571.53..9687898.55 rows=6 width=14) (actual time=18366.320..86834.268 rows=81 loops=1)
         Join Filter: ("substring"((customer_address.ca_zip)::text, 1, 5) <> "substring"((store.s_zip)::text, 1, 5))
         Buffers: shared hit=1996631 read=5130101
         ->  Nested Loop  (cost=2571.38..9687864.10 rows=6 width=29) (actual time=18366.289..86833.107 rows=81 loops=1)
               Buffers: shared hit=1996470 read=5130100
               ->  Nested Loop  (cost=2570.96..9687573.94 rows=38 width=25) (actual time=17860.504..86819.614 rows=454 loops=1)
                     Buffers: shared hit=1994903 read=5129851
                     ->  Nested Loop  (cost=2570.54..9681490.81 rows=795 width=18) (actual time=17796.849..86186.373 rows=26179 loops=1)
                           Buffers: shared hit=1894018 read=5126020
                           ->  Hash Join  (cost=2570.11..9576137.85 rows=13771 width=18) (actual time=17796.435..75229.497 rows=469023 loops=1)
                                 Hash Cond: (store_sales.ss_sold_date_sk = date_dim.d_date_sk)
                                 Buffers: shared hit=41007 read=5126019
                                 ->  Seq Scan on store_sales  (cost=0.00..9485539.52 rows=33532703 width=22) (actual time=0.065..72909.602 rows=33748947 loops=1)
                                       Filter: ((ss_wholesale_cost >= '33'::numeric) AND (ss_wholesale_cost <= '53'::numeric))
                                       Rows Removed by Filter: 254248077
                                       Buffers: shared hit=39533 read=5126019
                                 ->  Hash  (cost=2569.73..2569.73 rows=30 width=4) (actual time=20.763..20.764 rows=30 loops=1)
                                       Buckets: 1024  Batches: 1  Memory Usage: 10kB
                                       Buffers: shared hit=1474
                                       ->  Seq Scan on date_dim  (cost=0.00..2569.73 rows=30 width=4) (actual time=11.925..20.748 rows=30 loops=1)
                                             Filter: ((d_year = 1999) AND (d_moy = 6))
                                             Rows Removed by Filter: 73019
                                             Buffers: shared hit=1474
                           ->  Index Scan using customer_pkey on customer  (cost=0.43..7.65 rows=1 width=8) (actual time=0.023..0.023 rows=0 loops=469023)
                                 Index Cond: (c_customer_sk = store_sales.ss_customer_sk)
                                 Filter: (c_birth_month = 3)
                                 Rows Removed by Filter: 1
                                 Buffers: shared hit=1853011 read=1
                     ->  Index Scan using customer_address_pkey on customer_address  (cost=0.42..7.65 rows=1 width=15) (actual time=0.024..0.024 rows=0 loops=26179)
                           Index Cond: (ca_address_sk = customer.c_current_addr_sk)
                           Filter: (ca_state = 'GA'::bpchar)
                           Rows Removed by Filter: 1
                           Buffers: shared hit=100885 read=3831
               ->  Index Scan using item_pkey on item  (cost=0.42..7.64 rows=1 width=12) (actual time=0.029..0.029 rows=0 loops=454)
                     Index Cond: (i_item_sk = store_sales.ss_item_sk)
                     Filter: (i_category = 'Shoes'::bpchar)
                     Rows Removed by Filter: 1
                     Buffers: shared hit=1567 read=249
         ->  Index Scan using store_pkey on store  (cost=0.15..5.72 rows=1 width=15) (actual time=0.008..0.008 rows=1 loops=81)
               Index Cond: (s_store_sk = store_sales.ss_store_sk)
               Buffers: shared hit=161 read=1
 Planning:
   Buffers: shared hit=460
 Planning Time: 4.453 ms
 Execution Time: 86834.878 ms
(47 rows)

