                                                                            QUERY PLAN                                                                            
------------------------------------------------------------------------------------------------------------------------------------------------------------------
 Aggregate  (cost=9746841.64..9746841.65 rows=1 width=40) (actual time=76729.001..76729.007 rows=1 loops=1)
   Buffers: shared hit=171785 read=5129731
   ->  Hash Join  (cost=19616.18..9746841.59 rows=7 width=14) (actual time=1942.737..76728.904 rows=54 loops=1)
         Hash Cond: (store_sales.ss_store_sk = store.s_store_sk)
         Join Filter: ("substring"((customer_address.ca_zip)::text, 1, 5) <> "substring"((store.s_zip)::text, 1, 5))
         Buffers: shared hit=171785 read=5129731
         ->  Nested Loop  (cost=19589.14..9746814.53 rows=7 width=29) (actual time=1941.609..76727.612 rows=54 loops=1)
               Buffers: shared hit=171769 read=5129729
               ->  Nested Loop  (cost=19588.71..9745498.83 rows=172 width=22) (actual time=1885.041..76691.250 rows=3129 loops=1)
                     Buffers: shared hit=160332 read=5128650
                     ->  Hash Join  (cost=19588.28..9734245.20 rows=1471 width=22) (actual time=1884.378..76406.049 rows=27205 loops=1)
                           Hash Cond: (store_sales.ss_item_sk = item.i_item_sk)
                           Buffers: shared hit=52734 read=5128648
                           ->  Hash Join  (cost=2570.08..9717139.22 rows=33441 width=18) (actual time=1776.718..76165.702 rows=1279931 loops=1)
                                 Hash Cond: (store_sales.ss_sold_date_sk = date_dim.d_date_sk)
                                 Buffers: shared hit=39199 read=5127827
                                 ->  Seq Scan on store_sales  (cost=0.00..9485539.52 rows=87244546 width=22) (actual time=0.055..70963.615 rows=86810744 loops=1)
                                       Filter: ((ss_wholesale_cost >= '67'::numeric) AND (ss_wholesale_cost <= '87'::numeric))
                                       Rows Removed by Filter: 201186280
                                       Buffers: shared hit=37725 read=5127827
                                 ->  Hash  (cost=2569.73..2569.73 rows=28 width=4) (actual time=20.644..20.645 rows=28 loops=1)
                                       Buckets: 1024  Batches: 1  Memory Usage: 9kB
                                       Buffers: shared hit=1474
                                       ->  Seq Scan on date_dim  (cost=0.00..2569.73 rows=28 width=4) (actual time=11.941..20.631 rows=28 loops=1)
                                             Filter: ((d_year = 1998) AND (d_moy = 2))
                                             Rows Removed by Filter: 73021
                                             Buffers: shared hit=1474
                           ->  Hash  (cost=16906.00..16906.00 rows=8976 width=12) (actual time=107.512..107.512 rows=8826 loops=1)
                                 Buckets: 16384  Batches: 1  Memory Usage: 508kB
                                 Buffers: shared hit=13535 read=821
                                 ->  Seq Scan on item  (cost=0.00..16906.00 rows=8976 width=12) (actual time=0.015..105.867 rows=8826 loops=1)
                                       Filter: (i_category = 'Jewelry'::bpchar)
                                       Rows Removed by Filter: 195174
                                       Buffers: shared hit=13535 read=821
                     ->  Index Scan using customer_pkey on customer  (cost=0.43..7.65 rows=1 width=8) (actual time=0.010..0.010 rows=0 loops=27205)
                           Index Cond: (c_customer_sk = store_sales.ss_customer_sk)
                           Filter: (c_birth_month = 8)
                           Rows Removed by Filter: 1
                           Buffers: shared hit=107598 read=2
               ->  Index Scan using customer_address_pkey on customer_address  (cost=0.42..7.65 rows=1 width=15) (actual time=0.011..0.011 rows=0 loops=3129)
                     Index Cond: (ca_address_sk = customer.c_current_addr_sk)
                     Filter: (ca_state = 'KY'::bpchar)
                     Rows Removed by Filter: 1
                     Buffers: shared hit=11437 read=1079
         ->  Hash  (cost=22.02..22.02 rows=402 width=15) (actual time=1.096..1.097 rows=402 loops=1)
               Buckets: 1024  Batches: 1  Memory Usage: 27kB
               Buffers: shared hit=16 read=2
               ->  Seq Scan on store  (cost=0.00..22.02 rows=402 width=15) (actual time=0.030..0.928 rows=402 loops=1)
                     Buffers: shared hit=16 read=2
 Planning:
   Buffers: shared hit=460
 Planning Time: 4.857 ms
 Execution Time: 76729.530 ms
(53 rows)

