                                                                             QUERY PLAN                                                                             
--------------------------------------------------------------------------------------------------------------------------------------------------------------------
 Aggregate  (cost=9715940.60..9715940.61 rows=1 width=40) (actual time=89452.937..89452.943 rows=1 loops=1)
   Buffers: shared hit=2326597 read=5127603
   ->  Nested Loop  (cost=2571.53..9715940.59 rows=1 width=14) (actual time=11484.348..89452.897 rows=15 loops=1)
         Join Filter: ("substring"((customer_address.ca_zip)::text, 1, 5) <> "substring"((store.s_zip)::text, 1, 5))
         Buffers: shared hit=2326597 read=5127603
         ->  Nested Loop  (cost=2571.38..9715934.85 rows=1 width=29) (actual time=11484.315..89452.643 rows=15 loops=1)
               Buffers: shared hit=2326567 read=5127603
               ->  Nested Loop  (cost=2570.96..9715896.67 rows=5 width=25) (actual time=11227.383..89449.286 rows=128 loops=1)
                     Buffers: shared hit=2326123 read=5127535
                     ->  Nested Loop  (cost=2570.54..9714210.02 rows=220 width=18) (actual time=11152.343..89245.937 rows=7925 loops=1)
                           Buffers: shared hit=2296139 read=5125819
                           ->  Hash Join  (cost=2570.11..9591031.83 rows=16101 width=18) (actual time=11151.612..75689.965 rows=570430 loops=1)
                                 Hash Cond: (store_sales.ss_sold_date_sk = date_dim.d_date_sk)
                                 Buffers: shared hit=41263 read=5125763
                                 ->  Seq Scan on store_sales  (cost=0.00..9485539.52 rows=39206286 width=22) (actual time=0.071..72953.066 rows=39350281 loops=1)
                                       Filter: ((ss_wholesale_cost >= '31'::numeric) AND (ss_wholesale_cost <= '51'::numeric))
                                       Rows Removed by Filter: 248646743
                                       Buffers: shared hit=39789 read=5125763
                                 ->  Hash  (cost=2569.73..2569.73 rows=30 width=4) (actual time=21.232..21.232 rows=31 loops=1)
                                       Buckets: 1024  Batches: 1  Memory Usage: 10kB
                                       Buffers: shared hit=1474
                                       ->  Seq Scan on date_dim  (cost=0.00..2569.73 rows=30 width=4) (actual time=12.366..21.216 rows=31 loops=1)
                                             Filter: ((d_year = 1998) AND (d_moy = 12))
                                             Rows Removed by Filter: 73018
                                             Buffers: shared hit=1474
                           ->  Index Scan using customer_pkey on customer  (cost=0.43..7.65 rows=1 width=8) (actual time=0.023..0.023 rows=0 loops=570430)
                                 Index Cond: (c_customer_sk = store_sales.ss_customer_sk)
                                 Filter: (c_birth_month = 5)
                                 Rows Removed by Filter: 1
                                 Buffers: shared hit=2254876 read=56
                     ->  Index Scan using customer_address_pkey on customer_address  (cost=0.42..7.67 rows=1 width=15) (actual time=0.025..0.025 rows=0 loops=7925)
                           Index Cond: (ca_address_sk = customer.c_current_addr_sk)
                           Filter: (ca_state = 'AL'::bpchar)
                           Rows Removed by Filter: 1
                           Buffers: shared hit=29984 read=1716
               ->  Index Scan using item_pkey on item  (cost=0.42..7.64 rows=1 width=12) (actual time=0.025..0.025 rows=0 loops=128)
                     Index Cond: (i_item_sk = store_sales.ss_item_sk)
                     Filter: (i_category = 'Sports'::bpchar)
                     Rows Removed by Filter: 1
                     Buffers: shared hit=444 read=68
         ->  Index Scan using store_pkey on store  (cost=0.15..5.72 rows=1 width=15) (actual time=0.010..0.010 rows=1 loops=15)
               Index Cond: (s_store_sk = store_sales.ss_store_sk)
               Buffers: shared hit=30
 Planning:
   Buffers: shared hit=460
 Planning Time: 4.840 ms
 Execution Time: 89453.446 ms
(47 rows)

