                                                                            QUERY PLAN                                                                            
------------------------------------------------------------------------------------------------------------------------------------------------------------------
 Aggregate  (cost=9725144.62..9725144.63 rows=1 width=40) (actual time=90984.447..90984.451 rows=1 loops=1)
   Buffers: shared hit=2630907 read=5142211
   ->  Nested Loop  (cost=2571.53..9725144.58 rows=5 width=14) (actual time=44010.212..90984.319 rows=49 loops=1)
         Join Filter: ("substring"((customer_address.ca_zip)::text, 1, 5) <> "substring"((store.s_zip)::text, 1, 5))
         Rows Removed by Join Filter: 1
         Buffers: shared hit=2630907 read=5142211
         ->  Nested Loop  (cost=2571.38..9725115.87 rows=5 width=29) (actual time=44010.177..90983.019 rows=50 loops=1)
               Buffers: shared hit=2630809 read=5142209
               ->  Nested Loop  (cost=2570.96..9724649.16 rows=61 width=22) (actual time=43596.569..90898.401 rows=2892 loops=1)
                     Buffers: shared hit=2620215 read=5141235
                     ->  Nested Loop  (cost=2570.54..9716036.21 rows=1128 width=18) (actual time=43596.407..89784.739 rows=41476 loops=1)
                           Buffers: shared hit=2472169 read=5123377
                           ->  Hash Join  (cost=2570.11..9591863.48 rows=16231 width=18) (actual time=43595.845..75514.639 rows=614575 loops=1)
                                 Hash Cond: (store_sales.ss_sold_date_sk = date_dim.d_date_sk)
                                 Buffers: shared hit=43656 read=5123370
                                 ->  Seq Scan on store_sales  (cost=0.00..9485539.52 rows=39523085 width=22) (actual time=0.070..72765.792 rows=40114371 loops=1)
                                       Filter: ((ss_wholesale_cost >= '26'::numeric) AND (ss_wholesale_cost <= '46'::numeric))
                                       Rows Removed by Filter: 247882653
                                       Buffers: shared hit=42182 read=5123370
                                 ->  Hash  (cost=2569.73..2569.73 rows=30 width=4) (actual time=21.183..21.184 rows=30 loops=1)
                                       Buckets: 1024  Batches: 1  Memory Usage: 10kB
                                       Buffers: shared hit=1474
                                       ->  Seq Scan on date_dim  (cost=0.00..2569.73 rows=30 width=4) (actual time=12.612..21.169 rows=30 loops=1)
                                             Filter: ((d_year = 2001) AND (d_moy = 4))
                                             Rows Removed by Filter: 73019
                                             Buffers: shared hit=1474
                           ->  Index Scan using customer_pkey on customer  (cost=0.43..7.65 rows=1 width=8) (actual time=0.023..0.023 rows=0 loops=614575)
                                 Index Cond: (c_customer_sk = store_sales.ss_customer_sk)
                                 Filter: (c_birth_month = 12)
                                 Rows Removed by Filter: 1
                                 Buffers: shared hit=2428513 read=7
                     ->  Index Scan using item_pkey on item  (cost=0.42..7.64 rows=1 width=12) (actual time=0.026..0.026 rows=0 loops=41476)
                           Index Cond: (i_item_sk = store_sales.ss_item_sk)
                           Filter: (i_category = 'Women'::bpchar)
                           Rows Removed by Filter: 1
                           Buffers: shared hit=148046 read=17858
               ->  Index Scan using customer_address_pkey on customer_address  (cost=0.42..7.65 rows=1 width=15) (actual time=0.029..0.029 rows=0 loops=2892)
                     Index Cond: (ca_address_sk = customer.c_current_addr_sk)
                     Filter: (ca_state = 'TX'::bpchar)
                     Rows Removed by Filter: 1
                     Buffers: shared hit=10594 read=974
         ->  Index Scan using store_pkey on store  (cost=0.15..5.72 rows=1 width=15) (actual time=0.020..0.020 rows=1 loops=50)
               Index Cond: (s_store_sk = store_sales.ss_store_sk)
               Buffers: shared hit=98 read=2
 Planning:
   Buffers: shared hit=460
 Planning Time: 4.843 ms
 Execution Time: 90984.954 ms
(48 rows)

