                                                                            QUERY PLAN                                                                            
------------------------------------------------------------------------------------------------------------------------------------------------------------------
 Aggregate  (cost=9770963.41..9770963.42 rows=1 width=40) (actual time=77043.668..77043.674 rows=1 loops=1)
   Buffers: shared hit=314197 read=5136157
   ->  Nested Loop  (cost=19811.92..9770963.40 rows=2 width=14) (actual time=27935.438..77043.629 rows=22 loops=1)
         Join Filter: ("substring"((customer_address.ca_zip)::text, 1, 5) <> "substring"((store.s_zip)::text, 1, 5))
         Buffers: shared hit=314197 read=5136157
         ->  Nested Loop  (cost=19811.78..9770951.91 rows=2 width=29) (actual time=27935.415..77043.381 rows=22 loops=1)
               Buffers: shared hit=314155 read=5136155
               ->  Nested Loop  (cost=19811.35..9770461.25 rows=64 width=22) (actual time=27890.229..77022.397 rows=1006 loops=1)
                     Buffers: shared hit=310552 read=5135734
                     ->  Hash Join  (cost=19810.92..9734474.11 rows=4704 width=22) (actual time=27889.928..75772.010 rows=67029 loops=1)
                           Hash Cond: (store_sales.ss_item_sk = item.i_item_sk)
                           Buffers: shared hit=45649 read=5135733
                           ->  Hash Join  (cost=2570.11..9717139.25 rows=35830 width=18) (actual time=27769.736..75551.405 rows=629984 loops=1)
                                 Hash Cond: (store_sales.ss_sold_date_sk = date_dim.d_date_sk)
                                 Buffers: shared hit=41931 read=5125095
                                 ->  Seq Scan on store_sales  (cost=0.00..9485539.52 rows=87244546 width=22) (actual time=0.071..70455.462 rows=86810744 loops=1)
                                       Filter: ((ss_wholesale_cost >= '67'::numeric) AND (ss_wholesale_cost <= '87'::numeric))
                                       Rows Removed by Filter: 201186280
                                       Buffers: shared hit=40457 read=5125095
                                 ->  Hash  (cost=2569.73..2569.73 rows=30 width=4) (actual time=20.608..20.609 rows=30 loops=1)
                                       Buckets: 1024  Batches: 1  Memory Usage: 10kB
                                       Buffers: shared hit=1474
                                       ->  Seq Scan on date_dim  (cost=0.00..2569.73 rows=30 width=4) (actual time=11.958..20.597 rows=30 loops=1)
                                             Filter: ((d_year = 2000) AND (d_moy = 4))
                                             Rows Removed by Filter: 73019
                                             Buffers: shared hit=1474
                           ->  Hash  (cost=16906.00..16906.00 rows=26785 width=12) (actual time=120.041..120.042 rows=26695 loops=1)
                                 Buckets: 32768  Batches: 1  Memory Usage: 1403kB
                                 Buffers: shared hit=3718 read=10638
                                 ->  Seq Scan on item  (cost=0.00..16906.00 rows=26785 width=12) (actual time=0.015..115.280 rows=26695 loops=1)
                                       Filter: (i_category = 'Children'::bpchar)
                                       Rows Removed by Filter: 177305
                                       Buffers: shared hit=3718 read=10638
                     ->  Index Scan using customer_pkey on customer  (cost=0.43..7.65 rows=1 width=8) (actual time=0.018..0.018 rows=0 loops=67029)
                           Index Cond: (c_customer_sk = store_sales.ss_customer_sk)
                           Filter: (c_birth_month = 5)
                           Rows Removed by Filter: 1
                           Buffers: shared hit=264903 read=1
               ->  Index Scan using customer_address_pkey on customer_address  (cost=0.42..7.67 rows=1 width=15) (actual time=0.021..0.021 rows=0 loops=1006)
                     Index Cond: (ca_address_sk = customer.c_current_addr_sk)
                     Filter: (ca_state = 'NE'::bpchar)
                     Rows Removed by Filter: 1
                     Buffers: shared hit=3603 read=421
         ->  Index Scan using store_pkey on store  (cost=0.15..5.72 rows=1 width=15) (actual time=0.007..0.007 rows=1 loops=22)
               Index Cond: (s_store_sk = store_sales.ss_store_sk)
               Buffers: shared hit=42 read=2
 Planning:
   Buffers: shared hit=460
 Planning Time: 4.832 ms
 Execution Time: 77044.216 ms
(50 rows)

