                                                                            QUERY PLAN                                                                            
------------------------------------------------------------------------------------------------------------------------------------------------------------------
 Aggregate  (cost=9646694.53..9646694.54 rows=1 width=40) (actual time=71010.957..71010.962 rows=1 loops=1)
   Buffers: shared hit=376904 read=5128074
   ->  Nested Loop  (cost=19811.93..9646694.50 rows=4 width=14) (actual time=17616.739..71010.833 rows=98 loops=1)
         Join Filter: ("substring"((customer_address.ca_zip)::text, 1, 5) <> "substring"((store.s_zip)::text, 1, 5))
         Buffers: shared hit=376904 read=5128074
         ->  Nested Loop  (cost=19811.79..9646671.53 rows=4 width=29) (actual time=17616.712..71009.868 rows=98 loops=1)
               Buffers: shared hit=376713 read=5128069
               ->  Nested Loop  (cost=19811.36..9645309.66 rows=178 width=22) (actual time=17613.294..70909.590 rows=5096 loops=1)
                     Buffers: shared hit=359091 read=5125307
                     ->  Hash Join  (cost=19810.93..9625763.04 rows=2555 width=22) (actual time=17613.057..69599.359 rows=76675 loops=1)
                           Hash Cond: (store_sales.ss_item_sk = item.i_item_sk)
                           Buffers: shared hit=56082 read=5125300
                           ->  Hash Join  (cost=2570.12..9608471.16 rows=19457 width=18) (actual time=17503.801..69375.806 rows=717745 loops=1)
                                 Hash Cond: (store_sales.ss_sold_date_sk = date_dim.d_date_sk)
                                 Buffers: shared hit=41939 read=5125087
                                 ->  Seq Scan on store_sales  (cost=0.00..9485539.52 rows=45849467 width=22) (actual time=0.072..66466.714 rows=46160898 loops=1)
                                       Filter: ((ss_wholesale_cost >= '80'::numeric) AND (ss_wholesale_cost <= '100'::numeric))
                                       Rows Removed by Filter: 241836126
                                       Buffers: shared hit=40465 read=5125087
                                 ->  Hash  (cost=2569.73..2569.73 rows=31 width=4) (actual time=21.319..21.320 rows=31 loops=1)
                                       Buckets: 1024  Batches: 1  Memory Usage: 10kB
                                       Buffers: shared hit=1474
                                       ->  Seq Scan on date_dim  (cost=0.00..2569.73 rows=31 width=4) (actual time=11.553..21.303 rows=31 loops=1)
                                             Filter: ((d_year = 1999) AND (d_moy = 7))
                                             Rows Removed by Filter: 73018
                                             Buffers: shared hit=1474
                           ->  Hash  (cost=16906.00..16906.00 rows=26785 width=12) (actual time=109.101..109.101 rows=26695 loops=1)
                                 Buckets: 32768  Batches: 1  Memory Usage: 1403kB
                                 Buffers: shared hit=14143 read=213
                                 ->  Seq Scan on item  (cost=0.00..16906.00 rows=26785 width=12) (actual time=0.014..105.230 rows=26695 loops=1)
                                       Filter: (i_category = 'Children'::bpchar)
                                       Rows Removed by Filter: 177305
                                       Buffers: shared hit=14143 read=213
                     ->  Index Scan using customer_pkey on customer  (cost=0.43..7.65 rows=1 width=8) (actual time=0.017..0.017 rows=0 loops=76675)
                           Index Cond: (c_customer_sk = store_sales.ss_customer_sk)
                           Filter: (c_birth_month = 12)
                           Rows Removed by Filter: 1
                           Buffers: shared hit=303009 read=7
               ->  Index Scan using customer_address_pkey on customer_address  (cost=0.42..7.65 rows=1 width=15) (actual time=0.019..0.019 rows=0 loops=5096)
                     Index Cond: (ca_address_sk = customer.c_current_addr_sk)
                     Filter: (ca_state = 'CO'::bpchar)
                     Rows Removed by Filter: 1
                     Buffers: shared hit=17622 read=2762
         ->  Index Scan using store_pkey on store  (cost=0.15..5.72 rows=1 width=15) (actual time=0.006..0.006 rows=1 loops=98)
               Index Cond: (s_store_sk = store_sales.ss_store_sk)
               Buffers: shared hit=191 read=5
 Planning:
   Buffers: shared hit=460
 Planning Time: 6.782 ms
 Execution Time: 71011.474 ms
(50 rows)

