                                                                            QUERY PLAN                                                                            
------------------------------------------------------------------------------------------------------------------------------------------------------------------
 Aggregate  (cost=9642086.89..9642086.90 rows=1 width=40) (actual time=70020.042..70020.049 rows=1 loops=1)
   Buffers: shared hit=245759 read=5128167
   ->  Nested Loop  (cost=19750.20..9642086.87 rows=3 width=14) (actual time=49395.245..70019.936 rows=84 loops=1)
         Join Filter: ("substring"((customer_address.ca_zip)::text, 1, 5) <> "substring"((store.s_zip)::text, 1, 5))
         Rows Removed by Join Filter: 2
         Buffers: shared hit=245759 read=5128167
         ->  Nested Loop  (cost=19750.05..9642069.64 rows=3 width=29) (actual time=49395.228..70019.137 rows=86 loops=1)
               Buffers: shared hit=245589 read=5128165
               ->  Nested Loop  (cost=19749.62..9640608.52 rows=191 width=22) (actual time=49395.206..69935.079 rows=4335 loops=1)
                     Buffers: shared hit=230289 read=5126125
                     ->  Hash Join  (cost=19749.20..9625698.01 rows=1949 width=22) (actual time=49394.972..69237.506 rows=44261 loops=1)
                           Hash Cond: (store_sales.ss_item_sk = item.i_item_sk)
                           Buffers: shared hit=55393 read=5125989
                           ->  Hash Join  (cost=2570.10..9608471.13 rows=18202 width=18) (actual time=49297.139..69076.948 rows=387098 loops=1)
                                 Hash Cond: (store_sales.ss_sold_date_sk = date_dim.d_date_sk)
                                 Buffers: shared hit=41279 read=5125747
                                 ->  Seq Scan on store_sales  (cost=0.00..9485539.52 rows=45849467 width=22) (actual time=0.062..66205.389 rows=46160898 loops=1)
                                       Filter: ((ss_wholesale_cost >= '80'::numeric) AND (ss_wholesale_cost <= '100'::numeric))
                                       Rows Removed by Filter: 241836126
                                       Buffers: shared hit=39805 read=5125747
                                 ->  Hash  (cost=2569.73..2569.73 rows=29 width=4) (actual time=22.361..22.362 rows=30 loops=1)
                                       Buckets: 1024  Batches: 1  Memory Usage: 10kB
                                       Buffers: shared hit=1474
                                       ->  Seq Scan on date_dim  (cost=0.00..2569.73 rows=29 width=4) (actual time=12.959..22.349 rows=30 loops=1)
                                             Filter: ((d_year = 2001) AND (d_moy = 11))
                                             Rows Removed by Filter: 73019
                                             Buffers: shared hit=1474
                           ->  Hash  (cost=16906.00..16906.00 rows=21848 width=12) (actual time=97.663..97.664 rows=21811 loops=1)
                                 Buckets: 32768  Batches: 1  Memory Usage: 1193kB
                                 Buffers: shared hit=14114 read=242
                                 ->  Seq Scan on item  (cost=0.00..16906.00 rows=21848 width=12) (actual time=0.022..94.296 rows=21811 loops=1)
                                       Filter: (i_category = 'Sports'::bpchar)
                                       Rows Removed by Filter: 182189
                                       Buffers: shared hit=14114 read=242
                     ->  Index Scan using customer_pkey on customer  (cost=0.43..7.65 rows=1 width=8) (actual time=0.016..0.016 rows=0 loops=44261)
                           Index Cond: (c_customer_sk = store_sales.ss_customer_sk)
                           Filter: (c_birth_month = 2)
                           Rows Removed by Filter: 1
                           Buffers: shared hit=174896 read=136
               ->  Index Scan using customer_address_pkey on customer_address  (cost=0.42..7.65 rows=1 width=15) (actual time=0.019..0.019 rows=0 loops=4335)
                     Index Cond: (ca_address_sk = customer.c_current_addr_sk)
                     Filter: (ca_state = 'WV'::bpchar)
                     Rows Removed by Filter: 1
                     Buffers: shared hit=15300 read=2040
         ->  Index Scan using store_pkey on store  (cost=0.15..5.72 rows=1 width=15) (actual time=0.006..0.006 rows=1 loops=86)
               Index Cond: (s_store_sk = store_sales.ss_store_sk)
               Buffers: shared hit=170 read=2
 Planning:
   Buffers: shared hit=460
 Planning Time: 4.729 ms
 Execution Time: 70020.597 ms
(51 rows)

