                                                                            QUERY PLAN                                                                            
------------------------------------------------------------------------------------------------------------------------------------------------------------------
 Aggregate  (cost=9642747.89..9642747.90 rows=1 width=40) (actual time=79037.620..79037.627 rows=1 loops=1)
   Buffers: shared hit=850284 read=5156212
   ->  Hash Join  (cost=19777.11..9642747.84 rows=7 width=14) (actual time=38914.534..79037.133 rows=579 loops=1)
         Hash Cond: (store_sales.ss_store_sk = store.s_store_sk)
         Join Filter: ("substring"((customer_address.ca_zip)::text, 1, 5) <> "substring"((store.s_zip)::text, 1, 5))
         Rows Removed by Join Filter: 12
         Buffers: shared hit=850284 read=5156212
         ->  Nested Loop  (cost=19750.06..9642720.77 rows=7 width=29) (actual time=38913.402..79034.821 rows=598 loops=1)
               Buffers: shared hit=850268 read=5156210
               ->  Nested Loop  (cost=19749.64..9640158.46 rows=335 width=22) (actual time=38909.526..78494.497 rows=29890 loops=1)
                     Buffers: shared hit=746108 read=5140810
                     ->  Hash Join  (cost=19749.21..9624842.48 rows=2002 width=22) (actual time=38909.158..75611.693 rows=178464 loops=1)
                           Hash Cond: (store_sales.ss_item_sk = item.i_item_sk)
                           Buffers: shared hit=43371 read=5138011
                           ->  Hash Join  (cost=2570.11..9607614.30 rows=18696 width=18) (actual time=38806.997..75280.217 rows=1401189 loops=1)
                                 Hash Cond: (store_sales.ss_sold_date_sk = date_dim.d_date_sk)
                                 Buffers: shared hit=29221 read=5137805
                                 ->  Seq Scan on store_sales  (cost=0.00..9485539.52 rows=45523068 width=22) (actual time=0.175..72338.957 rows=45442997 loops=1)
                                       Filter: ((ss_wholesale_cost >= '37'::numeric) AND (ss_wholesale_cost <= '57'::numeric))
                                       Rows Removed by Filter: 242554027
                                       Buffers: shared hit=27747 read=5137805
                                 ->  Hash  (cost=2569.73..2569.73 rows=30 width=4) (actual time=19.715..19.716 rows=31 loops=1)
                                       Buckets: 1024  Batches: 1  Memory Usage: 10kB
                                       Buffers: shared hit=1474
                                       ->  Seq Scan on date_dim  (cost=0.00..2569.73 rows=30 width=4) (actual time=11.062..19.703 rows=31 loops=1)
                                             Filter: ((d_year = 2000) AND (d_moy = 12))
                                             Rows Removed by Filter: 73018
                                             Buffers: shared hit=1474
                           ->  Hash  (cost=16906.00..16906.00 rows=21848 width=12) (actual time=101.948..101.949 rows=21811 loops=1)
                                 Buckets: 32768  Batches: 1  Memory Usage: 1193kB
                                 Buffers: shared hit=14150 read=206
                                 ->  Seq Scan on item  (cost=0.00..16906.00 rows=21848 width=12) (actual time=0.024..98.744 rows=21811 loops=1)
                                       Filter: (i_category = 'Sports'::bpchar)
                                       Rows Removed by Filter: 182189
                                       Buffers: shared hit=14150 read=206
                     ->  Index Scan using customer_pkey on customer  (cost=0.43..7.65 rows=1 width=8) (actual time=0.016..0.016 rows=0 loops=178464)
                           Index Cond: (c_customer_sk = store_sales.ss_customer_sk)
                           Filter: (c_birth_month = 4)
                           Rows Removed by Filter: 1
                           Buffers: shared hit=702737 read=2799
               ->  Index Scan using customer_address_pkey on customer_address  (cost=0.42..7.65 rows=1 width=15) (actual time=0.018..0.018 rows=0 loops=29890)
                     Index Cond: (ca_address_sk = customer.c_current_addr_sk)
                     Filter: (ca_state = 'CO'::bpchar)
                     Rows Removed by Filter: 1
                     Buffers: shared hit=104160 read=15400
         ->  Hash  (cost=22.02..22.02 rows=402 width=15) (actual time=1.106..1.107 rows=402 loops=1)
               Buckets: 1024  Batches: 1  Memory Usage: 27kB
               Buffers: shared hit=16 read=2
               ->  Seq Scan on store  (cost=0.00..22.02 rows=402 width=15) (actual time=0.023..0.984 rows=402 loops=1)
                     Buffers: shared hit=16 read=2
 Planning:
   Buffers: shared hit=460
 Planning Time: 4.483 ms
 Execution Time: 79038.040 ms
(54 rows)

