                                                                            QUERY PLAN                                                                            
------------------------------------------------------------------------------------------------------------------------------------------------------------------
 Aggregate  (cost=9746873.75..9746873.76 rows=1 width=40) (actual time=77508.594..77508.599 rows=1 loops=1)
   Buffers: shared hit=201308 read=5130714
   ->  Nested Loop  (cost=19614.57..9746873.72 rows=4 width=14) (actual time=61301.609..77508.511 rows=60 loops=1)
         Join Filter: ("substring"((customer_address.ca_zip)::text, 1, 5) <> "substring"((store.s_zip)::text, 1, 5))
         Rows Removed by Join Filter: 2
         Buffers: shared hit=201308 read=5130714
         ->  Nested Loop  (cost=19614.42..9746850.75 rows=4 width=29) (actual time=61301.591..77507.939 rows=62 loops=1)
               Buffers: shared hit=201184 read=5130714
               ->  Nested Loop  (cost=19614.00..9745381.98 rows=192 width=22) (actual time=61266.736..77468.285 rows=3342 loops=1)
                     Buffers: shared hit=190039 read=5128491
                     ->  Hash Join  (cost=19613.57..9730372.04 rows=1962 width=22) (actual time=61266.477..77159.749 rows=34709 loops=1)
                           Hash Cond: (store_sales.ss_item_sk = item.i_item_sk)
                           Buffers: shared hit=53184 read=5128198
                           ->  Hash Join  (cost=2570.12..9713233.06 rows=36393 width=18) (actual time=61163.085..76923.638 rows=1263388 loops=1)
                                 Hash Cond: (store_sales.ss_sold_date_sk = date_dim.d_date_sk)
                                 Buffers: shared hit=45793 read=5121233
                                 ->  Seq Scan on store_sales  (cost=0.00..9485539.52 rows=85756551 width=22) (actual time=0.058..71815.115 rows=85367142 loops=1)
                                       Filter: ((ss_wholesale_cost >= '61'::numeric) AND (ss_wholesale_cost <= '81'::numeric))
                                       Rows Removed by Filter: 202629882
                                       Buffers: shared hit=44319 read=5121233
                                 ->  Hash  (cost=2569.73..2569.73 rows=31 width=4) (actual time=21.982..21.983 rows=31 loops=1)
                                       Buckets: 1024  Batches: 1  Memory Usage: 10kB
                                       Buffers: shared hit=1474
                                       ->  Seq Scan on date_dim  (cost=0.00..2569.73 rows=31 width=4) (actual time=12.728..21.969 rows=31 loops=1)
                                             Filter: ((d_year = 2002) AND (d_moy = 7))
                                             Rows Removed by Filter: 73018
                                             Buffers: shared hit=1474
                           ->  Hash  (cost=16906.00..16906.00 rows=10996 width=12) (actual time=103.266..103.267 rows=11037 loops=1)
                                 Buckets: 16384  Batches: 1  Memory Usage: 603kB
                                 Buffers: shared hit=7391 read=6965
                                 ->  Seq Scan on item  (cost=0.00..16906.00 rows=10996 width=12) (actual time=0.030..101.386 rows=11037 loops=1)
                                       Filter: (i_category = 'Women'::bpchar)
                                       Rows Removed by Filter: 192963
                                       Buffers: shared hit=7391 read=6965
                     ->  Index Scan using customer_pkey on customer  (cost=0.43..7.65 rows=1 width=8) (actual time=0.009..0.009 rows=0 loops=34709)
                           Index Cond: (c_customer_sk = store_sales.ss_customer_sk)
                           Filter: (c_birth_month = 2)
                           Rows Removed by Filter: 1
                           Buffers: shared hit=136855 read=293
               ->  Index Scan using customer_address_pkey on customer_address  (cost=0.42..7.65 rows=1 width=15) (actual time=0.012..0.012 rows=0 loops=3342)
                     Index Cond: (ca_address_sk = customer.c_current_addr_sk)
                     Filter: (ca_state = 'FL'::bpchar)
                     Rows Removed by Filter: 1
                     Buffers: shared hit=11145 read=2223
         ->  Index Scan using store_pkey on store  (cost=0.15..5.72 rows=1 width=15) (actual time=0.005..0.005 rows=1 loops=62)
               Index Cond: (s_store_sk = store_sales.ss_store_sk)
               Buffers: shared hit=124
 Planning:
   Buffers: shared hit=460
 Planning Time: 4.714 ms
 Execution Time: 77509.108 ms
(51 rows)

