                                                                            QUERY PLAN                                                                            
------------------------------------------------------------------------------------------------------------------------------------------------------------------
 Aggregate  (cost=9645079.72..9645079.73 rows=1 width=40) (actual time=71542.600..71542.605 rows=1 loops=1)
   Buffers: shared hit=419172 read=5146050
   ->  Nested Loop  (cost=19790.26..9645079.72 rows=1 width=14) (actual time=27857.783..71542.454 rows=104 loops=1)
         Join Filter: ("substring"((customer_address.ca_zip)::text, 1, 5) <> "substring"((store.s_zip)::text, 1, 5))
         Rows Removed by Join Filter: 6
         Buffers: shared hit=419172 read=5146050
         ->  Nested Loop  (cost=19790.11..9645073.97 rows=1 width=29) (actual time=27857.762..71541.035 rows=112 loops=1)
               Buffers: shared hit=418954 read=5146048
               ->  Nested Loop  (cost=19789.69..9644018.03 rows=138 width=22) (actual time=27815.103..71456.068 rows=5092 loops=1)
                     Buffers: shared hit=399623 read=5145011
                     ->  Hash Join  (cost=19789.26..9625741.37 rows=2389 width=22) (actual time=27812.565..70130.692 rows=91923 loops=1)
                           Hash Cond: (store_sales.ss_item_sk = item.i_item_sk)
                           Buffers: shared hit=36386 read=5144996
                           ->  Hash Join  (cost=2570.12..9608471.16 rows=19457 width=18) (actual time=27686.556..69846.380 rows=1033846 loops=1)
                                 Hash Cond: (store_sales.ss_sold_date_sk = date_dim.d_date_sk)
                                 Buffers: shared hit=34165 read=5132861
                                 ->  Seq Scan on store_sales  (cost=0.00..9485539.52 rows=45849467 width=22) (actual time=0.050..66882.102 rows=46160898 loops=1)
                                       Filter: ((ss_wholesale_cost >= '80'::numeric) AND (ss_wholesale_cost <= '100'::numeric))
                                       Rows Removed by Filter: 241836126
                                       Buffers: shared hit=33116 read=5132436
                                 ->  Hash  (cost=2569.73..2569.73 rows=31 width=4) (actual time=18.582..18.583 rows=31 loops=1)
                                       Buckets: 1024  Batches: 1  Memory Usage: 10kB
                                       Buffers: shared hit=1049 read=425
                                       ->  Seq Scan on date_dim  (cost=0.00..2569.73 rows=31 width=4) (actual time=10.374..18.569 rows=31 loops=1)
                                             Filter: ((d_year = 2000) AND (d_moy = 7))
                                             Rows Removed by Filter: 73018
                                             Buffers: shared hit=1049 read=425
                           ->  Hash  (cost=16906.00..16906.00 rows=25051 width=12) (actual time=125.843..125.843 rows=24688 loops=1)
                                 Buckets: 32768  Batches: 1  Memory Usage: 1317kB
                                 Buffers: shared hit=2221 read=12135
                                 ->  Seq Scan on item  (cost=0.00..16906.00 rows=25051 width=12) (actual time=0.015..121.051 rows=24688 loops=1)
                                       Filter: (i_category = 'Books'::bpchar)
                                       Rows Removed by Filter: 179312
                                       Buffers: shared hit=2221 read=12135
                     ->  Index Scan using customer_pkey on customer  (cost=0.43..7.65 rows=1 width=8) (actual time=0.014..0.014 rows=0 loops=91923)
                           Index Cond: (c_customer_sk = store_sales.ss_customer_sk)
                           Filter: (c_birth_month = 3)
                           Rows Removed by Filter: 1
                           Buffers: shared hit=363237 read=15
               ->  Index Scan using customer_address_pkey on customer_address  (cost=0.42..7.65 rows=1 width=15) (actual time=0.016..0.016 rows=0 loops=5092)
                     Index Cond: (ca_address_sk = customer.c_current_addr_sk)
                     Filter: (ca_state = 'AK'::bpchar)
                     Rows Removed by Filter: 1
                     Buffers: shared hit=19331 read=1037
         ->  Index Scan using store_pkey on store  (cost=0.15..5.72 rows=1 width=15) (actual time=0.009..0.009 rows=1 loops=112)
               Index Cond: (s_store_sk = store_sales.ss_store_sk)
               Buffers: shared hit=218 read=2
 Planning:
   Buffers: shared hit=460
 Planning Time: 3.205 ms
 Execution Time: 71542.985 ms
(51 rows)

