                                                                            QUERY PLAN                                                                            
------------------------------------------------------------------------------------------------------------------------------------------------------------------
 Aggregate  (cost=9659067.90..9659067.91 rows=1 width=40) (actual time=78069.077..78069.082 rows=1 loops=1)
   Buffers: shared hit=704947 read=5133113
   ->  Nested Loop  (cost=19643.36..9659067.89 rows=1 width=14) (actual time=36717.334..78068.895 rows=116 loops=1)
         Join Filter: ("substring"((customer_address.ca_zip)::text, 1, 5) <> "substring"((store.s_zip)::text, 1, 5))
         Rows Removed by Join Filter: 3
         Buffers: shared hit=704947 read=5133113
         ->  Nested Loop  (cost=19643.21..9659062.14 rows=1 width=29) (actual time=36717.319..78067.755 rows=121 loops=1)
               Buffers: shared hit=704710 read=5133112
               ->  Nested Loop  (cost=19642.79..9658717.65 rows=45 width=22) (actual time=36717.112..77969.140 rows=5365 loops=1)
                     Buffers: shared hit=684377 read=5131985
                     ->  Hash Join  (cost=19642.36..9647953.63 rows=1407 width=22) (actual time=36716.786..75337.013 rows=160665 loops=1)
                           Hash Cond: (store_sales.ss_item_sk = item.i_item_sk)
                           Buffers: shared hit=49416 read=5131966
                           ->  Hash Join  (cost=2570.10..9630824.72 rows=21582 width=18) (actual time=36614.014..75028.997 rows=1434019 loops=1)
                                 Hash Cond: (store_sales.ss_sold_date_sk = date_dim.d_date_sk)
                                 Buffers: shared hit=35270 read=5131756
                                 ->  Seq Scan on store_sales  (cost=0.00..9485539.52 rows=54364643 width=22) (actual time=0.074..71618.539 rows=53574682 loops=1)
                                       Filter: ((ss_wholesale_cost >= '44'::numeric) AND (ss_wholesale_cost <= '64'::numeric))
                                       Rows Removed by Filter: 234422342
                                       Buffers: shared hit=33796 read=5131756
                                 ->  Hash  (cost=2569.73..2569.73 rows=29 width=4) (actual time=29.845..29.846 rows=30 loops=1)
                                       Buckets: 1024  Batches: 1  Memory Usage: 10kB
                                       Buffers: shared hit=1474
                                       ->  Seq Scan on date_dim  (cost=0.00..2569.73 rows=29 width=4) (actual time=18.327..29.835 rows=30 loops=1)
                                             Filter: ((d_year = 2000) AND (d_moy = 11))
                                             Rows Removed by Filter: 73019
                                             Buffers: shared hit=1474
                           ->  Hash  (cost=16906.00..16906.00 rows=13301 width=12) (actual time=102.653..102.654 rows=13933 loops=1)
                                 Buckets: 16384  Batches: 1  Memory Usage: 727kB
                                 Buffers: shared hit=14146 read=210
                                 ->  Seq Scan on item  (cost=0.00..16906.00 rows=13301 width=12) (actual time=0.015..100.553 rows=13933 loops=1)
                                       Filter: (i_category = 'Men'::bpchar)
                                       Rows Removed by Filter: 190067
                                       Buffers: shared hit=14146 read=210
                     ->  Index Scan using customer_pkey on customer  (cost=0.43..7.65 rows=1 width=8) (actual time=0.016..0.016 rows=0 loops=160665)
                           Index Cond: (c_customer_sk = store_sales.ss_customer_sk)
                           Filter: (c_birth_month = 6)
                           Rows Removed by Filter: 1
                           Buffers: shared hit=634961 read=19
               ->  Index Scan using customer_address_pkey on customer_address  (cost=0.42..7.66 rows=1 width=15) (actual time=0.018..0.018 rows=0 loops=5365)
                     Index Cond: (ca_address_sk = customer.c_current_addr_sk)
                     Filter: (ca_state = 'OH'::bpchar)
                     Rows Removed by Filter: 1
                     Buffers: shared hit=20333 read=1127
         ->  Index Scan using store_pkey on store  (cost=0.15..5.72 rows=1 width=15) (actual time=0.005..0.005 rows=1 loops=121)
               Index Cond: (s_store_sk = store_sales.ss_store_sk)
               Buffers: shared hit=237 read=1
 Planning:
   Buffers: shared hit=460
 Planning Time: 5.535 ms
 Execution Time: 78069.618 ms
(51 rows)

