                                                                            QUERY PLAN                                                                            
------------------------------------------------------------------------------------------------------------------------------------------------------------------
 Aggregate  (cost=9645963.73..9645963.74 rows=1 width=40) (actual time=76825.377..76825.383 rows=1 loops=1)
   Buffers: shared hit=551102 read=5134230
   ->  Hash Join  (cost=19838.83..9645963.68 rows=7 width=14) (actual time=20439.017..76825.130 rows=201 loops=1)
         Hash Cond: (store_sales.ss_store_sk = store.s_store_sk)
         Join Filter: ("substring"((customer_address.ca_zip)::text, 1, 5) <> "substring"((store.s_zip)::text, 1, 5))
         Rows Removed by Join Filter: 6
         Buffers: shared hit=551102 read=5134230
         ->  Nested Loop  (cost=19811.79..9645936.61 rows=7 width=29) (actual time=20437.608..76823.182 rows=207 loops=1)
               Buffers: shared hit=551086 read=5134228
               ->  Nested Loop  (cost=19811.36..9644314.75 rows=212 width=22) (actual time=20383.939..76659.372 rows=9648 loops=1)
                     Buffers: shared hit=515670 read=5131052
                     ->  Hash Join  (cost=19810.93..9624905.84 rows=2537 width=22) (actual time=20383.531..74895.096 rows=117785 loops=1)
                           Hash Cond: (store_sales.ss_item_sk = item.i_item_sk)
                           Buffers: shared hit=50337 read=5131045
                           ->  Hash Join  (cost=2570.12..9607614.32 rows=19319 width=18) (actual time=20282.562..74611.451 rows=1105469 loops=1)
                                 Hash Cond: (store_sales.ss_sold_date_sk = date_dim.d_date_sk)
                                 Buffers: shared hit=36341 read=5130685
                                 ->  Seq Scan on store_sales  (cost=0.00..9485539.52 rows=45523068 width=22) (actual time=0.052..71688.883 rows=45442997 loops=1)
                                       Filter: ((ss_wholesale_cost >= '35'::numeric) AND (ss_wholesale_cost <= '55'::numeric))
                                       Rows Removed by Filter: 242554027
                                       Buffers: shared hit=34867 read=5130685
                                 ->  Hash  (cost=2569.73..2569.73 rows=31 width=4) (actual time=19.642..19.643 rows=31 loops=1)
                                       Buckets: 1024  Batches: 1  Memory Usage: 10kB
                                       Buffers: shared hit=1474
                                       ->  Seq Scan on date_dim  (cost=0.00..2569.73 rows=31 width=4) (actual time=11.705..19.631 rows=31 loops=1)
                                             Filter: ((d_year = 1999) AND (d_moy = 8))
                                             Rows Removed by Filter: 73018
                                             Buffers: shared hit=1474
                           ->  Hash  (cost=16906.00..16906.00 rows=26785 width=12) (actual time=100.731..100.732 rows=26695 loops=1)
                                 Buckets: 32768  Batches: 1  Memory Usage: 1403kB
                                 Buffers: shared hit=13996 read=360
                                 ->  Seq Scan on item  (cost=0.00..16906.00 rows=26785 width=12) (actual time=0.011..96.933 rows=26695 loops=1)
                                       Filter: (i_category = 'Children'::bpchar)
                                       Rows Removed by Filter: 177305
                                       Buffers: shared hit=13996 read=360
                     ->  Index Scan using customer_pkey on customer  (cost=0.43..7.65 rows=1 width=8) (actual time=0.015..0.015 rows=0 loops=117785)
                           Index Cond: (c_customer_sk = store_sales.ss_customer_sk)
                           Filter: (c_birth_month = 11)
                           Rows Removed by Filter: 1
                           Buffers: shared hit=465333 read=7
               ->  Index Scan using customer_address_pkey on customer_address  (cost=0.42..7.65 rows=1 width=15) (actual time=0.017..0.017 rows=0 loops=9648)
                     Index Cond: (ca_address_sk = customer.c_current_addr_sk)
                     Filter: (ca_state = 'MO'::bpchar)
                     Rows Removed by Filter: 1
                     Buffers: shared hit=35416 read=3176
         ->  Hash  (cost=22.02..22.02 rows=402 width=15) (actual time=1.379..1.380 rows=402 loops=1)
               Buckets: 1024  Batches: 1  Memory Usage: 27kB
               Buffers: shared hit=16 read=2
               ->  Seq Scan on store  (cost=0.00..22.02 rows=402 width=15) (actual time=0.026..1.232 rows=402 loops=1)
                     Buffers: shared hit=16 read=2
 Planning:
   Buffers: shared hit=460
 Planning Time: 4.592 ms
 Execution Time: 76825.856 ms
(54 rows)

