                                                                            QUERY PLAN                                                                            
------------------------------------------------------------------------------------------------------------------------------------------------------------------
 Aggregate  (cost=9755358.15..9755358.16 rows=1 width=40) (actual time=81971.367..81971.372 rows=1 loops=1)
   Buffers: shared hit=325609 read=5128037
   ->  Nested Loop  (cost=17044.75..9755358.14 rows=1 width=14) (actual time=4565.485..81971.224 rows=98 loops=1)
         Join Filter: ("substring"((customer_address.ca_zip)::text, 1, 5) <> "substring"((store.s_zip)::text, 1, 5))
         Rows Removed by Join Filter: 3
         Buffers: shared hit=325609 read=5128037
         ->  Nested Loop  (cost=17044.61..9755352.40 rows=1 width=29) (actual time=4565.464..81969.730 rows=101 loops=1)
               Buffers: shared hit=325407 read=5128037
               ->  Nested Loop  (cost=17044.18..9754793.82 rows=73 width=22) (actual time=4541.326..81910.641 rows=3596 loops=1)
                     Buffers: shared hit=312571 read=5126489
                     ->  Nested Loop  (cost=17043.75..9745108.50 rows=1266 width=22) (actual time=4540.741..81000.999 rows=63942 loops=1)
                           Buffers: shared hit=59639 read=5126473
                           ->  Hash Join  (cost=17043.45..9652676.85 rows=3081976 width=26) (actual time=121.043..80063.965 rows=3272944 loops=1)
                                 Hash Cond: (store_sales.ss_item_sk = item.i_item_sk)
                                 Buffers: shared hit=53621 read=5126287
                                 ->  Seq Scan on store_sales  (cost=0.00..9485539.52 rows=57177434 width=22) (actual time=0.057..73659.507 rows=56890659 loops=1)
                                       Filter: ((ss_wholesale_cost >= '40'::numeric) AND (ss_wholesale_cost <= '60'::numeric))
                                       Rows Removed by Filter: 231106365
                                       Buffers: shared hit=39501 read=5126051
                                 ->  Hash  (cost=16906.00..16906.00 rows=10996 width=12) (actual time=120.845..120.846 rows=11037 loops=1)
                                       Buckets: 16384  Batches: 1  Memory Usage: 603kB
                                       Buffers: shared hit=14120 read=236
                                       ->  Seq Scan on item  (cost=0.00..16906.00 rows=10996 width=12) (actual time=0.074..118.875 rows=11037 loops=1)
                                             Filter: (i_category = 'Women'::bpchar)
                                             Rows Removed by Filter: 192963
                                             Buffers: shared hit=14120 read=236
                           ->  Memoize  (cost=0.30..7.51 rows=1 width=4) (actual time=0.000..0.000 rows=0 loops=3272944)
                                 Cache Key: store_sales.ss_sold_date_sk
                                 Cache Mode: logical
                                 Hits: 3270875  Misses: 2069  Evictions: 0  Overflows: 0  Memory Usage: 139kB
                                 Buffers: shared hit=6018 read=186
                                 ->  Index Scan using date_dim_pkey on date_dim  (cost=0.29..7.50 rows=1 width=4) (actual time=0.015..0.015 rows=0 loops=2069)
                                       Index Cond: (d_date_sk = store_sales.ss_sold_date_sk)
                                       Filter: ((d_year = 1998) AND (d_moy = 5))
                                       Rows Removed by Filter: 1
                                       Buffers: shared hit=6018 read=186
                     ->  Index Scan using customer_pkey on customer  (cost=0.43..7.65 rows=1 width=8) (actual time=0.014..0.014 rows=0 loops=63942)
                           Index Cond: (c_customer_sk = store_sales.ss_customer_sk)
                           Filter: (c_birth_month = 3)
                           Rows Removed by Filter: 1
                           Buffers: shared hit=252932 read=16
               ->  Index Scan using customer_address_pkey on customer_address  (cost=0.42..7.65 rows=1 width=15) (actual time=0.016..0.016 rows=0 loops=3596)
                     Index Cond: (ca_address_sk = customer.c_current_addr_sk)
                     Filter: (ca_state = 'LA'::bpchar)
                     Rows Removed by Filter: 1
                     Buffers: shared hit=12836 read=1548
         ->  Index Scan using store_pkey on store  (cost=0.15..5.72 rows=1 width=15) (actual time=0.011..0.011 rows=1 loops=101)
               Index Cond: (s_store_sk = store_sales.ss_store_sk)
               Buffers: shared hit=202
 Planning:
   Buffers: shared hit=460
 Planning Time: 4.542 ms
 Execution Time: 81971.883 ms
(53 rows)

