                                                                            QUERY PLAN                                                                            
------------------------------------------------------------------------------------------------------------------------------------------------------------------
 Aggregate  (cost=9778118.56..9778118.57 rows=1 width=40) (actual time=81288.675..81288.681 rows=1 loops=1)
   Buffers: shared hit=660056 read=5131924
   ->  Hash Join  (cost=19838.80..9778118.40 rows=21 width=14) (actual time=26989.172..81288.483 rows=128 loops=1)
         Hash Cond: (store_sales.ss_store_sk = store.s_store_sk)
         Join Filter: ("substring"((customer_address.ca_zip)::text, 1, 5) <> "substring"((store.s_zip)::text, 1, 5))
         Rows Removed by Join Filter: 2
         Buffers: shared hit=660056 read=5131924
         ->  Nested Loop  (cost=19811.75..9778091.30 rows=21 width=29) (actual time=26988.369..81287.296 rows=132 loops=1)
               Buffers: shared hit=660038 read=5131924
               ->  Nested Loop  (cost=19811.33..9776094.20 rows=261 width=22) (actual time=26966.433..81126.618 rows=8401 loops=1)
                     Buffers: shared hit=630540 read=5127818
                     ->  Hash Join  (cost=19810.90..9741476.47 rows=4525 width=22) (actual time=26965.905..78498.091 rows=145949 loops=1)
                           Hash Cond: (store_sales.ss_item_sk = item.i_item_sk)
                           Buffers: shared hit=54222 read=5127160
                           ->  Hash Join  (cost=2570.08..9724145.19 rows=34464 width=18) (actual time=26865.532..78171.573 rows=1363347 loops=1)
                                 Hash Cond: (store_sales.ss_sold_date_sk = date_dim.d_date_sk)
                                 Buffers: shared hit=39866 read=5127160
                                 ->  Seq Scan on store_sales  (cost=0.00..9485539.52 rows=89913339 width=22) (actual time=0.047..72777.075 rows=89530603 loops=1)
                                       Filter: ((ss_wholesale_cost >= '54'::numeric) AND (ss_wholesale_cost <= '74'::numeric))
                                       Rows Removed by Filter: 198466421
                                       Buffers: shared hit=39106 read=5126446
                                 ->  Hash  (cost=2569.73..2569.73 rows=28 width=4) (actual time=23.439..23.440 rows=29 loops=1)
                                       Buckets: 1024  Batches: 1  Memory Usage: 10kB
                                       Buffers: shared hit=760 read=714
                                       ->  Seq Scan on date_dim  (cost=0.00..2569.73 rows=28 width=4) (actual time=14.291..23.425 rows=29 loops=1)
                                             Filter: ((d_year = 2000) AND (d_moy = 2))
                                             Rows Removed by Filter: 73020
                                             Buffers: shared hit=760 read=714
                           ->  Hash  (cost=16906.00..16906.00 rows=26785 width=12) (actual time=100.204..100.205 rows=26695 loops=1)
                                 Buckets: 32768  Batches: 1  Memory Usage: 1403kB
                                 Buffers: shared hit=14356
                                 ->  Seq Scan on item  (cost=0.00..16906.00 rows=26785 width=12) (actual time=0.011..96.372 rows=26695 loops=1)
                                       Filter: (i_category = 'Children'::bpchar)
                                       Rows Removed by Filter: 177305
                                       Buffers: shared hit=14356
                     ->  Index Scan using customer_pkey on customer  (cost=0.43..7.65 rows=1 width=8) (actual time=0.018..0.018 rows=0 loops=145949)
                           Index Cond: (c_customer_sk = store_sales.ss_customer_sk)
                           Filter: (c_birth_month = 3)
                           Rows Removed by Filter: 1
                           Buffers: shared hit=576318 read=658
               ->  Index Scan using customer_address_pkey on customer_address  (cost=0.42..7.65 rows=1 width=15) (actual time=0.019..0.019 rows=0 loops=8401)
                     Index Cond: (ca_address_sk = customer.c_current_addr_sk)
                     Filter: (ca_state = 'TX'::bpchar)
                     Rows Removed by Filter: 1
                     Buffers: shared hit=29498 read=4106
         ->  Hash  (cost=22.02..22.02 rows=402 width=15) (actual time=0.770..0.771 rows=402 loops=1)
               Buckets: 1024  Batches: 1  Memory Usage: 27kB
               Buffers: shared hit=18
               ->  Seq Scan on store  (cost=0.00..22.02 rows=402 width=15) (actual time=0.029..0.613 rows=402 loops=1)
                     Buffers: shared hit=18
 Planning:
   Buffers: shared hit=460
 Planning Time: 4.825 ms
 Execution Time: 81289.215 ms
(54 rows)

