                                                                            QUERY PLAN                                                                            
------------------------------------------------------------------------------------------------------------------------------------------------------------------
 Aggregate  (cost=9676961.95..9676961.96 rows=1 width=40) (actual time=76289.788..76289.793 rows=1 loops=1)
   Buffers: shared hit=206666 read=5126228
   ->  Nested Loop  (cost=19750.21..9676961.92 rows=4 width=14) (actual time=12616.827..76289.712 rows=87 loops=1)
         Join Filter: ("substring"((customer_address.ca_zip)::text, 1, 5) <> "substring"((store.s_zip)::text, 1, 5))
         Rows Removed by Join Filter: 3
         Buffers: shared hit=206666 read=5126228
         ->  Nested Loop  (cost=19750.06..9676938.95 rows=4 width=29) (actual time=12616.810..76288.685 rows=90 loops=1)
               Buffers: shared hit=206486 read=5126228
               ->  Nested Loop  (cost=19749.64..9674690.03 rows=294 width=22) (actual time=12606.281..76215.007 rows=4114 loops=1)
                     Buffers: shared hit=192456 read=5123802
                     ->  Hash Join  (cost=19749.21..9655449.44 rows=2515 width=22) (actual time=12606.092..75681.200 rows=34138 loops=1)
                           Hash Cond: (store_sales.ss_item_sk = item.i_item_sk)
                           Buffers: shared hit=57825 read=5123557
                           ->  Hash Join  (cost=2570.11..9638208.70 rows=23482 width=18) (actual time=12498.352..75516.738 rows=398747 loops=1)
                                 Hash Cond: (store_sales.ss_sold_date_sk = date_dim.d_date_sk)
                                 Buffers: shared hit=43469 read=5123557
                                 ->  Seq Scan on store_sales  (cost=0.00..9485539.52 rows=57177434 width=22) (actual time=0.067..72079.830 rows=56890659 loops=1)
                                       Filter: ((ss_wholesale_cost >= '40'::numeric) AND (ss_wholesale_cost <= '60'::numeric))
                                       Rows Removed by Filter: 231106365
                                       Buffers: shared hit=42058 read=5123494
                                 ->  Hash  (cost=2569.73..2569.73 rows=30 width=4) (actual time=24.138..24.139 rows=31 loops=1)
                                       Buckets: 1024  Batches: 1  Memory Usage: 10kB
                                       Buffers: shared hit=1411 read=63
                                       ->  Seq Scan on date_dim  (cost=0.00..2569.73 rows=30 width=4) (actual time=13.511..24.123 rows=31 loops=1)
                                             Filter: ((d_year = 1999) AND (d_moy = 1))
                                             Rows Removed by Filter: 73018
                                             Buffers: shared hit=1411 read=63
                           ->  Hash  (cost=16906.00..16906.00 rows=21848 width=12) (actual time=107.553..107.554 rows=21811 loops=1)
                                 Buckets: 32768  Batches: 1  Memory Usage: 1193kB
                                 Buffers: shared hit=14356
                                 ->  Seq Scan on item  (cost=0.00..16906.00 rows=21848 width=12) (actual time=0.029..104.292 rows=21811 loops=1)
                                       Filter: (i_category = 'Sports'::bpchar)
                                       Rows Removed by Filter: 182189
                                       Buffers: shared hit=14356
                     ->  Index Scan using customer_pkey on customer  (cost=0.43..7.65 rows=1 width=8) (actual time=0.015..0.015 rows=0 loops=34138)
                           Index Cond: (c_customer_sk = store_sales.ss_customer_sk)
                           Filter: (c_birth_month = 8)
                           Rows Removed by Filter: 1
                           Buffers: shared hit=134631 read=245
               ->  Index Scan using customer_address_pkey on customer_address  (cost=0.42..7.65 rows=1 width=15) (actual time=0.018..0.018 rows=0 loops=4114)
                     Index Cond: (ca_address_sk = customer.c_current_addr_sk)
                     Filter: (ca_state = 'OR'::bpchar)
                     Rows Removed by Filter: 1
                     Buffers: shared hit=14030 read=2426
         ->  Index Scan using store_pkey on store  (cost=0.15..5.72 rows=1 width=15) (actual time=0.009..0.009 rows=1 loops=90)
               Index Cond: (s_store_sk = store_sales.ss_store_sk)
               Buffers: shared hit=180
 Planning:
   Buffers: shared hit=460
 Planning Time: 4.914 ms
 Execution Time: 76290.324 ms
(51 rows)

