                                                                            QUERY PLAN                                                                            
------------------------------------------------------------------------------------------------------------------------------------------------------------------
 Aggregate  (cost=9651736.25..9651736.26 rows=1 width=40) (actual time=73995.587..73995.592 rows=1 loops=1)
   Buffers: shared hit=842322 read=5135164
   ->  Nested Loop  (cost=19896.08..9651736.22 rows=4 width=14) (actual time=27663.649..73995.361 rows=158 loops=1)
         Join Filter: ("substring"((customer_address.ca_zip)::text, 1, 5) <> "substring"((store.s_zip)::text, 1, 5))
         Rows Removed by Join Filter: 2
         Buffers: shared hit=842322 read=5135164
         ->  Nested Loop  (cost=19895.94..9651713.25 rows=4 width=29) (actual time=27663.628..73992.092 rows=162 loops=1)
               Buffers: shared hit=842006 read=5135160
               ->  Nested Loop  (cost=19895.51..9650305.33 rows=184 width=22) (actual time=27640.366..73775.646 rows=10884 loops=1)
                     Buffers: shared hit=804794 read=5128836
                     ->  Hash Join  (cost=19895.08..9625847.19 rows=3197 width=22) (actual time=27640.155..70296.495 rows=190274 loops=1)
                           Hash Cond: (store_sales.ss_item_sk = item.i_item_sk)
                           Buffers: shared hit=55139 read=5126243
                           ->  Hash Join  (cost=2570.12..9608471.16 rows=19457 width=18) (actual time=27535.556..69997.835 rows=1033846 loops=1)
                                 Hash Cond: (store_sales.ss_sold_date_sk = date_dim.d_date_sk)
                                 Buffers: shared hit=40783 read=5126243
                                 ->  Seq Scan on store_sales  (cost=0.00..9485539.52 rows=45849467 width=22) (actual time=0.052..67020.406 rows=46160898 loops=1)
                                       Filter: ((ss_wholesale_cost >= '80'::numeric) AND (ss_wholesale_cost <= '100'::numeric))
                                       Rows Removed by Filter: 241836126
                                       Buffers: shared hit=39309 read=5126243
                                 ->  Hash  (cost=2569.73..2569.73 rows=31 width=4) (actual time=20.360..20.361 rows=31 loops=1)
                                       Buckets: 1024  Batches: 1  Memory Usage: 10kB
                                       Buffers: shared hit=1474
                                       ->  Seq Scan on date_dim  (cost=0.00..2569.73 rows=31 width=4) (actual time=12.717..20.349 rows=31 loops=1)
                                             Filter: ((d_year = 2000) AND (d_moy = 7))
                                             Rows Removed by Filter: 73018
                                             Buffers: shared hit=1474
                           ->  Hash  (cost=16906.00..16906.00 rows=33517 width=12) (actual time=104.366..104.367 rows=33627 loops=1)
                                 Buckets: 65536  Batches: 1  Memory Usage: 1957kB
                                 Buffers: shared hit=14356
                                 ->  Seq Scan on item  (cost=0.00..16906.00 rows=33517 width=12) (actual time=0.019..99.377 rows=33627 loops=1)
                                       Filter: (i_category = 'Shoes'::bpchar)
                                       Rows Removed by Filter: 170373
                                       Buffers: shared hit=14356
                     ->  Index Scan using customer_pkey on customer  (cost=0.43..7.65 rows=1 width=8) (actual time=0.018..0.018 rows=0 loops=190274)
                           Index Cond: (c_customer_sk = store_sales.ss_customer_sk)
                           Filter: (c_birth_month = 3)
                           Rows Removed by Filter: 1
                           Buffers: shared hit=749655 read=2593
               ->  Index Scan using customer_address_pkey on customer_address  (cost=0.42..7.65 rows=1 width=15) (actual time=0.020..0.020 rows=0 loops=10884)
                     Index Cond: (ca_address_sk = customer.c_current_addr_sk)
                     Filter: (ca_state = 'AL'::bpchar)
                     Rows Removed by Filter: 1
                     Buffers: shared hit=37212 read=6324
         ->  Index Scan using store_pkey on store  (cost=0.15..5.72 rows=1 width=15) (actual time=0.016..0.016 rows=1 loops=162)
               Index Cond: (s_store_sk = store_sales.ss_store_sk)
               Buffers: shared hit=316 read=4
 Planning:
   Buffers: shared hit=460
 Planning Time: 3.897 ms
 Execution Time: 73996.050 ms
(51 rows)

