                                                                            QUERY PLAN                                                                            
------------------------------------------------------------------------------------------------------------------------------------------------------------------
 Aggregate  (cost=9739601.18..9739601.19 rows=1 width=40) (actual time=79281.911..79281.916 rows=1 loops=1)
   Buffers: shared hit=123788 read=5120350
   ->  Hash Join  (cost=17046.40..9739601.14 rows=5 width=14) (actual time=3095.900..79281.884 rows=13 loops=1)
         Hash Cond: (store_sales.ss_store_sk = store.s_store_sk)
         Join Filter: ("substring"((customer_address.ca_zip)::text, 1, 5) <> "substring"((store.s_zip)::text, 1, 5))
         Buffers: shared hit=123788 read=5120350
         ->  Nested Loop  (cost=17019.36..9739574.08 rows=5 width=29) (actual time=3094.525..79280.462 rows=13 loops=1)
               Buffers: shared hit=123772 read=5120348
               ->  Nested Loop  (cost=17018.93..9739099.68 rows=62 width=22) (actual time=3011.372..79269.240 rows=754 loops=1)
                     Buffers: shared hit=121226 read=5119878
                     ->  Nested Loop  (cost=17018.50..9730929.12 rows=1068 width=22) (actual time=3011.344..79121.860 rows=13921 loops=1)
                           Buffers: shared hit=66417 read=5119695
                           ->  Hash Join  (cost=17018.20..9652651.60 rows=2515807 width=26) (actual time=134.630..78714.745 rows=1238325 loops=1)
                                 Hash Cond: (store_sales.ss_item_sk = item.i_item_sk)
                                 Buffers: shared hit=60213 read=5119695
                                 ->  Seq Scan on store_sales  (cost=0.00..9485539.52 rows=57177434 width=22) (actual time=0.055..73075.578 rows=56890659 loops=1)
                                       Filter: ((ss_wholesale_cost >= '39'::numeric) AND (ss_wholesale_cost <= '59'::numeric))
                                       Rows Removed by Filter: 231106365
                                       Buffers: shared hit=45857 read=5119695
                                 ->  Hash  (cost=16906.00..16906.00 rows=8976 width=12) (actual time=134.419..134.420 rows=8826 loops=1)
                                       Buckets: 16384  Batches: 1  Memory Usage: 508kB
                                       Buffers: shared hit=14356
                                       ->  Seq Scan on item  (cost=0.00..16906.00 rows=8976 width=12) (actual time=0.030..132.487 rows=8826 loops=1)
                                             Filter: (i_category = 'Jewelry'::bpchar)
                                             Rows Removed by Filter: 195174
                                             Buffers: shared hit=14356
                           ->  Memoize  (cost=0.30..7.51 rows=1 width=4) (actual time=0.000..0.000 rows=0 loops=1238325)
                                 Cache Key: store_sales.ss_sold_date_sk
                                 Cache Mode: logical
                                 Hits: 1236256  Misses: 2069  Evictions: 0  Overflows: 0  Memory Usage: 139kB
                                 Buffers: shared hit=6204
                                 ->  Index Scan using date_dim_pkey on date_dim  (cost=0.29..7.50 rows=1 width=4) (actual time=0.015..0.015 rows=0 loops=2069)
                                       Index Cond: (d_date_sk = store_sales.ss_sold_date_sk)
                                       Filter: ((d_year = 1998) AND (d_moy = 3))
                                       Rows Removed by Filter: 1
                                       Buffers: shared hit=6204
                     ->  Index Scan using customer_pkey on customer  (cost=0.43..7.65 rows=1 width=8) (actual time=0.010..0.010 rows=0 loops=13921)
                           Index Cond: (c_customer_sk = store_sales.ss_customer_sk)
                           Filter: (c_birth_month = 3)
                           Rows Removed by Filter: 1
                           Buffers: shared hit=54809 read=183
               ->  Index Scan using customer_address_pkey on customer_address  (cost=0.42..7.65 rows=1 width=15) (actual time=0.015..0.015 rows=0 loops=754)
                     Index Cond: (ca_address_sk = customer.c_current_addr_sk)
                     Filter: (ca_state = 'TX'::bpchar)
                     Rows Removed by Filter: 1
                     Buffers: shared hit=2546 read=470
         ->  Hash  (cost=22.02..22.02 rows=402 width=15) (actual time=1.342..1.343 rows=402 loops=1)
               Buckets: 1024  Batches: 1  Memory Usage: 27kB
               Buffers: shared hit=16 read=2
               ->  Seq Scan on store  (cost=0.00..22.02 rows=402 width=15) (actual time=0.030..1.204 rows=402 loops=1)
                     Buffers: shared hit=16 read=2
 Planning:
   Buffers: shared hit=460
 Planning Time: 4.065 ms
 Execution Time: 79282.418 ms
(55 rows)

