                                                                            QUERY PLAN                                                                            
------------------------------------------------------------------------------------------------------------------------------------------------------------------
 Aggregate  (cost=9753443.27..9753443.28 rows=1 width=40) (actual time=78622.814..78622.820 rows=1 loops=1)
   Buffers: shared hit=468479 read=5131133
   ->  Hash Join  (cost=19670.27..9753443.23 rows=5 width=14) (actual time=28628.852..78622.689 rows=97 loops=1)
         Hash Cond: (store_sales.ss_store_sk = store.s_store_sk)
         Join Filter: ("substring"((customer_address.ca_zip)::text, 1, 5) <> "substring"((store.s_zip)::text, 1, 5))
         Rows Removed by Join Filter: 3
         Buffers: shared hit=468479 read=5131133
         ->  Nested Loop  (cost=19643.23..9753416.18 rows=5 width=29) (actual time=28627.947..78621.521 rows=101 loops=1)
               Buffers: shared hit=468461 read=5131133
               ->  Nested Loop  (cost=19642.80..9752176.72 rows=162 width=22) (actual time=28612.251..78483.589 rows=6543 loops=1)
                     Buffers: shared hit=446644 read=5126778
                     ->  Hash Join  (cost=19642.37..9734305.56 rows=2336 width=22) (actual time=28612.223..76665.592 rows=99221 loops=1)
                           Hash Cond: (store_sales.ss_item_sk = item.i_item_sk)
                           Buffers: shared hit=56384 read=5124998
                           ->  Hash Join  (cost=2570.11..9717139.25 rows=35830 width=18) (actual time=28510.452..76425.909 rows=880304 loops=1)
                                 Hash Cond: (store_sales.ss_sold_date_sk = date_dim.d_date_sk)
                                 Buffers: shared hit=42028 read=5124998
                                 ->  Seq Scan on store_sales  (cost=0.00..9485539.52 rows=87244546 width=22) (actual time=0.050..71270.188 rows=86810744 loops=1)
                                       Filter: ((ss_wholesale_cost >= '68'::numeric) AND (ss_wholesale_cost <= '88'::numeric))
                                       Rows Removed by Filter: 201186280
                                       Buffers: shared hit=41486 read=5124066
                                 ->  Hash  (cost=2569.73..2569.73 rows=30 width=4) (actual time=22.885..22.885 rows=31 loops=1)
                                       Buckets: 1024  Batches: 1  Memory Usage: 10kB
                                       Buffers: shared hit=542 read=932
                                       ->  Seq Scan on date_dim  (cost=0.00..2569.73 rows=30 width=4) (actual time=11.861..22.871 rows=31 loops=1)
                                             Filter: ((d_year = 2000) AND (d_moy = 5))
                                             Rows Removed by Filter: 73018
                                             Buffers: shared hit=542 read=932
                           ->  Hash  (cost=16906.00..16906.00 rows=13301 width=12) (actual time=101.669..101.669 rows=13933 loops=1)
                                 Buckets: 16384  Batches: 1  Memory Usage: 727kB
                                 Buffers: shared hit=14356
                                 ->  Seq Scan on item  (cost=0.00..16906.00 rows=13301 width=12) (actual time=0.012..99.608 rows=13933 loops=1)
                                       Filter: (i_category = 'Men'::bpchar)
                                       Rows Removed by Filter: 190067
                                       Buffers: shared hit=14356
                     ->  Index Scan using customer_pkey on customer  (cost=0.43..7.65 rows=1 width=8) (actual time=0.018..0.018 rows=0 loops=99221)
                           Index Cond: (c_customer_sk = store_sales.ss_customer_sk)
                           Filter: (c_birth_month = 12)
                           Rows Removed by Filter: 1
                           Buffers: shared hit=390260 read=1780
               ->  Index Scan using customer_address_pkey on customer_address  (cost=0.42..7.65 rows=1 width=15) (actual time=0.021..0.021 rows=0 loops=6543)
                     Index Cond: (ca_address_sk = customer.c_current_addr_sk)
                     Filter: (ca_state = 'IA'::bpchar)
                     Rows Removed by Filter: 1
                     Buffers: shared hit=21817 read=4355
         ->  Hash  (cost=22.02..22.02 rows=402 width=15) (actual time=0.875..0.876 rows=402 loops=1)
               Buckets: 1024  Batches: 1  Memory Usage: 27kB
               Buffers: shared hit=18
               ->  Seq Scan on store  (cost=0.00..22.02 rows=402 width=15) (actual time=0.032..0.709 rows=402 loops=1)
                     Buffers: shared hit=18
 Planning:
   Buffers: shared hit=460
 Planning Time: 5.520 ms
 Execution Time: 78623.293 ms
(54 rows)

