                                                                            QUERY PLAN                                                                            
------------------------------------------------------------------------------------------------------------------------------------------------------------------
 Aggregate  (cost=9669074.50..9669074.51 rows=1 width=40) (actual time=71478.794..71478.800 rows=1 loops=1)
   Buffers: shared hit=259022 read=5125684
   ->  Nested Loop  (cost=19643.37..9669074.47 rows=4 width=14) (actual time=20836.918..71478.706 rows=61 loops=1)
         Join Filter: ("substring"((customer_address.ca_zip)::text, 1, 5) <> "substring"((store.s_zip)::text, 1, 5))
         Rows Removed by Join Filter: 7
         Buffers: shared hit=259022 read=5125684
         ->  Nested Loop  (cost=19643.23..9669051.50 rows=4 width=29) (actual time=20836.899..71477.153 rows=68 loops=1)
               Buffers: shared hit=258886 read=5125684
               ->  Nested Loop  (cost=19642.80..9668064.61 rows=129 width=22) (actual time=20776.633..71408.317 rows=3738 loops=1)
                     Buffers: shared hit=246773 read=5122845
                     ->  Hash Join  (cost=19642.37..9656275.45 rows=1541 width=22) (actual time=20775.114..70776.743 rows=47660 loops=1)
                           Hash Cond: (store_sales.ss_item_sk = item.i_item_sk)
                           Buffers: shared hit=59615 read=5121767
                           ->  Hash Join  (cost=2570.11..9639141.16 rows=23628 width=18) (actual time=20649.992..70587.971 rows=638380 loops=1)
                                 Hash Cond: (store_sales.ss_sold_date_sk = date_dim.d_date_sk)
                                 Buffers: shared hit=45259 read=5121767
                                 ->  Seq Scan on store_sales  (cost=0.00..9485539.52 rows=57532634 width=22) (actual time=0.058..67060.113 rows=57752041 loops=1)
                                       Filter: ((ss_wholesale_cost >= '75'::numeric) AND (ss_wholesale_cost <= '95'::numeric))
                                       Rows Removed by Filter: 230244983
                                       Buffers: shared hit=44051 read=5121501
                                 ->  Hash  (cost=2569.73..2569.73 rows=30 width=4) (actual time=22.573..22.574 rows=30 loops=1)
                                       Buckets: 1024  Batches: 1  Memory Usage: 10kB
                                       Buffers: shared hit=1208 read=266
                                       ->  Seq Scan on date_dim  (cost=0.00..2569.73 rows=30 width=4) (actual time=13.496..22.560 rows=30 loops=1)
                                             Filter: ((d_year = 1999) AND (d_moy = 9))
                                             Rows Removed by Filter: 73019
                                             Buffers: shared hit=1208 read=266
                           ->  Hash  (cost=16906.00..16906.00 rows=13301 width=12) (actual time=99.959..99.959 rows=13933 loops=1)
                                 Buckets: 16384  Batches: 1  Memory Usage: 727kB
                                 Buffers: shared hit=14356
                                 ->  Seq Scan on item  (cost=0.00..16906.00 rows=13301 width=12) (actual time=0.012..97.899 rows=13933 loops=1)
                                       Filter: (i_category = 'Men'::bpchar)
                                       Rows Removed by Filter: 190067
                                       Buffers: shared hit=14356
                     ->  Index Scan using customer_pkey on customer  (cost=0.43..7.65 rows=1 width=8) (actual time=0.013..0.013 rows=0 loops=47660)
                           Index Cond: (c_customer_sk = store_sales.ss_customer_sk)
                           Filter: (c_birth_month = 11)
                           Rows Removed by Filter: 1
                           Buffers: shared hit=187158 read=1078
               ->  Index Scan using customer_address_pkey on customer_address  (cost=0.42..7.65 rows=1 width=15) (actual time=0.018..0.018 rows=0 loops=3738)
                     Index Cond: (ca_address_sk = customer.c_current_addr_sk)
                     Filter: (ca_state = 'NC'::bpchar)
                     Rows Removed by Filter: 1
                     Buffers: shared hit=12113 read=2839
         ->  Index Scan using store_pkey on store  (cost=0.15..5.72 rows=1 width=15) (actual time=0.019..0.019 rows=1 loops=68)
               Index Cond: (s_store_sk = store_sales.ss_store_sk)
               Buffers: shared hit=136
 Planning:
   Buffers: shared hit=460
 Planning Time: 4.583 ms
 Execution Time: 71479.286 ms
(51 rows)

