                                                                             QUERY PLAN                                                                              
---------------------------------------------------------------------------------------------------------------------------------------------------------------------
 Aggregate  (cost=9721974.66..9721974.67 rows=1 width=40) (actual time=101632.131..101632.137 rows=1 loops=1)
   Buffers: shared hit=4095562 read=5137312
   ->  Nested Loop  (cost=2571.54..9721974.65 rows=1 width=14) (actual time=61233.648..101632.001 rows=56 loops=1)
         Join Filter: ("substring"((customer_address.ca_zip)::text, 1, 5) <> "substring"((store.s_zip)::text, 1, 5))
         Buffers: shared hit=4095562 read=5137312
         ->  Nested Loop  (cost=2571.39..9721968.91 rows=1 width=29) (actual time=61233.612..101631.152 rows=57 loops=1)
               Buffers: shared hit=4095451 read=5137311
               ->  Nested Loop  (cost=2570.97..9721938.37 rows=4 width=25) (actual time=61007.928..101624.085 rows=287 loops=1)
                     Buffers: shared hit=4094503 read=5137111
                     ->  Nested Loop  (cost=2570.55..9720182.71 rows=229 width=18) (actual time=60988.694..101234.542 rows=14173 loops=1)
                           Buffers: shared hit=4042607 read=5132315
                           ->  Hash Join  (cost=2570.12..9591863.49 rows=16773 width=18) (actual time=60988.492..77766.840 rows=1014001 loops=1)
                                 Hash Cond: (store_sales.ss_sold_date_sk = date_dim.d_date_sk)
                                 Buffers: shared hit=38770 read=5128256
                                 ->  Seq Scan on store_sales  (cost=0.00..9485539.52 rows=39523085 width=22) (actual time=0.047..74890.254 rows=40114371 loops=1)
                                       Filter: ((ss_wholesale_cost >= '27'::numeric) AND (ss_wholesale_cost <= '47'::numeric))
                                       Rows Removed by Filter: 247882653
                                       Buffers: shared hit=37296 read=5128256
                                 ->  Hash  (cost=2569.73..2569.73 rows=31 width=4) (actual time=19.489..19.490 rows=31 loops=1)
                                       Buckets: 1024  Batches: 1  Memory Usage: 10kB
                                       Buffers: shared hit=1474
                                       ->  Seq Scan on date_dim  (cost=0.00..2569.73 rows=31 width=4) (actual time=10.915..19.477 rows=31 loops=1)
                                             Filter: ((d_year = 2002) AND (d_moy = 8))
                                             Rows Removed by Filter: 73018
                                             Buffers: shared hit=1474
                           ->  Index Scan using customer_pkey on customer  (cost=0.43..7.65 rows=1 width=8) (actual time=0.023..0.023 rows=0 loops=1014001)
                                 Index Cond: (c_customer_sk = store_sales.ss_customer_sk)
                                 Filter: (c_birth_month = 5)
                                 Rows Removed by Filter: 1
                                 Buffers: shared hit=4003837 read=4059
                     ->  Index Scan using customer_address_pkey on customer_address  (cost=0.42..7.67 rows=1 width=15) (actual time=0.027..0.027 rows=0 loops=14173)
                           Index Cond: (ca_address_sk = customer.c_current_addr_sk)
                           Filter: (ca_state = 'ND'::bpchar)
                           Rows Removed by Filter: 1
                           Buffers: shared hit=51896 read=4796
               ->  Index Scan using item_pkey on item  (cost=0.42..7.64 rows=1 width=12) (actual time=0.023..0.023 rows=0 loops=287)
                     Index Cond: (i_item_sk = store_sales.ss_item_sk)
                     Filter: (i_category = 'Electronics'::bpchar)
                     Rows Removed by Filter: 1
                     Buffers: shared hit=948 read=200
         ->  Index Scan using store_pkey on store  (cost=0.15..5.72 rows=1 width=15) (actual time=0.009..0.009 rows=1 loops=57)
               Index Cond: (s_store_sk = store_sales.ss_store_sk)
               Buffers: shared hit=111 read=1
 Planning:
   Buffers: shared hit=460
 Planning Time: 4.836 ms
 Execution Time: 101632.596 ms
(47 rows)

