                                                                            QUERY PLAN                                                                            
------------------------------------------------------------------------------------------------------------------------------------------------------------------
 Aggregate  (cost=9671875.26..9671875.27 rows=1 width=40) (actual time=77477.654..77477.660 rows=1 loops=1)
   Buffers: shared hit=225030 read=5123250
   ->  Hash Join  (cost=19838.82..9671875.16 rows=14 width=14) (actual time=12630.737..77477.584 rows=36 loops=1)
         Hash Cond: (store_sales.ss_store_sk = store.s_store_sk)
         Join Filter: ("substring"((customer_address.ca_zip)::text, 1, 5) <> "substring"((store.s_zip)::text, 1, 5))
         Rows Removed by Join Filter: 3
         Buffers: shared hit=225030 read=5123250
         ->  Nested Loop  (cost=19811.78..9671848.07 rows=14 width=29) (actual time=12629.537..77476.266 rows=39 loops=1)
               Buffers: shared hit=225014 read=5123248
               ->  Nested Loop  (cost=19811.35..9670554.93 rows=169 width=22) (actual time=12627.114..77435.622 rows=2173 loops=1)
                     Buffers: shared hit=217869 read=5121701
                     ->  Hash Join  (cost=19810.92..9648124.15 rows=2932 width=22) (actual time=12626.851..76797.914 rows=40029 loops=1)
                           Hash Cond: (store_sales.ss_item_sk = item.i_item_sk)
                           Buffers: shared hit=63499 read=5117883
                           ->  Hash Join  (cost=2570.11..9630824.73 rows=22327 width=18) (actual time=12511.981..76622.259 rows=375295 loops=1)
                                 Hash Cond: (store_sales.ss_sold_date_sk = date_dim.d_date_sk)
                                 Buffers: shared hit=49143 read=5117883
                                 ->  Seq Scan on store_sales  (cost=0.00..9485539.52 rows=54364643 width=22) (actual time=0.177..73278.765 rows=53574682 loops=1)
                                       Filter: ((ss_wholesale_cost >= '47'::numeric) AND (ss_wholesale_cost <= '67'::numeric))
                                       Rows Removed by Filter: 234422342
                                       Buffers: shared hit=47796 read=5117756
                                 ->  Hash  (cost=2569.73..2569.73 rows=30 width=4) (actual time=20.713..20.713 rows=31 loops=1)
                                       Buckets: 1024  Batches: 1  Memory Usage: 10kB
                                       Buffers: shared hit=1347 read=127
                                       ->  Seq Scan on date_dim  (cost=0.00..2569.73 rows=30 width=4) (actual time=11.619..20.702 rows=31 loops=1)
                                             Filter: ((d_year = 1999) AND (d_moy = 1))
                                             Rows Removed by Filter: 73018
                                             Buffers: shared hit=1347 read=127
                           ->  Hash  (cost=16906.00..16906.00 rows=26785 width=12) (actual time=114.730..114.731 rows=26695 loops=1)
                                 Buckets: 32768  Batches: 1  Memory Usage: 1403kB
                                 Buffers: shared hit=14356
                                 ->  Seq Scan on item  (cost=0.00..16906.00 rows=26785 width=12) (actual time=0.017..110.721 rows=26695 loops=1)
                                       Filter: (i_category = 'Children'::bpchar)
                                       Rows Removed by Filter: 177305
                                       Buffers: shared hit=14356
                     ->  Index Scan using customer_pkey on customer  (cost=0.43..7.65 rows=1 width=8) (actual time=0.016..0.016 rows=0 loops=40029)
                           Index Cond: (c_customer_sk = store_sales.ss_customer_sk)
                           Filter: (c_birth_month = 3)
                           Rows Removed by Filter: 1
                           Buffers: shared hit=154370 read=3818
               ->  Index Scan using customer_address_pkey on customer_address  (cost=0.42..7.65 rows=1 width=15) (actual time=0.018..0.018 rows=0 loops=2173)
                     Index Cond: (ca_address_sk = customer.c_current_addr_sk)
                     Filter: (ca_state = 'TX'::bpchar)
                     Rows Removed by Filter: 1
                     Buffers: shared hit=7145 read=1547
         ->  Hash  (cost=22.02..22.02 rows=402 width=15) (actual time=1.170..1.170 rows=402 loops=1)
               Buckets: 1024  Batches: 1  Memory Usage: 27kB
               Buffers: shared hit=16 read=2
               ->  Seq Scan on store  (cost=0.00..22.02 rows=402 width=15) (actual time=0.029..1.013 rows=402 loops=1)
                     Buffers: shared hit=16 read=2
 Planning:
   Buffers: shared hit=460
 Planning Time: 4.767 ms
 Execution Time: 77478.170 ms
(54 rows)

