                                                                             QUERY PLAN                                                                             
--------------------------------------------------------------------------------------------------------------------------------------------------------------------
 Aggregate  (cost=9677420.10..9677420.11 rows=1 width=40) (actual time=84500.392..84500.397 rows=1 loops=1)
   Buffers: shared hit=1095165 read=5127115
   ->  Nested Loop  (cost=2571.53..9677420.09 rows=1 width=14) (actual time=59948.910..84500.380 rows=3 loops=1)
         Join Filter: ("substring"((customer_address.ca_zip)::text, 1, 5) <> "substring"((store.s_zip)::text, 1, 5))
         Buffers: shared hit=1095165 read=5127115
         ->  Nested Loop  (cost=2571.38..9677414.35 rows=1 width=29) (actual time=59948.874..84500.304 rows=4 loops=1)
               Buffers: shared hit=1095160 read=5127114
               ->  Nested Loop  (cost=2570.96..9677376.17 rows=5 width=25) (actual time=59096.841..84497.480 rows=169 loops=1)
                     Buffers: shared hit=1094484 read=5127114
                     ->  Nested Loop  (cost=2570.54..9674130.28 rows=424 width=18) (actual time=58918.722..84269.246 rows=8651 loops=1)
                           Buffers: shared hit=1062900 read=5124094
                           ->  Hash Join  (cost=2570.11..9572786.08 rows=13247 width=18) (actual time=58918.358..78222.423 rows=258072 loops=1)
                                 Hash Cond: (store_sales.ss_sold_date_sk = date_dim.d_date_sk)
                                 Buffers: shared hit=43421 read=5123605
                                 ->  Seq Scan on store_sales  (cost=0.00..9485539.52 rows=32255907 width=22) (actual time=0.032..75976.674 rows=32336064 loops=1)
                                       Filter: ((ss_wholesale_cost >= '21'::numeric) AND (ss_wholesale_cost <= '41'::numeric))
                                       Rows Removed by Filter: 255660960
                                       Buffers: shared hit=41947 read=5123605
                                 ->  Hash  (cost=2569.73..2569.73 rows=30 width=4) (actual time=10.837..10.838 rows=30 loops=1)
                                       Buckets: 1024  Batches: 1  Memory Usage: 10kB
                                       Buffers: shared hit=1474
                                       ->  Seq Scan on date_dim  (cost=0.00..2569.73 rows=30 width=4) (actual time=6.118..10.828 rows=30 loops=1)
                                             Filter: ((d_year = 2002) AND (d_moy = 4))
                                             Rows Removed by Filter: 73019
                                             Buffers: shared hit=1474
                           ->  Index Scan using customer_pkey on customer  (cost=0.43..7.65 rows=1 width=8) (actual time=0.023..0.023 rows=0 loops=258072)
                                 Index Cond: (c_customer_sk = store_sales.ss_customer_sk)
                                 Filter: (c_birth_month = 6)
                                 Rows Removed by Filter: 1
                                 Buffers: shared hit=1019479 read=489
                     ->  Index Scan using customer_address_pkey on customer_address  (cost=0.42..7.66 rows=1 width=15) (actual time=0.026..0.026 rows=0 loops=8651)
                           Index Cond: (ca_address_sk = customer.c_current_addr_sk)
                           Filter: (ca_state = 'OR'::bpchar)
                           Rows Removed by Filter: 1
                           Buffers: shared hit=31584 read=3020
               ->  Index Scan using item_pkey on item  (cost=0.42..7.64 rows=1 width=12) (actual time=0.016..0.016 rows=0 loops=169)
                     Index Cond: (i_item_sk = store_sales.ss_item_sk)
                     Filter: (i_category = 'Jewelry'::bpchar)
                     Rows Removed by Filter: 1
                     Buffers: shared hit=676
         ->  Index Scan using store_pkey on store  (cost=0.15..5.72 rows=1 width=15) (actual time=0.013..0.013 rows=1 loops=4)
               Index Cond: (s_store_sk = store_sales.ss_store_sk)
               Buffers: shared hit=5 read=1
 Planning:
   Buffers: shared hit=460
 Planning Time: 2.624 ms
 Execution Time: 84500.653 ms
(47 rows)

