                                                                            QUERY PLAN                                                                            
------------------------------------------------------------------------------------------------------------------------------------------------------------------
 Aggregate  (cost=9666160.31..9666160.32 rows=1 width=40) (actual time=76228.159..76228.165 rows=1 loops=1)
   Buffers: shared hit=301665 read=5129907
   ->  Nested Loop  (cost=19614.55..9666160.26 rows=7 width=14) (actual time=26165.909..76228.075 rows=58 loops=1)
         Join Filter: ("substring"((customer_address.ca_zip)::text, 1, 5) <> "substring"((store.s_zip)::text, 1, 5))
         Buffers: shared hit=301665 read=5129907
         ->  Nested Loop  (cost=19614.12..9665531.04 rows=82 width=29) (actual time=25961.725..76184.294 rows=4039 loops=1)
               Buffers: shared hit=286566 read=5128850
               ->  Hash Join  (cost=19613.69..9656495.99 rows=1181 width=29) (actual time=25960.057..75596.207 rows=58781 loops=1)
                     Hash Cond: (store_sales.ss_item_sk = item.i_item_sk)
                     Buffers: shared hit=52754 read=5128850
                     ->  Nested Loop  (cost=2570.24..9639395.01 rows=21916 width=25) (actual time=25853.364..75376.088 rows=856786 loops=1)
                           Buffers: shared hit=38650 read=5128598
                           ->  Hash Join  (cost=2570.08..9638208.68 rows=21916 width=18) (actual time=25853.325..75114.001 rows=867141 loops=1)
                                 Hash Cond: (store_sales.ss_sold_date_sk = date_dim.d_date_sk)
                                 Buffers: shared hit=38429 read=5128597
                                 ->  Seq Scan on store_sales  (cost=0.00..9485539.52 rows=57177434 width=22) (actual time=0.484..71606.016 rows=56890659 loops=1)
                                       Filter: ((ss_wholesale_cost >= '40'::numeric) AND (ss_wholesale_cost <= '60'::numeric))
                                       Rows Removed by Filter: 231106365
                                       Buffers: shared hit=36955 read=5128597
                                 ->  Hash  (cost=2569.73..2569.73 rows=28 width=4) (actual time=20.772..20.772 rows=29 loops=1)
                                       Buckets: 1024  Batches: 1  Memory Usage: 10kB
                                       Buffers: shared hit=1474
                                       ->  Seq Scan on date_dim  (cost=0.00..2569.73 rows=28 width=4) (actual time=11.951..20.761 rows=29 loops=1)
                                             Filter: ((d_year = 2000) AND (d_moy = 2))
                                             Rows Removed by Filter: 73020
                                             Buffers: shared hit=1474
                           ->  Memoize  (cost=0.16..5.73 rows=1 width=15) (actual time=0.000..0.000 rows=1 loops=867141)
                                 Cache Key: store_sales.ss_store_sk
                                 Cache Mode: logical
                                 Hits: 867029  Misses: 112  Evictions: 0  Overflows: 0  Memory Usage: 13kB
                                 Buffers: shared hit=221 read=1
                                 ->  Index Scan using store_pkey on store  (cost=0.15..5.72 rows=1 width=15) (actual time=0.007..0.007 rows=1 loops=112)
                                       Index Cond: (s_store_sk = store_sales.ss_store_sk)
                                       Buffers: shared hit=221 read=1
                     ->  Hash  (cost=16906.00..16906.00 rows=10996 width=12) (actual time=106.264..106.265 rows=11037 loops=1)
                           Buckets: 16384  Batches: 1  Memory Usage: 603kB
                           Buffers: shared hit=14104 read=252
                           ->  Seq Scan on item  (cost=0.00..16906.00 rows=10996 width=12) (actual time=0.053..104.251 rows=11037 loops=1)
                                 Filter: (i_category = 'Women'::bpchar)
                                 Rows Removed by Filter: 192963
                                 Buffers: shared hit=14104 read=252
               ->  Index Scan using customer_pkey on customer  (cost=0.43..7.65 rows=1 width=8) (actual time=0.010..0.010 rows=0 loops=58781)
                     Index Cond: (c_customer_sk = store_sales.ss_customer_sk)
                     Filter: (c_birth_month = 12)
                     Rows Removed by Filter: 1
                     Buffers: shared hit=233812
         ->  Index Scan using customer_address_pkey on customer_address  (cost=0.42..7.65 rows=1 width=15) (actual time=0.011..0.011 rows=0 loops=4039)
               Index Cond: (ca_address_sk = customer.c_current_addr_sk)
               Filter: (ca_state = 'TX'::bpchar)
               Rows Removed by Filter: 1
               Buffers: shared hit=15099 read=1057
 Planning:
   Buffers: shared hit=460
 Planning Time: 4.897 ms
 Execution Time: 76228.766 ms
(55 rows)

