                                                                            QUERY PLAN                                                                            
------------------------------------------------------------------------------------------------------------------------------------------------------------------
 Aggregate  (cost=9669376.77..9669376.78 rows=1 width=40) (actual time=79611.075..79611.080 rows=1 loops=1)
   Buffers: shared hit=788710 read=5134796
   ->  Nested Loop  (cost=19811.92..9669376.74 rows=4 width=14) (actual time=39361.723..79610.832 rows=164 loops=1)
         Join Filter: ("substring"((customer_address.ca_zip)::text, 1, 5) <> "substring"((store.s_zip)::text, 1, 5))
         Rows Removed by Join Filter: 4
         Buffers: shared hit=788710 read=5134796
         ->  Nested Loop  (cost=19811.78..9669353.77 rows=4 width=29) (actual time=39361.704..79608.763 rows=168 loops=1)
               Buffers: shared hit=788376 read=5134794
               ->  Nested Loop  (cost=19811.35..9668274.76 rows=141 width=22) (actual time=39315.033..79466.457 rows=8485 loops=1)
                     Buffers: shared hit=758777 read=5130453
                     ->  Hash Join  (cost=19810.92..9646157.64 rows=2891 width=22) (actual time=39312.531..76689.007 rows=179103 loops=1)
                           Hash Cond: (store_sales.ss_item_sk = item.i_item_sk)
                           Buffers: shared hit=51026 read=5130356
                           ->  Hash Join  (cost=2570.11..9628859.02 rows=22019 width=18) (actual time=39208.133..76318.690 rows=1676634 loops=1)
                                 Hash Cond: (store_sales.ss_sold_date_sk = date_dim.d_date_sk)
                                 Buffers: shared hit=37950 read=5129076
                                 ->  Seq Scan on store_sales  (cost=0.00..9485539.52 rows=53615846 width=22) (actual time=1.640..72846.867 rows=54283934 loops=1)
                                       Filter: ((ss_wholesale_cost >= '0'::numeric) AND (ss_wholesale_cost <= '20'::numeric))
                                       Rows Removed by Filter: 233713090
                                       Buffers: shared hit=37257 read=5128295
                                 ->  Hash  (cost=2569.73..2569.73 rows=30 width=4) (actual time=18.876..18.877 rows=31 loops=1)
                                       Buckets: 1024  Batches: 1  Memory Usage: 10kB
                                       Buffers: shared hit=693 read=781
                                       ->  Seq Scan on date_dim  (cost=0.00..2569.73 rows=30 width=4) (actual time=9.776..18.866 rows=31 loops=1)
                                             Filter: ((d_year = 2000) AND (d_moy = 12))
                                             Rows Removed by Filter: 73018
                                             Buffers: shared hit=693 read=781
                           ->  Hash  (cost=16906.00..16906.00 rows=26785 width=12) (actual time=104.260..104.261 rows=26695 loops=1)
                                 Buckets: 32768  Batches: 1  Memory Usage: 1403kB
                                 Buffers: shared hit=13076 read=1280
                                 ->  Seq Scan on item  (cost=0.00..16906.00 rows=26785 width=12) (actual time=0.014..99.996 rows=26695 loops=1)
                                       Filter: (i_category = 'Children'::bpchar)
                                       Rows Removed by Filter: 177305
                                       Buffers: shared hit=13076 read=1280
                     ->  Index Scan using customer_pkey on customer  (cost=0.43..7.65 rows=1 width=8) (actual time=0.015..0.015 rows=0 loops=179103)
                           Index Cond: (c_customer_sk = store_sales.ss_customer_sk)
                           Filter: (c_birth_month = 7)
                           Rows Removed by Filter: 1
                           Buffers: shared hit=707751 read=97
               ->  Index Scan using customer_address_pkey on customer_address  (cost=0.42..7.65 rows=1 width=15) (actual time=0.017..0.017 rows=0 loops=8485)
                     Index Cond: (ca_address_sk = customer.c_current_addr_sk)
                     Filter: (ca_state = 'OH'::bpchar)
                     Rows Removed by Filter: 1
                     Buffers: shared hit=29599 read=4341
         ->  Index Scan using store_pkey on store  (cost=0.15..5.72 rows=1 width=15) (actual time=0.008..0.008 rows=1 loops=168)
               Index Cond: (s_store_sk = store_sales.ss_store_sk)
               Buffers: shared hit=334 read=2
 Planning:
   Buffers: shared hit=460
 Planning Time: 3.041 ms
 Execution Time: 79611.434 ms
(51 rows)

