                                                                            QUERY PLAN                                                                            
------------------------------------------------------------------------------------------------------------------------------------------------------------------
 Aggregate  (cost=9646016.17..9646016.18 rows=1 width=40) (actual time=70379.597..70379.603 rows=1 loops=1)
   Buffers: shared hit=349662 read=5129150
   ->  Hash Join  (cost=19838.82..9646016.07 rows=14 width=14) (actual time=61285.278..70379.494 rows=66 loops=1)
         Hash Cond: (store_sales.ss_store_sk = store.s_store_sk)
         Join Filter: ("substring"((customer_address.ca_zip)::text, 1, 5) <> "substring"((store.s_zip)::text, 1, 5))
         Rows Removed by Join Filter: 1
         Buffers: shared hit=349662 read=5129150
         ->  Nested Loop  (cost=19811.78..9645988.99 rows=14 width=29) (actual time=61283.381..70377.396 rows=67 loops=1)
               Buffers: shared hit=349647 read=5129147
               ->  Nested Loop  (cost=19811.35..9644673.02 rows=172 width=22) (actual time=61252.795..70289.001 rows=4709 loops=1)
                     Buffers: shared hit=332492 read=5127466
                     ->  Hash Join  (cost=19810.92..9625761.39 rows=2472 width=22) (actual time=61252.716..69016.226 rows=70476 loops=1)
                           Hash Cond: (store_sales.ss_item_sk = item.i_item_sk)
                           Buffers: shared hit=53941 read=5127441
                           ->  Hash Join  (cost=2570.11..9608471.14 rows=18830 width=18) (actual time=61154.761..68834.409 rows=473700 loops=1)
                                 Hash Cond: (store_sales.ss_sold_date_sk = date_dim.d_date_sk)
                                 Buffers: shared hit=39818 read=5127208
                                 ->  Seq Scan on store_sales  (cost=0.00..9485539.52 rows=45849467 width=22) (actual time=0.041..65937.451 rows=46160898 loops=1)
                                       Filter: ((ss_wholesale_cost >= '80'::numeric) AND (ss_wholesale_cost <= '100'::numeric))
                                       Rows Removed by Filter: 241836126
                                       Buffers: shared hit=38344 read=5127208
                                 ->  Hash  (cost=2569.73..2569.73 rows=30 width=4) (actual time=23.857..23.857 rows=31 loops=1)
                                       Buckets: 1024  Batches: 1  Memory Usage: 10kB
                                       Buffers: shared hit=1474
                                       ->  Seq Scan on date_dim  (cost=0.00..2569.73 rows=30 width=4) (actual time=13.953..23.840 rows=31 loops=1)
                                             Filter: ((d_year = 2002) AND (d_moy = 12))
                                             Rows Removed by Filter: 73018
                                             Buffers: shared hit=1474
                           ->  Hash  (cost=16906.00..16906.00 rows=26785 width=12) (actual time=97.794..97.794 rows=26695 loops=1)
                                 Buckets: 32768  Batches: 1  Memory Usage: 1403kB
                                 Buffers: shared hit=14123 read=233
                                 ->  Seq Scan on item  (cost=0.00..16906.00 rows=26785 width=12) (actual time=0.014..93.949 rows=26695 loops=1)
                                       Filter: (i_category = 'Children'::bpchar)
                                       Rows Removed by Filter: 177305
                                       Buffers: shared hit=14123 read=233
                     ->  Index Scan using customer_pkey on customer  (cost=0.43..7.65 rows=1 width=8) (actual time=0.018..0.018 rows=0 loops=70476)
                           Index Cond: (c_customer_sk = store_sales.ss_customer_sk)
                           Filter: (c_birth_month = 12)
                           Rows Removed by Filter: 1
                           Buffers: shared hit=278551 read=25
               ->  Index Scan using customer_address_pkey on customer_address  (cost=0.42..7.65 rows=1 width=15) (actual time=0.019..0.019 rows=0 loops=4709)
                     Index Cond: (ca_address_sk = customer.c_current_addr_sk)
                     Filter: (ca_state = 'TX'::bpchar)
                     Rows Removed by Filter: 1
                     Buffers: shared hit=17155 read=1681
         ->  Hash  (cost=22.02..22.02 rows=402 width=15) (actual time=1.873..1.874 rows=402 loops=1)
               Buckets: 1024  Batches: 1  Memory Usage: 27kB
               Buffers: shared hit=15 read=3
               ->  Seq Scan on store  (cost=0.00..22.02 rows=402 width=15) (actual time=0.025..1.722 rows=402 loops=1)
                     Buffers: shared hit=15 read=3
 Planning:
   Buffers: shared hit=460
 Planning Time: 5.336 ms
 Execution Time: 70380.003 ms
(54 rows)

