                                                                            QUERY PLAN                                                                            
------------------------------------------------------------------------------------------------------------------------------------------------------------------
 Aggregate  (cost=9816685.17..9816685.18 rows=1 width=40) (actual time=96965.264..96965.270 rows=1 loops=1)
   Buffers: shared hit=3218973 read=5160435
   ->  Nested Loop  (cost=2571.53..9816685.11 rows=8 width=14) (actual time=25474.879..96965.133 rows=45 loops=1)
         Join Filter: ("substring"((customer_address.ca_zip)::text, 1, 5) <> "substring"((store.s_zip)::text, 1, 5))
         Buffers: shared hit=3218973 read=5160435
         ->  Nested Loop  (cost=2571.38..9816639.17 rows=8 width=29) (actual time=25474.843..96964.355 rows=45 loops=1)
               Buffers: shared hit=3218886 read=5160432
               ->  Nested Loop  (cost=2570.96..9815874.14 rows=100 width=22) (actual time=25316.901..96824.285 rows=4115 loops=1)
                     Buffers: shared hit=3206139 read=5156719
                     ->  Nested Loop  (cost=2570.54..9801633.75 rows=1865 width=18) (actual time=25312.488..95301.542 rows=60252 loops=1)
                           Buffers: shared hit=2965131 read=5156719
                           ->  Hash Join  (cost=2570.11..9630824.73 rows=22327 width=18) (actual time=25312.146..77339.962 rows=747715 loops=1)
                                 Hash Cond: (store_sales.ss_sold_date_sk = date_dim.d_date_sk)
                                 Buffers: shared hit=33345 read=5133681
                                 ->  Seq Scan on store_sales  (cost=0.00..9485539.52 rows=54364643 width=22) (actual time=0.031..73793.750 rows=53574682 loops=1)
                                       Filter: ((ss_wholesale_cost >= '44'::numeric) AND (ss_wholesale_cost <= '64'::numeric))
                                       Rows Removed by Filter: 234422342
                                       Buffers: shared hit=31871 read=5133681
                                 ->  Hash  (cost=2569.73..2569.73 rows=30 width=4) (actual time=19.161..19.162 rows=31 loops=1)
                                       Buckets: 1024  Batches: 1  Memory Usage: 10kB
                                       Buffers: shared hit=1474
                                       ->  Seq Scan on date_dim  (cost=0.00..2569.73 rows=30 width=4) (actual time=8.138..19.150 rows=31 loops=1)
                                             Filter: ((d_year = 2000) AND (d_moy = 1))
                                             Rows Removed by Filter: 73018
                                             Buffers: shared hit=1474
                           ->  Index Scan using customer_pkey on customer  (cost=0.43..7.65 rows=1 width=8) (actual time=0.024..0.024 rows=0 loops=747715)
                                 Index Cond: (c_customer_sk = store_sales.ss_customer_sk)
                                 Filter: (c_birth_month = 11)
                                 Rows Removed by Filter: 1
                                 Buffers: shared hit=2931786 read=23038
                     ->  Index Scan using item_pkey on item  (cost=0.42..7.64 rows=1 width=12) (actual time=0.025..0.025 rows=0 loops=60252)
                           Index Cond: (i_item_sk = store_sales.ss_item_sk)
                           Filter: (i_category = 'Women'::bpchar)
                           Rows Removed by Filter: 1
                           Buffers: shared hit=241008
               ->  Index Scan using customer_address_pkey on customer_address  (cost=0.42..7.65 rows=1 width=15) (actual time=0.033..0.033 rows=0 loops=4115)
                     Index Cond: (ca_address_sk = customer.c_current_addr_sk)
                     Filter: (ca_state = 'TX'::bpchar)
                     Rows Removed by Filter: 1
                     Buffers: shared hit=12747 read=3713
         ->  Index Scan using store_pkey on store  (cost=0.15..5.72 rows=1 width=15) (actual time=0.010..0.010 rows=1 loops=45)
               Index Cond: (s_store_sk = store_sales.ss_store_sk)
               Buffers: shared hit=87 read=3
 Planning:
   Buffers: shared hit=460
 Planning Time: 1.850 ms
 Execution Time: 96965.513 ms
(47 rows)

