                                                                             QUERY PLAN                                                                              
---------------------------------------------------------------------------------------------------------------------------------------------------------------------
 Aggregate  (cost=9640651.57..9640651.58 rows=1 width=40) (actual time=85200.489..85200.495 rows=1 loops=1)
   Buffers: shared hit=1947490 read=5135710
   ->  Nested Loop  (cost=2571.52..9640651.57 rows=1 width=14) (actual time=11566.083..85200.473 rows=5 loops=1)
         Join Filter: ("substring"((customer_address.ca_zip)::text, 1, 5) <> "substring"((store.s_zip)::text, 1, 5))
         Buffers: shared hit=1947490 read=5135710
         ->  Nested Loop  (cost=2571.37..9640645.82 rows=1 width=29) (actual time=11566.045..85200.371 rows=5 loops=1)
               Buffers: shared hit=1947480 read=5135710
               ->  Nested Loop  (cost=2570.95..9640600.01 rows=6 width=25) (actual time=9803.210..85193.367 rows=275 loops=1)
                     Buffers: shared hit=1946493 read=5135597
                     ->  Nested Loop  (cost=2570.52..9638027.80 rows=336 width=18) (actual time=9719.468..84799.688 rows=15524 loops=1)
                           Buffers: shared hit=1887158 read=5132836
                           ->  Hash Join  (cost=2570.10..9557614.87 rows=10511 width=18) (actual time=9719.190..74308.018 rows=468838 loops=1)
                                 Hash Cond: (store_sales.ss_sold_date_sk = date_dim.d_date_sk)
                                 Buffers: shared hit=34207 read=5132819
                                 ->  Seq Scan on store_sales  (cost=0.00..9485539.52 rows=26476724 width=22) (actual time=0.164..72390.135 rows=26847589 loops=1)
                                       Filter: ((ss_wholesale_cost >= '16'::numeric) AND (ss_wholesale_cost <= '36'::numeric))
                                       Rows Removed by Filter: 261149435
                                       Buffers: shared hit=34166 read=5131386
                                 ->  Hash  (cost=2569.73..2569.73 rows=29 width=4) (actual time=22.561..22.562 rows=30 loops=1)
                                       Buckets: 1024  Batches: 1  Memory Usage: 10kB
                                       Buffers: shared hit=41 read=1433
                                       ->  Seq Scan on date_dim  (cost=0.00..2569.73 rows=29 width=4) (actual time=13.161..22.550 rows=30 loops=1)
                                             Filter: ((d_year = 1998) AND (d_moy = 11))
                                             Rows Removed by Filter: 73019
                                             Buffers: shared hit=41 read=1433
                           ->  Index Scan using customer_pkey on customer  (cost=0.43..7.65 rows=1 width=8) (actual time=0.022..0.022 rows=0 loops=468838)
                                 Index Cond: (c_customer_sk = store_sales.ss_customer_sk)
                                 Filter: (c_birth_month = 6)
                                 Rows Removed by Filter: 1
                                 Buffers: shared hit=1852951 read=17
                     ->  Index Scan using customer_address_pkey on customer_address  (cost=0.42..7.66 rows=1 width=15) (actual time=0.025..0.025 rows=0 loops=15524)
                           Index Cond: (ca_address_sk = customer.c_current_addr_sk)
                           Filter: (ca_state = 'WV'::bpchar)
                           Rows Removed by Filter: 1
                           Buffers: shared hit=59335 read=2761
               ->  Index Scan using item_pkey on item  (cost=0.42..7.64 rows=1 width=12) (actual time=0.024..0.024 rows=0 loops=275)
                     Index Cond: (i_item_sk = store_sales.ss_item_sk)
                     Filter: (i_category = 'Jewelry'::bpchar)
                     Rows Removed by Filter: 1
                     Buffers: shared hit=987 read=113
         ->  Index Scan using store_pkey on store  (cost=0.15..5.72 rows=1 width=15) (actual time=0.013..0.013 rows=1 loops=5)
               Index Cond: (s_store_sk = store_sales.ss_store_sk)
               Buffers: shared hit=10
 Planning:
   Buffers: shared hit=460
 Planning Time: 4.335 ms
 Execution Time: 85200.929 ms
(47 rows)

