                                                                            QUERY PLAN                                                                            
------------------------------------------------------------------------------------------------------------------------------------------------------------------
 Aggregate  (cost=9772141.92..9772141.93 rows=1 width=40) (actual time=80224.748..80224.754 rows=1 loops=1)
   Buffers: shared hit=1111918 read=5152838
   ->  Hash Join  (cost=20034.16..9772141.72 rows=27 width=14) (actual time=43173.646..80224.223 rows=631 loops=1)
         Hash Cond: (store_sales.ss_store_sk = store.s_store_sk)
         Join Filter: ("substring"((customer_address.ca_zip)::text, 1, 5) <> "substring"((store.s_zip)::text, 1, 5))
         Rows Removed by Join Filter: 19
         Buffers: shared hit=1111918 read=5152838
         ->  Nested Loop  (cost=20007.11..9772114.60 rows=27 width=29) (actual time=43172.806..80222.018 rows=653 loops=1)
               Buffers: shared hit=1111902 read=5152836
               ->  Nested Loop  (cost=20006.69..9763509.82 rows=1125 width=22) (actual time=43171.716..79409.968 rows=38948 loops=1)
                     Buffers: shared hit=960877 read=5148069
                     ->  Hash Join  (cost=20006.26..9712130.22 rows=6716 width=22) (actual time=43171.503..74707.833 rows=234807 loops=1)
                           Hash Cond: (store_sales.ss_item_sk = item.i_item_sk)
                           Buffers: shared hit=33323 read=5148059
                           ->  Hash Join  (cost=2570.11..9694609.27 rows=32305 width=18) (actual time=43052.664..74318.125 rows=1201220 loops=1)
                                 Hash Cond: (store_sales.ss_sold_date_sk = date_dim.d_date_sk)
                                 Buffers: shared hit=30756 read=5136270
                                 ->  Seq Scan on store_sales  (cost=0.00..9485539.52 rows=78662172 width=22) (actual time=0.036..69480.386 rows=78419996 loops=1)
                                       Filter: ((ss_wholesale_cost >= '72'::numeric) AND (ss_wholesale_cost <= '92'::numeric))
                                       Rows Removed by Filter: 209577028
                                       Buffers: shared hit=29282 read=5136270
                                 ->  Hash  (cost=2569.73..2569.73 rows=30 width=4) (actual time=19.668..19.669 rows=30 loops=1)
                                       Buckets: 1024  Batches: 1  Memory Usage: 10kB
                                       Buffers: shared hit=1474
                                       ->  Seq Scan on date_dim  (cost=0.00..2569.73 rows=30 width=4) (actual time=9.489..19.657 rows=30 loops=1)
                                             Filter: ((d_year = 2001) AND (d_moy = 4))
                                             Rows Removed by Filter: 73019
                                             Buffers: shared hit=1474
                           ->  Hash  (cost=16906.00..16906.00 rows=42412 width=12) (actual time=118.602..118.602 rows=42041 loops=1)
                                 Buckets: 65536  Batches: 1  Memory Usage: 2319kB
                                 Buffers: shared hit=2567 read=11789
                                 ->  Seq Scan on item  (cost=0.00..16906.00 rows=42412 width=12) (actual time=0.015..111.134 rows=42041 loops=1)
                                       Filter: (i_category = 'Electronics'::bpchar)
                                       Rows Removed by Filter: 161959
                                       Buffers: shared hit=2567 read=11789
                     ->  Index Scan using customer_pkey on customer  (cost=0.43..7.65 rows=1 width=8) (actual time=0.020..0.020 rows=0 loops=234807)
                           Index Cond: (c_customer_sk = store_sales.ss_customer_sk)
                           Filter: (c_birth_month = 4)
                           Rows Removed by Filter: 1
                           Buffers: shared hit=927554 read=10
               ->  Index Scan using customer_address_pkey on customer_address  (cost=0.42..7.65 rows=1 width=15) (actual time=0.021..0.021 rows=0 loops=38948)
                     Index Cond: (ca_address_sk = customer.c_current_addr_sk)
                     Filter: (ca_state = 'MI'::bpchar)
                     Rows Removed by Filter: 1
                     Buffers: shared hit=151025 read=4767
         ->  Hash  (cost=22.02..22.02 rows=402 width=15) (actual time=0.816..0.817 rows=402 loops=1)
               Buckets: 1024  Batches: 1  Memory Usage: 27kB
               Buffers: shared hit=16 read=2
               ->  Seq Scan on store  (cost=0.00..22.02 rows=402 width=15) (actual time=0.026..0.702 rows=402 loops=1)
                     Buffers: shared hit=16 read=2
 Planning:
   Buffers: shared hit=460
 Planning Time: 3.336 ms
 Execution Time: 80225.178 ms
(54 rows)

