                                                                            QUERY PLAN                                                                            
------------------------------------------------------------------------------------------------------------------------------------------------------------------
 Aggregate  (cost=9742970.74..9742970.75 rows=1 width=40) (actual time=79558.841..79558.846 rows=1 loops=1)
   Buffers: shared hit=91903 read=5120801
   ->  Nested Loop  (cost=16953.88..9742970.74 rows=1 width=14) (actual time=71053.521..79558.830 rows=4 loops=1)
         Join Filter: ("substring"((customer_address.ca_zip)::text, 1, 5) <> "substring"((store.s_zip)::text, 1, 5))
         Buffers: shared hit=91903 read=5120801
         ->  Nested Loop  (cost=16953.73..9742964.99 rows=1 width=29) (actual time=71053.506..79558.781 rows=4 loops=1)
               Buffers: shared hit=91895 read=5120801
               ->  Nested Loop  (cost=16953.31..9742834.85 rows=17 width=22) (actual time=71053.479..79555.994 rows=202 loops=1)
                     Buffers: shared hit=91220 read=5120668
                     ->  Nested Loop  (cost=16952.88..9738718.97 rows=538 width=22) (actual time=71049.451..79490.373 rows=6502 loops=1)
                           Buffers: shared hit=65515 read=5120597
                           ->  Hash Join  (cost=16952.58..9690613.46 rows=1308918 width=26) (actual time=104.478..79262.725 rows=635785 loops=1)
                                 Hash Cond: (store_sales.ss_item_sk = item.i_item_sk)
                                 Buffers: shared hit=59311 read=5120597
                                 ->  Seq Scan on store_sales  (cost=0.00..9485539.52 rows=71663793 width=22) (actual time=0.032..73069.656 rows=71083444 loops=1)
                                       Filter: ((ss_wholesale_cost >= '53'::numeric) AND (ss_wholesale_cost <= '73'::numeric))
                                       Rows Removed by Filter: 216913580
                                       Buffers: shared hit=44956 read=5120596
                                 ->  Hash  (cost=16906.00..16906.00 rows=3726 width=12) (actual time=104.380..104.381 rows=3713 loops=1)
                                       Buckets: 4096  Batches: 1  Memory Usage: 192kB
                                       Buffers: shared hit=14355 read=1
                                       ->  Seq Scan on item  (cost=0.00..16906.00 rows=3726 width=12) (actual time=0.037..103.773 rows=3713 loops=1)
                                             Filter: (i_category = 'Music'::bpchar)
                                             Rows Removed by Filter: 200287
                                             Buffers: shared hit=14355 read=1
                           ->  Memoize  (cost=0.30..7.51 rows=1 width=4) (actual time=0.000..0.000 rows=0 loops=635785)
                                 Cache Key: store_sales.ss_sold_date_sk
                                 Cache Mode: logical
                                 Hits: 633716  Misses: 2069  Evictions: 0  Overflows: 0  Memory Usage: 139kB
                                 Buffers: shared hit=6204
                                 ->  Index Scan using date_dim_pkey on date_dim  (cost=0.29..7.50 rows=1 width=4) (actual time=0.014..0.014 rows=0 loops=2069)
                                       Index Cond: (d_date_sk = store_sales.ss_sold_date_sk)
                                       Filter: ((d_year = 2002) AND (d_moy = 12))
                                       Rows Removed by Filter: 1
                                       Buffers: shared hit=6204
                     ->  Index Scan using customer_pkey on customer  (cost=0.43..7.65 rows=1 width=8) (actual time=0.010..0.010 rows=0 loops=6502)
                           Index Cond: (c_customer_sk = store_sales.ss_customer_sk)
                           Filter: (c_birth_month = 6)
                           Rows Removed by Filter: 1
                           Buffers: shared hit=25705 read=71
               ->  Index Scan using customer_address_pkey on customer_address  (cost=0.42..7.66 rows=1 width=15) (actual time=0.013..0.013 rows=0 loops=202)
                     Index Cond: (ca_address_sk = customer.c_current_addr_sk)
                     Filter: (ca_state = 'TX'::bpchar)
                     Rows Removed by Filter: 1
                     Buffers: shared hit=675 read=133
         ->  Index Scan using store_pkey on store  (cost=0.15..5.72 rows=1 width=15) (actual time=0.007..0.007 rows=1 loops=4)
               Index Cond: (s_store_sk = store_sales.ss_store_sk)
               Buffers: shared hit=8
 Planning:
   Buffers: shared hit=460
 Planning Time: 1.890 ms
 Execution Time: 79559.151 ms
(52 rows)

