                                                                             QUERY PLAN                                                                              
---------------------------------------------------------------------------------------------------------------------------------------------------------------------
 Aggregate  (cost=9611947.73..9611947.74 rows=1 width=40) (actual time=80281.172..80281.177 rows=1 loops=1)
   Buffers: shared hit=1252962 read=5146880
   ->  Nested Loop  (cost=2571.53..9611947.73 rows=1 width=14) (actual time=17802.662..80281.153 rows=6 loops=1)
         Join Filter: ("substring"((customer_address.ca_zip)::text, 1, 5) <> "substring"((store.s_zip)::text, 1, 5))
         Buffers: shared hit=1252962 read=5146880
         ->  Nested Loop  (cost=2571.38..9611941.98 rows=1 width=29) (actual time=17802.631..80281.052 rows=6 loops=1)
               Buffers: shared hit=1252950 read=5146880
               ->  Nested Loop  (cost=2570.96..9611857.99 rows=11 width=25) (actual time=17465.558..80273.921 rows=278 loops=1)
                     Buffers: shared hit=1251973 read=5146745
                     ->  Nested Loop  (cost=2570.54..9608085.68 rows=493 width=18) (actual time=17465.415..79865.644 rows=16580 loops=1)
                           Buffers: shared hit=1192543 read=5139855
                           ->  Hash Join  (cost=2570.11..9542720.90 rows=8544 width=18) (actual time=17464.583..73447.844 rows=294924 loops=1)
                                 Hash Cond: (store_sales.ss_sold_date_sk = date_dim.d_date_sk)
                                 Buffers: shared hit=32250 read=5134776
                                 ->  Seq Scan on store_sales  (cost=0.00..9485539.52 rows=20803140 width=22) (actual time=0.068..71930.060 rows=21246255 loops=1)
                                       Filter: ((ss_wholesale_cost >= '12'::numeric) AND (ss_wholesale_cost <= '32'::numeric))
                                       Rows Removed by Filter: 266750769
                                       Buffers: shared hit=32082 read=5133470
                                 ->  Hash  (cost=2569.73..2569.73 rows=30 width=4) (actual time=22.224..22.225 rows=30 loops=1)
                                       Buckets: 1024  Batches: 1  Memory Usage: 10kB
                                       Buffers: shared hit=168 read=1306
                                       ->  Seq Scan on date_dim  (cost=0.00..2569.73 rows=30 width=4) (actual time=12.228..22.212 rows=30 loops=1)
                                             Filter: ((d_year = 1999) AND (d_moy = 6))
                                             Rows Removed by Filter: 73019
                                             Buffers: shared hit=168 read=1306
                           ->  Index Scan using customer_pkey on customer  (cost=0.43..7.65 rows=1 width=8) (actual time=0.021..0.021 rows=0 loops=294924)
                                 Index Cond: (c_customer_sk = store_sales.ss_customer_sk)
                                 Filter: (c_birth_month = 3)
                                 Rows Removed by Filter: 1
                                 Buffers: shared hit=1160293 read=5079
                     ->  Index Scan using customer_address_pkey on customer_address  (cost=0.42..7.65 rows=1 width=15) (actual time=0.024..0.024 rows=0 loops=16580)
                           Index Cond: (ca_address_sk = customer.c_current_addr_sk)
                           Filter: (ca_state = 'OK'::bpchar)
                           Rows Removed by Filter: 1
                           Buffers: shared hit=59430 read=6890
               ->  Index Scan using item_pkey on item  (cost=0.42..7.64 rows=1 width=12) (actual time=0.025..0.025 rows=0 loops=278)
                     Index Cond: (i_item_sk = store_sales.ss_item_sk)
                     Filter: (i_category = 'Home'::bpchar)
                     Rows Removed by Filter: 1
                     Buffers: shared hit=977 read=135
         ->  Index Scan using store_pkey on store  (cost=0.15..5.72 rows=1 width=15) (actual time=0.010..0.010 rows=1 loops=6)
               Index Cond: (s_store_sk = store_sales.ss_store_sk)
               Buffers: shared hit=12
 Planning:
   Buffers: shared hit=460
 Planning Time: 4.766 ms
 Execution Time: 80281.688 ms
(47 rows)

