                                                                            QUERY PLAN                                                                            
------------------------------------------------------------------------------------------------------------------------------------------------------------------
 Aggregate  (cost=9767570.77..9767570.78 rows=1 width=40) (actual time=88654.431..88654.437 rows=1 loops=1)
   Buffers: shared hit=2952093 read=5131743
   ->  Nested Loop  (cost=2571.53..9767570.71 rows=8 width=14) (actual time=10906.047..88654.256 rows=67 loops=1)
         Join Filter: ("substring"((customer_address.ca_zip)::text, 1, 5) <> "substring"((store.s_zip)::text, 1, 5))
         Rows Removed by Join Filter: 6
         Buffers: shared hit=2952093 read=5131743
         ->  Nested Loop  (cost=2571.38..9767524.76 rows=8 width=29) (actual time=10906.010..88652.559 rows=73 loops=1)
               Buffers: shared hit=2951947 read=5131743
               ->  Nested Loop  (cost=2570.96..9766759.78 rows=100 width=22) (actual time=10850.881..88519.179 rows=4420 loops=1)
                     Buffers: shared hit=2936894 read=5129116
                     ->  Nested Loop  (cost=2570.54..9752527.03 rows=1864 width=18) (actual time=10847.888..86909.933 rows=64465 loops=1)
                           Buffers: shared hit=2680380 read=5127770
                           ->  Hash Join  (cost=2570.11..9608471.14 rows=18830 width=18) (actual time=10847.710..71162.041 rows=668321 loops=1)
                                 Hash Cond: (store_sales.ss_sold_date_sk = date_dim.d_date_sk)
                                 Buffers: shared hit=40653 read=5126373
                                 ->  Seq Scan on store_sales  (cost=0.00..9485539.52 rows=45849467 width=22) (actual time=1.330..68042.941 rows=46160898 loops=1)
                                       Filter: ((ss_wholesale_cost >= '80'::numeric) AND (ss_wholesale_cost <= '100'::numeric))
                                       Rows Removed by Filter: 241836126
                                       Buffers: shared hit=39179 read=5126373
                                 ->  Hash  (cost=2569.73..2569.73 rows=30 width=4) (actual time=18.498..18.499 rows=31 loops=1)
                                       Buckets: 1024  Batches: 1  Memory Usage: 10kB
                                       Buffers: shared hit=1474
                                       ->  Seq Scan on date_dim  (cost=0.00..2569.73 rows=30 width=4) (actual time=9.928..18.480 rows=31 loops=1)
                                             Filter: ((d_year = 1998) AND (d_moy = 12))
                                             Rows Removed by Filter: 73018
                                             Buffers: shared hit=1474
                           ->  Index Scan using customer_pkey on customer  (cost=0.43..7.65 rows=1 width=8) (actual time=0.023..0.023 rows=0 loops=668321)
                                 Index Cond: (c_customer_sk = store_sales.ss_customer_sk)
                                 Filter: (c_birth_month = 1)
                                 Rows Removed by Filter: 1
                                 Buffers: shared hit=2639727 read=1397
                     ->  Index Scan using item_pkey on item  (cost=0.42..7.64 rows=1 width=12) (actual time=0.025..0.025 rows=0 loops=64465)
                           Index Cond: (i_item_sk = store_sales.ss_item_sk)
                           Filter: (i_category = 'Women'::bpchar)
                           Rows Removed by Filter: 1
                           Buffers: shared hit=256514 read=1346
               ->  Index Scan using customer_address_pkey on customer_address  (cost=0.42..7.65 rows=1 width=15) (actual time=0.030..0.030 rows=0 loops=4420)
                     Index Cond: (ca_address_sk = customer.c_current_addr_sk)
                     Filter: (ca_state = 'TX'::bpchar)
                     Rows Removed by Filter: 1
                     Buffers: shared hit=15053 read=2627
         ->  Index Scan using store_pkey on store  (cost=0.15..5.72 rows=1 width=15) (actual time=0.017..0.017 rows=1 loops=73)
               Index Cond: (s_store_sk = store_sales.ss_store_sk)
               Buffers: shared hit=146
 Planning:
   Buffers: shared hit=460
 Planning Time: 6.617 ms
 Execution Time: 88655.061 ms
(48 rows)

