                                                                            QUERY PLAN                                                                            
------------------------------------------------------------------------------------------------------------------------------------------------------------------
 Aggregate  (cost=9721939.54..9721939.55 rows=1 width=40) (actual time=76638.634..76638.640 rows=1 loops=1)
   Buffers: shared hit=325331 read=5131345
   ->  Hash Join  (cost=19922.96..9721939.40 rows=18 width=14) (actual time=23513.975..76638.491 rows=177 loops=1)
         Hash Cond: (store_sales.ss_store_sk = store.s_store_sk)
         Join Filter: ("substring"((customer_address.ca_zip)::text, 1, 5) <> "substring"((store.s_zip)::text, 1, 5))
         Rows Removed by Join Filter: 6
         Buffers: shared hit=325331 read=5131345
         ->  Nested Loop  (cost=19895.91..9721912.31 rows=18 width=29) (actual time=23513.066..76637.224 rows=185 loops=1)
               Buffers: shared hit=325314 read=5131344
               ->  Nested Loop  (cost=19895.49..9717215.80 rows=614 width=22) (actual time=23501.049..76445.283 rows=8517 loops=1)
                     Buffers: shared hit=295915 read=5126675
                     ->  Hash Join  (cost=19895.06..9683401.34 rows=4420 width=22) (actual time=23500.997..75320.296 rows=60992 loops=1)
                           Hash Cond: (store_sales.ss_item_sk = item.i_item_sk)
                           Buffers: shared hit=54712 read=5126670
                           ->  Hash Join  (cost=2570.10..9666005.76 rows=26903 width=18) (actual time=23385.725..75128.548 rows=423807 loops=1)
                                 Hash Cond: (store_sales.ss_sold_date_sk = date_dim.d_date_sk)
                                 Buffers: shared hit=40665 read=5126361
                                 ->  Seq Scan on store_sales  (cost=0.00..9485539.52 rows=67766203 width=22) (actual time=0.036..71051.265 rows=67554234 loops=1)
                                       Filter: ((ss_wholesale_cost >= '59'::numeric) AND (ss_wholesale_cost <= '79'::numeric))
                                       Rows Removed by Filter: 220442790
                                       Buffers: shared hit=39191 read=5126361
                                 ->  Hash  (cost=2569.73..2569.73 rows=29 width=4) (actual time=17.934..17.935 rows=30 loops=1)
                                       Buckets: 1024  Batches: 1  Memory Usage: 10kB
                                       Buffers: shared hit=1474
                                       ->  Seq Scan on date_dim  (cost=0.00..2569.73 rows=29 width=4) (actual time=8.312..17.925 rows=30 loops=1)
                                             Filter: ((d_year = 1999) AND (d_moy = 11))
                                             Rows Removed by Filter: 73019
                                             Buffers: shared hit=1474
                           ->  Hash  (cost=16906.00..16906.00 rows=33517 width=12) (actual time=115.037..115.037 rows=33627 loops=1)
                                 Buckets: 65536  Batches: 1  Memory Usage: 1957kB
                                 Buffers: shared hit=14047 read=309
                                 ->  Seq Scan on item  (cost=0.00..16906.00 rows=33517 width=12) (actual time=0.023..109.144 rows=33627 loops=1)
                                       Filter: (i_category = 'Shoes'::bpchar)
                                       Rows Removed by Filter: 170373
                                       Buffers: shared hit=14047 read=309
                     ->  Index Scan using customer_pkey on customer  (cost=0.43..7.65 rows=1 width=8) (actual time=0.018..0.018 rows=0 loops=60992)
                           Index Cond: (c_customer_sk = store_sales.ss_customer_sk)
                           Filter: (c_birth_month = 10)
                           Rows Removed by Filter: 1
                           Buffers: shared hit=241203 read=5
               ->  Index Scan using customer_address_pkey on customer_address  (cost=0.42..7.65 rows=1 width=15) (actual time=0.022..0.022 rows=0 loops=8517)
                     Index Cond: (ca_address_sk = customer.c_current_addr_sk)
                     Filter: (ca_state = 'TN'::bpchar)
                     Rows Removed by Filter: 1
                     Buffers: shared hit=29399 read=4669
         ->  Hash  (cost=22.02..22.02 rows=402 width=15) (actual time=0.886..0.887 rows=402 loops=1)
               Buckets: 1024  Batches: 1  Memory Usage: 27kB
               Buffers: shared hit=17 read=1
               ->  Seq Scan on store  (cost=0.00..22.02 rows=402 width=15) (actual time=0.020..0.785 rows=402 loops=1)
                     Buffers: shared hit=17 read=1
 Planning:
   Buffers: shared hit=460
 Planning Time: 3.081 ms
 Execution Time: 76639.016 ms
(54 rows)

