                                                                            QUERY PLAN                                                                            
------------------------------------------------------------------------------------------------------------------------------------------------------------------
 Aggregate  (cost=9738715.00..9738715.01 rows=1 width=40) (actual time=92495.273..92495.278 rows=1 loops=1)
   Buffers: shared hit=2722246 read=5125658
   ->  Nested Loop  (cost=2571.53..9738714.99 rows=1 width=14) (actual time=18243.678..92495.247 rows=7 loops=1)
         Join Filter: ("substring"((customer_address.ca_zip)::text, 1, 5) <> "substring"((store.s_zip)::text, 1, 5))
         Buffers: shared hit=2722246 read=5125658
         ->  Nested Loop  (cost=2571.38..9738709.25 rows=1 width=29) (actual time=18243.640..92495.112 rows=7 loops=1)
               Buffers: shared hit=2722232 read=5125658
               ->  Nested Loop  (cost=2570.96..9738586.81 rows=16 width=22) (actual time=16766.539..92488.416 rows=246 loops=1)
                     Buffers: shared hit=2721380 read=5125526
                     ->  Nested Loop  (cost=2570.54..9732096.55 rows=850 width=18) (actual time=16744.107..91724.765 rows=30705 loops=1)
                           Buffers: shared hit=2599379 read=5124707
                           ->  Hash Join  (cost=2570.11..9599171.86 rows=17375 width=18) (actual time=16744.039..76505.757 rows=647133 loops=1)
                                 Hash Cond: (store_sales.ss_sold_date_sk = date_dim.d_date_sk)
                                 Buffers: shared hit=42320 read=5124706
                                 ->  Seq Scan on store_sales  (cost=0.00..9485539.52 rows=42307078 width=22) (actual time=0.062..73598.626 rows=43022880 loops=1)
                                       Filter: ((ss_wholesale_cost >= '6'::numeric) AND (ss_wholesale_cost <= '26'::numeric))
                                       Rows Removed by Filter: 244974144
                                       Buffers: shared hit=40846 read=5124706
                                 ->  Hash  (cost=2569.73..2569.73 rows=30 width=4) (actual time=20.140..20.141 rows=31 loops=1)
                                       Buckets: 1024  Batches: 1  Memory Usage: 10kB
                                       Buffers: shared hit=1474
                                       ->  Seq Scan on date_dim  (cost=0.00..2569.73 rows=30 width=4) (actual time=10.969..20.124 rows=31 loops=1)
                                             Filter: ((d_year = 1999) AND (d_moy = 5))
                                             Rows Removed by Filter: 73018
                                             Buffers: shared hit=1474
                           ->  Index Scan using customer_pkey on customer  (cost=0.43..7.65 rows=1 width=8) (actual time=0.023..0.023 rows=0 loops=647133)
                                 Index Cond: (c_customer_sk = store_sales.ss_customer_sk)
                                 Filter: (c_birth_month = 7)
                                 Rows Removed by Filter: 1
                                 Buffers: shared hit=2557059 read=1
                     ->  Index Scan using item_pkey on item  (cost=0.42..7.64 rows=1 width=12) (actual time=0.024..0.024 rows=0 loops=30705)
                           Index Cond: (i_item_sk = store_sales.ss_item_sk)
                           Filter: (i_category = 'Music'::bpchar)
                           Rows Removed by Filter: 1
                           Buffers: shared hit=122001 read=819
               ->  Index Scan using customer_address_pkey on customer_address  (cost=0.42..7.65 rows=1 width=15) (actual time=0.026..0.026 rows=0 loops=246)
                     Index Cond: (ca_address_sk = customer.c_current_addr_sk)
                     Filter: (ca_state = 'TX'::bpchar)
                     Rows Removed by Filter: 1
                     Buffers: shared hit=852 read=132
         ->  Index Scan using store_pkey on store  (cost=0.15..5.72 rows=1 width=15) (actual time=0.012..0.012 rows=1 loops=7)
               Index Cond: (s_store_sk = store_sales.ss_store_sk)
               Buffers: shared hit=14
 Planning:
   Buffers: shared hit=460
 Planning Time: 4.534 ms
 Execution Time: 92495.724 ms
(47 rows)

