                                                                            QUERY PLAN                                                                            
------------------------------------------------------------------------------------------------------------------------------------------------------------------
 Aggregate  (cost=9782224.44..9782224.45 rows=1 width=40) (actual time=80712.458..80712.464 rows=1 loops=1)
   Buffers: shared hit=908971 read=5133405
   ->  Hash Join  (cost=19922.97..9782224.39 rows=7 width=14) (actual time=4305.669..80712.189 rows=212 loops=1)
         Hash Cond: (store_sales.ss_store_sk = store.s_store_sk)
         Join Filter: ("substring"((customer_address.ca_zip)::text, 1, 5) <> "substring"((store.s_zip)::text, 1, 5))
         Rows Removed by Join Filter: 4
         Buffers: shared hit=908971 read=5133405
         ->  Nested Loop  (cost=19895.93..9782197.32 rows=7 width=29) (actual time=4303.985..80709.905 rows=216 loops=1)
               Buffers: shared hit=908954 read=5133404
               ->  Nested Loop  (cost=19895.50..9779595.73 rows=340 width=22) (actual time=4301.152..80474.185 rows=11491 loops=1)
                     Buffers: shared hit=866413 read=5129981
                     ->  Hash Join  (cost=19895.07..9734558.26 rows=5887 width=22) (actual time=4300.613..76540.291 rows=206223 loops=1)
                           Hash Cond: (store_sales.ss_item_sk = item.i_item_sk)
                           Buffers: shared hit=51703 read=5129679
                           ->  Hash Join  (cost=2570.11..9717139.25 rows=35830 width=18) (actual time=4136.610..76151.680 rows=1435287 loops=1)
                                 Hash Cond: (store_sales.ss_sold_date_sk = date_dim.d_date_sk)
                                 Buffers: shared hit=37560 read=5129466
                                 ->  Seq Scan on store_sales  (cost=0.00..9485539.52 rows=87244546 width=22) (actual time=0.040..70915.526 rows=86810744 loops=1)
                                       Filter: ((ss_wholesale_cost >= '67'::numeric) AND (ss_wholesale_cost <= '87'::numeric))
                                       Rows Removed by Filter: 201186280
                                       Buffers: shared hit=36086 read=5129466
                                 ->  Hash  (cost=2569.73..2569.73 rows=30 width=4) (actual time=19.737..19.738 rows=31 loops=1)
                                       Buckets: 1024  Batches: 1  Memory Usage: 10kB
                                       Buffers: shared hit=1474
                                       ->  Seq Scan on date_dim  (cost=0.00..2569.73 rows=30 width=4) (actual time=10.566..19.726 rows=31 loops=1)
                                             Filter: ((d_year = 1998) AND (d_moy = 5))
                                             Rows Removed by Filter: 73018
                                             Buffers: shared hit=1474
                           ->  Hash  (cost=16906.00..16906.00 rows=33517 width=12) (actual time=122.155..122.156 rows=33627 loops=1)
                                 Buckets: 65536  Batches: 1  Memory Usage: 1957kB
                                 Buffers: shared hit=14143 read=213
                                 ->  Seq Scan on item  (cost=0.00..16906.00 rows=33517 width=12) (actual time=0.029..116.924 rows=33627 loops=1)
                                       Filter: (i_category = 'Shoes'::bpchar)
                                       Rows Removed by Filter: 170373
                                       Buffers: shared hit=14143 read=213
                     ->  Index Scan using customer_pkey on customer  (cost=0.43..7.65 rows=1 width=8) (actual time=0.019..0.019 rows=0 loops=206223)
                           Index Cond: (c_customer_sk = store_sales.ss_customer_sk)
                           Filter: (c_birth_month = 3)
                           Rows Removed by Filter: 1
                           Buffers: shared hit=814710 read=302
               ->  Index Scan using customer_address_pkey on customer_address  (cost=0.42..7.65 rows=1 width=15) (actual time=0.020..0.020 rows=0 loops=11491)
                     Index Cond: (ca_address_sk = customer.c_current_addr_sk)
                     Filter: (ca_state = 'CO'::bpchar)
                     Rows Removed by Filter: 1
                     Buffers: shared hit=42541 read=3423
         ->  Hash  (cost=22.02..22.02 rows=402 width=15) (actual time=1.651..1.652 rows=402 loops=1)
               Buckets: 1024  Batches: 1  Memory Usage: 27kB
               Buffers: shared hit=17 read=1
               ->  Seq Scan on store  (cost=0.00..22.02 rows=402 width=15) (actual time=0.037..1.453 rows=402 loops=1)
                     Buffers: shared hit=17 read=1
 Planning:
   Buffers: shared hit=460
 Planning Time: 5.649 ms
 Execution Time: 80713.021 ms
(54 rows)

