                                                                             QUERY PLAN                                                                              
---------------------------------------------------------------------------------------------------------------------------------------------------------------------
 Aggregate  (cost=9721515.12..9721515.13 rows=1 width=40) (actual time=87749.435..87749.441 rows=1 loops=1)
   Buffers: shared hit=2056809 read=5140295
   ->  Nested Loop  (cost=2571.53..9721515.11 rows=1 width=14) (actual time=59014.051..87749.381 rows=21 loops=1)
         Join Filter: ("substring"((customer_address.ca_zip)::text, 1, 5) <> "substring"((store.s_zip)::text, 1, 5))
         Buffers: shared hit=2056809 read=5140295
         ->  Nested Loop  (cost=2571.38..9721509.37 rows=1 width=29) (actual time=59014.017..87747.979 rows=21 loops=1)
               Buffers: shared hit=2056767 read=5140295
               ->  Nested Loop  (cost=2570.96..9721318.48 rows=25 width=25) (actual time=57640.002..87730.685 rows=571 loops=1)
                     Buffers: shared hit=2054483 read=5140295
                     ->  Nested Loop  (cost=2570.54..9714210.01 rows=929 width=18) (actual time=57507.498..87036.961 rows=27309 loops=1)
                           Buffers: shared hit=1953691 read=5131851
                           ->  Hash Join  (cost=2570.11..9591031.83 rows=16101 width=18) (actual time=57507.360..75737.339 rows=485586 loops=1)
                                 Hash Cond: (store_sales.ss_sold_date_sk = date_dim.d_date_sk)
                                 Buffers: shared hit=35249 read=5131777
                                 ->  Seq Scan on store_sales  (cost=0.00..9485539.52 rows=39206286 width=22) (actual time=0.636..73052.090 rows=39350281 loops=1)
                                       Filter: ((ss_wholesale_cost >= '29'::numeric) AND (ss_wholesale_cost <= '49'::numeric))
                                       Rows Removed by Filter: 248646743
                                       Buffers: shared hit=34002 read=5131550
                                 ->  Hash  (cost=2569.73..2569.73 rows=30 width=4) (actual time=21.978..21.980 rows=31 loops=1)
                                       Buckets: 1024  Batches: 1  Memory Usage: 10kB
                                       Buffers: shared hit=1247 read=227
                                       ->  Seq Scan on date_dim  (cost=0.00..2569.73 rows=30 width=4) (actual time=13.094..21.966 rows=31 loops=1)
                                             Filter: ((d_year = 2002) AND (d_moy = 5))
                                             Rows Removed by Filter: 73018
                                             Buffers: shared hit=1247 read=227
                           ->  Index Scan using customer_pkey on customer  (cost=0.43..7.65 rows=1 width=8) (actual time=0.023..0.023 rows=0 loops=485586)
                                 Index Cond: (c_customer_sk = store_sales.ss_customer_sk)
                                 Filter: (c_birth_month = 3)
                                 Rows Removed by Filter: 1
                                 Buffers: shared hit=1918442 read=74
                     ->  Index Scan using customer_address_pkey on customer_address  (cost=0.42..7.65 rows=1 width=15) (actual time=0.025..0.025 rows=0 loops=27309)
                           Index Cond: (ca_address_sk = customer.c_current_addr_sk)
                           Filter: (ca_state = 'MN'::bpchar)
                           Rows Removed by Filter: 1
                           Buffers: shared hit=100792 read=8444
               ->  Index Scan using item_pkey on item  (cost=0.42..7.64 rows=1 width=12) (actual time=0.030..0.030 rows=0 loops=571)
                     Index Cond: (i_item_sk = store_sales.ss_item_sk)
                     Filter: (i_category = 'Women'::bpchar)
                     Rows Removed by Filter: 1
                     Buffers: shared hit=2284
         ->  Index Scan using store_pkey on store  (cost=0.15..5.72 rows=1 width=15) (actual time=0.060..0.060 rows=1 loops=21)
               Index Cond: (s_store_sk = store_sales.ss_store_sk)
               Buffers: shared hit=42
 Planning:
   Buffers: shared hit=460
 Planning Time: 4.809 ms
 Execution Time: 87750.065 ms
(47 rows)

