                                                                            QUERY PLAN                                                                            
------------------------------------------------------------------------------------------------------------------------------------------------------------------
 Aggregate  (cost=9741211.11..9741211.12 rows=1 width=40) (actual time=80276.362..80276.367 rows=1 loops=1)
   Buffers: shared hit=612794 read=5127244
   ->  Nested Loop  (cost=20007.26..9741211.10 rows=2 width=14) (actual time=10018.299..80276.309 rows=28 loops=1)
         Join Filter: ("substring"((customer_address.ca_zip)::text, 1, 5) <> "substring"((store.s_zip)::text, 1, 5))
         Rows Removed by Join Filter: 2
         Buffers: shared hit=612794 read=5127244
         ->  Nested Loop  (cost=20007.11..9741199.61 rows=2 width=29) (actual time=10018.266..80275.924 rows=30 loops=1)
               Buffers: shared hit=612734 read=5127244
               ->  Nested Loop  (cost=20006.69..9740563.28 rows=83 width=22) (actual time=9337.222..80231.767 rows=1976 loops=1)
                     Buffers: shared hit=605322 read=5126752
                     ->  Hash Join  (cost=20006.26..9693750.92 rows=6119 width=22) (actual time=9321.776..77292.076 rows=139363 loops=1)
                           Hash Cond: (store_sales.ss_item_sk = item.i_item_sk)
                           Buffers: shared hit=54666 read=5126716
                           ->  Hash Join  (cost=2570.11..9676237.51 rows=29431 width=18) (actual time=9207.224..77067.778 rows=389318 loops=1)
                                 Hash Cond: (store_sales.ss_sold_date_sk = date_dim.d_date_sk)
                                 Buffers: shared hit=40519 read=5126507
                                 ->  Seq Scan on store_sales  (cost=0.00..9485539.52 rows=71663793 width=22) (actual time=0.043..72784.930 rows=71083444 loops=1)
                                       Filter: ((ss_wholesale_cost >= '50'::numeric) AND (ss_wholesale_cost <= '70'::numeric))
                                       Rows Removed by Filter: 216913580
                                       Buffers: shared hit=39045 read=5126507
                                 ->  Hash  (cost=2569.73..2569.73 rows=30 width=4) (actual time=19.245..19.246 rows=30 loops=1)
                                       Buckets: 1024  Batches: 1  Memory Usage: 10kB
                                       Buffers: shared hit=1474
                                       ->  Seq Scan on date_dim  (cost=0.00..2569.73 rows=30 width=4) (actual time=10.810..19.235 rows=30 loops=1)
                                             Filter: ((d_year = 1998) AND (d_moy = 9))
                                             Rows Removed by Filter: 73019
                                             Buffers: shared hit=1474
                           ->  Hash  (cost=16906.00..16906.00 rows=42412 width=12) (actual time=114.319..114.320 rows=42041 loops=1)
                                 Buckets: 65536  Batches: 1  Memory Usage: 2319kB
                                 Buffers: shared hit=14147 read=209
                                 ->  Seq Scan on item  (cost=0.00..16906.00 rows=42412 width=12) (actual time=0.019..108.199 rows=42041 loops=1)
                                       Filter: (i_category = 'Electronics'::bpchar)
                                       Rows Removed by Filter: 161959
                                       Buffers: shared hit=14147 read=209
                     ->  Index Scan using customer_pkey on customer  (cost=0.43..7.65 rows=1 width=8) (actual time=0.021..0.021 rows=0 loops=139363)
                           Index Cond: (c_customer_sk = store_sales.ss_customer_sk)
                           Filter: (c_birth_month = 5)
                           Rows Removed by Filter: 1
                           Buffers: shared hit=550656 read=36
               ->  Index Scan using customer_address_pkey on customer_address  (cost=0.42..7.67 rows=1 width=15) (actual time=0.022..0.022 rows=0 loops=1976)
                     Index Cond: (ca_address_sk = customer.c_current_addr_sk)
                     Filter: (ca_state = 'MI'::bpchar)
                     Rows Removed by Filter: 1
                     Buffers: shared hit=7412 read=492
         ->  Index Scan using store_pkey on store  (cost=0.15..5.72 rows=1 width=15) (actual time=0.008..0.008 rows=1 loops=30)
               Index Cond: (s_store_sk = store_sales.ss_store_sk)
               Buffers: shared hit=60
 Planning:
   Buffers: shared hit=460
 Planning Time: 4.500 ms
 Execution Time: 80276.850 ms
(51 rows)

