                                                                            QUERY PLAN                                                                            
------------------------------------------------------------------------------------------------------------------------------------------------------------------
 Aggregate  (cost=9755442.41..9755442.42 rows=1 width=40) (actual time=81282.664..81282.669 rows=1 loops=1)
   Buffers: shared hit=309813 read=5125001
   ->  Nested Loop  (cost=17044.75..9755442.41 rows=1 width=14) (actual time=20550.582..81282.608 rows=29 loops=1)
         Join Filter: ("substring"((customer_address.ca_zip)::text, 1, 5) <> "substring"((store.s_zip)::text, 1, 5))
         Buffers: shared hit=309813 read=5125001
         ->  Nested Loop  (cost=17044.61..9755436.66 rows=1 width=29) (actual time=20550.552..81282.286 rows=29 loops=1)
               Buffers: shared hit=309755 read=5125001
               ->  Nested Loop  (cost=17044.18..9755115.14 rows=42 width=22) (actual time=20454.329..81248.655 rows=2052 loops=1)
                     Buffers: shared hit=303027 read=5123521
                     ->  Nested Loop  (cost=17043.75..9745108.50 rows=1308 width=22) (actual time=20452.011..80459.325 rows=60838 loops=1)
                           Buffers: shared hit=66405 read=5119707
                           ->  Hash Join  (cost=17043.45..9652676.85 rows=3081976 width=26) (actual time=118.448..79520.762 rows=3272944 loops=1)
                                 Hash Cond: (store_sales.ss_item_sk = item.i_item_sk)
                                 Buffers: shared hit=60201 read=5119707
                                 ->  Seq Scan on store_sales  (cost=0.00..9485539.52 rows=57177434 width=22) (actual time=0.032..73141.800 rows=56890659 loops=1)
                                       Filter: ((ss_wholesale_cost >= '41'::numeric) AND (ss_wholesale_cost <= '61'::numeric))
                                       Rows Removed by Filter: 231106365
                                       Buffers: shared hit=45845 read=5119707
                                 ->  Hash  (cost=16906.00..16906.00 rows=10996 width=12) (actual time=118.325..118.325 rows=11037 loops=1)
                                       Buckets: 16384  Batches: 1  Memory Usage: 603kB
                                       Buffers: shared hit=14356
                                       ->  Seq Scan on item  (cost=0.00..16906.00 rows=10996 width=12) (actual time=0.054..116.378 rows=11037 loops=1)
                                             Filter: (i_category = 'Women'::bpchar)
                                             Rows Removed by Filter: 192963
                                             Buffers: shared hit=14356
                           ->  Memoize  (cost=0.30..7.51 rows=1 width=4) (actual time=0.000..0.000 rows=0 loops=3272944)
                                 Cache Key: store_sales.ss_sold_date_sk
                                 Cache Mode: logical
                                 Hits: 3270875  Misses: 2069  Evictions: 0  Overflows: 0  Memory Usage: 139kB
                                 Buffers: shared hit=6204
                                 ->  Index Scan using date_dim_pkey on date_dim  (cost=0.29..7.50 rows=1 width=4) (actual time=0.015..0.015 rows=0 loops=2069)
                                       Index Cond: (d_date_sk = store_sales.ss_sold_date_sk)
                                       Filter: ((d_year = 1999) AND (d_moy = 7))
                                       Rows Removed by Filter: 1
                                       Buffers: shared hit=6204
                     ->  Index Scan using customer_pkey on customer  (cost=0.43..7.65 rows=1 width=8) (actual time=0.013..0.013 rows=0 loops=60838)
                           Index Cond: (c_customer_sk = store_sales.ss_customer_sk)
                           Filter: (c_birth_month = 6)
                           Rows Removed by Filter: 1
                           Buffers: shared hit=236622 read=3814
               ->  Index Scan using customer_address_pkey on customer_address  (cost=0.42..7.66 rows=1 width=15) (actual time=0.016..0.016 rows=0 loops=2052)
                     Index Cond: (ca_address_sk = customer.c_current_addr_sk)
                     Filter: (ca_state = 'CO'::bpchar)
                     Rows Removed by Filter: 1
                     Buffers: shared hit=6728 read=1480
         ->  Index Scan using store_pkey on store  (cost=0.15..5.72 rows=1 width=15) (actual time=0.006..0.006 rows=1 loops=29)
               Index Cond: (s_store_sk = store_sales.ss_store_sk)
               Buffers: shared hit=58
 Planning:
   Buffers: shared hit=460
 Planning Time: 2.055 ms
 Execution Time: 81282.994 ms
(52 rows)

