                                                                             QUERY PLAN                                                                              
---------------------------------------------------------------------------------------------------------------------------------------------------------------------
 Aggregate  (cost=9686809.07..9686809.08 rows=1 width=40) (actual time=86528.658..86528.663 rows=1 loops=1)
   Buffers: shared hit=1956131 read=5153005
   ->  Nested Loop  (cost=2571.53..9686809.04 rows=4 width=14) (actual time=18065.378..86528.426 rows=138 loops=1)
         Join Filter: ("substring"((customer_address.ca_zip)::text, 1, 5) <> "substring"((store.s_zip)::text, 1, 5))
         Rows Removed by Join Filter: 1
         Buffers: shared hit=1956131 read=5153005
         ->  Nested Loop  (cost=2571.38..9686786.07 rows=4 width=29) (actual time=18065.346..86526.554 rows=139 loops=1)
               Buffers: shared hit=1955856 read=5153002
               ->  Nested Loop  (cost=2570.96..9686648.63 rows=18 width=25) (actual time=17989.670..86515.517 rows=376 loops=1)
                     Buffers: shared hit=1954566 read=5152788
                     ->  Nested Loop  (cost=2570.54..9681490.81 rows=674 width=18) (actual time=17956.497..85957.170 rows=21829 loops=1)
                           Buffers: shared hit=1874209 read=5145829
                           ->  Hash Join  (cost=2570.11..9576137.85 rows=13771 width=18) (actual time=17955.912..75179.583 rows=469023 loops=1)
                                 Hash Cond: (store_sales.ss_sold_date_sk = date_dim.d_date_sk)
                                 Buffers: shared hit=31002 read=5136024
                                 ->  Seq Scan on store_sales  (cost=0.00..9485539.52 rows=33532703 width=22) (actual time=0.061..72870.413 rows=33748947 loops=1)
                                       Filter: ((ss_wholesale_cost >= '33'::numeric) AND (ss_wholesale_cost <= '53'::numeric))
                                       Rows Removed by Filter: 254248077
                                       Buffers: shared hit=29528 read=5136024
                                 ->  Hash  (cost=2569.73..2569.73 rows=30 width=4) (actual time=23.455..23.455 rows=30 loops=1)
                                       Buckets: 1024  Batches: 1  Memory Usage: 10kB
                                       Buffers: shared hit=1474
                                       ->  Seq Scan on date_dim  (cost=0.00..2569.73 rows=30 width=4) (actual time=11.437..23.440 rows=30 loops=1)
                                             Filter: ((d_year = 1999) AND (d_moy = 6))
                                             Rows Removed by Filter: 73019
                                             Buffers: shared hit=1474
                           ->  Index Scan using customer_pkey on customer  (cost=0.43..7.65 rows=1 width=8) (actual time=0.023..0.023 rows=0 loops=469023)
                                 Index Cond: (c_customer_sk = store_sales.ss_customer_sk)
                                 Filter: (c_birth_month = 7)
                                 Rows Removed by Filter: 1
                                 Buffers: shared hit=1843207 read=9805
                     ->  Index Scan using customer_address_pkey on customer_address  (cost=0.42..7.65 rows=1 width=15) (actual time=0.025..0.025 rows=0 loops=21829)
                           Index Cond: (ca_address_sk = customer.c_current_addr_sk)
                           Filter: (ca_state = 'IN'::bpchar)
                           Rows Removed by Filter: 1
                           Buffers: shared hit=80357 read=6959
               ->  Index Scan using item_pkey on item  (cost=0.42..7.64 rows=1 width=12) (actual time=0.028..0.028 rows=0 loops=376)
                     Index Cond: (i_item_sk = store_sales.ss_item_sk)
                     Filter: (i_category = 'Electronics'::bpchar)
                     Rows Removed by Filter: 1
                     Buffers: shared hit=1290 read=214
         ->  Index Scan using store_pkey on store  (cost=0.15..5.72 rows=1 width=15) (actual time=0.008..0.008 rows=1 loops=139)
               Index Cond: (s_store_sk = store_sales.ss_store_sk)
               Buffers: shared hit=275 read=3
 Planning:
   Buffers: shared hit=460
 Planning Time: 4.782 ms
 Execution Time: 86529.165 ms
(48 rows)

