                                                                            QUERY PLAN                                                                            
------------------------------------------------------------------------------------------------------------------------------------------------------------------
 Aggregate  (cost=9645183.31..9645183.32 rows=1 width=40) (actual time=70304.453..70304.459 rows=1 loops=1)
   Buffers: shared hit=189137 read=5134351
   ->  Hash Join  (cost=19817.15..9645183.23 rows=11 width=14) (actual time=52787.402..70304.364 rows=70 loops=1)
         Hash Cond: (store_sales.ss_store_sk = store.s_store_sk)
         Join Filter: ("substring"((customer_address.ca_zip)::text, 1, 5) <> "substring"((store.s_zip)::text, 1, 5))
         Rows Removed by Join Filter: 3
         Buffers: shared hit=189137 read=5134351
         ->  Nested Loop  (cost=19790.10..9645156.16 rows=11 width=29) (actual time=52786.613..70303.395 rows=73 loops=1)
               Buffers: shared hit=189120 read=5134350
               ->  Nested Loop  (cost=19789.68..9643427.30 rows=226 width=22) (actual time=52786.558..70248.685 rows=3275 loops=1)
                     Buffers: shared hit=177505 read=5132865
                     ->  Hash Join  (cost=19789.25..9625739.71 rows=2312 width=22) (actual time=52786.459..69795.589 rows=32637 loops=1)
                           Hash Cond: (store_sales.ss_item_sk = item.i_item_sk)
                           Buffers: shared hit=48565 read=5132817
                           ->  Hash Join  (cost=2570.11..9608471.14 rows=18830 width=18) (actual time=52666.936..69615.200 rows=367982 loops=1)
                                 Hash Cond: (store_sales.ss_sold_date_sk = date_dim.d_date_sk)
                                 Buffers: shared hit=45861 read=5121165
                                 ->  Seq Scan on store_sales  (cost=0.00..9485539.52 rows=45849467 width=22) (actual time=0.032..66692.068 rows=46160898 loops=1)
                                       Filter: ((ss_wholesale_cost >= '80'::numeric) AND (ss_wholesale_cost <= '100'::numeric))
                                       Rows Removed by Filter: 241836126
                                       Buffers: shared hit=44387 read=5121165
                                 ->  Hash  (cost=2569.73..2569.73 rows=30 width=4) (actual time=18.767..18.768 rows=30 loops=1)
                                       Buckets: 1024  Batches: 1  Memory Usage: 10kB
                                       Buffers: shared hit=1474
                                       ->  Seq Scan on date_dim  (cost=0.00..2569.73 rows=30 width=4) (actual time=10.166..18.759 rows=30 loops=1)
                                             Filter: ((d_year = 2002) AND (d_moy = 4))
                                             Rows Removed by Filter: 73019
                                             Buffers: shared hit=1474
                           ->  Hash  (cost=16906.00..16906.00 rows=25051 width=12) (actual time=119.340..119.340 rows=24688 loops=1)
                                 Buckets: 32768  Batches: 1  Memory Usage: 1317kB
                                 Buffers: shared hit=2704 read=11652
                                 ->  Seq Scan on item  (cost=0.00..16906.00 rows=25051 width=12) (actual time=0.011..114.514 rows=24688 loops=1)
                                       Filter: (i_category = 'Books'::bpchar)
                                       Rows Removed by Filter: 179312
                                       Buffers: shared hit=2704 read=11652
                     ->  Index Scan using customer_pkey on customer  (cost=0.43..7.65 rows=1 width=8) (actual time=0.014..0.014 rows=0 loops=32637)
                           Index Cond: (c_customer_sk = store_sales.ss_customer_sk)
                           Filter: (c_birth_month = 2)
                           Rows Removed by Filter: 1
                           Buffers: shared hit=128940 read=48
               ->  Index Scan using customer_address_pkey on customer_address  (cost=0.42..7.65 rows=1 width=15) (actual time=0.016..0.016 rows=0 loops=3275)
                     Index Cond: (ca_address_sk = customer.c_current_addr_sk)
                     Filter: (ca_state = 'VA'::bpchar)
                     Rows Removed by Filter: 1
                     Buffers: shared hit=11615 read=1485
         ->  Hash  (cost=22.02..22.02 rows=402 width=15) (actual time=0.759..0.759 rows=402 loops=1)
               Buckets: 1024  Batches: 1  Memory Usage: 27kB
               Buffers: shared hit=17 read=1
               ->  Seq Scan on store  (cost=0.00..22.02 rows=402 width=15) (actual time=0.029..0.624 rows=402 loops=1)
                     Buffers: shared hit=17 read=1
 Planning:
   Buffers: shared hit=460
 Planning Time: 4.629 ms
 Execution Time: 70304.992 ms
(54 rows)

