                                                                            QUERY PLAN                                                                            
------------------------------------------------------------------------------------------------------------------------------------------------------------------
 Aggregate  (cost=9684726.83..9684726.84 rows=1 width=40) (actual time=100574.131..100574.137 rows=1 loops=1)
   Buffers: shared hit=4158098 read=5138172
   ->  Nested Loop  (cost=2571.54..9684726.81 rows=2 width=14) (actual time=48480.436..100573.738 rows=165 loops=1)
         Join Filter: ("substring"((customer_address.ca_zip)::text, 1, 5) <> "substring"((store.s_zip)::text, 1, 5))
         Rows Removed by Join Filter: 5
         Buffers: shared hit=4158098 read=5138172
         ->  Nested Loop  (cost=2571.39..9684715.32 rows=2 width=29) (actual time=48479.980..100570.758 rows=171 loops=1)
               Buffers: shared hit=4157761 read=5138169
               ->  Nested Loop  (cost=2570.97..9684141.55 rows=75 width=22) (actual time=48428.261..100311.817 rows=8459 loops=1)
                     Buffers: shared hit=4128110 read=5133984
                     ->  Nested Loop  (cost=2570.54..9677309.79 rows=893 width=22) (actual time=48428.238..97823.767 rows=103760 loops=1)
                           Buffers: shared hit=3718191 read=5133939
                           ->  Hash Join  (cost=2570.12..9572786.09 rows=13689 width=18) (actual time=48428.033..76373.890 rows=921276 loops=1)
                                 Hash Cond: (store_sales.ss_sold_date_sk = date_dim.d_date_sk)
                                 Buffers: shared hit=36239 read=5130787
                                 ->  Seq Scan on store_sales  (cost=0.00..9485539.52 rows=32255907 width=22) (actual time=0.326..73986.026 rows=32336064 loops=1)
                                       Filter: ((ss_wholesale_cost >= '19'::numeric) AND (ss_wholesale_cost <= '39'::numeric))
                                       Rows Removed by Filter: 255660960
                                       Buffers: shared hit=34765 read=5130787
                                 ->  Hash  (cost=2569.73..2569.73 rows=31 width=4) (actual time=21.870..21.871 rows=31 loops=1)
                                       Buckets: 1024  Batches: 1  Memory Usage: 10kB
                                       Buffers: shared hit=1474
                                       ->  Seq Scan on date_dim  (cost=0.00..2569.73 rows=31 width=4) (actual time=10.673..21.853 rows=31 loops=1)
                                             Filter: ((d_year = 2001) AND (d_moy = 7))
                                             Rows Removed by Filter: 73018
                                             Buffers: shared hit=1474
                           ->  Index Scan using item_pkey on item  (cost=0.42..7.64 rows=1 width=12) (actual time=0.023..0.023 rows=0 loops=921276)
                                 Index Cond: (i_item_sk = store_sales.ss_item_sk)
                                 Filter: (i_category = 'Men'::bpchar)
                                 Rows Removed by Filter: 1
                                 Buffers: shared hit=3681952 read=3152
                     ->  Index Scan using customer_pkey on customer  (cost=0.43..7.65 rows=1 width=8) (actual time=0.024..0.024 rows=0 loops=103760)
                           Index Cond: (c_customer_sk = store_sales.ss_customer_sk)
                           Filter: (c_birth_month = 11)
                           Rows Removed by Filter: 1
                           Buffers: shared hit=409919 read=45
               ->  Index Scan using customer_address_pkey on customer_address  (cost=0.42..7.65 rows=1 width=15) (actual time=0.030..0.030 rows=0 loops=8459)
                     Index Cond: (ca_address_sk = customer.c_current_addr_sk)
                     Filter: (ca_state = 'NC'::bpchar)
                     Rows Removed by Filter: 1
                     Buffers: shared hit=29651 read=4185
         ->  Index Scan using store_pkey on store  (cost=0.15..5.72 rows=1 width=15) (actual time=0.011..0.011 rows=1 loops=171)
               Index Cond: (s_store_sk = store_sales.ss_store_sk)
               Buffers: shared hit=337 read=3
 Planning:
   Buffers: shared hit=460
 Planning Time: 3.179 ms
 Execution Time: 100574.519 ms
(48 rows)

