                                                                            QUERY PLAN                                                                            
------------------------------------------------------------------------------------------------------------------------------------------------------------------
 Aggregate  (cost=9732398.09..9732398.10 rows=1 width=40) (actual time=80849.294..80849.301 rows=1 loops=1)
   Buffers: shared hit=751286 read=5128274
   ->  Nested Loop  (cost=19896.08..9732398.09 rows=1 width=14) (actual time=57619.501..80849.222 rows=35 loops=1)
         Join Filter: ("substring"((customer_address.ca_zip)::text, 1, 5) <> "substring"((store.s_zip)::text, 1, 5))
         Buffers: shared hit=751286 read=5128274
         ->  Nested Loop  (cost=19895.94..9732392.34 rows=1 width=29) (actual time=57619.478..80848.787 rows=35 loops=1)
               Buffers: shared hit=751217 read=5128273
               ->  Nested Loop  (cost=19895.51..9731871.01 rows=68 width=22) (actual time=57496.652..80795.176 rows=2301 loops=1)
                     Buffers: shared hit=742618 read=5127668
                     ->  Hash Join  (cost=19895.08..9693642.32 rows=4997 width=22) (actual time=57493.787..77285.489 rows=174274 loops=1)
                           Hash Cond: (store_sales.ss_item_sk = item.i_item_sk)
                           Buffers: shared hit=53824 read=5127558
                           ->  Hash Join  (cost=2570.12..9676237.52 rows=30412 width=18) (actual time=57385.491..77011.071 rows=729334 loops=1)
                                 Hash Cond: (store_sales.ss_sold_date_sk = date_dim.d_date_sk)
                                 Buffers: shared hit=39714 read=5127312
                                 ->  Seq Scan on store_sales  (cost=0.00..9485539.52 rows=71663793 width=22) (actual time=0.541..72661.460 rows=71083444 loops=1)
                                       Filter: ((ss_wholesale_cost >= '50'::numeric) AND (ss_wholesale_cost <= '70'::numeric))
                                       Rows Removed by Filter: 216913580
                                       Buffers: shared hit=38240 read=5127312
                                 ->  Hash  (cost=2569.73..2569.73 rows=31 width=4) (actual time=29.932..29.933 rows=31 loops=1)
                                       Buckets: 1024  Batches: 1  Memory Usage: 10kB
                                       Buffers: shared hit=1474
                                       ->  Seq Scan on date_dim  (cost=0.00..2569.73 rows=31 width=4) (actual time=17.810..29.919 rows=31 loops=1)
                                             Filter: ((d_year = 2002) AND (d_moy = 3))
                                             Rows Removed by Filter: 73018
                                             Buffers: shared hit=1474
                           ->  Hash  (cost=16906.00..16906.00 rows=33517 width=12) (actual time=108.072..108.073 rows=33627 loops=1)
                                 Buckets: 65536  Batches: 1  Memory Usage: 1957kB
                                 Buffers: shared hit=14110 read=246
                                 ->  Seq Scan on item  (cost=0.00..16906.00 rows=33517 width=12) (actual time=0.027..102.997 rows=33627 loops=1)
                                       Filter: (i_category = 'Shoes'::bpchar)
                                       Rows Removed by Filter: 170373
                                       Buffers: shared hit=14110 read=246
                     ->  Index Scan using customer_pkey on customer  (cost=0.43..7.65 rows=1 width=8) (actual time=0.020..0.020 rows=0 loops=174274)
                           Index Cond: (c_customer_sk = store_sales.ss_customer_sk)
                           Filter: (c_birth_month = 5)
                           Rows Removed by Filter: 1
                           Buffers: shared hit=688794 read=110
               ->  Index Scan using customer_address_pkey on customer_address  (cost=0.42..7.67 rows=1 width=15) (actual time=0.023..0.023 rows=0 loops=2301)
                     Index Cond: (ca_address_sk = customer.c_current_addr_sk)
                     Filter: (ca_state = 'ID'::bpchar)
                     Rows Removed by Filter: 1
                     Buffers: shared hit=8599 read=605
         ->  Index Scan using store_pkey on store  (cost=0.15..5.72 rows=1 width=15) (actual time=0.007..0.007 rows=1 loops=35)
               Index Cond: (s_store_sk = store_sales.ss_store_sk)
               Buffers: shared hit=69 read=1
 Planning:
   Buffers: shared hit=460
 Planning Time: 5.473 ms
 Execution Time: 80849.908 ms
(50 rows)

