                                                                             QUERY PLAN                                                                              
---------------------------------------------------------------------------------------------------------------------------------------------------------------------
 Aggregate  (cost=9752876.64..9752876.65 rows=1 width=40) (actual time=85994.677..85994.682 rows=1 loops=1)
   Buffers: shared hit=1620365 read=5129287
   ->  Nested Loop  (cost=2571.52..9752876.63 rows=2 width=14) (actual time=54368.610..85994.563 rows=45 loops=1)
         Join Filter: ("substring"((customer_address.ca_zip)::text, 1, 5) <> "substring"((store.s_zip)::text, 1, 5))
         Rows Removed by Join Filter: 2
         Buffers: shared hit=1620365 read=5129287
         ->  Nested Loop  (cost=2571.37..9752865.14 rows=2 width=29) (actual time=54368.575..85992.771 rows=47 loops=1)
               Buffers: shared hit=1620271 read=5129287
               ->  Nested Loop  (cost=2570.95..9752636.07 rows=30 width=25) (actual time=54245.915..85977.056 rows=404 loops=1)
                     Buffers: shared hit=1618822 read=5129120
                     ->  Nested Loop  (cost=2570.52..9745871.22 rows=884 width=18) (actual time=54189.024..85533.336 rows=17826 loops=1)
                           Buffers: shared hit=1550663 read=5125975
                           ->  Hash Join  (cost=2570.10..9607614.29 rows=18072 width=18) (actual time=54187.527..76358.350 rows=382022 loops=1)
                                 Hash Cond: (store_sales.ss_sold_date_sk = date_dim.d_date_sk)
                                 Buffers: shared hit=41464 read=5125562
                                 ->  Seq Scan on store_sales  (cost=0.00..9485539.52 rows=45523068 width=22) (actual time=1.071..73367.371 rows=45442997 loops=1)
                                       Filter: ((ss_wholesale_cost >= '36'::numeric) AND (ss_wholesale_cost <= '56'::numeric))
                                       Rows Removed by Filter: 242554027
                                       Buffers: shared hit=39990 read=5125562
                                 ->  Hash  (cost=2569.73..2569.73 rows=29 width=4) (actual time=22.845..22.846 rows=30 loops=1)
                                       Buckets: 1024  Batches: 1  Memory Usage: 10kB
                                       Buffers: shared hit=1474
                                       ->  Seq Scan on date_dim  (cost=0.00..2569.73 rows=29 width=4) (actual time=12.247..22.826 rows=30 loops=1)
                                             Filter: ((d_year = 2001) AND (d_moy = 11))
                                             Rows Removed by Filter: 73019
                                             Buffers: shared hit=1474
                           ->  Index Scan using customer_pkey on customer  (cost=0.43..7.65 rows=1 width=8) (actual time=0.024..0.024 rows=0 loops=382022)
                                 Index Cond: (c_customer_sk = store_sales.ss_customer_sk)
                                 Filter: (c_birth_month = 7)
                                 Rows Removed by Filter: 1
                                 Buffers: shared hit=1509199 read=413
                     ->  Index Scan using customer_address_pkey on customer_address  (cost=0.42..7.65 rows=1 width=15) (actual time=0.024..0.024 rows=0 loops=17826)
                           Index Cond: (ca_address_sk = customer.c_current_addr_sk)
                           Filter: (ca_state = 'KS'::bpchar)
                           Rows Removed by Filter: 1
                           Buffers: shared hit=68159 read=3145
               ->  Index Scan using item_pkey on item  (cost=0.42..7.64 rows=1 width=12) (actual time=0.038..0.038 rows=0 loops=404)
                     Index Cond: (i_item_sk = store_sales.ss_item_sk)
                     Filter: (i_category = 'Men'::bpchar)
                     Rows Removed by Filter: 1
                     Buffers: shared hit=1449 read=167
         ->  Index Scan using store_pkey on store  (cost=0.15..5.72 rows=1 width=15) (actual time=0.031..0.031 rows=1 loops=47)
               Index Cond: (s_store_sk = store_sales.ss_store_sk)
               Buffers: shared hit=94
 Planning:
   Buffers: shared hit=460
 Planning Time: 4.587 ms
 Execution Time: 85995.116 ms
(48 rows)

