                                                                            QUERY PLAN                                                                            
------------------------------------------------------------------------------------------------------------------------------------------------------------------
 Aggregate  (cost=9625585.46..9625585.47 rows=1 width=40) (actual time=75143.350..75143.355 rows=1 loops=1)
   Buffers: shared hit=204043 read=5131627
   ->  Nested Loop  (cost=19811.93..9625585.43 rows=3 width=14) (actual time=52541.137..75143.323 rows=12 loops=1)
         Join Filter: ("substring"((customer_address.ca_zip)::text, 1, 5) <> "substring"((store.s_zip)::text, 1, 5))
         Buffers: shared hit=204043 read=5131627
         ->  Nested Loop  (cost=19811.79..9625568.21 rows=3 width=29) (actual time=52541.115..75143.177 rows=12 loops=1)
               Buffers: shared hit=204019 read=5131627
               ->  Nested Loop  (cost=19811.36..9625032.33 rows=70 width=22) (actual time=52497.540..75124.649 rows=1284 loops=1)
                     Buffers: shared hit=199374 read=5131136
                     ->  Hash Join  (cost=19810.93..9608316.33 rows=2185 width=22) (actual time=52497.355..74581.722 rows=37757 loops=1)
                           Hash Cond: (store_sales.ss_item_sk = item.i_item_sk)
                           Buffers: shared hit=50247 read=5131135
                           ->  Hash Join  (cost=2570.12..9591031.84 rows=16638 width=18) (actual time=52385.039..74413.177 rows=351431 loops=1)
                                 Hash Cond: (store_sales.ss_sold_date_sk = date_dim.d_date_sk)
                                 Buffers: shared hit=40115 read=5126911
                                 ->  Seq Scan on store_sales  (cost=0.00..9485539.52 rows=39206286 width=22) (actual time=0.381..71939.487 rows=39350281 loops=1)
                                       Filter: ((ss_wholesale_cost >= '28'::numeric) AND (ss_wholesale_cost <= '48'::numeric))
                                       Rows Removed by Filter: 248646743
                                       Buffers: shared hit=38641 read=5126911
                                 ->  Hash  (cost=2569.73..2569.73 rows=31 width=4) (actual time=19.546..19.547 rows=31 loops=1)
                                       Buckets: 1024  Batches: 1  Memory Usage: 10kB
                                       Buffers: shared hit=1474
                                       ->  Seq Scan on date_dim  (cost=0.00..2569.73 rows=31 width=4) (actual time=11.763..19.534 rows=31 loops=1)
                                             Filter: ((d_year = 2001) AND (d_moy = 10))
                                             Rows Removed by Filter: 73018
                                             Buffers: shared hit=1474
                           ->  Hash  (cost=16906.00..16906.00 rows=26785 width=12) (actual time=112.165..112.166 rows=26695 loops=1)
                                 Buckets: 32768  Batches: 1  Memory Usage: 1403kB
                                 Buffers: shared hit=10132 read=4224
                                 ->  Seq Scan on item  (cost=0.00..16906.00 rows=26785 width=12) (actual time=0.017..108.030 rows=26695 loops=1)
                                       Filter: (i_category = 'Children'::bpchar)
                                       Rows Removed by Filter: 177305
                                       Buffers: shared hit=10132 read=4224
                     ->  Index Scan using customer_pkey on customer  (cost=0.43..7.65 rows=1 width=8) (actual time=0.014..0.014 rows=0 loops=37757)
                           Index Cond: (c_customer_sk = store_sales.ss_customer_sk)
                           Filter: (c_birth_month = 6)
                           Rows Removed by Filter: 1
                           Buffers: shared hit=149127 read=1
               ->  Index Scan using customer_address_pkey on customer_address  (cost=0.42..7.66 rows=1 width=15) (actual time=0.014..0.014 rows=0 loops=1284)
                     Index Cond: (ca_address_sk = customer.c_current_addr_sk)
                     Filter: (ca_state = 'VA'::bpchar)
                     Rows Removed by Filter: 1
                     Buffers: shared hit=4645 read=491
         ->  Index Scan using store_pkey on store  (cost=0.15..5.72 rows=1 width=15) (actual time=0.007..0.007 rows=1 loops=12)
               Index Cond: (s_store_sk = store_sales.ss_store_sk)
               Buffers: shared hit=24
 Planning:
   Buffers: shared hit=460
 Planning Time: 3.959 ms
 Execution Time: 75143.800 ms
(50 rows)

