                                                                            QUERY PLAN                                                                            
------------------------------------------------------------------------------------------------------------------------------------------------------------------
 Aggregate  (cost=9772544.82..9772544.83 rows=1 width=40) (actual time=84350.983..84350.988 rows=1 loops=1)
   Buffers: shared hit=2333599 read=5130553
   ->  Nested Loop  (cost=2571.54..9772544.77 rows=7 width=14) (actual time=3705.012..84350.948 rows=10 loops=1)
         Join Filter: ("substring"((customer_address.ca_zip)::text, 1, 5) <> "substring"((store.s_zip)::text, 1, 5))
         Rows Removed by Join Filter: 1
         Buffers: shared hit=2333599 read=5130553
         ->  Nested Loop  (cost=2571.39..9772504.57 rows=7 width=29) (actual time=3704.977..84350.730 rows=11 loops=1)
               Buffers: shared hit=2333578 read=5130552
               ->  Nested Loop  (cost=2570.97..9771861.98 rows=84 width=22) (actual time=2706.752..84315.451 rows=1124 loops=1)
                     Buffers: shared hit=2329456 read=5130178
                     ->  Nested Loop  (cost=2570.55..9757323.81 rows=1904 width=18) (actual time=2701.895..83037.242 rows=51336 loops=1)
                           Buffers: shared hit=2124112 read=5130178
                           ->  Hash Join  (cost=2570.12..9608471.16 rows=19457 width=18) (actual time=2701.633..70608.483 rows=528364 loops=1)
                                 Hash Cond: (store_sales.ss_sold_date_sk = date_dim.d_date_sk)
                                 Buffers: shared hit=37627 read=5129399
                                 ->  Seq Scan on store_sales  (cost=0.00..9485539.52 rows=45849467 width=22) (actual time=0.623..67539.842 rows=46160898 loops=1)
                                       Filter: ((ss_wholesale_cost >= '80'::numeric) AND (ss_wholesale_cost <= '100'::numeric))
                                       Rows Removed by Filter: 241836126
                                       Buffers: shared hit=36280 read=5129272
                                 ->  Hash  (cost=2569.73..2569.73 rows=31 width=4) (actual time=30.700..30.701 rows=31 loops=1)
                                       Buckets: 1024  Batches: 1  Memory Usage: 10kB
                                       Buffers: shared hit=1347 read=127
                                       ->  Seq Scan on date_dim  (cost=0.00..2569.73 rows=31 width=4) (actual time=18.721..30.688 rows=31 loops=1)
                                             Filter: ((d_year = 1998) AND (d_moy = 3))
                                             Rows Removed by Filter: 73018
                                             Buffers: shared hit=1347 read=127
                           ->  Index Scan using customer_pkey on customer  (cost=0.43..7.65 rows=1 width=8) (actual time=0.023..0.023 rows=0 loops=528364)
                                 Index Cond: (c_customer_sk = store_sales.ss_customer_sk)
                                 Filter: (c_birth_month = 2)
                                 Rows Removed by Filter: 1
                                 Buffers: shared hit=2086485 read=779
                     ->  Index Scan using item_pkey on item  (cost=0.42..7.64 rows=1 width=12) (actual time=0.024..0.024 rows=0 loops=51336)
                           Index Cond: (i_item_sk = store_sales.ss_item_sk)
                           Filter: (i_category = 'Jewelry'::bpchar)
                           Rows Removed by Filter: 1
                           Buffers: shared hit=205344
               ->  Index Scan using customer_address_pkey on customer_address  (cost=0.42..7.65 rows=1 width=15) (actual time=0.031..0.031 rows=0 loops=1124)
                     Index Cond: (ca_address_sk = customer.c_current_addr_sk)
                     Filter: (ca_state = 'TX'::bpchar)
                     Rows Removed by Filter: 1
                     Buffers: shared hit=4122 read=374
         ->  Index Scan using store_pkey on store  (cost=0.15..5.72 rows=1 width=15) (actual time=0.012..0.012 rows=1 loops=11)
               Index Cond: (s_store_sk = store_sales.ss_store_sk)
               Buffers: shared hit=21 read=1
 Planning:
   Buffers: shared hit=460
 Planning Time: 5.354 ms
 Execution Time: 84351.495 ms
(48 rows)

