                                                                            QUERY PLAN                                                                            
------------------------------------------------------------------------------------------------------------------------------------------------------------------
 Aggregate  (cost=9687967.83..9687967.84 rows=1 width=40) (actual time=73338.693..73338.699 rows=1 loops=1)
   Buffers: shared hit=446197 read=5131479
   ->  Hash Join  (cost=19922.97..9687967.79 rows=5 width=14) (actual time=23083.792..73338.578 rows=63 loops=1)
         Hash Cond: (store_sales.ss_store_sk = store.s_store_sk)
         Join Filter: ("substring"((customer_address.ca_zip)::text, 1, 5) <> "substring"((store.s_zip)::text, 1, 5))
         Buffers: shared hit=446197 read=5131479
         ->  Nested Loop  (cost=19895.93..9687940.73 rows=5 width=29) (actual time=23083.130..73337.706 rows=63 loops=1)
               Buffers: shared hit=446179 read=5131479
               ->  Nested Loop  (cost=19895.50..9686226.74 rows=224 width=22) (actual time=23078.577..73214.254 rows=5491 loops=1)
                     Buffers: shared hit=427102 read=5128592
                     ->  Hash Join  (cost=19895.07..9656528.15 rows=3882 width=22) (actual time=23078.407..71474.226 rows=94638 loops=1)
                           Hash Cond: (store_sales.ss_item_sk = item.i_item_sk)
                           Buffers: shared hit=54177 read=5127205
                           ->  Hash Join  (cost=2570.11..9639141.16 rows=23628 width=18) (actual time=22977.023..71253.686 rows=655401 loops=1)
                                 Hash Cond: (store_sales.ss_sold_date_sk = date_dim.d_date_sk)
                                 Buffers: shared hit=40043 read=5126983
                                 ->  Seq Scan on store_sales  (cost=0.00..9485539.52 rows=57532634 width=22) (actual time=0.027..67669.595 rows=57752041 loops=1)
                                       Filter: ((ss_wholesale_cost >= '78'::numeric) AND (ss_wholesale_cost <= '98'::numeric))
                                       Rows Removed by Filter: 230244983
                                       Buffers: shared hit=38569 read=5126983
                                 ->  Hash  (cost=2569.73..2569.73 rows=30 width=4) (actual time=20.292..20.293 rows=31 loops=1)
                                       Buckets: 1024  Batches: 1  Memory Usage: 10kB
                                       Buffers: shared hit=1474
                                       ->  Seq Scan on date_dim  (cost=0.00..2569.73 rows=30 width=4) (actual time=11.442..20.281 rows=31 loops=1)
                                             Filter: ((d_year = 1999) AND (d_moy = 12))
                                             Rows Removed by Filter: 73018
                                             Buffers: shared hit=1474
                           ->  Hash  (cost=16906.00..16906.00 rows=33517 width=12) (actual time=101.139..101.140 rows=33627 loops=1)
                                 Buckets: 65536  Batches: 1  Memory Usage: 1957kB
                                 Buffers: shared hit=14134 read=222
                                 ->  Seq Scan on item  (cost=0.00..16906.00 rows=33517 width=12) (actual time=0.021..96.093 rows=33627 loops=1)
                                       Filter: (i_category = 'Shoes'::bpchar)
                                       Rows Removed by Filter: 170373
                                       Buffers: shared hit=14134 read=222
                     ->  Index Scan using customer_pkey on customer  (cost=0.43..7.65 rows=1 width=8) (actual time=0.018..0.018 rows=0 loops=94638)
                           Index Cond: (c_customer_sk = store_sales.ss_customer_sk)
                           Filter: (c_birth_month = 3)
                           Rows Removed by Filter: 1
                           Buffers: shared hit=372925 read=1387
               ->  Index Scan using customer_address_pkey on customer_address  (cost=0.42..7.65 rows=1 width=15) (actual time=0.022..0.022 rows=0 loops=5491)
                     Index Cond: (ca_address_sk = customer.c_current_addr_sk)
                     Filter: (ca_state = 'AR'::bpchar)
                     Rows Removed by Filter: 1
                     Buffers: shared hit=19077 read=2887
         ->  Hash  (cost=22.02..22.02 rows=402 width=15) (actual time=0.630..0.630 rows=402 loops=1)
               Buckets: 1024  Batches: 1  Memory Usage: 27kB
               Buffers: shared hit=18
               ->  Seq Scan on store  (cost=0.00..22.02 rows=402 width=15) (actual time=0.030..0.509 rows=402 loops=1)
                     Buffers: shared hit=18
 Planning:
   Buffers: shared hit=460
 Planning Time: 5.050 ms
 Execution Time: 73339.240 ms
(53 rows)

