                                                                            QUERY PLAN                                                                            
------------------------------------------------------------------------------------------------------------------------------------------------------------------
 Aggregate  (cost=9646418.41..9646418.42 rows=1 width=40) (actual time=76109.580..76109.585 rows=1 loops=1)
   Buffers: shared hit=200214 read=5127118
   ->  Nested Loop  (cost=19750.21..9646418.38 rows=4 width=14) (actual time=67344.468..76109.532 rows=27 loops=1)
         Join Filter: ("substring"((customer_address.ca_zip)::text, 1, 5) <> "substring"((store.s_zip)::text, 1, 5))
         Buffers: shared hit=200214 read=5127118
         ->  Nested Loop  (cost=19750.06..9646395.40 rows=4 width=29) (actual time=67344.450..76109.266 rows=27 loops=1)
               Buffers: shared hit=200160 read=5127118
               ->  Nested Loop  (cost=19749.64..9645760.14 rows=83 width=22) (actual time=67313.941..76086.997 rows=1422 loops=1)
                     Buffers: shared hit=195001 read=5126589
                     ->  Hash Join  (cost=19749.21..9629809.18 rows=2085 width=22) (actual time=67312.987..75665.264 rows=35496 loops=1)
                           Hash Cond: (store_sales.ss_item_sk = item.i_item_sk)
                           Buffers: shared hit=54795 read=5126587
                           ->  Hash Join  (cost=2570.11..9612578.97 rows=19472 width=18) (actual time=67215.068..75498.930 rows=495233 loops=1)
                                 Hash Cond: (store_sales.ss_sold_date_sk = date_dim.d_date_sk)
                                 Buffers: shared hit=40689 read=5126337
                                 ->  Seq Scan on store_sales  (cost=0.00..9485539.52 rows=47414263 width=22) (actual time=0.181..72509.750 rows=48370740 loops=1)
                                       Filter: ((ss_wholesale_cost >= '9'::numeric) AND (ss_wholesale_cost <= '29'::numeric))
                                       Rows Removed by Filter: 239626284
                                       Buffers: shared hit=39215 read=5126337
                                 ->  Hash  (cost=2569.73..2569.73 rows=30 width=4) (actual time=22.174..22.175 rows=31 loops=1)
                                       Buckets: 1024  Batches: 1  Memory Usage: 10kB
                                       Buffers: shared hit=1474
                                       ->  Seq Scan on date_dim  (cost=0.00..2569.73 rows=30 width=4) (actual time=12.785..22.160 rows=31 loops=1)
                                             Filter: ((d_year = 2002) AND (d_moy = 12))
                                             Rows Removed by Filter: 73018
                                             Buffers: shared hit=1474
                           ->  Hash  (cost=16906.00..16906.00 rows=21848 width=12) (actual time=97.764..97.764 rows=21811 loops=1)
                                 Buckets: 32768  Batches: 1  Memory Usage: 1193kB
                                 Buffers: shared hit=14106 read=250
                                 ->  Seq Scan on item  (cost=0.00..16906.00 rows=21848 width=12) (actual time=0.022..94.525 rows=21811 loops=1)
                                       Filter: (i_category = 'Sports'::bpchar)
                                       Rows Removed by Filter: 182189
                                       Buffers: shared hit=14106 read=250
                     ->  Index Scan using customer_pkey on customer  (cost=0.43..7.65 rows=1 width=8) (actual time=0.012..0.012 rows=0 loops=35496)
                           Index Cond: (c_customer_sk = store_sales.ss_customer_sk)
                           Filter: (c_birth_month = 9)
                           Rows Removed by Filter: 1
                           Buffers: shared hit=140206 read=2
               ->  Index Scan using customer_address_pkey on customer_address  (cost=0.42..7.65 rows=1 width=15) (actual time=0.015..0.015 rows=0 loops=1422)
                     Index Cond: (ca_address_sk = customer.c_current_addr_sk)
                     Filter: (ca_state = 'GA'::bpchar)
                     Rows Removed by Filter: 1
                     Buffers: shared hit=5159 read=529
         ->  Index Scan using store_pkey on store  (cost=0.15..5.72 rows=1 width=15) (actual time=0.006..0.006 rows=1 loops=27)
               Index Cond: (s_store_sk = store_sales.ss_store_sk)
               Buffers: shared hit=54
 Planning:
   Buffers: shared hit=460
 Planning Time: 4.721 ms
 Execution Time: 76110.108 ms
(50 rows)

